ARM GAS  /tmp/ccRzDhRJ.s 			page 1


   1              		.syntax unified
   2              		.cpu cortex-m4
   3              		.eabi_attribute 27, 3
   4              		.eabi_attribute 28, 1
   5              		.fpu fpv4-sp-d16
   6              		.eabi_attribute 20, 1
   7              		.eabi_attribute 21, 1
   8              		.eabi_attribute 23, 3
   9              		.eabi_attribute 24, 1
  10              		.eabi_attribute 25, 1
  11              		.eabi_attribute 26, 1
  12              		.eabi_attribute 30, 2
  13              		.eabi_attribute 34, 1
  14              		.eabi_attribute 18, 4
  15              		.thumb
  16              		.file	"adc.c"
  17              		.text
  18              	.Ltext0:
  19              		.cfi_sections	.debug_frame
  20              	.Letext0:
  21              		.file 1 "/opt/psas/x-tools/stm32f407/arm-psas-eabi/bin/../lib/gcc/arm-psas-eabi/4.7.2/../../../../
  22              		.file 2 "../../os/ports/common/ARMCMx/CMSIS/include/core_cm4.h"
  23              		.section	.debug_info,"",%progbits
  24              	.Ldebug_info0:
  25 0000 8C000000 		.4byte	0x8c
  26 0004 0200     		.2byte	0x2
  27 0006 00000000 		.4byte	.Ldebug_abbrev0
  28 000a 04       		.byte	0x4
  29 000b 01       		.uleb128 0x1
  30 000c 45000000 		.4byte	.LASF11
  31 0010 01       		.byte	0x1
  32 0011 21000000 		.4byte	.LASF12
  33 0015 AF000000 		.4byte	.LASF13
  34 0019 00000000 		.4byte	.Ldebug_line0
  35 001d 02       		.uleb128 0x2
  36 001e 04       		.byte	0x4
  37 001f 05       		.byte	0x5
  38 0020 696E7400 		.ascii	"int\000"
  39 0024 03       		.uleb128 0x3
  40 0025 04       		.byte	0x4
  41 0026 07       		.byte	0x7
  42 0027 38000000 		.4byte	.LASF0
  43 002b 03       		.uleb128 0x3
  44 002c 01       		.byte	0x1
  45 002d 06       		.byte	0x6
  46 002e A3000000 		.4byte	.LASF1
  47 0032 03       		.uleb128 0x3
  48 0033 01       		.byte	0x1
  49 0034 08       		.byte	0x8
  50 0035 7A000000 		.4byte	.LASF2
  51 0039 03       		.uleb128 0x3
  52 003a 02       		.byte	0x2
  53 003b 05       		.byte	0x5
  54 003c F9000000 		.4byte	.LASF3
  55 0040 03       		.uleb128 0x3
  56 0041 02       		.byte	0x2
  57 0042 07       		.byte	0x7
ARM GAS  /tmp/ccRzDhRJ.s 			page 2


  58 0043 0E000000 		.4byte	.LASF4
  59 0047 04       		.uleb128 0x4
  60 0048 03010000 		.4byte	.LASF14
  61 004c 01       		.byte	0x1
  62 004d 4F       		.byte	0x4f
  63 004e 52000000 		.4byte	0x52
  64 0052 03       		.uleb128 0x3
  65 0053 04       		.byte	0x4
  66 0054 05       		.byte	0x5
  67 0055 8D000000 		.4byte	.LASF5
  68 0059 03       		.uleb128 0x3
  69 005a 04       		.byte	0x4
  70 005b 07       		.byte	0x7
  71 005c 51000000 		.4byte	.LASF6
  72 0060 03       		.uleb128 0x3
  73 0061 08       		.byte	0x8
  74 0062 05       		.byte	0x5
  75 0063 00000000 		.4byte	.LASF7
  76 0067 03       		.uleb128 0x3
  77 0068 08       		.byte	0x8
  78 0069 07       		.byte	0x7
  79 006a 63000000 		.4byte	.LASF8
  80 006e 03       		.uleb128 0x3
  81 006f 04       		.byte	0x4
  82 0070 07       		.byte	0x7
  83 0071 0B010000 		.4byte	.LASF9
  84 0075 03       		.uleb128 0x3
  85 0076 01       		.byte	0x1
  86 0077 08       		.byte	0x8
  87 0078 88000000 		.4byte	.LASF10
  88 007c 05       		.uleb128 0x5
  89 007d 47000000 		.4byte	0x47
  90 0081 06       		.uleb128 0x6
  91 0082 96000000 		.4byte	.LASF15
  92 0086 02       		.byte	0x2
  93 0087 9806     		.2byte	0x698
  94 0089 7C000000 		.4byte	0x7c
  95 008d 01       		.byte	0x1
  96 008e 01       		.byte	0x1
  97 008f 00       		.byte	0
  98              		.section	.debug_abbrev,"",%progbits
  99              	.Ldebug_abbrev0:
 100 0000 01       		.uleb128 0x1
 101 0001 11       		.uleb128 0x11
 102 0002 01       		.byte	0x1
 103 0003 25       		.uleb128 0x25
 104 0004 0E       		.uleb128 0xe
 105 0005 13       		.uleb128 0x13
 106 0006 0B       		.uleb128 0xb
 107 0007 03       		.uleb128 0x3
 108 0008 0E       		.uleb128 0xe
 109 0009 1B       		.uleb128 0x1b
 110 000a 0E       		.uleb128 0xe
 111 000b 10       		.uleb128 0x10
 112 000c 06       		.uleb128 0x6
 113 000d 00       		.byte	0
 114 000e 00       		.byte	0
ARM GAS  /tmp/ccRzDhRJ.s 			page 3


 115 000f 02       		.uleb128 0x2
 116 0010 24       		.uleb128 0x24
 117 0011 00       		.byte	0
 118 0012 0B       		.uleb128 0xb
 119 0013 0B       		.uleb128 0xb
 120 0014 3E       		.uleb128 0x3e
 121 0015 0B       		.uleb128 0xb
 122 0016 03       		.uleb128 0x3
 123 0017 08       		.uleb128 0x8
 124 0018 00       		.byte	0
 125 0019 00       		.byte	0
 126 001a 03       		.uleb128 0x3
 127 001b 24       		.uleb128 0x24
 128 001c 00       		.byte	0
 129 001d 0B       		.uleb128 0xb
 130 001e 0B       		.uleb128 0xb
 131 001f 3E       		.uleb128 0x3e
 132 0020 0B       		.uleb128 0xb
 133 0021 03       		.uleb128 0x3
 134 0022 0E       		.uleb128 0xe
 135 0023 00       		.byte	0
 136 0024 00       		.byte	0
 137 0025 04       		.uleb128 0x4
 138 0026 16       		.uleb128 0x16
 139 0027 00       		.byte	0
 140 0028 03       		.uleb128 0x3
 141 0029 0E       		.uleb128 0xe
 142 002a 3A       		.uleb128 0x3a
 143 002b 0B       		.uleb128 0xb
 144 002c 3B       		.uleb128 0x3b
 145 002d 0B       		.uleb128 0xb
 146 002e 49       		.uleb128 0x49
 147 002f 13       		.uleb128 0x13
 148 0030 00       		.byte	0
 149 0031 00       		.byte	0
 150 0032 05       		.uleb128 0x5
 151 0033 35       		.uleb128 0x35
 152 0034 00       		.byte	0
 153 0035 49       		.uleb128 0x49
 154 0036 13       		.uleb128 0x13
 155 0037 00       		.byte	0
 156 0038 00       		.byte	0
 157 0039 06       		.uleb128 0x6
 158 003a 34       		.uleb128 0x34
 159 003b 00       		.byte	0
 160 003c 03       		.uleb128 0x3
 161 003d 0E       		.uleb128 0xe
 162 003e 3A       		.uleb128 0x3a
 163 003f 0B       		.uleb128 0xb
 164 0040 3B       		.uleb128 0x3b
 165 0041 05       		.uleb128 0x5
 166 0042 49       		.uleb128 0x49
 167 0043 13       		.uleb128 0x13
 168 0044 3F       		.uleb128 0x3f
 169 0045 0C       		.uleb128 0xc
 170 0046 3C       		.uleb128 0x3c
 171 0047 0C       		.uleb128 0xc
ARM GAS  /tmp/ccRzDhRJ.s 			page 4


 172 0048 00       		.byte	0
 173 0049 00       		.byte	0
 174 004a 00       		.byte	0
 175              		.section	.debug_aranges,"",%progbits
 176 0000 14000000 		.4byte	0x14
 177 0004 0200     		.2byte	0x2
 178 0006 00000000 		.4byte	.Ldebug_info0
 179 000a 04       		.byte	0x4
 180 000b 00       		.byte	0
 181 000c 0000     		.2byte	0
 182 000e 0000     		.2byte	0
 183 0010 00000000 		.4byte	0
 184 0014 00000000 		.4byte	0
 185              		.section	.debug_line,"",%progbits
 186              	.Ldebug_line0:
 187 0000 CD000000 		.section	.debug_str,"MS",%progbits,1
 187      0200C700 
 187      00000201 
 187      FB0E0D00 
 187      01010101 
 188              	.LASF7:
 189 0000 6C6F6E67 		.ascii	"long long int\000"
 189      206C6F6E 
 189      6720696E 
 189      7400
 190              	.LASF4:
 191 000e 73686F72 		.ascii	"short unsigned int\000"
 191      7420756E 
 191      7369676E 
 191      65642069 
 191      6E7400
 192              	.LASF12:
 193 0021 2E2E2F2E 		.ascii	"../../os/hal/src/adc.c\000"
 193      2E2F6F73 
 193      2F68616C 
 193      2F737263 
 193      2F616463 
 194              	.LASF0:
 195 0038 756E7369 		.ascii	"unsigned int\000"
 195      676E6564 
 195      20696E74 
 195      00
 196              	.LASF11:
 197 0045 474E5520 		.ascii	"GNU C 4.7.2\000"
 197      4320342E 
 197      372E3200 
 198              	.LASF6:
 199 0051 6C6F6E67 		.ascii	"long unsigned int\000"
 199      20756E73 
 199      69676E65 
 199      6420696E 
 199      7400
 200              	.LASF8:
 201 0063 6C6F6E67 		.ascii	"long long unsigned int\000"
 201      206C6F6E 
 201      6720756E 
 201      7369676E 
ARM GAS  /tmp/ccRzDhRJ.s 			page 5


 201      65642069 
 202              	.LASF2:
 203 007a 756E7369 		.ascii	"unsigned char\000"
 203      676E6564 
 203      20636861 
 203      7200
 204              	.LASF10:
 205 0088 63686172 		.ascii	"char\000"
 205      00
 206              	.LASF5:
 207 008d 6C6F6E67 		.ascii	"long int\000"
 207      20696E74 
 207      00
 208              	.LASF15:
 209 0096 49544D5F 		.ascii	"ITM_RxBuffer\000"
 209      52784275 
 209      66666572 
 209      00
 210              	.LASF1:
 211 00a3 7369676E 		.ascii	"signed char\000"
 211      65642063 
 211      68617200 
 212              	.LASF13:
 213 00af 2F686F6D 		.ascii	"/home/kwilson/Sandbox/ChibiOS_2.5.1/demos/ARMCM4-ST"
 213      652F6B77 
 213      696C736F 
 213      6E2F5361 
 213      6E64626F 
 214 00e2 4D333246 		.ascii	"M32F407-LWIP-FATFS-USB\000"
 214      3430372D 
 214      4C574950 
 214      2D464154 
 214      46532D55 
 215              	.LASF3:
 216 00f9 73686F72 		.ascii	"short int\000"
 216      7420696E 
 216      7400
 217              	.LASF14:
 218 0103 696E7433 		.ascii	"int32_t\000"
 218      325F7400 
 219              	.LASF9:
 220 010b 73697A65 		.ascii	"sizetype\000"
 220      74797065 
 220      00
 221              		.ident	"GCC: (crosstool-NG 1.17.0 - PSAS ST32F4 GFE) 4.7.2"
ARM GAS  /tmp/ccRzDhRJ.s 			page 6


DEFINED SYMBOLS
                            *ABS*:0000000000000000 adc.c

NO UNDEFINED SYMBOLS
