ARM GAS  /tmp/ccQPykGp.s 			page 1


   1              		.syntax unified
   2              		.cpu cortex-m4
   3              		.eabi_attribute 27, 3
   4              		.eabi_attribute 28, 1
   5              		.fpu fpv4-sp-d16
   6              		.eabi_attribute 20, 1
   7              		.eabi_attribute 21, 1
   8              		.eabi_attribute 23, 3
   9              		.eabi_attribute 24, 1
  10              		.eabi_attribute 25, 1
  11              		.eabi_attribute 26, 1
  12              		.eabi_attribute 30, 2
  13              		.eabi_attribute 34, 1
  14              		.eabi_attribute 18, 4
  15              		.thumb
  16              		.file	"chdebug.c"
  17              		.text
  18              	.Ltext0:
  19              		.cfi_sections	.debug_frame
  20              	.Letext0:
  21              		.section	.debug_info,"",%progbits
  22              	.Ldebug_info0:
  23 0000 6E000000 		.4byte	0x6e
  24 0004 0200     		.2byte	0x2
  25 0006 00000000 		.4byte	.Ldebug_abbrev0
  26 000a 04       		.byte	0x4
  27 000b 01       		.uleb128 0x1
  28 000c 3E000000 		.4byte	.LASF11
  29 0010 01       		.byte	0x1
  30 0011 8B000000 		.4byte	.LASF12
  31 0015 A9000000 		.4byte	.LASF13
  32 0019 00000000 		.4byte	.Ldebug_line0
  33 001d 02       		.uleb128 0x2
  34 001e 04       		.byte	0x4
  35 001f 05       		.byte	0x5
  36 0020 696E7400 		.ascii	"int\000"
  37 0024 03       		.uleb128 0x3
  38 0025 04       		.byte	0x4
  39 0026 07       		.byte	0x7
  40 0027 00000000 		.4byte	.LASF0
  41 002b 03       		.uleb128 0x3
  42 002c 01       		.byte	0x1
  43 002d 06       		.byte	0x6
  44 002e 1F000000 		.4byte	.LASF1
  45 0032 03       		.uleb128 0x3
  46 0033 01       		.byte	0x1
  47 0034 08       		.byte	0x8
  48 0035 6B000000 		.4byte	.LASF2
  49 0039 03       		.uleb128 0x3
  50 003a 02       		.byte	0x2
  51 003b 05       		.byte	0x5
  52 003c 4A000000 		.4byte	.LASF3
  53 0040 03       		.uleb128 0x3
  54 0041 02       		.byte	0x2
  55 0042 07       		.byte	0x7
  56 0043 2B000000 		.4byte	.LASF4
  57 0047 03       		.uleb128 0x3
ARM GAS  /tmp/ccQPykGp.s 			page 2


  58 0048 04       		.byte	0x4
  59 0049 05       		.byte	0x5
  60 004a 79000000 		.4byte	.LASF5
  61 004e 03       		.uleb128 0x3
  62 004f 04       		.byte	0x4
  63 0050 07       		.byte	0x7
  64 0051 0D000000 		.4byte	.LASF6
  65 0055 03       		.uleb128 0x3
  66 0056 08       		.byte	0x8
  67 0057 05       		.byte	0x5
  68 0058 F8000000 		.4byte	.LASF7
  69 005c 03       		.uleb128 0x3
  70 005d 08       		.byte	0x8
  71 005e 07       		.byte	0x7
  72 005f 54000000 		.4byte	.LASF8
  73 0063 03       		.uleb128 0x3
  74 0064 04       		.byte	0x4
  75 0065 07       		.byte	0x7
  76 0066 82000000 		.4byte	.LASF9
  77 006a 03       		.uleb128 0x3
  78 006b 01       		.byte	0x1
  79 006c 08       		.byte	0x8
  80 006d F3000000 		.4byte	.LASF10
  81 0071 00       		.byte	0
  82              		.section	.debug_abbrev,"",%progbits
  83              	.Ldebug_abbrev0:
  84 0000 01       		.uleb128 0x1
  85 0001 11       		.uleb128 0x11
  86 0002 01       		.byte	0x1
  87 0003 25       		.uleb128 0x25
  88 0004 0E       		.uleb128 0xe
  89 0005 13       		.uleb128 0x13
  90 0006 0B       		.uleb128 0xb
  91 0007 03       		.uleb128 0x3
  92 0008 0E       		.uleb128 0xe
  93 0009 1B       		.uleb128 0x1b
  94 000a 0E       		.uleb128 0xe
  95 000b 10       		.uleb128 0x10
  96 000c 06       		.uleb128 0x6
  97 000d 00       		.byte	0
  98 000e 00       		.byte	0
  99 000f 02       		.uleb128 0x2
 100 0010 24       		.uleb128 0x24
 101 0011 00       		.byte	0
 102 0012 0B       		.uleb128 0xb
 103 0013 0B       		.uleb128 0xb
 104 0014 3E       		.uleb128 0x3e
 105 0015 0B       		.uleb128 0xb
 106 0016 03       		.uleb128 0x3
 107 0017 08       		.uleb128 0x8
 108 0018 00       		.byte	0
 109 0019 00       		.byte	0
 110 001a 03       		.uleb128 0x3
 111 001b 24       		.uleb128 0x24
 112 001c 00       		.byte	0
 113 001d 0B       		.uleb128 0xb
 114 001e 0B       		.uleb128 0xb
ARM GAS  /tmp/ccQPykGp.s 			page 3


 115 001f 3E       		.uleb128 0x3e
 116 0020 0B       		.uleb128 0xb
 117 0021 03       		.uleb128 0x3
 118 0022 0E       		.uleb128 0xe
 119 0023 00       		.byte	0
 120 0024 00       		.byte	0
 121 0025 00       		.byte	0
 122              		.section	.debug_aranges,"",%progbits
 123 0000 14000000 		.4byte	0x14
 124 0004 0200     		.2byte	0x2
 125 0006 00000000 		.4byte	.Ldebug_info0
 126 000a 04       		.byte	0x4
 127 000b 00       		.byte	0
 128 000c 0000     		.2byte	0
 129 000e 0000     		.2byte	0
 130 0010 00000000 		.4byte	0
 131 0014 00000000 		.4byte	0
 132              		.section	.debug_line,"",%progbits
 133              	.Ldebug_line0:
 134 0000 19000000 		.section	.debug_str,"MS",%progbits,1
 134      02001300 
 134      00000201 
 134      FB0E0D00 
 134      01010101 
 135              	.LASF0:
 136 0000 756E7369 		.ascii	"unsigned int\000"
 136      676E6564 
 136      20696E74 
 136      00
 137              	.LASF6:
 138 000d 6C6F6E67 		.ascii	"long unsigned int\000"
 138      20756E73 
 138      69676E65 
 138      6420696E 
 138      7400
 139              	.LASF1:
 140 001f 7369676E 		.ascii	"signed char\000"
 140      65642063 
 140      68617200 
 141              	.LASF4:
 142 002b 73686F72 		.ascii	"short unsigned int\000"
 142      7420756E 
 142      7369676E 
 142      65642069 
 142      6E7400
 143              	.LASF11:
 144 003e 474E5520 		.ascii	"GNU C 4.7.2\000"
 144      4320342E 
 144      372E3200 
 145              	.LASF3:
 146 004a 73686F72 		.ascii	"short int\000"
 146      7420696E 
 146      7400
 147              	.LASF8:
 148 0054 6C6F6E67 		.ascii	"long long unsigned int\000"
 148      206C6F6E 
 148      6720756E 
ARM GAS  /tmp/ccQPykGp.s 			page 4


 148      7369676E 
 148      65642069 
 149              	.LASF2:
 150 006b 756E7369 		.ascii	"unsigned char\000"
 150      676E6564 
 150      20636861 
 150      7200
 151              	.LASF5:
 152 0079 6C6F6E67 		.ascii	"long int\000"
 152      20696E74 
 152      00
 153              	.LASF9:
 154 0082 73697A65 		.ascii	"sizetype\000"
 154      74797065 
 154      00
 155              	.LASF12:
 156 008b 2E2E2F2E 		.ascii	"../../os/kernel/src/chdebug.c\000"
 156      2E2F6F73 
 156      2F6B6572 
 156      6E656C2F 
 156      7372632F 
 157              	.LASF13:
 158 00a9 2F686F6D 		.ascii	"/home/kwilson/Sandbox/ChibiOS_2.5.1/demos/ARMCM4-ST"
 158      652F6B77 
 158      696C736F 
 158      6E2F5361 
 158      6E64626F 
 159 00dc 4D333246 		.ascii	"M32F407-LWIP-FATFS-USB\000"
 159      3430372D 
 159      4C574950 
 159      2D464154 
 159      46532D55 
 160              	.LASF10:
 161 00f3 63686172 		.ascii	"char\000"
 161      00
 162              	.LASF7:
 163 00f8 6C6F6E67 		.ascii	"long long int\000"
 163      206C6F6E 
 163      6720696E 
 163      7400
 164              		.ident	"GCC: (crosstool-NG 1.17.0 - PSAS ST32F4 GFE) 4.7.2"
ARM GAS  /tmp/ccQPykGp.s 			page 5


DEFINED SYMBOLS
                            *ABS*:0000000000000000 chdebug.c

NO UNDEFINED SYMBOLS
