ARM GAS  /tmp/cc8ylW2T.s 			page 1


   1              		.syntax unified
   2              		.cpu cortex-m4
   3              		.eabi_attribute 27, 3
   4              		.eabi_attribute 28, 1
   5              		.fpu fpv4-sp-d16
   6              		.eabi_attribute 20, 1
   7              		.eabi_attribute 21, 1
   8              		.eabi_attribute 23, 3
   9              		.eabi_attribute 24, 1
  10              		.eabi_attribute 25, 1
  11              		.eabi_attribute 26, 1
  12              		.eabi_attribute 30, 2
  13              		.eabi_attribute 34, 1
  14              		.eabi_attribute 18, 4
  15              		.thumb
  16              		.file	"chmemcore.c"
  17              		.text
  18              	.Ltext0:
  19              		.cfi_sections	.debug_frame
  20              		.section	.text._core_init,"ax",%progbits
  21              		.align	2
  22              		.p2align 4,,15
  23              		.global	_core_init
  24              		.thumb
  25              		.thumb_func
  26              		.type	_core_init, %function
  27              	_core_init:
  28              	.LFB7:
  29              		.file 1 "../../os/kernel/src/chmemcore.c"
  30              		.loc 1 59 0
  31              		.cfi_startproc
  32              		@ args = 0, pretend = 0, frame = 0
  33              		@ frame_needed = 0, uses_anonymous_args = 0
  34              		@ link register save eliminated.
  35              		.loc 1 63 0
  36 0000 40F20002 		movw	r2, #:lower16:.LANCHOR0
  37              		.loc 1 64 0
  38 0004 40F20003 		movw	r3, #:lower16:.LANCHOR1
  39 0008 40F20001 		movw	r1, #:lower16:__heap_end__
  40              		.loc 1 63 0
  41 000c 0648     		ldr	r0, .L2
  42 000e C0F20002 		movt	r2, #:upper16:.LANCHOR0
  43              		.loc 1 64 0
  44 0012 C0F20003 		movt	r3, #:upper16:.LANCHOR1
  45 0016 C0F20001 		movt	r1, #:upper16:__heap_end__
  46              		.loc 1 63 0
  47 001a 20F00700 		bic	r0, r0, #7
  48              		.loc 1 64 0
  49 001e 21F00701 		bic	r1, r1, #7
  50              		.loc 1 63 0
  51 0022 1060     		str	r0, [r2, #0]
  52              		.loc 1 64 0
  53 0024 1960     		str	r1, [r3, #0]
  54 0026 7047     		bx	lr
  55              	.L3:
  56              		.align	2
  57              	.L2:
ARM GAS  /tmp/cc8ylW2T.s 			page 2


  58 0028 07000000 		.word	__heap_base__+7
  59              		.cfi_endproc
  60              	.LFE7:
  61              		.size	_core_init, .-_core_init
  62 002c AFF30080 		.section	.text.chCoreAlloc,"ax",%progbits
  63              		.align	2
  64              		.p2align 4,,15
  65              		.global	chCoreAlloc
  66              		.thumb
  67              		.thumb_func
  68              		.type	chCoreAlloc, %function
  69              	chCoreAlloc:
  70              	.LFB8:
  71              		.loc 1 84 0
  72              		.cfi_startproc
  73              		@ args = 0, pretend = 0, frame = 0
  74              		@ frame_needed = 0, uses_anonymous_args = 0
  75              		@ link register save eliminated.
  76              	.LVL0:
  77              	.LBB6:
  78              		.loc 1 87 0
  79 0000 2023     		movs	r3, #32
  80              	.LVL1:
  81              	@ 87 "../../os/kernel/src/chmemcore.c" 1
  82 0002 83F31188 		msr     BASEPRI, r3
  83              	@ 0 "" 2
  84              	.LVL2:
  85              		.thumb
  86              	.LBE6:
  87              	.LBB7:
  88              	.LBB8:
  89              		.loc 1 111 0
  90 0006 094B     		ldr	r3, .L7
  91              	.LVL3:
  92 0008 0949     		ldr	r1, .L7+4
  93 000a 1A68     		ldr	r2, [r3, #0]
  94 000c 0968     		ldr	r1, [r1, #0]
  95              		.loc 1 110 0
  96 000e 0730     		adds	r0, r0, #7
  97              	.LVL4:
  98 0010 20F00700 		bic	r0, r0, #7
  99              	.LVL5:
 100              		.loc 1 111 0
 101 0014 891A     		subs	r1, r1, r2
 102 0016 8842     		cmp	r0, r1
 103              	.LVL6:
 104              		.loc 1 114 0
 105 0018 9ABF     		itte	ls
 106 001a 1018     		addls	r0, r2, r0
 107              	.LVL7:
 108 001c 1860     		strls	r0, [r3, #0]
 109              		.loc 1 112 0
 110 001e 0022     		movhi	r2, #0
 111              	.LVL8:
 112              	.LBE8:
 113              	.LBE7:
 114              	.LBB9:
ARM GAS  /tmp/cc8ylW2T.s 			page 3


 115              		.loc 1 89 0
 116 0020 0023     		movs	r3, #0
 117              	.LVL9:
 118              	@ 89 "../../os/kernel/src/chmemcore.c" 1
 119 0022 83F31188 		msr     BASEPRI, r3
 120              	@ 0 "" 2
 121              	.LVL10:
 122              		.thumb
 123              	.LBE9:
 124              		.loc 1 91 0
 125 0026 1046     		mov	r0, r2
 126 0028 7047     		bx	lr
 127              	.L8:
 128 002a 00BF     		.align	2
 129              	.L7:
 130 002c 00000000 		.word	.LANCHOR0
 131 0030 00000000 		.word	.LANCHOR1
 132              		.cfi_endproc
 133              	.LFE8:
 134              		.size	chCoreAlloc, .-chCoreAlloc
 135 0034 AFF30080 		.section	.text.chCoreAllocI,"ax",%progbits
 135      AFF30080 
 135      AFF30080 
 136              		.align	2
 137              		.p2align 4,,15
 138              		.global	chCoreAllocI
 139              		.thumb
 140              		.thumb_func
 141              		.type	chCoreAllocI, %function
 142              	chCoreAllocI:
 143              	.LFB9:
 144              		.loc 1 105 0
 145              		.cfi_startproc
 146              		@ args = 0, pretend = 0, frame = 0
 147              		@ frame_needed = 0, uses_anonymous_args = 0
 148              		@ link register save eliminated.
 149              	.LVL11:
 150              		.loc 1 111 0
 151 0000 074A     		ldr	r2, .L12
 152 0002 0849     		ldr	r1, .L12+4
 153 0004 1368     		ldr	r3, [r2, #0]
 154 0006 0968     		ldr	r1, [r1, #0]
 155              		.loc 1 110 0
 156 0008 0730     		adds	r0, r0, #7
 157              	.LVL12:
 158 000a 20F00700 		bic	r0, r0, #7
 159              	.LVL13:
 160              		.loc 1 111 0
 161 000e C91A     		subs	r1, r1, r3
 162 0010 8842     		cmp	r0, r1
 163              	.LVL14:
 164              		.loc 1 114 0
 165 0012 9ABF     		itte	ls
 166 0014 1818     		addls	r0, r3, r0
 167              	.LVL15:
 168 0016 1060     		strls	r0, [r2, #0]
 169              		.loc 1 112 0
ARM GAS  /tmp/cc8ylW2T.s 			page 4


 170 0018 0023     		movhi	r3, #0
 171              	.LVL16:
 172              		.loc 1 116 0
 173 001a 1846     		mov	r0, r3
 174 001c 7047     		bx	lr
 175              	.L13:
 176 001e 00BF     		.align	2
 177              	.L12:
 178 0020 00000000 		.word	.LANCHOR0
 179 0024 00000000 		.word	.LANCHOR1
 180              		.cfi_endproc
 181              	.LFE9:
 182              		.size	chCoreAllocI, .-chCoreAllocI
 183 0028 AFF30080 		.section	.text.chCoreStatus,"ax",%progbits
 183      AFF30080 
 184              		.align	2
 185              		.p2align 4,,15
 186              		.global	chCoreStatus
 187              		.thumb
 188              		.thumb_func
 189              		.type	chCoreStatus, %function
 190              	chCoreStatus:
 191              	.LFB10:
 192              		.loc 1 125 0
 193              		.cfi_startproc
 194              		@ args = 0, pretend = 0, frame = 0
 195              		@ frame_needed = 0, uses_anonymous_args = 0
 196              		@ link register save eliminated.
 197              		.loc 1 127 0
 198 0000 40F20002 		movw	r2, #:lower16:.LANCHOR1
 199 0004 40F20003 		movw	r3, #:lower16:.LANCHOR0
 200 0008 C0F20002 		movt	r2, #:upper16:.LANCHOR1
 201 000c C0F20003 		movt	r3, #:upper16:.LANCHOR0
 202 0010 1068     		ldr	r0, [r2, #0]
 203 0012 1B68     		ldr	r3, [r3, #0]
 204              		.loc 1 128 0
 205 0014 C01A     		subs	r0, r0, r3
 206 0016 7047     		bx	lr
 207              		.cfi_endproc
 208              	.LFE10:
 209              		.size	chCoreStatus, .-chCoreStatus
 210 0018 AFF30080 		.section	.bss.endmem,"aw",%nobits
 210      AFF30080 
 211              		.align	2
 212              		.set	.LANCHOR1,. + 0
 213              		.type	endmem, %object
 214              		.size	endmem, 4
 215              	endmem:
 216 0000 00000000 		.space	4
 217              		.section	.bss.nextmem,"aw",%nobits
 218              		.align	2
 219              		.set	.LANCHOR0,. + 0
 220              		.type	nextmem, %object
 221              		.size	nextmem, 4
 222              	nextmem:
 223 0000 00000000 		.space	4
 224              		.text
ARM GAS  /tmp/cc8ylW2T.s 			page 5


 225              	.Letext0:
 226              		.file 2 "/opt/psas/x-tools/stm32f407/arm-psas-eabi/bin/../lib/gcc/arm-psas-eabi/4.7.2/include/stdd
 227              		.file 3 "/opt/psas/x-tools/stm32f407/arm-psas-eabi/bin/../lib/gcc/arm-psas-eabi/4.7.2/../../../../
 228              		.section	.debug_info,"",%progbits
 229              	.Ldebug_info0:
 230 0000 24020000 		.4byte	0x224
 231 0004 0200     		.2byte	0x2
 232 0006 00000000 		.4byte	.Ldebug_abbrev0
 233 000a 04       		.byte	0x4
 234 000b 01       		.uleb128 0x1
 235 000c 4B000000 		.4byte	.LASF18
 236 0010 01       		.byte	0x1
 237 0011 C4000000 		.4byte	.LASF19
 238 0015 09010000 		.4byte	.LASF20
 239 0019 00000000 		.4byte	.Ldebug_ranges0+0
 240 001d 00000000 		.4byte	0
 241 0021 00000000 		.4byte	0
 242 0025 00000000 		.4byte	.Ldebug_line0
 243 0029 02       		.uleb128 0x2
 244 002a 04       		.byte	0x4
 245 002b 05       		.byte	0x5
 246 002c 696E7400 		.ascii	"int\000"
 247 0030 03       		.uleb128 0x3
 248 0031 21000000 		.4byte	.LASF2
 249 0035 02       		.byte	0x2
 250 0036 D5       		.byte	0xd5
 251 0037 3B000000 		.4byte	0x3b
 252 003b 04       		.uleb128 0x4
 253 003c 04       		.byte	0x4
 254 003d 07       		.byte	0x7
 255 003e 5D010000 		.4byte	.LASF0
 256 0042 04       		.uleb128 0x4
 257 0043 01       		.byte	0x1
 258 0044 06       		.byte	0x6
 259 0045 F8000000 		.4byte	.LASF1
 260 0049 03       		.uleb128 0x3
 261 004a 80000000 		.4byte	.LASF3
 262 004e 03       		.byte	0x3
 263 004f 2A       		.byte	0x2a
 264 0050 54000000 		.4byte	0x54
 265 0054 04       		.uleb128 0x4
 266 0055 01       		.byte	0x1
 267 0056 08       		.byte	0x8
 268 0057 88000000 		.4byte	.LASF4
 269 005b 04       		.uleb128 0x4
 270 005c 02       		.byte	0x2
 271 005d 05       		.byte	0x5
 272 005e 53010000 		.4byte	.LASF5
 273 0062 04       		.uleb128 0x4
 274 0063 02       		.byte	0x2
 275 0064 07       		.byte	0x7
 276 0065 0E000000 		.4byte	.LASF6
 277 0069 04       		.uleb128 0x4
 278 006a 04       		.byte	0x4
 279 006b 05       		.byte	0x5
 280 006c B0000000 		.4byte	.LASF7
 281 0070 03       		.uleb128 0x3
ARM GAS  /tmp/cc8ylW2T.s 			page 6


 282 0071 A7000000 		.4byte	.LASF8
 283 0075 03       		.byte	0x3
 284 0076 50       		.byte	0x50
 285 0077 7B000000 		.4byte	0x7b
 286 007b 04       		.uleb128 0x4
 287 007c 04       		.byte	0x4
 288 007d 07       		.byte	0x7
 289 007e 57000000 		.4byte	.LASF9
 290 0082 04       		.uleb128 0x4
 291 0083 08       		.byte	0x8
 292 0084 05       		.byte	0x5
 293 0085 00000000 		.4byte	.LASF10
 294 0089 04       		.uleb128 0x4
 295 008a 08       		.byte	0x8
 296 008b 07       		.byte	0x7
 297 008c 69000000 		.4byte	.LASF11
 298 0090 05       		.uleb128 0x5
 299 0091 04       		.byte	0x4
 300 0092 04       		.uleb128 0x4
 301 0093 04       		.byte	0x4
 302 0094 07       		.byte	0x7
 303 0095 6A010000 		.4byte	.LASF12
 304 0099 04       		.uleb128 0x4
 305 009a 01       		.byte	0x1
 306 009b 08       		.byte	0x8
 307 009c 96000000 		.4byte	.LASF13
 308 00a0 06       		.uleb128 0x6
 309 00a1 04       		.byte	0x4
 310 00a2 49000000 		.4byte	0x49
 311 00a6 07       		.uleb128 0x7
 312 00a7 01       		.byte	0x1
 313 00a8 EB000000 		.4byte	.LASF21
 314 00ac 01       		.byte	0x1
 315 00ad 69       		.byte	0x69
 316 00ae 01       		.byte	0x1
 317 00af 90000000 		.4byte	0x90
 318 00b3 01       		.byte	0x1
 319 00b4 CD000000 		.4byte	0xcd
 320 00b8 08       		.uleb128 0x8
 321 00b9 04010000 		.4byte	.LASF22
 322 00bd 01       		.byte	0x1
 323 00be 69       		.byte	0x69
 324 00bf 30000000 		.4byte	0x30
 325 00c3 09       		.uleb128 0x9
 326 00c4 7000     		.ascii	"p\000"
 327 00c6 01       		.byte	0x1
 328 00c7 6A       		.byte	0x6a
 329 00c8 90000000 		.4byte	0x90
 330 00cc 00       		.byte	0
 331 00cd 0A       		.uleb128 0xa
 332 00ce 01       		.byte	0x1
 333 00cf B9000000 		.4byte	.LASF23
 334 00d3 01       		.byte	0x1
 335 00d4 3B       		.byte	0x3b
 336 00d5 01       		.byte	0x1
 337 00d6 00000000 		.4byte	.LFB7
 338 00da 2C000000 		.4byte	.LFE7
ARM GAS  /tmp/cc8ylW2T.s 			page 7


 339 00de 02       		.byte	0x2
 340 00df 7D       		.byte	0x7d
 341 00e0 00       		.sleb128 0
 342 00e1 01       		.byte	0x1
 343 00e2 01010000 		.4byte	0x101
 344 00e6 0B       		.uleb128 0xb
 345 00e7 3D000000 		.4byte	.LASF14
 346 00eb 01       		.byte	0x1
 347 00ec 3D       		.byte	0x3d
 348 00ed 01010000 		.4byte	0x101
 349 00f1 01       		.byte	0x1
 350 00f2 01       		.byte	0x1
 351 00f3 0B       		.uleb128 0xb
 352 00f4 30000000 		.4byte	.LASF15
 353 00f8 01       		.byte	0x1
 354 00f9 3E       		.byte	0x3e
 355 00fa 01010000 		.4byte	0x101
 356 00fe 01       		.byte	0x1
 357 00ff 01       		.byte	0x1
 358 0100 00       		.byte	0
 359 0101 0C       		.uleb128 0xc
 360 0102 49000000 		.4byte	0x49
 361 0106 0C010000 		.4byte	0x10c
 362 010a 0D       		.uleb128 0xd
 363 010b 00       		.byte	0
 364 010c 0E       		.uleb128 0xe
 365 010d 01       		.byte	0x1
 366 010e 9B000000 		.4byte	.LASF24
 367 0112 01       		.byte	0x1
 368 0113 54       		.byte	0x54
 369 0114 01       		.byte	0x1
 370 0115 90000000 		.4byte	0x90
 371 0119 00000000 		.4byte	.LFB8
 372 011d 34000000 		.4byte	.LFE8
 373 0121 02       		.byte	0x2
 374 0122 7D       		.byte	0x7d
 375 0123 00       		.sleb128 0
 376 0124 01       		.byte	0x1
 377 0125 AA010000 		.4byte	0x1aa
 378 0129 0F       		.uleb128 0xf
 379 012a 04010000 		.4byte	.LASF22
 380 012e 01       		.byte	0x1
 381 012f 54       		.byte	0x54
 382 0130 30000000 		.4byte	0x30
 383 0134 00000000 		.4byte	.LLST0
 384 0138 10       		.uleb128 0x10
 385 0139 7000     		.ascii	"p\000"
 386 013b 01       		.byte	0x1
 387 013c 55       		.byte	0x55
 388 013d 90000000 		.4byte	0x90
 389 0141 01       		.byte	0x1
 390 0142 52       		.byte	0x52
 391 0143 11       		.uleb128 0x11
 392 0144 00000000 		.4byte	.LBB6
 393 0148 06000000 		.4byte	.LBE6
 394 014c 60010000 		.4byte	0x160
 395 0150 12       		.uleb128 0x12
ARM GAS  /tmp/cc8ylW2T.s 			page 8


 396 0151 746D7000 		.ascii	"tmp\000"
 397 0155 01       		.byte	0x1
 398 0156 57       		.byte	0x57
 399 0157 70000000 		.4byte	0x70
 400 015b 2E000000 		.4byte	.LLST1
 401 015f 00       		.byte	0
 402 0160 13       		.uleb128 0x13
 403 0161 A6000000 		.4byte	0xa6
 404 0165 06000000 		.4byte	.LBB7
 405 0169 20000000 		.4byte	.LBE7
 406 016d 01       		.byte	0x1
 407 016e 58       		.byte	0x58
 408 016f 90010000 		.4byte	0x190
 409 0173 14       		.uleb128 0x14
 410 0174 B8000000 		.4byte	0xb8
 411 0178 41000000 		.4byte	.LLST2
 412 017c 15       		.uleb128 0x15
 413 017d 06000000 		.4byte	.LBB8
 414 0181 20000000 		.4byte	.LBE8
 415 0185 16       		.uleb128 0x16
 416 0186 C3000000 		.4byte	0xc3
 417 018a 7F000000 		.4byte	.LLST3
 418 018e 00       		.byte	0
 419 018f 00       		.byte	0
 420 0190 15       		.uleb128 0x15
 421 0191 20000000 		.4byte	.LBB9
 422 0195 26000000 		.4byte	.LBE9
 423 0199 12       		.uleb128 0x12
 424 019a 746D7000 		.ascii	"tmp\000"
 425 019e 01       		.byte	0x1
 426 019f 59       		.byte	0x59
 427 01a0 70000000 		.4byte	0x70
 428 01a4 A1000000 		.4byte	.LLST4
 429 01a8 00       		.byte	0
 430 01a9 00       		.byte	0
 431 01aa 17       		.uleb128 0x17
 432 01ab A6000000 		.4byte	0xa6
 433 01af 00000000 		.4byte	.LFB9
 434 01b3 28000000 		.4byte	.LFE9
 435 01b7 02       		.byte	0x2
 436 01b8 7D       		.byte	0x7d
 437 01b9 00       		.sleb128 0
 438 01ba 01       		.byte	0x1
 439 01bb D2010000 		.4byte	0x1d2
 440 01bf 14       		.uleb128 0x14
 441 01c0 B8000000 		.4byte	0xb8
 442 01c4 B4000000 		.4byte	.LLST5
 443 01c8 16       		.uleb128 0x16
 444 01c9 C3000000 		.4byte	0xc3
 445 01cd F2000000 		.4byte	.LLST6
 446 01d1 00       		.byte	0
 447 01d2 18       		.uleb128 0x18
 448 01d3 01       		.byte	0x1
 449 01d4 73010000 		.4byte	.LASF25
 450 01d8 01       		.byte	0x1
 451 01d9 7D       		.byte	0x7d
 452 01da 01       		.byte	0x1
ARM GAS  /tmp/cc8ylW2T.s 			page 9


 453 01db 30000000 		.4byte	0x30
 454 01df 00000000 		.4byte	.LFB10
 455 01e3 18000000 		.4byte	.LFE10
 456 01e7 02       		.byte	0x2
 457 01e8 7D       		.byte	0x7d
 458 01e9 00       		.sleb128 0
 459 01ea 01       		.byte	0x1
 460 01eb 19       		.uleb128 0x19
 461 01ec 28000000 		.4byte	.LASF16
 462 01f0 01       		.byte	0x1
 463 01f1 33       		.byte	0x33
 464 01f2 A0000000 		.4byte	0xa0
 465 01f6 05       		.byte	0x5
 466 01f7 03       		.byte	0x3
 467 01f8 00000000 		.4byte	nextmem
 468 01fc 19       		.uleb128 0x19
 469 01fd E4000000 		.4byte	.LASF17
 470 0201 01       		.byte	0x1
 471 0202 34       		.byte	0x34
 472 0203 A0000000 		.4byte	0xa0
 473 0207 05       		.byte	0x5
 474 0208 03       		.byte	0x3
 475 0209 00000000 		.4byte	endmem
 476 020d 0B       		.uleb128 0xb
 477 020e 3D000000 		.4byte	.LASF14
 478 0212 01       		.byte	0x1
 479 0213 3D       		.byte	0x3d
 480 0214 01010000 		.4byte	0x101
 481 0218 01       		.byte	0x1
 482 0219 01       		.byte	0x1
 483 021a 0B       		.uleb128 0xb
 484 021b 30000000 		.4byte	.LASF15
 485 021f 01       		.byte	0x1
 486 0220 3E       		.byte	0x3e
 487 0221 01010000 		.4byte	0x101
 488 0225 01       		.byte	0x1
 489 0226 01       		.byte	0x1
 490 0227 00       		.byte	0
 491              		.section	.debug_abbrev,"",%progbits
 492              	.Ldebug_abbrev0:
 493 0000 01       		.uleb128 0x1
 494 0001 11       		.uleb128 0x11
 495 0002 01       		.byte	0x1
 496 0003 25       		.uleb128 0x25
 497 0004 0E       		.uleb128 0xe
 498 0005 13       		.uleb128 0x13
 499 0006 0B       		.uleb128 0xb
 500 0007 03       		.uleb128 0x3
 501 0008 0E       		.uleb128 0xe
 502 0009 1B       		.uleb128 0x1b
 503 000a 0E       		.uleb128 0xe
 504 000b 55       		.uleb128 0x55
 505 000c 06       		.uleb128 0x6
 506 000d 11       		.uleb128 0x11
 507 000e 01       		.uleb128 0x1
 508 000f 52       		.uleb128 0x52
 509 0010 01       		.uleb128 0x1
ARM GAS  /tmp/cc8ylW2T.s 			page 10


 510 0011 10       		.uleb128 0x10
 511 0012 06       		.uleb128 0x6
 512 0013 00       		.byte	0
 513 0014 00       		.byte	0
 514 0015 02       		.uleb128 0x2
 515 0016 24       		.uleb128 0x24
 516 0017 00       		.byte	0
 517 0018 0B       		.uleb128 0xb
 518 0019 0B       		.uleb128 0xb
 519 001a 3E       		.uleb128 0x3e
 520 001b 0B       		.uleb128 0xb
 521 001c 03       		.uleb128 0x3
 522 001d 08       		.uleb128 0x8
 523 001e 00       		.byte	0
 524 001f 00       		.byte	0
 525 0020 03       		.uleb128 0x3
 526 0021 16       		.uleb128 0x16
 527 0022 00       		.byte	0
 528 0023 03       		.uleb128 0x3
 529 0024 0E       		.uleb128 0xe
 530 0025 3A       		.uleb128 0x3a
 531 0026 0B       		.uleb128 0xb
 532 0027 3B       		.uleb128 0x3b
 533 0028 0B       		.uleb128 0xb
 534 0029 49       		.uleb128 0x49
 535 002a 13       		.uleb128 0x13
 536 002b 00       		.byte	0
 537 002c 00       		.byte	0
 538 002d 04       		.uleb128 0x4
 539 002e 24       		.uleb128 0x24
 540 002f 00       		.byte	0
 541 0030 0B       		.uleb128 0xb
 542 0031 0B       		.uleb128 0xb
 543 0032 3E       		.uleb128 0x3e
 544 0033 0B       		.uleb128 0xb
 545 0034 03       		.uleb128 0x3
 546 0035 0E       		.uleb128 0xe
 547 0036 00       		.byte	0
 548 0037 00       		.byte	0
 549 0038 05       		.uleb128 0x5
 550 0039 0F       		.uleb128 0xf
 551 003a 00       		.byte	0
 552 003b 0B       		.uleb128 0xb
 553 003c 0B       		.uleb128 0xb
 554 003d 00       		.byte	0
 555 003e 00       		.byte	0
 556 003f 06       		.uleb128 0x6
 557 0040 0F       		.uleb128 0xf
 558 0041 00       		.byte	0
 559 0042 0B       		.uleb128 0xb
 560 0043 0B       		.uleb128 0xb
 561 0044 49       		.uleb128 0x49
 562 0045 13       		.uleb128 0x13
 563 0046 00       		.byte	0
 564 0047 00       		.byte	0
 565 0048 07       		.uleb128 0x7
 566 0049 2E       		.uleb128 0x2e
ARM GAS  /tmp/cc8ylW2T.s 			page 11


 567 004a 01       		.byte	0x1
 568 004b 3F       		.uleb128 0x3f
 569 004c 0C       		.uleb128 0xc
 570 004d 03       		.uleb128 0x3
 571 004e 0E       		.uleb128 0xe
 572 004f 3A       		.uleb128 0x3a
 573 0050 0B       		.uleb128 0xb
 574 0051 3B       		.uleb128 0x3b
 575 0052 0B       		.uleb128 0xb
 576 0053 27       		.uleb128 0x27
 577 0054 0C       		.uleb128 0xc
 578 0055 49       		.uleb128 0x49
 579 0056 13       		.uleb128 0x13
 580 0057 20       		.uleb128 0x20
 581 0058 0B       		.uleb128 0xb
 582 0059 01       		.uleb128 0x1
 583 005a 13       		.uleb128 0x13
 584 005b 00       		.byte	0
 585 005c 00       		.byte	0
 586 005d 08       		.uleb128 0x8
 587 005e 05       		.uleb128 0x5
 588 005f 00       		.byte	0
 589 0060 03       		.uleb128 0x3
 590 0061 0E       		.uleb128 0xe
 591 0062 3A       		.uleb128 0x3a
 592 0063 0B       		.uleb128 0xb
 593 0064 3B       		.uleb128 0x3b
 594 0065 0B       		.uleb128 0xb
 595 0066 49       		.uleb128 0x49
 596 0067 13       		.uleb128 0x13
 597 0068 00       		.byte	0
 598 0069 00       		.byte	0
 599 006a 09       		.uleb128 0x9
 600 006b 34       		.uleb128 0x34
 601 006c 00       		.byte	0
 602 006d 03       		.uleb128 0x3
 603 006e 08       		.uleb128 0x8
 604 006f 3A       		.uleb128 0x3a
 605 0070 0B       		.uleb128 0xb
 606 0071 3B       		.uleb128 0x3b
 607 0072 0B       		.uleb128 0xb
 608 0073 49       		.uleb128 0x49
 609 0074 13       		.uleb128 0x13
 610 0075 00       		.byte	0
 611 0076 00       		.byte	0
 612 0077 0A       		.uleb128 0xa
 613 0078 2E       		.uleb128 0x2e
 614 0079 01       		.byte	0x1
 615 007a 3F       		.uleb128 0x3f
 616 007b 0C       		.uleb128 0xc
 617 007c 03       		.uleb128 0x3
 618 007d 0E       		.uleb128 0xe
 619 007e 3A       		.uleb128 0x3a
 620 007f 0B       		.uleb128 0xb
 621 0080 3B       		.uleb128 0x3b
 622 0081 0B       		.uleb128 0xb
 623 0082 27       		.uleb128 0x27
ARM GAS  /tmp/cc8ylW2T.s 			page 12


 624 0083 0C       		.uleb128 0xc
 625 0084 11       		.uleb128 0x11
 626 0085 01       		.uleb128 0x1
 627 0086 12       		.uleb128 0x12
 628 0087 01       		.uleb128 0x1
 629 0088 40       		.uleb128 0x40
 630 0089 0A       		.uleb128 0xa
 631 008a 9742     		.uleb128 0x2117
 632 008c 0C       		.uleb128 0xc
 633 008d 01       		.uleb128 0x1
 634 008e 13       		.uleb128 0x13
 635 008f 00       		.byte	0
 636 0090 00       		.byte	0
 637 0091 0B       		.uleb128 0xb
 638 0092 34       		.uleb128 0x34
 639 0093 00       		.byte	0
 640 0094 03       		.uleb128 0x3
 641 0095 0E       		.uleb128 0xe
 642 0096 3A       		.uleb128 0x3a
 643 0097 0B       		.uleb128 0xb
 644 0098 3B       		.uleb128 0x3b
 645 0099 0B       		.uleb128 0xb
 646 009a 49       		.uleb128 0x49
 647 009b 13       		.uleb128 0x13
 648 009c 3F       		.uleb128 0x3f
 649 009d 0C       		.uleb128 0xc
 650 009e 3C       		.uleb128 0x3c
 651 009f 0C       		.uleb128 0xc
 652 00a0 00       		.byte	0
 653 00a1 00       		.byte	0
 654 00a2 0C       		.uleb128 0xc
 655 00a3 01       		.uleb128 0x1
 656 00a4 01       		.byte	0x1
 657 00a5 49       		.uleb128 0x49
 658 00a6 13       		.uleb128 0x13
 659 00a7 01       		.uleb128 0x1
 660 00a8 13       		.uleb128 0x13
 661 00a9 00       		.byte	0
 662 00aa 00       		.byte	0
 663 00ab 0D       		.uleb128 0xd
 664 00ac 21       		.uleb128 0x21
 665 00ad 00       		.byte	0
 666 00ae 00       		.byte	0
 667 00af 00       		.byte	0
 668 00b0 0E       		.uleb128 0xe
 669 00b1 2E       		.uleb128 0x2e
 670 00b2 01       		.byte	0x1
 671 00b3 3F       		.uleb128 0x3f
 672 00b4 0C       		.uleb128 0xc
 673 00b5 03       		.uleb128 0x3
 674 00b6 0E       		.uleb128 0xe
 675 00b7 3A       		.uleb128 0x3a
 676 00b8 0B       		.uleb128 0xb
 677 00b9 3B       		.uleb128 0x3b
 678 00ba 0B       		.uleb128 0xb
 679 00bb 27       		.uleb128 0x27
 680 00bc 0C       		.uleb128 0xc
ARM GAS  /tmp/cc8ylW2T.s 			page 13


 681 00bd 49       		.uleb128 0x49
 682 00be 13       		.uleb128 0x13
 683 00bf 11       		.uleb128 0x11
 684 00c0 01       		.uleb128 0x1
 685 00c1 12       		.uleb128 0x12
 686 00c2 01       		.uleb128 0x1
 687 00c3 40       		.uleb128 0x40
 688 00c4 0A       		.uleb128 0xa
 689 00c5 9742     		.uleb128 0x2117
 690 00c7 0C       		.uleb128 0xc
 691 00c8 01       		.uleb128 0x1
 692 00c9 13       		.uleb128 0x13
 693 00ca 00       		.byte	0
 694 00cb 00       		.byte	0
 695 00cc 0F       		.uleb128 0xf
 696 00cd 05       		.uleb128 0x5
 697 00ce 00       		.byte	0
 698 00cf 03       		.uleb128 0x3
 699 00d0 0E       		.uleb128 0xe
 700 00d1 3A       		.uleb128 0x3a
 701 00d2 0B       		.uleb128 0xb
 702 00d3 3B       		.uleb128 0x3b
 703 00d4 0B       		.uleb128 0xb
 704 00d5 49       		.uleb128 0x49
 705 00d6 13       		.uleb128 0x13
 706 00d7 02       		.uleb128 0x2
 707 00d8 06       		.uleb128 0x6
 708 00d9 00       		.byte	0
 709 00da 00       		.byte	0
 710 00db 10       		.uleb128 0x10
 711 00dc 34       		.uleb128 0x34
 712 00dd 00       		.byte	0
 713 00de 03       		.uleb128 0x3
 714 00df 08       		.uleb128 0x8
 715 00e0 3A       		.uleb128 0x3a
 716 00e1 0B       		.uleb128 0xb
 717 00e2 3B       		.uleb128 0x3b
 718 00e3 0B       		.uleb128 0xb
 719 00e4 49       		.uleb128 0x49
 720 00e5 13       		.uleb128 0x13
 721 00e6 02       		.uleb128 0x2
 722 00e7 0A       		.uleb128 0xa
 723 00e8 00       		.byte	0
 724 00e9 00       		.byte	0
 725 00ea 11       		.uleb128 0x11
 726 00eb 0B       		.uleb128 0xb
 727 00ec 01       		.byte	0x1
 728 00ed 11       		.uleb128 0x11
 729 00ee 01       		.uleb128 0x1
 730 00ef 12       		.uleb128 0x12
 731 00f0 01       		.uleb128 0x1
 732 00f1 01       		.uleb128 0x1
 733 00f2 13       		.uleb128 0x13
 734 00f3 00       		.byte	0
 735 00f4 00       		.byte	0
 736 00f5 12       		.uleb128 0x12
 737 00f6 34       		.uleb128 0x34
ARM GAS  /tmp/cc8ylW2T.s 			page 14


 738 00f7 00       		.byte	0
 739 00f8 03       		.uleb128 0x3
 740 00f9 08       		.uleb128 0x8
 741 00fa 3A       		.uleb128 0x3a
 742 00fb 0B       		.uleb128 0xb
 743 00fc 3B       		.uleb128 0x3b
 744 00fd 0B       		.uleb128 0xb
 745 00fe 49       		.uleb128 0x49
 746 00ff 13       		.uleb128 0x13
 747 0100 02       		.uleb128 0x2
 748 0101 06       		.uleb128 0x6
 749 0102 00       		.byte	0
 750 0103 00       		.byte	0
 751 0104 13       		.uleb128 0x13
 752 0105 1D       		.uleb128 0x1d
 753 0106 01       		.byte	0x1
 754 0107 31       		.uleb128 0x31
 755 0108 13       		.uleb128 0x13
 756 0109 11       		.uleb128 0x11
 757 010a 01       		.uleb128 0x1
 758 010b 12       		.uleb128 0x12
 759 010c 01       		.uleb128 0x1
 760 010d 58       		.uleb128 0x58
 761 010e 0B       		.uleb128 0xb
 762 010f 59       		.uleb128 0x59
 763 0110 0B       		.uleb128 0xb
 764 0111 01       		.uleb128 0x1
 765 0112 13       		.uleb128 0x13
 766 0113 00       		.byte	0
 767 0114 00       		.byte	0
 768 0115 14       		.uleb128 0x14
 769 0116 05       		.uleb128 0x5
 770 0117 00       		.byte	0
 771 0118 31       		.uleb128 0x31
 772 0119 13       		.uleb128 0x13
 773 011a 02       		.uleb128 0x2
 774 011b 06       		.uleb128 0x6
 775 011c 00       		.byte	0
 776 011d 00       		.byte	0
 777 011e 15       		.uleb128 0x15
 778 011f 0B       		.uleb128 0xb
 779 0120 01       		.byte	0x1
 780 0121 11       		.uleb128 0x11
 781 0122 01       		.uleb128 0x1
 782 0123 12       		.uleb128 0x12
 783 0124 01       		.uleb128 0x1
 784 0125 00       		.byte	0
 785 0126 00       		.byte	0
 786 0127 16       		.uleb128 0x16
 787 0128 34       		.uleb128 0x34
 788 0129 00       		.byte	0
 789 012a 31       		.uleb128 0x31
 790 012b 13       		.uleb128 0x13
 791 012c 02       		.uleb128 0x2
 792 012d 06       		.uleb128 0x6
 793 012e 00       		.byte	0
 794 012f 00       		.byte	0
ARM GAS  /tmp/cc8ylW2T.s 			page 15


 795 0130 17       		.uleb128 0x17
 796 0131 2E       		.uleb128 0x2e
 797 0132 01       		.byte	0x1
 798 0133 31       		.uleb128 0x31
 799 0134 13       		.uleb128 0x13
 800 0135 11       		.uleb128 0x11
 801 0136 01       		.uleb128 0x1
 802 0137 12       		.uleb128 0x12
 803 0138 01       		.uleb128 0x1
 804 0139 40       		.uleb128 0x40
 805 013a 0A       		.uleb128 0xa
 806 013b 9742     		.uleb128 0x2117
 807 013d 0C       		.uleb128 0xc
 808 013e 01       		.uleb128 0x1
 809 013f 13       		.uleb128 0x13
 810 0140 00       		.byte	0
 811 0141 00       		.byte	0
 812 0142 18       		.uleb128 0x18
 813 0143 2E       		.uleb128 0x2e
 814 0144 00       		.byte	0
 815 0145 3F       		.uleb128 0x3f
 816 0146 0C       		.uleb128 0xc
 817 0147 03       		.uleb128 0x3
 818 0148 0E       		.uleb128 0xe
 819 0149 3A       		.uleb128 0x3a
 820 014a 0B       		.uleb128 0xb
 821 014b 3B       		.uleb128 0x3b
 822 014c 0B       		.uleb128 0xb
 823 014d 27       		.uleb128 0x27
 824 014e 0C       		.uleb128 0xc
 825 014f 49       		.uleb128 0x49
 826 0150 13       		.uleb128 0x13
 827 0151 11       		.uleb128 0x11
 828 0152 01       		.uleb128 0x1
 829 0153 12       		.uleb128 0x12
 830 0154 01       		.uleb128 0x1
 831 0155 40       		.uleb128 0x40
 832 0156 0A       		.uleb128 0xa
 833 0157 9742     		.uleb128 0x2117
 834 0159 0C       		.uleb128 0xc
 835 015a 00       		.byte	0
 836 015b 00       		.byte	0
 837 015c 19       		.uleb128 0x19
 838 015d 34       		.uleb128 0x34
 839 015e 00       		.byte	0
 840 015f 03       		.uleb128 0x3
 841 0160 0E       		.uleb128 0xe
 842 0161 3A       		.uleb128 0x3a
 843 0162 0B       		.uleb128 0xb
 844 0163 3B       		.uleb128 0x3b
 845 0164 0B       		.uleb128 0xb
 846 0165 49       		.uleb128 0x49
 847 0166 13       		.uleb128 0x13
 848 0167 02       		.uleb128 0x2
 849 0168 0A       		.uleb128 0xa
 850 0169 00       		.byte	0
 851 016a 00       		.byte	0
ARM GAS  /tmp/cc8ylW2T.s 			page 16


 852 016b 00       		.byte	0
 853              		.section	.debug_loc,"",%progbits
 854              	.Ldebug_loc0:
 855              	.LLST0:
 856 0000 00000000 		.4byte	.LVL0
 857 0004 10000000 		.4byte	.LVL4
 858 0008 0100     		.2byte	0x1
 859 000a 50       		.byte	0x50
 860 000b 10000000 		.4byte	.LVL4
 861 000f 14000000 		.4byte	.LVL5
 862 0013 0300     		.2byte	0x3
 863 0015 70       		.byte	0x70
 864 0016 79       		.sleb128 -7
 865 0017 9F       		.byte	0x9f
 866 0018 14000000 		.4byte	.LVL5
 867 001c 34000000 		.4byte	.LFE8
 868 0020 0400     		.2byte	0x4
 869 0022 F3       		.byte	0xf3
 870 0023 01       		.uleb128 0x1
 871 0024 50       		.byte	0x50
 872 0025 9F       		.byte	0x9f
 873 0026 00000000 		.4byte	0
 874 002a 00000000 		.4byte	0
 875              	.LLST1:
 876 002e 06000000 		.4byte	.LVL2
 877 0032 08000000 		.4byte	.LVL3
 878 0036 0100     		.2byte	0x1
 879 0038 53       		.byte	0x53
 880 0039 00000000 		.4byte	0
 881 003d 00000000 		.4byte	0
 882              	.LLST2:
 883 0041 06000000 		.4byte	.LVL2
 884 0045 10000000 		.4byte	.LVL4
 885 0049 0100     		.2byte	0x1
 886 004b 50       		.byte	0x50
 887 004c 10000000 		.4byte	.LVL4
 888 0050 14000000 		.4byte	.LVL5
 889 0054 0300     		.2byte	0x3
 890 0056 70       		.byte	0x70
 891 0057 79       		.sleb128 -7
 892 0058 9F       		.byte	0x9f
 893 0059 14000000 		.4byte	.LVL5
 894 005d 1C000000 		.4byte	.LVL7
 895 0061 0100     		.2byte	0x1
 896 0063 50       		.byte	0x50
 897 0064 1C000000 		.4byte	.LVL7
 898 0068 34000000 		.4byte	.LFE8
 899 006c 0900     		.2byte	0x9
 900 006e F3       		.byte	0xf3
 901 006f 01       		.uleb128 0x1
 902 0070 50       		.byte	0x50
 903 0071 23       		.byte	0x23
 904 0072 07       		.uleb128 0x7
 905 0073 09       		.byte	0x9
 906 0074 F8       		.byte	0xf8
 907 0075 1A       		.byte	0x1a
 908 0076 9F       		.byte	0x9f
ARM GAS  /tmp/cc8ylW2T.s 			page 17


 909 0077 00000000 		.4byte	0
 910 007b 00000000 		.4byte	0
 911              	.LLST3:
 912 007f 18000000 		.4byte	.LVL6
 913 0083 20000000 		.4byte	.LVL8
 914 0087 0100     		.2byte	0x1
 915 0089 52       		.byte	0x52
 916 008a 20000000 		.4byte	.LVL8
 917 008e 34000000 		.4byte	.LFE8
 918 0092 0500     		.2byte	0x5
 919 0094 03       		.byte	0x3
 920 0095 00000000 		.4byte	nextmem
 921 0099 00000000 		.4byte	0
 922 009d 00000000 		.4byte	0
 923              	.LLST4:
 924 00a1 26000000 		.4byte	.LVL10
 925 00a5 34000000 		.4byte	.LFE8
 926 00a9 0100     		.2byte	0x1
 927 00ab 53       		.byte	0x53
 928 00ac 00000000 		.4byte	0
 929 00b0 00000000 		.4byte	0
 930              	.LLST5:
 931 00b4 00000000 		.4byte	.LVL11
 932 00b8 0A000000 		.4byte	.LVL12
 933 00bc 0100     		.2byte	0x1
 934 00be 50       		.byte	0x50
 935 00bf 0A000000 		.4byte	.LVL12
 936 00c3 0E000000 		.4byte	.LVL13
 937 00c7 0300     		.2byte	0x3
 938 00c9 70       		.byte	0x70
 939 00ca 79       		.sleb128 -7
 940 00cb 9F       		.byte	0x9f
 941 00cc 0E000000 		.4byte	.LVL13
 942 00d0 16000000 		.4byte	.LVL15
 943 00d4 0100     		.2byte	0x1
 944 00d6 50       		.byte	0x50
 945 00d7 16000000 		.4byte	.LVL15
 946 00db 28000000 		.4byte	.LFE9
 947 00df 0900     		.2byte	0x9
 948 00e1 F3       		.byte	0xf3
 949 00e2 01       		.uleb128 0x1
 950 00e3 50       		.byte	0x50
 951 00e4 23       		.byte	0x23
 952 00e5 07       		.uleb128 0x7
 953 00e6 09       		.byte	0x9
 954 00e7 F8       		.byte	0xf8
 955 00e8 1A       		.byte	0x1a
 956 00e9 9F       		.byte	0x9f
 957 00ea 00000000 		.4byte	0
 958 00ee 00000000 		.4byte	0
 959              	.LLST6:
 960 00f2 12000000 		.4byte	.LVL14
 961 00f6 1A000000 		.4byte	.LVL16
 962 00fa 0100     		.2byte	0x1
 963 00fc 53       		.byte	0x53
 964 00fd 1A000000 		.4byte	.LVL16
 965 0101 28000000 		.4byte	.LFE9
ARM GAS  /tmp/cc8ylW2T.s 			page 18


 966 0105 0500     		.2byte	0x5
 967 0107 03       		.byte	0x3
 968 0108 00000000 		.4byte	nextmem
 969 010c 00000000 		.4byte	0
 970 0110 00000000 		.4byte	0
 971              		.section	.debug_aranges,"",%progbits
 972 0000 34000000 		.4byte	0x34
 973 0004 0200     		.2byte	0x2
 974 0006 00000000 		.4byte	.Ldebug_info0
 975 000a 04       		.byte	0x4
 976 000b 00       		.byte	0
 977 000c 0000     		.2byte	0
 978 000e 0000     		.2byte	0
 979 0010 00000000 		.4byte	.LFB7
 980 0014 2C000000 		.4byte	.LFE7-.LFB7
 981 0018 00000000 		.4byte	.LFB8
 982 001c 34000000 		.4byte	.LFE8-.LFB8
 983 0020 00000000 		.4byte	.LFB9
 984 0024 28000000 		.4byte	.LFE9-.LFB9
 985 0028 00000000 		.4byte	.LFB10
 986 002c 18000000 		.4byte	.LFE10-.LFB10
 987 0030 00000000 		.4byte	0
 988 0034 00000000 		.4byte	0
 989              		.section	.debug_ranges,"",%progbits
 990              	.Ldebug_ranges0:
 991 0000 00000000 		.4byte	.LFB7
 992 0004 2C000000 		.4byte	.LFE7
 993 0008 00000000 		.4byte	.LFB8
 994 000c 34000000 		.4byte	.LFE8
 995 0010 00000000 		.4byte	.LFB9
 996 0014 28000000 		.4byte	.LFE9
 997 0018 00000000 		.4byte	.LFB10
 998 001c 18000000 		.4byte	.LFE10
 999 0020 00000000 		.4byte	0
 1000 0024 00000000 		.4byte	0
 1001              		.section	.debug_line,"",%progbits
 1002              	.Ldebug_line0:
 1003 0000 73010000 		.section	.debug_str,"MS",%progbits,1
 1003      02001201 
 1003      00000201 
 1003      FB0E0D00 
 1003      01010101 
 1004              	.LASF10:
 1005 0000 6C6F6E67 		.ascii	"long long int\000"
 1005      206C6F6E 
 1005      6720696E 
 1005      7400
 1006              	.LASF6:
 1007 000e 73686F72 		.ascii	"short unsigned int\000"
 1007      7420756E 
 1007      7369676E 
 1007      65642069 
 1007      6E7400
 1008              	.LASF2:
 1009 0021 73697A65 		.ascii	"size_t\000"
 1009      5F7400
 1010              	.LASF16:
ARM GAS  /tmp/cc8ylW2T.s 			page 19


 1011 0028 6E657874 		.ascii	"nextmem\000"
 1011      6D656D00 
 1012              	.LASF15:
 1013 0030 5F5F6865 		.ascii	"__heap_end__\000"
 1013      61705F65 
 1013      6E645F5F 
 1013      00
 1014              	.LASF14:
 1015 003d 5F5F6865 		.ascii	"__heap_base__\000"
 1015      61705F62 
 1015      6173655F 
 1015      5F00
 1016              	.LASF18:
 1017 004b 474E5520 		.ascii	"GNU C 4.7.2\000"
 1017      4320342E 
 1017      372E3200 
 1018              	.LASF9:
 1019 0057 6C6F6E67 		.ascii	"long unsigned int\000"
 1019      20756E73 
 1019      69676E65 
 1019      6420696E 
 1019      7400
 1020              	.LASF11:
 1021 0069 6C6F6E67 		.ascii	"long long unsigned int\000"
 1021      206C6F6E 
 1021      6720756E 
 1021      7369676E 
 1021      65642069 
 1022              	.LASF3:
 1023 0080 75696E74 		.ascii	"uint8_t\000"
 1023      385F7400 
 1024              	.LASF4:
 1025 0088 756E7369 		.ascii	"unsigned char\000"
 1025      676E6564 
 1025      20636861 
 1025      7200
 1026              	.LASF13:
 1027 0096 63686172 		.ascii	"char\000"
 1027      00
 1028              	.LASF24:
 1029 009b 6368436F 		.ascii	"chCoreAlloc\000"
 1029      7265416C 
 1029      6C6F6300 
 1030              	.LASF8:
 1031 00a7 75696E74 		.ascii	"uint32_t\000"
 1031      33325F74 
 1031      00
 1032              	.LASF7:
 1033 00b0 6C6F6E67 		.ascii	"long int\000"
 1033      20696E74 
 1033      00
 1034              	.LASF23:
 1035 00b9 5F636F72 		.ascii	"_core_init\000"
 1035      655F696E 
 1035      697400
 1036              	.LASF19:
 1037 00c4 2E2E2F2E 		.ascii	"../../os/kernel/src/chmemcore.c\000"
ARM GAS  /tmp/cc8ylW2T.s 			page 20


 1037      2E2F6F73 
 1037      2F6B6572 
 1037      6E656C2F 
 1037      7372632F 
 1038              	.LASF17:
 1039 00e4 656E646D 		.ascii	"endmem\000"
 1039      656D00
 1040              	.LASF21:
 1041 00eb 6368436F 		.ascii	"chCoreAllocI\000"
 1041      7265416C 
 1041      6C6F6349 
 1041      00
 1042              	.LASF1:
 1043 00f8 7369676E 		.ascii	"signed char\000"
 1043      65642063 
 1043      68617200 
 1044              	.LASF22:
 1045 0104 73697A65 		.ascii	"size\000"
 1045      00
 1046              	.LASF20:
 1047 0109 2F686F6D 		.ascii	"/home/kwilson/Sandbox/ChibiOS_2.5.1/demos/ARMCM4-ST"
 1047      652F6B77 
 1047      696C736F 
 1047      6E2F5361 
 1047      6E64626F 
 1048 013c 4D333246 		.ascii	"M32F407-LWIP-FATFS-USB\000"
 1048      3430372D 
 1048      4C574950 
 1048      2D464154 
 1048      46532D55 
 1049              	.LASF5:
 1050 0153 73686F72 		.ascii	"short int\000"
 1050      7420696E 
 1050      7400
 1051              	.LASF0:
 1052 015d 756E7369 		.ascii	"unsigned int\000"
 1052      676E6564 
 1052      20696E74 
 1052      00
 1053              	.LASF12:
 1054 016a 73697A65 		.ascii	"sizetype\000"
 1054      74797065 
 1054      00
 1055              	.LASF25:
 1056 0173 6368436F 		.ascii	"chCoreStatus\000"
 1056      72655374 
 1056      61747573 
 1056      00
 1057              		.ident	"GCC: (crosstool-NG 1.17.0 - PSAS ST32F4 GFE) 4.7.2"
ARM GAS  /tmp/cc8ylW2T.s 			page 21


DEFINED SYMBOLS
                            *ABS*:0000000000000000 chmemcore.c
     /tmp/cc8ylW2T.s:21     .text._core_init:0000000000000000 $t
     /tmp/cc8ylW2T.s:27     .text._core_init:0000000000000000 _core_init
     /tmp/cc8ylW2T.s:219    .bss.nextmem:0000000000000000 .LANCHOR0
     /tmp/cc8ylW2T.s:212    .bss.endmem:0000000000000000 .LANCHOR1
     /tmp/cc8ylW2T.s:58     .text._core_init:0000000000000028 $d
     /tmp/cc8ylW2T.s:63     .text.chCoreAlloc:0000000000000000 $t
     /tmp/cc8ylW2T.s:69     .text.chCoreAlloc:0000000000000000 chCoreAlloc
     /tmp/cc8ylW2T.s:130    .text.chCoreAlloc:000000000000002c $d
     /tmp/cc8ylW2T.s:136    .text.chCoreAllocI:0000000000000000 $t
     /tmp/cc8ylW2T.s:142    .text.chCoreAllocI:0000000000000000 chCoreAllocI
     /tmp/cc8ylW2T.s:178    .text.chCoreAllocI:0000000000000020 $d
     /tmp/cc8ylW2T.s:184    .text.chCoreStatus:0000000000000000 $t
     /tmp/cc8ylW2T.s:190    .text.chCoreStatus:0000000000000000 chCoreStatus
     /tmp/cc8ylW2T.s:211    .bss.endmem:0000000000000000 $d
     /tmp/cc8ylW2T.s:215    .bss.endmem:0000000000000000 endmem
     /tmp/cc8ylW2T.s:218    .bss.nextmem:0000000000000000 $d
     /tmp/cc8ylW2T.s:222    .bss.nextmem:0000000000000000 nextmem
                     .debug_frame:0000000000000010 $d
     /tmp/cc8ylW2T.s:62     .text._core_init:000000000000002c $t
     /tmp/cc8ylW2T.s:135    .text.chCoreAlloc:0000000000000034 $t
     /tmp/cc8ylW2T.s:183    .text.chCoreAllocI:0000000000000028 $t

UNDEFINED SYMBOLS
__heap_end__
__heap_base__
