ARM GAS  /tmp/ccGeMsrs.s 			page 1


   1              		.syntax unified
   2              		.cpu cortex-m4
   3              		.eabi_attribute 27, 3
   4              		.eabi_attribute 28, 1
   5              		.fpu fpv4-sp-d16
   6              		.eabi_attribute 20, 1
   7              		.eabi_attribute 21, 1
   8              		.eabi_attribute 23, 3
   9              		.eabi_attribute 24, 1
  10              		.eabi_attribute 25, 1
  11              		.eabi_attribute 26, 1
  12              		.eabi_attribute 30, 2
  13              		.eabi_attribute 34, 1
  14              		.eabi_attribute 18, 4
  15              		.thumb
  16              		.file	"chmsg.c"
  17              		.text
  18              	.Ltext0:
  19              		.cfi_sections	.debug_frame
  20              		.section	.text.chMsgSend,"ax",%progbits
  21              		.align	2
  22              		.p2align 4,,15
  23              		.global	chMsgSend
  24              		.thumb
  25              		.thumb_func
  26              		.type	chMsgSend, %function
  27              	chMsgSend:
  28              	.LFB7:
  29              		.file 1 "../../os/kernel/src/chmsg.c"
  30              		.loc 1 68 0
  31              		.cfi_startproc
  32              		@ args = 0, pretend = 0, frame = 0
  33              		@ frame_needed = 0, uses_anonymous_args = 0
  34              	.LVL0:
  35 0000 70B5     		push	{r4, r5, r6, lr}
  36              	.LCFI0:
  37              		.cfi_def_cfa_offset 16
  38              		.cfi_offset 4, -16
  39              		.cfi_offset 5, -12
  40              		.cfi_offset 6, -8
  41              		.cfi_offset 14, -4
  42              		.loc 1 69 0
  43 0002 0E4B     		ldr	r3, .L5
  44 0004 9C69     		ldr	r4, [r3, #24]
  45              	.LVL1:
  46              	.LBB10:
  47              		.loc 1 73 0
  48 0006 2023     		movs	r3, #32
  49              	.LVL2:
  50              	@ 73 "../../os/kernel/src/chmsg.c" 1
  51 0008 83F31188 		msr     BASEPRI, r3
  52              	@ 0 "" 2
  53              	.LVL3:
  54              		.thumb
  55              	.LBE10:
  56              		.loc 1 75 0
  57 000c 00F12C05 		add	r5, r0, #44
ARM GAS  /tmp/ccGeMsrs.s 			page 2


  58 0010 6562     		str	r5, [r4, #36]
  59              	.LVL4:
  60              		.loc 1 77 0
  61 0012 067F     		ldrb	r6, [r0, #28]	@ zero_extendqisi2
  62              	.LBB11:
  63              	.LBB12:
  64              		.file 2 "../../os/kernel/include/chinline.h"
  65              		.loc 2 48 0
  66 0014 036B     		ldr	r3, [r0, #48]
  67              	.LVL5:
  68              		.loc 2 47 0
  69 0016 2560     		str	r5, [r4, #0]
  70              	.LBE12:
  71              	.LBE11:
  72              		.loc 1 77 0
  73 0018 0C2E     		cmp	r6, #12
  74              		.loc 1 74 0
  75 001a 6163     		str	r1, [r4, #52]
  76              	.LBB14:
  77              	.LBB13:
  78              		.loc 2 48 0
  79 001c 6360     		str	r3, [r4, #4]
  80              		.loc 2 49 0
  81 001e 0463     		str	r4, [r0, #48]
  82 0020 1C60     		str	r4, [r3, #0]
  83              	.LBE13:
  84              	.LBE14:
  85              		.loc 1 77 0
  86 0022 07D0     		beq	.L4
  87              	.LVL6:
  88              	.L2:
  89              		.loc 1 79 0
  90 0024 0A20     		movs	r0, #10
  91 0026 FFF7FEFF 		bl	chSchGoSleepS
  92              	.LVL7:
  93              		.loc 1 80 0
  94 002a 606A     		ldr	r0, [r4, #36]
  95              	.LVL8:
  96              	.LBB15:
  97              		.loc 1 81 0
  98 002c 0023     		movs	r3, #0
  99              	.LVL9:
 100              	@ 81 "../../os/kernel/src/chmsg.c" 1
 101 002e 83F31188 		msr     BASEPRI, r3
 102              	@ 0 "" 2
 103              	.LVL10:
 104              		.thumb
 105              	.LBE15:
 106              		.loc 1 83 0
 107 0032 70BD     		pop	{r4, r5, r6, pc}
 108              	.LVL11:
 109              	.L4:
 110              		.loc 1 78 0
 111 0034 FFF7FEFF 		bl	chSchReadyI
 112              	.LVL12:
 113 0038 F4E7     		b	.L2
 114              	.L6:
ARM GAS  /tmp/ccGeMsrs.s 			page 3


 115 003a 00BF     		.align	2
 116              	.L5:
 117 003c 00000000 		.word	rlist
 118              		.cfi_endproc
 119              	.LFE7:
 120              		.size	chMsgSend, .-chMsgSend
 121              		.section	.text.chMsgWait,"ax",%progbits
 122              		.align	2
 123              		.p2align 4,,15
 124              		.global	chMsgWait
 125              		.thumb
 126              		.thumb_func
 127              		.type	chMsgWait, %function
 128              	chMsgWait:
 129              	.LFB8:
 130              		.loc 1 99 0
 131              		.cfi_startproc
 132              		@ args = 0, pretend = 0, frame = 0
 133              		@ frame_needed = 0, uses_anonymous_args = 0
 134 0000 10B5     		push	{r4, lr}
 135              	.LCFI1:
 136              		.cfi_def_cfa_offset 8
 137              		.cfi_offset 4, -8
 138              		.cfi_offset 14, -4
 139              	.LBB16:
 140              		.loc 1 102 0
 141 0002 2023     		movs	r3, #32
 142              	.LVL13:
 143              	@ 102 "../../os/kernel/src/chmsg.c" 1
 144 0004 83F31188 		msr     BASEPRI, r3
 145              	@ 0 "" 2
 146              	.LVL14:
 147              		.thumb
 148              	.LBE16:
 149              		.loc 1 103 0
 150 0008 0B4C     		ldr	r4, .L10
 151 000a A369     		ldr	r3, [r4, #24]
 152              	.LVL15:
 153 000c 1A46     		mov	r2, r3
 154 000e 52F82C0F 		ldr	r0, [r2, #44]!
 155 0012 9042     		cmp	r0, r2
 156 0014 08D0     		beq	.L9
 157              	.L8:
 158              	.LVL16:
 159              	.LBB17:
 160              	.LBB18:
 161              		.loc 2 55 0
 162 0016 0168     		ldr	r1, [r0, #0]
 163 0018 D962     		str	r1, [r3, #44]
 164 001a 4A60     		str	r2, [r1, #4]
 165              	.LBE18:
 166              	.LBE17:
 167              		.loc 1 106 0
 168 001c 0B22     		movs	r2, #11
 169 001e 0277     		strb	r2, [r0, #28]
 170              	.LBB19:
 171              		.loc 1 107 0
ARM GAS  /tmp/ccGeMsrs.s 			page 4


 172 0020 0023     		movs	r3, #0
 173              	.LVL17:
 174              	@ 107 "../../os/kernel/src/chmsg.c" 1
 175 0022 83F31188 		msr     BASEPRI, r3
 176              	@ 0 "" 2
 177              	.LVL18:
 178              		.thumb
 179              	.LBE19:
 180              		.loc 1 109 0
 181 0026 10BD     		pop	{r4, pc}
 182              	.LVL19:
 183              	.L9:
 184              		.loc 1 104 0
 185 0028 0C20     		movs	r0, #12
 186 002a FFF7FEFF 		bl	chSchGoSleepS
 187              	.LVL20:
 188 002e A369     		ldr	r3, [r4, #24]
 189 0030 1A46     		mov	r2, r3
 190 0032 52F82C0F 		ldr	r0, [r2, #44]!
 191 0036 EEE7     		b	.L8
 192              	.L11:
 193              		.align	2
 194              	.L10:
 195 0038 00000000 		.word	rlist
 196              		.cfi_endproc
 197              	.LFE8:
 198              		.size	chMsgWait, .-chMsgWait
 199 003c AFF30080 		.section	.text.chMsgRelease,"ax",%progbits
 200              		.align	2
 201              		.p2align 4,,15
 202              		.global	chMsgRelease
 203              		.thumb
 204              		.thumb_func
 205              		.type	chMsgRelease, %function
 206              	chMsgRelease:
 207              	.LFB9:
 208              		.loc 1 121 0
 209              		.cfi_startproc
 210              		@ args = 0, pretend = 0, frame = 0
 211              		@ frame_needed = 0, uses_anonymous_args = 0
 212              	.LVL21:
 213 0000 08B5     		push	{r3, lr}
 214              	.LCFI2:
 215              		.cfi_def_cfa_offset 8
 216              		.cfi_offset 3, -8
 217              		.cfi_offset 14, -4
 218              	.LBB20:
 219              		.loc 1 123 0
 220 0002 2023     		movs	r3, #32
 221              	.LVL22:
 222              	@ 123 "../../os/kernel/src/chmsg.c" 1
 223 0004 83F31188 		msr     BASEPRI, r3
 224              	@ 0 "" 2
 225              	.LVL23:
 226              		.thumb
 227              	.LBE20:
 228              		.loc 1 126 0
ARM GAS  /tmp/ccGeMsrs.s 			page 5


 229 0008 FFF7FEFF 		bl	chSchWakeupS
 230              	.LVL24:
 231              	.LBB21:
 232              		.loc 1 127 0
 233 000c 0023     		movs	r3, #0
 234              	.LVL25:
 235              	@ 127 "../../os/kernel/src/chmsg.c" 1
 236 000e 83F31188 		msr     BASEPRI, r3
 237              	@ 0 "" 2
 238              	.LVL26:
 239              		.thumb
 240 0012 08BD     		pop	{r3, pc}
 241              	.LBE21:
 242              		.cfi_endproc
 243              	.LFE9:
 244              		.size	chMsgRelease, .-chMsgRelease
 245 0014 AFF30080 		.text
 245      AFF30080 
 245      AFF30080 
 246              	.Letext0:
 247              		.file 3 "/opt/psas/x-tools/stm32f407/arm-psas-eabi/bin/../lib/gcc/arm-psas-eabi/4.7.2/../../../../
 248              		.file 4 "../../os/ports/GCC/ARMCMx/chtypes.h"
 249              		.file 5 "../../os/kernel/include/chlists.h"
 250              		.file 6 "../../os/kernel/include/chthreads.h"
 251              		.file 7 "../../os/ports/GCC/ARMCMx/chcore_v7m.h"
 252              		.file 8 "../../os/kernel/include/chschd.h"
 253              		.file 9 "../../os/kernel/include/chmtx.h"
 254              		.section	.debug_info,"",%progbits
 255              	.Ldebug_info0:
 256 0000 BF060000 		.4byte	0x6bf
 257 0004 0200     		.2byte	0x2
 258 0006 00000000 		.4byte	.Ldebug_abbrev0
 259 000a 04       		.byte	0x4
 260 000b 01       		.uleb128 0x1
 261 000c 7E010000 		.4byte	.LASF64
 262 0010 01       		.byte	0x1
 263 0011 E0020000 		.4byte	.LASF65
 264 0015 0A010000 		.4byte	.LASF66
 265 0019 18000000 		.4byte	.Ldebug_ranges0+0x18
 266 001d 00000000 		.4byte	0
 267 0021 00000000 		.4byte	0
 268 0025 00000000 		.4byte	.Ldebug_line0
 269 0029 02       		.uleb128 0x2
 270 002a 04       		.byte	0x4
 271 002b 05       		.byte	0x5
 272 002c 696E7400 		.ascii	"int\000"
 273 0030 03       		.uleb128 0x3
 274 0031 04       		.byte	0x4
 275 0032 07       		.byte	0x7
 276 0033 AA000000 		.4byte	.LASF0
 277 0037 03       		.uleb128 0x3
 278 0038 01       		.byte	0x1
 279 0039 06       		.byte	0x6
 280 003a 4F000000 		.4byte	.LASF1
 281 003e 04       		.uleb128 0x4
 282 003f CA020000 		.4byte	.LASF5
 283 0043 03       		.byte	0x3
ARM GAS  /tmp/ccGeMsrs.s 			page 6


 284 0044 2A       		.byte	0x2a
 285 0045 49000000 		.4byte	0x49
 286 0049 03       		.uleb128 0x3
 287 004a 01       		.byte	0x1
 288 004b 08       		.byte	0x8
 289 004c BB010000 		.4byte	.LASF2
 290 0050 03       		.uleb128 0x3
 291 0051 02       		.byte	0x2
 292 0052 05       		.byte	0x5
 293 0053 D3010000 		.4byte	.LASF3
 294 0057 03       		.uleb128 0x3
 295 0058 02       		.byte	0x2
 296 0059 07       		.byte	0x7
 297 005a D1000000 		.4byte	.LASF4
 298 005e 04       		.uleb128 0x4
 299 005f B3010000 		.4byte	.LASF6
 300 0063 03       		.byte	0x3
 301 0064 4F       		.byte	0x4f
 302 0065 69000000 		.4byte	0x69
 303 0069 03       		.uleb128 0x3
 304 006a 04       		.byte	0x4
 305 006b 05       		.byte	0x5
 306 006c 75000000 		.4byte	.LASF7
 307 0070 04       		.uleb128 0x4
 308 0071 39020000 		.4byte	.LASF8
 309 0075 03       		.byte	0x3
 310 0076 50       		.byte	0x50
 311 0077 7B000000 		.4byte	0x7b
 312 007b 03       		.uleb128 0x3
 313 007c 04       		.byte	0x4
 314 007d 07       		.byte	0x7
 315 007e B7000000 		.4byte	.LASF9
 316 0082 03       		.uleb128 0x3
 317 0083 08       		.byte	0x8
 318 0084 05       		.byte	0x5
 319 0085 41000000 		.4byte	.LASF10
 320 0089 03       		.uleb128 0x3
 321 008a 08       		.byte	0x8
 322 008b 07       		.byte	0x7
 323 008c 1A000000 		.4byte	.LASF11
 324 0090 04       		.uleb128 0x4
 325 0091 EA000000 		.4byte	.LASF12
 326 0095 04       		.byte	0x4
 327 0096 28       		.byte	0x28
 328 0097 3E000000 		.4byte	0x3e
 329 009b 04       		.uleb128 0x4
 330 009c 88000000 		.4byte	.LASF13
 331 00a0 04       		.byte	0x4
 332 00a1 29       		.byte	0x29
 333 00a2 3E000000 		.4byte	0x3e
 334 00a6 04       		.uleb128 0x4
 335 00a7 9C010000 		.4byte	.LASF14
 336 00ab 04       		.byte	0x4
 337 00ac 2A       		.byte	0x2a
 338 00ad 3E000000 		.4byte	0x3e
 339 00b1 04       		.uleb128 0x4
 340 00b2 6B000000 		.4byte	.LASF15
ARM GAS  /tmp/ccGeMsrs.s 			page 7


 341 00b6 04       		.byte	0x4
 342 00b7 2B       		.byte	0x2b
 343 00b8 3E000000 		.4byte	0x3e
 344 00bc 04       		.uleb128 0x4
 345 00bd AB010000 		.4byte	.LASF16
 346 00c1 04       		.byte	0x4
 347 00c2 2C       		.byte	0x2c
 348 00c3 70000000 		.4byte	0x70
 349 00c7 04       		.uleb128 0x4
 350 00c8 E4000000 		.4byte	.LASF17
 351 00cc 04       		.byte	0x4
 352 00cd 2D       		.byte	0x2d
 353 00ce 5E000000 		.4byte	0x5e
 354 00d2 04       		.uleb128 0x4
 355 00d3 FE000000 		.4byte	.LASF18
 356 00d7 04       		.byte	0x4
 357 00d8 2F       		.byte	0x2f
 358 00d9 70000000 		.4byte	0x70
 359 00dd 04       		.uleb128 0x4
 360 00de 6E020000 		.4byte	.LASF19
 361 00e2 04       		.byte	0x4
 362 00e3 31       		.byte	0x31
 363 00e4 70000000 		.4byte	0x70
 364 00e8 04       		.uleb128 0x4
 365 00e9 0C020000 		.4byte	.LASF20
 366 00ed 05       		.byte	0x5
 367 00ee 23       		.byte	0x23
 368 00ef F3000000 		.4byte	0xf3
 369 00f3 05       		.uleb128 0x5
 370 00f4 0C020000 		.4byte	.LASF20
 371 00f8 48       		.byte	0x48
 372 00f9 06       		.byte	0x6
 373 00fa 57       		.byte	0x57
 374 00fb 18020000 		.4byte	0x218
 375 00ff 06       		.uleb128 0x6
 376 0100 FD010000 		.4byte	.LASF21
 377 0104 06       		.byte	0x6
 378 0105 58       		.byte	0x58
 379 0106 3D020000 		.4byte	0x23d
 380 010a 02       		.byte	0x2
 381 010b 23       		.byte	0x23
 382 010c 00       		.uleb128 0
 383 010d 06       		.uleb128 0x6
 384 010e A4010000 		.4byte	.LASF22
 385 0112 06       		.byte	0x6
 386 0113 5A       		.byte	0x5a
 387 0114 3D020000 		.4byte	0x23d
 388 0118 02       		.byte	0x2
 389 0119 23       		.byte	0x23
 390 011a 04       		.uleb128 0x4
 391 011b 06       		.uleb128 0x6
 392 011c 3A000000 		.4byte	.LASF23
 393 0120 06       		.byte	0x6
 394 0121 5C       		.byte	0x5c
 395 0122 BC000000 		.4byte	0xbc
 396 0126 02       		.byte	0x2
 397 0127 23       		.byte	0x23
ARM GAS  /tmp/ccGeMsrs.s 			page 8


 398 0128 08       		.uleb128 0x8
 399 0129 06       		.uleb128 0x6
 400 012a 04030000 		.4byte	.LASF24
 401 012e 06       		.byte	0x6
 402 012f 5D       		.byte	0x5d
 403 0130 0B030000 		.4byte	0x30b
 404 0134 02       		.byte	0x2
 405 0135 23       		.byte	0x23
 406 0136 0C       		.uleb128 0xc
 407 0137 06       		.uleb128 0x6
 408 0138 91000000 		.4byte	.LASF25
 409 013c 06       		.byte	0x6
 410 013d 5F       		.byte	0x5f
 411 013e 3D020000 		.4byte	0x23d
 412 0142 02       		.byte	0x2
 413 0143 23       		.byte	0x23
 414 0144 10       		.uleb128 0x10
 415 0145 06       		.uleb128 0x6
 416 0146 63010000 		.4byte	.LASF26
 417 014a 06       		.byte	0x6
 418 014b 60       		.byte	0x60
 419 014c 3D020000 		.4byte	0x23d
 420 0150 02       		.byte	0x2
 421 0151 23       		.byte	0x23
 422 0152 14       		.uleb128 0x14
 423 0153 06       		.uleb128 0x6
 424 0154 D9020000 		.4byte	.LASF27
 425 0158 06       		.byte	0x6
 426 0159 67       		.byte	0x67
 427 015a 1F040000 		.4byte	0x41f
 428 015e 02       		.byte	0x2
 429 015f 23       		.byte	0x23
 430 0160 18       		.uleb128 0x18
 431 0161 06       		.uleb128 0x6
 432 0162 DD010000 		.4byte	.LASF28
 433 0166 06       		.byte	0x6
 434 0167 72       		.byte	0x72
 435 0168 9B000000 		.4byte	0x9b
 436 016c 02       		.byte	0x2
 437 016d 23       		.byte	0x23
 438 016e 1C       		.uleb128 0x1c
 439 016f 06       		.uleb128 0x6
 440 0170 04020000 		.4byte	.LASF29
 441 0174 06       		.byte	0x6
 442 0175 76       		.byte	0x76
 443 0176 90000000 		.4byte	0x90
 444 017a 02       		.byte	0x2
 445 017b 23       		.byte	0x23
 446 017c 1D       		.uleb128 0x1d
 447 017d 06       		.uleb128 0x6
 448 017e B3020000 		.4byte	.LASF30
 449 0182 06       		.byte	0x6
 450 0183 7B       		.byte	0x7b
 451 0184 A6000000 		.4byte	0xa6
 452 0188 02       		.byte	0x2
 453 0189 23       		.byte	0x23
 454 018a 1E       		.uleb128 0x1e
ARM GAS  /tmp/ccGeMsrs.s 			page 9


 455 018b 06       		.uleb128 0x6
 456 018c E5010000 		.4byte	.LASF31
 457 0190 06       		.byte	0x6
 458 0191 81       		.byte	0x81
 459 0192 B1000000 		.4byte	0xb1
 460 0196 02       		.byte	0x2
 461 0197 23       		.byte	0x23
 462 0198 1F       		.uleb128 0x1f
 463 0199 06       		.uleb128 0x6
 464 019a 83020000 		.4byte	.LASF32
 465 019e 06       		.byte	0x6
 466 019f 88       		.byte	0x88
 467 01a0 35030000 		.4byte	0x335
 468 01a4 02       		.byte	0x2
 469 01a5 23       		.byte	0x23
 470 01a6 20       		.uleb128 0x20
 471 01a7 07       		.uleb128 0x7
 472 01a8 705F7500 		.ascii	"p_u\000"
 473 01ac 06       		.byte	0x6
 474 01ad AD       		.byte	0xad
 475 01ae EA030000 		.4byte	0x3ea
 476 01b2 02       		.byte	0x2
 477 01b3 23       		.byte	0x23
 478 01b4 24       		.uleb128 0x24
 479 01b5 06       		.uleb128 0x6
 480 01b6 0A030000 		.4byte	.LASF33
 481 01ba 06       		.byte	0x6
 482 01bb B2       		.byte	0xb2
 483 01bc 65020000 		.4byte	0x265
 484 01c0 02       		.byte	0x2
 485 01c1 23       		.byte	0x23
 486 01c2 28       		.uleb128 0x28
 487 01c3 06       		.uleb128 0x6
 488 01c4 91020000 		.4byte	.LASF34
 489 01c8 06       		.byte	0x6
 490 01c9 B8       		.byte	0xb8
 491 01ca 43020000 		.4byte	0x243
 492 01ce 02       		.byte	0x2
 493 01cf 23       		.byte	0x23
 494 01d0 2C       		.uleb128 0x2c
 495 01d1 06       		.uleb128 0x6
 496 01d2 00000000 		.4byte	.LASF35
 497 01d6 06       		.byte	0x6
 498 01d7 BC       		.byte	0xbc
 499 01d8 C7000000 		.4byte	0xc7
 500 01dc 02       		.byte	0x2
 501 01dd 23       		.byte	0x23
 502 01de 34       		.uleb128 0x34
 503 01df 06       		.uleb128 0x6
 504 01e0 2E020000 		.4byte	.LASF36
 505 01e4 06       		.byte	0x6
 506 01e5 C2       		.byte	0xc2
 507 01e6 D2000000 		.4byte	0xd2
 508 01ea 02       		.byte	0x2
 509 01eb 23       		.byte	0x23
 510 01ec 38       		.uleb128 0x38
 511 01ed 06       		.uleb128 0x6
ARM GAS  /tmp/ccGeMsrs.s 			page 10


 512 01ee C9010000 		.4byte	.LASF37
 513 01f2 06       		.byte	0x6
 514 01f3 C9       		.byte	0xc9
 515 01f4 31040000 		.4byte	0x431
 516 01f8 02       		.byte	0x2
 517 01f9 23       		.byte	0x23
 518 01fa 3C       		.uleb128 0x3c
 519 01fb 06       		.uleb128 0x6
 520 01fc 78020000 		.4byte	.LASF38
 521 0200 06       		.byte	0x6
 522 0201 CD       		.byte	0xcd
 523 0202 BC000000 		.4byte	0xbc
 524 0206 02       		.byte	0x2
 525 0207 23       		.byte	0x23
 526 0208 40       		.uleb128 0x40
 527 0209 06       		.uleb128 0x6
 528 020a 5B000000 		.4byte	.LASF39
 529 020e 06       		.byte	0x6
 530 020f D3       		.byte	0xd3
 531 0210 7B020000 		.4byte	0x27b
 532 0214 02       		.byte	0x2
 533 0215 23       		.byte	0x23
 534 0216 44       		.uleb128 0x44
 535 0217 00       		.byte	0
 536 0218 08       		.uleb128 0x8
 537 0219 08       		.byte	0x8
 538 021a 05       		.byte	0x5
 539 021b 5A       		.byte	0x5a
 540 021c 3D020000 		.4byte	0x23d
 541 0220 06       		.uleb128 0x6
 542 0221 FD010000 		.4byte	.LASF21
 543 0225 05       		.byte	0x5
 544 0226 5B       		.byte	0x5b
 545 0227 3D020000 		.4byte	0x23d
 546 022b 02       		.byte	0x2
 547 022c 23       		.byte	0x23
 548 022d 00       		.uleb128 0
 549 022e 06       		.uleb128 0x6
 550 022f A4010000 		.4byte	.LASF22
 551 0233 05       		.byte	0x5
 552 0234 5D       		.byte	0x5d
 553 0235 3D020000 		.4byte	0x23d
 554 0239 02       		.byte	0x2
 555 023a 23       		.byte	0x23
 556 023b 04       		.uleb128 0x4
 557 023c 00       		.byte	0
 558 023d 09       		.uleb128 0x9
 559 023e 04       		.byte	0x4
 560 023f E8000000 		.4byte	0xe8
 561 0243 04       		.uleb128 0x4
 562 0244 71010000 		.4byte	.LASF40
 563 0248 05       		.byte	0x5
 564 0249 5F       		.byte	0x5f
 565 024a 18020000 		.4byte	0x218
 566 024e 08       		.uleb128 0x8
 567 024f 04       		.byte	0x4
 568 0250 05       		.byte	0x5
ARM GAS  /tmp/ccGeMsrs.s 			page 11


 569 0251 64       		.byte	0x64
 570 0252 65020000 		.4byte	0x265
 571 0256 06       		.uleb128 0x6
 572 0257 FD010000 		.4byte	.LASF21
 573 025b 05       		.byte	0x5
 574 025c 66       		.byte	0x66
 575 025d 3D020000 		.4byte	0x23d
 576 0261 02       		.byte	0x2
 577 0262 23       		.byte	0x23
 578 0263 00       		.uleb128 0
 579 0264 00       		.byte	0
 580 0265 04       		.uleb128 0x4
 581 0266 F2000000 		.4byte	.LASF41
 582 026a 05       		.byte	0x5
 583 026b 69       		.byte	0x69
 584 026c 4E020000 		.4byte	0x24e
 585 0270 04       		.uleb128 0x4
 586 0271 A1000000 		.4byte	.LASF42
 587 0275 07       		.byte	0x7
 588 0276 DE       		.byte	0xde
 589 0277 7B020000 		.4byte	0x27b
 590 027b 0A       		.uleb128 0xa
 591 027c 04       		.byte	0x4
 592 027d 0B       		.uleb128 0xb
 593 027e 8A020000 		.4byte	.LASF43
 594 0282 24       		.byte	0x24
 595 0283 07       		.byte	0x7
 596 0284 0501     		.2byte	0x105
 597 0286 0B030000 		.4byte	0x30b
 598 028a 0C       		.uleb128 0xc
 599 028b 723400   		.ascii	"r4\000"
 600 028e 07       		.byte	0x7
 601 028f 1801     		.2byte	0x118
 602 0291 70020000 		.4byte	0x270
 603 0295 02       		.byte	0x2
 604 0296 23       		.byte	0x23
 605 0297 00       		.uleb128 0
 606 0298 0C       		.uleb128 0xc
 607 0299 723500   		.ascii	"r5\000"
 608 029c 07       		.byte	0x7
 609 029d 1901     		.2byte	0x119
 610 029f 70020000 		.4byte	0x270
 611 02a3 02       		.byte	0x2
 612 02a4 23       		.byte	0x23
 613 02a5 04       		.uleb128 0x4
 614 02a6 0C       		.uleb128 0xc
 615 02a7 723600   		.ascii	"r6\000"
 616 02aa 07       		.byte	0x7
 617 02ab 1A01     		.2byte	0x11a
 618 02ad 70020000 		.4byte	0x270
 619 02b1 02       		.byte	0x2
 620 02b2 23       		.byte	0x23
 621 02b3 08       		.uleb128 0x8
 622 02b4 0C       		.uleb128 0xc
 623 02b5 723700   		.ascii	"r7\000"
 624 02b8 07       		.byte	0x7
 625 02b9 1B01     		.2byte	0x11b
ARM GAS  /tmp/ccGeMsrs.s 			page 12


 626 02bb 70020000 		.4byte	0x270
 627 02bf 02       		.byte	0x2
 628 02c0 23       		.byte	0x23
 629 02c1 0C       		.uleb128 0xc
 630 02c2 0C       		.uleb128 0xc
 631 02c3 723800   		.ascii	"r8\000"
 632 02c6 07       		.byte	0x7
 633 02c7 1C01     		.2byte	0x11c
 634 02c9 70020000 		.4byte	0x270
 635 02cd 02       		.byte	0x2
 636 02ce 23       		.byte	0x23
 637 02cf 10       		.uleb128 0x10
 638 02d0 0C       		.uleb128 0xc
 639 02d1 723900   		.ascii	"r9\000"
 640 02d4 07       		.byte	0x7
 641 02d5 1D01     		.2byte	0x11d
 642 02d7 70020000 		.4byte	0x270
 643 02db 02       		.byte	0x2
 644 02dc 23       		.byte	0x23
 645 02dd 14       		.uleb128 0x14
 646 02de 0C       		.uleb128 0xc
 647 02df 72313000 		.ascii	"r10\000"
 648 02e3 07       		.byte	0x7
 649 02e4 1E01     		.2byte	0x11e
 650 02e6 70020000 		.4byte	0x270
 651 02ea 02       		.byte	0x2
 652 02eb 23       		.byte	0x23
 653 02ec 18       		.uleb128 0x18
 654 02ed 0C       		.uleb128 0xc
 655 02ee 72313100 		.ascii	"r11\000"
 656 02f2 07       		.byte	0x7
 657 02f3 1F01     		.2byte	0x11f
 658 02f5 70020000 		.4byte	0x270
 659 02f9 02       		.byte	0x2
 660 02fa 23       		.byte	0x23
 661 02fb 1C       		.uleb128 0x1c
 662 02fc 0C       		.uleb128 0xc
 663 02fd 6C7200   		.ascii	"lr\000"
 664 0300 07       		.byte	0x7
 665 0301 2001     		.2byte	0x120
 666 0303 70020000 		.4byte	0x270
 667 0307 02       		.byte	0x2
 668 0308 23       		.byte	0x23
 669 0309 20       		.uleb128 0x20
 670 030a 00       		.byte	0
 671 030b 0B       		.uleb128 0xb
 672 030c C9000000 		.4byte	.LASF44
 673 0310 04       		.byte	0x4
 674 0311 07       		.byte	0x7
 675 0312 2A01     		.2byte	0x12a
 676 0314 28030000 		.4byte	0x328
 677 0318 0C       		.uleb128 0xc
 678 0319 72313300 		.ascii	"r13\000"
 679 031d 07       		.byte	0x7
 680 031e 2B01     		.2byte	0x12b
 681 0320 28030000 		.4byte	0x328
 682 0324 02       		.byte	0x2
ARM GAS  /tmp/ccGeMsrs.s 			page 13


 683 0325 23       		.byte	0x23
 684 0326 00       		.uleb128 0
 685 0327 00       		.byte	0
 686 0328 09       		.uleb128 0x9
 687 0329 04       		.byte	0x4
 688 032a 7D020000 		.4byte	0x27d
 689 032e 03       		.uleb128 0x3
 690 032f 04       		.byte	0x4
 691 0330 07       		.byte	0x7
 692 0331 5A010000 		.4byte	.LASF45
 693 0335 0D       		.uleb128 0xd
 694 0336 DD000000 		.4byte	0xdd
 695 033a 08       		.uleb128 0x8
 696 033b 1C       		.byte	0x1c
 697 033c 08       		.byte	0x8
 698 033d 57       		.byte	0x57
 699 033e 97030000 		.4byte	0x397
 700 0342 06       		.uleb128 0x6
 701 0343 42020000 		.4byte	.LASF46
 702 0347 08       		.byte	0x8
 703 0348 58       		.byte	0x58
 704 0349 43020000 		.4byte	0x243
 705 034d 02       		.byte	0x2
 706 034e 23       		.byte	0x23
 707 034f 00       		.uleb128 0
 708 0350 06       		.uleb128 0x6
 709 0351 EF010000 		.4byte	.LASF47
 710 0355 08       		.byte	0x8
 711 0356 59       		.byte	0x59
 712 0357 BC000000 		.4byte	0xbc
 713 035b 02       		.byte	0x2
 714 035c 23       		.byte	0x23
 715 035d 08       		.uleb128 0x8
 716 035e 06       		.uleb128 0x6
 717 035f 6B010000 		.4byte	.LASF48
 718 0363 08       		.byte	0x8
 719 0364 5B       		.byte	0x5b
 720 0365 0B030000 		.4byte	0x30b
 721 0369 02       		.byte	0x2
 722 036a 23       		.byte	0x23
 723 036b 0C       		.uleb128 0xc
 724 036c 06       		.uleb128 0x6
 725 036d 99000000 		.4byte	.LASF49
 726 0371 08       		.byte	0x8
 727 0372 5E       		.byte	0x5e
 728 0373 3D020000 		.4byte	0x23d
 729 0377 02       		.byte	0x2
 730 0378 23       		.byte	0x23
 731 0379 10       		.uleb128 0x10
 732 037a 06       		.uleb128 0x6
 733 037b 94010000 		.4byte	.LASF50
 734 037f 08       		.byte	0x8
 735 0380 5F       		.byte	0x5f
 736 0381 3D020000 		.4byte	0x23d
 737 0385 02       		.byte	0x2
 738 0386 23       		.byte	0x23
 739 0387 14       		.uleb128 0x14
ARM GAS  /tmp/ccGeMsrs.s 			page 14


 740 0388 06       		.uleb128 0x6
 741 0389 8A010000 		.4byte	.LASF51
 742 038d 08       		.byte	0x8
 743 038e 62       		.byte	0x62
 744 038f 3D020000 		.4byte	0x23d
 745 0393 02       		.byte	0x2
 746 0394 23       		.byte	0x23
 747 0395 18       		.uleb128 0x18
 748 0396 00       		.byte	0
 749 0397 04       		.uleb128 0x4
 750 0398 BA020000 		.4byte	.LASF52
 751 039c 08       		.byte	0x8
 752 039d 64       		.byte	0x64
 753 039e 3A030000 		.4byte	0x33a
 754 03a2 05       		.uleb128 0x5
 755 03a3 54010000 		.4byte	.LASF53
 756 03a7 10       		.byte	0x10
 757 03a8 09       		.byte	0x9
 758 03a9 25       		.byte	0x25
 759 03aa D9030000 		.4byte	0x3d9
 760 03ae 06       		.uleb128 0x6
 761 03af 63000000 		.4byte	.LASF54
 762 03b3 09       		.byte	0x9
 763 03b4 26       		.byte	0x26
 764 03b5 43020000 		.4byte	0x243
 765 03b9 02       		.byte	0x2
 766 03ba 23       		.byte	0x23
 767 03bb 00       		.uleb128 0
 768 03bc 06       		.uleb128 0x6
 769 03bd FC020000 		.4byte	.LASF55
 770 03c1 09       		.byte	0x9
 771 03c2 28       		.byte	0x28
 772 03c3 3D020000 		.4byte	0x23d
 773 03c7 02       		.byte	0x2
 774 03c8 23       		.byte	0x23
 775 03c9 08       		.uleb128 0x8
 776 03ca 06       		.uleb128 0x6
 777 03cb 67020000 		.4byte	.LASF56
 778 03cf 09       		.byte	0x9
 779 03d0 2A       		.byte	0x2a
 780 03d1 D9030000 		.4byte	0x3d9
 781 03d5 02       		.byte	0x2
 782 03d6 23       		.byte	0x23
 783 03d7 0C       		.uleb128 0xc
 784 03d8 00       		.byte	0
 785 03d9 09       		.uleb128 0x9
 786 03da 04       		.byte	0x4
 787 03db A2030000 		.4byte	0x3a2
 788 03df 04       		.uleb128 0x4
 789 03e0 54010000 		.4byte	.LASF53
 790 03e4 09       		.byte	0x9
 791 03e5 2C       		.byte	0x2c
 792 03e6 A2030000 		.4byte	0x3a2
 793 03ea 0E       		.uleb128 0xe
 794 03eb 04       		.byte	0x4
 795 03ec 06       		.byte	0x6
 796 03ed 8F       		.byte	0x8f
ARM GAS  /tmp/ccGeMsrs.s 			page 15


 797 03ee 1F040000 		.4byte	0x41f
 798 03f2 0F       		.uleb128 0xf
 799 03f3 13000000 		.4byte	.LASF57
 800 03f7 06       		.byte	0x6
 801 03f8 96       		.byte	0x96
 802 03f9 C7000000 		.4byte	0xc7
 803 03fd 0F       		.uleb128 0xf
 804 03fe 31000000 		.4byte	.LASF58
 805 0402 06       		.byte	0x6
 806 0403 9D       		.byte	0x9d
 807 0404 C7000000 		.4byte	0xc7
 808 0408 0F       		.uleb128 0xf
 809 0409 D2020000 		.4byte	.LASF59
 810 040d 06       		.byte	0x6
 811 040e A4       		.byte	0xa4
 812 040f 7B020000 		.4byte	0x27b
 813 0413 0F       		.uleb128 0xf
 814 0414 F6010000 		.4byte	.LASF60
 815 0418 06       		.byte	0x6
 816 0419 AB       		.byte	0xab
 817 041a D2000000 		.4byte	0xd2
 818 041e 00       		.byte	0
 819 041f 09       		.uleb128 0x9
 820 0420 04       		.byte	0x4
 821 0421 25040000 		.4byte	0x425
 822 0425 10       		.uleb128 0x10
 823 0426 2A040000 		.4byte	0x42a
 824 042a 03       		.uleb128 0x3
 825 042b 01       		.byte	0x1
 826 042c 08       		.byte	0x8
 827 042d 56020000 		.4byte	.LASF61
 828 0431 09       		.uleb128 0x9
 829 0432 04       		.byte	0x4
 830 0433 DF030000 		.4byte	0x3df
 831 0437 11       		.uleb128 0x11
 832 0438 06000000 		.4byte	.LASF67
 833 043c 02       		.byte	0x2
 834 043d 2D       		.byte	0x2d
 835 043e 01       		.byte	0x1
 836 043f 03       		.byte	0x3
 837 0440 5A040000 		.4byte	0x45a
 838 0444 12       		.uleb128 0x12
 839 0445 747000   		.ascii	"tp\000"
 840 0448 02       		.byte	0x2
 841 0449 2D       		.byte	0x2d
 842 044a 3D020000 		.4byte	0x23d
 843 044e 12       		.uleb128 0x12
 844 044f 74717000 		.ascii	"tqp\000"
 845 0453 02       		.byte	0x2
 846 0454 2D       		.byte	0x2d
 847 0455 5A040000 		.4byte	0x45a
 848 0459 00       		.byte	0
 849 045a 09       		.uleb128 0x9
 850 045b 04       		.byte	0x4
 851 045c 43020000 		.4byte	0x243
 852 0460 13       		.uleb128 0x13
 853 0461 5B020000 		.4byte	.LASF68
ARM GAS  /tmp/ccGeMsrs.s 			page 16


 854 0465 02       		.byte	0x2
 855 0466 34       		.byte	0x34
 856 0467 01       		.byte	0x1
 857 0468 3D020000 		.4byte	0x23d
 858 046c 03       		.byte	0x3
 859 046d 87040000 		.4byte	0x487
 860 0471 12       		.uleb128 0x12
 861 0472 74717000 		.ascii	"tqp\000"
 862 0476 02       		.byte	0x2
 863 0477 34       		.byte	0x34
 864 0478 5A040000 		.4byte	0x45a
 865 047c 14       		.uleb128 0x14
 866 047d 747000   		.ascii	"tp\000"
 867 0480 02       		.byte	0x2
 868 0481 35       		.byte	0x35
 869 0482 3D020000 		.4byte	0x23d
 870 0486 00       		.byte	0
 871 0487 15       		.uleb128 0x15
 872 0488 01       		.byte	0x1
 873 0489 7E000000 		.4byte	.LASF62
 874 048d 01       		.byte	0x1
 875 048e 44       		.byte	0x44
 876 048f 01       		.byte	0x1
 877 0490 C7000000 		.4byte	0xc7
 878 0494 00000000 		.4byte	.LFB7
 879 0498 40000000 		.4byte	.LFE7
 880 049c 00000000 		.4byte	.LLST0
 881 04a0 01       		.byte	0x1
 882 04a1 48050000 		.4byte	0x548
 883 04a5 16       		.uleb128 0x16
 884 04a6 747000   		.ascii	"tp\000"
 885 04a9 01       		.byte	0x1
 886 04aa 44       		.byte	0x44
 887 04ab 3D020000 		.4byte	0x23d
 888 04af 20000000 		.4byte	.LLST1
 889 04b3 16       		.uleb128 0x16
 890 04b4 6D736700 		.ascii	"msg\000"
 891 04b8 01       		.byte	0x1
 892 04b9 44       		.byte	0x44
 893 04ba C7000000 		.4byte	0xc7
 894 04be 58000000 		.4byte	.LLST2
 895 04c2 17       		.uleb128 0x17
 896 04c3 63747000 		.ascii	"ctp\000"
 897 04c7 01       		.byte	0x1
 898 04c8 45       		.byte	0x45
 899 04c9 3D020000 		.4byte	0x23d
 900 04cd 01       		.byte	0x1
 901 04ce 54       		.byte	0x54
 902 04cf 18       		.uleb128 0x18
 903 04d0 06000000 		.4byte	.LBB10
 904 04d4 0C000000 		.4byte	.LBE10
 905 04d8 EC040000 		.4byte	0x4ec
 906 04dc 19       		.uleb128 0x19
 907 04dd 746D7000 		.ascii	"tmp\000"
 908 04e1 01       		.byte	0x1
 909 04e2 49       		.byte	0x49
 910 04e3 70000000 		.4byte	0x70
ARM GAS  /tmp/ccGeMsrs.s 			page 17


 911 04e7 9D000000 		.4byte	.LLST3
 912 04eb 00       		.byte	0
 913 04ec 1A       		.uleb128 0x1a
 914 04ed 37040000 		.4byte	0x437
 915 04f1 14000000 		.4byte	.LBB11
 916 04f5 00000000 		.4byte	.Ldebug_ranges0+0
 917 04f9 01       		.byte	0x1
 918 04fa 4C       		.byte	0x4c
 919 04fb 0E050000 		.4byte	0x50e
 920 04ff 1B       		.uleb128 0x1b
 921 0500 4E040000 		.4byte	0x44e
 922 0504 01       		.byte	0x1
 923 0505 55       		.byte	0x55
 924 0506 1B       		.uleb128 0x1b
 925 0507 44040000 		.4byte	0x444
 926 050b 01       		.byte	0x1
 927 050c 54       		.byte	0x54
 928 050d 00       		.byte	0
 929 050e 18       		.uleb128 0x18
 930 050f 2C000000 		.4byte	.LBB15
 931 0513 32000000 		.4byte	.LBE15
 932 0517 2B050000 		.4byte	0x52b
 933 051b 19       		.uleb128 0x19
 934 051c 746D7000 		.ascii	"tmp\000"
 935 0520 01       		.byte	0x1
 936 0521 51       		.byte	0x51
 937 0522 70000000 		.4byte	0x70
 938 0526 B0000000 		.4byte	.LLST4
 939 052a 00       		.byte	0
 940 052b 1C       		.uleb128 0x1c
 941 052c 2A000000 		.4byte	.LVL7
 942 0530 81060000 		.4byte	0x681
 943 0534 3E050000 		.4byte	0x53e
 944 0538 1D       		.uleb128 0x1d
 945 0539 01       		.byte	0x1
 946 053a 50       		.byte	0x50
 947 053b 01       		.byte	0x1
 948 053c 3A       		.byte	0x3a
 949 053d 00       		.byte	0
 950 053e 1E       		.uleb128 0x1e
 951 053f 38000000 		.4byte	.LVL12
 952 0543 95060000 		.4byte	0x695
 953 0547 00       		.byte	0
 954 0548 15       		.uleb128 0x15
 955 0549 01       		.byte	0x1
 956 054a A9020000 		.4byte	.LASF63
 957 054e 01       		.byte	0x1
 958 054f 63       		.byte	0x63
 959 0550 01       		.byte	0x1
 960 0551 3D020000 		.4byte	0x23d
 961 0555 00000000 		.4byte	.LFB8
 962 0559 3C000000 		.4byte	.LFE8
 963 055d C3000000 		.4byte	.LLST5
 964 0561 01       		.byte	0x1
 965 0562 EA050000 		.4byte	0x5ea
 966 0566 14       		.uleb128 0x14
 967 0567 747000   		.ascii	"tp\000"
ARM GAS  /tmp/ccGeMsrs.s 			page 18


 968 056a 01       		.byte	0x1
 969 056b 64       		.byte	0x64
 970 056c 3D020000 		.4byte	0x23d
 971 0570 18       		.uleb128 0x18
 972 0571 02000000 		.4byte	.LBB16
 973 0575 08000000 		.4byte	.LBE16
 974 0579 8D050000 		.4byte	0x58d
 975 057d 19       		.uleb128 0x19
 976 057e 746D7000 		.ascii	"tmp\000"
 977 0582 01       		.byte	0x1
 978 0583 66       		.byte	0x66
 979 0584 70000000 		.4byte	0x70
 980 0588 E3000000 		.4byte	.LLST6
 981 058c 00       		.byte	0
 982 058d 1F       		.uleb128 0x1f
 983 058e 60040000 		.4byte	0x460
 984 0592 16000000 		.4byte	.LBB17
 985 0596 1C000000 		.4byte	.LBE17
 986 059a 01       		.byte	0x1
 987 059b 69       		.byte	0x69
 988 059c BD050000 		.4byte	0x5bd
 989 05a0 20       		.uleb128 0x20
 990 05a1 71040000 		.4byte	0x471
 991 05a5 F6000000 		.4byte	.LLST7
 992 05a9 21       		.uleb128 0x21
 993 05aa 16000000 		.4byte	.LBB18
 994 05ae 1C000000 		.4byte	.LBE18
 995 05b2 22       		.uleb128 0x22
 996 05b3 7C040000 		.4byte	0x47c
 997 05b7 0B010000 		.4byte	.LLST8
 998 05bb 00       		.byte	0
 999 05bc 00       		.byte	0
 1000 05bd 18       		.uleb128 0x18
 1001 05be 20000000 		.4byte	.LBB19
 1002 05c2 26000000 		.4byte	.LBE19
 1003 05c6 DA050000 		.4byte	0x5da
 1004 05ca 19       		.uleb128 0x19
 1005 05cb 746D7000 		.ascii	"tmp\000"
 1006 05cf 01       		.byte	0x1
 1007 05d0 6B       		.byte	0x6b
 1008 05d1 70000000 		.4byte	0x70
 1009 05d5 1E010000 		.4byte	.LLST9
 1010 05d9 00       		.byte	0
 1011 05da 23       		.uleb128 0x23
 1012 05db 2E000000 		.4byte	.LVL20
 1013 05df 81060000 		.4byte	0x681
 1014 05e3 1D       		.uleb128 0x1d
 1015 05e4 01       		.byte	0x1
 1016 05e5 50       		.byte	0x50
 1017 05e6 01       		.byte	0x1
 1018 05e7 3C       		.byte	0x3c
 1019 05e8 00       		.byte	0
 1020 05e9 00       		.byte	0
 1021 05ea 24       		.uleb128 0x24
 1022 05eb 01       		.byte	0x1
 1023 05ec 13020000 		.4byte	.LASF69
 1024 05f0 01       		.byte	0x1
ARM GAS  /tmp/ccGeMsrs.s 			page 19


 1025 05f1 79       		.byte	0x79
 1026 05f2 01       		.byte	0x1
 1027 05f3 00000000 		.4byte	.LFB9
 1028 05f7 14000000 		.4byte	.LFE9
 1029 05fb 31010000 		.4byte	.LLST10
 1030 05ff 01       		.byte	0x1
 1031 0600 74060000 		.4byte	0x674
 1032 0604 16       		.uleb128 0x16
 1033 0605 747000   		.ascii	"tp\000"
 1034 0608 01       		.byte	0x1
 1035 0609 79       		.byte	0x79
 1036 060a 3D020000 		.4byte	0x23d
 1037 060e 51010000 		.4byte	.LLST11
 1038 0612 16       		.uleb128 0x16
 1039 0613 6D736700 		.ascii	"msg\000"
 1040 0617 01       		.byte	0x1
 1041 0618 79       		.byte	0x79
 1042 0619 C7000000 		.4byte	0xc7
 1043 061d 72010000 		.4byte	.LLST12
 1044 0621 18       		.uleb128 0x18
 1045 0622 02000000 		.4byte	.LBB20
 1046 0626 08000000 		.4byte	.LBE20
 1047 062a 3E060000 		.4byte	0x63e
 1048 062e 19       		.uleb128 0x19
 1049 062f 746D7000 		.ascii	"tmp\000"
 1050 0633 01       		.byte	0x1
 1051 0634 7B       		.byte	0x7b
 1052 0635 70000000 		.4byte	0x70
 1053 0639 93010000 		.4byte	.LLST13
 1054 063d 00       		.byte	0
 1055 063e 18       		.uleb128 0x18
 1056 063f 0C000000 		.4byte	.LBB21
 1057 0643 14000000 		.4byte	.LBE21
 1058 0647 5B060000 		.4byte	0x65b
 1059 064b 19       		.uleb128 0x19
 1060 064c 746D7000 		.ascii	"tmp\000"
 1061 0650 01       		.byte	0x1
 1062 0651 7F       		.byte	0x7f
 1063 0652 70000000 		.4byte	0x70
 1064 0656 A6010000 		.4byte	.LLST14
 1065 065a 00       		.byte	0
 1066 065b 23       		.uleb128 0x23
 1067 065c 0C000000 		.4byte	.LVL24
 1068 0660 AD060000 		.4byte	0x6ad
 1069 0664 1D       		.uleb128 0x1d
 1070 0665 01       		.byte	0x1
 1071 0666 51       		.byte	0x51
 1072 0667 03       		.byte	0x3
 1073 0668 F3       		.byte	0xf3
 1074 0669 01       		.uleb128 0x1
 1075 066a 51       		.byte	0x51
 1076 066b 1D       		.uleb128 0x1d
 1077 066c 01       		.byte	0x1
 1078 066d 50       		.byte	0x50
 1079 066e 03       		.byte	0x3
 1080 066f F3       		.byte	0xf3
 1081 0670 01       		.uleb128 0x1
ARM GAS  /tmp/ccGeMsrs.s 			page 20


 1082 0671 50       		.byte	0x50
 1083 0672 00       		.byte	0
 1084 0673 00       		.byte	0
 1085 0674 25       		.uleb128 0x25
 1086 0675 C4020000 		.4byte	.LASF70
 1087 0679 08       		.byte	0x8
 1088 067a 68       		.byte	0x68
 1089 067b 97030000 		.4byte	0x397
 1090 067f 01       		.byte	0x1
 1091 0680 01       		.byte	0x1
 1092 0681 26       		.uleb128 0x26
 1093 0682 01       		.byte	0x1
 1094 0683 20020000 		.4byte	.LASF71
 1095 0687 08       		.byte	0x8
 1096 0688 8C       		.byte	0x8c
 1097 0689 01       		.byte	0x1
 1098 068a 01       		.byte	0x1
 1099 068b 95060000 		.4byte	0x695
 1100 068f 27       		.uleb128 0x27
 1101 0690 9B000000 		.4byte	0x9b
 1102 0694 00       		.byte	0
 1103 0695 28       		.uleb128 0x28
 1104 0696 01       		.byte	0x1
 1105 0697 4A020000 		.4byte	.LASF72
 1106 069b 08       		.byte	0x8
 1107 069c 89       		.byte	0x89
 1108 069d 01       		.byte	0x1
 1109 069e 3D020000 		.4byte	0x23d
 1110 06a2 01       		.byte	0x1
 1111 06a3 AD060000 		.4byte	0x6ad
 1112 06a7 27       		.uleb128 0x27
 1113 06a8 3D020000 		.4byte	0x23d
 1114 06ac 00       		.byte	0
 1115 06ad 29       		.uleb128 0x29
 1116 06ae 01       		.byte	0x1
 1117 06af 9C020000 		.4byte	.LASF73
 1118 06b3 08       		.byte	0x8
 1119 06b4 92       		.byte	0x92
 1120 06b5 01       		.byte	0x1
 1121 06b6 01       		.byte	0x1
 1122 06b7 27       		.uleb128 0x27
 1123 06b8 3D020000 		.4byte	0x23d
 1124 06bc 27       		.uleb128 0x27
 1125 06bd C7000000 		.4byte	0xc7
 1126 06c1 00       		.byte	0
 1127 06c2 00       		.byte	0
 1128              		.section	.debug_abbrev,"",%progbits
 1129              	.Ldebug_abbrev0:
 1130 0000 01       		.uleb128 0x1
 1131 0001 11       		.uleb128 0x11
 1132 0002 01       		.byte	0x1
 1133 0003 25       		.uleb128 0x25
 1134 0004 0E       		.uleb128 0xe
 1135 0005 13       		.uleb128 0x13
 1136 0006 0B       		.uleb128 0xb
 1137 0007 03       		.uleb128 0x3
 1138 0008 0E       		.uleb128 0xe
ARM GAS  /tmp/ccGeMsrs.s 			page 21


 1139 0009 1B       		.uleb128 0x1b
 1140 000a 0E       		.uleb128 0xe
 1141 000b 55       		.uleb128 0x55
 1142 000c 06       		.uleb128 0x6
 1143 000d 11       		.uleb128 0x11
 1144 000e 01       		.uleb128 0x1
 1145 000f 52       		.uleb128 0x52
 1146 0010 01       		.uleb128 0x1
 1147 0011 10       		.uleb128 0x10
 1148 0012 06       		.uleb128 0x6
 1149 0013 00       		.byte	0
 1150 0014 00       		.byte	0
 1151 0015 02       		.uleb128 0x2
 1152 0016 24       		.uleb128 0x24
 1153 0017 00       		.byte	0
 1154 0018 0B       		.uleb128 0xb
 1155 0019 0B       		.uleb128 0xb
 1156 001a 3E       		.uleb128 0x3e
 1157 001b 0B       		.uleb128 0xb
 1158 001c 03       		.uleb128 0x3
 1159 001d 08       		.uleb128 0x8
 1160 001e 00       		.byte	0
 1161 001f 00       		.byte	0
 1162 0020 03       		.uleb128 0x3
 1163 0021 24       		.uleb128 0x24
 1164 0022 00       		.byte	0
 1165 0023 0B       		.uleb128 0xb
 1166 0024 0B       		.uleb128 0xb
 1167 0025 3E       		.uleb128 0x3e
 1168 0026 0B       		.uleb128 0xb
 1169 0027 03       		.uleb128 0x3
 1170 0028 0E       		.uleb128 0xe
 1171 0029 00       		.byte	0
 1172 002a 00       		.byte	0
 1173 002b 04       		.uleb128 0x4
 1174 002c 16       		.uleb128 0x16
 1175 002d 00       		.byte	0
 1176 002e 03       		.uleb128 0x3
 1177 002f 0E       		.uleb128 0xe
 1178 0030 3A       		.uleb128 0x3a
 1179 0031 0B       		.uleb128 0xb
 1180 0032 3B       		.uleb128 0x3b
 1181 0033 0B       		.uleb128 0xb
 1182 0034 49       		.uleb128 0x49
 1183 0035 13       		.uleb128 0x13
 1184 0036 00       		.byte	0
 1185 0037 00       		.byte	0
 1186 0038 05       		.uleb128 0x5
 1187 0039 13       		.uleb128 0x13
 1188 003a 01       		.byte	0x1
 1189 003b 03       		.uleb128 0x3
 1190 003c 0E       		.uleb128 0xe
 1191 003d 0B       		.uleb128 0xb
 1192 003e 0B       		.uleb128 0xb
 1193 003f 3A       		.uleb128 0x3a
 1194 0040 0B       		.uleb128 0xb
 1195 0041 3B       		.uleb128 0x3b
ARM GAS  /tmp/ccGeMsrs.s 			page 22


 1196 0042 0B       		.uleb128 0xb
 1197 0043 01       		.uleb128 0x1
 1198 0044 13       		.uleb128 0x13
 1199 0045 00       		.byte	0
 1200 0046 00       		.byte	0
 1201 0047 06       		.uleb128 0x6
 1202 0048 0D       		.uleb128 0xd
 1203 0049 00       		.byte	0
 1204 004a 03       		.uleb128 0x3
 1205 004b 0E       		.uleb128 0xe
 1206 004c 3A       		.uleb128 0x3a
 1207 004d 0B       		.uleb128 0xb
 1208 004e 3B       		.uleb128 0x3b
 1209 004f 0B       		.uleb128 0xb
 1210 0050 49       		.uleb128 0x49
 1211 0051 13       		.uleb128 0x13
 1212 0052 38       		.uleb128 0x38
 1213 0053 0A       		.uleb128 0xa
 1214 0054 00       		.byte	0
 1215 0055 00       		.byte	0
 1216 0056 07       		.uleb128 0x7
 1217 0057 0D       		.uleb128 0xd
 1218 0058 00       		.byte	0
 1219 0059 03       		.uleb128 0x3
 1220 005a 08       		.uleb128 0x8
 1221 005b 3A       		.uleb128 0x3a
 1222 005c 0B       		.uleb128 0xb
 1223 005d 3B       		.uleb128 0x3b
 1224 005e 0B       		.uleb128 0xb
 1225 005f 49       		.uleb128 0x49
 1226 0060 13       		.uleb128 0x13
 1227 0061 38       		.uleb128 0x38
 1228 0062 0A       		.uleb128 0xa
 1229 0063 00       		.byte	0
 1230 0064 00       		.byte	0
 1231 0065 08       		.uleb128 0x8
 1232 0066 13       		.uleb128 0x13
 1233 0067 01       		.byte	0x1
 1234 0068 0B       		.uleb128 0xb
 1235 0069 0B       		.uleb128 0xb
 1236 006a 3A       		.uleb128 0x3a
 1237 006b 0B       		.uleb128 0xb
 1238 006c 3B       		.uleb128 0x3b
 1239 006d 0B       		.uleb128 0xb
 1240 006e 01       		.uleb128 0x1
 1241 006f 13       		.uleb128 0x13
 1242 0070 00       		.byte	0
 1243 0071 00       		.byte	0
 1244 0072 09       		.uleb128 0x9
 1245 0073 0F       		.uleb128 0xf
 1246 0074 00       		.byte	0
 1247 0075 0B       		.uleb128 0xb
 1248 0076 0B       		.uleb128 0xb
 1249 0077 49       		.uleb128 0x49
 1250 0078 13       		.uleb128 0x13
 1251 0079 00       		.byte	0
 1252 007a 00       		.byte	0
ARM GAS  /tmp/ccGeMsrs.s 			page 23


 1253 007b 0A       		.uleb128 0xa
 1254 007c 0F       		.uleb128 0xf
 1255 007d 00       		.byte	0
 1256 007e 0B       		.uleb128 0xb
 1257 007f 0B       		.uleb128 0xb
 1258 0080 00       		.byte	0
 1259 0081 00       		.byte	0
 1260 0082 0B       		.uleb128 0xb
 1261 0083 13       		.uleb128 0x13
 1262 0084 01       		.byte	0x1
 1263 0085 03       		.uleb128 0x3
 1264 0086 0E       		.uleb128 0xe
 1265 0087 0B       		.uleb128 0xb
 1266 0088 0B       		.uleb128 0xb
 1267 0089 3A       		.uleb128 0x3a
 1268 008a 0B       		.uleb128 0xb
 1269 008b 3B       		.uleb128 0x3b
 1270 008c 05       		.uleb128 0x5
 1271 008d 01       		.uleb128 0x1
 1272 008e 13       		.uleb128 0x13
 1273 008f 00       		.byte	0
 1274 0090 00       		.byte	0
 1275 0091 0C       		.uleb128 0xc
 1276 0092 0D       		.uleb128 0xd
 1277 0093 00       		.byte	0
 1278 0094 03       		.uleb128 0x3
 1279 0095 08       		.uleb128 0x8
 1280 0096 3A       		.uleb128 0x3a
 1281 0097 0B       		.uleb128 0xb
 1282 0098 3B       		.uleb128 0x3b
 1283 0099 05       		.uleb128 0x5
 1284 009a 49       		.uleb128 0x49
 1285 009b 13       		.uleb128 0x13
 1286 009c 38       		.uleb128 0x38
 1287 009d 0A       		.uleb128 0xa
 1288 009e 00       		.byte	0
 1289 009f 00       		.byte	0
 1290 00a0 0D       		.uleb128 0xd
 1291 00a1 35       		.uleb128 0x35
 1292 00a2 00       		.byte	0
 1293 00a3 49       		.uleb128 0x49
 1294 00a4 13       		.uleb128 0x13
 1295 00a5 00       		.byte	0
 1296 00a6 00       		.byte	0
 1297 00a7 0E       		.uleb128 0xe
 1298 00a8 17       		.uleb128 0x17
 1299 00a9 01       		.byte	0x1
 1300 00aa 0B       		.uleb128 0xb
 1301 00ab 0B       		.uleb128 0xb
 1302 00ac 3A       		.uleb128 0x3a
 1303 00ad 0B       		.uleb128 0xb
 1304 00ae 3B       		.uleb128 0x3b
 1305 00af 0B       		.uleb128 0xb
 1306 00b0 01       		.uleb128 0x1
 1307 00b1 13       		.uleb128 0x13
 1308 00b2 00       		.byte	0
 1309 00b3 00       		.byte	0
ARM GAS  /tmp/ccGeMsrs.s 			page 24


 1310 00b4 0F       		.uleb128 0xf
 1311 00b5 0D       		.uleb128 0xd
 1312 00b6 00       		.byte	0
 1313 00b7 03       		.uleb128 0x3
 1314 00b8 0E       		.uleb128 0xe
 1315 00b9 3A       		.uleb128 0x3a
 1316 00ba 0B       		.uleb128 0xb
 1317 00bb 3B       		.uleb128 0x3b
 1318 00bc 0B       		.uleb128 0xb
 1319 00bd 49       		.uleb128 0x49
 1320 00be 13       		.uleb128 0x13
 1321 00bf 00       		.byte	0
 1322 00c0 00       		.byte	0
 1323 00c1 10       		.uleb128 0x10
 1324 00c2 26       		.uleb128 0x26
 1325 00c3 00       		.byte	0
 1326 00c4 49       		.uleb128 0x49
 1327 00c5 13       		.uleb128 0x13
 1328 00c6 00       		.byte	0
 1329 00c7 00       		.byte	0
 1330 00c8 11       		.uleb128 0x11
 1331 00c9 2E       		.uleb128 0x2e
 1332 00ca 01       		.byte	0x1
 1333 00cb 03       		.uleb128 0x3
 1334 00cc 0E       		.uleb128 0xe
 1335 00cd 3A       		.uleb128 0x3a
 1336 00ce 0B       		.uleb128 0xb
 1337 00cf 3B       		.uleb128 0x3b
 1338 00d0 0B       		.uleb128 0xb
 1339 00d1 27       		.uleb128 0x27
 1340 00d2 0C       		.uleb128 0xc
 1341 00d3 20       		.uleb128 0x20
 1342 00d4 0B       		.uleb128 0xb
 1343 00d5 01       		.uleb128 0x1
 1344 00d6 13       		.uleb128 0x13
 1345 00d7 00       		.byte	0
 1346 00d8 00       		.byte	0
 1347 00d9 12       		.uleb128 0x12
 1348 00da 05       		.uleb128 0x5
 1349 00db 00       		.byte	0
 1350 00dc 03       		.uleb128 0x3
 1351 00dd 08       		.uleb128 0x8
 1352 00de 3A       		.uleb128 0x3a
 1353 00df 0B       		.uleb128 0xb
 1354 00e0 3B       		.uleb128 0x3b
 1355 00e1 0B       		.uleb128 0xb
 1356 00e2 49       		.uleb128 0x49
 1357 00e3 13       		.uleb128 0x13
 1358 00e4 00       		.byte	0
 1359 00e5 00       		.byte	0
 1360 00e6 13       		.uleb128 0x13
 1361 00e7 2E       		.uleb128 0x2e
 1362 00e8 01       		.byte	0x1
 1363 00e9 03       		.uleb128 0x3
 1364 00ea 0E       		.uleb128 0xe
 1365 00eb 3A       		.uleb128 0x3a
 1366 00ec 0B       		.uleb128 0xb
ARM GAS  /tmp/ccGeMsrs.s 			page 25


 1367 00ed 3B       		.uleb128 0x3b
 1368 00ee 0B       		.uleb128 0xb
 1369 00ef 27       		.uleb128 0x27
 1370 00f0 0C       		.uleb128 0xc
 1371 00f1 49       		.uleb128 0x49
 1372 00f2 13       		.uleb128 0x13
 1373 00f3 20       		.uleb128 0x20
 1374 00f4 0B       		.uleb128 0xb
 1375 00f5 01       		.uleb128 0x1
 1376 00f6 13       		.uleb128 0x13
 1377 00f7 00       		.byte	0
 1378 00f8 00       		.byte	0
 1379 00f9 14       		.uleb128 0x14
 1380 00fa 34       		.uleb128 0x34
 1381 00fb 00       		.byte	0
 1382 00fc 03       		.uleb128 0x3
 1383 00fd 08       		.uleb128 0x8
 1384 00fe 3A       		.uleb128 0x3a
 1385 00ff 0B       		.uleb128 0xb
 1386 0100 3B       		.uleb128 0x3b
 1387 0101 0B       		.uleb128 0xb
 1388 0102 49       		.uleb128 0x49
 1389 0103 13       		.uleb128 0x13
 1390 0104 00       		.byte	0
 1391 0105 00       		.byte	0
 1392 0106 15       		.uleb128 0x15
 1393 0107 2E       		.uleb128 0x2e
 1394 0108 01       		.byte	0x1
 1395 0109 3F       		.uleb128 0x3f
 1396 010a 0C       		.uleb128 0xc
 1397 010b 03       		.uleb128 0x3
 1398 010c 0E       		.uleb128 0xe
 1399 010d 3A       		.uleb128 0x3a
 1400 010e 0B       		.uleb128 0xb
 1401 010f 3B       		.uleb128 0x3b
 1402 0110 0B       		.uleb128 0xb
 1403 0111 27       		.uleb128 0x27
 1404 0112 0C       		.uleb128 0xc
 1405 0113 49       		.uleb128 0x49
 1406 0114 13       		.uleb128 0x13
 1407 0115 11       		.uleb128 0x11
 1408 0116 01       		.uleb128 0x1
 1409 0117 12       		.uleb128 0x12
 1410 0118 01       		.uleb128 0x1
 1411 0119 40       		.uleb128 0x40
 1412 011a 06       		.uleb128 0x6
 1413 011b 9742     		.uleb128 0x2117
 1414 011d 0C       		.uleb128 0xc
 1415 011e 01       		.uleb128 0x1
 1416 011f 13       		.uleb128 0x13
 1417 0120 00       		.byte	0
 1418 0121 00       		.byte	0
 1419 0122 16       		.uleb128 0x16
 1420 0123 05       		.uleb128 0x5
 1421 0124 00       		.byte	0
 1422 0125 03       		.uleb128 0x3
 1423 0126 08       		.uleb128 0x8
ARM GAS  /tmp/ccGeMsrs.s 			page 26


 1424 0127 3A       		.uleb128 0x3a
 1425 0128 0B       		.uleb128 0xb
 1426 0129 3B       		.uleb128 0x3b
 1427 012a 0B       		.uleb128 0xb
 1428 012b 49       		.uleb128 0x49
 1429 012c 13       		.uleb128 0x13
 1430 012d 02       		.uleb128 0x2
 1431 012e 06       		.uleb128 0x6
 1432 012f 00       		.byte	0
 1433 0130 00       		.byte	0
 1434 0131 17       		.uleb128 0x17
 1435 0132 34       		.uleb128 0x34
 1436 0133 00       		.byte	0
 1437 0134 03       		.uleb128 0x3
 1438 0135 08       		.uleb128 0x8
 1439 0136 3A       		.uleb128 0x3a
 1440 0137 0B       		.uleb128 0xb
 1441 0138 3B       		.uleb128 0x3b
 1442 0139 0B       		.uleb128 0xb
 1443 013a 49       		.uleb128 0x49
 1444 013b 13       		.uleb128 0x13
 1445 013c 02       		.uleb128 0x2
 1446 013d 0A       		.uleb128 0xa
 1447 013e 00       		.byte	0
 1448 013f 00       		.byte	0
 1449 0140 18       		.uleb128 0x18
 1450 0141 0B       		.uleb128 0xb
 1451 0142 01       		.byte	0x1
 1452 0143 11       		.uleb128 0x11
 1453 0144 01       		.uleb128 0x1
 1454 0145 12       		.uleb128 0x12
 1455 0146 01       		.uleb128 0x1
 1456 0147 01       		.uleb128 0x1
 1457 0148 13       		.uleb128 0x13
 1458 0149 00       		.byte	0
 1459 014a 00       		.byte	0
 1460 014b 19       		.uleb128 0x19
 1461 014c 34       		.uleb128 0x34
 1462 014d 00       		.byte	0
 1463 014e 03       		.uleb128 0x3
 1464 014f 08       		.uleb128 0x8
 1465 0150 3A       		.uleb128 0x3a
 1466 0151 0B       		.uleb128 0xb
 1467 0152 3B       		.uleb128 0x3b
 1468 0153 0B       		.uleb128 0xb
 1469 0154 49       		.uleb128 0x49
 1470 0155 13       		.uleb128 0x13
 1471 0156 02       		.uleb128 0x2
 1472 0157 06       		.uleb128 0x6
 1473 0158 00       		.byte	0
 1474 0159 00       		.byte	0
 1475 015a 1A       		.uleb128 0x1a
 1476 015b 1D       		.uleb128 0x1d
 1477 015c 01       		.byte	0x1
 1478 015d 31       		.uleb128 0x31
 1479 015e 13       		.uleb128 0x13
 1480 015f 52       		.uleb128 0x52
ARM GAS  /tmp/ccGeMsrs.s 			page 27


 1481 0160 01       		.uleb128 0x1
 1482 0161 55       		.uleb128 0x55
 1483 0162 06       		.uleb128 0x6
 1484 0163 58       		.uleb128 0x58
 1485 0164 0B       		.uleb128 0xb
 1486 0165 59       		.uleb128 0x59
 1487 0166 0B       		.uleb128 0xb
 1488 0167 01       		.uleb128 0x1
 1489 0168 13       		.uleb128 0x13
 1490 0169 00       		.byte	0
 1491 016a 00       		.byte	0
 1492 016b 1B       		.uleb128 0x1b
 1493 016c 05       		.uleb128 0x5
 1494 016d 00       		.byte	0
 1495 016e 31       		.uleb128 0x31
 1496 016f 13       		.uleb128 0x13
 1497 0170 02       		.uleb128 0x2
 1498 0171 0A       		.uleb128 0xa
 1499 0172 00       		.byte	0
 1500 0173 00       		.byte	0
 1501 0174 1C       		.uleb128 0x1c
 1502 0175 898201   		.uleb128 0x4109
 1503 0178 01       		.byte	0x1
 1504 0179 11       		.uleb128 0x11
 1505 017a 01       		.uleb128 0x1
 1506 017b 31       		.uleb128 0x31
 1507 017c 13       		.uleb128 0x13
 1508 017d 01       		.uleb128 0x1
 1509 017e 13       		.uleb128 0x13
 1510 017f 00       		.byte	0
 1511 0180 00       		.byte	0
 1512 0181 1D       		.uleb128 0x1d
 1513 0182 8A8201   		.uleb128 0x410a
 1514 0185 00       		.byte	0
 1515 0186 02       		.uleb128 0x2
 1516 0187 0A       		.uleb128 0xa
 1517 0188 9142     		.uleb128 0x2111
 1518 018a 0A       		.uleb128 0xa
 1519 018b 00       		.byte	0
 1520 018c 00       		.byte	0
 1521 018d 1E       		.uleb128 0x1e
 1522 018e 898201   		.uleb128 0x4109
 1523 0191 00       		.byte	0
 1524 0192 11       		.uleb128 0x11
 1525 0193 01       		.uleb128 0x1
 1526 0194 31       		.uleb128 0x31
 1527 0195 13       		.uleb128 0x13
 1528 0196 00       		.byte	0
 1529 0197 00       		.byte	0
 1530 0198 1F       		.uleb128 0x1f
 1531 0199 1D       		.uleb128 0x1d
 1532 019a 01       		.byte	0x1
 1533 019b 31       		.uleb128 0x31
 1534 019c 13       		.uleb128 0x13
 1535 019d 11       		.uleb128 0x11
 1536 019e 01       		.uleb128 0x1
 1537 019f 12       		.uleb128 0x12
ARM GAS  /tmp/ccGeMsrs.s 			page 28


 1538 01a0 01       		.uleb128 0x1
 1539 01a1 58       		.uleb128 0x58
 1540 01a2 0B       		.uleb128 0xb
 1541 01a3 59       		.uleb128 0x59
 1542 01a4 0B       		.uleb128 0xb
 1543 01a5 01       		.uleb128 0x1
 1544 01a6 13       		.uleb128 0x13
 1545 01a7 00       		.byte	0
 1546 01a8 00       		.byte	0
 1547 01a9 20       		.uleb128 0x20
 1548 01aa 05       		.uleb128 0x5
 1549 01ab 00       		.byte	0
 1550 01ac 31       		.uleb128 0x31
 1551 01ad 13       		.uleb128 0x13
 1552 01ae 02       		.uleb128 0x2
 1553 01af 06       		.uleb128 0x6
 1554 01b0 00       		.byte	0
 1555 01b1 00       		.byte	0
 1556 01b2 21       		.uleb128 0x21
 1557 01b3 0B       		.uleb128 0xb
 1558 01b4 01       		.byte	0x1
 1559 01b5 11       		.uleb128 0x11
 1560 01b6 01       		.uleb128 0x1
 1561 01b7 12       		.uleb128 0x12
 1562 01b8 01       		.uleb128 0x1
 1563 01b9 00       		.byte	0
 1564 01ba 00       		.byte	0
 1565 01bb 22       		.uleb128 0x22
 1566 01bc 34       		.uleb128 0x34
 1567 01bd 00       		.byte	0
 1568 01be 31       		.uleb128 0x31
 1569 01bf 13       		.uleb128 0x13
 1570 01c0 02       		.uleb128 0x2
 1571 01c1 06       		.uleb128 0x6
 1572 01c2 00       		.byte	0
 1573 01c3 00       		.byte	0
 1574 01c4 23       		.uleb128 0x23
 1575 01c5 898201   		.uleb128 0x4109
 1576 01c8 01       		.byte	0x1
 1577 01c9 11       		.uleb128 0x11
 1578 01ca 01       		.uleb128 0x1
 1579 01cb 31       		.uleb128 0x31
 1580 01cc 13       		.uleb128 0x13
 1581 01cd 00       		.byte	0
 1582 01ce 00       		.byte	0
 1583 01cf 24       		.uleb128 0x24
 1584 01d0 2E       		.uleb128 0x2e
 1585 01d1 01       		.byte	0x1
 1586 01d2 3F       		.uleb128 0x3f
 1587 01d3 0C       		.uleb128 0xc
 1588 01d4 03       		.uleb128 0x3
 1589 01d5 0E       		.uleb128 0xe
 1590 01d6 3A       		.uleb128 0x3a
 1591 01d7 0B       		.uleb128 0xb
 1592 01d8 3B       		.uleb128 0x3b
 1593 01d9 0B       		.uleb128 0xb
 1594 01da 27       		.uleb128 0x27
ARM GAS  /tmp/ccGeMsrs.s 			page 29


 1595 01db 0C       		.uleb128 0xc
 1596 01dc 11       		.uleb128 0x11
 1597 01dd 01       		.uleb128 0x1
 1598 01de 12       		.uleb128 0x12
 1599 01df 01       		.uleb128 0x1
 1600 01e0 40       		.uleb128 0x40
 1601 01e1 06       		.uleb128 0x6
 1602 01e2 9742     		.uleb128 0x2117
 1603 01e4 0C       		.uleb128 0xc
 1604 01e5 01       		.uleb128 0x1
 1605 01e6 13       		.uleb128 0x13
 1606 01e7 00       		.byte	0
 1607 01e8 00       		.byte	0
 1608 01e9 25       		.uleb128 0x25
 1609 01ea 34       		.uleb128 0x34
 1610 01eb 00       		.byte	0
 1611 01ec 03       		.uleb128 0x3
 1612 01ed 0E       		.uleb128 0xe
 1613 01ee 3A       		.uleb128 0x3a
 1614 01ef 0B       		.uleb128 0xb
 1615 01f0 3B       		.uleb128 0x3b
 1616 01f1 0B       		.uleb128 0xb
 1617 01f2 49       		.uleb128 0x49
 1618 01f3 13       		.uleb128 0x13
 1619 01f4 3F       		.uleb128 0x3f
 1620 01f5 0C       		.uleb128 0xc
 1621 01f6 3C       		.uleb128 0x3c
 1622 01f7 0C       		.uleb128 0xc
 1623 01f8 00       		.byte	0
 1624 01f9 00       		.byte	0
 1625 01fa 26       		.uleb128 0x26
 1626 01fb 2E       		.uleb128 0x2e
 1627 01fc 01       		.byte	0x1
 1628 01fd 3F       		.uleb128 0x3f
 1629 01fe 0C       		.uleb128 0xc
 1630 01ff 03       		.uleb128 0x3
 1631 0200 0E       		.uleb128 0xe
 1632 0201 3A       		.uleb128 0x3a
 1633 0202 0B       		.uleb128 0xb
 1634 0203 3B       		.uleb128 0x3b
 1635 0204 0B       		.uleb128 0xb
 1636 0205 27       		.uleb128 0x27
 1637 0206 0C       		.uleb128 0xc
 1638 0207 3C       		.uleb128 0x3c
 1639 0208 0C       		.uleb128 0xc
 1640 0209 01       		.uleb128 0x1
 1641 020a 13       		.uleb128 0x13
 1642 020b 00       		.byte	0
 1643 020c 00       		.byte	0
 1644 020d 27       		.uleb128 0x27
 1645 020e 05       		.uleb128 0x5
 1646 020f 00       		.byte	0
 1647 0210 49       		.uleb128 0x49
 1648 0211 13       		.uleb128 0x13
 1649 0212 00       		.byte	0
 1650 0213 00       		.byte	0
 1651 0214 28       		.uleb128 0x28
ARM GAS  /tmp/ccGeMsrs.s 			page 30


 1652 0215 2E       		.uleb128 0x2e
 1653 0216 01       		.byte	0x1
 1654 0217 3F       		.uleb128 0x3f
 1655 0218 0C       		.uleb128 0xc
 1656 0219 03       		.uleb128 0x3
 1657 021a 0E       		.uleb128 0xe
 1658 021b 3A       		.uleb128 0x3a
 1659 021c 0B       		.uleb128 0xb
 1660 021d 3B       		.uleb128 0x3b
 1661 021e 0B       		.uleb128 0xb
 1662 021f 27       		.uleb128 0x27
 1663 0220 0C       		.uleb128 0xc
 1664 0221 49       		.uleb128 0x49
 1665 0222 13       		.uleb128 0x13
 1666 0223 3C       		.uleb128 0x3c
 1667 0224 0C       		.uleb128 0xc
 1668 0225 01       		.uleb128 0x1
 1669 0226 13       		.uleb128 0x13
 1670 0227 00       		.byte	0
 1671 0228 00       		.byte	0
 1672 0229 29       		.uleb128 0x29
 1673 022a 2E       		.uleb128 0x2e
 1674 022b 01       		.byte	0x1
 1675 022c 3F       		.uleb128 0x3f
 1676 022d 0C       		.uleb128 0xc
 1677 022e 03       		.uleb128 0x3
 1678 022f 0E       		.uleb128 0xe
 1679 0230 3A       		.uleb128 0x3a
 1680 0231 0B       		.uleb128 0xb
 1681 0232 3B       		.uleb128 0x3b
 1682 0233 0B       		.uleb128 0xb
 1683 0234 27       		.uleb128 0x27
 1684 0235 0C       		.uleb128 0xc
 1685 0236 3C       		.uleb128 0x3c
 1686 0237 0C       		.uleb128 0xc
 1687 0238 00       		.byte	0
 1688 0239 00       		.byte	0
 1689 023a 00       		.byte	0
 1690              		.section	.debug_loc,"",%progbits
 1691              	.Ldebug_loc0:
 1692              	.LLST0:
 1693 0000 00000000 		.4byte	.LFB7
 1694 0004 02000000 		.4byte	.LCFI0
 1695 0008 0200     		.2byte	0x2
 1696 000a 7D       		.byte	0x7d
 1697 000b 00       		.sleb128 0
 1698 000c 02000000 		.4byte	.LCFI0
 1699 0010 40000000 		.4byte	.LFE7
 1700 0014 0200     		.2byte	0x2
 1701 0016 7D       		.byte	0x7d
 1702 0017 10       		.sleb128 16
 1703 0018 00000000 		.4byte	0
 1704 001c 00000000 		.4byte	0
 1705              	.LLST1:
 1706 0020 00000000 		.4byte	.LVL0
 1707 0024 24000000 		.4byte	.LVL6
 1708 0028 0100     		.2byte	0x1
ARM GAS  /tmp/ccGeMsrs.s 			page 31


 1709 002a 50       		.byte	0x50
 1710 002b 24000000 		.4byte	.LVL6
 1711 002f 34000000 		.4byte	.LVL11
 1712 0033 0300     		.2byte	0x3
 1713 0035 75       		.byte	0x75
 1714 0036 54       		.sleb128 -44
 1715 0037 9F       		.byte	0x9f
 1716 0038 34000000 		.4byte	.LVL11
 1717 003c 37000000 		.4byte	.LVL12-1
 1718 0040 0100     		.2byte	0x1
 1719 0042 50       		.byte	0x50
 1720 0043 37000000 		.4byte	.LVL12-1
 1721 0047 40000000 		.4byte	.LFE7
 1722 004b 0300     		.2byte	0x3
 1723 004d 75       		.byte	0x75
 1724 004e 54       		.sleb128 -44
 1725 004f 9F       		.byte	0x9f
 1726 0050 00000000 		.4byte	0
 1727 0054 00000000 		.4byte	0
 1728              	.LLST2:
 1729 0058 00000000 		.4byte	.LVL0
 1730 005c 24000000 		.4byte	.LVL6
 1731 0060 0100     		.2byte	0x1
 1732 0062 51       		.byte	0x51
 1733 0063 24000000 		.4byte	.LVL6
 1734 0067 2C000000 		.4byte	.LVL8
 1735 006b 0400     		.2byte	0x4
 1736 006d F3       		.byte	0xf3
 1737 006e 01       		.uleb128 0x1
 1738 006f 51       		.byte	0x51
 1739 0070 9F       		.byte	0x9f
 1740 0071 2C000000 		.4byte	.LVL8
 1741 0075 34000000 		.4byte	.LVL11
 1742 0079 0100     		.2byte	0x1
 1743 007b 50       		.byte	0x50
 1744 007c 34000000 		.4byte	.LVL11
 1745 0080 37000000 		.4byte	.LVL12-1
 1746 0084 0100     		.2byte	0x1
 1747 0086 51       		.byte	0x51
 1748 0087 37000000 		.4byte	.LVL12-1
 1749 008b 40000000 		.4byte	.LFE7
 1750 008f 0400     		.2byte	0x4
 1751 0091 F3       		.byte	0xf3
 1752 0092 01       		.uleb128 0x1
 1753 0093 51       		.byte	0x51
 1754 0094 9F       		.byte	0x9f
 1755 0095 00000000 		.4byte	0
 1756 0099 00000000 		.4byte	0
 1757              	.LLST3:
 1758 009d 0C000000 		.4byte	.LVL3
 1759 00a1 16000000 		.4byte	.LVL5
 1760 00a5 0100     		.2byte	0x1
 1761 00a7 53       		.byte	0x53
 1762 00a8 00000000 		.4byte	0
 1763 00ac 00000000 		.4byte	0
 1764              	.LLST4:
 1765 00b0 32000000 		.4byte	.LVL10
ARM GAS  /tmp/ccGeMsrs.s 			page 32


 1766 00b4 34000000 		.4byte	.LVL11
 1767 00b8 0100     		.2byte	0x1
 1768 00ba 53       		.byte	0x53
 1769 00bb 00000000 		.4byte	0
 1770 00bf 00000000 		.4byte	0
 1771              	.LLST5:
 1772 00c3 00000000 		.4byte	.LFB8
 1773 00c7 02000000 		.4byte	.LCFI1
 1774 00cb 0200     		.2byte	0x2
 1775 00cd 7D       		.byte	0x7d
 1776 00ce 00       		.sleb128 0
 1777 00cf 02000000 		.4byte	.LCFI1
 1778 00d3 3C000000 		.4byte	.LFE8
 1779 00d7 0200     		.2byte	0x2
 1780 00d9 7D       		.byte	0x7d
 1781 00da 08       		.sleb128 8
 1782 00db 00000000 		.4byte	0
 1783 00df 00000000 		.4byte	0
 1784              	.LLST6:
 1785 00e3 08000000 		.4byte	.LVL14
 1786 00e7 0C000000 		.4byte	.LVL15
 1787 00eb 0100     		.2byte	0x1
 1788 00ed 53       		.byte	0x53
 1789 00ee 00000000 		.4byte	0
 1790 00f2 00000000 		.4byte	0
 1791              	.LLST7:
 1792 00f6 16000000 		.4byte	.LVL16
 1793 00fa 22000000 		.4byte	.LVL17
 1794 00fe 0300     		.2byte	0x3
 1795 0100 73       		.byte	0x73
 1796 0101 2C       		.sleb128 44
 1797 0102 9F       		.byte	0x9f
 1798 0103 00000000 		.4byte	0
 1799 0107 00000000 		.4byte	0
 1800              	.LLST8:
 1801 010b 16000000 		.4byte	.LVL16
 1802 010f 28000000 		.4byte	.LVL19
 1803 0113 0100     		.2byte	0x1
 1804 0115 50       		.byte	0x50
 1805 0116 00000000 		.4byte	0
 1806 011a 00000000 		.4byte	0
 1807              	.LLST9:
 1808 011e 26000000 		.4byte	.LVL18
 1809 0122 28000000 		.4byte	.LVL19
 1810 0126 0100     		.2byte	0x1
 1811 0128 53       		.byte	0x53
 1812 0129 00000000 		.4byte	0
 1813 012d 00000000 		.4byte	0
 1814              	.LLST10:
 1815 0131 00000000 		.4byte	.LFB9
 1816 0135 02000000 		.4byte	.LCFI2
 1817 0139 0200     		.2byte	0x2
 1818 013b 7D       		.byte	0x7d
 1819 013c 00       		.sleb128 0
 1820 013d 02000000 		.4byte	.LCFI2
 1821 0141 14000000 		.4byte	.LFE9
 1822 0145 0200     		.2byte	0x2
ARM GAS  /tmp/ccGeMsrs.s 			page 33


 1823 0147 7D       		.byte	0x7d
 1824 0148 08       		.sleb128 8
 1825 0149 00000000 		.4byte	0
 1826 014d 00000000 		.4byte	0
 1827              	.LLST11:
 1828 0151 00000000 		.4byte	.LVL21
 1829 0155 0B000000 		.4byte	.LVL24-1
 1830 0159 0100     		.2byte	0x1
 1831 015b 50       		.byte	0x50
 1832 015c 0B000000 		.4byte	.LVL24-1
 1833 0160 14000000 		.4byte	.LFE9
 1834 0164 0400     		.2byte	0x4
 1835 0166 F3       		.byte	0xf3
 1836 0167 01       		.uleb128 0x1
 1837 0168 50       		.byte	0x50
 1838 0169 9F       		.byte	0x9f
 1839 016a 00000000 		.4byte	0
 1840 016e 00000000 		.4byte	0
 1841              	.LLST12:
 1842 0172 00000000 		.4byte	.LVL21
 1843 0176 0B000000 		.4byte	.LVL24-1
 1844 017a 0100     		.2byte	0x1
 1845 017c 51       		.byte	0x51
 1846 017d 0B000000 		.4byte	.LVL24-1
 1847 0181 14000000 		.4byte	.LFE9
 1848 0185 0400     		.2byte	0x4
 1849 0187 F3       		.byte	0xf3
 1850 0188 01       		.uleb128 0x1
 1851 0189 51       		.byte	0x51
 1852 018a 9F       		.byte	0x9f
 1853 018b 00000000 		.4byte	0
 1854 018f 00000000 		.4byte	0
 1855              	.LLST13:
 1856 0193 08000000 		.4byte	.LVL23
 1857 0197 0B000000 		.4byte	.LVL24-1
 1858 019b 0100     		.2byte	0x1
 1859 019d 53       		.byte	0x53
 1860 019e 00000000 		.4byte	0
 1861 01a2 00000000 		.4byte	0
 1862              	.LLST14:
 1863 01a6 12000000 		.4byte	.LVL26
 1864 01aa 14000000 		.4byte	.LFE9
 1865 01ae 0100     		.2byte	0x1
 1866 01b0 53       		.byte	0x53
 1867 01b1 00000000 		.4byte	0
 1868 01b5 00000000 		.4byte	0
 1869              		.section	.debug_aranges,"",%progbits
 1870 0000 2C000000 		.4byte	0x2c
 1871 0004 0200     		.2byte	0x2
 1872 0006 00000000 		.4byte	.Ldebug_info0
 1873 000a 04       		.byte	0x4
 1874 000b 00       		.byte	0
 1875 000c 0000     		.2byte	0
 1876 000e 0000     		.2byte	0
 1877 0010 00000000 		.4byte	.LFB7
 1878 0014 40000000 		.4byte	.LFE7-.LFB7
 1879 0018 00000000 		.4byte	.LFB8
ARM GAS  /tmp/ccGeMsrs.s 			page 34


 1880 001c 3C000000 		.4byte	.LFE8-.LFB8
 1881 0020 00000000 		.4byte	.LFB9
 1882 0024 14000000 		.4byte	.LFE9-.LFB9
 1883 0028 00000000 		.4byte	0
 1884 002c 00000000 		.4byte	0
 1885              		.section	.debug_ranges,"",%progbits
 1886              	.Ldebug_ranges0:
 1887 0000 14000000 		.4byte	.LBB11
 1888 0004 18000000 		.4byte	.LBE11
 1889 0008 1C000000 		.4byte	.LBB14
 1890 000c 22000000 		.4byte	.LBE14
 1891 0010 00000000 		.4byte	0
 1892 0014 00000000 		.4byte	0
 1893 0018 00000000 		.4byte	.LFB7
 1894 001c 40000000 		.4byte	.LFE7
 1895 0020 00000000 		.4byte	.LFB8
 1896 0024 3C000000 		.4byte	.LFE8
 1897 0028 00000000 		.4byte	.LFB9
 1898 002c 14000000 		.4byte	.LFE9
 1899 0030 00000000 		.4byte	0
 1900 0034 00000000 		.4byte	0
 1901              		.section	.debug_line,"",%progbits
 1902              	.Ldebug_line0:
 1903 0000 A5010000 		.section	.debug_str,"MS",%progbits,1
 1903      02003D01 
 1903      00000201 
 1903      FB0E0D00 
 1903      01010101 
 1904              	.LASF35:
 1905 0000 705F6D73 		.ascii	"p_msg\000"
 1905      6700
 1906              	.LASF67:
 1907 0006 71756575 		.ascii	"queue_insert\000"
 1907      655F696E 
 1907      73657274 
 1907      00
 1908              	.LASF57:
 1909 0013 7264796D 		.ascii	"rdymsg\000"
 1909      736700
 1910              	.LASF11:
 1911 001a 6C6F6E67 		.ascii	"long long unsigned int\000"
 1911      206C6F6E 
 1911      6720756E 
 1911      7369676E 
 1911      65642069 
 1912              	.LASF58:
 1913 0031 65786974 		.ascii	"exitcode\000"
 1913      636F6465 
 1913      00
 1914              	.LASF23:
 1915 003a 705F7072 		.ascii	"p_prio\000"
 1915      696F00
 1916              	.LASF10:
 1917 0041 6C6F6E67 		.ascii	"long long int\000"
 1917      206C6F6E 
 1917      6720696E 
 1917      7400
ARM GAS  /tmp/ccGeMsrs.s 			page 35


 1918              	.LASF1:
 1919 004f 7369676E 		.ascii	"signed char\000"
 1919      65642063 
 1919      68617200 
 1920              	.LASF39:
 1921 005b 705F6D70 		.ascii	"p_mpool\000"
 1921      6F6F6C00 
 1922              	.LASF54:
 1923 0063 6D5F7175 		.ascii	"m_queue\000"
 1923      65756500 
 1924              	.LASF15:
 1925 006b 74736C69 		.ascii	"tslices_t\000"
 1925      6365735F 
 1925      7400
 1926              	.LASF7:
 1927 0075 6C6F6E67 		.ascii	"long int\000"
 1927      20696E74 
 1927      00
 1928              	.LASF62:
 1929 007e 63684D73 		.ascii	"chMsgSend\000"
 1929      6753656E 
 1929      6400
 1930              	.LASF13:
 1931 0088 74737461 		.ascii	"tstate_t\000"
 1931      74655F74 
 1931      00
 1932              	.LASF25:
 1933 0091 705F6E65 		.ascii	"p_newer\000"
 1933      77657200 
 1934              	.LASF49:
 1935 0099 725F6E65 		.ascii	"r_newer\000"
 1935      77657200 
 1936              	.LASF42:
 1937 00a1 72656761 		.ascii	"regarm_t\000"
 1937      726D5F74 
 1937      00
 1938              	.LASF0:
 1939 00aa 756E7369 		.ascii	"unsigned int\000"
 1939      676E6564 
 1939      20696E74 
 1939      00
 1940              	.LASF9:
 1941 00b7 6C6F6E67 		.ascii	"long unsigned int\000"
 1941      20756E73 
 1941      69676E65 
 1941      6420696E 
 1941      7400
 1942              	.LASF44:
 1943 00c9 636F6E74 		.ascii	"context\000"
 1943      65787400 
 1944              	.LASF4:
 1945 00d1 73686F72 		.ascii	"short unsigned int\000"
 1945      7420756E 
 1945      7369676E 
 1945      65642069 
 1945      6E7400
 1946              	.LASF17:
ARM GAS  /tmp/ccGeMsrs.s 			page 36


 1947 00e4 6D73675F 		.ascii	"msg_t\000"
 1947      7400
 1948              	.LASF12:
 1949 00ea 746D6F64 		.ascii	"tmode_t\000"
 1949      655F7400 
 1950              	.LASF41:
 1951 00f2 54687265 		.ascii	"ThreadsList\000"
 1951      6164734C 
 1951      69737400 
 1952              	.LASF18:
 1953 00fe 6576656E 		.ascii	"eventmask_t\000"
 1953      746D6173 
 1953      6B5F7400 
 1954              	.LASF66:
 1955 010a 2F686F6D 		.ascii	"/home/kwilson/Sandbox/ChibiOS_2.5.1/demos/ARMCM4-ST"
 1955      652F6B77 
 1955      696C736F 
 1955      6E2F5361 
 1955      6E64626F 
 1956 013d 4D333246 		.ascii	"M32F407-LWIP-FATFS-USB\000"
 1956      3430372D 
 1956      4C574950 
 1956      2D464154 
 1956      46532D55 
 1957              	.LASF53:
 1958 0154 4D757465 		.ascii	"Mutex\000"
 1958      7800
 1959              	.LASF45:
 1960 015a 73697A65 		.ascii	"sizetype\000"
 1960      74797065 
 1960      00
 1961              	.LASF26:
 1962 0163 705F6F6C 		.ascii	"p_older\000"
 1962      64657200 
 1963              	.LASF48:
 1964 016b 725F6374 		.ascii	"r_ctx\000"
 1964      7800
 1965              	.LASF40:
 1966 0171 54687265 		.ascii	"ThreadsQueue\000"
 1966      61647351 
 1966      75657565 
 1966      00
 1967              	.LASF64:
 1968 017e 474E5520 		.ascii	"GNU C 4.7.2\000"
 1968      4320342E 
 1968      372E3200 
 1969              	.LASF51:
 1970 018a 725F6375 		.ascii	"r_current\000"
 1970      7272656E 
 1970      7400
 1971              	.LASF50:
 1972 0194 725F6F6C 		.ascii	"r_older\000"
 1972      64657200 
 1973              	.LASF14:
 1974 019c 74726566 		.ascii	"trefs_t\000"
 1974      735F7400 
 1975              	.LASF22:
ARM GAS  /tmp/ccGeMsrs.s 			page 37


 1976 01a4 705F7072 		.ascii	"p_prev\000"
 1976      657600
 1977              	.LASF16:
 1978 01ab 74707269 		.ascii	"tprio_t\000"
 1978      6F5F7400 
 1979              	.LASF6:
 1980 01b3 696E7433 		.ascii	"int32_t\000"
 1980      325F7400 
 1981              	.LASF2:
 1982 01bb 756E7369 		.ascii	"unsigned char\000"
 1982      676E6564 
 1982      20636861 
 1982      7200
 1983              	.LASF37:
 1984 01c9 705F6D74 		.ascii	"p_mtxlist\000"
 1984      786C6973 
 1984      7400
 1985              	.LASF3:
 1986 01d3 73686F72 		.ascii	"short int\000"
 1986      7420696E 
 1986      7400
 1987              	.LASF28:
 1988 01dd 705F7374 		.ascii	"p_state\000"
 1988      61746500 
 1989              	.LASF31:
 1990 01e5 705F7072 		.ascii	"p_preempt\000"
 1990      65656D70 
 1990      7400
 1991              	.LASF47:
 1992 01ef 725F7072 		.ascii	"r_prio\000"
 1992      696F00
 1993              	.LASF60:
 1994 01f6 65776D61 		.ascii	"ewmask\000"
 1994      736B00
 1995              	.LASF21:
 1996 01fd 705F6E65 		.ascii	"p_next\000"
 1996      787400
 1997              	.LASF29:
 1998 0204 705F666C 		.ascii	"p_flags\000"
 1998      61677300 
 1999              	.LASF20:
 2000 020c 54687265 		.ascii	"Thread\000"
 2000      616400
 2001              	.LASF69:
 2002 0213 63684D73 		.ascii	"chMsgRelease\000"
 2002      6752656C 
 2002      65617365 
 2002      00
 2003              	.LASF71:
 2004 0220 63685363 		.ascii	"chSchGoSleepS\000"
 2004      68476F53 
 2004      6C656570 
 2004      5300
 2005              	.LASF36:
 2006 022e 705F6570 		.ascii	"p_epending\000"
 2006      656E6469 
 2006      6E6700
ARM GAS  /tmp/ccGeMsrs.s 			page 38


 2007              	.LASF8:
 2008 0239 75696E74 		.ascii	"uint32_t\000"
 2008      33325F74 
 2008      00
 2009              	.LASF46:
 2010 0242 725F7175 		.ascii	"r_queue\000"
 2010      65756500 
 2011              	.LASF72:
 2012 024a 63685363 		.ascii	"chSchReadyI\000"
 2012      68526561 
 2012      64794900 
 2013              	.LASF61:
 2014 0256 63686172 		.ascii	"char\000"
 2014      00
 2015              	.LASF68:
 2016 025b 6669666F 		.ascii	"fifo_remove\000"
 2016      5F72656D 
 2016      6F766500 
 2017              	.LASF56:
 2018 0267 6D5F6E65 		.ascii	"m_next\000"
 2018      787400
 2019              	.LASF19:
 2020 026e 73797374 		.ascii	"systime_t\000"
 2020      696D655F 
 2020      7400
 2021              	.LASF38:
 2022 0278 705F7265 		.ascii	"p_realprio\000"
 2022      616C7072 
 2022      696F00
 2023              	.LASF32:
 2024 0283 705F7469 		.ascii	"p_time\000"
 2024      6D6500
 2025              	.LASF43:
 2026 028a 696E7463 		.ascii	"intctx\000"
 2026      747800
 2027              	.LASF34:
 2028 0291 705F6D73 		.ascii	"p_msgqueue\000"
 2028      67717565 
 2028      756500
 2029              	.LASF73:
 2030 029c 63685363 		.ascii	"chSchWakeupS\000"
 2030      6857616B 
 2030      65757053 
 2030      00
 2031              	.LASF63:
 2032 02a9 63684D73 		.ascii	"chMsgWait\000"
 2032      67576169 
 2032      7400
 2033              	.LASF30:
 2034 02b3 705F7265 		.ascii	"p_refs\000"
 2034      667300
 2035              	.LASF52:
 2036 02ba 52656164 		.ascii	"ReadyList\000"
 2036      794C6973 
 2036      7400
 2037              	.LASF70:
 2038 02c4 726C6973 		.ascii	"rlist\000"
ARM GAS  /tmp/ccGeMsrs.s 			page 39


 2038      7400
 2039              	.LASF5:
 2040 02ca 75696E74 		.ascii	"uint8_t\000"
 2040      385F7400 
 2041              	.LASF59:
 2042 02d2 77746F62 		.ascii	"wtobjp\000"
 2042      6A7000
 2043              	.LASF27:
 2044 02d9 705F6E61 		.ascii	"p_name\000"
 2044      6D6500
 2045              	.LASF65:
 2046 02e0 2E2E2F2E 		.ascii	"../../os/kernel/src/chmsg.c\000"
 2046      2E2F6F73 
 2046      2F6B6572 
 2046      6E656C2F 
 2046      7372632F 
 2047              	.LASF55:
 2048 02fc 6D5F6F77 		.ascii	"m_owner\000"
 2048      6E657200 
 2049              	.LASF24:
 2050 0304 705F6374 		.ascii	"p_ctx\000"
 2050      7800
 2051              	.LASF33:
 2052 030a 705F7761 		.ascii	"p_waiting\000"
 2052      6974696E 
 2052      6700
 2053              		.ident	"GCC: (crosstool-NG 1.17.0 - PSAS ST32F4 GFE) 4.7.2"
ARM GAS  /tmp/ccGeMsrs.s 			page 40


DEFINED SYMBOLS
                            *ABS*:0000000000000000 chmsg.c
     /tmp/ccGeMsrs.s:21     .text.chMsgSend:0000000000000000 $t
     /tmp/ccGeMsrs.s:27     .text.chMsgSend:0000000000000000 chMsgSend
     /tmp/ccGeMsrs.s:117    .text.chMsgSend:000000000000003c $d
     /tmp/ccGeMsrs.s:122    .text.chMsgWait:0000000000000000 $t
     /tmp/ccGeMsrs.s:128    .text.chMsgWait:0000000000000000 chMsgWait
     /tmp/ccGeMsrs.s:195    .text.chMsgWait:0000000000000038 $d
     /tmp/ccGeMsrs.s:200    .text.chMsgRelease:0000000000000000 $t
     /tmp/ccGeMsrs.s:206    .text.chMsgRelease:0000000000000000 chMsgRelease
                     .debug_frame:0000000000000010 $d
     /tmp/ccGeMsrs.s:199    .text.chMsgWait:000000000000003c $t

UNDEFINED SYMBOLS
chSchGoSleepS
chSchReadyI
rlist
chSchWakeupS
