ARM GAS  /tmp/cc4l7UxR.s 			page 1


   1              		.syntax unified
   2              		.cpu cortex-m4
   3              		.eabi_attribute 27, 3
   4              		.eabi_attribute 28, 1
   5              		.fpu fpv4-sp-d16
   6              		.eabi_attribute 20, 1
   7              		.eabi_attribute 21, 1
   8              		.eabi_attribute 23, 3
   9              		.eabi_attribute 24, 1
  10              		.eabi_attribute 25, 1
  11              		.eabi_attribute 26, 1
  12              		.eabi_attribute 30, 2
  13              		.eabi_attribute 34, 1
  14              		.eabi_attribute 18, 4
  15              		.thumb
  16              		.file	"chregistry.c"
  17              		.text
  18              	.Ltext0:
  19              		.cfi_sections	.debug_frame
  20              		.section	.text.chRegFirstThread,"ax",%progbits
  21              		.align	2
  22              		.p2align 4,,15
  23              		.global	chRegFirstThread
  24              		.thumb
  25              		.thumb_func
  26              		.type	chRegFirstThread, %function
  27              	chRegFirstThread:
  28              	.LFB7:
  29              		.file 1 "../../os/kernel/src/chregistry.c"
  30              		.loc 1 110 0
  31              		.cfi_startproc
  32              		@ args = 0, pretend = 0, frame = 0
  33              		@ frame_needed = 0, uses_anonymous_args = 0
  34              		@ link register save eliminated.
  35              	.LBB2:
  36              		.loc 1 113 0
  37 0000 2023     		movs	r3, #32
  38              	.LVL0:
  39              	@ 113 "../../os/kernel/src/chregistry.c" 1
  40 0002 83F31188 		msr     BASEPRI, r3
  41              	@ 0 "" 2
  42              	.LVL1:
  43              		.thumb
  44              	.LBE2:
  45              		.loc 1 114 0
  46 0006 40F20002 		movw	r2, #:lower16:rlist
  47 000a C0F20002 		movt	r2, #:upper16:rlist
  48              	.LBB3:
  49              		.loc 1 118 0
  50 000e 0023     		movs	r3, #0
  51              	.LVL2:
  52              	.LBE3:
  53              		.loc 1 114 0
  54 0010 1069     		ldr	r0, [r2, #16]
  55              	.LVL3:
  56              		.loc 1 116 0
  57 0012 827F     		ldrb	r2, [r0, #30]	@ zero_extendqisi2
ARM GAS  /tmp/cc4l7UxR.s 			page 2


  58 0014 0132     		adds	r2, r2, #1
  59 0016 8277     		strb	r2, [r0, #30]
  60              	.LBB4:
  61              		.loc 1 118 0
  62              	@ 118 "../../os/kernel/src/chregistry.c" 1
  63 0018 83F31188 		msr     BASEPRI, r3
  64              	@ 0 "" 2
  65              	.LVL4:
  66              		.thumb
  67              	.LBE4:
  68              		.loc 1 120 0
  69 001c 7047     		bx	lr
  70              		.cfi_endproc
  71              	.LFE7:
  72              		.size	chRegFirstThread, .-chRegFirstThread
  73 001e 00BF     		.section	.text.chRegNextThread,"ax",%progbits
  74              		.align	2
  75              		.p2align 4,,15
  76              		.global	chRegNextThread
  77              		.thumb
  78              		.thumb_func
  79              		.type	chRegNextThread, %function
  80              	chRegNextThread:
  81              	.LFB8:
  82              		.loc 1 133 0
  83              		.cfi_startproc
  84              		@ args = 0, pretend = 0, frame = 0
  85              		@ frame_needed = 0, uses_anonymous_args = 0
  86              	.LVL5:
  87 0000 10B5     		push	{r4, lr}
  88              	.LCFI0:
  89              		.cfi_def_cfa_offset 8
  90              		.cfi_offset 4, -8
  91              		.cfi_offset 14, -4
  92              	.LBB5:
  93              		.loc 1 136 0
  94 0002 2023     		movs	r3, #32
  95              	.LVL6:
  96              	@ 136 "../../os/kernel/src/chregistry.c" 1
  97 0004 83F31188 		msr     BASEPRI, r3
  98              	@ 0 "" 2
  99              	.LVL7:
 100              		.thumb
 101              	.LBE5:
 102              		.loc 1 138 0
 103 0008 074B     		ldr	r3, .L6
 104              	.LVL8:
 105              		.loc 1 137 0
 106 000a 0469     		ldr	r4, [r0, #16]
 107              	.LVL9:
 108              		.loc 1 138 0
 109 000c 9C42     		cmp	r4, r3
 110 000e 09D0     		beq	.L4
 111              		.loc 1 144 0
 112 0010 A37F     		ldrb	r3, [r4, #30]	@ zero_extendqisi2
 113 0012 0133     		adds	r3, r3, #1
 114 0014 A377     		strb	r3, [r4, #30]
ARM GAS  /tmp/cc4l7UxR.s 			page 3


 115              	.LVL10:
 116              	.L3:
 117              	.LBB6:
 118              		.loc 1 147 0
 119 0016 0023     		movs	r3, #0
 120              	.LVL11:
 121              	@ 147 "../../os/kernel/src/chregistry.c" 1
 122 0018 83F31188 		msr     BASEPRI, r3
 123              	@ 0 "" 2
 124              	.LVL12:
 125              		.thumb
 126              	.LBE6:
 127              		.loc 1 149 0
 128 001c FFF7FEFF 		bl	chThdRelease
 129              	.LVL13:
 130              		.loc 1 152 0
 131 0020 2046     		mov	r0, r4
 132 0022 10BD     		pop	{r4, pc}
 133              	.LVL14:
 134              	.L4:
 135              		.loc 1 139 0
 136 0024 0024     		movs	r4, #0
 137              	.LVL15:
 138 0026 F6E7     		b	.L3
 139              	.L7:
 140              		.align	2
 141              	.L6:
 142 0028 00000000 		.word	rlist
 143              		.cfi_endproc
 144              	.LFE8:
 145              		.size	chRegNextThread, .-chRegNextThread
 146              		.global	ch_debug
 147 002c AFF30080 		.section	.rodata.ch_debug,"a",%progbits
 148              		.align	2
 149              		.type	ch_debug, %object
 150              		.size	ch_debug, 22
 151              	ch_debug:
 152 0000 6D61696E 		.ascii	"main"
 153 0004 00       		.byte	0
 154 0005 16       		.byte	22
 155 0006 4111     		.short	4417
 156 0008 04       		.byte	4
 157 0009 04       		.byte	4
 158 000a 48       		.byte	72
 159 000b 08       		.byte	8
 160 000c 0C       		.byte	12
 161 000d 10       		.byte	16
 162 000e 14       		.byte	20
 163 000f 18       		.byte	24
 164 0010 00       		.byte	0
 165 0011 1C       		.byte	28
 166 0012 1D       		.byte	29
 167 0013 1E       		.byte	30
 168 0014 1F       		.byte	31
 169 0015 20       		.byte	32
 170 0016 0000     		.text
 171              	.Letext0:
ARM GAS  /tmp/cc4l7UxR.s 			page 4


 172              		.file 2 "/opt/psas/x-tools/stm32f407/arm-psas-eabi/bin/../lib/gcc/arm-psas-eabi/4.7.2/include/stdd
 173              		.file 3 "/opt/psas/x-tools/stm32f407/arm-psas-eabi/bin/../lib/gcc/arm-psas-eabi/4.7.2/../../../../
 174              		.file 4 "../../os/ports/GCC/ARMCMx/chtypes.h"
 175              		.file 5 "../../os/kernel/include/chlists.h"
 176              		.file 6 "../../os/kernel/include/chthreads.h"
 177              		.file 7 "../../os/ports/GCC/ARMCMx/chcore_v7m.h"
 178              		.file 8 "../../os/kernel/include/chschd.h"
 179              		.file 9 "../../os/kernel/include/chmtx.h"
 180              		.file 10 "../../os/kernel/include/chregistry.h"
 181              		.file 11 "../../os/kernel/include/chdynamic.h"
 182              		.section	.debug_info,"",%progbits
 183              	.Ldebug_info0:
 184 0000 79060000 		.4byte	0x679
 185 0004 0200     		.2byte	0x2
 186 0006 00000000 		.4byte	.Ldebug_abbrev0
 187 000a 04       		.byte	0x4
 188 000b 01       		.uleb128 0x1
 189 000c 22020000 		.4byte	.LASF87
 190 0010 01       		.byte	0x1
 191 0011 69030000 		.4byte	.LASF88
 192 0015 7A010000 		.4byte	.LASF89
 193 0019 18000000 		.4byte	.Ldebug_ranges0+0x18
 194 001d 00000000 		.4byte	0
 195 0021 00000000 		.4byte	0
 196 0025 00000000 		.4byte	.Ldebug_line0
 197 0029 02       		.uleb128 0x2
 198 002a 04       		.byte	0x4
 199 002b 05       		.byte	0x5
 200 002c 696E7400 		.ascii	"int\000"
 201 0030 03       		.uleb128 0x3
 202 0031 13000000 		.4byte	.LASF2
 203 0035 02       		.byte	0x2
 204 0036 D5       		.byte	0xd5
 205 0037 3B000000 		.4byte	0x3b
 206 003b 04       		.uleb128 0x4
 207 003c 04       		.byte	0x4
 208 003d 07       		.byte	0x7
 209 003e 03010000 		.4byte	.LASF0
 210 0042 04       		.uleb128 0x4
 211 0043 01       		.byte	0x1
 212 0044 06       		.byte	0x6
 213 0045 82000000 		.4byte	.LASF1
 214 0049 03       		.uleb128 0x3
 215 004a AC030000 		.4byte	.LASF3
 216 004e 03       		.byte	0x3
 217 004f 2A       		.byte	0x2a
 218 0050 54000000 		.4byte	0x54
 219 0054 04       		.uleb128 0x4
 220 0055 01       		.byte	0x1
 221 0056 08       		.byte	0x8
 222 0057 6A020000 		.4byte	.LASF4
 223 005b 04       		.uleb128 0x4
 224 005c 02       		.byte	0x2
 225 005d 05       		.byte	0x5
 226 005e 82020000 		.4byte	.LASF5
 227 0062 03       		.uleb128 0x3
 228 0063 D7000000 		.4byte	.LASF6
ARM GAS  /tmp/cc4l7UxR.s 			page 5


 229 0067 03       		.byte	0x3
 230 0068 36       		.byte	0x36
 231 0069 6D000000 		.4byte	0x6d
 232 006d 04       		.uleb128 0x4
 233 006e 02       		.byte	0x2
 234 006f 07       		.byte	0x7
 235 0070 41010000 		.4byte	.LASF7
 236 0074 03       		.uleb128 0x3
 237 0075 62020000 		.4byte	.LASF8
 238 0079 03       		.byte	0x3
 239 007a 4F       		.byte	0x4f
 240 007b 7F000000 		.4byte	0x7f
 241 007f 04       		.uleb128 0x4
 242 0080 04       		.byte	0x4
 243 0081 05       		.byte	0x5
 244 0082 C5000000 		.4byte	.LASF9
 245 0086 03       		.uleb128 0x3
 246 0087 02030000 		.4byte	.LASF10
 247 008b 03       		.byte	0x3
 248 008c 50       		.byte	0x50
 249 008d 91000000 		.4byte	0x91
 250 0091 04       		.uleb128 0x4
 251 0092 04       		.byte	0x4
 252 0093 07       		.byte	0x7
 253 0094 10010000 		.4byte	.LASF11
 254 0098 04       		.uleb128 0x4
 255 0099 08       		.byte	0x8
 256 009a 05       		.byte	0x5
 257 009b 74000000 		.4byte	.LASF12
 258 009f 04       		.uleb128 0x4
 259 00a0 08       		.byte	0x8
 260 00a1 07       		.byte	0x7
 261 00a2 21000000 		.4byte	.LASF13
 262 00a6 03       		.uleb128 0x3
 263 00a7 5A010000 		.4byte	.LASF14
 264 00ab 04       		.byte	0x4
 265 00ac 28       		.byte	0x28
 266 00ad 49000000 		.4byte	0x49
 267 00b1 03       		.uleb128 0x3
 268 00b2 CE000000 		.4byte	.LASF15
 269 00b6 04       		.byte	0x4
 270 00b7 29       		.byte	0x29
 271 00b8 49000000 		.4byte	0x49
 272 00bc 03       		.uleb128 0x3
 273 00bd 40020000 		.4byte	.LASF16
 274 00c1 04       		.byte	0x4
 275 00c2 2A       		.byte	0x2a
 276 00c3 49000000 		.4byte	0x49
 277 00c7 03       		.uleb128 0x3
 278 00c8 BB000000 		.4byte	.LASF17
 279 00cc 04       		.byte	0x4
 280 00cd 2B       		.byte	0x2b
 281 00ce 49000000 		.4byte	0x49
 282 00d2 03       		.uleb128 0x3
 283 00d3 5A020000 		.4byte	.LASF18
 284 00d7 04       		.byte	0x4
 285 00d8 2C       		.byte	0x2c
ARM GAS  /tmp/cc4l7UxR.s 			page 6


 286 00d9 86000000 		.4byte	0x86
 287 00dd 03       		.uleb128 0x3
 288 00de 54010000 		.4byte	.LASF19
 289 00e2 04       		.byte	0x4
 290 00e3 2D       		.byte	0x2d
 291 00e4 74000000 		.4byte	0x74
 292 00e8 03       		.uleb128 0x3
 293 00e9 6E010000 		.4byte	.LASF20
 294 00ed 04       		.byte	0x4
 295 00ee 2F       		.byte	0x2f
 296 00ef 86000000 		.4byte	0x86
 297 00f3 03       		.uleb128 0x3
 298 00f4 3B030000 		.4byte	.LASF21
 299 00f8 04       		.byte	0x4
 300 00f9 31       		.byte	0x31
 301 00fa 86000000 		.4byte	0x86
 302 00fe 03       		.uleb128 0x3
 303 00ff E3020000 		.4byte	.LASF22
 304 0103 05       		.byte	0x5
 305 0104 23       		.byte	0x23
 306 0105 09010000 		.4byte	0x109
 307 0109 05       		.uleb128 0x5
 308 010a E3020000 		.4byte	.LASF22
 309 010e 48       		.byte	0x48
 310 010f 06       		.byte	0x6
 311 0110 57       		.byte	0x57
 312 0111 2E020000 		.4byte	0x22e
 313 0115 06       		.uleb128 0x6
 314 0116 B8020000 		.4byte	.LASF23
 315 011a 06       		.byte	0x6
 316 011b 58       		.byte	0x58
 317 011c 53020000 		.4byte	0x253
 318 0120 02       		.byte	0x2
 319 0121 23       		.byte	0x23
 320 0122 00       		.uleb128 0
 321 0123 06       		.uleb128 0x6
 322 0124 53020000 		.4byte	.LASF24
 323 0128 06       		.byte	0x6
 324 0129 5A       		.byte	0x5a
 325 012a 53020000 		.4byte	0x253
 326 012e 02       		.byte	0x2
 327 012f 23       		.byte	0x23
 328 0130 04       		.uleb128 0x4
 329 0131 06       		.uleb128 0x6
 330 0132 60000000 		.4byte	.LASF25
 331 0136 06       		.byte	0x6
 332 0137 5C       		.byte	0x5c
 333 0138 D2000000 		.4byte	0xd2
 334 013c 02       		.byte	0x2
 335 013d 23       		.byte	0x23
 336 013e 08       		.uleb128 0x8
 337 013f 06       		.uleb128 0x6
 338 0140 D5030000 		.4byte	.LASF26
 339 0144 06       		.byte	0x6
 340 0145 5D       		.byte	0x5d
 341 0146 21030000 		.4byte	0x321
 342 014a 02       		.byte	0x2
ARM GAS  /tmp/cc4l7UxR.s 			page 7


 343 014b 23       		.byte	0x23
 344 014c 0C       		.uleb128 0xc
 345 014d 06       		.uleb128 0x6
 346 014e EA000000 		.4byte	.LASF27
 347 0152 06       		.byte	0x6
 348 0153 5F       		.byte	0x5f
 349 0154 53020000 		.4byte	0x253
 350 0158 02       		.byte	0x2
 351 0159 23       		.byte	0x23
 352 015a 10       		.uleb128 0x10
 353 015b 06       		.uleb128 0x6
 354 015c FF010000 		.4byte	.LASF28
 355 0160 06       		.byte	0x6
 356 0161 60       		.byte	0x60
 357 0162 53020000 		.4byte	0x253
 358 0166 02       		.byte	0x2
 359 0167 23       		.byte	0x23
 360 0168 14       		.uleb128 0x14
 361 0169 06       		.uleb128 0x6
 362 016a BB030000 		.4byte	.LASF29
 363 016e 06       		.byte	0x6
 364 016f 67       		.byte	0x67
 365 0170 35040000 		.4byte	0x435
 366 0174 02       		.byte	0x2
 367 0175 23       		.byte	0x23
 368 0176 18       		.uleb128 0x18
 369 0177 06       		.uleb128 0x6
 370 0178 8C020000 		.4byte	.LASF30
 371 017c 06       		.byte	0x6
 372 017d 72       		.byte	0x72
 373 017e B1000000 		.4byte	0xb1
 374 0182 02       		.byte	0x2
 375 0183 23       		.byte	0x23
 376 0184 1C       		.uleb128 0x1c
 377 0185 06       		.uleb128 0x6
 378 0186 CE020000 		.4byte	.LASF31
 379 018a 06       		.byte	0x6
 380 018b 76       		.byte	0x76
 381 018c A6000000 		.4byte	0xa6
 382 0190 02       		.byte	0x2
 383 0191 23       		.byte	0x23
 384 0192 1D       		.uleb128 0x1d
 385 0193 06       		.uleb128 0x6
 386 0194 95030000 		.4byte	.LASF32
 387 0198 06       		.byte	0x6
 388 0199 7B       		.byte	0x7b
 389 019a BC000000 		.4byte	0xbc
 390 019e 02       		.byte	0x2
 391 019f 23       		.byte	0x23
 392 01a0 1E       		.uleb128 0x1e
 393 01a1 06       		.uleb128 0x6
 394 01a2 94020000 		.4byte	.LASF33
 395 01a6 06       		.byte	0x6
 396 01a7 81       		.byte	0x81
 397 01a8 C7000000 		.4byte	0xc7
 398 01ac 02       		.byte	0x2
 399 01ad 23       		.byte	0x23
ARM GAS  /tmp/cc4l7UxR.s 			page 8


 400 01ae 1F       		.uleb128 0x1f
 401 01af 06       		.uleb128 0x6
 402 01b0 50030000 		.4byte	.LASF34
 403 01b4 06       		.byte	0x6
 404 01b5 88       		.byte	0x88
 405 01b6 4B030000 		.4byte	0x34b
 406 01ba 02       		.byte	0x2
 407 01bb 23       		.byte	0x23
 408 01bc 20       		.uleb128 0x20
 409 01bd 07       		.uleb128 0x7
 410 01be 705F7500 		.ascii	"p_u\000"
 411 01c2 06       		.byte	0x6
 412 01c3 AD       		.byte	0xad
 413 01c4 00040000 		.4byte	0x400
 414 01c8 02       		.byte	0x2
 415 01c9 23       		.byte	0x23
 416 01ca 24       		.uleb128 0x24
 417 01cb 06       		.uleb128 0x6
 418 01cc DB030000 		.4byte	.LASF35
 419 01d0 06       		.byte	0x6
 420 01d1 B2       		.byte	0xb2
 421 01d2 7B020000 		.4byte	0x27b
 422 01d6 02       		.byte	0x2
 423 01d7 23       		.byte	0x23
 424 01d8 28       		.uleb128 0x28
 425 01d9 06       		.uleb128 0x6
 426 01da 5E030000 		.4byte	.LASF36
 427 01de 06       		.byte	0x6
 428 01df B8       		.byte	0xb8
 429 01e0 59020000 		.4byte	0x259
 430 01e4 02       		.byte	0x2
 431 01e5 23       		.byte	0x23
 432 01e6 2C       		.uleb128 0x2c
 433 01e7 06       		.uleb128 0x6
 434 01e8 0D000000 		.4byte	.LASF37
 435 01ec 06       		.byte	0x6
 436 01ed BC       		.byte	0xbc
 437 01ee DD000000 		.4byte	0xdd
 438 01f2 02       		.byte	0x2
 439 01f3 23       		.byte	0x23
 440 01f4 34       		.uleb128 0x34
 441 01f5 06       		.uleb128 0x6
 442 01f6 F7020000 		.4byte	.LASF38
 443 01fa 06       		.byte	0x6
 444 01fb C2       		.byte	0xc2
 445 01fc E8000000 		.4byte	0xe8
 446 0200 02       		.byte	0x2
 447 0201 23       		.byte	0x23
 448 0202 38       		.uleb128 0x38
 449 0203 06       		.uleb128 0x6
 450 0204 78020000 		.4byte	.LASF39
 451 0208 06       		.byte	0x6
 452 0209 C9       		.byte	0xc9
 453 020a 47040000 		.4byte	0x447
 454 020e 02       		.byte	0x2
 455 020f 23       		.byte	0x23
 456 0210 3C       		.uleb128 0x3c
ARM GAS  /tmp/cc4l7UxR.s 			page 9


 457 0211 06       		.uleb128 0x6
 458 0212 45030000 		.4byte	.LASF40
 459 0216 06       		.byte	0x6
 460 0217 CD       		.byte	0xcd
 461 0218 D2000000 		.4byte	0xd2
 462 021c 02       		.byte	0x2
 463 021d 23       		.byte	0x23
 464 021e 40       		.uleb128 0x40
 465 021f 06       		.uleb128 0x6
 466 0220 AB000000 		.4byte	.LASF41
 467 0224 06       		.byte	0x6
 468 0225 D3       		.byte	0xd3
 469 0226 91020000 		.4byte	0x291
 470 022a 02       		.byte	0x2
 471 022b 23       		.byte	0x23
 472 022c 44       		.uleb128 0x44
 473 022d 00       		.byte	0
 474 022e 08       		.uleb128 0x8
 475 022f 08       		.byte	0x8
 476 0230 05       		.byte	0x5
 477 0231 5A       		.byte	0x5a
 478 0232 53020000 		.4byte	0x253
 479 0236 06       		.uleb128 0x6
 480 0237 B8020000 		.4byte	.LASF23
 481 023b 05       		.byte	0x5
 482 023c 5B       		.byte	0x5b
 483 023d 53020000 		.4byte	0x253
 484 0241 02       		.byte	0x2
 485 0242 23       		.byte	0x23
 486 0243 00       		.uleb128 0
 487 0244 06       		.uleb128 0x6
 488 0245 53020000 		.4byte	.LASF24
 489 0249 05       		.byte	0x5
 490 024a 5D       		.byte	0x5d
 491 024b 53020000 		.4byte	0x253
 492 024f 02       		.byte	0x2
 493 0250 23       		.byte	0x23
 494 0251 04       		.uleb128 0x4
 495 0252 00       		.byte	0
 496 0253 09       		.uleb128 0x9
 497 0254 04       		.byte	0x4
 498 0255 FE000000 		.4byte	0xfe
 499 0259 03       		.uleb128 0x3
 500 025a 0D020000 		.4byte	.LASF42
 501 025e 05       		.byte	0x5
 502 025f 5F       		.byte	0x5f
 503 0260 2E020000 		.4byte	0x22e
 504 0264 08       		.uleb128 0x8
 505 0265 04       		.byte	0x4
 506 0266 05       		.byte	0x5
 507 0267 64       		.byte	0x64
 508 0268 7B020000 		.4byte	0x27b
 509 026c 06       		.uleb128 0x6
 510 026d B8020000 		.4byte	.LASF23
 511 0271 05       		.byte	0x5
 512 0272 66       		.byte	0x66
 513 0273 53020000 		.4byte	0x253
ARM GAS  /tmp/cc4l7UxR.s 			page 10


 514 0277 02       		.byte	0x2
 515 0278 23       		.byte	0x23
 516 0279 00       		.uleb128 0
 517 027a 00       		.byte	0
 518 027b 03       		.uleb128 0x3
 519 027c 62010000 		.4byte	.LASF43
 520 0280 05       		.byte	0x5
 521 0281 69       		.byte	0x69
 522 0282 64020000 		.4byte	0x264
 523 0286 03       		.uleb128 0x3
 524 0287 FA000000 		.4byte	.LASF44
 525 028b 07       		.byte	0x7
 526 028c DE       		.byte	0xde
 527 028d 91020000 		.4byte	0x291
 528 0291 0A       		.uleb128 0xa
 529 0292 04       		.byte	0x4
 530 0293 0B       		.uleb128 0xb
 531 0294 57030000 		.4byte	.LASF45
 532 0298 24       		.byte	0x24
 533 0299 07       		.byte	0x7
 534 029a 0501     		.2byte	0x105
 535 029c 21030000 		.4byte	0x321
 536 02a0 0C       		.uleb128 0xc
 537 02a1 723400   		.ascii	"r4\000"
 538 02a4 07       		.byte	0x7
 539 02a5 1801     		.2byte	0x118
 540 02a7 86020000 		.4byte	0x286
 541 02ab 02       		.byte	0x2
 542 02ac 23       		.byte	0x23
 543 02ad 00       		.uleb128 0
 544 02ae 0C       		.uleb128 0xc
 545 02af 723500   		.ascii	"r5\000"
 546 02b2 07       		.byte	0x7
 547 02b3 1901     		.2byte	0x119
 548 02b5 86020000 		.4byte	0x286
 549 02b9 02       		.byte	0x2
 550 02ba 23       		.byte	0x23
 551 02bb 04       		.uleb128 0x4
 552 02bc 0C       		.uleb128 0xc
 553 02bd 723600   		.ascii	"r6\000"
 554 02c0 07       		.byte	0x7
 555 02c1 1A01     		.2byte	0x11a
 556 02c3 86020000 		.4byte	0x286
 557 02c7 02       		.byte	0x2
 558 02c8 23       		.byte	0x23
 559 02c9 08       		.uleb128 0x8
 560 02ca 0C       		.uleb128 0xc
 561 02cb 723700   		.ascii	"r7\000"
 562 02ce 07       		.byte	0x7
 563 02cf 1B01     		.2byte	0x11b
 564 02d1 86020000 		.4byte	0x286
 565 02d5 02       		.byte	0x2
 566 02d6 23       		.byte	0x23
 567 02d7 0C       		.uleb128 0xc
 568 02d8 0C       		.uleb128 0xc
 569 02d9 723800   		.ascii	"r8\000"
 570 02dc 07       		.byte	0x7
ARM GAS  /tmp/cc4l7UxR.s 			page 11


 571 02dd 1C01     		.2byte	0x11c
 572 02df 86020000 		.4byte	0x286
 573 02e3 02       		.byte	0x2
 574 02e4 23       		.byte	0x23
 575 02e5 10       		.uleb128 0x10
 576 02e6 0C       		.uleb128 0xc
 577 02e7 723900   		.ascii	"r9\000"
 578 02ea 07       		.byte	0x7
 579 02eb 1D01     		.2byte	0x11d
 580 02ed 86020000 		.4byte	0x286
 581 02f1 02       		.byte	0x2
 582 02f2 23       		.byte	0x23
 583 02f3 14       		.uleb128 0x14
 584 02f4 0C       		.uleb128 0xc
 585 02f5 72313000 		.ascii	"r10\000"
 586 02f9 07       		.byte	0x7
 587 02fa 1E01     		.2byte	0x11e
 588 02fc 86020000 		.4byte	0x286
 589 0300 02       		.byte	0x2
 590 0301 23       		.byte	0x23
 591 0302 18       		.uleb128 0x18
 592 0303 0C       		.uleb128 0xc
 593 0304 72313100 		.ascii	"r11\000"
 594 0308 07       		.byte	0x7
 595 0309 1F01     		.2byte	0x11f
 596 030b 86020000 		.4byte	0x286
 597 030f 02       		.byte	0x2
 598 0310 23       		.byte	0x23
 599 0311 1C       		.uleb128 0x1c
 600 0312 0C       		.uleb128 0xc
 601 0313 6C7200   		.ascii	"lr\000"
 602 0316 07       		.byte	0x7
 603 0317 2001     		.2byte	0x120
 604 0319 86020000 		.4byte	0x286
 605 031d 02       		.byte	0x2
 606 031e 23       		.byte	0x23
 607 031f 20       		.uleb128 0x20
 608 0320 00       		.byte	0
 609 0321 0B       		.uleb128 0xb
 610 0322 39010000 		.4byte	.LASF46
 611 0326 04       		.byte	0x4
 612 0327 07       		.byte	0x7
 613 0328 2A01     		.2byte	0x12a
 614 032a 3E030000 		.4byte	0x33e
 615 032e 0C       		.uleb128 0xc
 616 032f 72313300 		.ascii	"r13\000"
 617 0333 07       		.byte	0x7
 618 0334 2B01     		.2byte	0x12b
 619 0336 3E030000 		.4byte	0x33e
 620 033a 02       		.byte	0x2
 621 033b 23       		.byte	0x23
 622 033c 00       		.uleb128 0
 623 033d 00       		.byte	0
 624 033e 09       		.uleb128 0x9
 625 033f 04       		.byte	0x4
 626 0340 93020000 		.4byte	0x293
 627 0344 04       		.uleb128 0x4
ARM GAS  /tmp/cc4l7UxR.s 			page 12


 628 0345 04       		.byte	0x4
 629 0346 07       		.byte	0x7
 630 0347 DE010000 		.4byte	.LASF47
 631 034b 0D       		.uleb128 0xd
 632 034c F3000000 		.4byte	0xf3
 633 0350 08       		.uleb128 0x8
 634 0351 1C       		.byte	0x1c
 635 0352 08       		.byte	0x8
 636 0353 57       		.byte	0x57
 637 0354 AD030000 		.4byte	0x3ad
 638 0358 06       		.uleb128 0x6
 639 0359 17030000 		.4byte	.LASF48
 640 035d 08       		.byte	0x8
 641 035e 58       		.byte	0x58
 642 035f 59020000 		.4byte	0x259
 643 0363 02       		.byte	0x2
 644 0364 23       		.byte	0x23
 645 0365 00       		.uleb128 0
 646 0366 06       		.uleb128 0x6
 647 0367 AA020000 		.4byte	.LASF49
 648 036b 08       		.byte	0x8
 649 036c 59       		.byte	0x59
 650 036d D2000000 		.4byte	0xd2
 651 0371 02       		.byte	0x2
 652 0372 23       		.byte	0x23
 653 0373 08       		.uleb128 0x8
 654 0374 06       		.uleb128 0x6
 655 0375 07020000 		.4byte	.LASF50
 656 0379 08       		.byte	0x8
 657 037a 5B       		.byte	0x5b
 658 037b 21030000 		.4byte	0x321
 659 037f 02       		.byte	0x2
 660 0380 23       		.byte	0x23
 661 0381 0C       		.uleb128 0xc
 662 0382 06       		.uleb128 0x6
 663 0383 F2000000 		.4byte	.LASF51
 664 0387 08       		.byte	0x8
 665 0388 5E       		.byte	0x5e
 666 0389 53020000 		.4byte	0x253
 667 038d 02       		.byte	0x2
 668 038e 23       		.byte	0x23
 669 038f 10       		.uleb128 0x10
 670 0390 06       		.uleb128 0x6
 671 0391 38020000 		.4byte	.LASF52
 672 0395 08       		.byte	0x8
 673 0396 5F       		.byte	0x5f
 674 0397 53020000 		.4byte	0x253
 675 039b 02       		.byte	0x2
 676 039c 23       		.byte	0x23
 677 039d 14       		.uleb128 0x14
 678 039e 06       		.uleb128 0x6
 679 039f 2E020000 		.4byte	.LASF53
 680 03a3 08       		.byte	0x8
 681 03a4 62       		.byte	0x62
 682 03a5 53020000 		.4byte	0x253
 683 03a9 02       		.byte	0x2
 684 03aa 23       		.byte	0x23
ARM GAS  /tmp/cc4l7UxR.s 			page 13


 685 03ab 18       		.uleb128 0x18
 686 03ac 00       		.byte	0
 687 03ad 03       		.uleb128 0x3
 688 03ae 9C030000 		.4byte	.LASF54
 689 03b2 08       		.byte	0x8
 690 03b3 64       		.byte	0x64
 691 03b4 50030000 		.4byte	0x350
 692 03b8 05       		.uleb128 0x5
 693 03b9 C4010000 		.4byte	.LASF55
 694 03bd 10       		.byte	0x10
 695 03be 09       		.byte	0x9
 696 03bf 25       		.byte	0x25
 697 03c0 EF030000 		.4byte	0x3ef
 698 03c4 06       		.uleb128 0x6
 699 03c5 B3000000 		.4byte	.LASF56
 700 03c9 09       		.byte	0x9
 701 03ca 26       		.byte	0x26
 702 03cb 59020000 		.4byte	0x259
 703 03cf 02       		.byte	0x2
 704 03d0 23       		.byte	0x23
 705 03d1 00       		.uleb128 0
 706 03d2 06       		.uleb128 0x6
 707 03d3 CD030000 		.4byte	.LASF57
 708 03d7 09       		.byte	0x9
 709 03d8 28       		.byte	0x28
 710 03d9 53020000 		.4byte	0x253
 711 03dd 02       		.byte	0x2
 712 03de 23       		.byte	0x23
 713 03df 08       		.uleb128 0x8
 714 03e0 06       		.uleb128 0x6
 715 03e1 34030000 		.4byte	.LASF58
 716 03e5 09       		.byte	0x9
 717 03e6 2A       		.byte	0x2a
 718 03e7 EF030000 		.4byte	0x3ef
 719 03eb 02       		.byte	0x2
 720 03ec 23       		.byte	0x23
 721 03ed 0C       		.uleb128 0xc
 722 03ee 00       		.byte	0
 723 03ef 09       		.uleb128 0x9
 724 03f0 04       		.byte	0x4
 725 03f1 B8030000 		.4byte	0x3b8
 726 03f5 03       		.uleb128 0x3
 727 03f6 C4010000 		.4byte	.LASF55
 728 03fa 09       		.byte	0x9
 729 03fb 2C       		.byte	0x2c
 730 03fc B8030000 		.4byte	0x3b8
 731 0400 0E       		.uleb128 0xe
 732 0401 04       		.byte	0x4
 733 0402 06       		.byte	0x6
 734 0403 8F       		.byte	0x8f
 735 0404 35040000 		.4byte	0x435
 736 0408 0F       		.uleb128 0xf
 737 0409 1A000000 		.4byte	.LASF59
 738 040d 06       		.byte	0x6
 739 040e 96       		.byte	0x96
 740 040f DD000000 		.4byte	0xdd
 741 0413 0F       		.uleb128 0xf
ARM GAS  /tmp/cc4l7UxR.s 			page 14


 742 0414 46000000 		.4byte	.LASF60
 743 0418 06       		.byte	0x6
 744 0419 9D       		.byte	0x9d
 745 041a DD000000 		.4byte	0xdd
 746 041e 0F       		.uleb128 0xf
 747 041f B4030000 		.4byte	.LASF61
 748 0423 06       		.byte	0x6
 749 0424 A4       		.byte	0xa4
 750 0425 91020000 		.4byte	0x291
 751 0429 0F       		.uleb128 0xf
 752 042a B1020000 		.4byte	.LASF62
 753 042e 06       		.byte	0x6
 754 042f AB       		.byte	0xab
 755 0430 E8000000 		.4byte	0xe8
 756 0434 00       		.byte	0
 757 0435 09       		.uleb128 0x9
 758 0436 04       		.byte	0x4
 759 0437 3B040000 		.4byte	0x43b
 760 043b 10       		.uleb128 0x10
 761 043c 40040000 		.4byte	0x440
 762 0440 04       		.uleb128 0x4
 763 0441 01       		.byte	0x1
 764 0442 08       		.byte	0x8
 765 0443 1F030000 		.4byte	.LASF63
 766 0447 09       		.uleb128 0x9
 767 0448 04       		.byte	0x4
 768 0449 F5030000 		.4byte	0x3f5
 769 044d 08       		.uleb128 0x8
 770 044e 16       		.byte	0x16
 771 044f 0A       		.byte	0xa
 772 0450 25       		.byte	0x25
 773 0451 52050000 		.4byte	0x552
 774 0455 06       		.uleb128 0x6
 775 0456 2B010000 		.4byte	.LASF64
 776 045a 0A       		.byte	0xa
 777 045b 26       		.byte	0x26
 778 045c 52050000 		.4byte	0x552
 779 0460 02       		.byte	0x2
 780 0461 23       		.byte	0x23
 781 0462 00       		.uleb128 0
 782 0463 06       		.uleb128 0x6
 783 0464 CA010000 		.4byte	.LASF65
 784 0468 0A       		.byte	0xa
 785 0469 27       		.byte	0x27
 786 046a 49000000 		.4byte	0x49
 787 046e 02       		.byte	0x2
 788 046f 23       		.byte	0x23
 789 0470 04       		.uleb128 0x4
 790 0471 06       		.uleb128 0x6
 791 0472 1A020000 		.4byte	.LASF66
 792 0476 0A       		.byte	0xa
 793 0477 28       		.byte	0x28
 794 0478 49000000 		.4byte	0x49
 795 047c 02       		.byte	0x2
 796 047d 23       		.byte	0x23
 797 047e 05       		.uleb128 0x5
 798 047f 06       		.uleb128 0x6
ARM GAS  /tmp/cc4l7UxR.s 			page 15


 799 0480 C2030000 		.4byte	.LASF67
 800 0484 0A       		.byte	0xa
 801 0485 29       		.byte	0x29
 802 0486 62000000 		.4byte	0x62
 803 048a 02       		.byte	0x2
 804 048b 23       		.byte	0x23
 805 048c 06       		.uleb128 0x6
 806 048d 06       		.uleb128 0x6
 807 048e 48020000 		.4byte	.LASF68
 808 0492 0A       		.byte	0xa
 809 0493 2A       		.byte	0x2a
 810 0494 49000000 		.4byte	0x49
 811 0498 02       		.byte	0x2
 812 0499 23       		.byte	0x23
 813 049a 08       		.uleb128 0x8
 814 049b 06       		.uleb128 0x6
 815 049c E7010000 		.4byte	.LASF69
 816 04a0 0A       		.byte	0xa
 817 04a1 2B       		.byte	0x2b
 818 04a2 49000000 		.4byte	0x49
 819 04a6 02       		.byte	0x2
 820 04a7 23       		.byte	0x23
 821 04a8 09       		.uleb128 0x9
 822 04a9 06       		.uleb128 0x6
 823 04aa 38000000 		.4byte	.LASF70
 824 04ae 0A       		.byte	0xa
 825 04af 2C       		.byte	0x2c
 826 04b0 49000000 		.4byte	0x49
 827 04b4 02       		.byte	0x2
 828 04b5 23       		.byte	0x23
 829 04b6 0A       		.uleb128 0xa
 830 04b7 06       		.uleb128 0x6
 831 04b8 0B030000 		.4byte	.LASF71
 832 04bc 0A       		.byte	0xa
 833 04bd 2D       		.byte	0x2d
 834 04be 49000000 		.4byte	0x49
 835 04c2 02       		.byte	0x2
 836 04c3 23       		.byte	0x23
 837 04c4 0B       		.uleb128 0xb
 838 04c5 06       		.uleb128 0x6
 839 04c6 8A030000 		.4byte	.LASF72
 840 04ca 0A       		.byte	0xa
 841 04cb 2E       		.byte	0x2e
 842 04cc 49000000 		.4byte	0x49
 843 04d0 02       		.byte	0x2
 844 04d1 23       		.byte	0x23
 845 04d2 0C       		.uleb128 0xc
 846 04d3 06       		.uleb128 0x6
 847 04d4 EA020000 		.4byte	.LASF73
 848 04d8 0A       		.byte	0xa
 849 04d9 2F       		.byte	0x2f
 850 04da 49000000 		.4byte	0x49
 851 04de 02       		.byte	0x2
 852 04df 23       		.byte	0x23
 853 04e0 0D       		.uleb128 0xd
 854 04e1 06       		.uleb128 0x6
 855 04e2 00000000 		.4byte	.LASF74
ARM GAS  /tmp/cc4l7UxR.s 			page 16


 856 04e6 0A       		.byte	0xa
 857 04e7 30       		.byte	0x30
 858 04e8 49000000 		.4byte	0x49
 859 04ec 02       		.byte	0x2
 860 04ed 23       		.byte	0x23
 861 04ee 0E       		.uleb128 0xe
 862 04ef 06       		.uleb128 0x6
 863 04f0 F3010000 		.4byte	.LASF75
 864 04f4 0A       		.byte	0xa
 865 04f5 31       		.byte	0x31
 866 04f6 49000000 		.4byte	0x49
 867 04fa 02       		.byte	0x2
 868 04fb 23       		.byte	0x23
 869 04fc 0F       		.uleb128 0xf
 870 04fd 06       		.uleb128 0x6
 871 04fe 8E000000 		.4byte	.LASF76
 872 0502 0A       		.byte	0xa
 873 0503 32       		.byte	0x32
 874 0504 49000000 		.4byte	0x49
 875 0508 02       		.byte	0x2
 876 0509 23       		.byte	0x23
 877 050a 10       		.uleb128 0x10
 878 050b 06       		.uleb128 0x6
 879 050c 67000000 		.4byte	.LASF77
 880 0510 0A       		.byte	0xa
 881 0511 34       		.byte	0x34
 882 0512 49000000 		.4byte	0x49
 883 0516 02       		.byte	0x2
 884 0517 23       		.byte	0x23
 885 0518 11       		.uleb128 0x11
 886 0519 06       		.uleb128 0x6
 887 051a 9E000000 		.4byte	.LASF78
 888 051e 0A       		.byte	0xa
 889 051f 35       		.byte	0x35
 890 0520 49000000 		.4byte	0x49
 891 0524 02       		.byte	0x2
 892 0525 23       		.byte	0x23
 893 0526 12       		.uleb128 0x12
 894 0527 06       		.uleb128 0x6
 895 0528 D2010000 		.4byte	.LASF79
 896 052c 0A       		.byte	0xa
 897 052d 36       		.byte	0x36
 898 052e 49000000 		.4byte	0x49
 899 0532 02       		.byte	0x2
 900 0533 23       		.byte	0x23
 901 0534 13       		.uleb128 0x13
 902 0535 06       		.uleb128 0x6
 903 0536 BF020000 		.4byte	.LASF80
 904 053a 0A       		.byte	0xa
 905 053b 37       		.byte	0x37
 906 053c 49000000 		.4byte	0x49
 907 0540 02       		.byte	0x2
 908 0541 23       		.byte	0x23
 909 0542 14       		.uleb128 0x14
 910 0543 06       		.uleb128 0x6
 911 0544 9E020000 		.4byte	.LASF81
 912 0548 0A       		.byte	0xa
ARM GAS  /tmp/cc4l7UxR.s 			page 17


 913 0549 39       		.byte	0x39
 914 054a 49000000 		.4byte	0x49
 915 054e 02       		.byte	0x2
 916 054f 23       		.byte	0x23
 917 0550 15       		.uleb128 0x15
 918 0551 00       		.byte	0
 919 0552 11       		.uleb128 0x11
 920 0553 40040000 		.4byte	0x440
 921 0557 62050000 		.4byte	0x562
 922 055b 12       		.uleb128 0x12
 923 055c 44030000 		.4byte	0x344
 924 0560 03       		.byte	0x3
 925 0561 00       		.byte	0
 926 0562 03       		.uleb128 0x3
 927 0563 E0000000 		.4byte	.LASF82
 928 0567 0A       		.byte	0xa
 929 0568 3A       		.byte	0x3a
 930 0569 4D040000 		.4byte	0x44d
 931 056d 13       		.uleb128 0x13
 932 056e 01       		.byte	0x1
 933 056f 4F000000 		.4byte	.LASF83
 934 0573 01       		.byte	0x1
 935 0574 6E       		.byte	0x6e
 936 0575 01       		.byte	0x1
 937 0576 53020000 		.4byte	0x253
 938 057a 00000000 		.4byte	.LFB7
 939 057e 1E000000 		.4byte	.LFE7
 940 0582 02       		.byte	0x2
 941 0583 7D       		.byte	0x7d
 942 0584 00       		.sleb128 0
 943 0585 01       		.byte	0x1
 944 0586 C9050000 		.4byte	0x5c9
 945 058a 14       		.uleb128 0x14
 946 058b 747000   		.ascii	"tp\000"
 947 058e 01       		.byte	0x1
 948 058f 6F       		.byte	0x6f
 949 0590 53020000 		.4byte	0x253
 950 0594 01       		.byte	0x1
 951 0595 50       		.byte	0x50
 952 0596 15       		.uleb128 0x15
 953 0597 00000000 		.4byte	.LBB2
 954 059b 06000000 		.4byte	.LBE2
 955 059f B3050000 		.4byte	0x5b3
 956 05a3 16       		.uleb128 0x16
 957 05a4 746D7000 		.ascii	"tmp\000"
 958 05a8 01       		.byte	0x1
 959 05a9 71       		.byte	0x71
 960 05aa 86000000 		.4byte	0x86
 961 05ae 00000000 		.4byte	.LLST0
 962 05b2 00       		.byte	0
 963 05b3 17       		.uleb128 0x17
 964 05b4 00000000 		.4byte	.Ldebug_ranges0+0
 965 05b8 16       		.uleb128 0x16
 966 05b9 746D7000 		.ascii	"tmp\000"
 967 05bd 01       		.byte	0x1
 968 05be 76       		.byte	0x76
 969 05bf 86000000 		.4byte	0x86
ARM GAS  /tmp/cc4l7UxR.s 			page 18


 970 05c3 13000000 		.4byte	.LLST1
 971 05c7 00       		.byte	0
 972 05c8 00       		.byte	0
 973 05c9 18       		.uleb128 0x18
 974 05ca 01       		.byte	0x1
 975 05cb 24030000 		.4byte	.LASF84
 976 05cf 01       		.byte	0x1
 977 05d0 85       		.byte	0x85
 978 05d1 01       		.byte	0x1
 979 05d2 53020000 		.4byte	0x253
 980 05d6 00000000 		.4byte	.LFB8
 981 05da 2C000000 		.4byte	.LFE8
 982 05de 26000000 		.4byte	.LLST2
 983 05e2 01       		.byte	0x1
 984 05e3 48060000 		.4byte	0x648
 985 05e7 19       		.uleb128 0x19
 986 05e8 747000   		.ascii	"tp\000"
 987 05eb 01       		.byte	0x1
 988 05ec 85       		.byte	0x85
 989 05ed 53020000 		.4byte	0x253
 990 05f1 46000000 		.4byte	.LLST3
 991 05f5 16       		.uleb128 0x16
 992 05f6 6E747000 		.ascii	"ntp\000"
 993 05fa 01       		.byte	0x1
 994 05fb 86       		.byte	0x86
 995 05fc 53020000 		.4byte	0x253
 996 0600 72000000 		.4byte	.LLST4
 997 0604 15       		.uleb128 0x15
 998 0605 02000000 		.4byte	.LBB5
 999 0609 08000000 		.4byte	.LBE5
 1000 060d 21060000 		.4byte	0x621
 1001 0611 16       		.uleb128 0x16
 1002 0612 746D7000 		.ascii	"tmp\000"
 1003 0616 01       		.byte	0x1
 1004 0617 88       		.byte	0x88
 1005 0618 86000000 		.4byte	0x86
 1006 061c 91000000 		.4byte	.LLST5
 1007 0620 00       		.byte	0
 1008 0621 15       		.uleb128 0x15
 1009 0622 16000000 		.4byte	.LBB6
 1010 0626 1C000000 		.4byte	.LBE6
 1011 062a 3E060000 		.4byte	0x63e
 1012 062e 16       		.uleb128 0x16
 1013 062f 746D7000 		.ascii	"tmp\000"
 1014 0633 01       		.byte	0x1
 1015 0634 93       		.byte	0x93
 1016 0635 86000000 		.4byte	0x86
 1017 0639 A4000000 		.4byte	.LLST6
 1018 063d 00       		.byte	0
 1019 063e 1A       		.uleb128 0x1a
 1020 063f 20000000 		.4byte	.LVL13
 1021 0643 6C060000 		.4byte	0x66c
 1022 0647 00       		.byte	0
 1023 0648 1B       		.uleb128 0x1b
 1024 0649 A6030000 		.4byte	.LASF85
 1025 064d 08       		.byte	0x8
 1026 064e 68       		.byte	0x68
ARM GAS  /tmp/cc4l7UxR.s 			page 19


 1027 064f AD030000 		.4byte	0x3ad
 1028 0653 01       		.byte	0x1
 1029 0654 01       		.byte	0x1
 1030 0655 1C       		.uleb128 0x1c
 1031 0656 22010000 		.4byte	.LASF86
 1032 065a 01       		.byte	0x1
 1033 065b 3B       		.byte	0x3b
 1034 065c 67060000 		.4byte	0x667
 1035 0660 01       		.byte	0x1
 1036 0661 05       		.byte	0x5
 1037 0662 03       		.byte	0x3
 1038 0663 00000000 		.4byte	ch_debug
 1039 0667 10       		.uleb128 0x10
 1040 0668 62050000 		.4byte	0x562
 1041 066c 1D       		.uleb128 0x1d
 1042 066d 01       		.byte	0x1
 1043 066e D6020000 		.4byte	.LASF90
 1044 0672 0B       		.byte	0xb
 1045 0673 33       		.byte	0x33
 1046 0674 01       		.byte	0x1
 1047 0675 01       		.byte	0x1
 1048 0676 1E       		.uleb128 0x1e
 1049 0677 53020000 		.4byte	0x253
 1050 067b 00       		.byte	0
 1051 067c 00       		.byte	0
 1052              		.section	.debug_abbrev,"",%progbits
 1053              	.Ldebug_abbrev0:
 1054 0000 01       		.uleb128 0x1
 1055 0001 11       		.uleb128 0x11
 1056 0002 01       		.byte	0x1
 1057 0003 25       		.uleb128 0x25
 1058 0004 0E       		.uleb128 0xe
 1059 0005 13       		.uleb128 0x13
 1060 0006 0B       		.uleb128 0xb
 1061 0007 03       		.uleb128 0x3
 1062 0008 0E       		.uleb128 0xe
 1063 0009 1B       		.uleb128 0x1b
 1064 000a 0E       		.uleb128 0xe
 1065 000b 55       		.uleb128 0x55
 1066 000c 06       		.uleb128 0x6
 1067 000d 11       		.uleb128 0x11
 1068 000e 01       		.uleb128 0x1
 1069 000f 52       		.uleb128 0x52
 1070 0010 01       		.uleb128 0x1
 1071 0011 10       		.uleb128 0x10
 1072 0012 06       		.uleb128 0x6
 1073 0013 00       		.byte	0
 1074 0014 00       		.byte	0
 1075 0015 02       		.uleb128 0x2
 1076 0016 24       		.uleb128 0x24
 1077 0017 00       		.byte	0
 1078 0018 0B       		.uleb128 0xb
 1079 0019 0B       		.uleb128 0xb
 1080 001a 3E       		.uleb128 0x3e
 1081 001b 0B       		.uleb128 0xb
 1082 001c 03       		.uleb128 0x3
 1083 001d 08       		.uleb128 0x8
ARM GAS  /tmp/cc4l7UxR.s 			page 20


 1084 001e 00       		.byte	0
 1085 001f 00       		.byte	0
 1086 0020 03       		.uleb128 0x3
 1087 0021 16       		.uleb128 0x16
 1088 0022 00       		.byte	0
 1089 0023 03       		.uleb128 0x3
 1090 0024 0E       		.uleb128 0xe
 1091 0025 3A       		.uleb128 0x3a
 1092 0026 0B       		.uleb128 0xb
 1093 0027 3B       		.uleb128 0x3b
 1094 0028 0B       		.uleb128 0xb
 1095 0029 49       		.uleb128 0x49
 1096 002a 13       		.uleb128 0x13
 1097 002b 00       		.byte	0
 1098 002c 00       		.byte	0
 1099 002d 04       		.uleb128 0x4
 1100 002e 24       		.uleb128 0x24
 1101 002f 00       		.byte	0
 1102 0030 0B       		.uleb128 0xb
 1103 0031 0B       		.uleb128 0xb
 1104 0032 3E       		.uleb128 0x3e
 1105 0033 0B       		.uleb128 0xb
 1106 0034 03       		.uleb128 0x3
 1107 0035 0E       		.uleb128 0xe
 1108 0036 00       		.byte	0
 1109 0037 00       		.byte	0
 1110 0038 05       		.uleb128 0x5
 1111 0039 13       		.uleb128 0x13
 1112 003a 01       		.byte	0x1
 1113 003b 03       		.uleb128 0x3
 1114 003c 0E       		.uleb128 0xe
 1115 003d 0B       		.uleb128 0xb
 1116 003e 0B       		.uleb128 0xb
 1117 003f 3A       		.uleb128 0x3a
 1118 0040 0B       		.uleb128 0xb
 1119 0041 3B       		.uleb128 0x3b
 1120 0042 0B       		.uleb128 0xb
 1121 0043 01       		.uleb128 0x1
 1122 0044 13       		.uleb128 0x13
 1123 0045 00       		.byte	0
 1124 0046 00       		.byte	0
 1125 0047 06       		.uleb128 0x6
 1126 0048 0D       		.uleb128 0xd
 1127 0049 00       		.byte	0
 1128 004a 03       		.uleb128 0x3
 1129 004b 0E       		.uleb128 0xe
 1130 004c 3A       		.uleb128 0x3a
 1131 004d 0B       		.uleb128 0xb
 1132 004e 3B       		.uleb128 0x3b
 1133 004f 0B       		.uleb128 0xb
 1134 0050 49       		.uleb128 0x49
 1135 0051 13       		.uleb128 0x13
 1136 0052 38       		.uleb128 0x38
 1137 0053 0A       		.uleb128 0xa
 1138 0054 00       		.byte	0
 1139 0055 00       		.byte	0
 1140 0056 07       		.uleb128 0x7
ARM GAS  /tmp/cc4l7UxR.s 			page 21


 1141 0057 0D       		.uleb128 0xd
 1142 0058 00       		.byte	0
 1143 0059 03       		.uleb128 0x3
 1144 005a 08       		.uleb128 0x8
 1145 005b 3A       		.uleb128 0x3a
 1146 005c 0B       		.uleb128 0xb
 1147 005d 3B       		.uleb128 0x3b
 1148 005e 0B       		.uleb128 0xb
 1149 005f 49       		.uleb128 0x49
 1150 0060 13       		.uleb128 0x13
 1151 0061 38       		.uleb128 0x38
 1152 0062 0A       		.uleb128 0xa
 1153 0063 00       		.byte	0
 1154 0064 00       		.byte	0
 1155 0065 08       		.uleb128 0x8
 1156 0066 13       		.uleb128 0x13
 1157 0067 01       		.byte	0x1
 1158 0068 0B       		.uleb128 0xb
 1159 0069 0B       		.uleb128 0xb
 1160 006a 3A       		.uleb128 0x3a
 1161 006b 0B       		.uleb128 0xb
 1162 006c 3B       		.uleb128 0x3b
 1163 006d 0B       		.uleb128 0xb
 1164 006e 01       		.uleb128 0x1
 1165 006f 13       		.uleb128 0x13
 1166 0070 00       		.byte	0
 1167 0071 00       		.byte	0
 1168 0072 09       		.uleb128 0x9
 1169 0073 0F       		.uleb128 0xf
 1170 0074 00       		.byte	0
 1171 0075 0B       		.uleb128 0xb
 1172 0076 0B       		.uleb128 0xb
 1173 0077 49       		.uleb128 0x49
 1174 0078 13       		.uleb128 0x13
 1175 0079 00       		.byte	0
 1176 007a 00       		.byte	0
 1177 007b 0A       		.uleb128 0xa
 1178 007c 0F       		.uleb128 0xf
 1179 007d 00       		.byte	0
 1180 007e 0B       		.uleb128 0xb
 1181 007f 0B       		.uleb128 0xb
 1182 0080 00       		.byte	0
 1183 0081 00       		.byte	0
 1184 0082 0B       		.uleb128 0xb
 1185 0083 13       		.uleb128 0x13
 1186 0084 01       		.byte	0x1
 1187 0085 03       		.uleb128 0x3
 1188 0086 0E       		.uleb128 0xe
 1189 0087 0B       		.uleb128 0xb
 1190 0088 0B       		.uleb128 0xb
 1191 0089 3A       		.uleb128 0x3a
 1192 008a 0B       		.uleb128 0xb
 1193 008b 3B       		.uleb128 0x3b
 1194 008c 05       		.uleb128 0x5
 1195 008d 01       		.uleb128 0x1
 1196 008e 13       		.uleb128 0x13
 1197 008f 00       		.byte	0
ARM GAS  /tmp/cc4l7UxR.s 			page 22


 1198 0090 00       		.byte	0
 1199 0091 0C       		.uleb128 0xc
 1200 0092 0D       		.uleb128 0xd
 1201 0093 00       		.byte	0
 1202 0094 03       		.uleb128 0x3
 1203 0095 08       		.uleb128 0x8
 1204 0096 3A       		.uleb128 0x3a
 1205 0097 0B       		.uleb128 0xb
 1206 0098 3B       		.uleb128 0x3b
 1207 0099 05       		.uleb128 0x5
 1208 009a 49       		.uleb128 0x49
 1209 009b 13       		.uleb128 0x13
 1210 009c 38       		.uleb128 0x38
 1211 009d 0A       		.uleb128 0xa
 1212 009e 00       		.byte	0
 1213 009f 00       		.byte	0
 1214 00a0 0D       		.uleb128 0xd
 1215 00a1 35       		.uleb128 0x35
 1216 00a2 00       		.byte	0
 1217 00a3 49       		.uleb128 0x49
 1218 00a4 13       		.uleb128 0x13
 1219 00a5 00       		.byte	0
 1220 00a6 00       		.byte	0
 1221 00a7 0E       		.uleb128 0xe
 1222 00a8 17       		.uleb128 0x17
 1223 00a9 01       		.byte	0x1
 1224 00aa 0B       		.uleb128 0xb
 1225 00ab 0B       		.uleb128 0xb
 1226 00ac 3A       		.uleb128 0x3a
 1227 00ad 0B       		.uleb128 0xb
 1228 00ae 3B       		.uleb128 0x3b
 1229 00af 0B       		.uleb128 0xb
 1230 00b0 01       		.uleb128 0x1
 1231 00b1 13       		.uleb128 0x13
 1232 00b2 00       		.byte	0
 1233 00b3 00       		.byte	0
 1234 00b4 0F       		.uleb128 0xf
 1235 00b5 0D       		.uleb128 0xd
 1236 00b6 00       		.byte	0
 1237 00b7 03       		.uleb128 0x3
 1238 00b8 0E       		.uleb128 0xe
 1239 00b9 3A       		.uleb128 0x3a
 1240 00ba 0B       		.uleb128 0xb
 1241 00bb 3B       		.uleb128 0x3b
 1242 00bc 0B       		.uleb128 0xb
 1243 00bd 49       		.uleb128 0x49
 1244 00be 13       		.uleb128 0x13
 1245 00bf 00       		.byte	0
 1246 00c0 00       		.byte	0
 1247 00c1 10       		.uleb128 0x10
 1248 00c2 26       		.uleb128 0x26
 1249 00c3 00       		.byte	0
 1250 00c4 49       		.uleb128 0x49
 1251 00c5 13       		.uleb128 0x13
 1252 00c6 00       		.byte	0
 1253 00c7 00       		.byte	0
 1254 00c8 11       		.uleb128 0x11
ARM GAS  /tmp/cc4l7UxR.s 			page 23


 1255 00c9 01       		.uleb128 0x1
 1256 00ca 01       		.byte	0x1
 1257 00cb 49       		.uleb128 0x49
 1258 00cc 13       		.uleb128 0x13
 1259 00cd 01       		.uleb128 0x1
 1260 00ce 13       		.uleb128 0x13
 1261 00cf 00       		.byte	0
 1262 00d0 00       		.byte	0
 1263 00d1 12       		.uleb128 0x12
 1264 00d2 21       		.uleb128 0x21
 1265 00d3 00       		.byte	0
 1266 00d4 49       		.uleb128 0x49
 1267 00d5 13       		.uleb128 0x13
 1268 00d6 2F       		.uleb128 0x2f
 1269 00d7 0B       		.uleb128 0xb
 1270 00d8 00       		.byte	0
 1271 00d9 00       		.byte	0
 1272 00da 13       		.uleb128 0x13
 1273 00db 2E       		.uleb128 0x2e
 1274 00dc 01       		.byte	0x1
 1275 00dd 3F       		.uleb128 0x3f
 1276 00de 0C       		.uleb128 0xc
 1277 00df 03       		.uleb128 0x3
 1278 00e0 0E       		.uleb128 0xe
 1279 00e1 3A       		.uleb128 0x3a
 1280 00e2 0B       		.uleb128 0xb
 1281 00e3 3B       		.uleb128 0x3b
 1282 00e4 0B       		.uleb128 0xb
 1283 00e5 27       		.uleb128 0x27
 1284 00e6 0C       		.uleb128 0xc
 1285 00e7 49       		.uleb128 0x49
 1286 00e8 13       		.uleb128 0x13
 1287 00e9 11       		.uleb128 0x11
 1288 00ea 01       		.uleb128 0x1
 1289 00eb 12       		.uleb128 0x12
 1290 00ec 01       		.uleb128 0x1
 1291 00ed 40       		.uleb128 0x40
 1292 00ee 0A       		.uleb128 0xa
 1293 00ef 9742     		.uleb128 0x2117
 1294 00f1 0C       		.uleb128 0xc
 1295 00f2 01       		.uleb128 0x1
 1296 00f3 13       		.uleb128 0x13
 1297 00f4 00       		.byte	0
 1298 00f5 00       		.byte	0
 1299 00f6 14       		.uleb128 0x14
 1300 00f7 34       		.uleb128 0x34
 1301 00f8 00       		.byte	0
 1302 00f9 03       		.uleb128 0x3
 1303 00fa 08       		.uleb128 0x8
 1304 00fb 3A       		.uleb128 0x3a
 1305 00fc 0B       		.uleb128 0xb
 1306 00fd 3B       		.uleb128 0x3b
 1307 00fe 0B       		.uleb128 0xb
 1308 00ff 49       		.uleb128 0x49
 1309 0100 13       		.uleb128 0x13
 1310 0101 02       		.uleb128 0x2
 1311 0102 0A       		.uleb128 0xa
ARM GAS  /tmp/cc4l7UxR.s 			page 24


 1312 0103 00       		.byte	0
 1313 0104 00       		.byte	0
 1314 0105 15       		.uleb128 0x15
 1315 0106 0B       		.uleb128 0xb
 1316 0107 01       		.byte	0x1
 1317 0108 11       		.uleb128 0x11
 1318 0109 01       		.uleb128 0x1
 1319 010a 12       		.uleb128 0x12
 1320 010b 01       		.uleb128 0x1
 1321 010c 01       		.uleb128 0x1
 1322 010d 13       		.uleb128 0x13
 1323 010e 00       		.byte	0
 1324 010f 00       		.byte	0
 1325 0110 16       		.uleb128 0x16
 1326 0111 34       		.uleb128 0x34
 1327 0112 00       		.byte	0
 1328 0113 03       		.uleb128 0x3
 1329 0114 08       		.uleb128 0x8
 1330 0115 3A       		.uleb128 0x3a
 1331 0116 0B       		.uleb128 0xb
 1332 0117 3B       		.uleb128 0x3b
 1333 0118 0B       		.uleb128 0xb
 1334 0119 49       		.uleb128 0x49
 1335 011a 13       		.uleb128 0x13
 1336 011b 02       		.uleb128 0x2
 1337 011c 06       		.uleb128 0x6
 1338 011d 00       		.byte	0
 1339 011e 00       		.byte	0
 1340 011f 17       		.uleb128 0x17
 1341 0120 0B       		.uleb128 0xb
 1342 0121 01       		.byte	0x1
 1343 0122 55       		.uleb128 0x55
 1344 0123 06       		.uleb128 0x6
 1345 0124 00       		.byte	0
 1346 0125 00       		.byte	0
 1347 0126 18       		.uleb128 0x18
 1348 0127 2E       		.uleb128 0x2e
 1349 0128 01       		.byte	0x1
 1350 0129 3F       		.uleb128 0x3f
 1351 012a 0C       		.uleb128 0xc
 1352 012b 03       		.uleb128 0x3
 1353 012c 0E       		.uleb128 0xe
 1354 012d 3A       		.uleb128 0x3a
 1355 012e 0B       		.uleb128 0xb
 1356 012f 3B       		.uleb128 0x3b
 1357 0130 0B       		.uleb128 0xb
 1358 0131 27       		.uleb128 0x27
 1359 0132 0C       		.uleb128 0xc
 1360 0133 49       		.uleb128 0x49
 1361 0134 13       		.uleb128 0x13
 1362 0135 11       		.uleb128 0x11
 1363 0136 01       		.uleb128 0x1
 1364 0137 12       		.uleb128 0x12
 1365 0138 01       		.uleb128 0x1
 1366 0139 40       		.uleb128 0x40
 1367 013a 06       		.uleb128 0x6
 1368 013b 9742     		.uleb128 0x2117
ARM GAS  /tmp/cc4l7UxR.s 			page 25


 1369 013d 0C       		.uleb128 0xc
 1370 013e 01       		.uleb128 0x1
 1371 013f 13       		.uleb128 0x13
 1372 0140 00       		.byte	0
 1373 0141 00       		.byte	0
 1374 0142 19       		.uleb128 0x19
 1375 0143 05       		.uleb128 0x5
 1376 0144 00       		.byte	0
 1377 0145 03       		.uleb128 0x3
 1378 0146 08       		.uleb128 0x8
 1379 0147 3A       		.uleb128 0x3a
 1380 0148 0B       		.uleb128 0xb
 1381 0149 3B       		.uleb128 0x3b
 1382 014a 0B       		.uleb128 0xb
 1383 014b 49       		.uleb128 0x49
 1384 014c 13       		.uleb128 0x13
 1385 014d 02       		.uleb128 0x2
 1386 014e 06       		.uleb128 0x6
 1387 014f 00       		.byte	0
 1388 0150 00       		.byte	0
 1389 0151 1A       		.uleb128 0x1a
 1390 0152 898201   		.uleb128 0x4109
 1391 0155 00       		.byte	0
 1392 0156 11       		.uleb128 0x11
 1393 0157 01       		.uleb128 0x1
 1394 0158 31       		.uleb128 0x31
 1395 0159 13       		.uleb128 0x13
 1396 015a 00       		.byte	0
 1397 015b 00       		.byte	0
 1398 015c 1B       		.uleb128 0x1b
 1399 015d 34       		.uleb128 0x34
 1400 015e 00       		.byte	0
 1401 015f 03       		.uleb128 0x3
 1402 0160 0E       		.uleb128 0xe
 1403 0161 3A       		.uleb128 0x3a
 1404 0162 0B       		.uleb128 0xb
 1405 0163 3B       		.uleb128 0x3b
 1406 0164 0B       		.uleb128 0xb
 1407 0165 49       		.uleb128 0x49
 1408 0166 13       		.uleb128 0x13
 1409 0167 3F       		.uleb128 0x3f
 1410 0168 0C       		.uleb128 0xc
 1411 0169 3C       		.uleb128 0x3c
 1412 016a 0C       		.uleb128 0xc
 1413 016b 00       		.byte	0
 1414 016c 00       		.byte	0
 1415 016d 1C       		.uleb128 0x1c
 1416 016e 34       		.uleb128 0x34
 1417 016f 00       		.byte	0
 1418 0170 03       		.uleb128 0x3
 1419 0171 0E       		.uleb128 0xe
 1420 0172 3A       		.uleb128 0x3a
 1421 0173 0B       		.uleb128 0xb
 1422 0174 3B       		.uleb128 0x3b
 1423 0175 0B       		.uleb128 0xb
 1424 0176 49       		.uleb128 0x49
 1425 0177 13       		.uleb128 0x13
ARM GAS  /tmp/cc4l7UxR.s 			page 26


 1426 0178 3F       		.uleb128 0x3f
 1427 0179 0C       		.uleb128 0xc
 1428 017a 02       		.uleb128 0x2
 1429 017b 0A       		.uleb128 0xa
 1430 017c 00       		.byte	0
 1431 017d 00       		.byte	0
 1432 017e 1D       		.uleb128 0x1d
 1433 017f 2E       		.uleb128 0x2e
 1434 0180 01       		.byte	0x1
 1435 0181 3F       		.uleb128 0x3f
 1436 0182 0C       		.uleb128 0xc
 1437 0183 03       		.uleb128 0x3
 1438 0184 0E       		.uleb128 0xe
 1439 0185 3A       		.uleb128 0x3a
 1440 0186 0B       		.uleb128 0xb
 1441 0187 3B       		.uleb128 0x3b
 1442 0188 0B       		.uleb128 0xb
 1443 0189 27       		.uleb128 0x27
 1444 018a 0C       		.uleb128 0xc
 1445 018b 3C       		.uleb128 0x3c
 1446 018c 0C       		.uleb128 0xc
 1447 018d 00       		.byte	0
 1448 018e 00       		.byte	0
 1449 018f 1E       		.uleb128 0x1e
 1450 0190 05       		.uleb128 0x5
 1451 0191 00       		.byte	0
 1452 0192 49       		.uleb128 0x49
 1453 0193 13       		.uleb128 0x13
 1454 0194 00       		.byte	0
 1455 0195 00       		.byte	0
 1456 0196 00       		.byte	0
 1457              		.section	.debug_loc,"",%progbits
 1458              	.Ldebug_loc0:
 1459              	.LLST0:
 1460 0000 06000000 		.4byte	.LVL1
 1461 0004 10000000 		.4byte	.LVL2
 1462 0008 0100     		.2byte	0x1
 1463 000a 53       		.byte	0x53
 1464 000b 00000000 		.4byte	0
 1465 000f 00000000 		.4byte	0
 1466              	.LLST1:
 1467 0013 1C000000 		.4byte	.LVL4
 1468 0017 1E000000 		.4byte	.LFE7
 1469 001b 0100     		.2byte	0x1
 1470 001d 53       		.byte	0x53
 1471 001e 00000000 		.4byte	0
 1472 0022 00000000 		.4byte	0
 1473              	.LLST2:
 1474 0026 00000000 		.4byte	.LFB8
 1475 002a 02000000 		.4byte	.LCFI0
 1476 002e 0200     		.2byte	0x2
 1477 0030 7D       		.byte	0x7d
 1478 0031 00       		.sleb128 0
 1479 0032 02000000 		.4byte	.LCFI0
 1480 0036 2C000000 		.4byte	.LFE8
 1481 003a 0200     		.2byte	0x2
 1482 003c 7D       		.byte	0x7d
ARM GAS  /tmp/cc4l7UxR.s 			page 27


 1483 003d 08       		.sleb128 8
 1484 003e 00000000 		.4byte	0
 1485 0042 00000000 		.4byte	0
 1486              	.LLST3:
 1487 0046 00000000 		.4byte	.LVL5
 1488 004a 1F000000 		.4byte	.LVL13-1
 1489 004e 0100     		.2byte	0x1
 1490 0050 50       		.byte	0x50
 1491 0051 1F000000 		.4byte	.LVL13-1
 1492 0055 24000000 		.4byte	.LVL14
 1493 0059 0400     		.2byte	0x4
 1494 005b F3       		.byte	0xf3
 1495 005c 01       		.uleb128 0x1
 1496 005d 50       		.byte	0x50
 1497 005e 9F       		.byte	0x9f
 1498 005f 24000000 		.4byte	.LVL14
 1499 0063 2C000000 		.4byte	.LFE8
 1500 0067 0100     		.2byte	0x1
 1501 0069 50       		.byte	0x50
 1502 006a 00000000 		.4byte	0
 1503 006e 00000000 		.4byte	0
 1504              	.LLST4:
 1505 0072 0C000000 		.4byte	.LVL9
 1506 0076 26000000 		.4byte	.LVL15
 1507 007a 0100     		.2byte	0x1
 1508 007c 54       		.byte	0x54
 1509 007d 26000000 		.4byte	.LVL15
 1510 0081 2C000000 		.4byte	.LFE8
 1511 0085 0200     		.2byte	0x2
 1512 0087 70       		.byte	0x70
 1513 0088 10       		.sleb128 16
 1514 0089 00000000 		.4byte	0
 1515 008d 00000000 		.4byte	0
 1516              	.LLST5:
 1517 0091 08000000 		.4byte	.LVL7
 1518 0095 0A000000 		.4byte	.LVL8
 1519 0099 0100     		.2byte	0x1
 1520 009b 53       		.byte	0x53
 1521 009c 00000000 		.4byte	0
 1522 00a0 00000000 		.4byte	0
 1523              	.LLST6:
 1524 00a4 1C000000 		.4byte	.LVL12
 1525 00a8 1F000000 		.4byte	.LVL13-1
 1526 00ac 0100     		.2byte	0x1
 1527 00ae 53       		.byte	0x53
 1528 00af 00000000 		.4byte	0
 1529 00b3 00000000 		.4byte	0
 1530              		.section	.debug_aranges,"",%progbits
 1531 0000 24000000 		.4byte	0x24
 1532 0004 0200     		.2byte	0x2
 1533 0006 00000000 		.4byte	.Ldebug_info0
 1534 000a 04       		.byte	0x4
 1535 000b 00       		.byte	0
 1536 000c 0000     		.2byte	0
 1537 000e 0000     		.2byte	0
 1538 0010 00000000 		.4byte	.LFB7
 1539 0014 1E000000 		.4byte	.LFE7-.LFB7
ARM GAS  /tmp/cc4l7UxR.s 			page 28


 1540 0018 00000000 		.4byte	.LFB8
 1541 001c 2C000000 		.4byte	.LFE8-.LFB8
 1542 0020 00000000 		.4byte	0
 1543 0024 00000000 		.4byte	0
 1544              		.section	.debug_ranges,"",%progbits
 1545              	.Ldebug_ranges0:
 1546 0000 0E000000 		.4byte	.LBB3
 1547 0004 10000000 		.4byte	.LBE3
 1548 0008 18000000 		.4byte	.LBB4
 1549 000c 1C000000 		.4byte	.LBE4
 1550 0010 00000000 		.4byte	0
 1551 0014 00000000 		.4byte	0
 1552 0018 00000000 		.4byte	.LFB7
 1553 001c 1E000000 		.4byte	.LFE7
 1554 0020 00000000 		.4byte	.LFB8
 1555 0024 2C000000 		.4byte	.LFE8
 1556 0028 00000000 		.4byte	0
 1557 002c 00000000 		.4byte	0
 1558              		.section	.debug_line,"",%progbits
 1559              	.Ldebug_line0:
 1560 0000 EC010000 		.section	.debug_str,"MS",%progbits,1
 1560      0200B401 
 1560      00000201 
 1560      FB0E0D00 
 1560      01010101 
 1561              	.LASF74:
 1562 0000 63665F6F 		.ascii	"cf_off_older\000"
 1562      66665F6F 
 1562      6C646572 
 1562      00
 1563              	.LASF37:
 1564 000d 705F6D73 		.ascii	"p_msg\000"
 1564      6700
 1565              	.LASF2:
 1566 0013 73697A65 		.ascii	"size_t\000"
 1566      5F7400
 1567              	.LASF59:
 1568 001a 7264796D 		.ascii	"rdymsg\000"
 1568      736700
 1569              	.LASF13:
 1570 0021 6C6F6E67 		.ascii	"long long unsigned int\000"
 1570      206C6F6E 
 1570      6720756E 
 1570      7369676E 
 1570      65642069 
 1571              	.LASF70:
 1572 0038 63685F74 		.ascii	"ch_threadsize\000"
 1572      68726561 
 1572      6473697A 
 1572      6500
 1573              	.LASF60:
 1574 0046 65786974 		.ascii	"exitcode\000"
 1574      636F6465 
 1574      00
 1575              	.LASF83:
 1576 004f 63685265 		.ascii	"chRegFirstThread\000"
 1576      67466972 
ARM GAS  /tmp/cc4l7UxR.s 			page 29


 1576      73745468 
 1576      72656164 
 1576      00
 1577              	.LASF25:
 1578 0060 705F7072 		.ascii	"p_prio\000"
 1578      696F00
 1579              	.LASF77:
 1580 0067 63665F6F 		.ascii	"cf_off_state\000"
 1580      66665F73 
 1580      74617465 
 1580      00
 1581              	.LASF12:
 1582 0074 6C6F6E67 		.ascii	"long long int\000"
 1582      206C6F6E 
 1582      6720696E 
 1582      7400
 1583              	.LASF1:
 1584 0082 7369676E 		.ascii	"signed char\000"
 1584      65642063 
 1584      68617200 
 1585              	.LASF76:
 1586 008e 63665F6F 		.ascii	"cf_off_stklimit\000"
 1586      66665F73 
 1586      746B6C69 
 1586      6D697400 
 1587              	.LASF78:
 1588 009e 63665F6F 		.ascii	"cf_off_flags\000"
 1588      66665F66 
 1588      6C616773 
 1588      00
 1589              	.LASF41:
 1590 00ab 705F6D70 		.ascii	"p_mpool\000"
 1590      6F6F6C00 
 1591              	.LASF56:
 1592 00b3 6D5F7175 		.ascii	"m_queue\000"
 1592      65756500 
 1593              	.LASF17:
 1594 00bb 74736C69 		.ascii	"tslices_t\000"
 1594      6365735F 
 1594      7400
 1595              	.LASF9:
 1596 00c5 6C6F6E67 		.ascii	"long int\000"
 1596      20696E74 
 1596      00
 1597              	.LASF15:
 1598 00ce 74737461 		.ascii	"tstate_t\000"
 1598      74655F74 
 1598      00
 1599              	.LASF6:
 1600 00d7 75696E74 		.ascii	"uint16_t\000"
 1600      31365F74 
 1600      00
 1601              	.LASF82:
 1602 00e0 63686465 		.ascii	"chdebug_t\000"
 1602      6275675F 
 1602      7400
 1603              	.LASF27:
ARM GAS  /tmp/cc4l7UxR.s 			page 30


 1604 00ea 705F6E65 		.ascii	"p_newer\000"
 1604      77657200 
 1605              	.LASF51:
 1606 00f2 725F6E65 		.ascii	"r_newer\000"
 1606      77657200 
 1607              	.LASF44:
 1608 00fa 72656761 		.ascii	"regarm_t\000"
 1608      726D5F74 
 1608      00
 1609              	.LASF0:
 1610 0103 756E7369 		.ascii	"unsigned int\000"
 1610      676E6564 
 1610      20696E74 
 1610      00
 1611              	.LASF11:
 1612 0110 6C6F6E67 		.ascii	"long unsigned int\000"
 1612      20756E73 
 1612      69676E65 
 1612      6420696E 
 1612      7400
 1613              	.LASF86:
 1614 0122 63685F64 		.ascii	"ch_debug\000"
 1614      65627567 
 1614      00
 1615              	.LASF64:
 1616 012b 63685F69 		.ascii	"ch_identifier\000"
 1616      64656E74 
 1616      69666965 
 1616      7200
 1617              	.LASF46:
 1618 0139 636F6E74 		.ascii	"context\000"
 1618      65787400 
 1619              	.LASF7:
 1620 0141 73686F72 		.ascii	"short unsigned int\000"
 1620      7420756E 
 1620      7369676E 
 1620      65642069 
 1620      6E7400
 1621              	.LASF19:
 1622 0154 6D73675F 		.ascii	"msg_t\000"
 1622      7400
 1623              	.LASF14:
 1624 015a 746D6F64 		.ascii	"tmode_t\000"
 1624      655F7400 
 1625              	.LASF43:
 1626 0162 54687265 		.ascii	"ThreadsList\000"
 1626      6164734C 
 1626      69737400 
 1627              	.LASF20:
 1628 016e 6576656E 		.ascii	"eventmask_t\000"
 1628      746D6173 
 1628      6B5F7400 
 1629              	.LASF89:
 1630 017a 2F686F6D 		.ascii	"/home/kwilson/Sandbox/ChibiOS_2.5.1/demos/ARMCM4-ST"
 1630      652F6B77 
 1630      696C736F 
 1630      6E2F5361 
ARM GAS  /tmp/cc4l7UxR.s 			page 31


 1630      6E64626F 
 1631 01ad 4D333246 		.ascii	"M32F407-LWIP-FATFS-USB\000"
 1631      3430372D 
 1631      4C574950 
 1631      2D464154 
 1631      46532D55 
 1632              	.LASF55:
 1633 01c4 4D757465 		.ascii	"Mutex\000"
 1633      7800
 1634              	.LASF65:
 1635 01ca 63685F7A 		.ascii	"ch_zero\000"
 1635      65726F00 
 1636              	.LASF79:
 1637 01d2 63665F6F 		.ascii	"cf_off_refs\000"
 1637      66665F72 
 1637      65667300 
 1638              	.LASF47:
 1639 01de 73697A65 		.ascii	"sizetype\000"
 1639      74797065 
 1639      00
 1640              	.LASF69:
 1641 01e7 63685F74 		.ascii	"ch_timesize\000"
 1641      696D6573 
 1641      697A6500 
 1642              	.LASF75:
 1643 01f3 63665F6F 		.ascii	"cf_off_name\000"
 1643      66665F6E 
 1643      616D6500 
 1644              	.LASF28:
 1645 01ff 705F6F6C 		.ascii	"p_older\000"
 1645      64657200 
 1646              	.LASF50:
 1647 0207 725F6374 		.ascii	"r_ctx\000"
 1647      7800
 1648              	.LASF42:
 1649 020d 54687265 		.ascii	"ThreadsQueue\000"
 1649      61647351 
 1649      75657565 
 1649      00
 1650              	.LASF66:
 1651 021a 63685F73 		.ascii	"ch_size\000"
 1651      697A6500 
 1652              	.LASF87:
 1653 0222 474E5520 		.ascii	"GNU C 4.7.2\000"
 1653      4320342E 
 1653      372E3200 
 1654              	.LASF53:
 1655 022e 725F6375 		.ascii	"r_current\000"
 1655      7272656E 
 1655      7400
 1656              	.LASF52:
 1657 0238 725F6F6C 		.ascii	"r_older\000"
 1657      64657200 
 1658              	.LASF16:
 1659 0240 74726566 		.ascii	"trefs_t\000"
 1659      735F7400 
 1660              	.LASF68:
ARM GAS  /tmp/cc4l7UxR.s 			page 32


 1661 0248 63685F70 		.ascii	"ch_ptrsize\000"
 1661      74727369 
 1661      7A6500
 1662              	.LASF24:
 1663 0253 705F7072 		.ascii	"p_prev\000"
 1663      657600
 1664              	.LASF18:
 1665 025a 74707269 		.ascii	"tprio_t\000"
 1665      6F5F7400 
 1666              	.LASF8:
 1667 0262 696E7433 		.ascii	"int32_t\000"
 1667      325F7400 
 1668              	.LASF4:
 1669 026a 756E7369 		.ascii	"unsigned char\000"
 1669      676E6564 
 1669      20636861 
 1669      7200
 1670              	.LASF39:
 1671 0278 705F6D74 		.ascii	"p_mtxlist\000"
 1671      786C6973 
 1671      7400
 1672              	.LASF5:
 1673 0282 73686F72 		.ascii	"short int\000"
 1673      7420696E 
 1673      7400
 1674              	.LASF30:
 1675 028c 705F7374 		.ascii	"p_state\000"
 1675      61746500 
 1676              	.LASF33:
 1677 0294 705F7072 		.ascii	"p_preempt\000"
 1677      65656D70 
 1677      7400
 1678              	.LASF81:
 1679 029e 63665F6F 		.ascii	"cf_off_time\000"
 1679      66665F74 
 1679      696D6500 
 1680              	.LASF49:
 1681 02aa 725F7072 		.ascii	"r_prio\000"
 1681      696F00
 1682              	.LASF62:
 1683 02b1 65776D61 		.ascii	"ewmask\000"
 1683      736B00
 1684              	.LASF23:
 1685 02b8 705F6E65 		.ascii	"p_next\000"
 1685      787400
 1686              	.LASF80:
 1687 02bf 63665F6F 		.ascii	"cf_off_preempt\000"
 1687      66665F70 
 1687      7265656D 
 1687      707400
 1688              	.LASF31:
 1689 02ce 705F666C 		.ascii	"p_flags\000"
 1689      61677300 
 1690              	.LASF90:
 1691 02d6 63685468 		.ascii	"chThdRelease\000"
 1691      6452656C 
 1691      65617365 
ARM GAS  /tmp/cc4l7UxR.s 			page 33


 1691      00
 1692              	.LASF22:
 1693 02e3 54687265 		.ascii	"Thread\000"
 1693      616400
 1694              	.LASF73:
 1695 02ea 63665F6F 		.ascii	"cf_off_newer\000"
 1695      66665F6E 
 1695      65776572 
 1695      00
 1696              	.LASF38:
 1697 02f7 705F6570 		.ascii	"p_epending\000"
 1697      656E6469 
 1697      6E6700
 1698              	.LASF10:
 1699 0302 75696E74 		.ascii	"uint32_t\000"
 1699      33325F74 
 1699      00
 1700              	.LASF71:
 1701 030b 63665F6F 		.ascii	"cf_off_prio\000"
 1701      66665F70 
 1701      72696F00 
 1702              	.LASF48:
 1703 0317 725F7175 		.ascii	"r_queue\000"
 1703      65756500 
 1704              	.LASF63:
 1705 031f 63686172 		.ascii	"char\000"
 1705      00
 1706              	.LASF84:
 1707 0324 63685265 		.ascii	"chRegNextThread\000"
 1707      674E6578 
 1707      74546872 
 1707      65616400 
 1708              	.LASF58:
 1709 0334 6D5F6E65 		.ascii	"m_next\000"
 1709      787400
 1710              	.LASF21:
 1711 033b 73797374 		.ascii	"systime_t\000"
 1711      696D655F 
 1711      7400
 1712              	.LASF40:
 1713 0345 705F7265 		.ascii	"p_realprio\000"
 1713      616C7072 
 1713      696F00
 1714              	.LASF34:
 1715 0350 705F7469 		.ascii	"p_time\000"
 1715      6D6500
 1716              	.LASF45:
 1717 0357 696E7463 		.ascii	"intctx\000"
 1717      747800
 1718              	.LASF36:
 1719 035e 705F6D73 		.ascii	"p_msgqueue\000"
 1719      67717565 
 1719      756500
 1720              	.LASF88:
 1721 0369 2E2E2F2E 		.ascii	"../../os/kernel/src/chregistry.c\000"
 1721      2E2F6F73 
 1721      2F6B6572 
ARM GAS  /tmp/cc4l7UxR.s 			page 34


 1721      6E656C2F 
 1721      7372632F 
 1722              	.LASF72:
 1723 038a 63665F6F 		.ascii	"cf_off_ctx\000"
 1723      66665F63 
 1723      747800
 1724              	.LASF32:
 1725 0395 705F7265 		.ascii	"p_refs\000"
 1725      667300
 1726              	.LASF54:
 1727 039c 52656164 		.ascii	"ReadyList\000"
 1727      794C6973 
 1727      7400
 1728              	.LASF85:
 1729 03a6 726C6973 		.ascii	"rlist\000"
 1729      7400
 1730              	.LASF3:
 1731 03ac 75696E74 		.ascii	"uint8_t\000"
 1731      385F7400 
 1732              	.LASF61:
 1733 03b4 77746F62 		.ascii	"wtobjp\000"
 1733      6A7000
 1734              	.LASF29:
 1735 03bb 705F6E61 		.ascii	"p_name\000"
 1735      6D6500
 1736              	.LASF67:
 1737 03c2 63685F76 		.ascii	"ch_version\000"
 1737      65727369 
 1737      6F6E00
 1738              	.LASF57:
 1739 03cd 6D5F6F77 		.ascii	"m_owner\000"
 1739      6E657200 
 1740              	.LASF26:
 1741 03d5 705F6374 		.ascii	"p_ctx\000"
 1741      7800
 1742              	.LASF35:
 1743 03db 705F7761 		.ascii	"p_waiting\000"
 1743      6974696E 
 1743      6700
 1744              		.ident	"GCC: (crosstool-NG 1.17.0 - PSAS ST32F4 GFE) 4.7.2"
ARM GAS  /tmp/cc4l7UxR.s 			page 35


DEFINED SYMBOLS
                            *ABS*:0000000000000000 chregistry.c
     /tmp/cc4l7UxR.s:21     .text.chRegFirstThread:0000000000000000 $t
     /tmp/cc4l7UxR.s:27     .text.chRegFirstThread:0000000000000000 chRegFirstThread
     /tmp/cc4l7UxR.s:74     .text.chRegNextThread:0000000000000000 $t
     /tmp/cc4l7UxR.s:80     .text.chRegNextThread:0000000000000000 chRegNextThread
     /tmp/cc4l7UxR.s:142    .text.chRegNextThread:0000000000000028 $d
     /tmp/cc4l7UxR.s:151    .rodata.ch_debug:0000000000000000 ch_debug
     /tmp/cc4l7UxR.s:148    .rodata.ch_debug:0000000000000000 $d
                     .debug_frame:0000000000000010 $d
     /tmp/cc4l7UxR.s:147    .text.chRegNextThread:000000000000002c $t

UNDEFINED SYMBOLS
rlist
chThdRelease
