ARM GAS  /tmp/ccWOKPbl.s 			page 1


   1              		.syntax unified
   2              		.cpu cortex-m4
   3              		.eabi_attribute 27, 3
   4              		.eabi_attribute 28, 1
   5              		.fpu fpv4-sp-d16
   6              		.eabi_attribute 20, 1
   7              		.eabi_attribute 21, 1
   8              		.eabi_attribute 23, 3
   9              		.eabi_attribute 24, 1
  10              		.eabi_attribute 25, 1
  11              		.eabi_attribute 26, 1
  12              		.eabi_attribute 30, 2
  13              		.eabi_attribute 34, 1
  14              		.eabi_attribute 18, 4
  15              		.thumb
  16              		.file	"chsys.c"
  17              		.text
  18              	.Ltext0:
  19              		.cfi_sections	.debug_frame
  20              		.section	.text._idle_thread,"ax",%progbits
  21              		.align	2
  22              		.p2align 4,,15
  23              		.global	_idle_thread
  24              		.thumb
  25              		.thumb_func
  26              		.type	_idle_thread, %function
  27              	_idle_thread:
  28              	.LFB7:
  29              		.file 1 "../../os/kernel/src/chsys.c"
  30              		.loc 1 54 0
  31              		.cfi_startproc
  32              		@ args = 0, pretend = 0, frame = 0
  33              		@ frame_needed = 0, uses_anonymous_args = 0
  34              		@ link register save eliminated.
  35              	.LVL0:
  36              		.loc 1 57 0
  37 0000 024B     		ldr	r3, .L4
  38 0002 034A     		ldr	r2, .L4+4
  39 0004 9B69     		ldr	r3, [r3, #24]
  40 0006 9A61     		str	r2, [r3, #24]
  41              	.L2:
  42 0008 FEE7     		b	.L2
  43              	.L5:
  44 000a 00BF     		.align	2
  45              	.L4:
  46 000c 00000000 		.word	rlist
  47 0010 00000000 		.word	.LC0
  48              		.cfi_endproc
  49              	.LFE7:
  50              		.size	_idle_thread, .-_idle_thread
  51 0014 AFF30080 		.section	.text.chSysInit,"ax",%progbits
  51      AFF30080 
  51      AFF30080 
  52              		.align	2
  53              		.p2align 4,,15
  54              		.global	chSysInit
  55              		.thumb
ARM GAS  /tmp/ccWOKPbl.s 			page 2


  56              		.thumb_func
  57              		.type	chSysInit, %function
  58              	chSysInit:
  59              	.LFB8:
  60              		.loc 1 77 0
  61              		.cfi_startproc
  62              		@ args = 0, pretend = 0, frame = 0
  63              		@ frame_needed = 0, uses_anonymous_args = 0
  64 0000 00B5     		push	{lr}
  65              	.LCFI0:
  66              		.cfi_def_cfa_offset 4
  67              		.cfi_offset 14, -4
  68 0002 83B0     		sub	sp, sp, #12
  69              	.LCFI1:
  70              		.cfi_def_cfa_offset 16
  71              		.loc 1 83 0
  72 0004 FFF7FEFF 		bl	_port_init
  73              	.LVL1:
  74              		.loc 1 84 0
  75 0008 FFF7FEFF 		bl	_scheduler_init
  76              	.LVL2:
  77              		.loc 1 85 0
  78 000c FFF7FEFF 		bl	_vt_init
  79              	.LVL3:
  80              		.loc 1 87 0
  81 0010 FFF7FEFF 		bl	_core_init
  82              	.LVL4:
  83              		.loc 1 90 0
  84 0014 FFF7FEFF 		bl	_heap_init
  85              	.LVL5:
  86              		.loc 1 97 0
  87 0018 40F20000 		movw	r0, #:lower16:.LANCHOR0
  88 001c 4021     		movs	r1, #64
  89 001e C0F20000 		movt	r0, #:upper16:.LANCHOR0
  90 0022 FFF7FEFF 		bl	_thread_init
  91              	.LVL6:
  92 0026 40F20001 		movw	r1, #:lower16:rlist
  93 002a C0F20001 		movt	r1, #:upper16:rlist
  94              		.loc 1 98 0
  95 002e 0122     		movs	r2, #1
  96              		.loc 1 97 0
  97 0030 8861     		str	r0, [r1, #24]
  98              		.loc 1 98 0
  99 0032 0277     		strb	r2, [r0, #28]
 100              	.LBB2:
 101              		.loc 1 104 0
 102 0034 0023     		movs	r3, #0
 103              	.LVL7:
 104              	@ 104 "../../os/kernel/src/chsys.c" 1
 105 0036 83F31188 		msr     BASEPRI, r3                    
 106 003a 62B6     		cpsie   i
 107              	@ 0 "" 2
 108              	.LVL8:
 109              		.thumb
 110              	.LBE2:
 111              		.loc 1 108 0
 112 003c 40F20000 		movw	r0, #:lower16:ch_debug
ARM GAS  /tmp/ccWOKPbl.s 			page 3


 113 0040 8969     		ldr	r1, [r1, #24]
 114 0042 C0F20000 		movt	r0, #:upper16:ch_debug
 115 0046 8861     		str	r0, [r1, #24]
 116              		.loc 1 114 0
 117 0048 0093     		str	r3, [sp, #0]
 118 004a 40F20000 		movw	r0, #:lower16:.LANCHOR1
 119 004e 40F20003 		movw	r3, #:lower16:_idle_thread
 120              	.LVL9:
 121 0052 C021     		movs	r1, #192
 122 0054 C0F20003 		movt	r3, #:upper16:_idle_thread
 123 0058 C0F20000 		movt	r0, #:upper16:.LANCHOR1
 124 005c FFF7FEFF 		bl	chThdCreateStatic
 125              	.LVL10:
 126              		.loc 1 117 0
 127 0060 03B0     		add	sp, sp, #12
 128 0062 00BD     		pop	{pc}
 129              		.cfi_endproc
 130              	.LFE8:
 131              		.size	chSysInit, .-chSysInit
 132 0064 AFF30080 		.section	.text.chSysTimerHandlerI,"ax",%progbits
 132      AFF30080 
 132      AFF30080 
 133              		.align	2
 134              		.p2align 4,,15
 135              		.global	chSysTimerHandlerI
 136              		.thumb
 137              		.thumb_func
 138              		.type	chSysTimerHandlerI, %function
 139              	chSysTimerHandlerI:
 140              	.LFB9:
 141              		.loc 1 130 0
 142              		.cfi_startproc
 143              		@ args = 0, pretend = 0, frame = 0
 144              		@ frame_needed = 0, uses_anonymous_args = 0
 145 0000 38B5     		push	{r3, r4, r5, lr}
 146              	.LCFI2:
 147              		.cfi_def_cfa_offset 16
 148              		.cfi_offset 3, -16
 149              		.cfi_offset 4, -12
 150              		.cfi_offset 5, -8
 151              		.cfi_offset 14, -4
 152              		.loc 1 136 0
 153 0002 134B     		ldr	r3, .L20
 154 0004 9B69     		ldr	r3, [r3, #24]
 155 0006 DA7F     		ldrb	r2, [r3, #31]	@ zero_extendqisi2
 156 0008 0AB1     		cbz	r2, .L8
 157              		.loc 1 138 0
 158 000a 013A     		subs	r2, r2, #1
 159 000c DA77     		strb	r2, [r3, #31]
 160              	.L8:
 161              		.loc 1 141 0
 162 000e 1A6A     		ldr	r2, [r3, #32]
 163              		.loc 1 143 0
 164 0010 104C     		ldr	r4, .L20+4
 165              		.loc 1 141 0
 166 0012 0132     		adds	r2, r2, #1
 167 0014 1A62     		str	r2, [r3, #32]
ARM GAS  /tmp/ccWOKPbl.s 			page 4


 168              		.loc 1 143 0
 169 0016 E368     		ldr	r3, [r4, #12]
 170 0018 2268     		ldr	r2, [r4, #0]
 171 001a 0133     		adds	r3, r3, #1
 172 001c A242     		cmp	r2, r4
 173 001e E360     		str	r3, [r4, #12]
 174 0020 14D0     		beq	.L7
 175              	.LBB3:
 176              		.loc 1 143 0 is_stmt 0 discriminator 1
 177 0022 9568     		ldr	r5, [r2, #8]
 178 0024 013D     		subs	r5, r5, #1
 179 0026 9560     		str	r5, [r2, #8]
 180              	.LVL11:
 181 0028 85B9     		cbnz	r5, .L7
 182              	.L16:
 183              	.LBB4:
 184              		.loc 1 143 0 discriminator 3
 185 002a 1368     		ldr	r3, [r2, #0]
 186 002c D168     		ldr	r1, [r2, #12]
 187              	.LVL12:
 188 002e 5C60     		str	r4, [r3, #4]
 189 0030 2360     		str	r3, [r4, #0]
 190 0032 D560     		str	r5, [r2, #12]
 191              	.LBB5:
 192 0034 0023     		movs	r3, #0
 193              	.LVL13:
 194              	@ 143 "../../os/kernel/src/chsys.c" 1
 195 0036 83F31188 		msr     BASEPRI, r3
 196              	@ 0 "" 2
 197              	.LVL14:
 198              		.thumb
 199              	.LBE5:
 200 003a 1069     		ldr	r0, [r2, #16]
 201 003c 8847     		blx	r1
 202              	.LVL15:
 203              	.LBB6:
 204 003e 2023     		movs	r3, #32
 205              	.LVL16:
 206              	@ 143 "../../os/kernel/src/chsys.c" 1
 207 0040 83F31188 		msr     BASEPRI, r3
 208              	@ 0 "" 2
 209              	.LVL17:
 210              		.thumb
 211              	.LBE6:
 212              	.LBE4:
 213 0044 2268     		ldr	r2, [r4, #0]
 214              	.LVL18:
 215 0046 9368     		ldr	r3, [r2, #8]
 216              	.LVL19:
 217 0048 002B     		cmp	r3, #0
 218 004a EED0     		beq	.L16
 219              	.LVL20:
 220              	.L7:
 221 004c 38BD     		pop	{r3, r4, r5, pc}
 222              	.L21:
 223 004e 00BF     		.align	2
 224              	.L20:
ARM GAS  /tmp/ccWOKPbl.s 			page 5


 225 0050 00000000 		.word	rlist
 226 0054 00000000 		.word	vtlist
 227              	.LBE3:
 228              		.cfi_endproc
 229              	.LFE9:
 230              		.size	chSysTimerHandlerI, .-chSysTimerHandlerI
 231              		.global	_idle_thread_wa
 232 0058 AFF30080 		.section	.bss.mainthread.4771,"aw",%nobits
 232      AFF30080 
 233              		.align	2
 234              		.set	.LANCHOR0,. + 0
 235              		.type	mainthread.4771, %object
 236              		.size	mainthread.4771, 72
 237              	mainthread.4771:
 238 0000 00000000 		.space	72
 238      00000000 
 238      00000000 
 238      00000000 
 238      00000000 
 239              		.section	.rodata.str1.4,"aMS",%progbits,1
 240              		.align	2
 241              	.LC0:
 242 0000 69646C65 		.ascii	"idle\000"
 242      00
 243 0005 000000   		.section	.bss._idle_thread_wa,"aw",%nobits
 244              		.align	3
 245              		.set	.LANCHOR1,. + 0
 246              		.type	_idle_thread_wa, %object
 247              		.size	_idle_thread_wa, 192
 248              	_idle_thread_wa:
 249 0000 00000000 		.space	192
 249      00000000 
 249      00000000 
 249      00000000 
 249      00000000 
 250              		.text
 251              	.Letext0:
 252              		.file 2 "/opt/psas/x-tools/stm32f407/arm-psas-eabi/bin/../lib/gcc/arm-psas-eabi/4.7.2/include/stdd
 253              		.file 3 "/opt/psas/x-tools/stm32f407/arm-psas-eabi/bin/../lib/gcc/arm-psas-eabi/4.7.2/../../../../
 254              		.file 4 "../../os/ports/GCC/ARMCMx/chtypes.h"
 255              		.file 5 "../../os/kernel/include/chlists.h"
 256              		.file 6 "../../os/kernel/include/chthreads.h"
 257              		.file 7 "../../os/ports/GCC/ARMCMx/chcore_v7m.h"
 258              		.file 8 "../../os/kernel/include/chvt.h"
 259              		.file 9 "../../os/kernel/include/chschd.h"
 260              		.file 10 "../../os/kernel/include/chmtx.h"
 261              		.file 11 "../../os/kernel/include/chregistry.h"
 262              		.file 12 "../../os/kernel/include/chmemcore.h"
 263              		.file 13 "../../os/kernel/include/chheap.h"
 264              		.section	.debug_info,"",%progbits
 265              	.Ldebug_info0:
 266 0000 9D080000 		.4byte	0x89d
 267 0004 0200     		.2byte	0x2
 268 0006 00000000 		.4byte	.Ldebug_abbrev0
 269 000a 04       		.byte	0x4
 270 000b 01       		.uleb128 0x1
 271 000c C6020000 		.4byte	.LASF108
ARM GAS  /tmp/ccWOKPbl.s 			page 6


 272 0010 01       		.byte	0x1
 273 0011 50040000 		.4byte	.LASF109
 274 0015 F1010000 		.4byte	.LASF110
 275 0019 00000000 		.4byte	.Ldebug_ranges0+0
 276 001d 00000000 		.4byte	0
 277 0021 00000000 		.4byte	0
 278 0025 00000000 		.4byte	.Ldebug_line0
 279 0029 02       		.uleb128 0x2
 280 002a 04       		.byte	0x4
 281 002b 05       		.byte	0x5
 282 002c 696E7400 		.ascii	"int\000"
 283 0030 03       		.uleb128 0x3
 284 0031 1B000000 		.4byte	.LASF2
 285 0035 02       		.byte	0x2
 286 0036 D5       		.byte	0xd5
 287 0037 3B000000 		.4byte	0x3b
 288 003b 04       		.uleb128 0x4
 289 003c 04       		.byte	0x4
 290 003d 07       		.byte	0x7
 291 003e 65010000 		.4byte	.LASF0
 292 0042 04       		.uleb128 0x4
 293 0043 01       		.byte	0x1
 294 0044 06       		.byte	0x6
 295 0045 B7000000 		.4byte	.LASF1
 296 0049 03       		.uleb128 0x3
 297 004a 6C040000 		.4byte	.LASF3
 298 004e 03       		.byte	0x3
 299 004f 2A       		.byte	0x2a
 300 0050 54000000 		.4byte	0x54
 301 0054 04       		.uleb128 0x4
 302 0055 01       		.byte	0x1
 303 0056 08       		.byte	0x8
 304 0057 1B030000 		.4byte	.LASF4
 305 005b 04       		.uleb128 0x4
 306 005c 02       		.byte	0x2
 307 005d 05       		.byte	0x5
 308 005e 3E030000 		.4byte	.LASF5
 309 0062 03       		.uleb128 0x3
 310 0063 0C010000 		.4byte	.LASF6
 311 0067 03       		.byte	0x3
 312 0068 36       		.byte	0x36
 313 0069 6D000000 		.4byte	0x6d
 314 006d 04       		.uleb128 0x4
 315 006e 02       		.byte	0x2
 316 006f 07       		.byte	0x7
 317 0070 B8010000 		.4byte	.LASF7
 318 0074 03       		.uleb128 0x3
 319 0075 13030000 		.4byte	.LASF8
 320 0079 03       		.byte	0x3
 321 007a 4F       		.byte	0x4f
 322 007b 7F000000 		.4byte	0x7f
 323 007f 04       		.uleb128 0x4
 324 0080 04       		.byte	0x4
 325 0081 05       		.byte	0x5
 326 0082 FA000000 		.4byte	.LASF9
 327 0086 03       		.uleb128 0x3
 328 0087 B1030000 		.4byte	.LASF10
ARM GAS  /tmp/ccWOKPbl.s 			page 7


 329 008b 03       		.byte	0x3
 330 008c 50       		.byte	0x50
 331 008d 91000000 		.4byte	0x91
 332 0091 04       		.uleb128 0x4
 333 0092 04       		.byte	0x4
 334 0093 07       		.byte	0x7
 335 0094 87010000 		.4byte	.LASF11
 336 0098 04       		.uleb128 0x4
 337 0099 08       		.byte	0x8
 338 009a 05       		.byte	0x5
 339 009b A9000000 		.4byte	.LASF12
 340 009f 03       		.uleb128 0x3
 341 00a0 29000000 		.4byte	.LASF13
 342 00a4 03       		.byte	0x3
 343 00a5 78       		.byte	0x78
 344 00a6 AA000000 		.4byte	0xaa
 345 00aa 04       		.uleb128 0x4
 346 00ab 08       		.byte	0x8
 347 00ac 07       		.byte	0x7
 348 00ad 4C000000 		.4byte	.LASF14
 349 00b1 03       		.uleb128 0x3
 350 00b2 D1010000 		.4byte	.LASF15
 351 00b6 04       		.byte	0x4
 352 00b7 28       		.byte	0x28
 353 00b8 49000000 		.4byte	0x49
 354 00bc 03       		.uleb128 0x3
 355 00bd 03010000 		.4byte	.LASF16
 356 00c1 04       		.byte	0x4
 357 00c2 29       		.byte	0x29
 358 00c3 49000000 		.4byte	0x49
 359 00c7 03       		.uleb128 0x3
 360 00c8 F1020000 		.4byte	.LASF17
 361 00cc 04       		.byte	0x4
 362 00cd 2A       		.byte	0x2a
 363 00ce 49000000 		.4byte	0x49
 364 00d2 03       		.uleb128 0x3
 365 00d3 F0000000 		.4byte	.LASF18
 366 00d7 04       		.byte	0x4
 367 00d8 2B       		.byte	0x2b
 368 00d9 49000000 		.4byte	0x49
 369 00dd 03       		.uleb128 0x3
 370 00de 0B030000 		.4byte	.LASF19
 371 00e2 04       		.byte	0x4
 372 00e3 2C       		.byte	0x2c
 373 00e4 86000000 		.4byte	0x86
 374 00e8 03       		.uleb128 0x3
 375 00e9 CB010000 		.4byte	.LASF20
 376 00ed 04       		.byte	0x4
 377 00ee 2D       		.byte	0x2d
 378 00ef 74000000 		.4byte	0x74
 379 00f3 03       		.uleb128 0x3
 380 00f4 E5010000 		.4byte	.LASF21
 381 00f8 04       		.byte	0x4
 382 00f9 2F       		.byte	0x2f
 383 00fa 86000000 		.4byte	0x86
 384 00fe 03       		.uleb128 0x3
 385 00ff E7030000 		.4byte	.LASF22
ARM GAS  /tmp/ccWOKPbl.s 			page 8


 386 0103 04       		.byte	0x4
 387 0104 31       		.byte	0x31
 388 0105 86000000 		.4byte	0x86
 389 0109 03       		.uleb128 0x3
 390 010a 92030000 		.4byte	.LASF23
 391 010e 05       		.byte	0x5
 392 010f 23       		.byte	0x23
 393 0110 14010000 		.4byte	0x114
 394 0114 05       		.uleb128 0x5
 395 0115 92030000 		.4byte	.LASF23
 396 0119 48       		.byte	0x48
 397 011a 06       		.byte	0x6
 398 011b 57       		.byte	0x57
 399 011c 39020000 		.4byte	0x239
 400 0120 06       		.uleb128 0x6
 401 0121 74030000 		.4byte	.LASF24
 402 0125 06       		.byte	0x6
 403 0126 58       		.byte	0x58
 404 0127 5E020000 		.4byte	0x25e
 405 012b 02       		.byte	0x2
 406 012c 23       		.byte	0x23
 407 012d 00       		.uleb128 0
 408 012e 06       		.uleb128 0x6
 409 012f 04030000 		.4byte	.LASF25
 410 0133 06       		.byte	0x6
 411 0134 5A       		.byte	0x5a
 412 0135 5E020000 		.4byte	0x25e
 413 0139 02       		.byte	0x2
 414 013a 23       		.byte	0x23
 415 013b 04       		.uleb128 0x4
 416 013c 06       		.uleb128 0x6
 417 013d 85000000 		.4byte	.LASF26
 418 0141 06       		.byte	0x6
 419 0142 5C       		.byte	0x5c
 420 0143 DD000000 		.4byte	0xdd
 421 0147 02       		.byte	0x2
 422 0148 23       		.byte	0x23
 423 0149 08       		.uleb128 0x8
 424 014a 06       		.uleb128 0x6
 425 014b B2040000 		.4byte	.LASF27
 426 014f 06       		.byte	0x6
 427 0150 5D       		.byte	0x5d
 428 0151 37030000 		.4byte	0x337
 429 0155 02       		.byte	0x2
 430 0156 23       		.byte	0x23
 431 0157 0C       		.uleb128 0xc
 432 0158 06       		.uleb128 0x6
 433 0159 1F010000 		.4byte	.LASF28
 434 015d 06       		.byte	0x6
 435 015e 5F       		.byte	0x5f
 436 015f 5E020000 		.4byte	0x25e
 437 0163 02       		.byte	0x2
 438 0164 23       		.byte	0x23
 439 0165 10       		.uleb128 0x10
 440 0166 06       		.uleb128 0x6
 441 0167 A3020000 		.4byte	.LASF29
 442 016b 06       		.byte	0x6
ARM GAS  /tmp/ccWOKPbl.s 			page 9


 443 016c 60       		.byte	0x60
 444 016d 5E020000 		.4byte	0x25e
 445 0171 02       		.byte	0x2
 446 0172 23       		.byte	0x23
 447 0173 14       		.uleb128 0x14
 448 0174 06       		.uleb128 0x6
 449 0175 86040000 		.4byte	.LASF30
 450 0179 06       		.byte	0x6
 451 017a 67       		.byte	0x67
 452 017b 18050000 		.4byte	0x518
 453 017f 02       		.byte	0x2
 454 0180 23       		.byte	0x23
 455 0181 18       		.uleb128 0x18
 456 0182 06       		.uleb128 0x6
 457 0183 48030000 		.4byte	.LASF31
 458 0187 06       		.byte	0x6
 459 0188 72       		.byte	0x72
 460 0189 BC000000 		.4byte	0xbc
 461 018d 02       		.byte	0x2
 462 018e 23       		.byte	0x23
 463 018f 1C       		.uleb128 0x1c
 464 0190 06       		.uleb128 0x6
 465 0191 8A030000 		.4byte	.LASF32
 466 0195 06       		.byte	0x6
 467 0196 76       		.byte	0x76
 468 0197 B1000000 		.4byte	0xb1
 469 019b 02       		.byte	0x2
 470 019c 23       		.byte	0x23
 471 019d 1D       		.uleb128 0x1d
 472 019e 06       		.uleb128 0x6
 473 019f 39040000 		.4byte	.LASF33
 474 01a3 06       		.byte	0x6
 475 01a4 7B       		.byte	0x7b
 476 01a5 C7000000 		.4byte	0xc7
 477 01a9 02       		.byte	0x2
 478 01aa 23       		.byte	0x23
 479 01ab 1E       		.uleb128 0x1e
 480 01ac 06       		.uleb128 0x6
 481 01ad 50030000 		.4byte	.LASF34
 482 01b1 06       		.byte	0x6
 483 01b2 81       		.byte	0x81
 484 01b3 D2000000 		.4byte	0xd2
 485 01b7 02       		.byte	0x2
 486 01b8 23       		.byte	0x23
 487 01b9 1F       		.uleb128 0x1f
 488 01ba 06       		.uleb128 0x6
 489 01bb 0E040000 		.4byte	.LASF35
 490 01bf 06       		.byte	0x6
 491 01c0 88       		.byte	0x88
 492 01c1 23040000 		.4byte	0x423
 493 01c5 02       		.byte	0x2
 494 01c6 23       		.byte	0x23
 495 01c7 20       		.uleb128 0x20
 496 01c8 07       		.uleb128 0x7
 497 01c9 705F7500 		.ascii	"p_u\000"
 498 01cd 06       		.byte	0x6
 499 01ce AD       		.byte	0xad
ARM GAS  /tmp/ccWOKPbl.s 			page 10


 500 01cf E3040000 		.4byte	0x4e3
 501 01d3 02       		.byte	0x2
 502 01d4 23       		.byte	0x23
 503 01d5 24       		.uleb128 0x24
 504 01d6 06       		.uleb128 0x6
 505 01d7 B8040000 		.4byte	.LASF36
 506 01db 06       		.byte	0x6
 507 01dc B2       		.byte	0xb2
 508 01dd 86020000 		.4byte	0x286
 509 01e1 02       		.byte	0x2
 510 01e2 23       		.byte	0x23
 511 01e3 28       		.uleb128 0x28
 512 01e4 06       		.uleb128 0x6
 513 01e5 1C040000 		.4byte	.LASF37
 514 01e9 06       		.byte	0x6
 515 01ea B8       		.byte	0xb8
 516 01eb 64020000 		.4byte	0x264
 517 01ef 02       		.byte	0x2
 518 01f0 23       		.byte	0x23
 519 01f1 2C       		.uleb128 0x2c
 520 01f2 06       		.uleb128 0x6
 521 01f3 15000000 		.4byte	.LASF38
 522 01f7 06       		.byte	0x6
 523 01f8 BC       		.byte	0xbc
 524 01f9 E8000000 		.4byte	0xe8
 525 01fd 02       		.byte	0x2
 526 01fe 23       		.byte	0x23
 527 01ff 34       		.uleb128 0x34
 528 0200 06       		.uleb128 0x6
 529 0201 A6030000 		.4byte	.LASF39
 530 0205 06       		.byte	0x6
 531 0206 C2       		.byte	0xc2
 532 0207 F3000000 		.4byte	0xf3
 533 020b 02       		.byte	0x2
 534 020c 23       		.byte	0x23
 535 020d 38       		.uleb128 0x38
 536 020e 06       		.uleb128 0x6
 537 020f 34030000 		.4byte	.LASF40
 538 0213 06       		.byte	0x6
 539 0214 C9       		.byte	0xc9
 540 0215 2A050000 		.4byte	0x52a
 541 0219 02       		.byte	0x2
 542 021a 23       		.byte	0x23
 543 021b 3C       		.uleb128 0x3c
 544 021c 06       		.uleb128 0x6
 545 021d F1030000 		.4byte	.LASF41
 546 0221 06       		.byte	0x6
 547 0222 CD       		.byte	0xcd
 548 0223 DD000000 		.4byte	0xdd
 549 0227 02       		.byte	0x2
 550 0228 23       		.byte	0x23
 551 0229 40       		.uleb128 0x40
 552 022a 06       		.uleb128 0x6
 553 022b E0000000 		.4byte	.LASF42
 554 022f 06       		.byte	0x6
 555 0230 D3       		.byte	0xd3
 556 0231 9C020000 		.4byte	0x29c
ARM GAS  /tmp/ccWOKPbl.s 			page 11


 557 0235 02       		.byte	0x2
 558 0236 23       		.byte	0x23
 559 0237 44       		.uleb128 0x44
 560 0238 00       		.byte	0
 561 0239 08       		.uleb128 0x8
 562 023a 08       		.byte	0x8
 563 023b 05       		.byte	0x5
 564 023c 5A       		.byte	0x5a
 565 023d 5E020000 		.4byte	0x25e
 566 0241 06       		.uleb128 0x6
 567 0242 74030000 		.4byte	.LASF24
 568 0246 05       		.byte	0x5
 569 0247 5B       		.byte	0x5b
 570 0248 5E020000 		.4byte	0x25e
 571 024c 02       		.byte	0x2
 572 024d 23       		.byte	0x23
 573 024e 00       		.uleb128 0
 574 024f 06       		.uleb128 0x6
 575 0250 04030000 		.4byte	.LASF25
 576 0254 05       		.byte	0x5
 577 0255 5D       		.byte	0x5d
 578 0256 5E020000 		.4byte	0x25e
 579 025a 02       		.byte	0x2
 580 025b 23       		.byte	0x23
 581 025c 04       		.uleb128 0x4
 582 025d 00       		.byte	0
 583 025e 09       		.uleb128 0x9
 584 025f 04       		.byte	0x4
 585 0260 09010000 		.4byte	0x109
 586 0264 03       		.uleb128 0x3
 587 0265 B1020000 		.4byte	.LASF43
 588 0269 05       		.byte	0x5
 589 026a 5F       		.byte	0x5f
 590 026b 39020000 		.4byte	0x239
 591 026f 08       		.uleb128 0x8
 592 0270 04       		.byte	0x4
 593 0271 05       		.byte	0x5
 594 0272 64       		.byte	0x64
 595 0273 86020000 		.4byte	0x286
 596 0277 06       		.uleb128 0x6
 597 0278 74030000 		.4byte	.LASF24
 598 027c 05       		.byte	0x5
 599 027d 66       		.byte	0x66
 600 027e 5E020000 		.4byte	0x25e
 601 0282 02       		.byte	0x2
 602 0283 23       		.byte	0x23
 603 0284 00       		.uleb128 0
 604 0285 00       		.byte	0
 605 0286 03       		.uleb128 0x3
 606 0287 D9010000 		.4byte	.LASF44
 607 028b 05       		.byte	0x5
 608 028c 69       		.byte	0x69
 609 028d 6F020000 		.4byte	0x26f
 610 0291 03       		.uleb128 0x3
 611 0292 3F010000 		.4byte	.LASF45
 612 0296 07       		.byte	0x7
 613 0297 DE       		.byte	0xde
ARM GAS  /tmp/ccWOKPbl.s 			page 12


 614 0298 9C020000 		.4byte	0x29c
 615 029c 0A       		.uleb128 0xa
 616 029d 04       		.byte	0x4
 617 029e 03       		.uleb128 0x3
 618 029f 41020000 		.4byte	.LASF46
 619 02a3 07       		.byte	0x7
 620 02a4 E4       		.byte	0xe4
 621 02a5 9F000000 		.4byte	0x9f
 622 02a9 0B       		.uleb128 0xb
 623 02aa 15040000 		.4byte	.LASF47
 624 02ae 24       		.byte	0x24
 625 02af 07       		.byte	0x7
 626 02b0 0501     		.2byte	0x105
 627 02b2 37030000 		.4byte	0x337
 628 02b6 0C       		.uleb128 0xc
 629 02b7 723400   		.ascii	"r4\000"
 630 02ba 07       		.byte	0x7
 631 02bb 1801     		.2byte	0x118
 632 02bd 91020000 		.4byte	0x291
 633 02c1 02       		.byte	0x2
 634 02c2 23       		.byte	0x23
 635 02c3 00       		.uleb128 0
 636 02c4 0C       		.uleb128 0xc
 637 02c5 723500   		.ascii	"r5\000"
 638 02c8 07       		.byte	0x7
 639 02c9 1901     		.2byte	0x119
 640 02cb 91020000 		.4byte	0x291
 641 02cf 02       		.byte	0x2
 642 02d0 23       		.byte	0x23
 643 02d1 04       		.uleb128 0x4
 644 02d2 0C       		.uleb128 0xc
 645 02d3 723600   		.ascii	"r6\000"
 646 02d6 07       		.byte	0x7
 647 02d7 1A01     		.2byte	0x11a
 648 02d9 91020000 		.4byte	0x291
 649 02dd 02       		.byte	0x2
 650 02de 23       		.byte	0x23
 651 02df 08       		.uleb128 0x8
 652 02e0 0C       		.uleb128 0xc
 653 02e1 723700   		.ascii	"r7\000"
 654 02e4 07       		.byte	0x7
 655 02e5 1B01     		.2byte	0x11b
 656 02e7 91020000 		.4byte	0x291
 657 02eb 02       		.byte	0x2
 658 02ec 23       		.byte	0x23
 659 02ed 0C       		.uleb128 0xc
 660 02ee 0C       		.uleb128 0xc
 661 02ef 723800   		.ascii	"r8\000"
 662 02f2 07       		.byte	0x7
 663 02f3 1C01     		.2byte	0x11c
 664 02f5 91020000 		.4byte	0x291
 665 02f9 02       		.byte	0x2
 666 02fa 23       		.byte	0x23
 667 02fb 10       		.uleb128 0x10
 668 02fc 0C       		.uleb128 0xc
 669 02fd 723900   		.ascii	"r9\000"
 670 0300 07       		.byte	0x7
ARM GAS  /tmp/ccWOKPbl.s 			page 13


 671 0301 1D01     		.2byte	0x11d
 672 0303 91020000 		.4byte	0x291
 673 0307 02       		.byte	0x2
 674 0308 23       		.byte	0x23
 675 0309 14       		.uleb128 0x14
 676 030a 0C       		.uleb128 0xc
 677 030b 72313000 		.ascii	"r10\000"
 678 030f 07       		.byte	0x7
 679 0310 1E01     		.2byte	0x11e
 680 0312 91020000 		.4byte	0x291
 681 0316 02       		.byte	0x2
 682 0317 23       		.byte	0x23
 683 0318 18       		.uleb128 0x18
 684 0319 0C       		.uleb128 0xc
 685 031a 72313100 		.ascii	"r11\000"
 686 031e 07       		.byte	0x7
 687 031f 1F01     		.2byte	0x11f
 688 0321 91020000 		.4byte	0x291
 689 0325 02       		.byte	0x2
 690 0326 23       		.byte	0x23
 691 0327 1C       		.uleb128 0x1c
 692 0328 0C       		.uleb128 0xc
 693 0329 6C7200   		.ascii	"lr\000"
 694 032c 07       		.byte	0x7
 695 032d 2001     		.2byte	0x120
 696 032f 91020000 		.4byte	0x291
 697 0333 02       		.byte	0x2
 698 0334 23       		.byte	0x23
 699 0335 20       		.uleb128 0x20
 700 0336 00       		.byte	0
 701 0337 0B       		.uleb128 0xb
 702 0338 B0010000 		.4byte	.LASF48
 703 033c 04       		.byte	0x4
 704 033d 07       		.byte	0x7
 705 033e 2A01     		.2byte	0x12a
 706 0340 54030000 		.4byte	0x354
 707 0344 0C       		.uleb128 0xc
 708 0345 72313300 		.ascii	"r13\000"
 709 0349 07       		.byte	0x7
 710 034a 2B01     		.2byte	0x12b
 711 034c 54030000 		.4byte	0x354
 712 0350 02       		.byte	0x2
 713 0351 23       		.byte	0x23
 714 0352 00       		.uleb128 0
 715 0353 00       		.byte	0
 716 0354 09       		.uleb128 0x9
 717 0355 04       		.byte	0x4
 718 0356 A9020000 		.4byte	0x2a9
 719 035a 04       		.uleb128 0x4
 720 035b 04       		.byte	0x4
 721 035c 07       		.byte	0x7
 722 035d 7A020000 		.4byte	.LASF49
 723 0361 03       		.uleb128 0x3
 724 0362 FC030000 		.4byte	.LASF50
 725 0366 08       		.byte	0x8
 726 0367 4E       		.byte	0x4e
 727 0368 6C030000 		.4byte	0x36c
ARM GAS  /tmp/ccWOKPbl.s 			page 14


 728 036c 09       		.uleb128 0x9
 729 036d 04       		.byte	0x4
 730 036e 72030000 		.4byte	0x372
 731 0372 0D       		.uleb128 0xd
 732 0373 01       		.byte	0x1
 733 0374 7E030000 		.4byte	0x37e
 734 0378 0E       		.uleb128 0xe
 735 0379 9C020000 		.4byte	0x29c
 736 037d 00       		.byte	0
 737 037e 03       		.uleb128 0x3
 738 037f CE030000 		.4byte	.LASF51
 739 0383 08       		.byte	0x8
 740 0384 53       		.byte	0x53
 741 0385 89030000 		.4byte	0x389
 742 0389 05       		.uleb128 0x5
 743 038a CE030000 		.4byte	.LASF51
 744 038e 14       		.byte	0x14
 745 038f 08       		.byte	0x8
 746 0390 5A       		.byte	0x5a
 747 0391 DC030000 		.4byte	0x3dc
 748 0395 06       		.uleb128 0x6
 749 0396 7F010000 		.4byte	.LASF52
 750 039a 08       		.byte	0x8
 751 039b 5B       		.byte	0x5b
 752 039c DC030000 		.4byte	0x3dc
 753 03a0 02       		.byte	0x2
 754 03a1 23       		.byte	0x23
 755 03a2 00       		.uleb128 0
 756 03a3 06       		.uleb128 0x6
 757 03a4 48010000 		.4byte	.LASF53
 758 03a8 08       		.byte	0x8
 759 03a9 5D       		.byte	0x5d
 760 03aa DC030000 		.4byte	0x3dc
 761 03ae 02       		.byte	0x2
 762 03af 23       		.byte	0x23
 763 03b0 04       		.uleb128 0x4
 764 03b1 06       		.uleb128 0x6
 765 03b2 72020000 		.4byte	.LASF54
 766 03b6 08       		.byte	0x8
 767 03b7 5F       		.byte	0x5f
 768 03b8 FE000000 		.4byte	0xfe
 769 03bc 02       		.byte	0x2
 770 03bd 23       		.byte	0x23
 771 03be 08       		.uleb128 0x8
 772 03bf 06       		.uleb128 0x6
 773 03c0 83020000 		.4byte	.LASF55
 774 03c4 08       		.byte	0x8
 775 03c5 60       		.byte	0x60
 776 03c6 61030000 		.4byte	0x361
 777 03ca 02       		.byte	0x2
 778 03cb 23       		.byte	0x23
 779 03cc 0C       		.uleb128 0xc
 780 03cd 06       		.uleb128 0x6
 781 03ce 27040000 		.4byte	.LASF56
 782 03d2 08       		.byte	0x8
 783 03d3 62       		.byte	0x62
 784 03d4 9C020000 		.4byte	0x29c
ARM GAS  /tmp/ccWOKPbl.s 			page 15


 785 03d8 02       		.byte	0x2
 786 03d9 23       		.byte	0x23
 787 03da 10       		.uleb128 0x10
 788 03db 00       		.byte	0
 789 03dc 09       		.uleb128 0x9
 790 03dd 04       		.byte	0x4
 791 03de 7E030000 		.4byte	0x37e
 792 03e2 08       		.uleb128 0x8
 793 03e3 10       		.byte	0x10
 794 03e4 08       		.byte	0x8
 795 03e5 6C       		.byte	0x6c
 796 03e6 23040000 		.4byte	0x423
 797 03ea 06       		.uleb128 0x6
 798 03eb 7F010000 		.4byte	.LASF52
 799 03ef 08       		.byte	0x8
 800 03f0 6D       		.byte	0x6d
 801 03f1 DC030000 		.4byte	0x3dc
 802 03f5 02       		.byte	0x2
 803 03f6 23       		.byte	0x23
 804 03f7 00       		.uleb128 0
 805 03f8 06       		.uleb128 0x6
 806 03f9 48010000 		.4byte	.LASF53
 807 03fd 08       		.byte	0x8
 808 03fe 6F       		.byte	0x6f
 809 03ff DC030000 		.4byte	0x3dc
 810 0403 02       		.byte	0x2
 811 0404 23       		.byte	0x23
 812 0405 04       		.uleb128 0x4
 813 0406 06       		.uleb128 0x6
 814 0407 72020000 		.4byte	.LASF54
 815 040b 08       		.byte	0x8
 816 040c 71       		.byte	0x71
 817 040d FE000000 		.4byte	0xfe
 818 0411 02       		.byte	0x2
 819 0412 23       		.byte	0x23
 820 0413 08       		.uleb128 0x8
 821 0414 06       		.uleb128 0x6
 822 0415 8D040000 		.4byte	.LASF57
 823 0419 08       		.byte	0x8
 824 041a 72       		.byte	0x72
 825 041b 23040000 		.4byte	0x423
 826 041f 02       		.byte	0x2
 827 0420 23       		.byte	0x23
 828 0421 0C       		.uleb128 0xc
 829 0422 00       		.byte	0
 830 0423 0F       		.uleb128 0xf
 831 0424 FE000000 		.4byte	0xfe
 832 0428 03       		.uleb128 0x3
 833 0429 A3040000 		.4byte	.LASF58
 834 042d 08       		.byte	0x8
 835 042e 73       		.byte	0x73
 836 042f E2030000 		.4byte	0x3e2
 837 0433 08       		.uleb128 0x8
 838 0434 1C       		.byte	0x1c
 839 0435 09       		.byte	0x9
 840 0436 57       		.byte	0x57
 841 0437 90040000 		.4byte	0x490
ARM GAS  /tmp/ccWOKPbl.s 			page 16


 842 043b 06       		.uleb128 0x6
 843 043c C6030000 		.4byte	.LASF59
 844 0440 09       		.byte	0x9
 845 0441 58       		.byte	0x58
 846 0442 64020000 		.4byte	0x264
 847 0446 02       		.byte	0x2
 848 0447 23       		.byte	0x23
 849 0448 00       		.uleb128 0
 850 0449 06       		.uleb128 0x6
 851 044a 66030000 		.4byte	.LASF60
 852 044e 09       		.byte	0x9
 853 044f 59       		.byte	0x59
 854 0450 DD000000 		.4byte	0xdd
 855 0454 02       		.byte	0x2
 856 0455 23       		.byte	0x23
 857 0456 08       		.uleb128 0x8
 858 0457 06       		.uleb128 0x6
 859 0458 AB020000 		.4byte	.LASF61
 860 045c 09       		.byte	0x9
 861 045d 5B       		.byte	0x5b
 862 045e 37030000 		.4byte	0x337
 863 0462 02       		.byte	0x2
 864 0463 23       		.byte	0x23
 865 0464 0C       		.uleb128 0xc
 866 0465 06       		.uleb128 0x6
 867 0466 37010000 		.4byte	.LASF62
 868 046a 09       		.byte	0x9
 869 046b 5E       		.byte	0x5e
 870 046c 5E020000 		.4byte	0x25e
 871 0470 02       		.byte	0x2
 872 0471 23       		.byte	0x23
 873 0472 10       		.uleb128 0x10
 874 0473 06       		.uleb128 0x6
 875 0474 DC020000 		.4byte	.LASF63
 876 0478 09       		.byte	0x9
 877 0479 5F       		.byte	0x5f
 878 047a 5E020000 		.4byte	0x25e
 879 047e 02       		.byte	0x2
 880 047f 23       		.byte	0x23
 881 0480 14       		.uleb128 0x14
 882 0481 06       		.uleb128 0x6
 883 0482 D2020000 		.4byte	.LASF64
 884 0486 09       		.byte	0x9
 885 0487 62       		.byte	0x62
 886 0488 5E020000 		.4byte	0x25e
 887 048c 02       		.byte	0x2
 888 048d 23       		.byte	0x23
 889 048e 18       		.uleb128 0x18
 890 048f 00       		.byte	0
 891 0490 03       		.uleb128 0x3
 892 0491 40040000 		.4byte	.LASF65
 893 0495 09       		.byte	0x9
 894 0496 64       		.byte	0x64
 895 0497 33040000 		.4byte	0x433
 896 049b 05       		.uleb128 0x5
 897 049c 3B020000 		.4byte	.LASF66
 898 04a0 10       		.byte	0x10
ARM GAS  /tmp/ccWOKPbl.s 			page 17


 899 04a1 0A       		.byte	0xa
 900 04a2 25       		.byte	0x25
 901 04a3 D2040000 		.4byte	0x4d2
 902 04a7 06       		.uleb128 0x6
 903 04a8 E8000000 		.4byte	.LASF67
 904 04ac 0A       		.byte	0xa
 905 04ad 26       		.byte	0x26
 906 04ae 64020000 		.4byte	0x264
 907 04b2 02       		.byte	0x2
 908 04b3 23       		.byte	0x23
 909 04b4 00       		.uleb128 0
 910 04b5 06       		.uleb128 0x6
 911 04b6 AA040000 		.4byte	.LASF68
 912 04ba 0A       		.byte	0xa
 913 04bb 28       		.byte	0x28
 914 04bc 5E020000 		.4byte	0x25e
 915 04c0 02       		.byte	0x2
 916 04c1 23       		.byte	0x23
 917 04c2 08       		.uleb128 0x8
 918 04c3 06       		.uleb128 0x6
 919 04c4 E0030000 		.4byte	.LASF69
 920 04c8 0A       		.byte	0xa
 921 04c9 2A       		.byte	0x2a
 922 04ca D2040000 		.4byte	0x4d2
 923 04ce 02       		.byte	0x2
 924 04cf 23       		.byte	0x23
 925 04d0 0C       		.uleb128 0xc
 926 04d1 00       		.byte	0
 927 04d2 09       		.uleb128 0x9
 928 04d3 04       		.byte	0x4
 929 04d4 9B040000 		.4byte	0x49b
 930 04d8 03       		.uleb128 0x3
 931 04d9 3B020000 		.4byte	.LASF66
 932 04dd 0A       		.byte	0xa
 933 04de 2C       		.byte	0x2c
 934 04df 9B040000 		.4byte	0x49b
 935 04e3 10       		.uleb128 0x10
 936 04e4 04       		.byte	0x4
 937 04e5 06       		.byte	0x6
 938 04e6 8F       		.byte	0x8f
 939 04e7 18050000 		.4byte	0x518
 940 04eb 11       		.uleb128 0x11
 941 04ec 22000000 		.4byte	.LASF70
 942 04f0 06       		.byte	0x6
 943 04f1 96       		.byte	0x96
 944 04f2 E8000000 		.4byte	0xe8
 945 04f6 11       		.uleb128 0x11
 946 04f7 71000000 		.4byte	.LASF71
 947 04fb 06       		.byte	0x6
 948 04fc 9D       		.byte	0x9d
 949 04fd E8000000 		.4byte	0xe8
 950 0501 11       		.uleb128 0x11
 951 0502 7F040000 		.4byte	.LASF72
 952 0506 06       		.byte	0x6
 953 0507 A4       		.byte	0xa4
 954 0508 9C020000 		.4byte	0x29c
 955 050c 11       		.uleb128 0x11
ARM GAS  /tmp/ccWOKPbl.s 			page 18


 956 050d 6D030000 		.4byte	.LASF73
 957 0511 06       		.byte	0x6
 958 0512 AB       		.byte	0xab
 959 0513 F3000000 		.4byte	0xf3
 960 0517 00       		.byte	0
 961 0518 09       		.uleb128 0x9
 962 0519 04       		.byte	0x4
 963 051a 1E050000 		.4byte	0x51e
 964 051e 12       		.uleb128 0x12
 965 051f 23050000 		.4byte	0x523
 966 0523 04       		.uleb128 0x4
 967 0524 01       		.byte	0x1
 968 0525 08       		.byte	0x8
 969 0526 DB030000 		.4byte	.LASF74
 970 052a 09       		.uleb128 0x9
 971 052b 04       		.byte	0x4
 972 052c D8040000 		.4byte	0x4d8
 973 0530 03       		.uleb128 0x3
 974 0531 00000000 		.4byte	.LASF75
 975 0535 06       		.byte	0x6
 976 0536 DE       		.byte	0xde
 977 0537 3B050000 		.4byte	0x53b
 978 053b 09       		.uleb128 0x9
 979 053c 04       		.byte	0x4
 980 053d 41050000 		.4byte	0x541
 981 0541 13       		.uleb128 0x13
 982 0542 01       		.byte	0x1
 983 0543 E8000000 		.4byte	0xe8
 984 0547 51050000 		.4byte	0x551
 985 054b 0E       		.uleb128 0xe
 986 054c 9C020000 		.4byte	0x29c
 987 0550 00       		.byte	0
 988 0551 08       		.uleb128 0x8
 989 0552 16       		.byte	0x16
 990 0553 0B       		.byte	0xb
 991 0554 25       		.byte	0x25
 992 0555 56060000 		.4byte	0x656
 993 0559 06       		.uleb128 0x6
 994 055a A2010000 		.4byte	.LASF76
 995 055e 0B       		.byte	0xb
 996 055f 26       		.byte	0x26
 997 0560 56060000 		.4byte	0x656
 998 0564 02       		.byte	0x2
 999 0565 23       		.byte	0x23
 1000 0566 00       		.uleb128 0
 1001 0567 06       		.uleb128 0x6
 1002 0568 5E020000 		.4byte	.LASF77
 1003 056c 0B       		.byte	0xb
 1004 056d 27       		.byte	0x27
 1005 056e 49000000 		.4byte	0x49
 1006 0572 02       		.byte	0x2
 1007 0573 23       		.byte	0x23
 1008 0574 04       		.uleb128 0x4
 1009 0575 06       		.uleb128 0x6
 1010 0576 BE020000 		.4byte	.LASF78
 1011 057a 0B       		.byte	0xb
 1012 057b 28       		.byte	0x28
ARM GAS  /tmp/ccWOKPbl.s 			page 19


 1013 057c 49000000 		.4byte	0x49
 1014 0580 02       		.byte	0x2
 1015 0581 23       		.byte	0x23
 1016 0582 05       		.uleb128 0x5
 1017 0583 06       		.uleb128 0x6
 1018 0584 98040000 		.4byte	.LASF79
 1019 0588 0B       		.byte	0xb
 1020 0589 29       		.byte	0x29
 1021 058a 62000000 		.4byte	0x62
 1022 058e 02       		.byte	0x2
 1023 058f 23       		.byte	0x23
 1024 0590 06       		.uleb128 0x6
 1025 0591 06       		.uleb128 0x6
 1026 0592 F9020000 		.4byte	.LASF80
 1027 0596 0B       		.byte	0xb
 1028 0597 2A       		.byte	0x2a
 1029 0598 49000000 		.4byte	0x49
 1030 059c 02       		.byte	0x2
 1031 059d 23       		.byte	0x23
 1032 059e 08       		.uleb128 0x8
 1033 059f 06       		.uleb128 0x6
 1034 05a0 8B020000 		.4byte	.LASF81
 1035 05a4 0B       		.byte	0xb
 1036 05a5 2B       		.byte	0x2b
 1037 05a6 49000000 		.4byte	0x49
 1038 05aa 02       		.byte	0x2
 1039 05ab 23       		.byte	0x23
 1040 05ac 09       		.uleb128 0x9
 1041 05ad 06       		.uleb128 0x6
 1042 05ae 63000000 		.4byte	.LASF82
 1043 05b2 0B       		.byte	0xb
 1044 05b3 2C       		.byte	0x2c
 1045 05b4 49000000 		.4byte	0x49
 1046 05b8 02       		.byte	0x2
 1047 05b9 23       		.byte	0x23
 1048 05ba 0A       		.uleb128 0xa
 1049 05bb 06       		.uleb128 0x6
 1050 05bc BA030000 		.4byte	.LASF83
 1051 05c0 0B       		.byte	0xb
 1052 05c1 2D       		.byte	0x2d
 1053 05c2 49000000 		.4byte	0x49
 1054 05c6 02       		.byte	0x2
 1055 05c7 23       		.byte	0x23
 1056 05c8 0B       		.uleb128 0xb
 1057 05c9 06       		.uleb128 0x6
 1058 05ca 2E040000 		.4byte	.LASF84
 1059 05ce 0B       		.byte	0xb
 1060 05cf 2E       		.byte	0x2e
 1061 05d0 49000000 		.4byte	0x49
 1062 05d4 02       		.byte	0x2
 1063 05d5 23       		.byte	0x23
 1064 05d6 0C       		.uleb128 0xc
 1065 05d7 06       		.uleb128 0x6
 1066 05d8 99030000 		.4byte	.LASF85
 1067 05dc 0B       		.byte	0xb
 1068 05dd 2F       		.byte	0x2f
 1069 05de 49000000 		.4byte	0x49
ARM GAS  /tmp/ccWOKPbl.s 			page 20


 1070 05e2 02       		.byte	0x2
 1071 05e3 23       		.byte	0x23
 1072 05e4 0D       		.uleb128 0xd
 1073 05e5 06       		.uleb128 0x6
 1074 05e6 08000000 		.4byte	.LASF86
 1075 05ea 0B       		.byte	0xb
 1076 05eb 30       		.byte	0x30
 1077 05ec 49000000 		.4byte	0x49
 1078 05f0 02       		.byte	0x2
 1079 05f1 23       		.byte	0x23
 1080 05f2 0E       		.uleb128 0xe
 1081 05f3 06       		.uleb128 0x6
 1082 05f4 97020000 		.4byte	.LASF87
 1083 05f8 0B       		.byte	0xb
 1084 05f9 31       		.byte	0x31
 1085 05fa 49000000 		.4byte	0x49
 1086 05fe 02       		.byte	0x2
 1087 05ff 23       		.byte	0x23
 1088 0600 0F       		.uleb128 0xf
 1089 0601 06       		.uleb128 0x6
 1090 0602 C3000000 		.4byte	.LASF88
 1091 0606 0B       		.byte	0xb
 1092 0607 32       		.byte	0x32
 1093 0608 49000000 		.4byte	0x49
 1094 060c 02       		.byte	0x2
 1095 060d 23       		.byte	0x23
 1096 060e 10       		.uleb128 0x10
 1097 060f 06       		.uleb128 0x6
 1098 0610 8C000000 		.4byte	.LASF89
 1099 0614 0B       		.byte	0xb
 1100 0615 34       		.byte	0x34
 1101 0616 49000000 		.4byte	0x49
 1102 061a 02       		.byte	0x2
 1103 061b 23       		.byte	0x23
 1104 061c 11       		.uleb128 0x11
 1105 061d 06       		.uleb128 0x6
 1106 061e D3000000 		.4byte	.LASF90
 1107 0622 0B       		.byte	0xb
 1108 0623 35       		.byte	0x35
 1109 0624 49000000 		.4byte	0x49
 1110 0628 02       		.byte	0x2
 1111 0629 23       		.byte	0x23
 1112 062a 12       		.uleb128 0x12
 1113 062b 06       		.uleb128 0x6
 1114 062c 66020000 		.4byte	.LASF91
 1115 0630 0B       		.byte	0xb
 1116 0631 36       		.byte	0x36
 1117 0632 49000000 		.4byte	0x49
 1118 0636 02       		.byte	0x2
 1119 0637 23       		.byte	0x23
 1120 0638 13       		.uleb128 0x13
 1121 0639 06       		.uleb128 0x6
 1122 063a 7B030000 		.4byte	.LASF92
 1123 063e 0B       		.byte	0xb
 1124 063f 37       		.byte	0x37
 1125 0640 49000000 		.4byte	0x49
 1126 0644 02       		.byte	0x2
ARM GAS  /tmp/ccWOKPbl.s 			page 21


 1127 0645 23       		.byte	0x23
 1128 0646 14       		.uleb128 0x14
 1129 0647 06       		.uleb128 0x6
 1130 0648 5A030000 		.4byte	.LASF93
 1131 064c 0B       		.byte	0xb
 1132 064d 39       		.byte	0x39
 1133 064e 49000000 		.4byte	0x49
 1134 0652 02       		.byte	0x2
 1135 0653 23       		.byte	0x23
 1136 0654 15       		.uleb128 0x15
 1137 0655 00       		.byte	0
 1138 0656 14       		.uleb128 0x14
 1139 0657 23050000 		.4byte	0x523
 1140 065b 66060000 		.4byte	0x666
 1141 065f 15       		.uleb128 0x15
 1142 0660 5A030000 		.4byte	0x35a
 1143 0664 03       		.byte	0x3
 1144 0665 00       		.byte	0
 1145 0666 03       		.uleb128 0x3
 1146 0667 15010000 		.4byte	.LASF94
 1147 066b 0B       		.byte	0xb
 1148 066c 3A       		.byte	0x3a
 1149 066d 51050000 		.4byte	0x551
 1150 0671 16       		.uleb128 0x16
 1151 0672 01       		.byte	0x1
 1152 0673 E4020000 		.4byte	.LASF95
 1153 0677 01       		.byte	0x1
 1154 0678 36       		.byte	0x36
 1155 0679 01       		.byte	0x1
 1156 067a 00000000 		.4byte	.LFB7
 1157 067e 14000000 		.4byte	.LFE7
 1158 0682 02       		.byte	0x2
 1159 0683 7D       		.byte	0x7d
 1160 0684 00       		.sleb128 0
 1161 0685 01       		.byte	0x1
 1162 0686 96060000 		.4byte	0x696
 1163 068a 17       		.uleb128 0x17
 1164 068b 7000     		.ascii	"p\000"
 1165 068d 01       		.byte	0x1
 1166 068e 36       		.byte	0x36
 1167 068f 9C020000 		.4byte	0x29c
 1168 0693 01       		.byte	0x1
 1169 0694 50       		.byte	0x50
 1170 0695 00       		.byte	0
 1171 0696 18       		.uleb128 0x18
 1172 0697 01       		.byte	0x1
 1173 0698 50010000 		.4byte	.LASF96
 1174 069c 01       		.byte	0x1
 1175 069d 4D       		.byte	0x4d
 1176 069e 01       		.byte	0x1
 1177 069f 00000000 		.4byte	.LFB8
 1178 06a3 64000000 		.4byte	.LFE8
 1179 06a7 00000000 		.4byte	.LLST0
 1180 06ab 01       		.byte	0x1
 1181 06ac 56070000 		.4byte	0x756
 1182 06b0 19       		.uleb128 0x19
 1183 06b1 7A000000 		.4byte	.LASF97
ARM GAS  /tmp/ccWOKPbl.s 			page 22


 1184 06b5 01       		.byte	0x1
 1185 06b6 4E       		.byte	0x4e
 1186 06b7 09010000 		.4byte	0x109
 1187 06bb 05       		.byte	0x5
 1188 06bc 03       		.byte	0x3
 1189 06bd 00000000 		.4byte	mainthread.4771
 1190 06c1 1A       		.uleb128 0x1a
 1191 06c2 34000000 		.4byte	.LBB2
 1192 06c6 3C000000 		.4byte	.LBE2
 1193 06ca DE060000 		.4byte	0x6de
 1194 06ce 1B       		.uleb128 0x1b
 1195 06cf 746D7000 		.ascii	"tmp\000"
 1196 06d3 01       		.byte	0x1
 1197 06d4 68       		.byte	0x68
 1198 06d5 86000000 		.4byte	0x86
 1199 06d9 2C000000 		.4byte	.LLST1
 1200 06dd 00       		.byte	0
 1201 06de 1C       		.uleb128 0x1c
 1202 06df 08000000 		.4byte	.LVL1
 1203 06e3 26080000 		.4byte	0x826
 1204 06e7 1C       		.uleb128 0x1c
 1205 06e8 0C000000 		.4byte	.LVL2
 1206 06ec 31080000 		.4byte	0x831
 1207 06f0 1C       		.uleb128 0x1c
 1208 06f1 10000000 		.4byte	.LVL3
 1209 06f5 3B080000 		.4byte	0x83b
 1210 06f9 1C       		.uleb128 0x1c
 1211 06fa 14000000 		.4byte	.LVL4
 1212 06fe 45080000 		.4byte	0x845
 1213 0702 1C       		.uleb128 0x1c
 1214 0703 18000000 		.4byte	.LVL5
 1215 0707 4F080000 		.4byte	0x84f
 1216 070b 1D       		.uleb128 0x1d
 1217 070c 26000000 		.4byte	.LVL6
 1218 0710 59080000 		.4byte	0x859
 1219 0714 28070000 		.4byte	0x728
 1220 0718 1E       		.uleb128 0x1e
 1221 0719 01       		.byte	0x1
 1222 071a 51       		.byte	0x51
 1223 071b 02       		.byte	0x2
 1224 071c 08       		.byte	0x8
 1225 071d 40       		.byte	0x40
 1226 071e 1E       		.uleb128 0x1e
 1227 071f 01       		.byte	0x1
 1228 0720 50       		.byte	0x50
 1229 0721 05       		.byte	0x5
 1230 0722 03       		.byte	0x3
 1231 0723 00000000 		.4byte	.LANCHOR0
 1232 0727 00       		.byte	0
 1233 0728 1F       		.uleb128 0x1f
 1234 0729 60000000 		.4byte	.LVL10
 1235 072d 77080000 		.4byte	0x877
 1236 0731 1E       		.uleb128 0x1e
 1237 0732 01       		.byte	0x1
 1238 0733 53       		.byte	0x53
 1239 0734 05       		.byte	0x5
 1240 0735 03       		.byte	0x3
ARM GAS  /tmp/ccWOKPbl.s 			page 23


 1241 0736 00000000 		.4byte	_idle_thread
 1242 073a 1E       		.uleb128 0x1e
 1243 073b 01       		.byte	0x1
 1244 073c 52       		.byte	0x52
 1245 073d 01       		.byte	0x1
 1246 073e 31       		.byte	0x31
 1247 073f 1E       		.uleb128 0x1e
 1248 0740 01       		.byte	0x1
 1249 0741 51       		.byte	0x51
 1250 0742 02       		.byte	0x2
 1251 0743 08       		.byte	0x8
 1252 0744 C0       		.byte	0xc0
 1253 0745 1E       		.uleb128 0x1e
 1254 0746 01       		.byte	0x1
 1255 0747 50       		.byte	0x50
 1256 0748 05       		.byte	0x5
 1257 0749 03       		.byte	0x3
 1258 074a 00000000 		.4byte	.LANCHOR1
 1259 074e 1E       		.uleb128 0x1e
 1260 074f 02       		.byte	0x2
 1261 0750 7D       		.byte	0x7d
 1262 0751 00       		.sleb128 0
 1263 0752 01       		.byte	0x1
 1264 0753 30       		.byte	0x30
 1265 0754 00       		.byte	0
 1266 0755 00       		.byte	0
 1267 0756 20       		.uleb128 0x20
 1268 0757 01       		.byte	0x1
 1269 0758 39000000 		.4byte	.LASF98
 1270 075c 01       		.byte	0x1
 1271 075d 82       		.byte	0x82
 1272 075e 01       		.byte	0x1
 1273 075f 00000000 		.4byte	.LFB9
 1274 0763 58000000 		.4byte	.LFE9
 1275 0767 3F000000 		.4byte	.LLST2
 1276 076b 01       		.byte	0x1
 1277 076c D8070000 		.4byte	0x7d8
 1278 0770 21       		.uleb128 0x21
 1279 0771 22000000 		.4byte	.LBB3
 1280 0775 58000000 		.4byte	.LBE3
 1281 0779 1B       		.uleb128 0x1b
 1282 077a 76747000 		.ascii	"vtp\000"
 1283 077e 01       		.byte	0x1
 1284 077f 8F       		.byte	0x8f
 1285 0780 DC030000 		.4byte	0x3dc
 1286 0784 5F000000 		.4byte	.LLST3
 1287 0788 21       		.uleb128 0x21
 1288 0789 2A000000 		.4byte	.LBB4
 1289 078d 44000000 		.4byte	.LBE4
 1290 0791 1B       		.uleb128 0x1b
 1291 0792 666E00   		.ascii	"fn\000"
 1292 0795 01       		.byte	0x1
 1293 0796 8F       		.byte	0x8f
 1294 0797 61030000 		.4byte	0x361
 1295 079b 7D000000 		.4byte	.LLST4
 1296 079f 1A       		.uleb128 0x1a
 1297 07a0 34000000 		.4byte	.LBB5
ARM GAS  /tmp/ccWOKPbl.s 			page 24


 1298 07a4 3A000000 		.4byte	.LBE5
 1299 07a8 BC070000 		.4byte	0x7bc
 1300 07ac 1B       		.uleb128 0x1b
 1301 07ad 746D7000 		.ascii	"tmp\000"
 1302 07b1 01       		.byte	0x1
 1303 07b2 8F       		.byte	0x8f
 1304 07b3 86000000 		.4byte	0x86
 1305 07b7 90000000 		.4byte	.LLST5
 1306 07bb 00       		.byte	0
 1307 07bc 21       		.uleb128 0x21
 1308 07bd 3E000000 		.4byte	.LBB6
 1309 07c1 44000000 		.4byte	.LBE6
 1310 07c5 1B       		.uleb128 0x1b
 1311 07c6 746D7000 		.ascii	"tmp\000"
 1312 07ca 01       		.byte	0x1
 1313 07cb 8F       		.byte	0x8f
 1314 07cc 86000000 		.4byte	0x86
 1315 07d0 A3000000 		.4byte	.LLST6
 1316 07d4 00       		.byte	0
 1317 07d5 00       		.byte	0
 1318 07d6 00       		.byte	0
 1319 07d7 00       		.byte	0
 1320 07d8 22       		.uleb128 0x22
 1321 07d9 32000000 		.4byte	.LASF99
 1322 07dd 08       		.byte	0x8
 1323 07de D1       		.byte	0xd1
 1324 07df 28040000 		.4byte	0x428
 1325 07e3 01       		.byte	0x1
 1326 07e4 01       		.byte	0x1
 1327 07e5 22       		.uleb128 0x22
 1328 07e6 4A040000 		.4byte	.LASF100
 1329 07ea 09       		.byte	0x9
 1330 07eb 68       		.byte	0x68
 1331 07ec 90040000 		.4byte	0x490
 1332 07f0 01       		.byte	0x1
 1333 07f1 01       		.byte	0x1
 1334 07f2 22       		.uleb128 0x22
 1335 07f3 99010000 		.4byte	.LASF101
 1336 07f7 0B       		.byte	0xb
 1337 07f8 77       		.byte	0x77
 1338 07f9 FF070000 		.4byte	0x7ff
 1339 07fd 01       		.byte	0x1
 1340 07fe 01       		.byte	0x1
 1341 07ff 12       		.uleb128 0x12
 1342 0800 66060000 		.4byte	0x666
 1343 0804 14       		.uleb128 0x14
 1344 0805 9E020000 		.4byte	0x29e
 1345 0809 14080000 		.4byte	0x814
 1346 080d 15       		.uleb128 0x15
 1347 080e 5A030000 		.4byte	0x35a
 1348 0812 17       		.byte	0x17
 1349 0813 00       		.byte	0
 1350 0814 23       		.uleb128 0x23
 1351 0815 27010000 		.4byte	.LASF102
 1352 0819 01       		.byte	0x1
 1353 081a 2A       		.byte	0x2a
 1354 081b 04080000 		.4byte	0x804
ARM GAS  /tmp/ccWOKPbl.s 			page 25


 1355 081f 01       		.byte	0x1
 1356 0820 05       		.byte	0x5
 1357 0821 03       		.byte	0x3
 1358 0822 00000000 		.4byte	_idle_thread_wa
 1359 0826 24       		.uleb128 0x24
 1360 0827 01       		.byte	0x1
 1361 0828 74040000 		.4byte	.LASF103
 1362 082c 07       		.byte	0x7
 1363 082d FB01     		.2byte	0x1fb
 1364 082f 01       		.byte	0x1
 1365 0830 01       		.byte	0x1
 1366 0831 25       		.uleb128 0x25
 1367 0832 01       		.byte	0x1
 1368 0833 99000000 		.4byte	.LASF104
 1369 0837 09       		.byte	0x9
 1370 0838 87       		.byte	0x87
 1371 0839 01       		.byte	0x1
 1372 083a 01       		.byte	0x1
 1373 083b 25       		.uleb128 0x25
 1374 083c 01       		.byte	0x1
 1375 083d 05040000 		.4byte	.LASF105
 1376 0841 08       		.byte	0x8
 1377 0842 D9       		.byte	0xd9
 1378 0843 01       		.byte	0x1
 1379 0844 01       		.byte	0x1
 1380 0845 25       		.uleb128 0x25
 1381 0846 01       		.byte	0x1
 1382 0847 29030000 		.4byte	.LASF106
 1383 084b 0C       		.byte	0xc
 1384 084c 4A       		.byte	0x4a
 1385 084d 01       		.byte	0x1
 1386 084e 01       		.byte	0x1
 1387 084f 25       		.uleb128 0x25
 1388 0850 01       		.byte	0x1
 1389 0851 5A010000 		.4byte	.LASF107
 1390 0855 0D       		.byte	0xd
 1391 0856 4E       		.byte	0x4e
 1392 0857 01       		.byte	0x1
 1393 0858 01       		.byte	0x1
 1394 0859 26       		.uleb128 0x26
 1395 085a 01       		.byte	0x1
 1396 085b 72010000 		.4byte	.LASF111
 1397 085f 06       		.byte	0x6
 1398 0860 6301     		.2byte	0x163
 1399 0862 01       		.byte	0x1
 1400 0863 5E020000 		.4byte	0x25e
 1401 0867 01       		.byte	0x1
 1402 0868 77080000 		.4byte	0x877
 1403 086c 0E       		.uleb128 0xe
 1404 086d 5E020000 		.4byte	0x25e
 1405 0871 0E       		.uleb128 0xe
 1406 0872 DD000000 		.4byte	0xdd
 1407 0876 00       		.byte	0
 1408 0877 27       		.uleb128 0x27
 1409 0878 01       		.byte	0x1
 1410 0879 4C020000 		.4byte	.LASF112
 1411 087d 06       		.byte	0x6
ARM GAS  /tmp/ccWOKPbl.s 			page 26


 1412 087e 6901     		.2byte	0x169
 1413 0880 01       		.byte	0x1
 1414 0881 5E020000 		.4byte	0x25e
 1415 0885 01       		.byte	0x1
 1416 0886 0E       		.uleb128 0xe
 1417 0887 9C020000 		.4byte	0x29c
 1418 088b 0E       		.uleb128 0xe
 1419 088c 30000000 		.4byte	0x30
 1420 0890 0E       		.uleb128 0xe
 1421 0891 DD000000 		.4byte	0xdd
 1422 0895 0E       		.uleb128 0xe
 1423 0896 30050000 		.4byte	0x530
 1424 089a 0E       		.uleb128 0xe
 1425 089b 9C020000 		.4byte	0x29c
 1426 089f 00       		.byte	0
 1427 08a0 00       		.byte	0
 1428              		.section	.debug_abbrev,"",%progbits
 1429              	.Ldebug_abbrev0:
 1430 0000 01       		.uleb128 0x1
 1431 0001 11       		.uleb128 0x11
 1432 0002 01       		.byte	0x1
 1433 0003 25       		.uleb128 0x25
 1434 0004 0E       		.uleb128 0xe
 1435 0005 13       		.uleb128 0x13
 1436 0006 0B       		.uleb128 0xb
 1437 0007 03       		.uleb128 0x3
 1438 0008 0E       		.uleb128 0xe
 1439 0009 1B       		.uleb128 0x1b
 1440 000a 0E       		.uleb128 0xe
 1441 000b 55       		.uleb128 0x55
 1442 000c 06       		.uleb128 0x6
 1443 000d 11       		.uleb128 0x11
 1444 000e 01       		.uleb128 0x1
 1445 000f 52       		.uleb128 0x52
 1446 0010 01       		.uleb128 0x1
 1447 0011 10       		.uleb128 0x10
 1448 0012 06       		.uleb128 0x6
 1449 0013 00       		.byte	0
 1450 0014 00       		.byte	0
 1451 0015 02       		.uleb128 0x2
 1452 0016 24       		.uleb128 0x24
 1453 0017 00       		.byte	0
 1454 0018 0B       		.uleb128 0xb
 1455 0019 0B       		.uleb128 0xb
 1456 001a 3E       		.uleb128 0x3e
 1457 001b 0B       		.uleb128 0xb
 1458 001c 03       		.uleb128 0x3
 1459 001d 08       		.uleb128 0x8
 1460 001e 00       		.byte	0
 1461 001f 00       		.byte	0
 1462 0020 03       		.uleb128 0x3
 1463 0021 16       		.uleb128 0x16
 1464 0022 00       		.byte	0
 1465 0023 03       		.uleb128 0x3
 1466 0024 0E       		.uleb128 0xe
 1467 0025 3A       		.uleb128 0x3a
 1468 0026 0B       		.uleb128 0xb
ARM GAS  /tmp/ccWOKPbl.s 			page 27


 1469 0027 3B       		.uleb128 0x3b
 1470 0028 0B       		.uleb128 0xb
 1471 0029 49       		.uleb128 0x49
 1472 002a 13       		.uleb128 0x13
 1473 002b 00       		.byte	0
 1474 002c 00       		.byte	0
 1475 002d 04       		.uleb128 0x4
 1476 002e 24       		.uleb128 0x24
 1477 002f 00       		.byte	0
 1478 0030 0B       		.uleb128 0xb
 1479 0031 0B       		.uleb128 0xb
 1480 0032 3E       		.uleb128 0x3e
 1481 0033 0B       		.uleb128 0xb
 1482 0034 03       		.uleb128 0x3
 1483 0035 0E       		.uleb128 0xe
 1484 0036 00       		.byte	0
 1485 0037 00       		.byte	0
 1486 0038 05       		.uleb128 0x5
 1487 0039 13       		.uleb128 0x13
 1488 003a 01       		.byte	0x1
 1489 003b 03       		.uleb128 0x3
 1490 003c 0E       		.uleb128 0xe
 1491 003d 0B       		.uleb128 0xb
 1492 003e 0B       		.uleb128 0xb
 1493 003f 3A       		.uleb128 0x3a
 1494 0040 0B       		.uleb128 0xb
 1495 0041 3B       		.uleb128 0x3b
 1496 0042 0B       		.uleb128 0xb
 1497 0043 01       		.uleb128 0x1
 1498 0044 13       		.uleb128 0x13
 1499 0045 00       		.byte	0
 1500 0046 00       		.byte	0
 1501 0047 06       		.uleb128 0x6
 1502 0048 0D       		.uleb128 0xd
 1503 0049 00       		.byte	0
 1504 004a 03       		.uleb128 0x3
 1505 004b 0E       		.uleb128 0xe
 1506 004c 3A       		.uleb128 0x3a
 1507 004d 0B       		.uleb128 0xb
 1508 004e 3B       		.uleb128 0x3b
 1509 004f 0B       		.uleb128 0xb
 1510 0050 49       		.uleb128 0x49
 1511 0051 13       		.uleb128 0x13
 1512 0052 38       		.uleb128 0x38
 1513 0053 0A       		.uleb128 0xa
 1514 0054 00       		.byte	0
 1515 0055 00       		.byte	0
 1516 0056 07       		.uleb128 0x7
 1517 0057 0D       		.uleb128 0xd
 1518 0058 00       		.byte	0
 1519 0059 03       		.uleb128 0x3
 1520 005a 08       		.uleb128 0x8
 1521 005b 3A       		.uleb128 0x3a
 1522 005c 0B       		.uleb128 0xb
 1523 005d 3B       		.uleb128 0x3b
 1524 005e 0B       		.uleb128 0xb
 1525 005f 49       		.uleb128 0x49
ARM GAS  /tmp/ccWOKPbl.s 			page 28


 1526 0060 13       		.uleb128 0x13
 1527 0061 38       		.uleb128 0x38
 1528 0062 0A       		.uleb128 0xa
 1529 0063 00       		.byte	0
 1530 0064 00       		.byte	0
 1531 0065 08       		.uleb128 0x8
 1532 0066 13       		.uleb128 0x13
 1533 0067 01       		.byte	0x1
 1534 0068 0B       		.uleb128 0xb
 1535 0069 0B       		.uleb128 0xb
 1536 006a 3A       		.uleb128 0x3a
 1537 006b 0B       		.uleb128 0xb
 1538 006c 3B       		.uleb128 0x3b
 1539 006d 0B       		.uleb128 0xb
 1540 006e 01       		.uleb128 0x1
 1541 006f 13       		.uleb128 0x13
 1542 0070 00       		.byte	0
 1543 0071 00       		.byte	0
 1544 0072 09       		.uleb128 0x9
 1545 0073 0F       		.uleb128 0xf
 1546 0074 00       		.byte	0
 1547 0075 0B       		.uleb128 0xb
 1548 0076 0B       		.uleb128 0xb
 1549 0077 49       		.uleb128 0x49
 1550 0078 13       		.uleb128 0x13
 1551 0079 00       		.byte	0
 1552 007a 00       		.byte	0
 1553 007b 0A       		.uleb128 0xa
 1554 007c 0F       		.uleb128 0xf
 1555 007d 00       		.byte	0
 1556 007e 0B       		.uleb128 0xb
 1557 007f 0B       		.uleb128 0xb
 1558 0080 00       		.byte	0
 1559 0081 00       		.byte	0
 1560 0082 0B       		.uleb128 0xb
 1561 0083 13       		.uleb128 0x13
 1562 0084 01       		.byte	0x1
 1563 0085 03       		.uleb128 0x3
 1564 0086 0E       		.uleb128 0xe
 1565 0087 0B       		.uleb128 0xb
 1566 0088 0B       		.uleb128 0xb
 1567 0089 3A       		.uleb128 0x3a
 1568 008a 0B       		.uleb128 0xb
 1569 008b 3B       		.uleb128 0x3b
 1570 008c 05       		.uleb128 0x5
 1571 008d 01       		.uleb128 0x1
 1572 008e 13       		.uleb128 0x13
 1573 008f 00       		.byte	0
 1574 0090 00       		.byte	0
 1575 0091 0C       		.uleb128 0xc
 1576 0092 0D       		.uleb128 0xd
 1577 0093 00       		.byte	0
 1578 0094 03       		.uleb128 0x3
 1579 0095 08       		.uleb128 0x8
 1580 0096 3A       		.uleb128 0x3a
 1581 0097 0B       		.uleb128 0xb
 1582 0098 3B       		.uleb128 0x3b
ARM GAS  /tmp/ccWOKPbl.s 			page 29


 1583 0099 05       		.uleb128 0x5
 1584 009a 49       		.uleb128 0x49
 1585 009b 13       		.uleb128 0x13
 1586 009c 38       		.uleb128 0x38
 1587 009d 0A       		.uleb128 0xa
 1588 009e 00       		.byte	0
 1589 009f 00       		.byte	0
 1590 00a0 0D       		.uleb128 0xd
 1591 00a1 15       		.uleb128 0x15
 1592 00a2 01       		.byte	0x1
 1593 00a3 27       		.uleb128 0x27
 1594 00a4 0C       		.uleb128 0xc
 1595 00a5 01       		.uleb128 0x1
 1596 00a6 13       		.uleb128 0x13
 1597 00a7 00       		.byte	0
 1598 00a8 00       		.byte	0
 1599 00a9 0E       		.uleb128 0xe
 1600 00aa 05       		.uleb128 0x5
 1601 00ab 00       		.byte	0
 1602 00ac 49       		.uleb128 0x49
 1603 00ad 13       		.uleb128 0x13
 1604 00ae 00       		.byte	0
 1605 00af 00       		.byte	0
 1606 00b0 0F       		.uleb128 0xf
 1607 00b1 35       		.uleb128 0x35
 1608 00b2 00       		.byte	0
 1609 00b3 49       		.uleb128 0x49
 1610 00b4 13       		.uleb128 0x13
 1611 00b5 00       		.byte	0
 1612 00b6 00       		.byte	0
 1613 00b7 10       		.uleb128 0x10
 1614 00b8 17       		.uleb128 0x17
 1615 00b9 01       		.byte	0x1
 1616 00ba 0B       		.uleb128 0xb
 1617 00bb 0B       		.uleb128 0xb
 1618 00bc 3A       		.uleb128 0x3a
 1619 00bd 0B       		.uleb128 0xb
 1620 00be 3B       		.uleb128 0x3b
 1621 00bf 0B       		.uleb128 0xb
 1622 00c0 01       		.uleb128 0x1
 1623 00c1 13       		.uleb128 0x13
 1624 00c2 00       		.byte	0
 1625 00c3 00       		.byte	0
 1626 00c4 11       		.uleb128 0x11
 1627 00c5 0D       		.uleb128 0xd
 1628 00c6 00       		.byte	0
 1629 00c7 03       		.uleb128 0x3
 1630 00c8 0E       		.uleb128 0xe
 1631 00c9 3A       		.uleb128 0x3a
 1632 00ca 0B       		.uleb128 0xb
 1633 00cb 3B       		.uleb128 0x3b
 1634 00cc 0B       		.uleb128 0xb
 1635 00cd 49       		.uleb128 0x49
 1636 00ce 13       		.uleb128 0x13
 1637 00cf 00       		.byte	0
 1638 00d0 00       		.byte	0
 1639 00d1 12       		.uleb128 0x12
ARM GAS  /tmp/ccWOKPbl.s 			page 30


 1640 00d2 26       		.uleb128 0x26
 1641 00d3 00       		.byte	0
 1642 00d4 49       		.uleb128 0x49
 1643 00d5 13       		.uleb128 0x13
 1644 00d6 00       		.byte	0
 1645 00d7 00       		.byte	0
 1646 00d8 13       		.uleb128 0x13
 1647 00d9 15       		.uleb128 0x15
 1648 00da 01       		.byte	0x1
 1649 00db 27       		.uleb128 0x27
 1650 00dc 0C       		.uleb128 0xc
 1651 00dd 49       		.uleb128 0x49
 1652 00de 13       		.uleb128 0x13
 1653 00df 01       		.uleb128 0x1
 1654 00e0 13       		.uleb128 0x13
 1655 00e1 00       		.byte	0
 1656 00e2 00       		.byte	0
 1657 00e3 14       		.uleb128 0x14
 1658 00e4 01       		.uleb128 0x1
 1659 00e5 01       		.byte	0x1
 1660 00e6 49       		.uleb128 0x49
 1661 00e7 13       		.uleb128 0x13
 1662 00e8 01       		.uleb128 0x1
 1663 00e9 13       		.uleb128 0x13
 1664 00ea 00       		.byte	0
 1665 00eb 00       		.byte	0
 1666 00ec 15       		.uleb128 0x15
 1667 00ed 21       		.uleb128 0x21
 1668 00ee 00       		.byte	0
 1669 00ef 49       		.uleb128 0x49
 1670 00f0 13       		.uleb128 0x13
 1671 00f1 2F       		.uleb128 0x2f
 1672 00f2 0B       		.uleb128 0xb
 1673 00f3 00       		.byte	0
 1674 00f4 00       		.byte	0
 1675 00f5 16       		.uleb128 0x16
 1676 00f6 2E       		.uleb128 0x2e
 1677 00f7 01       		.byte	0x1
 1678 00f8 3F       		.uleb128 0x3f
 1679 00f9 0C       		.uleb128 0xc
 1680 00fa 03       		.uleb128 0x3
 1681 00fb 0E       		.uleb128 0xe
 1682 00fc 3A       		.uleb128 0x3a
 1683 00fd 0B       		.uleb128 0xb
 1684 00fe 3B       		.uleb128 0x3b
 1685 00ff 0B       		.uleb128 0xb
 1686 0100 27       		.uleb128 0x27
 1687 0101 0C       		.uleb128 0xc
 1688 0102 11       		.uleb128 0x11
 1689 0103 01       		.uleb128 0x1
 1690 0104 12       		.uleb128 0x12
 1691 0105 01       		.uleb128 0x1
 1692 0106 40       		.uleb128 0x40
 1693 0107 0A       		.uleb128 0xa
 1694 0108 9742     		.uleb128 0x2117
 1695 010a 0C       		.uleb128 0xc
 1696 010b 01       		.uleb128 0x1
ARM GAS  /tmp/ccWOKPbl.s 			page 31


 1697 010c 13       		.uleb128 0x13
 1698 010d 00       		.byte	0
 1699 010e 00       		.byte	0
 1700 010f 17       		.uleb128 0x17
 1701 0110 05       		.uleb128 0x5
 1702 0111 00       		.byte	0
 1703 0112 03       		.uleb128 0x3
 1704 0113 08       		.uleb128 0x8
 1705 0114 3A       		.uleb128 0x3a
 1706 0115 0B       		.uleb128 0xb
 1707 0116 3B       		.uleb128 0x3b
 1708 0117 0B       		.uleb128 0xb
 1709 0118 49       		.uleb128 0x49
 1710 0119 13       		.uleb128 0x13
 1711 011a 02       		.uleb128 0x2
 1712 011b 0A       		.uleb128 0xa
 1713 011c 00       		.byte	0
 1714 011d 00       		.byte	0
 1715 011e 18       		.uleb128 0x18
 1716 011f 2E       		.uleb128 0x2e
 1717 0120 01       		.byte	0x1
 1718 0121 3F       		.uleb128 0x3f
 1719 0122 0C       		.uleb128 0xc
 1720 0123 03       		.uleb128 0x3
 1721 0124 0E       		.uleb128 0xe
 1722 0125 3A       		.uleb128 0x3a
 1723 0126 0B       		.uleb128 0xb
 1724 0127 3B       		.uleb128 0x3b
 1725 0128 0B       		.uleb128 0xb
 1726 0129 27       		.uleb128 0x27
 1727 012a 0C       		.uleb128 0xc
 1728 012b 11       		.uleb128 0x11
 1729 012c 01       		.uleb128 0x1
 1730 012d 12       		.uleb128 0x12
 1731 012e 01       		.uleb128 0x1
 1732 012f 40       		.uleb128 0x40
 1733 0130 06       		.uleb128 0x6
 1734 0131 9742     		.uleb128 0x2117
 1735 0133 0C       		.uleb128 0xc
 1736 0134 01       		.uleb128 0x1
 1737 0135 13       		.uleb128 0x13
 1738 0136 00       		.byte	0
 1739 0137 00       		.byte	0
 1740 0138 19       		.uleb128 0x19
 1741 0139 34       		.uleb128 0x34
 1742 013a 00       		.byte	0
 1743 013b 03       		.uleb128 0x3
 1744 013c 0E       		.uleb128 0xe
 1745 013d 3A       		.uleb128 0x3a
 1746 013e 0B       		.uleb128 0xb
 1747 013f 3B       		.uleb128 0x3b
 1748 0140 0B       		.uleb128 0xb
 1749 0141 49       		.uleb128 0x49
 1750 0142 13       		.uleb128 0x13
 1751 0143 02       		.uleb128 0x2
 1752 0144 0A       		.uleb128 0xa
 1753 0145 00       		.byte	0
ARM GAS  /tmp/ccWOKPbl.s 			page 32


 1754 0146 00       		.byte	0
 1755 0147 1A       		.uleb128 0x1a
 1756 0148 0B       		.uleb128 0xb
 1757 0149 01       		.byte	0x1
 1758 014a 11       		.uleb128 0x11
 1759 014b 01       		.uleb128 0x1
 1760 014c 12       		.uleb128 0x12
 1761 014d 01       		.uleb128 0x1
 1762 014e 01       		.uleb128 0x1
 1763 014f 13       		.uleb128 0x13
 1764 0150 00       		.byte	0
 1765 0151 00       		.byte	0
 1766 0152 1B       		.uleb128 0x1b
 1767 0153 34       		.uleb128 0x34
 1768 0154 00       		.byte	0
 1769 0155 03       		.uleb128 0x3
 1770 0156 08       		.uleb128 0x8
 1771 0157 3A       		.uleb128 0x3a
 1772 0158 0B       		.uleb128 0xb
 1773 0159 3B       		.uleb128 0x3b
 1774 015a 0B       		.uleb128 0xb
 1775 015b 49       		.uleb128 0x49
 1776 015c 13       		.uleb128 0x13
 1777 015d 02       		.uleb128 0x2
 1778 015e 06       		.uleb128 0x6
 1779 015f 00       		.byte	0
 1780 0160 00       		.byte	0
 1781 0161 1C       		.uleb128 0x1c
 1782 0162 898201   		.uleb128 0x4109
 1783 0165 00       		.byte	0
 1784 0166 11       		.uleb128 0x11
 1785 0167 01       		.uleb128 0x1
 1786 0168 31       		.uleb128 0x31
 1787 0169 13       		.uleb128 0x13
 1788 016a 00       		.byte	0
 1789 016b 00       		.byte	0
 1790 016c 1D       		.uleb128 0x1d
 1791 016d 898201   		.uleb128 0x4109
 1792 0170 01       		.byte	0x1
 1793 0171 11       		.uleb128 0x11
 1794 0172 01       		.uleb128 0x1
 1795 0173 31       		.uleb128 0x31
 1796 0174 13       		.uleb128 0x13
 1797 0175 01       		.uleb128 0x1
 1798 0176 13       		.uleb128 0x13
 1799 0177 00       		.byte	0
 1800 0178 00       		.byte	0
 1801 0179 1E       		.uleb128 0x1e
 1802 017a 8A8201   		.uleb128 0x410a
 1803 017d 00       		.byte	0
 1804 017e 02       		.uleb128 0x2
 1805 017f 0A       		.uleb128 0xa
 1806 0180 9142     		.uleb128 0x2111
 1807 0182 0A       		.uleb128 0xa
 1808 0183 00       		.byte	0
 1809 0184 00       		.byte	0
 1810 0185 1F       		.uleb128 0x1f
ARM GAS  /tmp/ccWOKPbl.s 			page 33


 1811 0186 898201   		.uleb128 0x4109
 1812 0189 01       		.byte	0x1
 1813 018a 11       		.uleb128 0x11
 1814 018b 01       		.uleb128 0x1
 1815 018c 31       		.uleb128 0x31
 1816 018d 13       		.uleb128 0x13
 1817 018e 00       		.byte	0
 1818 018f 00       		.byte	0
 1819 0190 20       		.uleb128 0x20
 1820 0191 2E       		.uleb128 0x2e
 1821 0192 01       		.byte	0x1
 1822 0193 3F       		.uleb128 0x3f
 1823 0194 0C       		.uleb128 0xc
 1824 0195 03       		.uleb128 0x3
 1825 0196 0E       		.uleb128 0xe
 1826 0197 3A       		.uleb128 0x3a
 1827 0198 0B       		.uleb128 0xb
 1828 0199 3B       		.uleb128 0x3b
 1829 019a 0B       		.uleb128 0xb
 1830 019b 27       		.uleb128 0x27
 1831 019c 0C       		.uleb128 0xc
 1832 019d 11       		.uleb128 0x11
 1833 019e 01       		.uleb128 0x1
 1834 019f 12       		.uleb128 0x12
 1835 01a0 01       		.uleb128 0x1
 1836 01a1 40       		.uleb128 0x40
 1837 01a2 06       		.uleb128 0x6
 1838 01a3 9642     		.uleb128 0x2116
 1839 01a5 0C       		.uleb128 0xc
 1840 01a6 01       		.uleb128 0x1
 1841 01a7 13       		.uleb128 0x13
 1842 01a8 00       		.byte	0
 1843 01a9 00       		.byte	0
 1844 01aa 21       		.uleb128 0x21
 1845 01ab 0B       		.uleb128 0xb
 1846 01ac 01       		.byte	0x1
 1847 01ad 11       		.uleb128 0x11
 1848 01ae 01       		.uleb128 0x1
 1849 01af 12       		.uleb128 0x12
 1850 01b0 01       		.uleb128 0x1
 1851 01b1 00       		.byte	0
 1852 01b2 00       		.byte	0
 1853 01b3 22       		.uleb128 0x22
 1854 01b4 34       		.uleb128 0x34
 1855 01b5 00       		.byte	0
 1856 01b6 03       		.uleb128 0x3
 1857 01b7 0E       		.uleb128 0xe
 1858 01b8 3A       		.uleb128 0x3a
 1859 01b9 0B       		.uleb128 0xb
 1860 01ba 3B       		.uleb128 0x3b
 1861 01bb 0B       		.uleb128 0xb
 1862 01bc 49       		.uleb128 0x49
 1863 01bd 13       		.uleb128 0x13
 1864 01be 3F       		.uleb128 0x3f
 1865 01bf 0C       		.uleb128 0xc
 1866 01c0 3C       		.uleb128 0x3c
 1867 01c1 0C       		.uleb128 0xc
ARM GAS  /tmp/ccWOKPbl.s 			page 34


 1868 01c2 00       		.byte	0
 1869 01c3 00       		.byte	0
 1870 01c4 23       		.uleb128 0x23
 1871 01c5 34       		.uleb128 0x34
 1872 01c6 00       		.byte	0
 1873 01c7 03       		.uleb128 0x3
 1874 01c8 0E       		.uleb128 0xe
 1875 01c9 3A       		.uleb128 0x3a
 1876 01ca 0B       		.uleb128 0xb
 1877 01cb 3B       		.uleb128 0x3b
 1878 01cc 0B       		.uleb128 0xb
 1879 01cd 49       		.uleb128 0x49
 1880 01ce 13       		.uleb128 0x13
 1881 01cf 3F       		.uleb128 0x3f
 1882 01d0 0C       		.uleb128 0xc
 1883 01d1 02       		.uleb128 0x2
 1884 01d2 0A       		.uleb128 0xa
 1885 01d3 00       		.byte	0
 1886 01d4 00       		.byte	0
 1887 01d5 24       		.uleb128 0x24
 1888 01d6 2E       		.uleb128 0x2e
 1889 01d7 00       		.byte	0
 1890 01d8 3F       		.uleb128 0x3f
 1891 01d9 0C       		.uleb128 0xc
 1892 01da 03       		.uleb128 0x3
 1893 01db 0E       		.uleb128 0xe
 1894 01dc 3A       		.uleb128 0x3a
 1895 01dd 0B       		.uleb128 0xb
 1896 01de 3B       		.uleb128 0x3b
 1897 01df 05       		.uleb128 0x5
 1898 01e0 27       		.uleb128 0x27
 1899 01e1 0C       		.uleb128 0xc
 1900 01e2 3C       		.uleb128 0x3c
 1901 01e3 0C       		.uleb128 0xc
 1902 01e4 00       		.byte	0
 1903 01e5 00       		.byte	0
 1904 01e6 25       		.uleb128 0x25
 1905 01e7 2E       		.uleb128 0x2e
 1906 01e8 00       		.byte	0
 1907 01e9 3F       		.uleb128 0x3f
 1908 01ea 0C       		.uleb128 0xc
 1909 01eb 03       		.uleb128 0x3
 1910 01ec 0E       		.uleb128 0xe
 1911 01ed 3A       		.uleb128 0x3a
 1912 01ee 0B       		.uleb128 0xb
 1913 01ef 3B       		.uleb128 0x3b
 1914 01f0 0B       		.uleb128 0xb
 1915 01f1 27       		.uleb128 0x27
 1916 01f2 0C       		.uleb128 0xc
 1917 01f3 3C       		.uleb128 0x3c
 1918 01f4 0C       		.uleb128 0xc
 1919 01f5 00       		.byte	0
 1920 01f6 00       		.byte	0
 1921 01f7 26       		.uleb128 0x26
 1922 01f8 2E       		.uleb128 0x2e
 1923 01f9 01       		.byte	0x1
 1924 01fa 3F       		.uleb128 0x3f
ARM GAS  /tmp/ccWOKPbl.s 			page 35


 1925 01fb 0C       		.uleb128 0xc
 1926 01fc 03       		.uleb128 0x3
 1927 01fd 0E       		.uleb128 0xe
 1928 01fe 3A       		.uleb128 0x3a
 1929 01ff 0B       		.uleb128 0xb
 1930 0200 3B       		.uleb128 0x3b
 1931 0201 05       		.uleb128 0x5
 1932 0202 27       		.uleb128 0x27
 1933 0203 0C       		.uleb128 0xc
 1934 0204 49       		.uleb128 0x49
 1935 0205 13       		.uleb128 0x13
 1936 0206 3C       		.uleb128 0x3c
 1937 0207 0C       		.uleb128 0xc
 1938 0208 01       		.uleb128 0x1
 1939 0209 13       		.uleb128 0x13
 1940 020a 00       		.byte	0
 1941 020b 00       		.byte	0
 1942 020c 27       		.uleb128 0x27
 1943 020d 2E       		.uleb128 0x2e
 1944 020e 01       		.byte	0x1
 1945 020f 3F       		.uleb128 0x3f
 1946 0210 0C       		.uleb128 0xc
 1947 0211 03       		.uleb128 0x3
 1948 0212 0E       		.uleb128 0xe
 1949 0213 3A       		.uleb128 0x3a
 1950 0214 0B       		.uleb128 0xb
 1951 0215 3B       		.uleb128 0x3b
 1952 0216 05       		.uleb128 0x5
 1953 0217 27       		.uleb128 0x27
 1954 0218 0C       		.uleb128 0xc
 1955 0219 49       		.uleb128 0x49
 1956 021a 13       		.uleb128 0x13
 1957 021b 3C       		.uleb128 0x3c
 1958 021c 0C       		.uleb128 0xc
 1959 021d 00       		.byte	0
 1960 021e 00       		.byte	0
 1961 021f 00       		.byte	0
 1962              		.section	.debug_loc,"",%progbits
 1963              	.Ldebug_loc0:
 1964              	.LLST0:
 1965 0000 00000000 		.4byte	.LFB8
 1966 0004 02000000 		.4byte	.LCFI0
 1967 0008 0200     		.2byte	0x2
 1968 000a 7D       		.byte	0x7d
 1969 000b 00       		.sleb128 0
 1970 000c 02000000 		.4byte	.LCFI0
 1971 0010 04000000 		.4byte	.LCFI1
 1972 0014 0200     		.2byte	0x2
 1973 0016 7D       		.byte	0x7d
 1974 0017 04       		.sleb128 4
 1975 0018 04000000 		.4byte	.LCFI1
 1976 001c 64000000 		.4byte	.LFE8
 1977 0020 0200     		.2byte	0x2
 1978 0022 7D       		.byte	0x7d
 1979 0023 10       		.sleb128 16
 1980 0024 00000000 		.4byte	0
 1981 0028 00000000 		.4byte	0
ARM GAS  /tmp/ccWOKPbl.s 			page 36


 1982              	.LLST1:
 1983 002c 3C000000 		.4byte	.LVL8
 1984 0030 52000000 		.4byte	.LVL9
 1985 0034 0100     		.2byte	0x1
 1986 0036 53       		.byte	0x53
 1987 0037 00000000 		.4byte	0
 1988 003b 00000000 		.4byte	0
 1989              	.LLST2:
 1990 003f 00000000 		.4byte	.LFB9
 1991 0043 02000000 		.4byte	.LCFI2
 1992 0047 0200     		.2byte	0x2
 1993 0049 7D       		.byte	0x7d
 1994 004a 00       		.sleb128 0
 1995 004b 02000000 		.4byte	.LCFI2
 1996 004f 58000000 		.4byte	.LFE9
 1997 0053 0200     		.2byte	0x2
 1998 0055 7D       		.byte	0x7d
 1999 0056 10       		.sleb128 16
 2000 0057 00000000 		.4byte	0
 2001 005b 00000000 		.4byte	0
 2002              	.LLST3:
 2003 005f 28000000 		.4byte	.LVL11
 2004 0063 3D000000 		.4byte	.LVL15-1
 2005 0067 0100     		.2byte	0x1
 2006 0069 52       		.byte	0x52
 2007 006a 46000000 		.4byte	.LVL18
 2008 006e 4C000000 		.4byte	.LVL20
 2009 0072 0100     		.2byte	0x1
 2010 0074 52       		.byte	0x52
 2011 0075 00000000 		.4byte	0
 2012 0079 00000000 		.4byte	0
 2013              	.LLST4:
 2014 007d 2E000000 		.4byte	.LVL12
 2015 0081 3D000000 		.4byte	.LVL15-1
 2016 0085 0100     		.2byte	0x1
 2017 0087 51       		.byte	0x51
 2018 0088 00000000 		.4byte	0
 2019 008c 00000000 		.4byte	0
 2020              	.LLST5:
 2021 0090 3A000000 		.4byte	.LVL14
 2022 0094 3D000000 		.4byte	.LVL15-1
 2023 0098 0100     		.2byte	0x1
 2024 009a 53       		.byte	0x53
 2025 009b 00000000 		.4byte	0
 2026 009f 00000000 		.4byte	0
 2027              	.LLST6:
 2028 00a3 44000000 		.4byte	.LVL17
 2029 00a7 48000000 		.4byte	.LVL19
 2030 00ab 0100     		.2byte	0x1
 2031 00ad 53       		.byte	0x53
 2032 00ae 00000000 		.4byte	0
 2033 00b2 00000000 		.4byte	0
 2034              		.section	.debug_aranges,"",%progbits
 2035 0000 2C000000 		.4byte	0x2c
 2036 0004 0200     		.2byte	0x2
 2037 0006 00000000 		.4byte	.Ldebug_info0
 2038 000a 04       		.byte	0x4
ARM GAS  /tmp/ccWOKPbl.s 			page 37


 2039 000b 00       		.byte	0
 2040 000c 0000     		.2byte	0
 2041 000e 0000     		.2byte	0
 2042 0010 00000000 		.4byte	.LFB7
 2043 0014 14000000 		.4byte	.LFE7-.LFB7
 2044 0018 00000000 		.4byte	.LFB8
 2045 001c 64000000 		.4byte	.LFE8-.LFB8
 2046 0020 00000000 		.4byte	.LFB9
 2047 0024 58000000 		.4byte	.LFE9-.LFB9
 2048 0028 00000000 		.4byte	0
 2049 002c 00000000 		.4byte	0
 2050              		.section	.debug_ranges,"",%progbits
 2051              	.Ldebug_ranges0:
 2052 0000 00000000 		.4byte	.LFB7
 2053 0004 14000000 		.4byte	.LFE7
 2054 0008 00000000 		.4byte	.LFB8
 2055 000c 64000000 		.4byte	.LFE8
 2056 0010 00000000 		.4byte	.LFB9
 2057 0014 58000000 		.4byte	.LFE9
 2058 0018 00000000 		.4byte	0
 2059 001c 00000000 		.4byte	0
 2060              		.section	.debug_line,"",%progbits
 2061              	.Ldebug_line0:
 2062 0000 19020000 		.section	.debug_str,"MS",%progbits,1
 2062      0200C501 
 2062      00000201 
 2062      FB0E0D00 
 2062      01010101 
 2063              	.LASF75:
 2064 0000 7466756E 		.ascii	"tfunc_t\000"
 2064      635F7400 
 2065              	.LASF86:
 2066 0008 63665F6F 		.ascii	"cf_off_older\000"
 2066      66665F6F 
 2066      6C646572 
 2066      00
 2067              	.LASF38:
 2068 0015 705F6D73 		.ascii	"p_msg\000"
 2068      6700
 2069              	.LASF2:
 2070 001b 73697A65 		.ascii	"size_t\000"
 2070      5F7400
 2071              	.LASF70:
 2072 0022 7264796D 		.ascii	"rdymsg\000"
 2072      736700
 2073              	.LASF13:
 2074 0029 75696E74 		.ascii	"uint64_t\000"
 2074      36345F74 
 2074      00
 2075              	.LASF99:
 2076 0032 76746C69 		.ascii	"vtlist\000"
 2076      737400
 2077              	.LASF98:
 2078 0039 63685379 		.ascii	"chSysTimerHandlerI\000"
 2078      7354696D 
 2078      65724861 
 2078      6E646C65 
ARM GAS  /tmp/ccWOKPbl.s 			page 38


 2078      724900
 2079              	.LASF14:
 2080 004c 6C6F6E67 		.ascii	"long long unsigned int\000"
 2080      206C6F6E 
 2080      6720756E 
 2080      7369676E 
 2080      65642069 
 2081              	.LASF82:
 2082 0063 63685F74 		.ascii	"ch_threadsize\000"
 2082      68726561 
 2082      6473697A 
 2082      6500
 2083              	.LASF71:
 2084 0071 65786974 		.ascii	"exitcode\000"
 2084      636F6465 
 2084      00
 2085              	.LASF97:
 2086 007a 6D61696E 		.ascii	"mainthread\000"
 2086      74687265 
 2086      616400
 2087              	.LASF26:
 2088 0085 705F7072 		.ascii	"p_prio\000"
 2088      696F00
 2089              	.LASF89:
 2090 008c 63665F6F 		.ascii	"cf_off_state\000"
 2090      66665F73 
 2090      74617465 
 2090      00
 2091              	.LASF104:
 2092 0099 5F736368 		.ascii	"_scheduler_init\000"
 2092      6564756C 
 2092      65725F69 
 2092      6E697400 
 2093              	.LASF12:
 2094 00a9 6C6F6E67 		.ascii	"long long int\000"
 2094      206C6F6E 
 2094      6720696E 
 2094      7400
 2095              	.LASF1:
 2096 00b7 7369676E 		.ascii	"signed char\000"
 2096      65642063 
 2096      68617200 
 2097              	.LASF88:
 2098 00c3 63665F6F 		.ascii	"cf_off_stklimit\000"
 2098      66665F73 
 2098      746B6C69 
 2098      6D697400 
 2099              	.LASF90:
 2100 00d3 63665F6F 		.ascii	"cf_off_flags\000"
 2100      66665F66 
 2100      6C616773 
 2100      00
 2101              	.LASF42:
 2102 00e0 705F6D70 		.ascii	"p_mpool\000"
 2102      6F6F6C00 
 2103              	.LASF67:
 2104 00e8 6D5F7175 		.ascii	"m_queue\000"
ARM GAS  /tmp/ccWOKPbl.s 			page 39


 2104      65756500 
 2105              	.LASF18:
 2106 00f0 74736C69 		.ascii	"tslices_t\000"
 2106      6365735F 
 2106      7400
 2107              	.LASF9:
 2108 00fa 6C6F6E67 		.ascii	"long int\000"
 2108      20696E74 
 2108      00
 2109              	.LASF16:
 2110 0103 74737461 		.ascii	"tstate_t\000"
 2110      74655F74 
 2110      00
 2111              	.LASF6:
 2112 010c 75696E74 		.ascii	"uint16_t\000"
 2112      31365F74 
 2112      00
 2113              	.LASF94:
 2114 0115 63686465 		.ascii	"chdebug_t\000"
 2114      6275675F 
 2114      7400
 2115              	.LASF28:
 2116 011f 705F6E65 		.ascii	"p_newer\000"
 2116      77657200 
 2117              	.LASF102:
 2118 0127 5F69646C 		.ascii	"_idle_thread_wa\000"
 2118      655F7468 
 2118      72656164 
 2118      5F776100 
 2119              	.LASF62:
 2120 0137 725F6E65 		.ascii	"r_newer\000"
 2120      77657200 
 2121              	.LASF45:
 2122 013f 72656761 		.ascii	"regarm_t\000"
 2122      726D5F74 
 2122      00
 2123              	.LASF53:
 2124 0148 76745F70 		.ascii	"vt_prev\000"
 2124      72657600 
 2125              	.LASF96:
 2126 0150 63685379 		.ascii	"chSysInit\000"
 2126      73496E69 
 2126      7400
 2127              	.LASF107:
 2128 015a 5F686561 		.ascii	"_heap_init\000"
 2128      705F696E 
 2128      697400
 2129              	.LASF0:
 2130 0165 756E7369 		.ascii	"unsigned int\000"
 2130      676E6564 
 2130      20696E74 
 2130      00
 2131              	.LASF111:
 2132 0172 5F746872 		.ascii	"_thread_init\000"
 2132      6561645F 
 2132      696E6974 
 2132      00
ARM GAS  /tmp/ccWOKPbl.s 			page 40


 2133              	.LASF52:
 2134 017f 76745F6E 		.ascii	"vt_next\000"
 2134      65787400 
 2135              	.LASF11:
 2136 0187 6C6F6E67 		.ascii	"long unsigned int\000"
 2136      20756E73 
 2136      69676E65 
 2136      6420696E 
 2136      7400
 2137              	.LASF101:
 2138 0199 63685F64 		.ascii	"ch_debug\000"
 2138      65627567 
 2138      00
 2139              	.LASF76:
 2140 01a2 63685F69 		.ascii	"ch_identifier\000"
 2140      64656E74 
 2140      69666965 
 2140      7200
 2141              	.LASF48:
 2142 01b0 636F6E74 		.ascii	"context\000"
 2142      65787400 
 2143              	.LASF7:
 2144 01b8 73686F72 		.ascii	"short unsigned int\000"
 2144      7420756E 
 2144      7369676E 
 2144      65642069 
 2144      6E7400
 2145              	.LASF20:
 2146 01cb 6D73675F 		.ascii	"msg_t\000"
 2146      7400
 2147              	.LASF15:
 2148 01d1 746D6F64 		.ascii	"tmode_t\000"
 2148      655F7400 
 2149              	.LASF44:
 2150 01d9 54687265 		.ascii	"ThreadsList\000"
 2150      6164734C 
 2150      69737400 
 2151              	.LASF21:
 2152 01e5 6576656E 		.ascii	"eventmask_t\000"
 2152      746D6173 
 2152      6B5F7400 
 2153              	.LASF110:
 2154 01f1 2F686F6D 		.ascii	"/home/kwilson/Sandbox/ChibiOS_2.5.1/demos/ARMCM4-ST"
 2154      652F6B77 
 2154      696C736F 
 2154      6E2F5361 
 2154      6E64626F 
 2155 0224 4D333246 		.ascii	"M32F407-LWIP-FATFS-USB\000"
 2155      3430372D 
 2155      4C574950 
 2155      2D464154 
 2155      46532D55 
 2156              	.LASF66:
 2157 023b 4D757465 		.ascii	"Mutex\000"
 2157      7800
 2158              	.LASF46:
 2159 0241 73746B61 		.ascii	"stkalign_t\000"
ARM GAS  /tmp/ccWOKPbl.s 			page 41


 2159      6C69676E 
 2159      5F7400
 2160              	.LASF112:
 2161 024c 63685468 		.ascii	"chThdCreateStatic\000"
 2161      64437265 
 2161      61746553 
 2161      74617469 
 2161      6300
 2162              	.LASF77:
 2163 025e 63685F7A 		.ascii	"ch_zero\000"
 2163      65726F00 
 2164              	.LASF91:
 2165 0266 63665F6F 		.ascii	"cf_off_refs\000"
 2165      66665F72 
 2165      65667300 
 2166              	.LASF54:
 2167 0272 76745F74 		.ascii	"vt_time\000"
 2167      696D6500 
 2168              	.LASF49:
 2169 027a 73697A65 		.ascii	"sizetype\000"
 2169      74797065 
 2169      00
 2170              	.LASF55:
 2171 0283 76745F66 		.ascii	"vt_func\000"
 2171      756E6300 
 2172              	.LASF81:
 2173 028b 63685F74 		.ascii	"ch_timesize\000"
 2173      696D6573 
 2173      697A6500 
 2174              	.LASF87:
 2175 0297 63665F6F 		.ascii	"cf_off_name\000"
 2175      66665F6E 
 2175      616D6500 
 2176              	.LASF29:
 2177 02a3 705F6F6C 		.ascii	"p_older\000"
 2177      64657200 
 2178              	.LASF61:
 2179 02ab 725F6374 		.ascii	"r_ctx\000"
 2179      7800
 2180              	.LASF43:
 2181 02b1 54687265 		.ascii	"ThreadsQueue\000"
 2181      61647351 
 2181      75657565 
 2181      00
 2182              	.LASF78:
 2183 02be 63685F73 		.ascii	"ch_size\000"
 2183      697A6500 
 2184              	.LASF108:
 2185 02c6 474E5520 		.ascii	"GNU C 4.7.2\000"
 2185      4320342E 
 2185      372E3200 
 2186              	.LASF64:
 2187 02d2 725F6375 		.ascii	"r_current\000"
 2187      7272656E 
 2187      7400
 2188              	.LASF63:
 2189 02dc 725F6F6C 		.ascii	"r_older\000"
ARM GAS  /tmp/ccWOKPbl.s 			page 42


 2189      64657200 
 2190              	.LASF95:
 2191 02e4 5F69646C 		.ascii	"_idle_thread\000"
 2191      655F7468 
 2191      72656164 
 2191      00
 2192              	.LASF17:
 2193 02f1 74726566 		.ascii	"trefs_t\000"
 2193      735F7400 
 2194              	.LASF80:
 2195 02f9 63685F70 		.ascii	"ch_ptrsize\000"
 2195      74727369 
 2195      7A6500
 2196              	.LASF25:
 2197 0304 705F7072 		.ascii	"p_prev\000"
 2197      657600
 2198              	.LASF19:
 2199 030b 74707269 		.ascii	"tprio_t\000"
 2199      6F5F7400 
 2200              	.LASF8:
 2201 0313 696E7433 		.ascii	"int32_t\000"
 2201      325F7400 
 2202              	.LASF4:
 2203 031b 756E7369 		.ascii	"unsigned char\000"
 2203      676E6564 
 2203      20636861 
 2203      7200
 2204              	.LASF106:
 2205 0329 5F636F72 		.ascii	"_core_init\000"
 2205      655F696E 
 2205      697400
 2206              	.LASF40:
 2207 0334 705F6D74 		.ascii	"p_mtxlist\000"
 2207      786C6973 
 2207      7400
 2208              	.LASF5:
 2209 033e 73686F72 		.ascii	"short int\000"
 2209      7420696E 
 2209      7400
 2210              	.LASF31:
 2211 0348 705F7374 		.ascii	"p_state\000"
 2211      61746500 
 2212              	.LASF34:
 2213 0350 705F7072 		.ascii	"p_preempt\000"
 2213      65656D70 
 2213      7400
 2214              	.LASF93:
 2215 035a 63665F6F 		.ascii	"cf_off_time\000"
 2215      66665F74 
 2215      696D6500 
 2216              	.LASF60:
 2217 0366 725F7072 		.ascii	"r_prio\000"
 2217      696F00
 2218              	.LASF73:
 2219 036d 65776D61 		.ascii	"ewmask\000"
 2219      736B00
 2220              	.LASF24:
ARM GAS  /tmp/ccWOKPbl.s 			page 43


 2221 0374 705F6E65 		.ascii	"p_next\000"
 2221      787400
 2222              	.LASF92:
 2223 037b 63665F6F 		.ascii	"cf_off_preempt\000"
 2223      66665F70 
 2223      7265656D 
 2223      707400
 2224              	.LASF32:
 2225 038a 705F666C 		.ascii	"p_flags\000"
 2225      61677300 
 2226              	.LASF23:
 2227 0392 54687265 		.ascii	"Thread\000"
 2227      616400
 2228              	.LASF85:
 2229 0399 63665F6F 		.ascii	"cf_off_newer\000"
 2229      66665F6E 
 2229      65776572 
 2229      00
 2230              	.LASF39:
 2231 03a6 705F6570 		.ascii	"p_epending\000"
 2231      656E6469 
 2231      6E6700
 2232              	.LASF10:
 2233 03b1 75696E74 		.ascii	"uint32_t\000"
 2233      33325F74 
 2233      00
 2234              	.LASF83:
 2235 03ba 63665F6F 		.ascii	"cf_off_prio\000"
 2235      66665F70 
 2235      72696F00 
 2236              	.LASF59:
 2237 03c6 725F7175 		.ascii	"r_queue\000"
 2237      65756500 
 2238              	.LASF51:
 2239 03ce 56697274 		.ascii	"VirtualTimer\000"
 2239      75616C54 
 2239      696D6572 
 2239      00
 2240              	.LASF74:
 2241 03db 63686172 		.ascii	"char\000"
 2241      00
 2242              	.LASF69:
 2243 03e0 6D5F6E65 		.ascii	"m_next\000"
 2243      787400
 2244              	.LASF22:
 2245 03e7 73797374 		.ascii	"systime_t\000"
 2245      696D655F 
 2245      7400
 2246              	.LASF41:
 2247 03f1 705F7265 		.ascii	"p_realprio\000"
 2247      616C7072 
 2247      696F00
 2248              	.LASF50:
 2249 03fc 76746675 		.ascii	"vtfunc_t\000"
 2249      6E635F74 
 2249      00
 2250              	.LASF105:
ARM GAS  /tmp/ccWOKPbl.s 			page 44


 2251 0405 5F76745F 		.ascii	"_vt_init\000"
 2251      696E6974 
 2251      00
 2252              	.LASF35:
 2253 040e 705F7469 		.ascii	"p_time\000"
 2253      6D6500
 2254              	.LASF47:
 2255 0415 696E7463 		.ascii	"intctx\000"
 2255      747800
 2256              	.LASF37:
 2257 041c 705F6D73 		.ascii	"p_msgqueue\000"
 2257      67717565 
 2257      756500
 2258              	.LASF56:
 2259 0427 76745F70 		.ascii	"vt_par\000"
 2259      617200
 2260              	.LASF84:
 2261 042e 63665F6F 		.ascii	"cf_off_ctx\000"
 2261      66665F63 
 2261      747800
 2262              	.LASF33:
 2263 0439 705F7265 		.ascii	"p_refs\000"
 2263      667300
 2264              	.LASF65:
 2265 0440 52656164 		.ascii	"ReadyList\000"
 2265      794C6973 
 2265      7400
 2266              	.LASF100:
 2267 044a 726C6973 		.ascii	"rlist\000"
 2267      7400
 2268              	.LASF109:
 2269 0450 2E2E2F2E 		.ascii	"../../os/kernel/src/chsys.c\000"
 2269      2E2F6F73 
 2269      2F6B6572 
 2269      6E656C2F 
 2269      7372632F 
 2270              	.LASF3:
 2271 046c 75696E74 		.ascii	"uint8_t\000"
 2271      385F7400 
 2272              	.LASF103:
 2273 0474 5F706F72 		.ascii	"_port_init\000"
 2273      745F696E 
 2273      697400
 2274              	.LASF72:
 2275 047f 77746F62 		.ascii	"wtobjp\000"
 2275      6A7000
 2276              	.LASF30:
 2277 0486 705F6E61 		.ascii	"p_name\000"
 2277      6D6500
 2278              	.LASF57:
 2279 048d 76745F73 		.ascii	"vt_systime\000"
 2279      79737469 
 2279      6D6500
 2280              	.LASF79:
 2281 0498 63685F76 		.ascii	"ch_version\000"
 2281      65727369 
 2281      6F6E00
ARM GAS  /tmp/ccWOKPbl.s 			page 45


 2282              	.LASF58:
 2283 04a3 56544C69 		.ascii	"VTList\000"
 2283      737400
 2284              	.LASF68:
 2285 04aa 6D5F6F77 		.ascii	"m_owner\000"
 2285      6E657200 
 2286              	.LASF27:
 2287 04b2 705F6374 		.ascii	"p_ctx\000"
 2287      7800
 2288              	.LASF36:
 2289 04b8 705F7761 		.ascii	"p_waiting\000"
 2289      6974696E 
 2289      6700
 2290              		.ident	"GCC: (crosstool-NG 1.17.0 - PSAS ST32F4 GFE) 4.7.2"
ARM GAS  /tmp/ccWOKPbl.s 			page 46


DEFINED SYMBOLS
                            *ABS*:0000000000000000 chsys.c
     /tmp/ccWOKPbl.s:21     .text._idle_thread:0000000000000000 $t
     /tmp/ccWOKPbl.s:27     .text._idle_thread:0000000000000000 _idle_thread
     /tmp/ccWOKPbl.s:46     .text._idle_thread:000000000000000c $d
     /tmp/ccWOKPbl.s:52     .text.chSysInit:0000000000000000 $t
     /tmp/ccWOKPbl.s:58     .text.chSysInit:0000000000000000 chSysInit
     /tmp/ccWOKPbl.s:234    .bss.mainthread.4771:0000000000000000 .LANCHOR0
     /tmp/ccWOKPbl.s:245    .bss._idle_thread_wa:0000000000000000 .LANCHOR1
     /tmp/ccWOKPbl.s:133    .text.chSysTimerHandlerI:0000000000000000 $t
     /tmp/ccWOKPbl.s:139    .text.chSysTimerHandlerI:0000000000000000 chSysTimerHandlerI
     /tmp/ccWOKPbl.s:225    .text.chSysTimerHandlerI:0000000000000050 $d
     /tmp/ccWOKPbl.s:248    .bss._idle_thread_wa:0000000000000000 _idle_thread_wa
     /tmp/ccWOKPbl.s:233    .bss.mainthread.4771:0000000000000000 $d
     /tmp/ccWOKPbl.s:237    .bss.mainthread.4771:0000000000000000 mainthread.4771
     /tmp/ccWOKPbl.s:240    .rodata.str1.4:0000000000000000 $d
     /tmp/ccWOKPbl.s:244    .bss._idle_thread_wa:0000000000000000 $d
                     .debug_frame:0000000000000010 $d
     /tmp/ccWOKPbl.s:51     .text._idle_thread:0000000000000014 $t
     /tmp/ccWOKPbl.s:232    .text.chSysTimerHandlerI:0000000000000058 $t

UNDEFINED SYMBOLS
rlist
_port_init
_scheduler_init
_vt_init
_core_init
_heap_init
_thread_init
ch_debug
chThdCreateStatic
vtlist
