ARM GAS  /tmp/ccYRp0JW.s 			page 1


   1              		.syntax unified
   2              		.cpu cortex-m4
   3              		.eabi_attribute 27, 3
   4              		.eabi_attribute 28, 1
   5              		.fpu fpv4-sp-d16
   6              		.eabi_attribute 20, 1
   7              		.eabi_attribute 21, 1
   8              		.eabi_attribute 23, 3
   9              		.eabi_attribute 24, 1
  10              		.eabi_attribute 25, 1
  11              		.eabi_attribute 26, 1
  12              		.eabi_attribute 30, 2
  13              		.eabi_attribute 34, 1
  14              		.eabi_attribute 18, 4
  15              		.thumb
  16              		.file	"def.c"
  17              		.text
  18              	.Ltext0:
  19              		.cfi_sections	.debug_frame
  20              		.section	.text.lwip_htons,"ax",%progbits
  21              		.align	2
  22              		.p2align 4,,15
  23              		.global	lwip_htons
  24              		.thumb
  25              		.thumb_func
  26              		.type	lwip_htons, %function
  27              	lwip_htons:
  28              	.LFB7:
  29              		.file 1 "../../ext/lwip/src/core/def.c"
  30              		.loc 1 65 0
  31              		.cfi_startproc
  32              		@ args = 0, pretend = 0, frame = 0
  33              		@ frame_needed = 0, uses_anonymous_args = 0
  34              		@ link register save eliminated.
  35              	.LVL0:
  36              		.loc 1 66 0
  37 0000 030A     		lsrs	r3, r0, #8
  38 0002 43EA0020 		orr	r0, r3, r0, lsl #8
  39              	.LVL1:
  40              		.loc 1 67 0
  41 0006 80B2     		uxth	r0, r0
  42 0008 7047     		bx	lr
  43              		.cfi_endproc
  44              	.LFE7:
  45              		.size	lwip_htons, .-lwip_htons
  46              		.section	.text.lwip_ntohs,"ax",%progbits
  47              		.align	2
  48              		.p2align 4,,15
  49              		.global	lwip_ntohs
  50              		.thumb
  51              		.thumb_func
  52              		.type	lwip_ntohs, %function
  53              	lwip_ntohs:
  54              	.LFB8:
  55              		.loc 1 77 0
  56              		.cfi_startproc
  57              		@ args = 0, pretend = 0, frame = 0
ARM GAS  /tmp/ccYRp0JW.s 			page 2


  58              		@ frame_needed = 0, uses_anonymous_args = 0
  59              		@ link register save eliminated.
  60              	.LVL2:
  61              	.LBB6:
  62              	.LBB7:
  63              		.loc 1 66 0
  64 0000 030A     		lsrs	r3, r0, #8
  65 0002 43EA0020 		orr	r0, r3, r0, lsl #8
  66              	.LVL3:
  67              	.LBE7:
  68              	.LBE6:
  69              		.loc 1 79 0
  70 0006 80B2     		uxth	r0, r0
  71 0008 7047     		bx	lr
  72              		.cfi_endproc
  73              	.LFE8:
  74              		.size	lwip_ntohs, .-lwip_ntohs
  75 000a 00BFAFF3 		.section	.text.lwip_htonl,"ax",%progbits
  75      0080
  76              		.align	2
  77              		.p2align 4,,15
  78              		.global	lwip_htonl
  79              		.thumb
  80              		.thumb_func
  81              		.type	lwip_htonl, %function
  82              	lwip_htonl:
  83              	.LFB9:
  84              		.loc 1 89 0
  85              		.cfi_startproc
  86              		@ args = 0, pretend = 0, frame = 0
  87              		@ frame_needed = 0, uses_anonymous_args = 0
  88              		@ link register save eliminated.
  89              	.LVL4:
  90              		.loc 1 94 0
  91 0000 00BA     		rev	r0, r0
  92              	.LVL5:
  93 0002 7047     		bx	lr
  94              		.cfi_endproc
  95              	.LFE9:
  96              		.size	lwip_htonl, .-lwip_htonl
  97 0004 AFF30080 		.section	.text.lwip_ntohl,"ax",%progbits
  97      AFF30080 
  97      AFF30080 
  98              		.align	2
  99              		.p2align 4,,15
 100              		.global	lwip_ntohl
 101              		.thumb
 102              		.thumb_func
 103              		.type	lwip_ntohl, %function
 104              	lwip_ntohl:
 105              	.LFB10:
 106              		.loc 1 104 0
 107              		.cfi_startproc
 108              		@ args = 0, pretend = 0, frame = 0
 109              		@ frame_needed = 0, uses_anonymous_args = 0
 110              		@ link register save eliminated.
 111              	.LVL6:
ARM GAS  /tmp/ccYRp0JW.s 			page 3


 112              		.loc 1 106 0
 113 0000 00BA     		rev	r0, r0
 114              	.LVL7:
 115 0002 7047     		bx	lr
 116              		.cfi_endproc
 117              	.LFE10:
 118              		.size	lwip_ntohl, .-lwip_ntohl
 119 0004 AFF30080 		.text
 119      AFF30080 
 119      AFF30080 
 120              	.Letext0:
 121              		.file 2 "/opt/psas/x-tools/stm32f407/arm-psas-eabi/bin/../lib/gcc/arm-psas-eabi/4.7.2/../../../../
 122              		.file 3 "../../os/various/lwip_bindings/arch/cc.h"
 123              		.section	.debug_info,"",%progbits
 124              	.Ldebug_info0:
 125 0000 87010000 		.4byte	0x187
 126 0004 0200     		.2byte	0x2
 127 0006 00000000 		.4byte	.Ldebug_abbrev0
 128 000a 04       		.byte	0x4
 129 000b 01       		.uleb128 0x1
 130 000c 29000000 		.4byte	.LASF17
 131 0010 01       		.byte	0x1
 132 0011 69000000 		.4byte	.LASF18
 133 0015 D4000000 		.4byte	.LASF19
 134 0019 00000000 		.4byte	.Ldebug_ranges0+0
 135 001d 00000000 		.4byte	0
 136 0021 00000000 		.4byte	0
 137 0025 00000000 		.4byte	.Ldebug_line0
 138 0029 02       		.uleb128 0x2
 139 002a 04       		.byte	0x4
 140 002b 05       		.byte	0x5
 141 002c 696E7400 		.ascii	"int\000"
 142 0030 03       		.uleb128 0x3
 143 0031 04       		.byte	0x4
 144 0032 07       		.byte	0x7
 145 0033 0E000000 		.4byte	.LASF0
 146 0037 03       		.uleb128 0x3
 147 0038 01       		.byte	0x1
 148 0039 06       		.byte	0x6
 149 003a C8000000 		.4byte	.LASF1
 150 003e 03       		.uleb128 0x3
 151 003f 01       		.byte	0x1
 152 0040 08       		.byte	0x8
 153 0041 1B000000 		.4byte	.LASF2
 154 0045 03       		.uleb128 0x3
 155 0046 02       		.byte	0x2
 156 0047 05       		.byte	0x5
 157 0048 3B010000 		.4byte	.LASF3
 158 004c 04       		.uleb128 0x4
 159 004d 1E010000 		.4byte	.LASF6
 160 0051 02       		.byte	0x2
 161 0052 36       		.byte	0x36
 162 0053 57000000 		.4byte	0x57
 163 0057 03       		.uleb128 0x3
 164 0058 02       		.byte	0x2
 165 0059 07       		.byte	0x7
 166 005a B5000000 		.4byte	.LASF4
ARM GAS  /tmp/ccYRp0JW.s 			page 4


 167 005e 03       		.uleb128 0x3
 168 005f 04       		.byte	0x4
 169 0060 05       		.byte	0x5
 170 0061 9B000000 		.4byte	.LASF5
 171 0065 04       		.uleb128 0x4
 172 0066 92000000 		.4byte	.LASF7
 173 006a 02       		.byte	0x2
 174 006b 50       		.byte	0x50
 175 006c 70000000 		.4byte	0x70
 176 0070 03       		.uleb128 0x3
 177 0071 04       		.byte	0x4
 178 0072 07       		.byte	0x7
 179 0073 35000000 		.4byte	.LASF8
 180 0077 03       		.uleb128 0x3
 181 0078 08       		.byte	0x8
 182 0079 05       		.byte	0x5
 183 007a 00000000 		.4byte	.LASF9
 184 007e 03       		.uleb128 0x3
 185 007f 08       		.byte	0x8
 186 0080 07       		.byte	0x7
 187 0081 47000000 		.4byte	.LASF10
 188 0085 03       		.uleb128 0x3
 189 0086 04       		.byte	0x4
 190 0087 07       		.byte	0x7
 191 0088 27010000 		.4byte	.LASF11
 192 008c 03       		.uleb128 0x3
 193 008d 01       		.byte	0x1
 194 008e 08       		.byte	0x8
 195 008f 8D000000 		.4byte	.LASF12
 196 0093 04       		.uleb128 0x4
 197 0094 A4000000 		.4byte	.LASF13
 198 0098 03       		.byte	0x3
 199 0099 3E       		.byte	0x3e
 200 009a 4C000000 		.4byte	0x4c
 201 009e 04       		.uleb128 0x4
 202 009f 87000000 		.4byte	.LASF14
 203 00a3 03       		.byte	0x3
 204 00a4 40       		.byte	0x40
 205 00a5 65000000 		.4byte	0x65
 206 00a9 05       		.uleb128 0x5
 207 00aa 01       		.byte	0x1
 208 00ab 45010000 		.4byte	.LASF15
 209 00af 01       		.byte	0x1
 210 00b0 40       		.byte	0x40
 211 00b1 01       		.byte	0x1
 212 00b2 93000000 		.4byte	0x93
 213 00b6 01       		.byte	0x1
 214 00b7 C5000000 		.4byte	0xc5
 215 00bb 06       		.uleb128 0x6
 216 00bc 6E00     		.ascii	"n\000"
 217 00be 01       		.byte	0x1
 218 00bf 40       		.byte	0x40
 219 00c0 93000000 		.4byte	0x93
 220 00c4 00       		.byte	0
 221 00c5 05       		.uleb128 0x5
 222 00c6 01       		.byte	0x1
 223 00c7 AA000000 		.4byte	.LASF16
ARM GAS  /tmp/ccYRp0JW.s 			page 5


 224 00cb 01       		.byte	0x1
 225 00cc 58       		.byte	0x58
 226 00cd 01       		.byte	0x1
 227 00ce 9E000000 		.4byte	0x9e
 228 00d2 01       		.byte	0x1
 229 00d3 E1000000 		.4byte	0xe1
 230 00d7 06       		.uleb128 0x6
 231 00d8 6E00     		.ascii	"n\000"
 232 00da 01       		.byte	0x1
 233 00db 58       		.byte	0x58
 234 00dc 9E000000 		.4byte	0x9e
 235 00e0 00       		.byte	0
 236 00e1 07       		.uleb128 0x7
 237 00e2 A9000000 		.4byte	0xa9
 238 00e6 00000000 		.4byte	.LFB7
 239 00ea 0A000000 		.4byte	.LFE7
 240 00ee 02       		.byte	0x2
 241 00ef 7D       		.byte	0x7d
 242 00f0 00       		.sleb128 0
 243 00f1 01       		.byte	0x1
 244 00f2 00010000 		.4byte	0x100
 245 00f6 08       		.uleb128 0x8
 246 00f7 BB000000 		.4byte	0xbb
 247 00fb 00000000 		.4byte	.LLST0
 248 00ff 00       		.byte	0
 249 0100 09       		.uleb128 0x9
 250 0101 01       		.byte	0x1
 251 0102 30010000 		.4byte	.LASF20
 252 0106 01       		.byte	0x1
 253 0107 4C       		.byte	0x4c
 254 0108 01       		.byte	0x1
 255 0109 93000000 		.4byte	0x93
 256 010d 00000000 		.4byte	.LFB8
 257 0111 0A000000 		.4byte	.LFE8
 258 0115 02       		.byte	0x2
 259 0116 7D       		.byte	0x7d
 260 0117 00       		.sleb128 0
 261 0118 01       		.byte	0x1
 262 0119 44010000 		.4byte	0x144
 263 011d 0A       		.uleb128 0xa
 264 011e 6E00     		.ascii	"n\000"
 265 0120 01       		.byte	0x1
 266 0121 4C       		.byte	0x4c
 267 0122 93000000 		.4byte	0x93
 268 0126 21000000 		.4byte	.LLST1
 269 012a 0B       		.uleb128 0xb
 270 012b A9000000 		.4byte	0xa9
 271 012f 00000000 		.4byte	.LBB6
 272 0133 06000000 		.4byte	.LBE6
 273 0137 01       		.byte	0x1
 274 0138 4E       		.byte	0x4e
 275 0139 08       		.uleb128 0x8
 276 013a BB000000 		.4byte	0xbb
 277 013e 21000000 		.4byte	.LLST1
 278 0142 00       		.byte	0
 279 0143 00       		.byte	0
 280 0144 07       		.uleb128 0x7
ARM GAS  /tmp/ccYRp0JW.s 			page 6


 281 0145 C5000000 		.4byte	0xc5
 282 0149 00000000 		.4byte	.LFB9
 283 014d 04000000 		.4byte	.LFE9
 284 0151 02       		.byte	0x2
 285 0152 7D       		.byte	0x7d
 286 0153 00       		.sleb128 0
 287 0154 01       		.byte	0x1
 288 0155 63010000 		.4byte	0x163
 289 0159 08       		.uleb128 0x8
 290 015a D7000000 		.4byte	0xd7
 291 015e 42000000 		.4byte	.LLST3
 292 0162 00       		.byte	0
 293 0163 0C       		.uleb128 0xc
 294 0164 01       		.byte	0x1
 295 0165 5E000000 		.4byte	.LASF21
 296 0169 01       		.byte	0x1
 297 016a 67       		.byte	0x67
 298 016b 01       		.byte	0x1
 299 016c 9E000000 		.4byte	0x9e
 300 0170 00000000 		.4byte	.LFB10
 301 0174 04000000 		.4byte	.LFE10
 302 0178 02       		.byte	0x2
 303 0179 7D       		.byte	0x7d
 304 017a 00       		.sleb128 0
 305 017b 01       		.byte	0x1
 306 017c 0A       		.uleb128 0xa
 307 017d 6E00     		.ascii	"n\000"
 308 017f 01       		.byte	0x1
 309 0180 67       		.byte	0x67
 310 0181 9E000000 		.4byte	0x9e
 311 0185 63000000 		.4byte	.LLST4
 312 0189 00       		.byte	0
 313 018a 00       		.byte	0
 314              		.section	.debug_abbrev,"",%progbits
 315              	.Ldebug_abbrev0:
 316 0000 01       		.uleb128 0x1
 317 0001 11       		.uleb128 0x11
 318 0002 01       		.byte	0x1
 319 0003 25       		.uleb128 0x25
 320 0004 0E       		.uleb128 0xe
 321 0005 13       		.uleb128 0x13
 322 0006 0B       		.uleb128 0xb
 323 0007 03       		.uleb128 0x3
 324 0008 0E       		.uleb128 0xe
 325 0009 1B       		.uleb128 0x1b
 326 000a 0E       		.uleb128 0xe
 327 000b 55       		.uleb128 0x55
 328 000c 06       		.uleb128 0x6
 329 000d 11       		.uleb128 0x11
 330 000e 01       		.uleb128 0x1
 331 000f 52       		.uleb128 0x52
 332 0010 01       		.uleb128 0x1
 333 0011 10       		.uleb128 0x10
 334 0012 06       		.uleb128 0x6
 335 0013 00       		.byte	0
 336 0014 00       		.byte	0
 337 0015 02       		.uleb128 0x2
ARM GAS  /tmp/ccYRp0JW.s 			page 7


 338 0016 24       		.uleb128 0x24
 339 0017 00       		.byte	0
 340 0018 0B       		.uleb128 0xb
 341 0019 0B       		.uleb128 0xb
 342 001a 3E       		.uleb128 0x3e
 343 001b 0B       		.uleb128 0xb
 344 001c 03       		.uleb128 0x3
 345 001d 08       		.uleb128 0x8
 346 001e 00       		.byte	0
 347 001f 00       		.byte	0
 348 0020 03       		.uleb128 0x3
 349 0021 24       		.uleb128 0x24
 350 0022 00       		.byte	0
 351 0023 0B       		.uleb128 0xb
 352 0024 0B       		.uleb128 0xb
 353 0025 3E       		.uleb128 0x3e
 354 0026 0B       		.uleb128 0xb
 355 0027 03       		.uleb128 0x3
 356 0028 0E       		.uleb128 0xe
 357 0029 00       		.byte	0
 358 002a 00       		.byte	0
 359 002b 04       		.uleb128 0x4
 360 002c 16       		.uleb128 0x16
 361 002d 00       		.byte	0
 362 002e 03       		.uleb128 0x3
 363 002f 0E       		.uleb128 0xe
 364 0030 3A       		.uleb128 0x3a
 365 0031 0B       		.uleb128 0xb
 366 0032 3B       		.uleb128 0x3b
 367 0033 0B       		.uleb128 0xb
 368 0034 49       		.uleb128 0x49
 369 0035 13       		.uleb128 0x13
 370 0036 00       		.byte	0
 371 0037 00       		.byte	0
 372 0038 05       		.uleb128 0x5
 373 0039 2E       		.uleb128 0x2e
 374 003a 01       		.byte	0x1
 375 003b 3F       		.uleb128 0x3f
 376 003c 0C       		.uleb128 0xc
 377 003d 03       		.uleb128 0x3
 378 003e 0E       		.uleb128 0xe
 379 003f 3A       		.uleb128 0x3a
 380 0040 0B       		.uleb128 0xb
 381 0041 3B       		.uleb128 0x3b
 382 0042 0B       		.uleb128 0xb
 383 0043 27       		.uleb128 0x27
 384 0044 0C       		.uleb128 0xc
 385 0045 49       		.uleb128 0x49
 386 0046 13       		.uleb128 0x13
 387 0047 20       		.uleb128 0x20
 388 0048 0B       		.uleb128 0xb
 389 0049 01       		.uleb128 0x1
 390 004a 13       		.uleb128 0x13
 391 004b 00       		.byte	0
 392 004c 00       		.byte	0
 393 004d 06       		.uleb128 0x6
 394 004e 05       		.uleb128 0x5
ARM GAS  /tmp/ccYRp0JW.s 			page 8


 395 004f 00       		.byte	0
 396 0050 03       		.uleb128 0x3
 397 0051 08       		.uleb128 0x8
 398 0052 3A       		.uleb128 0x3a
 399 0053 0B       		.uleb128 0xb
 400 0054 3B       		.uleb128 0x3b
 401 0055 0B       		.uleb128 0xb
 402 0056 49       		.uleb128 0x49
 403 0057 13       		.uleb128 0x13
 404 0058 00       		.byte	0
 405 0059 00       		.byte	0
 406 005a 07       		.uleb128 0x7
 407 005b 2E       		.uleb128 0x2e
 408 005c 01       		.byte	0x1
 409 005d 31       		.uleb128 0x31
 410 005e 13       		.uleb128 0x13
 411 005f 11       		.uleb128 0x11
 412 0060 01       		.uleb128 0x1
 413 0061 12       		.uleb128 0x12
 414 0062 01       		.uleb128 0x1
 415 0063 40       		.uleb128 0x40
 416 0064 0A       		.uleb128 0xa
 417 0065 9742     		.uleb128 0x2117
 418 0067 0C       		.uleb128 0xc
 419 0068 01       		.uleb128 0x1
 420 0069 13       		.uleb128 0x13
 421 006a 00       		.byte	0
 422 006b 00       		.byte	0
 423 006c 08       		.uleb128 0x8
 424 006d 05       		.uleb128 0x5
 425 006e 00       		.byte	0
 426 006f 31       		.uleb128 0x31
 427 0070 13       		.uleb128 0x13
 428 0071 02       		.uleb128 0x2
 429 0072 06       		.uleb128 0x6
 430 0073 00       		.byte	0
 431 0074 00       		.byte	0
 432 0075 09       		.uleb128 0x9
 433 0076 2E       		.uleb128 0x2e
 434 0077 01       		.byte	0x1
 435 0078 3F       		.uleb128 0x3f
 436 0079 0C       		.uleb128 0xc
 437 007a 03       		.uleb128 0x3
 438 007b 0E       		.uleb128 0xe
 439 007c 3A       		.uleb128 0x3a
 440 007d 0B       		.uleb128 0xb
 441 007e 3B       		.uleb128 0x3b
 442 007f 0B       		.uleb128 0xb
 443 0080 27       		.uleb128 0x27
 444 0081 0C       		.uleb128 0xc
 445 0082 49       		.uleb128 0x49
 446 0083 13       		.uleb128 0x13
 447 0084 11       		.uleb128 0x11
 448 0085 01       		.uleb128 0x1
 449 0086 12       		.uleb128 0x12
 450 0087 01       		.uleb128 0x1
 451 0088 40       		.uleb128 0x40
ARM GAS  /tmp/ccYRp0JW.s 			page 9


 452 0089 0A       		.uleb128 0xa
 453 008a 9742     		.uleb128 0x2117
 454 008c 0C       		.uleb128 0xc
 455 008d 01       		.uleb128 0x1
 456 008e 13       		.uleb128 0x13
 457 008f 00       		.byte	0
 458 0090 00       		.byte	0
 459 0091 0A       		.uleb128 0xa
 460 0092 05       		.uleb128 0x5
 461 0093 00       		.byte	0
 462 0094 03       		.uleb128 0x3
 463 0095 08       		.uleb128 0x8
 464 0096 3A       		.uleb128 0x3a
 465 0097 0B       		.uleb128 0xb
 466 0098 3B       		.uleb128 0x3b
 467 0099 0B       		.uleb128 0xb
 468 009a 49       		.uleb128 0x49
 469 009b 13       		.uleb128 0x13
 470 009c 02       		.uleb128 0x2
 471 009d 06       		.uleb128 0x6
 472 009e 00       		.byte	0
 473 009f 00       		.byte	0
 474 00a0 0B       		.uleb128 0xb
 475 00a1 1D       		.uleb128 0x1d
 476 00a2 01       		.byte	0x1
 477 00a3 31       		.uleb128 0x31
 478 00a4 13       		.uleb128 0x13
 479 00a5 11       		.uleb128 0x11
 480 00a6 01       		.uleb128 0x1
 481 00a7 12       		.uleb128 0x12
 482 00a8 01       		.uleb128 0x1
 483 00a9 58       		.uleb128 0x58
 484 00aa 0B       		.uleb128 0xb
 485 00ab 59       		.uleb128 0x59
 486 00ac 0B       		.uleb128 0xb
 487 00ad 00       		.byte	0
 488 00ae 00       		.byte	0
 489 00af 0C       		.uleb128 0xc
 490 00b0 2E       		.uleb128 0x2e
 491 00b1 01       		.byte	0x1
 492 00b2 3F       		.uleb128 0x3f
 493 00b3 0C       		.uleb128 0xc
 494 00b4 03       		.uleb128 0x3
 495 00b5 0E       		.uleb128 0xe
 496 00b6 3A       		.uleb128 0x3a
 497 00b7 0B       		.uleb128 0xb
 498 00b8 3B       		.uleb128 0x3b
 499 00b9 0B       		.uleb128 0xb
 500 00ba 27       		.uleb128 0x27
 501 00bb 0C       		.uleb128 0xc
 502 00bc 49       		.uleb128 0x49
 503 00bd 13       		.uleb128 0x13
 504 00be 11       		.uleb128 0x11
 505 00bf 01       		.uleb128 0x1
 506 00c0 12       		.uleb128 0x12
 507 00c1 01       		.uleb128 0x1
 508 00c2 40       		.uleb128 0x40
ARM GAS  /tmp/ccYRp0JW.s 			page 10


 509 00c3 0A       		.uleb128 0xa
 510 00c4 9742     		.uleb128 0x2117
 511 00c6 0C       		.uleb128 0xc
 512 00c7 00       		.byte	0
 513 00c8 00       		.byte	0
 514 00c9 00       		.byte	0
 515              		.section	.debug_loc,"",%progbits
 516              	.Ldebug_loc0:
 517              	.LLST0:
 518 0000 00000000 		.4byte	.LVL0
 519 0004 06000000 		.4byte	.LVL1
 520 0008 0100     		.2byte	0x1
 521 000a 50       		.byte	0x50
 522 000b 06000000 		.4byte	.LVL1
 523 000f 0A000000 		.4byte	.LFE7
 524 0013 0400     		.2byte	0x4
 525 0015 F3       		.byte	0xf3
 526 0016 01       		.uleb128 0x1
 527 0017 50       		.byte	0x50
 528 0018 9F       		.byte	0x9f
 529 0019 00000000 		.4byte	0
 530 001d 00000000 		.4byte	0
 531              	.LLST1:
 532 0021 00000000 		.4byte	.LVL2
 533 0025 06000000 		.4byte	.LVL3
 534 0029 0100     		.2byte	0x1
 535 002b 50       		.byte	0x50
 536 002c 06000000 		.4byte	.LVL3
 537 0030 0A000000 		.4byte	.LFE8
 538 0034 0400     		.2byte	0x4
 539 0036 F3       		.byte	0xf3
 540 0037 01       		.uleb128 0x1
 541 0038 50       		.byte	0x50
 542 0039 9F       		.byte	0x9f
 543 003a 00000000 		.4byte	0
 544 003e 00000000 		.4byte	0
 545              	.LLST3:
 546 0042 00000000 		.4byte	.LVL4
 547 0046 02000000 		.4byte	.LVL5
 548 004a 0100     		.2byte	0x1
 549 004c 50       		.byte	0x50
 550 004d 02000000 		.4byte	.LVL5
 551 0051 04000000 		.4byte	.LFE9
 552 0055 0400     		.2byte	0x4
 553 0057 F3       		.byte	0xf3
 554 0058 01       		.uleb128 0x1
 555 0059 50       		.byte	0x50
 556 005a 9F       		.byte	0x9f
 557 005b 00000000 		.4byte	0
 558 005f 00000000 		.4byte	0
 559              	.LLST4:
 560 0063 00000000 		.4byte	.LVL6
 561 0067 02000000 		.4byte	.LVL7
 562 006b 0100     		.2byte	0x1
 563 006d 50       		.byte	0x50
 564 006e 02000000 		.4byte	.LVL7
 565 0072 04000000 		.4byte	.LFE10
ARM GAS  /tmp/ccYRp0JW.s 			page 11


 566 0076 0400     		.2byte	0x4
 567 0078 F3       		.byte	0xf3
 568 0079 01       		.uleb128 0x1
 569 007a 50       		.byte	0x50
 570 007b 9F       		.byte	0x9f
 571 007c 00000000 		.4byte	0
 572 0080 00000000 		.4byte	0
 573              		.section	.debug_aranges,"",%progbits
 574 0000 34000000 		.4byte	0x34
 575 0004 0200     		.2byte	0x2
 576 0006 00000000 		.4byte	.Ldebug_info0
 577 000a 04       		.byte	0x4
 578 000b 00       		.byte	0
 579 000c 0000     		.2byte	0
 580 000e 0000     		.2byte	0
 581 0010 00000000 		.4byte	.LFB7
 582 0014 0A000000 		.4byte	.LFE7-.LFB7
 583 0018 00000000 		.4byte	.LFB8
 584 001c 0A000000 		.4byte	.LFE8-.LFB8
 585 0020 00000000 		.4byte	.LFB9
 586 0024 04000000 		.4byte	.LFE9-.LFB9
 587 0028 00000000 		.4byte	.LFB10
 588 002c 04000000 		.4byte	.LFE10-.LFB10
 589 0030 00000000 		.4byte	0
 590 0034 00000000 		.4byte	0
 591              		.section	.debug_ranges,"",%progbits
 592              	.Ldebug_ranges0:
 593 0000 00000000 		.4byte	.LFB7
 594 0004 0A000000 		.4byte	.LFE7
 595 0008 00000000 		.4byte	.LFB8
 596 000c 0A000000 		.4byte	.LFE8
 597 0010 00000000 		.4byte	.LFB9
 598 0014 04000000 		.4byte	.LFE9
 599 0018 00000000 		.4byte	.LFB10
 600 001c 04000000 		.4byte	.LFE10
 601 0020 00000000 		.4byte	0
 602 0024 00000000 		.4byte	0
 603              		.section	.debug_line,"",%progbits
 604              	.Ldebug_line0:
 605 0000 2B010000 		.section	.debug_str,"MS",%progbits,1
 605      0200DB00 
 605      00000201 
 605      FB0E0D00 
 605      01010101 
 606              	.LASF9:
 607 0000 6C6F6E67 		.ascii	"long long int\000"
 607      206C6F6E 
 607      6720696E 
 607      7400
 608              	.LASF0:
 609 000e 756E7369 		.ascii	"unsigned int\000"
 609      676E6564 
 609      20696E74 
 609      00
 610              	.LASF2:
 611 001b 756E7369 		.ascii	"unsigned char\000"
 611      676E6564 
ARM GAS  /tmp/ccYRp0JW.s 			page 12


 611      20636861 
 611      7200
 612              	.LASF17:
 613 0029 474E5520 		.ascii	"GNU C 4.7.2\000"
 613      4320342E 
 613      372E3200 
 614              	.LASF8:
 615 0035 6C6F6E67 		.ascii	"long unsigned int\000"
 615      20756E73 
 615      69676E65 
 615      6420696E 
 615      7400
 616              	.LASF10:
 617 0047 6C6F6E67 		.ascii	"long long unsigned int\000"
 617      206C6F6E 
 617      6720756E 
 617      7369676E 
 617      65642069 
 618              	.LASF21:
 619 005e 6C776970 		.ascii	"lwip_ntohl\000"
 619      5F6E746F 
 619      686C00
 620              	.LASF18:
 621 0069 2E2E2F2E 		.ascii	"../../ext/lwip/src/core/def.c\000"
 621      2E2F6578 
 621      742F6C77 
 621      69702F73 
 621      72632F63 
 622              	.LASF14:
 623 0087 7533325F 		.ascii	"u32_t\000"
 623      7400
 624              	.LASF12:
 625 008d 63686172 		.ascii	"char\000"
 625      00
 626              	.LASF7:
 627 0092 75696E74 		.ascii	"uint32_t\000"
 627      33325F74 
 627      00
 628              	.LASF5:
 629 009b 6C6F6E67 		.ascii	"long int\000"
 629      20696E74 
 629      00
 630              	.LASF13:
 631 00a4 7531365F 		.ascii	"u16_t\000"
 631      7400
 632              	.LASF16:
 633 00aa 6C776970 		.ascii	"lwip_htonl\000"
 633      5F68746F 
 633      6E6C00
 634              	.LASF4:
 635 00b5 73686F72 		.ascii	"short unsigned int\000"
 635      7420756E 
 635      7369676E 
 635      65642069 
 635      6E7400
 636              	.LASF1:
 637 00c8 7369676E 		.ascii	"signed char\000"
ARM GAS  /tmp/ccYRp0JW.s 			page 13


 637      65642063 
 637      68617200 
 638              	.LASF19:
 639 00d4 2F686F6D 		.ascii	"/home/kwilson/Sandbox/ChibiOS_2.5.1/demos/ARMCM4-ST"
 639      652F6B77 
 639      696C736F 
 639      6E2F5361 
 639      6E64626F 
 640 0107 4D333246 		.ascii	"M32F407-LWIP-FATFS-USB\000"
 640      3430372D 
 640      4C574950 
 640      2D464154 
 640      46532D55 
 641              	.LASF6:
 642 011e 75696E74 		.ascii	"uint16_t\000"
 642      31365F74 
 642      00
 643              	.LASF11:
 644 0127 73697A65 		.ascii	"sizetype\000"
 644      74797065 
 644      00
 645              	.LASF20:
 646 0130 6C776970 		.ascii	"lwip_ntohs\000"
 646      5F6E746F 
 646      687300
 647              	.LASF3:
 648 013b 73686F72 		.ascii	"short int\000"
 648      7420696E 
 648      7400
 649              	.LASF15:
 650 0145 6C776970 		.ascii	"lwip_htons\000"
 650      5F68746F 
 650      6E7300
 651              		.ident	"GCC: (crosstool-NG 1.17.0 - PSAS ST32F4 GFE) 4.7.2"
ARM GAS  /tmp/ccYRp0JW.s 			page 14


DEFINED SYMBOLS
                            *ABS*:0000000000000000 def.c
     /tmp/ccYRp0JW.s:21     .text.lwip_htons:0000000000000000 $t
     /tmp/ccYRp0JW.s:27     .text.lwip_htons:0000000000000000 lwip_htons
     /tmp/ccYRp0JW.s:47     .text.lwip_ntohs:0000000000000000 $t
     /tmp/ccYRp0JW.s:53     .text.lwip_ntohs:0000000000000000 lwip_ntohs
     /tmp/ccYRp0JW.s:76     .text.lwip_htonl:0000000000000000 $t
     /tmp/ccYRp0JW.s:82     .text.lwip_htonl:0000000000000000 lwip_htonl
     /tmp/ccYRp0JW.s:98     .text.lwip_ntohl:0000000000000000 $t
     /tmp/ccYRp0JW.s:104    .text.lwip_ntohl:0000000000000000 lwip_ntohl
                     .debug_frame:0000000000000010 $d

NO UNDEFINED SYMBOLS
