ARM GAS  /tmp/ccNfSJ1Y.s 			page 1


   1              		.syntax unified
   2              		.cpu cortex-m4
   3              		.eabi_attribute 27, 3
   4              		.eabi_attribute 28, 1
   5              		.fpu fpv4-sp-d16
   6              		.eabi_attribute 20, 1
   7              		.eabi_attribute 21, 1
   8              		.eabi_attribute 23, 3
   9              		.eabi_attribute 24, 1
  10              		.eabi_attribute 25, 1
  11              		.eabi_attribute 26, 1
  12              		.eabi_attribute 30, 2
  13              		.eabi_attribute 34, 1
  14              		.eabi_attribute 18, 4
  15              		.thumb
  16              		.file	"init.c"
  17              		.text
  18              	.Ltext0:
  19              		.cfi_sections	.debug_frame
  20              		.section	.text.lwip_init,"ax",%progbits
  21              		.align	2
  22              		.p2align 4,,15
  23              		.global	lwip_init
  24              		.thumb
  25              		.thumb_func
  26              		.type	lwip_init, %function
  27              	lwip_init:
  28              	.LFB7:
  29              		.file 1 "../../ext/lwip/src/core/init.c"
  30              		.loc 1 261 0
  31              		.cfi_startproc
  32              		@ args = 0, pretend = 0, frame = 0
  33              		@ frame_needed = 0, uses_anonymous_args = 0
  34 0000 08B5     		push	{r3, lr}
  35              	.LCFI0:
  36              		.cfi_def_cfa_offset 8
  37              		.cfi_offset 3, -8
  38              		.cfi_offset 14, -4
  39              		.loc 1 266 0
  40 0002 FFF7FEFF 		bl	stats_init
  41              	.LVL0:
  42              		.loc 1 268 0
  43 0006 FFF7FEFF 		bl	sys_init
  44              	.LVL1:
  45              		.loc 1 270 0
  46 000a FFF7FEFF 		bl	mem_init
  47              	.LVL2:
  48              		.loc 1 271 0
  49 000e FFF7FEFF 		bl	memp_init
  50              	.LVL3:
  51              		.loc 1 273 0
  52 0012 FFF7FEFF 		bl	netif_init
  53              	.LVL4:
  54              		.loc 1 275 0
  55 0016 FFF7FEFF 		bl	lwip_socket_init
  56              	.LVL5:
  57              		.loc 1 306 0
ARM GAS  /tmp/ccNfSJ1Y.s 			page 2


  58 001a BDE80840 		pop	{r3, lr}
  59              		.loc 1 304 0
  60 001e FFF7FEBF 		b	sys_timeouts_init
  61              	.LVL6:
  62              		.cfi_endproc
  63              	.LFE7:
  64              		.size	lwip_init, .-lwip_init
  65 0022 00BFAFF3 		.text
  65      0080AFF3 
  65      0080AFF3 
  65      0080
  66              	.Letext0:
  67              		.file 2 "../../ext/lwip/src/include/lwip/stats.h"
  68              		.file 3 "../../ext/lwip/src/include/lwip/sys.h"
  69              		.file 4 "../../ext/lwip/src/include/lwip/mem.h"
  70              		.file 5 "../../ext/lwip/src/include/lwip/memp.h"
  71              		.file 6 "../../ext/lwip/src/include/lwip/netif.h"
  72              		.file 7 "../../ext/lwip/src/include/lwip/sockets.h"
  73              		.file 8 "../../ext/lwip/src/include/lwip/timers.h"
  74              		.section	.debug_info,"",%progbits
  75              	.Ldebug_info0:
  76 0000 1D010000 		.4byte	0x11d
  77 0004 0200     		.2byte	0x2
  78 0006 00000000 		.4byte	.Ldebug_abbrev0
  79 000a 04       		.byte	0x4
  80 000b 01       		.uleb128 0x1
  81 000c 38000000 		.4byte	.LASF18
  82 0010 01       		.byte	0x1
  83 0011 DF000000 		.4byte	.LASF19
  84 0015 0A010000 		.4byte	.LASF20
  85 0019 00000000 		.4byte	.Ldebug_ranges0+0
  86 001d 00000000 		.4byte	0
  87 0021 00000000 		.4byte	0
  88 0025 00000000 		.4byte	.Ldebug_line0
  89 0029 02       		.uleb128 0x2
  90 002a 04       		.byte	0x4
  91 002b 05       		.byte	0x5
  92 002c 696E7400 		.ascii	"int\000"
  93 0030 03       		.uleb128 0x3
  94 0031 04       		.byte	0x4
  95 0032 07       		.byte	0x7
  96 0033 2B000000 		.4byte	.LASF0
  97 0037 03       		.uleb128 0x3
  98 0038 01       		.byte	0x1
  99 0039 06       		.byte	0x6
 100 003a FE000000 		.4byte	.LASF1
 101 003e 03       		.uleb128 0x3
 102 003f 01       		.byte	0x1
 103 0040 08       		.byte	0x8
 104 0041 9D000000 		.4byte	.LASF2
 105 0045 03       		.uleb128 0x3
 106 0046 02       		.byte	0x2
 107 0047 05       		.byte	0x5
 108 0048 C4000000 		.4byte	.LASF3
 109 004c 03       		.uleb128 0x3
 110 004d 02       		.byte	0x2
 111 004e 07       		.byte	0x7
ARM GAS  /tmp/ccNfSJ1Y.s 			page 3


 112 004f 0E000000 		.4byte	.LASF4
 113 0053 03       		.uleb128 0x3
 114 0054 04       		.byte	0x4
 115 0055 05       		.byte	0x5
 116 0056 BB000000 		.4byte	.LASF5
 117 005a 03       		.uleb128 0x3
 118 005b 04       		.byte	0x4
 119 005c 07       		.byte	0x7
 120 005d 44000000 		.4byte	.LASF6
 121 0061 03       		.uleb128 0x3
 122 0062 08       		.byte	0x8
 123 0063 05       		.byte	0x5
 124 0064 00000000 		.4byte	.LASF7
 125 0068 03       		.uleb128 0x3
 126 0069 08       		.byte	0x8
 127 006a 07       		.byte	0x7
 128 006b 56000000 		.4byte	.LASF8
 129 006f 03       		.uleb128 0x3
 130 0070 04       		.byte	0x4
 131 0071 07       		.byte	0x7
 132 0072 5D010000 		.4byte	.LASF9
 133 0076 03       		.uleb128 0x3
 134 0077 01       		.byte	0x1
 135 0078 08       		.byte	0x8
 136 0079 AB000000 		.4byte	.LASF10
 137 007d 04       		.uleb128 0x4
 138 007e 01       		.byte	0x1
 139 007f 76000000 		.4byte	.LASF21
 140 0083 01       		.byte	0x1
 141 0084 0401     		.2byte	0x104
 142 0086 01       		.byte	0x1
 143 0087 00000000 		.4byte	.LFB7
 144 008b 22000000 		.4byte	.LFE7
 145 008f 00000000 		.4byte	.LLST0
 146 0093 01       		.byte	0x1
 147 0094 D9000000 		.4byte	0xd9
 148 0098 05       		.uleb128 0x5
 149 0099 06000000 		.4byte	.LVL0
 150 009d D9000000 		.4byte	0xd9
 151 00a1 05       		.uleb128 0x5
 152 00a2 0A000000 		.4byte	.LVL1
 153 00a6 E3000000 		.4byte	0xe3
 154 00aa 05       		.uleb128 0x5
 155 00ab 0E000000 		.4byte	.LVL2
 156 00af ED000000 		.4byte	0xed
 157 00b3 05       		.uleb128 0x5
 158 00b4 12000000 		.4byte	.LVL3
 159 00b8 F7000000 		.4byte	0xf7
 160 00bc 05       		.uleb128 0x5
 161 00bd 16000000 		.4byte	.LVL4
 162 00c1 01010000 		.4byte	0x101
 163 00c5 05       		.uleb128 0x5
 164 00c6 1A000000 		.4byte	.LVL5
 165 00ca 0B010000 		.4byte	0x10b
 166 00ce 06       		.uleb128 0x6
 167 00cf 22000000 		.4byte	.LVL6
 168 00d3 01       		.byte	0x1
ARM GAS  /tmp/ccNfSJ1Y.s 			page 4


 169 00d4 16010000 		.4byte	0x116
 170 00d8 00       		.byte	0
 171 00d9 07       		.uleb128 0x7
 172 00da 01       		.byte	0x1
 173 00db 80000000 		.4byte	.LASF11
 174 00df 02       		.byte	0x2
 175 00e0 97       		.byte	0x97
 176 00e1 01       		.byte	0x1
 177 00e2 01       		.byte	0x1
 178 00e3 07       		.uleb128 0x7
 179 00e4 01       		.byte	0x1
 180 00e5 54010000 		.4byte	.LASF12
 181 00e9 03       		.byte	0x3
 182 00ea DF       		.byte	0xdf
 183 00eb 01       		.byte	0x1
 184 00ec 01       		.byte	0x1
 185 00ed 07       		.uleb128 0x7
 186 00ee 01       		.byte	0x1
 187 00ef 6D000000 		.4byte	.LASF13
 188 00f3 04       		.byte	0x4
 189 00f4 57       		.byte	0x57
 190 00f5 01       		.byte	0x1
 191 00f6 01       		.byte	0x1
 192 00f7 07       		.uleb128 0x7
 193 00f8 01       		.byte	0x1
 194 00f9 21000000 		.4byte	.LASF14
 195 00fd 05       		.byte	0x5
 196 00fe 64       		.byte	0x64
 197 00ff 01       		.byte	0x1
 198 0100 01       		.byte	0x1
 199 0101 07       		.uleb128 0x7
 200 0102 01       		.byte	0x1
 201 0103 B0000000 		.4byte	.LASF15
 202 0107 06       		.byte	0x6
 203 0108 FD       		.byte	0xfd
 204 0109 01       		.byte	0x1
 205 010a 01       		.byte	0x1
 206 010b 08       		.uleb128 0x8
 207 010c 01       		.byte	0x1
 208 010d CE000000 		.4byte	.LASF16
 209 0111 07       		.byte	0x7
 210 0112 3D01     		.2byte	0x13d
 211 0114 01       		.byte	0x1
 212 0115 01       		.byte	0x1
 213 0116 07       		.uleb128 0x7
 214 0117 01       		.byte	0x1
 215 0118 8B000000 		.4byte	.LASF17
 216 011c 08       		.byte	0x8
 217 011d 4B       		.byte	0x4b
 218 011e 01       		.byte	0x1
 219 011f 01       		.byte	0x1
 220 0120 00       		.byte	0
 221              		.section	.debug_abbrev,"",%progbits
 222              	.Ldebug_abbrev0:
 223 0000 01       		.uleb128 0x1
 224 0001 11       		.uleb128 0x11
 225 0002 01       		.byte	0x1
ARM GAS  /tmp/ccNfSJ1Y.s 			page 5


 226 0003 25       		.uleb128 0x25
 227 0004 0E       		.uleb128 0xe
 228 0005 13       		.uleb128 0x13
 229 0006 0B       		.uleb128 0xb
 230 0007 03       		.uleb128 0x3
 231 0008 0E       		.uleb128 0xe
 232 0009 1B       		.uleb128 0x1b
 233 000a 0E       		.uleb128 0xe
 234 000b 55       		.uleb128 0x55
 235 000c 06       		.uleb128 0x6
 236 000d 11       		.uleb128 0x11
 237 000e 01       		.uleb128 0x1
 238 000f 52       		.uleb128 0x52
 239 0010 01       		.uleb128 0x1
 240 0011 10       		.uleb128 0x10
 241 0012 06       		.uleb128 0x6
 242 0013 00       		.byte	0
 243 0014 00       		.byte	0
 244 0015 02       		.uleb128 0x2
 245 0016 24       		.uleb128 0x24
 246 0017 00       		.byte	0
 247 0018 0B       		.uleb128 0xb
 248 0019 0B       		.uleb128 0xb
 249 001a 3E       		.uleb128 0x3e
 250 001b 0B       		.uleb128 0xb
 251 001c 03       		.uleb128 0x3
 252 001d 08       		.uleb128 0x8
 253 001e 00       		.byte	0
 254 001f 00       		.byte	0
 255 0020 03       		.uleb128 0x3
 256 0021 24       		.uleb128 0x24
 257 0022 00       		.byte	0
 258 0023 0B       		.uleb128 0xb
 259 0024 0B       		.uleb128 0xb
 260 0025 3E       		.uleb128 0x3e
 261 0026 0B       		.uleb128 0xb
 262 0027 03       		.uleb128 0x3
 263 0028 0E       		.uleb128 0xe
 264 0029 00       		.byte	0
 265 002a 00       		.byte	0
 266 002b 04       		.uleb128 0x4
 267 002c 2E       		.uleb128 0x2e
 268 002d 01       		.byte	0x1
 269 002e 3F       		.uleb128 0x3f
 270 002f 0C       		.uleb128 0xc
 271 0030 03       		.uleb128 0x3
 272 0031 0E       		.uleb128 0xe
 273 0032 3A       		.uleb128 0x3a
 274 0033 0B       		.uleb128 0xb
 275 0034 3B       		.uleb128 0x3b
 276 0035 05       		.uleb128 0x5
 277 0036 27       		.uleb128 0x27
 278 0037 0C       		.uleb128 0xc
 279 0038 11       		.uleb128 0x11
 280 0039 01       		.uleb128 0x1
 281 003a 12       		.uleb128 0x12
 282 003b 01       		.uleb128 0x1
ARM GAS  /tmp/ccNfSJ1Y.s 			page 6


 283 003c 40       		.uleb128 0x40
 284 003d 06       		.uleb128 0x6
 285 003e 9742     		.uleb128 0x2117
 286 0040 0C       		.uleb128 0xc
 287 0041 01       		.uleb128 0x1
 288 0042 13       		.uleb128 0x13
 289 0043 00       		.byte	0
 290 0044 00       		.byte	0
 291 0045 05       		.uleb128 0x5
 292 0046 898201   		.uleb128 0x4109
 293 0049 00       		.byte	0
 294 004a 11       		.uleb128 0x11
 295 004b 01       		.uleb128 0x1
 296 004c 31       		.uleb128 0x31
 297 004d 13       		.uleb128 0x13
 298 004e 00       		.byte	0
 299 004f 00       		.byte	0
 300 0050 06       		.uleb128 0x6
 301 0051 898201   		.uleb128 0x4109
 302 0054 00       		.byte	0
 303 0055 11       		.uleb128 0x11
 304 0056 01       		.uleb128 0x1
 305 0057 9542     		.uleb128 0x2115
 306 0059 0C       		.uleb128 0xc
 307 005a 31       		.uleb128 0x31
 308 005b 13       		.uleb128 0x13
 309 005c 00       		.byte	0
 310 005d 00       		.byte	0
 311 005e 07       		.uleb128 0x7
 312 005f 2E       		.uleb128 0x2e
 313 0060 00       		.byte	0
 314 0061 3F       		.uleb128 0x3f
 315 0062 0C       		.uleb128 0xc
 316 0063 03       		.uleb128 0x3
 317 0064 0E       		.uleb128 0xe
 318 0065 3A       		.uleb128 0x3a
 319 0066 0B       		.uleb128 0xb
 320 0067 3B       		.uleb128 0x3b
 321 0068 0B       		.uleb128 0xb
 322 0069 27       		.uleb128 0x27
 323 006a 0C       		.uleb128 0xc
 324 006b 3C       		.uleb128 0x3c
 325 006c 0C       		.uleb128 0xc
 326 006d 00       		.byte	0
 327 006e 00       		.byte	0
 328 006f 08       		.uleb128 0x8
 329 0070 2E       		.uleb128 0x2e
 330 0071 00       		.byte	0
 331 0072 3F       		.uleb128 0x3f
 332 0073 0C       		.uleb128 0xc
 333 0074 03       		.uleb128 0x3
 334 0075 0E       		.uleb128 0xe
 335 0076 3A       		.uleb128 0x3a
 336 0077 0B       		.uleb128 0xb
 337 0078 3B       		.uleb128 0x3b
 338 0079 05       		.uleb128 0x5
 339 007a 27       		.uleb128 0x27
ARM GAS  /tmp/ccNfSJ1Y.s 			page 7


 340 007b 0C       		.uleb128 0xc
 341 007c 3C       		.uleb128 0x3c
 342 007d 0C       		.uleb128 0xc
 343 007e 00       		.byte	0
 344 007f 00       		.byte	0
 345 0080 00       		.byte	0
 346              		.section	.debug_loc,"",%progbits
 347              	.Ldebug_loc0:
 348              	.LLST0:
 349 0000 00000000 		.4byte	.LFB7
 350 0004 02000000 		.4byte	.LCFI0
 351 0008 0200     		.2byte	0x2
 352 000a 7D       		.byte	0x7d
 353 000b 00       		.sleb128 0
 354 000c 02000000 		.4byte	.LCFI0
 355 0010 22000000 		.4byte	.LFE7
 356 0014 0200     		.2byte	0x2
 357 0016 7D       		.byte	0x7d
 358 0017 08       		.sleb128 8
 359 0018 00000000 		.4byte	0
 360 001c 00000000 		.4byte	0
 361              		.section	.debug_aranges,"",%progbits
 362 0000 1C000000 		.4byte	0x1c
 363 0004 0200     		.2byte	0x2
 364 0006 00000000 		.4byte	.Ldebug_info0
 365 000a 04       		.byte	0x4
 366 000b 00       		.byte	0
 367 000c 0000     		.2byte	0
 368 000e 0000     		.2byte	0
 369 0010 00000000 		.4byte	.LFB7
 370 0014 22000000 		.4byte	.LFE7-.LFB7
 371 0018 00000000 		.4byte	0
 372 001c 00000000 		.4byte	0
 373              		.section	.debug_ranges,"",%progbits
 374              	.Ldebug_ranges0:
 375 0000 00000000 		.4byte	.LFB7
 376 0004 22000000 		.4byte	.LFE7
 377 0008 00000000 		.4byte	0
 378 000c 00000000 		.4byte	0
 379              		.section	.debug_line,"",%progbits
 380              	.Ldebug_line0:
 381 0000 C0000000 		.section	.debug_str,"MS",%progbits,1
 381      0200A000 
 381      00000201 
 381      FB0E0D00 
 381      01010101 
 382              	.LASF7:
 383 0000 6C6F6E67 		.ascii	"long long int\000"
 383      206C6F6E 
 383      6720696E 
 383      7400
 384              	.LASF4:
 385 000e 73686F72 		.ascii	"short unsigned int\000"
 385      7420756E 
 385      7369676E 
 385      65642069 
 385      6E7400
ARM GAS  /tmp/ccNfSJ1Y.s 			page 8


 386              	.LASF14:
 387 0021 6D656D70 		.ascii	"memp_init\000"
 387      5F696E69 
 387      7400
 388              	.LASF0:
 389 002b 756E7369 		.ascii	"unsigned int\000"
 389      676E6564 
 389      20696E74 
 389      00
 390              	.LASF18:
 391 0038 474E5520 		.ascii	"GNU C 4.7.2\000"
 391      4320342E 
 391      372E3200 
 392              	.LASF6:
 393 0044 6C6F6E67 		.ascii	"long unsigned int\000"
 393      20756E73 
 393      69676E65 
 393      6420696E 
 393      7400
 394              	.LASF8:
 395 0056 6C6F6E67 		.ascii	"long long unsigned int\000"
 395      206C6F6E 
 395      6720756E 
 395      7369676E 
 395      65642069 
 396              	.LASF13:
 397 006d 6D656D5F 		.ascii	"mem_init\000"
 397      696E6974 
 397      00
 398              	.LASF21:
 399 0076 6C776970 		.ascii	"lwip_init\000"
 399      5F696E69 
 399      7400
 400              	.LASF11:
 401 0080 73746174 		.ascii	"stats_init\000"
 401      735F696E 
 401      697400
 402              	.LASF17:
 403 008b 7379735F 		.ascii	"sys_timeouts_init\000"
 403      74696D65 
 403      6F757473 
 403      5F696E69 
 403      7400
 404              	.LASF2:
 405 009d 756E7369 		.ascii	"unsigned char\000"
 405      676E6564 
 405      20636861 
 405      7200
 406              	.LASF10:
 407 00ab 63686172 		.ascii	"char\000"
 407      00
 408              	.LASF15:
 409 00b0 6E657469 		.ascii	"netif_init\000"
 409      665F696E 
 409      697400
 410              	.LASF5:
 411 00bb 6C6F6E67 		.ascii	"long int\000"
ARM GAS  /tmp/ccNfSJ1Y.s 			page 9


 411      20696E74 
 411      00
 412              	.LASF3:
 413 00c4 73686F72 		.ascii	"short int\000"
 413      7420696E 
 413      7400
 414              	.LASF16:
 415 00ce 6C776970 		.ascii	"lwip_socket_init\000"
 415      5F736F63 
 415      6B65745F 
 415      696E6974 
 415      00
 416              	.LASF19:
 417 00df 2E2E2F2E 		.ascii	"../../ext/lwip/src/core/init.c\000"
 417      2E2F6578 
 417      742F6C77 
 417      69702F73 
 417      72632F63 
 418              	.LASF1:
 419 00fe 7369676E 		.ascii	"signed char\000"
 419      65642063 
 419      68617200 
 420              	.LASF20:
 421 010a 2F686F6D 		.ascii	"/home/kwilson/Sandbox/ChibiOS_2.5.1/demos/ARMCM4-ST"
 421      652F6B77 
 421      696C736F 
 421      6E2F5361 
 421      6E64626F 
 422 013d 4D333246 		.ascii	"M32F407-LWIP-FATFS-USB\000"
 422      3430372D 
 422      4C574950 
 422      2D464154 
 422      46532D55 
 423              	.LASF12:
 424 0154 7379735F 		.ascii	"sys_init\000"
 424      696E6974 
 424      00
 425              	.LASF9:
 426 015d 73697A65 		.ascii	"sizetype\000"
 426      74797065 
 426      00
 427              		.ident	"GCC: (crosstool-NG 1.17.0 - PSAS ST32F4 GFE) 4.7.2"
ARM GAS  /tmp/ccNfSJ1Y.s 			page 10


DEFINED SYMBOLS
                            *ABS*:0000000000000000 init.c
     /tmp/ccNfSJ1Y.s:21     .text.lwip_init:0000000000000000 $t
     /tmp/ccNfSJ1Y.s:27     .text.lwip_init:0000000000000000 lwip_init
                     .debug_frame:0000000000000010 $d

UNDEFINED SYMBOLS
stats_init
sys_init
mem_init
memp_init
netif_init
lwip_socket_init
sys_timeouts_init
