ARM GAS  /tmp/ccJlzhUl.s 			page 1


   1              		.syntax unified
   2              		.cpu cortex-m4
   3              		.eabi_attribute 27, 3
   4              		.eabi_attribute 28, 1
   5              		.fpu fpv4-sp-d16
   6              		.eabi_attribute 20, 1
   7              		.eabi_attribute 21, 1
   8              		.eabi_attribute 23, 3
   9              		.eabi_attribute 24, 1
  10              		.eabi_attribute 25, 1
  11              		.eabi_attribute 26, 1
  12              		.eabi_attribute 30, 2
  13              		.eabi_attribute 34, 1
  14              		.eabi_attribute 18, 4
  15              		.thumb
  16              		.file	"memp.c"
  17              		.text
  18              	.Ltext0:
  19              		.cfi_sections	.debug_frame
  20              		.section	.text.memp_init,"ax",%progbits
  21              		.align	2
  22              		.p2align 4,,15
  23              		.global	memp_init
  24              		.thumb
  25              		.thumb_func
  26              		.type	memp_init, %function
  27              	memp_init:
  28              	.LFB7:
  29              		.file 1 "../../ext/lwip/src/core/memp.c"
  30              		.loc 1 338 0
  31              		.cfi_startproc
  32              		@ args = 0, pretend = 0, frame = 0
  33              		@ frame_needed = 0, uses_anonymous_args = 0
  34              		@ link register save eliminated.
  35              	.LVL0:
  36 0000 214B     		ldr	r3, .L13
  37 0002 2249     		ldr	r1, .L13+4
  38 0004 2DE9F00F 		push	{r4, r5, r6, r7, r8, r9, sl, fp}
  39              	.LCFI0:
  40              		.cfi_def_cfa_offset 32
  41              		.cfi_offset 4, -32
  42              		.cfi_offset 5, -28
  43              		.cfi_offset 6, -24
  44              		.cfi_offset 7, -20
  45              		.cfi_offset 8, -16
  46              		.cfi_offset 9, -12
  47              		.cfi_offset 10, -8
  48              		.cfi_offset 11, -4
  49              		.loc 1 343 0
  50 0008 0022     		movs	r2, #0
  51              		.loc 1 337 0
  52 000a 03F18C04 		add	r4, r3, #140
  53              	.LVL1:
  54              	.L2:
  55              		.loc 1 346 0 discriminator 2
  56 000e 31F8020F 		ldrh	r0, [r1, #2]!
  57              		.loc 1 343 0 discriminator 2
ARM GAS  /tmp/ccJlzhUl.s 			page 2


  58 0012 A3F8B420 		strh	r2, [r3, #180]	@ movhi
  59              		.loc 1 344 0 discriminator 2
  60 0016 A3F8B620 		strh	r2, [r3, #182]	@ movhi
  61              		.loc 1 345 0 discriminator 2
  62 001a A3F8B820 		strh	r2, [r3, #184]	@ movhi
  63              		.loc 1 346 0 discriminator 2
  64 001e A3F8B200 		strh	r0, [r3, #178]	@ movhi
  65 0022 0A33     		adds	r3, r3, #10
  66              		.loc 1 342 0 discriminator 2
  67 0024 A342     		cmp	r3, r4
  68 0026 F2D1     		bne	.L2
  69 0028 194E     		ldr	r6, .L13+8
  70              		.loc 1 350 0
  71 002a 1A4F     		ldr	r7, .L13+12
  72 002c DFF86890 		ldr	r9, .L13+16
  73 0030 DFF868A0 		ldr	sl, .L13+20
  74              		.loc 1 337 0
  75 0034 0025     		movs	r5, #0
  76              		.loc 1 350 0
  77 0036 27F00307 		bic	r7, r7, #3
  78              	.LVL2:
  79              		.loc 1 337 0
  80 003a 06F13808 		add	r8, r6, #56
  81              		.loc 1 354 0
  82 003e AC46     		mov	ip, r5
  83              	.LVL3:
  84              	.L5:
  85              		.loc 1 359 0
  86 0040 39F80540 		ldrh	r4, [r9, r5]
  87              		.loc 1 354 0
  88 0044 46F804CB 		str	ip, [r6], #4
  89              	.LVL4:
  90              		.loc 1 359 0
  91 0048 BCB1     		cbz	r4, .L3
  92 004a 0021     		movs	r1, #0
  93 004c 35F80A00 		ldrh	r0, [r5, sl]
  94 0050 3B46     		mov	r3, r7
  95 0052 0A46     		mov	r2, r1
  96 0054 00E0     		b	.L4
  97              	.LVL5:
  98              	.L6:
  99              		.loc 1 362 0
 100 0056 5B46     		mov	r3, fp
 101              	.LVL6:
 102              	.L4:
 103              		.loc 1 359 0 discriminator 2
 104 0058 0132     		adds	r2, r2, #1
 105 005a 92B2     		uxth	r2, r2
 106 005c A242     		cmp	r2, r4
 107              		.loc 1 360 0 discriminator 2
 108 005e 1960     		str	r1, [r3, #0]
 109              		.loc 1 362 0 discriminator 2
 110 0060 03EB000B 		add	fp, r3, r0
 111              	.LVL7:
 112 0064 1946     		mov	r1, r3
 113              		.loc 1 359 0 discriminator 2
 114 0066 F6D1     		bne	.L6
ARM GAS  /tmp/ccJlzhUl.s 			page 3


 115              		.loc 1 337 0
 116 0068 013A     		subs	r2, r2, #1
 117              	.LVL8:
 118 006a 92B2     		uxth	r2, r2
 119              	.LVL9:
 120 006c 00FB0273 		mla	r3, r0, r2, r7
 121 0070 02FB0000 		mla	r0, r2, r0, r0
 122 0074 46F8043C 		str	r3, [r6, #-4]
 123              		.loc 1 362 0
 124 0078 3F18     		adds	r7, r7, r0
 125              	.LVL10:
 126              	.L3:
 127 007a 0235     		adds	r5, r5, #2
 128              		.loc 1 353 0
 129 007c 4645     		cmp	r6, r8
 130 007e DFD1     		bne	.L5
 131              		.loc 1 374 0
 132 0080 BDE8F00F 		pop	{r4, r5, r6, r7, r8, r9, sl, fp}
 133 0084 7047     		bx	lr
 134              	.L14:
 135 0086 00BF     		.align	2
 136              	.L13:
 137 0088 00000000 		.word	lwip_stats
 138 008c FEFFFFFF 		.word	.LANCHOR0-2
 139 0090 00000000 		.word	.LANCHOR2
 140 0094 03000000 		.word	.LANCHOR1+3
 141 0098 00000000 		.word	.LANCHOR0
 142 009c 00000000 		.word	.LANCHOR3
 143              		.cfi_endproc
 144              	.LFE7:
 145              		.size	memp_init, .-memp_init
 146              		.section	.text.memp_malloc,"ax",%progbits
 147              		.align	2
 148              		.p2align 4,,15
 149              		.global	memp_malloc
 150              		.thumb
 151              		.thumb_func
 152              		.type	memp_malloc, %function
 153              	memp_malloc:
 154              	.LFB8:
 155              		.loc 1 393 0
 156              		.cfi_startproc
 157              		@ args = 0, pretend = 0, frame = 0
 158              		@ frame_needed = 0, uses_anonymous_args = 0
 159              	.LVL11:
 160              		.loc 1 397 0
 161 0000 0D28     		cmp	r0, #13
 162              		.loc 1 393 0
 163 0002 38B5     		push	{r3, r4, r5, lr}
 164              	.LCFI1:
 165              		.cfi_def_cfa_offset 16
 166              		.cfi_offset 3, -16
 167              		.cfi_offset 4, -12
 168              		.cfi_offset 5, -8
 169              		.cfi_offset 14, -4
 170              		.loc 1 397 0
 171 0004 2BD8     		bhi	.L23
ARM GAS  /tmp/ccJlzhUl.s 			page 4


 172              		.loc 1 404 0
 173 0006 184A     		ldr	r2, .L25
 174 0008 52F82040 		ldr	r4, [r2, r0, lsl #2]
 175              	.LVL12:
 176              		.loc 1 406 0
 177 000c DCB1     		cbz	r4, .L18
 178              		.loc 1 413 0
 179 000e 174B     		ldr	r3, .L25+4
 180              		.loc 1 407 0
 181 0010 2168     		ldr	r1, [r4, #0]
 182              		.loc 1 413 0
 183 0012 00EB8005 		add	r5, r0, r0, lsl #2
 184 0016 03EB4503 		add	r3, r3, r5, lsl #1
 185              		.loc 1 407 0
 186 001a 42F82010 		str	r1, [r2, r0, lsl #2]
 187              		.loc 1 413 0
 188 001e B3F8B420 		ldrh	r2, [r3, #180]
 189 0022 B3F8B610 		ldrh	r1, [r3, #182]
 190 0026 0132     		adds	r2, r2, #1
 191 0028 92B2     		uxth	r2, r2
 192 002a 9142     		cmp	r1, r2
 193 002c A3F8B420 		strh	r2, [r3, #180]	@ movhi
 194 0030 38BF     		it	cc
 195 0032 A3F8B620 		strhcc	r2, [r3, #182]	@ movhi
 196              		.loc 1 414 0
 197 0036 A307     		lsls	r3, r4, #30
 198 0038 01D1     		bne	.L24
 199              	.LVL13:
 200              	.L17:
 201              		.loc 1 425 0
 202 003a 2046     		mov	r0, r4
 203 003c 38BD     		pop	{r3, r4, r5, pc}
 204              	.LVL14:
 205              	.L24:
 206              		.loc 1 414 0 discriminator 1
 207 003e FFF7FEFF 		bl	port_halt
 208              	.LVL15:
 209              		.loc 1 425 0 discriminator 1
 210 0042 2046     		mov	r0, r4
 211 0044 38BD     		pop	{r3, r4, r5, pc}
 212              	.LVL16:
 213              	.L18:
 214              		.loc 1 419 0
 215 0046 094B     		ldr	r3, .L25+4
 216 0048 00EB8000 		add	r0, r0, r0, lsl #2
 217              	.LVL17:
 218 004c 03EB4000 		add	r0, r3, r0, lsl #1
 219 0050 B0F8B830 		ldrh	r3, [r0, #184]
 220 0054 0133     		adds	r3, r3, #1
 221 0056 A0F8B830 		strh	r3, [r0, #184]	@ movhi
 222              		.loc 1 425 0
 223 005a 2046     		mov	r0, r4
 224 005c 38BD     		pop	{r3, r4, r5, pc}
 225              	.LVL18:
 226              	.L23:
 227              		.loc 1 397 0 discriminator 1
 228 005e FFF7FEFF 		bl	port_halt
ARM GAS  /tmp/ccJlzhUl.s 			page 5


 229              	.LVL19:
 230 0062 0024     		movs	r4, #0
 231 0064 E9E7     		b	.L17
 232              	.L26:
 233 0066 00BF     		.align	2
 234              	.L25:
 235 0068 00000000 		.word	.LANCHOR2
 236 006c 00000000 		.word	lwip_stats
 237              		.cfi_endproc
 238              	.LFE8:
 239              		.size	memp_malloc, .-memp_malloc
 240              		.section	.text.memp_free,"ax",%progbits
 241              		.align	2
 242              		.p2align 4,,15
 243              		.global	memp_free
 244              		.thumb
 245              		.thumb_func
 246              		.type	memp_free, %function
 247              	memp_free:
 248              	.LFB9:
 249              		.loc 1 435 0
 250              		.cfi_startproc
 251              		@ args = 0, pretend = 0, frame = 0
 252              		@ frame_needed = 0, uses_anonymous_args = 0
 253              	.LVL20:
 254 0000 38B5     		push	{r3, r4, r5, lr}
 255              	.LCFI2:
 256              		.cfi_def_cfa_offset 16
 257              		.cfi_offset 3, -16
 258              		.cfi_offset 4, -12
 259              		.cfi_offset 5, -8
 260              		.cfi_offset 14, -4
 261              		.loc 1 439 0
 262 0002 0C46     		mov	r4, r1
 263              		.loc 1 435 0
 264 0004 0546     		mov	r5, r0
 265              		.loc 1 439 0
 266 0006 89B1     		cbz	r1, .L27
 267              		.loc 1 442 0
 268 0008 8A07     		lsls	r2, r1, #30
 269 000a 10D1     		bne	.L36
 270              	.LVL21:
 271              	.L29:
 272              		.loc 1 457 0
 273 000c 094A     		ldr	r2, .L37
 274              		.loc 1 459 0
 275 000e 0A4B     		ldr	r3, .L37+4
 276              		.loc 1 457 0
 277 0010 05EB8501 		add	r1, r5, r5, lsl #2
 278 0014 02EB4102 		add	r2, r2, r1, lsl #1
 279              		.loc 1 459 0
 280 0018 53F82510 		ldr	r1, [r3, r5, lsl #2]
 281              		.loc 1 457 0
 282 001c B2F8B400 		ldrh	r0, [r2, #180]
 283 0020 0138     		subs	r0, r0, #1
 284 0022 A2F8B400 		strh	r0, [r2, #180]	@ movhi
 285              		.loc 1 459 0
ARM GAS  /tmp/ccJlzhUl.s 			page 6


 286 0026 2160     		str	r1, [r4, #0]
 287              		.loc 1 460 0
 288 0028 43F82540 		str	r4, [r3, r5, lsl #2]
 289              	.LVL22:
 290              	.L27:
 291 002c 38BD     		pop	{r3, r4, r5, pc}
 292              	.LVL23:
 293              	.L36:
 294              		.loc 1 442 0 discriminator 1
 295 002e FFF7FEFF 		bl	port_halt
 296              	.LVL24:
 297 0032 EBE7     		b	.L29
 298              	.L38:
 299              		.align	2
 300              	.L37:
 301 0034 00000000 		.word	lwip_stats
 302 0038 00000000 		.word	.LANCHOR2
 303              		.cfi_endproc
 304              	.LFE9:
 305              		.size	memp_free, .-memp_free
 306 003c AFF30080 		.section	.rodata.memp_num,"a",%progbits
 307              		.align	2
 308              		.set	.LANCHOR0,. + 0
 309              		.type	memp_num, %object
 310              		.size	memp_num, 28
 311              	memp_num:
 312 0000 0400     		.short	4
 313 0002 0400     		.short	4
 314 0004 0500     		.short	5
 315 0006 0800     		.short	8
 316 0008 1000     		.short	16
 317 000a 0500     		.short	5
 318 000c 0F00     		.short	15
 319 000e 0200     		.short	2
 320 0010 0400     		.short	4
 321 0012 0800     		.short	8
 322 0014 0800     		.short	8
 323 0016 0300     		.short	3
 324 0018 1000     		.short	16
 325 001a 1000     		.short	16
 326              		.section	.bss.memp_memory,"aw",%nobits
 327              		.align	2
 328              		.set	.LANCHOR1,. + 0
 329              		.type	memp_memory, %object
 330              		.size	memp_memory, 12655
 331              	memp_memory:
 332 0000 00000000 		.space	12655
 332      00000000 
 332      00000000 
 332      00000000 
 332      00000000 
 333 316f 00       		.section	.bss.memp_tab,"aw",%nobits
 334              		.align	2
 335              		.set	.LANCHOR2,. + 0
 336              		.type	memp_tab, %object
 337              		.size	memp_tab, 56
 338              	memp_tab:
ARM GAS  /tmp/ccJlzhUl.s 			page 7


 339 0000 00000000 		.space	56
 339      00000000 
 339      00000000 
 339      00000000 
 339      00000000 
 340              		.section	.rodata.memp_sizes,"a",%progbits
 341              		.align	2
 342              		.set	.LANCHOR3,. + 0
 343              		.type	memp_sizes, %object
 344              		.size	memp_sizes, 28
 345              	memp_sizes:
 346 0000 1C00     		.short	28
 347 0002 2000     		.short	32
 348 0004 A400     		.short	164
 349 0006 2000     		.short	32
 350 0008 1000     		.short	16
 351 000a 2000     		.short	32
 352 000c 1800     		.short	24
 353 000e 1000     		.short	16
 354 0010 2C00     		.short	44
 355 0012 1400     		.short	20
 356 0014 1400     		.short	20
 357 0016 1000     		.short	16
 358 0018 1000     		.short	16
 359 001a 6002     		.short	608
 360              		.text
 361              	.Letext0:
 362              		.file 2 "/opt/psas/x-tools/stm32f407/arm-psas-eabi/bin/../lib/gcc/arm-psas-eabi/4.7.2/../../../../
 363              		.file 3 "../../os/various/lwip_bindings/arch/cc.h"
 364              		.file 4 "../../ext/lwip/src/include/lwip/memp.h"
 365              		.file 5 "../../ext/lwip/src/include/lwip/mem.h"
 366              		.file 6 "../../ext/lwip/src/include/lwip/stats.h"
 367              		.file 7 "../../os/ports/GCC/ARMCMx/chcore_v7m.h"
 368              		.section	.debug_info,"",%progbits
 369              	.Ldebug_info0:
 370 0000 00050000 		.4byte	0x500
 371 0004 0200     		.2byte	0x2
 372 0006 00000000 		.4byte	.Ldebug_abbrev0
 373 000a 04       		.byte	0x4
 374 000b 01       		.uleb128 0x1
 375 000c EB010000 		.4byte	.LASF67
 376 0010 01       		.byte	0x1
 377 0011 83020000 		.4byte	.LASF68
 378 0015 05010000 		.4byte	.LASF69
 379 0019 00000000 		.4byte	.Ldebug_ranges0+0
 380 001d 00000000 		.4byte	0
 381 0021 00000000 		.4byte	0
 382 0025 00000000 		.4byte	.Ldebug_line0
 383 0029 02       		.uleb128 0x2
 384 002a 04       		.byte	0x4
 385 002b 05       		.byte	0x5
 386 002c 696E7400 		.ascii	"int\000"
 387 0030 03       		.uleb128 0x3
 388 0031 04       		.byte	0x4
 389 0032 07       		.byte	0x7
 390 0033 11030000 		.4byte	.LASF0
 391 0037 03       		.uleb128 0x3
ARM GAS  /tmp/ccJlzhUl.s 			page 8


 392 0038 01       		.byte	0x1
 393 0039 06       		.byte	0x6
 394 003a A5010000 		.4byte	.LASF1
 395 003e 04       		.uleb128 0x4
 396 003f C4000000 		.4byte	.LASF4
 397 0043 02       		.byte	0x2
 398 0044 2A       		.byte	0x2a
 399 0045 49000000 		.4byte	0x49
 400 0049 03       		.uleb128 0x3
 401 004a 01       		.byte	0x1
 402 004b 08       		.byte	0x8
 403 004c 8E010000 		.4byte	.LASF2
 404 0050 03       		.uleb128 0x3
 405 0051 02       		.byte	0x2
 406 0052 05       		.byte	0x5
 407 0053 2E000000 		.4byte	.LASF3
 408 0057 04       		.uleb128 0x4
 409 0058 D7010000 		.4byte	.LASF5
 410 005c 02       		.byte	0x2
 411 005d 36       		.byte	0x36
 412 005e 62000000 		.4byte	0x62
 413 0062 03       		.uleb128 0x3
 414 0063 02       		.byte	0x2
 415 0064 07       		.byte	0x7
 416 0065 04020000 		.4byte	.LASF6
 417 0069 03       		.uleb128 0x3
 418 006a 04       		.byte	0x4
 419 006b 05       		.byte	0x5
 420 006c 4F010000 		.4byte	.LASF7
 421 0070 04       		.uleb128 0x4
 422 0071 E9000000 		.4byte	.LASF8
 423 0075 02       		.byte	0x2
 424 0076 50       		.byte	0x50
 425 0077 7B000000 		.4byte	0x7b
 426 007b 03       		.uleb128 0x3
 427 007c 04       		.byte	0x4
 428 007d 07       		.byte	0x7
 429 007e 71020000 		.4byte	.LASF9
 430 0082 03       		.uleb128 0x3
 431 0083 08       		.byte	0x8
 432 0084 05       		.byte	0x5
 433 0085 F7000000 		.4byte	.LASF10
 434 0089 03       		.uleb128 0x3
 435 008a 08       		.byte	0x8
 436 008b 07       		.byte	0x7
 437 008c BB010000 		.4byte	.LASF11
 438 0090 05       		.uleb128 0x5
 439 0091 04       		.byte	0x4
 440 0092 03       		.uleb128 0x3
 441 0093 04       		.byte	0x4
 442 0094 07       		.byte	0x7
 443 0095 58000000 		.4byte	.LASF12
 444 0099 03       		.uleb128 0x3
 445 009a 01       		.byte	0x1
 446 009b 08       		.byte	0x8
 447 009c 26020000 		.4byte	.LASF13
 448 00a0 04       		.uleb128 0x4
ARM GAS  /tmp/ccJlzhUl.s 			page 9


 449 00a1 BA020000 		.4byte	.LASF14
 450 00a5 03       		.byte	0x3
 451 00a6 3C       		.byte	0x3c
 452 00a7 3E000000 		.4byte	0x3e
 453 00ab 04       		.uleb128 0x4
 454 00ac BF020000 		.4byte	.LASF15
 455 00b0 03       		.byte	0x3
 456 00b1 3E       		.byte	0x3e
 457 00b2 57000000 		.4byte	0x57
 458 00b6 04       		.uleb128 0x4
 459 00b7 93000000 		.4byte	.LASF16
 460 00bb 03       		.byte	0x3
 461 00bc 42       		.byte	0x42
 462 00bd 70000000 		.4byte	0x70
 463 00c1 06       		.uleb128 0x6
 464 00c2 01       		.byte	0x1
 465 00c3 04       		.byte	0x4
 466 00c4 2B       		.byte	0x2b
 467 00c5 24010000 		.4byte	0x124
 468 00c9 07       		.uleb128 0x7
 469 00ca A7020000 		.4byte	.LASF17
 470 00ce 00       		.sleb128 0
 471 00cf 07       		.uleb128 0x7
 472 00d0 61000000 		.4byte	.LASF18
 473 00d4 01       		.sleb128 1
 474 00d5 07       		.uleb128 0x7
 475 00d6 EC020000 		.4byte	.LASF19
 476 00da 02       		.sleb128 2
 477 00db 07       		.uleb128 0x7
 478 00dc D5000000 		.4byte	.LASF20
 479 00e0 03       		.sleb128 3
 480 00e1 07       		.uleb128 0x7
 481 00e2 3F000000 		.4byte	.LASF21
 482 00e6 04       		.sleb128 4
 483 00e7 07       		.uleb128 0x7
 484 00e8 17020000 		.4byte	.LASF22
 485 00ec 05       		.sleb128 5
 486 00ed 07       		.uleb128 0x7
 487 00ee B5000000 		.4byte	.LASF23
 488 00f2 06       		.sleb128 6
 489 00f3 07       		.uleb128 0x7
 490 00f4 31030000 		.4byte	.LASF24
 491 00f8 07       		.sleb128 7
 492 00f9 07       		.uleb128 0x7
 493 00fa DF020000 		.4byte	.LASF25
 494 00fe 08       		.sleb128 8
 495 00ff 07       		.uleb128 0x7
 496 0100 2B020000 		.4byte	.LASF26
 497 0104 09       		.sleb128 9
 498 0105 07       		.uleb128 0x7
 499 0106 79010000 		.4byte	.LASF27
 500 010a 0A       		.sleb128 10
 501 010b 07       		.uleb128 0x7
 502 010c A4000000 		.4byte	.LASF28
 503 0110 0B       		.sleb128 11
 504 0111 07       		.uleb128 0x7
 505 0112 59020000 		.4byte	.LASF29
ARM GAS  /tmp/ccJlzhUl.s 			page 10


 506 0116 0C       		.sleb128 12
 507 0117 07       		.uleb128 0x7
 508 0118 C5020000 		.4byte	.LASF30
 509 011c 0D       		.sleb128 13
 510 011d 07       		.uleb128 0x7
 511 011e 9C010000 		.4byte	.LASF31
 512 0122 0E       		.sleb128 14
 513 0123 00       		.byte	0
 514 0124 04       		.uleb128 0x4
 515 0125 38000000 		.4byte	.LASF32
 516 0129 04       		.byte	0x4
 517 012a 2F       		.byte	0x2f
 518 012b C1000000 		.4byte	0xc1
 519 012f 04       		.uleb128 0x4
 520 0130 62010000 		.4byte	.LASF33
 521 0134 05       		.byte	0x5
 522 0135 4B       		.byte	0x4b
 523 0136 AB000000 		.4byte	0xab
 524 013a 08       		.uleb128 0x8
 525 013b 4C000000 		.4byte	.LASF44
 526 013f 18       		.byte	0x18
 527 0140 06       		.byte	0x6
 528 0141 3A       		.byte	0x3a
 529 0142 EE010000 		.4byte	0x1ee
 530 0146 09       		.uleb128 0x9
 531 0147 7A000000 		.4byte	.LASF34
 532 014b 06       		.byte	0x6
 533 014c 3B       		.byte	0x3b
 534 014d AB000000 		.4byte	0xab
 535 0151 02       		.byte	0x2
 536 0152 23       		.byte	0x23
 537 0153 00       		.uleb128 0
 538 0154 09       		.uleb128 0x9
 539 0155 0C030000 		.4byte	.LASF35
 540 0159 06       		.byte	0x6
 541 015a 3C       		.byte	0x3c
 542 015b AB000000 		.4byte	0xab
 543 015f 02       		.byte	0x2
 544 0160 23       		.byte	0x23
 545 0161 02       		.uleb128 0x2
 546 0162 0A       		.uleb128 0xa
 547 0163 667700   		.ascii	"fw\000"
 548 0166 06       		.byte	0x6
 549 0167 3D       		.byte	0x3d
 550 0168 AB000000 		.4byte	0xab
 551 016c 02       		.byte	0x2
 552 016d 23       		.byte	0x23
 553 016e 04       		.uleb128 0x4
 554 016f 09       		.uleb128 0x9
 555 0170 74010000 		.4byte	.LASF36
 556 0174 06       		.byte	0x6
 557 0175 3E       		.byte	0x3e
 558 0176 AB000000 		.4byte	0xab
 559 017a 02       		.byte	0x2
 560 017b 23       		.byte	0x23
 561 017c 06       		.uleb128 0x6
 562 017d 09       		.uleb128 0x9
ARM GAS  /tmp/ccJlzhUl.s 			page 11


 563 017e 10000000 		.4byte	.LASF37
 564 0182 06       		.byte	0x6
 565 0183 3F       		.byte	0x3f
 566 0184 AB000000 		.4byte	0xab
 567 0188 02       		.byte	0x2
 568 0189 23       		.byte	0x23
 569 018a 08       		.uleb128 0x8
 570 018b 09       		.uleb128 0x9
 571 018c 9D000000 		.4byte	.LASF38
 572 0190 06       		.byte	0x6
 573 0191 40       		.byte	0x40
 574 0192 AB000000 		.4byte	0xab
 575 0196 02       		.byte	0x2
 576 0197 23       		.byte	0x23
 577 0198 0A       		.uleb128 0xa
 578 0199 09       		.uleb128 0x9
 579 019a 6D010000 		.4byte	.LASF39
 580 019e 06       		.byte	0x6
 581 019f 41       		.byte	0x41
 582 01a0 AB000000 		.4byte	0xab
 583 01a4 02       		.byte	0x2
 584 01a5 23       		.byte	0x23
 585 01a6 0C       		.uleb128 0xc
 586 01a7 09       		.uleb128 0x9
 587 01a8 B4020000 		.4byte	.LASF40
 588 01ac 06       		.byte	0x6
 589 01ad 42       		.byte	0x42
 590 01ae AB000000 		.4byte	0xab
 591 01b2 02       		.byte	0x2
 592 01b3 23       		.byte	0x23
 593 01b4 0E       		.uleb128 0xe
 594 01b5 09       		.uleb128 0x9
 595 01b6 49020000 		.4byte	.LASF41
 596 01ba 06       		.byte	0x6
 597 01bb 43       		.byte	0x43
 598 01bc AB000000 		.4byte	0xab
 599 01c0 02       		.byte	0x2
 600 01c1 23       		.byte	0x23
 601 01c2 10       		.uleb128 0x10
 602 01c3 09       		.uleb128 0x9
 603 01c4 F7010000 		.4byte	.LASF42
 604 01c8 06       		.byte	0x6
 605 01c9 44       		.byte	0x44
 606 01ca AB000000 		.4byte	0xab
 607 01ce 02       		.byte	0x2
 608 01cf 23       		.byte	0x23
 609 01d0 12       		.uleb128 0x12
 610 01d1 0A       		.uleb128 0xa
 611 01d2 65727200 		.ascii	"err\000"
 612 01d6 06       		.byte	0x6
 613 01d7 45       		.byte	0x45
 614 01d8 AB000000 		.4byte	0xab
 615 01dc 02       		.byte	0x2
 616 01dd 23       		.byte	0x23
 617 01de 14       		.uleb128 0x14
 618 01df 09       		.uleb128 0x9
 619 01e0 CC000000 		.4byte	.LASF43
ARM GAS  /tmp/ccJlzhUl.s 			page 12


 620 01e4 06       		.byte	0x6
 621 01e5 46       		.byte	0x46
 622 01e6 AB000000 		.4byte	0xab
 623 01ea 02       		.byte	0x2
 624 01eb 23       		.byte	0x23
 625 01ec 16       		.uleb128 0x16
 626 01ed 00       		.byte	0
 627 01ee 08       		.uleb128 0x8
 628 01ef 89000000 		.4byte	.LASF45
 629 01f3 0A       		.byte	0xa
 630 01f4 06       		.byte	0x6
 631 01f5 5A       		.byte	0x5a
 632 01f6 41020000 		.4byte	0x241
 633 01fa 09       		.uleb128 0x9
 634 01fb D9020000 		.4byte	.LASF46
 635 01ff 06       		.byte	0x6
 636 0200 5E       		.byte	0x5e
 637 0201 2F010000 		.4byte	0x12f
 638 0205 02       		.byte	0x2
 639 0206 23       		.byte	0x23
 640 0207 00       		.uleb128 0
 641 0208 09       		.uleb128 0x9
 642 0209 D4020000 		.4byte	.LASF47
 643 020d 06       		.byte	0x6
 644 020e 5F       		.byte	0x5f
 645 020f 2F010000 		.4byte	0x12f
 646 0213 02       		.byte	0x2
 647 0214 23       		.byte	0x23
 648 0215 02       		.uleb128 0x2
 649 0216 0A       		.uleb128 0xa
 650 0217 6D617800 		.ascii	"max\000"
 651 021b 06       		.byte	0x6
 652 021c 60       		.byte	0x60
 653 021d 2F010000 		.4byte	0x12f
 654 0221 02       		.byte	0x2
 655 0222 23       		.byte	0x23
 656 0223 04       		.uleb128 0x4
 657 0224 0A       		.uleb128 0xa
 658 0225 65727200 		.ascii	"err\000"
 659 0229 06       		.byte	0x6
 660 022a 61       		.byte	0x61
 661 022b AB000000 		.4byte	0xab
 662 022f 02       		.byte	0x2
 663 0230 23       		.byte	0x23
 664 0231 06       		.uleb128 0x6
 665 0232 09       		.uleb128 0x9
 666 0233 51020000 		.4byte	.LASF48
 667 0237 06       		.byte	0x6
 668 0238 62       		.byte	0x62
 669 0239 AB000000 		.4byte	0xab
 670 023d 02       		.byte	0x2
 671 023e 23       		.byte	0x23
 672 023f 08       		.uleb128 0x8
 673 0240 00       		.byte	0
 674 0241 08       		.uleb128 0x8
 675 0242 63020000 		.4byte	.LASF49
 676 0246 06       		.byte	0x6
ARM GAS  /tmp/ccJlzhUl.s 			page 13


 677 0247 06       		.byte	0x6
 678 0248 65       		.byte	0x65
 679 0249 78020000 		.4byte	0x278
 680 024d 09       		.uleb128 0x9
 681 024e D4020000 		.4byte	.LASF47
 682 0252 06       		.byte	0x6
 683 0253 66       		.byte	0x66
 684 0254 AB000000 		.4byte	0xab
 685 0258 02       		.byte	0x2
 686 0259 23       		.byte	0x23
 687 025a 00       		.uleb128 0
 688 025b 0A       		.uleb128 0xa
 689 025c 6D617800 		.ascii	"max\000"
 690 0260 06       		.byte	0x6
 691 0261 67       		.byte	0x67
 692 0262 AB000000 		.4byte	0xab
 693 0266 02       		.byte	0x2
 694 0267 23       		.byte	0x23
 695 0268 02       		.uleb128 0x2
 696 0269 0A       		.uleb128 0xa
 697 026a 65727200 		.ascii	"err\000"
 698 026e 06       		.byte	0x6
 699 026f 68       		.byte	0x68
 700 0270 AB000000 		.4byte	0xab
 701 0274 02       		.byte	0x2
 702 0275 23       		.byte	0x23
 703 0276 04       		.uleb128 0x4
 704 0277 00       		.byte	0
 705 0278 08       		.uleb128 0x8
 706 0279 B1010000 		.4byte	.LASF50
 707 027d 12       		.byte	0x12
 708 027e 06       		.byte	0x6
 709 027f 6B       		.byte	0x6b
 710 0280 AF020000 		.4byte	0x2af
 711 0284 0A       		.uleb128 0xa
 712 0285 73656D00 		.ascii	"sem\000"
 713 0289 06       		.byte	0x6
 714 028a 6C       		.byte	0x6c
 715 028b 41020000 		.4byte	0x241
 716 028f 02       		.byte	0x2
 717 0290 23       		.byte	0x23
 718 0291 00       		.uleb128 0
 719 0292 09       		.uleb128 0x9
 720 0293 FE010000 		.4byte	.LASF51
 721 0297 06       		.byte	0x6
 722 0298 6D       		.byte	0x6d
 723 0299 41020000 		.4byte	0x241
 724 029d 02       		.byte	0x2
 725 029e 23       		.byte	0x23
 726 029f 06       		.uleb128 0x6
 727 02a0 09       		.uleb128 0x9
 728 02a1 21000000 		.4byte	.LASF52
 729 02a5 06       		.byte	0x6
 730 02a6 6E       		.byte	0x6e
 731 02a7 41020000 		.4byte	0x241
 732 02ab 02       		.byte	0x2
 733 02ac 23       		.byte	0x23
ARM GAS  /tmp/ccJlzhUl.s 			page 14


 734 02ad 0C       		.uleb128 0xc
 735 02ae 00       		.byte	0
 736 02af 0B       		.uleb128 0xb
 737 02b0 00000000 		.4byte	.LASF53
 738 02b4 5001     		.2byte	0x150
 739 02b6 06       		.byte	0x6
 740 02b7 71       		.byte	0x71
 741 02b8 4C030000 		.4byte	0x34c
 742 02bc 09       		.uleb128 0x9
 743 02bd F2000000 		.4byte	.LASF54
 744 02c1 06       		.byte	0x6
 745 02c2 73       		.byte	0x73
 746 02c3 3A010000 		.4byte	0x13a
 747 02c7 02       		.byte	0x2
 748 02c8 23       		.byte	0x23
 749 02c9 00       		.uleb128 0
 750 02ca 09       		.uleb128 0x9
 751 02cb F9020000 		.4byte	.LASF55
 752 02cf 06       		.byte	0x6
 753 02d0 76       		.byte	0x76
 754 02d1 3A010000 		.4byte	0x13a
 755 02d5 02       		.byte	0x2
 756 02d6 23       		.byte	0x23
 757 02d7 18       		.uleb128 0x18
 758 02d8 09       		.uleb128 0x9
 759 02d9 26000000 		.4byte	.LASF56
 760 02dd 06       		.byte	0x6
 761 02de 79       		.byte	0x79
 762 02df 3A010000 		.4byte	0x13a
 763 02e3 02       		.byte	0x2
 764 02e4 23       		.byte	0x23
 765 02e5 30       		.uleb128 0x30
 766 02e6 0A       		.uleb128 0xa
 767 02e7 697000   		.ascii	"ip\000"
 768 02ea 06       		.byte	0x6
 769 02eb 7C       		.byte	0x7c
 770 02ec 3A010000 		.4byte	0x13a
 771 02f0 02       		.byte	0x2
 772 02f1 23       		.byte	0x23
 773 02f2 48       		.uleb128 0x48
 774 02f3 09       		.uleb128 0x9
 775 02f4 27030000 		.4byte	.LASF57
 776 02f8 06       		.byte	0x6
 777 02f9 7F       		.byte	0x7f
 778 02fa 3A010000 		.4byte	0x13a
 779 02fe 02       		.byte	0x2
 780 02ff 23       		.byte	0x23
 781 0300 60       		.uleb128 0x60
 782 0301 0A       		.uleb128 0xa
 783 0302 75647000 		.ascii	"udp\000"
 784 0306 06       		.byte	0x6
 785 0307 85       		.byte	0x85
 786 0308 3A010000 		.4byte	0x13a
 787 030c 02       		.byte	0x2
 788 030d 23       		.byte	0x23
 789 030e 78       		.uleb128 0x78
 790 030f 0A       		.uleb128 0xa
ARM GAS  /tmp/ccJlzhUl.s 			page 15


 791 0310 74637000 		.ascii	"tcp\000"
 792 0314 06       		.byte	0x6
 793 0315 88       		.byte	0x88
 794 0316 3A010000 		.4byte	0x13a
 795 031a 03       		.byte	0x3
 796 031b 23       		.byte	0x23
 797 031c 9001     		.uleb128 0x90
 798 031e 0A       		.uleb128 0xa
 799 031f 6D656D00 		.ascii	"mem\000"
 800 0323 06       		.byte	0x6
 801 0324 8B       		.byte	0x8b
 802 0325 EE010000 		.4byte	0x1ee
 803 0329 03       		.byte	0x3
 804 032a 23       		.byte	0x23
 805 032b A801     		.uleb128 0xa8
 806 032d 09       		.uleb128 0x9
 807 032e A2020000 		.4byte	.LASF58
 808 0332 06       		.byte	0x6
 809 0333 8E       		.byte	0x8e
 810 0334 4C030000 		.4byte	0x34c
 811 0338 03       		.byte	0x3
 812 0339 23       		.byte	0x23
 813 033a B201     		.uleb128 0xb2
 814 033c 0A       		.uleb128 0xa
 815 033d 73797300 		.ascii	"sys\000"
 816 0341 06       		.byte	0x6
 817 0342 91       		.byte	0x91
 818 0343 78020000 		.4byte	0x278
 819 0347 03       		.byte	0x3
 820 0348 23       		.byte	0x23
 821 0349 BE02     		.uleb128 0x13e
 822 034b 00       		.byte	0
 823 034c 0C       		.uleb128 0xc
 824 034d EE010000 		.4byte	0x1ee
 825 0351 5C030000 		.4byte	0x35c
 826 0355 0D       		.uleb128 0xd
 827 0356 92000000 		.4byte	0x92
 828 035a 0D       		.byte	0xd
 829 035b 00       		.byte	0
 830 035c 08       		.uleb128 0x8
 831 035d A2020000 		.4byte	.LASF58
 832 0361 04       		.byte	0x4
 833 0362 01       		.byte	0x1
 834 0363 42       		.byte	0x42
 835 0364 77030000 		.4byte	0x377
 836 0368 09       		.uleb128 0x9
 837 0369 2C030000 		.4byte	.LASF59
 838 036d 01       		.byte	0x1
 839 036e 43       		.byte	0x43
 840 036f 77030000 		.4byte	0x377
 841 0373 02       		.byte	0x2
 842 0374 23       		.byte	0x23
 843 0375 00       		.uleb128 0
 844 0376 00       		.byte	0
 845 0377 0E       		.uleb128 0xe
 846 0378 04       		.byte	0x4
 847 0379 5C030000 		.4byte	0x35c
ARM GAS  /tmp/ccJlzhUl.s 			page 16


 848 037d 0F       		.uleb128 0xf
 849 037e 01       		.byte	0x1
 850 037f 58010000 		.4byte	.LASF60
 851 0383 01       		.byte	0x1
 852 0384 5101     		.2byte	0x151
 853 0386 01       		.byte	0x1
 854 0387 00000000 		.4byte	.LFB7
 855 038b A0000000 		.4byte	.LFE7
 856 038f 00000000 		.4byte	.LLST0
 857 0393 01       		.byte	0x1
 858 0394 C5030000 		.4byte	0x3c5
 859 0398 10       		.uleb128 0x10
 860 0399 A2020000 		.4byte	.LASF58
 861 039d 01       		.byte	0x1
 862 039e 5301     		.2byte	0x153
 863 03a0 77030000 		.4byte	0x377
 864 03a4 20000000 		.4byte	.LLST1
 865 03a8 11       		.uleb128 0x11
 866 03a9 6900     		.ascii	"i\000"
 867 03ab 01       		.byte	0x1
 868 03ac 5401     		.2byte	0x154
 869 03ae AB000000 		.4byte	0xab
 870 03b2 5F000000 		.4byte	.LLST2
 871 03b6 11       		.uleb128 0x11
 872 03b7 6A00     		.ascii	"j\000"
 873 03b9 01       		.byte	0x1
 874 03ba 5401     		.2byte	0x154
 875 03bc AB000000 		.4byte	0xab
 876 03c0 7F000000 		.4byte	.LLST3
 877 03c4 00       		.byte	0
 878 03c5 12       		.uleb128 0x12
 879 03c6 01       		.byte	0x1
 880 03c7 00030000 		.4byte	.LASF70
 881 03cb 01       		.byte	0x1
 882 03cc 8501     		.2byte	0x185
 883 03ce 01       		.byte	0x1
 884 03cf 90000000 		.4byte	0x90
 885 03d3 00000000 		.4byte	.LFB8
 886 03d7 70000000 		.4byte	.LFE8
 887 03db B6000000 		.4byte	.LLST4
 888 03df 01       		.byte	0x1
 889 03e0 17040000 		.4byte	0x417
 890 03e4 13       		.uleb128 0x13
 891 03e5 D2010000 		.4byte	.LASF62
 892 03e9 01       		.byte	0x1
 893 03ea 8501     		.2byte	0x185
 894 03ec 24010000 		.4byte	0x124
 895 03f0 D6000000 		.4byte	.LLST5
 896 03f4 10       		.uleb128 0x10
 897 03f5 A2020000 		.4byte	.LASF58
 898 03f9 01       		.byte	0x1
 899 03fa 8A01     		.2byte	0x18a
 900 03fc 77030000 		.4byte	0x377
 901 0400 42010000 		.4byte	.LLST6
 902 0404 14       		.uleb128 0x14
 903 0405 42000000 		.4byte	.LVL15
 904 0409 F8040000 		.4byte	0x4f8
ARM GAS  /tmp/ccJlzhUl.s 			page 17


 905 040d 14       		.uleb128 0x14
 906 040e 62000000 		.4byte	.LVL19
 907 0412 F8040000 		.4byte	0x4f8
 908 0416 00       		.byte	0
 909 0417 0F       		.uleb128 0xf
 910 0418 01       		.byte	0x1
 911 0419 17000000 		.4byte	.LASF61
 912 041d 01       		.byte	0x1
 913 041e B201     		.2byte	0x1b2
 914 0420 01       		.byte	0x1
 915 0421 00000000 		.4byte	.LFB9
 916 0425 3C000000 		.4byte	.LFE9
 917 0429 60010000 		.4byte	.LLST7
 918 042d 01       		.byte	0x1
 919 042e 6C040000 		.4byte	0x46c
 920 0432 13       		.uleb128 0x13
 921 0433 D2010000 		.4byte	.LASF62
 922 0437 01       		.byte	0x1
 923 0438 B201     		.2byte	0x1b2
 924 043a 24010000 		.4byte	0x124
 925 043e 80010000 		.4byte	.LLST8
 926 0442 15       		.uleb128 0x15
 927 0443 6D656D00 		.ascii	"mem\000"
 928 0447 01       		.byte	0x1
 929 0448 B201     		.2byte	0x1b2
 930 044a 90000000 		.4byte	0x90
 931 044e BA010000 		.4byte	.LLST9
 932 0452 10       		.uleb128 0x10
 933 0453 A2020000 		.4byte	.LASF58
 934 0457 01       		.byte	0x1
 935 0458 B401     		.2byte	0x1b4
 936 045a 77030000 		.4byte	0x377
 937 045e EE010000 		.4byte	.LLST10
 938 0462 14       		.uleb128 0x14
 939 0463 32000000 		.4byte	.LVL24
 940 0467 F8040000 		.4byte	0x4f8
 941 046b 00       		.byte	0
 942 046c 0C       		.uleb128 0xc
 943 046d 77030000 		.4byte	0x377
 944 0471 7C040000 		.4byte	0x47c
 945 0475 0D       		.uleb128 0xd
 946 0476 92000000 		.4byte	0x92
 947 047a 0D       		.byte	0xd
 948 047b 00       		.byte	0
 949 047c 16       		.uleb128 0x16
 950 047d 1E030000 		.4byte	.LASF63
 951 0481 01       		.byte	0x1
 952 0482 75       		.byte	0x75
 953 0483 6C040000 		.4byte	0x46c
 954 0487 05       		.byte	0x5
 955 0488 03       		.byte	0x3
 956 0489 00000000 		.4byte	memp_tab
 957 048d 0C       		.uleb128 0xc
 958 048e AB000000 		.4byte	0xab
 959 0492 9D040000 		.4byte	0x49d
 960 0496 0D       		.uleb128 0xd
 961 0497 92000000 		.4byte	0x92
ARM GAS  /tmp/ccJlzhUl.s 			page 18


 962 049b 0D       		.byte	0xd
 963 049c 00       		.byte	0
 964 049d 16       		.uleb128 0x16
 965 049e E0010000 		.4byte	.LASF64
 966 04a2 01       		.byte	0x1
 967 04a3 81       		.byte	0x81
 968 04a4 AE040000 		.4byte	0x4ae
 969 04a8 05       		.byte	0x5
 970 04a9 03       		.byte	0x3
 971 04aa 00000000 		.4byte	memp_sizes
 972 04ae 17       		.uleb128 0x17
 973 04af 8D040000 		.4byte	0x48d
 974 04b3 16       		.uleb128 0x16
 975 04b4 07000000 		.4byte	.LASF65
 976 04b8 01       		.byte	0x1
 977 04b9 89       		.byte	0x89
 978 04ba C4040000 		.4byte	0x4c4
 979 04be 05       		.byte	0x5
 980 04bf 03       		.byte	0x3
 981 04c0 00000000 		.4byte	memp_num
 982 04c4 17       		.uleb128 0x17
 983 04c5 8D040000 		.4byte	0x48d
 984 04c9 0C       		.uleb128 0xc
 985 04ca A0000000 		.4byte	0xa0
 986 04ce DA040000 		.4byte	0x4da
 987 04d2 18       		.uleb128 0x18
 988 04d3 92000000 		.4byte	0x92
 989 04d7 6E31     		.2byte	0x316e
 990 04d9 00       		.byte	0
 991 04da 16       		.uleb128 0x16
 992 04db 6E000000 		.4byte	.LASF66
 993 04df 01       		.byte	0x1
 994 04e0 AA       		.byte	0xaa
 995 04e1 C9040000 		.4byte	0x4c9
 996 04e5 05       		.byte	0x5
 997 04e6 03       		.byte	0x3
 998 04e7 00000000 		.4byte	memp_memory
 999 04eb 19       		.uleb128 0x19
 1000 04ec 3E020000 		.4byte	.LASF71
 1001 04f0 06       		.byte	0x6
 1002 04f1 95       		.byte	0x95
 1003 04f2 AF020000 		.4byte	0x2af
 1004 04f6 01       		.byte	0x1
 1005 04f7 01       		.byte	0x1
 1006 04f8 1A       		.uleb128 0x1a
 1007 04f9 01       		.byte	0x1
 1008 04fa 7F000000 		.4byte	.LASF72
 1009 04fe 07       		.byte	0x7
 1010 04ff FA01     		.2byte	0x1fa
 1011 0501 01       		.byte	0x1
 1012 0502 01       		.byte	0x1
 1013 0503 00       		.byte	0
 1014              		.section	.debug_abbrev,"",%progbits
 1015              	.Ldebug_abbrev0:
 1016 0000 01       		.uleb128 0x1
 1017 0001 11       		.uleb128 0x11
 1018 0002 01       		.byte	0x1
ARM GAS  /tmp/ccJlzhUl.s 			page 19


 1019 0003 25       		.uleb128 0x25
 1020 0004 0E       		.uleb128 0xe
 1021 0005 13       		.uleb128 0x13
 1022 0006 0B       		.uleb128 0xb
 1023 0007 03       		.uleb128 0x3
 1024 0008 0E       		.uleb128 0xe
 1025 0009 1B       		.uleb128 0x1b
 1026 000a 0E       		.uleb128 0xe
 1027 000b 55       		.uleb128 0x55
 1028 000c 06       		.uleb128 0x6
 1029 000d 11       		.uleb128 0x11
 1030 000e 01       		.uleb128 0x1
 1031 000f 52       		.uleb128 0x52
 1032 0010 01       		.uleb128 0x1
 1033 0011 10       		.uleb128 0x10
 1034 0012 06       		.uleb128 0x6
 1035 0013 00       		.byte	0
 1036 0014 00       		.byte	0
 1037 0015 02       		.uleb128 0x2
 1038 0016 24       		.uleb128 0x24
 1039 0017 00       		.byte	0
 1040 0018 0B       		.uleb128 0xb
 1041 0019 0B       		.uleb128 0xb
 1042 001a 3E       		.uleb128 0x3e
 1043 001b 0B       		.uleb128 0xb
 1044 001c 03       		.uleb128 0x3
 1045 001d 08       		.uleb128 0x8
 1046 001e 00       		.byte	0
 1047 001f 00       		.byte	0
 1048 0020 03       		.uleb128 0x3
 1049 0021 24       		.uleb128 0x24
 1050 0022 00       		.byte	0
 1051 0023 0B       		.uleb128 0xb
 1052 0024 0B       		.uleb128 0xb
 1053 0025 3E       		.uleb128 0x3e
 1054 0026 0B       		.uleb128 0xb
 1055 0027 03       		.uleb128 0x3
 1056 0028 0E       		.uleb128 0xe
 1057 0029 00       		.byte	0
 1058 002a 00       		.byte	0
 1059 002b 04       		.uleb128 0x4
 1060 002c 16       		.uleb128 0x16
 1061 002d 00       		.byte	0
 1062 002e 03       		.uleb128 0x3
 1063 002f 0E       		.uleb128 0xe
 1064 0030 3A       		.uleb128 0x3a
 1065 0031 0B       		.uleb128 0xb
 1066 0032 3B       		.uleb128 0x3b
 1067 0033 0B       		.uleb128 0xb
 1068 0034 49       		.uleb128 0x49
 1069 0035 13       		.uleb128 0x13
 1070 0036 00       		.byte	0
 1071 0037 00       		.byte	0
 1072 0038 05       		.uleb128 0x5
 1073 0039 0F       		.uleb128 0xf
 1074 003a 00       		.byte	0
 1075 003b 0B       		.uleb128 0xb
ARM GAS  /tmp/ccJlzhUl.s 			page 20


 1076 003c 0B       		.uleb128 0xb
 1077 003d 00       		.byte	0
 1078 003e 00       		.byte	0
 1079 003f 06       		.uleb128 0x6
 1080 0040 04       		.uleb128 0x4
 1081 0041 01       		.byte	0x1
 1082 0042 0B       		.uleb128 0xb
 1083 0043 0B       		.uleb128 0xb
 1084 0044 3A       		.uleb128 0x3a
 1085 0045 0B       		.uleb128 0xb
 1086 0046 3B       		.uleb128 0x3b
 1087 0047 0B       		.uleb128 0xb
 1088 0048 01       		.uleb128 0x1
 1089 0049 13       		.uleb128 0x13
 1090 004a 00       		.byte	0
 1091 004b 00       		.byte	0
 1092 004c 07       		.uleb128 0x7
 1093 004d 28       		.uleb128 0x28
 1094 004e 00       		.byte	0
 1095 004f 03       		.uleb128 0x3
 1096 0050 0E       		.uleb128 0xe
 1097 0051 1C       		.uleb128 0x1c
 1098 0052 0D       		.uleb128 0xd
 1099 0053 00       		.byte	0
 1100 0054 00       		.byte	0
 1101 0055 08       		.uleb128 0x8
 1102 0056 13       		.uleb128 0x13
 1103 0057 01       		.byte	0x1
 1104 0058 03       		.uleb128 0x3
 1105 0059 0E       		.uleb128 0xe
 1106 005a 0B       		.uleb128 0xb
 1107 005b 0B       		.uleb128 0xb
 1108 005c 3A       		.uleb128 0x3a
 1109 005d 0B       		.uleb128 0xb
 1110 005e 3B       		.uleb128 0x3b
 1111 005f 0B       		.uleb128 0xb
 1112 0060 01       		.uleb128 0x1
 1113 0061 13       		.uleb128 0x13
 1114 0062 00       		.byte	0
 1115 0063 00       		.byte	0
 1116 0064 09       		.uleb128 0x9
 1117 0065 0D       		.uleb128 0xd
 1118 0066 00       		.byte	0
 1119 0067 03       		.uleb128 0x3
 1120 0068 0E       		.uleb128 0xe
 1121 0069 3A       		.uleb128 0x3a
 1122 006a 0B       		.uleb128 0xb
 1123 006b 3B       		.uleb128 0x3b
 1124 006c 0B       		.uleb128 0xb
 1125 006d 49       		.uleb128 0x49
 1126 006e 13       		.uleb128 0x13
 1127 006f 38       		.uleb128 0x38
 1128 0070 0A       		.uleb128 0xa
 1129 0071 00       		.byte	0
 1130 0072 00       		.byte	0
 1131 0073 0A       		.uleb128 0xa
 1132 0074 0D       		.uleb128 0xd
ARM GAS  /tmp/ccJlzhUl.s 			page 21


 1133 0075 00       		.byte	0
 1134 0076 03       		.uleb128 0x3
 1135 0077 08       		.uleb128 0x8
 1136 0078 3A       		.uleb128 0x3a
 1137 0079 0B       		.uleb128 0xb
 1138 007a 3B       		.uleb128 0x3b
 1139 007b 0B       		.uleb128 0xb
 1140 007c 49       		.uleb128 0x49
 1141 007d 13       		.uleb128 0x13
 1142 007e 38       		.uleb128 0x38
 1143 007f 0A       		.uleb128 0xa
 1144 0080 00       		.byte	0
 1145 0081 00       		.byte	0
 1146 0082 0B       		.uleb128 0xb
 1147 0083 13       		.uleb128 0x13
 1148 0084 01       		.byte	0x1
 1149 0085 03       		.uleb128 0x3
 1150 0086 0E       		.uleb128 0xe
 1151 0087 0B       		.uleb128 0xb
 1152 0088 05       		.uleb128 0x5
 1153 0089 3A       		.uleb128 0x3a
 1154 008a 0B       		.uleb128 0xb
 1155 008b 3B       		.uleb128 0x3b
 1156 008c 0B       		.uleb128 0xb
 1157 008d 01       		.uleb128 0x1
 1158 008e 13       		.uleb128 0x13
 1159 008f 00       		.byte	0
 1160 0090 00       		.byte	0
 1161 0091 0C       		.uleb128 0xc
 1162 0092 01       		.uleb128 0x1
 1163 0093 01       		.byte	0x1
 1164 0094 49       		.uleb128 0x49
 1165 0095 13       		.uleb128 0x13
 1166 0096 01       		.uleb128 0x1
 1167 0097 13       		.uleb128 0x13
 1168 0098 00       		.byte	0
 1169 0099 00       		.byte	0
 1170 009a 0D       		.uleb128 0xd
 1171 009b 21       		.uleb128 0x21
 1172 009c 00       		.byte	0
 1173 009d 49       		.uleb128 0x49
 1174 009e 13       		.uleb128 0x13
 1175 009f 2F       		.uleb128 0x2f
 1176 00a0 0B       		.uleb128 0xb
 1177 00a1 00       		.byte	0
 1178 00a2 00       		.byte	0
 1179 00a3 0E       		.uleb128 0xe
 1180 00a4 0F       		.uleb128 0xf
 1181 00a5 00       		.byte	0
 1182 00a6 0B       		.uleb128 0xb
 1183 00a7 0B       		.uleb128 0xb
 1184 00a8 49       		.uleb128 0x49
 1185 00a9 13       		.uleb128 0x13
 1186 00aa 00       		.byte	0
 1187 00ab 00       		.byte	0
 1188 00ac 0F       		.uleb128 0xf
 1189 00ad 2E       		.uleb128 0x2e
ARM GAS  /tmp/ccJlzhUl.s 			page 22


 1190 00ae 01       		.byte	0x1
 1191 00af 3F       		.uleb128 0x3f
 1192 00b0 0C       		.uleb128 0xc
 1193 00b1 03       		.uleb128 0x3
 1194 00b2 0E       		.uleb128 0xe
 1195 00b3 3A       		.uleb128 0x3a
 1196 00b4 0B       		.uleb128 0xb
 1197 00b5 3B       		.uleb128 0x3b
 1198 00b6 05       		.uleb128 0x5
 1199 00b7 27       		.uleb128 0x27
 1200 00b8 0C       		.uleb128 0xc
 1201 00b9 11       		.uleb128 0x11
 1202 00ba 01       		.uleb128 0x1
 1203 00bb 12       		.uleb128 0x12
 1204 00bc 01       		.uleb128 0x1
 1205 00bd 40       		.uleb128 0x40
 1206 00be 06       		.uleb128 0x6
 1207 00bf 9742     		.uleb128 0x2117
 1208 00c1 0C       		.uleb128 0xc
 1209 00c2 01       		.uleb128 0x1
 1210 00c3 13       		.uleb128 0x13
 1211 00c4 00       		.byte	0
 1212 00c5 00       		.byte	0
 1213 00c6 10       		.uleb128 0x10
 1214 00c7 34       		.uleb128 0x34
 1215 00c8 00       		.byte	0
 1216 00c9 03       		.uleb128 0x3
 1217 00ca 0E       		.uleb128 0xe
 1218 00cb 3A       		.uleb128 0x3a
 1219 00cc 0B       		.uleb128 0xb
 1220 00cd 3B       		.uleb128 0x3b
 1221 00ce 05       		.uleb128 0x5
 1222 00cf 49       		.uleb128 0x49
 1223 00d0 13       		.uleb128 0x13
 1224 00d1 02       		.uleb128 0x2
 1225 00d2 06       		.uleb128 0x6
 1226 00d3 00       		.byte	0
 1227 00d4 00       		.byte	0
 1228 00d5 11       		.uleb128 0x11
 1229 00d6 34       		.uleb128 0x34
 1230 00d7 00       		.byte	0
 1231 00d8 03       		.uleb128 0x3
 1232 00d9 08       		.uleb128 0x8
 1233 00da 3A       		.uleb128 0x3a
 1234 00db 0B       		.uleb128 0xb
 1235 00dc 3B       		.uleb128 0x3b
 1236 00dd 05       		.uleb128 0x5
 1237 00de 49       		.uleb128 0x49
 1238 00df 13       		.uleb128 0x13
 1239 00e0 02       		.uleb128 0x2
 1240 00e1 06       		.uleb128 0x6
 1241 00e2 00       		.byte	0
 1242 00e3 00       		.byte	0
 1243 00e4 12       		.uleb128 0x12
 1244 00e5 2E       		.uleb128 0x2e
 1245 00e6 01       		.byte	0x1
 1246 00e7 3F       		.uleb128 0x3f
ARM GAS  /tmp/ccJlzhUl.s 			page 23


 1247 00e8 0C       		.uleb128 0xc
 1248 00e9 03       		.uleb128 0x3
 1249 00ea 0E       		.uleb128 0xe
 1250 00eb 3A       		.uleb128 0x3a
 1251 00ec 0B       		.uleb128 0xb
 1252 00ed 3B       		.uleb128 0x3b
 1253 00ee 05       		.uleb128 0x5
 1254 00ef 27       		.uleb128 0x27
 1255 00f0 0C       		.uleb128 0xc
 1256 00f1 49       		.uleb128 0x49
 1257 00f2 13       		.uleb128 0x13
 1258 00f3 11       		.uleb128 0x11
 1259 00f4 01       		.uleb128 0x1
 1260 00f5 12       		.uleb128 0x12
 1261 00f6 01       		.uleb128 0x1
 1262 00f7 40       		.uleb128 0x40
 1263 00f8 06       		.uleb128 0x6
 1264 00f9 9742     		.uleb128 0x2117
 1265 00fb 0C       		.uleb128 0xc
 1266 00fc 01       		.uleb128 0x1
 1267 00fd 13       		.uleb128 0x13
 1268 00fe 00       		.byte	0
 1269 00ff 00       		.byte	0
 1270 0100 13       		.uleb128 0x13
 1271 0101 05       		.uleb128 0x5
 1272 0102 00       		.byte	0
 1273 0103 03       		.uleb128 0x3
 1274 0104 0E       		.uleb128 0xe
 1275 0105 3A       		.uleb128 0x3a
 1276 0106 0B       		.uleb128 0xb
 1277 0107 3B       		.uleb128 0x3b
 1278 0108 05       		.uleb128 0x5
 1279 0109 49       		.uleb128 0x49
 1280 010a 13       		.uleb128 0x13
 1281 010b 02       		.uleb128 0x2
 1282 010c 06       		.uleb128 0x6
 1283 010d 00       		.byte	0
 1284 010e 00       		.byte	0
 1285 010f 14       		.uleb128 0x14
 1286 0110 898201   		.uleb128 0x4109
 1287 0113 00       		.byte	0
 1288 0114 11       		.uleb128 0x11
 1289 0115 01       		.uleb128 0x1
 1290 0116 31       		.uleb128 0x31
 1291 0117 13       		.uleb128 0x13
 1292 0118 00       		.byte	0
 1293 0119 00       		.byte	0
 1294 011a 15       		.uleb128 0x15
 1295 011b 05       		.uleb128 0x5
 1296 011c 00       		.byte	0
 1297 011d 03       		.uleb128 0x3
 1298 011e 08       		.uleb128 0x8
 1299 011f 3A       		.uleb128 0x3a
 1300 0120 0B       		.uleb128 0xb
 1301 0121 3B       		.uleb128 0x3b
 1302 0122 05       		.uleb128 0x5
 1303 0123 49       		.uleb128 0x49
ARM GAS  /tmp/ccJlzhUl.s 			page 24


 1304 0124 13       		.uleb128 0x13
 1305 0125 02       		.uleb128 0x2
 1306 0126 06       		.uleb128 0x6
 1307 0127 00       		.byte	0
 1308 0128 00       		.byte	0
 1309 0129 16       		.uleb128 0x16
 1310 012a 34       		.uleb128 0x34
 1311 012b 00       		.byte	0
 1312 012c 03       		.uleb128 0x3
 1313 012d 0E       		.uleb128 0xe
 1314 012e 3A       		.uleb128 0x3a
 1315 012f 0B       		.uleb128 0xb
 1316 0130 3B       		.uleb128 0x3b
 1317 0131 0B       		.uleb128 0xb
 1318 0132 49       		.uleb128 0x49
 1319 0133 13       		.uleb128 0x13
 1320 0134 02       		.uleb128 0x2
 1321 0135 0A       		.uleb128 0xa
 1322 0136 00       		.byte	0
 1323 0137 00       		.byte	0
 1324 0138 17       		.uleb128 0x17
 1325 0139 26       		.uleb128 0x26
 1326 013a 00       		.byte	0
 1327 013b 49       		.uleb128 0x49
 1328 013c 13       		.uleb128 0x13
 1329 013d 00       		.byte	0
 1330 013e 00       		.byte	0
 1331 013f 18       		.uleb128 0x18
 1332 0140 21       		.uleb128 0x21
 1333 0141 00       		.byte	0
 1334 0142 49       		.uleb128 0x49
 1335 0143 13       		.uleb128 0x13
 1336 0144 2F       		.uleb128 0x2f
 1337 0145 05       		.uleb128 0x5
 1338 0146 00       		.byte	0
 1339 0147 00       		.byte	0
 1340 0148 19       		.uleb128 0x19
 1341 0149 34       		.uleb128 0x34
 1342 014a 00       		.byte	0
 1343 014b 03       		.uleb128 0x3
 1344 014c 0E       		.uleb128 0xe
 1345 014d 3A       		.uleb128 0x3a
 1346 014e 0B       		.uleb128 0xb
 1347 014f 3B       		.uleb128 0x3b
 1348 0150 0B       		.uleb128 0xb
 1349 0151 49       		.uleb128 0x49
 1350 0152 13       		.uleb128 0x13
 1351 0153 3F       		.uleb128 0x3f
 1352 0154 0C       		.uleb128 0xc
 1353 0155 3C       		.uleb128 0x3c
 1354 0156 0C       		.uleb128 0xc
 1355 0157 00       		.byte	0
 1356 0158 00       		.byte	0
 1357 0159 1A       		.uleb128 0x1a
 1358 015a 2E       		.uleb128 0x2e
 1359 015b 00       		.byte	0
 1360 015c 3F       		.uleb128 0x3f
ARM GAS  /tmp/ccJlzhUl.s 			page 25


 1361 015d 0C       		.uleb128 0xc
 1362 015e 03       		.uleb128 0x3
 1363 015f 0E       		.uleb128 0xe
 1364 0160 3A       		.uleb128 0x3a
 1365 0161 0B       		.uleb128 0xb
 1366 0162 3B       		.uleb128 0x3b
 1367 0163 05       		.uleb128 0x5
 1368 0164 27       		.uleb128 0x27
 1369 0165 0C       		.uleb128 0xc
 1370 0166 3C       		.uleb128 0x3c
 1371 0167 0C       		.uleb128 0xc
 1372 0168 00       		.byte	0
 1373 0169 00       		.byte	0
 1374 016a 00       		.byte	0
 1375              		.section	.debug_loc,"",%progbits
 1376              	.Ldebug_loc0:
 1377              	.LLST0:
 1378 0000 00000000 		.4byte	.LFB7
 1379 0004 08000000 		.4byte	.LCFI0
 1380 0008 0200     		.2byte	0x2
 1381 000a 7D       		.byte	0x7d
 1382 000b 00       		.sleb128 0
 1383 000c 08000000 		.4byte	.LCFI0
 1384 0010 A0000000 		.4byte	.LFE7
 1385 0014 0200     		.2byte	0x2
 1386 0016 7D       		.byte	0x7d
 1387 0017 20       		.sleb128 32
 1388 0018 00000000 		.4byte	0
 1389 001c 00000000 		.4byte	0
 1390              	.LLST1:
 1391 0020 3A000000 		.4byte	.LVL2
 1392 0024 56000000 		.4byte	.LVL5
 1393 0028 0100     		.2byte	0x1
 1394 002a 57       		.byte	0x57
 1395 002b 56000000 		.4byte	.LVL5
 1396 002f 58000000 		.4byte	.LVL6
 1397 0033 0100     		.2byte	0x1
 1398 0035 5B       		.byte	0x5b
 1399 0036 58000000 		.4byte	.LVL6
 1400 003a 64000000 		.4byte	.LVL7
 1401 003e 0100     		.2byte	0x1
 1402 0040 53       		.byte	0x53
 1403 0041 64000000 		.4byte	.LVL7
 1404 0045 7A000000 		.4byte	.LVL10
 1405 0049 0100     		.2byte	0x1
 1406 004b 5B       		.byte	0x5b
 1407 004c 7A000000 		.4byte	.LVL10
 1408 0050 A0000000 		.4byte	.LFE7
 1409 0054 0100     		.2byte	0x1
 1410 0056 57       		.byte	0x57
 1411 0057 00000000 		.4byte	0
 1412 005b 00000000 		.4byte	0
 1413              	.LLST2:
 1414 005f 00000000 		.4byte	.LVL0
 1415 0063 0E000000 		.4byte	.LVL1
 1416 0067 0200     		.2byte	0x2
 1417 0069 30       		.byte	0x30
ARM GAS  /tmp/ccJlzhUl.s 			page 26


 1418 006a 9F       		.byte	0x9f
 1419 006b 3A000000 		.4byte	.LVL2
 1420 006f 40000000 		.4byte	.LVL3
 1421 0073 0200     		.2byte	0x2
 1422 0075 30       		.byte	0x30
 1423 0076 9F       		.byte	0x9f
 1424 0077 00000000 		.4byte	0
 1425 007b 00000000 		.4byte	0
 1426              	.LLST3:
 1427 007f 48000000 		.4byte	.LVL4
 1428 0083 56000000 		.4byte	.LVL5
 1429 0087 0200     		.2byte	0x2
 1430 0089 30       		.byte	0x30
 1431 008a 9F       		.byte	0x9f
 1432 008b 56000000 		.4byte	.LVL5
 1433 008f 58000000 		.4byte	.LVL6
 1434 0093 0100     		.2byte	0x1
 1435 0095 52       		.byte	0x52
 1436 0096 64000000 		.4byte	.LVL7
 1437 009a 6A000000 		.4byte	.LVL8
 1438 009e 0100     		.2byte	0x1
 1439 00a0 52       		.byte	0x52
 1440 00a1 6A000000 		.4byte	.LVL8
 1441 00a5 6C000000 		.4byte	.LVL9
 1442 00a9 0300     		.2byte	0x3
 1443 00ab 72       		.byte	0x72
 1444 00ac 01       		.sleb128 1
 1445 00ad 9F       		.byte	0x9f
 1446 00ae 00000000 		.4byte	0
 1447 00b2 00000000 		.4byte	0
 1448              	.LLST4:
 1449 00b6 00000000 		.4byte	.LFB8
 1450 00ba 04000000 		.4byte	.LCFI1
 1451 00be 0200     		.2byte	0x2
 1452 00c0 7D       		.byte	0x7d
 1453 00c1 00       		.sleb128 0
 1454 00c2 04000000 		.4byte	.LCFI1
 1455 00c6 70000000 		.4byte	.LFE8
 1456 00ca 0200     		.2byte	0x2
 1457 00cc 7D       		.byte	0x7d
 1458 00cd 10       		.sleb128 16
 1459 00ce 00000000 		.4byte	0
 1460 00d2 00000000 		.4byte	0
 1461              	.LLST5:
 1462 00d6 00000000 		.4byte	.LVL11
 1463 00da 3A000000 		.4byte	.LVL13
 1464 00de 0100     		.2byte	0x1
 1465 00e0 50       		.byte	0x50
 1466 00e1 3A000000 		.4byte	.LVL13
 1467 00e5 3E000000 		.4byte	.LVL14
 1468 00e9 0400     		.2byte	0x4
 1469 00eb F3       		.byte	0xf3
 1470 00ec 01       		.uleb128 0x1
 1471 00ed 50       		.byte	0x50
 1472 00ee 9F       		.byte	0x9f
 1473 00ef 3E000000 		.4byte	.LVL14
 1474 00f3 41000000 		.4byte	.LVL15-1
ARM GAS  /tmp/ccJlzhUl.s 			page 27


 1475 00f7 0100     		.2byte	0x1
 1476 00f9 50       		.byte	0x50
 1477 00fa 41000000 		.4byte	.LVL15-1
 1478 00fe 46000000 		.4byte	.LVL16
 1479 0102 0400     		.2byte	0x4
 1480 0104 F3       		.byte	0xf3
 1481 0105 01       		.uleb128 0x1
 1482 0106 50       		.byte	0x50
 1483 0107 9F       		.byte	0x9f
 1484 0108 46000000 		.4byte	.LVL16
 1485 010c 4C000000 		.4byte	.LVL17
 1486 0110 0100     		.2byte	0x1
 1487 0112 50       		.byte	0x50
 1488 0113 4C000000 		.4byte	.LVL17
 1489 0117 5E000000 		.4byte	.LVL18
 1490 011b 0400     		.2byte	0x4
 1491 011d F3       		.byte	0xf3
 1492 011e 01       		.uleb128 0x1
 1493 011f 50       		.byte	0x50
 1494 0120 9F       		.byte	0x9f
 1495 0121 5E000000 		.4byte	.LVL18
 1496 0125 61000000 		.4byte	.LVL19-1
 1497 0129 0100     		.2byte	0x1
 1498 012b 50       		.byte	0x50
 1499 012c 61000000 		.4byte	.LVL19-1
 1500 0130 70000000 		.4byte	.LFE8
 1501 0134 0400     		.2byte	0x4
 1502 0136 F3       		.byte	0xf3
 1503 0137 01       		.uleb128 0x1
 1504 0138 50       		.byte	0x50
 1505 0139 9F       		.byte	0x9f
 1506 013a 00000000 		.4byte	0
 1507 013e 00000000 		.4byte	0
 1508              	.LLST6:
 1509 0142 0C000000 		.4byte	.LVL12
 1510 0146 3A000000 		.4byte	.LVL13
 1511 014a 0100     		.2byte	0x1
 1512 014c 54       		.byte	0x54
 1513 014d 3E000000 		.4byte	.LVL14
 1514 0151 5E000000 		.4byte	.LVL18
 1515 0155 0100     		.2byte	0x1
 1516 0157 54       		.byte	0x54
 1517 0158 00000000 		.4byte	0
 1518 015c 00000000 		.4byte	0
 1519              	.LLST7:
 1520 0160 00000000 		.4byte	.LFB9
 1521 0164 02000000 		.4byte	.LCFI2
 1522 0168 0200     		.2byte	0x2
 1523 016a 7D       		.byte	0x7d
 1524 016b 00       		.sleb128 0
 1525 016c 02000000 		.4byte	.LCFI2
 1526 0170 3C000000 		.4byte	.LFE9
 1527 0174 0200     		.2byte	0x2
 1528 0176 7D       		.byte	0x7d
 1529 0177 10       		.sleb128 16
 1530 0178 00000000 		.4byte	0
 1531 017c 00000000 		.4byte	0
ARM GAS  /tmp/ccJlzhUl.s 			page 28


 1532              	.LLST8:
 1533 0180 00000000 		.4byte	.LVL20
 1534 0184 0C000000 		.4byte	.LVL21
 1535 0188 0100     		.2byte	0x1
 1536 018a 50       		.byte	0x50
 1537 018b 0C000000 		.4byte	.LVL21
 1538 018f 2E000000 		.4byte	.LVL23
 1539 0193 0400     		.2byte	0x4
 1540 0195 F3       		.byte	0xf3
 1541 0196 01       		.uleb128 0x1
 1542 0197 50       		.byte	0x50
 1543 0198 9F       		.byte	0x9f
 1544 0199 2E000000 		.4byte	.LVL23
 1545 019d 31000000 		.4byte	.LVL24-1
 1546 01a1 0100     		.2byte	0x1
 1547 01a3 50       		.byte	0x50
 1548 01a4 31000000 		.4byte	.LVL24-1
 1549 01a8 3C000000 		.4byte	.LFE9
 1550 01ac 0400     		.2byte	0x4
 1551 01ae F3       		.byte	0xf3
 1552 01af 01       		.uleb128 0x1
 1553 01b0 50       		.byte	0x50
 1554 01b1 9F       		.byte	0x9f
 1555 01b2 00000000 		.4byte	0
 1556 01b6 00000000 		.4byte	0
 1557              	.LLST9:
 1558 01ba 00000000 		.4byte	.LVL20
 1559 01be 0C000000 		.4byte	.LVL21
 1560 01c2 0100     		.2byte	0x1
 1561 01c4 51       		.byte	0x51
 1562 01c5 0C000000 		.4byte	.LVL21
 1563 01c9 2E000000 		.4byte	.LVL23
 1564 01cd 0100     		.2byte	0x1
 1565 01cf 54       		.byte	0x54
 1566 01d0 2E000000 		.4byte	.LVL23
 1567 01d4 31000000 		.4byte	.LVL24-1
 1568 01d8 0100     		.2byte	0x1
 1569 01da 51       		.byte	0x51
 1570 01db 31000000 		.4byte	.LVL24-1
 1571 01df 3C000000 		.4byte	.LFE9
 1572 01e3 0100     		.2byte	0x1
 1573 01e5 54       		.byte	0x54
 1574 01e6 00000000 		.4byte	0
 1575 01ea 00000000 		.4byte	0
 1576              	.LLST10:
 1577 01ee 0C000000 		.4byte	.LVL21
 1578 01f2 2C000000 		.4byte	.LVL22
 1579 01f6 0100     		.2byte	0x1
 1580 01f8 54       		.byte	0x54
 1581 01f9 00000000 		.4byte	0
 1582 01fd 00000000 		.4byte	0
 1583              		.section	.debug_aranges,"",%progbits
 1584 0000 2C000000 		.4byte	0x2c
 1585 0004 0200     		.2byte	0x2
 1586 0006 00000000 		.4byte	.Ldebug_info0
 1587 000a 04       		.byte	0x4
 1588 000b 00       		.byte	0
ARM GAS  /tmp/ccJlzhUl.s 			page 29


 1589 000c 0000     		.2byte	0
 1590 000e 0000     		.2byte	0
 1591 0010 00000000 		.4byte	.LFB7
 1592 0014 A0000000 		.4byte	.LFE7-.LFB7
 1593 0018 00000000 		.4byte	.LFB8
 1594 001c 70000000 		.4byte	.LFE8-.LFB8
 1595 0020 00000000 		.4byte	.LFB9
 1596 0024 3C000000 		.4byte	.LFE9-.LFB9
 1597 0028 00000000 		.4byte	0
 1598 002c 00000000 		.4byte	0
 1599              		.section	.debug_ranges,"",%progbits
 1600              	.Ldebug_ranges0:
 1601 0000 00000000 		.4byte	.LFB7
 1602 0004 A0000000 		.4byte	.LFE7
 1603 0008 00000000 		.4byte	.LFB8
 1604 000c 70000000 		.4byte	.LFE8
 1605 0010 00000000 		.4byte	.LFB9
 1606 0014 3C000000 		.4byte	.LFE9
 1607 0018 00000000 		.4byte	0
 1608 001c 00000000 		.4byte	0
 1609              		.section	.debug_line,"",%progbits
 1610              	.Ldebug_line0:
 1611 0000 0E020000 		.section	.debug_str,"MS",%progbits,1
 1611      02004401 
 1611      00000201 
 1611      FB0E0D00 
 1611      01010101 
 1612              	.LASF53:
 1613 0000 73746174 		.ascii	"stats_\000"
 1613      735F00
 1614              	.LASF65:
 1615 0007 6D656D70 		.ascii	"memp_num\000"
 1615      5F6E756D 
 1615      00
 1616              	.LASF37:
 1617 0010 63686B65 		.ascii	"chkerr\000"
 1617      727200
 1618              	.LASF61:
 1619 0017 6D656D70 		.ascii	"memp_free\000"
 1619      5F667265 
 1619      6500
 1620              	.LASF52:
 1621 0021 6D626F78 		.ascii	"mbox\000"
 1621      00
 1622              	.LASF56:
 1623 0026 69705F66 		.ascii	"ip_frag\000"
 1623      72616700 
 1624              	.LASF3:
 1625 002e 73686F72 		.ascii	"short int\000"
 1625      7420696E 
 1625      7400
 1626              	.LASF32:
 1627 0038 6D656D70 		.ascii	"memp_t\000"
 1627      5F7400
 1628              	.LASF21:
 1629 003f 4D454D50 		.ascii	"MEMP_TCP_SEG\000"
 1629      5F544350 
ARM GAS  /tmp/ccJlzhUl.s 			page 30


 1629      5F534547 
 1629      00
 1630              	.LASF44:
 1631 004c 73746174 		.ascii	"stats_proto\000"
 1631      735F7072 
 1631      6F746F00 
 1632              	.LASF12:
 1633 0058 73697A65 		.ascii	"sizetype\000"
 1633      74797065 
 1633      00
 1634              	.LASF18:
 1635 0061 4D454D50 		.ascii	"MEMP_UDP_PCB\000"
 1635      5F554450 
 1635      5F504342 
 1635      00
 1636              	.LASF66:
 1637 006e 6D656D70 		.ascii	"memp_memory\000"
 1637      5F6D656D 
 1637      6F727900 
 1638              	.LASF34:
 1639 007a 786D6974 		.ascii	"xmit\000"
 1639      00
 1640              	.LASF72:
 1641 007f 706F7274 		.ascii	"port_halt\000"
 1641      5F68616C 
 1641      7400
 1642              	.LASF45:
 1643 0089 73746174 		.ascii	"stats_mem\000"
 1643      735F6D65 
 1643      6D00
 1644              	.LASF16:
 1645 0093 6D656D5F 		.ascii	"mem_ptr_t\000"
 1645      7074725F 
 1645      7400
 1646              	.LASF38:
 1647 009d 6C656E65 		.ascii	"lenerr\000"
 1647      727200
 1648              	.LASF28:
 1649 00a4 4D454D50 		.ascii	"MEMP_SYS_TIMEOUT\000"
 1649      5F535953 
 1649      5F54494D 
 1649      454F5554 
 1649      00
 1650              	.LASF23:
 1651 00b5 4D454D50 		.ascii	"MEMP_FRAG_PBUF\000"
 1651      5F465241 
 1651      475F5042 
 1651      554600
 1652              	.LASF4:
 1653 00c4 75696E74 		.ascii	"uint8_t\000"
 1653      385F7400 
 1654              	.LASF43:
 1655 00cc 63616368 		.ascii	"cachehit\000"
 1655      65686974 
 1655      00
 1656              	.LASF20:
 1657 00d5 4D454D50 		.ascii	"MEMP_TCP_PCB_LISTEN\000"
ARM GAS  /tmp/ccJlzhUl.s 			page 31


 1657      5F544350 
 1657      5F504342 
 1657      5F4C4953 
 1657      54454E00 
 1658              	.LASF8:
 1659 00e9 75696E74 		.ascii	"uint32_t\000"
 1659      33325F74 
 1659      00
 1660              	.LASF54:
 1661 00f2 6C696E6B 		.ascii	"link\000"
 1661      00
 1662              	.LASF10:
 1663 00f7 6C6F6E67 		.ascii	"long long int\000"
 1663      206C6F6E 
 1663      6720696E 
 1663      7400
 1664              	.LASF69:
 1665 0105 2F686F6D 		.ascii	"/home/kwilson/Sandbox/ChibiOS_2.5.1/demos/ARMCM4-ST"
 1665      652F6B77 
 1665      696C736F 
 1665      6E2F5361 
 1665      6E64626F 
 1666 0138 4D333246 		.ascii	"M32F407-LWIP-FATFS-USB\000"
 1666      3430372D 
 1666      4C574950 
 1666      2D464154 
 1666      46532D55 
 1667              	.LASF7:
 1668 014f 6C6F6E67 		.ascii	"long int\000"
 1668      20696E74 
 1668      00
 1669              	.LASF60:
 1670 0158 6D656D70 		.ascii	"memp_init\000"
 1670      5F696E69 
 1670      7400
 1671              	.LASF33:
 1672 0162 6D656D5F 		.ascii	"mem_size_t\000"
 1672      73697A65 
 1672      5F7400
 1673              	.LASF39:
 1674 016d 6D656D65 		.ascii	"memerr\000"
 1674      727200
 1675              	.LASF36:
 1676 0174 64726F70 		.ascii	"drop\000"
 1676      00
 1677              	.LASF27:
 1678 0179 4D454D50 		.ascii	"MEMP_TCPIP_MSG_INPKT\000"
 1678      5F544350 
 1678      49505F4D 
 1678      53475F49 
 1678      4E504B54 
 1679              	.LASF2:
 1680 018e 756E7369 		.ascii	"unsigned char\000"
 1680      676E6564 
 1680      20636861 
 1680      7200
 1681              	.LASF31:
ARM GAS  /tmp/ccJlzhUl.s 			page 32


 1682 019c 4D454D50 		.ascii	"MEMP_MAX\000"
 1682      5F4D4158 
 1682      00
 1683              	.LASF1:
 1684 01a5 7369676E 		.ascii	"signed char\000"
 1684      65642063 
 1684      68617200 
 1685              	.LASF50:
 1686 01b1 73746174 		.ascii	"stats_sys\000"
 1686      735F7379 
 1686      7300
 1687              	.LASF11:
 1688 01bb 6C6F6E67 		.ascii	"long long unsigned int\000"
 1688      206C6F6E 
 1688      6720756E 
 1688      7369676E 
 1688      65642069 
 1689              	.LASF62:
 1690 01d2 74797065 		.ascii	"type\000"
 1690      00
 1691              	.LASF5:
 1692 01d7 75696E74 		.ascii	"uint16_t\000"
 1692      31365F74 
 1692      00
 1693              	.LASF64:
 1694 01e0 6D656D70 		.ascii	"memp_sizes\000"
 1694      5F73697A 
 1694      657300
 1695              	.LASF67:
 1696 01eb 474E5520 		.ascii	"GNU C 4.7.2\000"
 1696      4320342E 
 1696      372E3200 
 1697              	.LASF42:
 1698 01f7 6F707465 		.ascii	"opterr\000"
 1698      727200
 1699              	.LASF51:
 1700 01fe 6D757465 		.ascii	"mutex\000"
 1700      7800
 1701              	.LASF6:
 1702 0204 73686F72 		.ascii	"short unsigned int\000"
 1702      7420756E 
 1702      7369676E 
 1702      65642069 
 1702      6E7400
 1703              	.LASF22:
 1704 0217 4D454D50 		.ascii	"MEMP_REASSDATA\000"
 1704      5F524541 
 1704      53534441 
 1704      544100
 1705              	.LASF13:
 1706 0226 63686172 		.ascii	"char\000"
 1706      00
 1707              	.LASF26:
 1708 022b 4D454D50 		.ascii	"MEMP_TCPIP_MSG_API\000"
 1708      5F544350 
 1708      49505F4D 
 1708      53475F41 
ARM GAS  /tmp/ccJlzhUl.s 			page 33


 1708      504900
 1709              	.LASF71:
 1710 023e 6C776970 		.ascii	"lwip_stats\000"
 1710      5F737461 
 1710      747300
 1711              	.LASF41:
 1712 0249 70726F74 		.ascii	"proterr\000"
 1712      65727200 
 1713              	.LASF48:
 1714 0251 696C6C65 		.ascii	"illegal\000"
 1714      67616C00 
 1715              	.LASF29:
 1716 0259 4D454D50 		.ascii	"MEMP_PBUF\000"
 1716      5F504255 
 1716      4600
 1717              	.LASF49:
 1718 0263 73746174 		.ascii	"stats_syselem\000"
 1718      735F7379 
 1718      73656C65 
 1718      6D00
 1719              	.LASF9:
 1720 0271 6C6F6E67 		.ascii	"long unsigned int\000"
 1720      20756E73 
 1720      69676E65 
 1720      6420696E 
 1720      7400
 1721              	.LASF68:
 1722 0283 2E2E2F2E 		.ascii	"../../ext/lwip/src/core/memp.c\000"
 1722      2E2F6578 
 1722      742F6C77 
 1722      69702F73 
 1722      72632F63 
 1723              	.LASF58:
 1724 02a2 6D656D70 		.ascii	"memp\000"
 1724      00
 1725              	.LASF17:
 1726 02a7 4D454D50 		.ascii	"MEMP_RAW_PCB\000"
 1726      5F524157 
 1726      5F504342 
 1726      00
 1727              	.LASF40:
 1728 02b4 72746572 		.ascii	"rterr\000"
 1728      7200
 1729              	.LASF14:
 1730 02ba 75385F74 		.ascii	"u8_t\000"
 1730      00
 1731              	.LASF15:
 1732 02bf 7531365F 		.ascii	"u16_t\000"
 1732      7400
 1733              	.LASF30:
 1734 02c5 4D454D50 		.ascii	"MEMP_PBUF_POOL\000"
 1734      5F504255 
 1734      465F504F 
 1734      4F4C00
 1735              	.LASF47:
 1736 02d4 75736564 		.ascii	"used\000"
 1736      00
ARM GAS  /tmp/ccJlzhUl.s 			page 34


 1737              	.LASF46:
 1738 02d9 61766169 		.ascii	"avail\000"
 1738      6C00
 1739              	.LASF25:
 1740 02df 4D454D50 		.ascii	"MEMP_NETCONN\000"
 1740      5F4E4554 
 1740      434F4E4E 
 1740      00
 1741              	.LASF19:
 1742 02ec 4D454D50 		.ascii	"MEMP_TCP_PCB\000"
 1742      5F544350 
 1742      5F504342 
 1742      00
 1743              	.LASF55:
 1744 02f9 65746861 		.ascii	"etharp\000"
 1744      727000
 1745              	.LASF70:
 1746 0300 6D656D70 		.ascii	"memp_malloc\000"
 1746      5F6D616C 
 1746      6C6F6300 
 1747              	.LASF35:
 1748 030c 72656376 		.ascii	"recv\000"
 1748      00
 1749              	.LASF0:
 1750 0311 756E7369 		.ascii	"unsigned int\000"
 1750      676E6564 
 1750      20696E74 
 1750      00
 1751              	.LASF63:
 1752 031e 6D656D70 		.ascii	"memp_tab\000"
 1752      5F746162 
 1752      00
 1753              	.LASF57:
 1754 0327 69636D70 		.ascii	"icmp\000"
 1754      00
 1755              	.LASF59:
 1756 032c 6E657874 		.ascii	"next\000"
 1756      00
 1757              	.LASF24:
 1758 0331 4D454D50 		.ascii	"MEMP_NETBUF\000"
 1758      5F4E4554 
 1758      42554600 
 1759              		.ident	"GCC: (crosstool-NG 1.17.0 - PSAS ST32F4 GFE) 4.7.2"
ARM GAS  /tmp/ccJlzhUl.s 			page 35


DEFINED SYMBOLS
                            *ABS*:0000000000000000 memp.c
     /tmp/ccJlzhUl.s:21     .text.memp_init:0000000000000000 $t
     /tmp/ccJlzhUl.s:27     .text.memp_init:0000000000000000 memp_init
     /tmp/ccJlzhUl.s:137    .text.memp_init:0000000000000088 $d
     /tmp/ccJlzhUl.s:147    .text.memp_malloc:0000000000000000 $t
     /tmp/ccJlzhUl.s:153    .text.memp_malloc:0000000000000000 memp_malloc
     /tmp/ccJlzhUl.s:235    .text.memp_malloc:0000000000000068 $d
     /tmp/ccJlzhUl.s:241    .text.memp_free:0000000000000000 $t
     /tmp/ccJlzhUl.s:247    .text.memp_free:0000000000000000 memp_free
     /tmp/ccJlzhUl.s:301    .text.memp_free:0000000000000034 $d
     /tmp/ccJlzhUl.s:307    .rodata.memp_num:0000000000000000 $d
     /tmp/ccJlzhUl.s:311    .rodata.memp_num:0000000000000000 memp_num
     /tmp/ccJlzhUl.s:327    .bss.memp_memory:0000000000000000 $d
     /tmp/ccJlzhUl.s:331    .bss.memp_memory:0000000000000000 memp_memory
     /tmp/ccJlzhUl.s:334    .bss.memp_tab:0000000000000000 $d
     /tmp/ccJlzhUl.s:338    .bss.memp_tab:0000000000000000 memp_tab
     /tmp/ccJlzhUl.s:341    .rodata.memp_sizes:0000000000000000 $d
     /tmp/ccJlzhUl.s:345    .rodata.memp_sizes:0000000000000000 memp_sizes
                     .debug_frame:0000000000000010 $d
     /tmp/ccJlzhUl.s:306    .text.memp_free:000000000000003c $t

UNDEFINED SYMBOLS
lwip_stats
port_halt
