ARM GAS  /tmp/cceI75B9.s 			page 1


   1              		.syntax unified
   2              		.cpu cortex-m4
   3              		.eabi_attribute 27, 3
   4              		.eabi_attribute 28, 1
   5              		.fpu fpv4-sp-d16
   6              		.eabi_attribute 20, 1
   7              		.eabi_attribute 21, 1
   8              		.eabi_attribute 23, 3
   9              		.eabi_attribute 24, 1
  10              		.eabi_attribute 25, 1
  11              		.eabi_attribute 26, 1
  12              		.eabi_attribute 30, 2
  13              		.eabi_attribute 34, 1
  14              		.eabi_attribute 18, 4
  15              		.thumb
  16              		.file	"netbuf.c"
  17              		.text
  18              	.Ltext0:
  19              		.cfi_sections	.debug_frame
  20              		.section	.text.netbuf_new,"ax",%progbits
  21              		.align	2
  22              		.p2align 4,,15
  23              		.global	netbuf_new
  24              		.thumb
  25              		.thumb_func
  26              		.type	netbuf_new, %function
  27              	netbuf_new:
  28              	.LFB7:
  29              		.file 1 "../../ext/lwip/src/api/netbuf.c"
  30              		.loc 1 57 0
  31              		.cfi_startproc
  32              		@ args = 0, pretend = 0, frame = 0
  33              		@ frame_needed = 0, uses_anonymous_args = 0
  34 0000 08B5     		push	{r3, lr}
  35              	.LCFI0:
  36              		.cfi_def_cfa_offset 8
  37              		.cfi_offset 3, -8
  38              		.cfi_offset 14, -4
  39              		.loc 1 60 0
  40 0002 0720     		movs	r0, #7
  41 0004 FFF7FEFF 		bl	memp_malloc
  42              	.LVL0:
  43              		.loc 1 61 0
  44 0008 20B1     		cbz	r0, .L2
  45              		.loc 1 62 0
  46 000a 0023     		movs	r3, #0
  47 000c 0360     		str	r3, [r0, #0]
  48              		.loc 1 63 0
  49 000e 4360     		str	r3, [r0, #4]
  50              		.loc 1 64 0
  51 0010 8360     		str	r3, [r0, #8]
  52              		.loc 1 65 0
  53 0012 8381     		strh	r3, [r0, #12]	@ movhi
  54              	.L2:
  55              		.loc 1 79 0
  56 0014 08BD     		pop	{r3, pc}
  57              		.cfi_endproc
ARM GAS  /tmp/cceI75B9.s 			page 2


  58              	.LFE7:
  59              		.size	netbuf_new, .-netbuf_new
  60 0016 00BFAFF3 		.section	.text.netbuf_delete,"ax",%progbits
  60      0080AFF3 
  60      0080
  61              		.align	2
  62              		.p2align 4,,15
  63              		.global	netbuf_delete
  64              		.thumb
  65              		.thumb_func
  66              		.type	netbuf_delete, %function
  67              	netbuf_delete:
  68              	.LFB8:
  69              		.loc 1 88 0
  70              		.cfi_startproc
  71              		@ args = 0, pretend = 0, frame = 0
  72              		@ frame_needed = 0, uses_anonymous_args = 0
  73              	.LVL1:
  74 0000 10B5     		push	{r4, lr}
  75              	.LCFI1:
  76              		.cfi_def_cfa_offset 8
  77              		.cfi_offset 4, -8
  78              		.cfi_offset 14, -4
  79              		.loc 1 89 0
  80 0002 0446     		mov	r4, r0
  81 0004 60B1     		cbz	r0, .L7
  82              		.loc 1 90 0
  83 0006 0068     		ldr	r0, [r0, #0]
  84              	.LVL2:
  85 0008 20B1     		cbz	r0, .L9
  86              		.loc 1 91 0
  87 000a FFF7FEFF 		bl	pbuf_free
  88              	.LVL3:
  89              		.loc 1 92 0
  90 000e 0023     		movs	r3, #0
  91 0010 6360     		str	r3, [r4, #4]
  92 0012 2360     		str	r3, [r4, #0]
  93              	.L9:
  94              		.loc 1 94 0
  95 0014 0720     		movs	r0, #7
  96 0016 2146     		mov	r1, r4
  97              		.loc 1 96 0
  98 0018 BDE81040 		pop	{r4, lr}
  99              		.loc 1 94 0
 100 001c FFF7FEBF 		b	memp_free
 101              	.LVL4:
 102              	.L7:
 103 0020 10BD     		pop	{r4, pc}
 104              		.cfi_endproc
 105              	.LFE8:
 106              		.size	netbuf_delete, .-netbuf_delete
 107 0022 00BFAFF3 		.section	.text.netbuf_alloc,"ax",%progbits
 107      0080AFF3 
 107      0080AFF3 
 107      0080
 108              		.align	2
 109              		.p2align 4,,15
ARM GAS  /tmp/cceI75B9.s 			page 3


 110              		.global	netbuf_alloc
 111              		.thumb
 112              		.thumb_func
 113              		.type	netbuf_alloc, %function
 114              	netbuf_alloc:
 115              	.LFB9:
 116              		.loc 1 108 0
 117              		.cfi_startproc
 118              		@ args = 0, pretend = 0, frame = 0
 119              		@ frame_needed = 0, uses_anonymous_args = 0
 120              	.LVL5:
 121 0000 38B5     		push	{r3, r4, r5, lr}
 122              	.LCFI2:
 123              		.cfi_def_cfa_offset 16
 124              		.cfi_offset 3, -16
 125              		.cfi_offset 4, -12
 126              		.cfi_offset 5, -8
 127              		.cfi_offset 14, -4
 128              		.loc 1 109 0
 129 0002 0446     		mov	r4, r0
 130              		.loc 1 108 0
 131 0004 0D46     		mov	r5, r1
 132              		.loc 1 109 0
 133 0006 A0B1     		cbz	r0, .L22
 134              		.loc 1 112 0
 135 0008 0068     		ldr	r0, [r0, #0]
 136              	.LVL6:
 137 000a 08B1     		cbz	r0, .L16
 138              		.loc 1 113 0
 139 000c FFF7FEFF 		bl	pbuf_free
 140              	.LVL7:
 141              	.L16:
 142              		.loc 1 115 0
 143 0010 0020     		movs	r0, #0
 144 0012 2946     		mov	r1, r5
 145 0014 0246     		mov	r2, r0
 146 0016 FFF7FEFF 		bl	pbuf_alloc
 147              	.LVL8:
 148 001a 2060     		str	r0, [r4, #0]
 149              		.loc 1 116 0
 150 001c 20B1     		cbz	r0, .L15
 151              		.loc 1 119 0
 152 001e 4289     		ldrh	r2, [r0, #10]
 153 0020 AA42     		cmp	r2, r5
 154 0022 02D3     		bcc	.L23
 155              	.L17:
 156              		.loc 1 121 0
 157 0024 6060     		str	r0, [r4, #4]
 158              		.loc 1 122 0
 159 0026 4068     		ldr	r0, [r0, #4]
 160              	.L15:
 161              		.loc 1 123 0
 162 0028 38BD     		pop	{r3, r4, r5, pc}
 163              	.L23:
 164              		.loc 1 119 0 discriminator 1
 165 002a FFF7FEFF 		bl	port_halt
 166              	.LVL9:
ARM GAS  /tmp/cceI75B9.s 			page 4


 167 002e 2068     		ldr	r0, [r4, #0]
 168 0030 F8E7     		b	.L17
 169              	.LVL10:
 170              	.L22:
 171              		.loc 1 109 0 discriminator 1
 172 0032 FFF7FEFF 		bl	port_halt
 173              	.LVL11:
 174 0036 2046     		mov	r0, r4
 175 0038 38BD     		pop	{r3, r4, r5, pc}
 176              		.cfi_endproc
 177              	.LFE9:
 178              		.size	netbuf_alloc, .-netbuf_alloc
 179 003a 00BFAFF3 		.section	.text.netbuf_free,"ax",%progbits
 179      0080
 180              		.align	2
 181              		.p2align 4,,15
 182              		.global	netbuf_free
 183              		.thumb
 184              		.thumb_func
 185              		.type	netbuf_free, %function
 186              	netbuf_free:
 187              	.LFB10:
 188              		.loc 1 132 0
 189              		.cfi_startproc
 190              		@ args = 0, pretend = 0, frame = 0
 191              		@ frame_needed = 0, uses_anonymous_args = 0
 192              	.LVL12:
 193 0000 10B5     		push	{r4, lr}
 194              	.LCFI3:
 195              		.cfi_def_cfa_offset 8
 196              		.cfi_offset 4, -8
 197              		.cfi_offset 14, -4
 198              		.loc 1 133 0
 199 0002 0446     		mov	r4, r0
 200 0004 38B1     		cbz	r0, .L30
 201              		.loc 1 134 0
 202 0006 0068     		ldr	r0, [r0, #0]
 203              	.LVL13:
 204 0008 08B1     		cbz	r0, .L26
 205              		.loc 1 135 0
 206 000a FFF7FEFF 		bl	pbuf_free
 207              	.LVL14:
 208              	.L26:
 209              		.loc 1 137 0
 210 000e 0023     		movs	r3, #0
 211 0010 6360     		str	r3, [r4, #4]
 212 0012 2360     		str	r3, [r4, #0]
 213 0014 10BD     		pop	{r4, pc}
 214              	.LVL15:
 215              	.L30:
 216              		.loc 1 138 0 discriminator 1
 217 0016 BDE81040 		pop	{r4, lr}
 218              		.loc 1 133 0 discriminator 1
 219 001a FFF7FEBF 		b	port_halt
 220              	.LVL16:
 221              		.cfi_endproc
 222              	.LFE10:
ARM GAS  /tmp/cceI75B9.s 			page 5


 223              		.size	netbuf_free, .-netbuf_free
 224 001e 00BF     		.section	.text.netbuf_ref,"ax",%progbits
 225              		.align	2
 226              		.p2align 4,,15
 227              		.global	netbuf_ref
 228              		.thumb
 229              		.thumb_func
 230              		.type	netbuf_ref, %function
 231              	netbuf_ref:
 232              	.LFB11:
 233              		.loc 1 151 0
 234              		.cfi_startproc
 235              		@ args = 0, pretend = 0, frame = 0
 236              		@ frame_needed = 0, uses_anonymous_args = 0
 237              	.LVL17:
 238 0000 70B5     		push	{r4, r5, r6, lr}
 239              	.LCFI4:
 240              		.cfi_def_cfa_offset 16
 241              		.cfi_offset 4, -16
 242              		.cfi_offset 5, -12
 243              		.cfi_offset 6, -8
 244              		.cfi_offset 14, -4
 245              		.loc 1 152 0
 246 0002 0446     		mov	r4, r0
 247              		.loc 1 151 0
 248 0004 0E46     		mov	r6, r1
 249 0006 1546     		mov	r5, r2
 250              		.loc 1 152 0
 251 0008 A8B1     		cbz	r0, .L39
 252              		.loc 1 153 0
 253 000a 0068     		ldr	r0, [r0, #0]
 254              	.LVL18:
 255 000c 08B1     		cbz	r0, .L34
 256              		.loc 1 154 0
 257 000e FFF7FEFF 		bl	pbuf_free
 258              	.LVL19:
 259              	.L34:
 260              		.loc 1 156 0
 261 0012 0020     		movs	r0, #0
 262 0014 0146     		mov	r1, r0
 263 0016 0222     		movs	r2, #2
 264 0018 FFF7FEFF 		bl	pbuf_alloc
 265              	.LVL20:
 266 001c 0346     		mov	r3, r0
 267 001e 2060     		str	r0, [r4, #0]
 268              		.loc 1 157 0
 269 0020 30B1     		cbz	r0, .L40
 270              		.loc 1 161 0
 271 0022 4660     		str	r6, [r0, #4]
 272              		.loc 1 162 0
 273 0024 0581     		strh	r5, [r0, #8]	@ movhi
 274 0026 4581     		strh	r5, [r0, #10]	@ movhi
 275              		.loc 1 164 0
 276 0028 0020     		movs	r0, #0
 277              		.loc 1 163 0
 278 002a 6360     		str	r3, [r4, #4]
 279              	.L33:
ARM GAS  /tmp/cceI75B9.s 			page 6


 280              		.loc 1 165 0
 281 002c 40B2     		sxtb	r0, r0
 282 002e 70BD     		pop	{r4, r5, r6, pc}
 283              	.L40:
 284              		.loc 1 158 0
 285 0030 6060     		str	r0, [r4, #4]
 286              		.loc 1 159 0
 287 0032 FF20     		movs	r0, #255
 288 0034 FAE7     		b	.L33
 289              	.LVL21:
 290              	.L39:
 291              		.loc 1 152 0 discriminator 1
 292 0036 FFF7FEFF 		bl	port_halt
 293              	.LVL22:
 294 003a F220     		movs	r0, #242
 295 003c F6E7     		b	.L33
 296              		.cfi_endproc
 297              	.LFE11:
 298              		.size	netbuf_ref, .-netbuf_ref
 299 003e 00BF     		.section	.text.netbuf_chain,"ax",%progbits
 300              		.align	2
 301              		.p2align 4,,15
 302              		.global	netbuf_chain
 303              		.thumb
 304              		.thumb_func
 305              		.type	netbuf_chain, %function
 306              	netbuf_chain:
 307              	.LFB12:
 308              		.loc 1 175 0
 309              		.cfi_startproc
 310              		@ args = 0, pretend = 0, frame = 0
 311              		@ frame_needed = 0, uses_anonymous_args = 0
 312              	.LVL23:
 313 0000 38B5     		push	{r3, r4, r5, lr}
 314              	.LCFI5:
 315              		.cfi_def_cfa_offset 16
 316              		.cfi_offset 3, -16
 317              		.cfi_offset 4, -12
 318              		.cfi_offset 5, -8
 319              		.cfi_offset 14, -4
 320              		.loc 1 176 0
 321 0002 0446     		mov	r4, r0
 322              		.loc 1 175 0
 323 0004 0D46     		mov	r5, r1
 324              		.loc 1 176 0
 325 0006 60B1     		cbz	r0, .L43
 326              		.loc 1 177 0
 327 0008 59B1     		cbz	r1, .L43
 328              		.loc 1 178 0
 329 000a 0068     		ldr	r0, [r0, #0]
 330              	.LVL24:
 331 000c 0968     		ldr	r1, [r1, #0]
 332              	.LVL25:
 333 000e FFF7FEFF 		bl	pbuf_cat
 334              	.LVL26:
 335              		.loc 1 179 0
 336 0012 2368     		ldr	r3, [r4, #0]
ARM GAS  /tmp/cceI75B9.s 			page 7


 337              		.loc 1 180 0
 338 0014 0720     		movs	r0, #7
 339 0016 2946     		mov	r1, r5
 340              		.loc 1 179 0
 341 0018 6360     		str	r3, [r4, #4]
 342              		.loc 1 181 0
 343 001a BDE83840 		pop	{r3, r4, r5, lr}
 344              		.loc 1 180 0
 345 001e FFF7FEBF 		b	memp_free
 346              	.LVL27:
 347              	.L43:
 348              		.loc 1 181 0 discriminator 1
 349 0022 BDE83840 		pop	{r3, r4, r5, lr}
 350              		.loc 1 176 0 discriminator 1
 351 0026 FFF7FEBF 		b	port_halt
 352              	.LVL28:
 353              		.cfi_endproc
 354              	.LFE12:
 355              		.size	netbuf_chain, .-netbuf_chain
 356 002a 00BFAFF3 		.section	.text.netbuf_data,"ax",%progbits
 356      0080
 357              		.align	2
 358              		.p2align 4,,15
 359              		.global	netbuf_data
 360              		.thumb
 361              		.thumb_func
 362              		.type	netbuf_data, %function
 363              	netbuf_data:
 364              	.LFB13:
 365              		.loc 1 194 0
 366              		.cfi_startproc
 367              		@ args = 0, pretend = 0, frame = 0
 368              		@ frame_needed = 0, uses_anonymous_args = 0
 369              	.LVL29:
 370 0000 08B5     		push	{r3, lr}
 371              	.LCFI6:
 372              		.cfi_def_cfa_offset 8
 373              		.cfi_offset 3, -8
 374              		.cfi_offset 14, -4
 375              		.loc 1 195 0
 376 0002 58B1     		cbz	r0, .L50
 377              		.loc 1 196 0
 378 0004 51B1     		cbz	r1, .L50
 379              		.loc 1 197 0
 380 0006 4AB1     		cbz	r2, .L50
 381              		.loc 1 199 0
 382 0008 4368     		ldr	r3, [r0, #4]
 383 000a 5BB1     		cbz	r3, .L51
 384              		.loc 1 202 0
 385 000c 5B68     		ldr	r3, [r3, #4]
 386 000e 0B60     		str	r3, [r1, #0]
 387              		.loc 1 203 0
 388 0010 4368     		ldr	r3, [r0, #4]
 389 0012 5B89     		ldrh	r3, [r3, #10]
 390              		.loc 1 204 0
 391 0014 0020     		movs	r0, #0
 392              	.LVL30:
ARM GAS  /tmp/cceI75B9.s 			page 8


 393              		.loc 1 203 0
 394 0016 1380     		strh	r3, [r2, #0]	@ movhi
 395              	.LVL31:
 396              	.L49:
 397              		.loc 1 205 0
 398 0018 40B2     		sxtb	r0, r0
 399 001a 08BD     		pop	{r3, pc}
 400              	.LVL32:
 401              	.L50:
 402              		.loc 1 195 0 discriminator 1
 403 001c FFF7FEFF 		bl	port_halt
 404              	.LVL33:
 405 0020 F220     		movs	r0, #242
 406 0022 F9E7     		b	.L49
 407              	.LVL34:
 408              	.L51:
 409              		.loc 1 200 0
 410 0024 FE20     		movs	r0, #254
 411              	.LVL35:
 412 0026 F7E7     		b	.L49
 413              		.cfi_endproc
 414              	.LFE13:
 415              		.size	netbuf_data, .-netbuf_data
 416 0028 AFF30080 		.section	.text.netbuf_next,"ax",%progbits
 416      AFF30080 
 417              		.align	2
 418              		.p2align 4,,15
 419              		.global	netbuf_next
 420              		.thumb
 421              		.thumb_func
 422              		.type	netbuf_next, %function
 423              	netbuf_next:
 424              	.LFB14:
 425              		.loc 1 219 0
 426              		.cfi_startproc
 427              		@ args = 0, pretend = 0, frame = 0
 428              		@ frame_needed = 0, uses_anonymous_args = 0
 429              	.LVL36:
 430 0000 08B5     		push	{r3, lr}
 431              	.LCFI7:
 432              		.cfi_def_cfa_offset 8
 433              		.cfi_offset 3, -8
 434              		.cfi_offset 14, -4
 435              		.loc 1 220 0
 436 0002 60B1     		cbz	r0, .L62
 437              		.loc 1 221 0
 438 0004 4368     		ldr	r3, [r0, #4]
 439 0006 1B68     		ldr	r3, [r3, #0]
 440 0008 3BB1     		cbz	r3, .L61
 441              		.loc 1 225 0
 442 000a 1A68     		ldr	r2, [r3, #0]
 443              		.loc 1 224 0
 444 000c 4360     		str	r3, [r0, #4]
 445              		.loc 1 220 0
 446 000e D2F10100 		rsbs	r0, r2, #1
 447              	.LVL37:
 448 0012 38BF     		it	cc
ARM GAS  /tmp/cceI75B9.s 			page 9


 449 0014 0020     		movcc	r0, #0
 450              	.L60:
 451              		.loc 1 229 0
 452 0016 40B2     		sxtb	r0, r0
 453 0018 08BD     		pop	{r3, pc}
 454              	.LVL38:
 455              	.L61:
 456              		.loc 1 222 0
 457 001a FF20     		movs	r0, #255
 458              	.LVL39:
 459 001c FBE7     		b	.L60
 460              	.LVL40:
 461              	.L62:
 462              		.loc 1 220 0 discriminator 1
 463 001e FFF7FEFF 		bl	port_halt
 464              	.LVL41:
 465 0022 FF20     		movs	r0, #255
 466 0024 F7E7     		b	.L60
 467              		.cfi_endproc
 468              	.LFE14:
 469              		.size	netbuf_next, .-netbuf_next
 470 0026 00BFAFF3 		.section	.text.netbuf_first,"ax",%progbits
 470      0080AFF3 
 470      0080
 471              		.align	2
 472              		.p2align 4,,15
 473              		.global	netbuf_first
 474              		.thumb
 475              		.thumb_func
 476              		.type	netbuf_first, %function
 477              	netbuf_first:
 478              	.LFB15:
 479              		.loc 1 240 0
 480              		.cfi_startproc
 481              		@ args = 0, pretend = 0, frame = 0
 482              		@ frame_needed = 0, uses_anonymous_args = 0
 483              		@ link register save eliminated.
 484              	.LVL42:
 485              		.loc 1 241 0
 486 0000 10B1     		cbz	r0, .L65
 487              		.loc 1 242 0
 488 0002 0368     		ldr	r3, [r0, #0]
 489 0004 4360     		str	r3, [r0, #4]
 490 0006 7047     		bx	lr
 491              	.L65:
 492              		.loc 1 243 0 discriminator 1
 493              		.loc 1 241 0 discriminator 1
 494 0008 FFF7FEBF 		b	port_halt
 495              	.LVL43:
 496              		.cfi_endproc
 497              	.LFE15:
 498              		.size	netbuf_first, .-netbuf_first
 499 000c AFF30080 		.text
 500              	.Letext0:
 501              		.file 2 "/opt/psas/x-tools/stm32f407/arm-psas-eabi/bin/../lib/gcc/arm-psas-eabi/4.7.2/../../../../
 502              		.file 3 "../../os/various/lwip_bindings/arch/cc.h"
 503              		.file 4 "../../ext/lwip/src/include/lwip/err.h"
ARM GAS  /tmp/cceI75B9.s 			page 10


 504              		.file 5 "../../ext/lwip/src/include/lwip/pbuf.h"
 505              		.file 6 "../../ext/lwip/src/include/ipv4/lwip/ip_addr.h"
 506              		.file 7 "../../ext/lwip/src/include/lwip/netbuf.h"
 507              		.file 8 "../../ext/lwip/src/include/lwip/memp.h"
 508              		.file 9 "../../os/ports/GCC/ARMCMx/chcore_v7m.h"
 509              		.section	.debug_info,"",%progbits
 510              	.Ldebug_info0:
 511 0000 FE050000 		.4byte	0x5fe
 512 0004 0200     		.2byte	0x2
 513 0006 00000000 		.4byte	.Ldebug_abbrev0
 514 000a 04       		.byte	0x4
 515 000b 01       		.uleb128 0x1
 516 000c E2010000 		.4byte	.LASF73
 517 0010 01       		.byte	0x1
 518 0011 00000000 		.4byte	.LASF74
 519 0015 8D000000 		.4byte	.LASF75
 520 0019 00000000 		.4byte	.Ldebug_ranges0+0
 521 001d 00000000 		.4byte	0
 522 0021 00000000 		.4byte	0
 523 0025 00000000 		.4byte	.Ldebug_line0
 524 0029 02       		.uleb128 0x2
 525 002a 04       		.byte	0x4
 526 002b 05       		.byte	0x5
 527 002c 696E7400 		.ascii	"int\000"
 528 0030 03       		.uleb128 0x3
 529 0031 04       		.byte	0x4
 530 0032 07       		.byte	0x7
 531 0033 CC010000 		.4byte	.LASF0
 532 0037 04       		.uleb128 0x4
 533 0038 40000000 		.4byte	.LASF2
 534 003c 02       		.byte	0x2
 535 003d 29       		.byte	0x29
 536 003e 42000000 		.4byte	0x42
 537 0042 03       		.uleb128 0x3
 538 0043 01       		.byte	0x1
 539 0044 06       		.byte	0x6
 540 0045 9A010000 		.4byte	.LASF1
 541 0049 04       		.uleb128 0x4
 542 004a ED020000 		.4byte	.LASF3
 543 004e 02       		.byte	0x2
 544 004f 2A       		.byte	0x2a
 545 0050 54000000 		.4byte	0x54
 546 0054 03       		.uleb128 0x3
 547 0055 01       		.byte	0x1
 548 0056 08       		.byte	0x8
 549 0057 7E010000 		.4byte	.LASF4
 550 005b 03       		.uleb128 0x3
 551 005c 02       		.byte	0x2
 552 005d 05       		.byte	0x5
 553 005e 61000000 		.4byte	.LASF5
 554 0062 04       		.uleb128 0x4
 555 0063 D9010000 		.4byte	.LASF6
 556 0067 02       		.byte	0x2
 557 0068 36       		.byte	0x36
 558 0069 6D000000 		.4byte	0x6d
 559 006d 03       		.uleb128 0x3
 560 006e 02       		.byte	0x2
ARM GAS  /tmp/cceI75B9.s 			page 11


 561 006f 07       		.byte	0x7
 562 0070 41020000 		.4byte	.LASF7
 563 0074 03       		.uleb128 0x3
 564 0075 04       		.byte	0x4
 565 0076 05       		.byte	0x5
 566 0077 5D010000 		.4byte	.LASF8
 567 007b 04       		.uleb128 0x4
 568 007c C3010000 		.4byte	.LASF9
 569 0080 02       		.byte	0x2
 570 0081 50       		.byte	0x50
 571 0082 86000000 		.4byte	0x86
 572 0086 03       		.uleb128 0x3
 573 0087 04       		.byte	0x4
 574 0088 07       		.byte	0x7
 575 0089 A6020000 		.4byte	.LASF10
 576 008d 03       		.uleb128 0x3
 577 008e 08       		.byte	0x8
 578 008f 05       		.byte	0x5
 579 0090 31010000 		.4byte	.LASF11
 580 0094 03       		.uleb128 0x3
 581 0095 08       		.byte	0x8
 582 0096 07       		.byte	0x7
 583 0097 AC010000 		.4byte	.LASF12
 584 009b 05       		.uleb128 0x5
 585 009c 04       		.byte	0x4
 586 009d 03       		.uleb128 0x3
 587 009e 04       		.byte	0x4
 588 009f 07       		.byte	0x7
 589 00a0 84000000 		.4byte	.LASF13
 590 00a4 03       		.uleb128 0x3
 591 00a5 01       		.byte	0x1
 592 00a6 08       		.byte	0x8
 593 00a7 24020000 		.4byte	.LASF14
 594 00ab 04       		.uleb128 0x4
 595 00ac E2020000 		.4byte	.LASF15
 596 00b0 03       		.byte	0x3
 597 00b1 3C       		.byte	0x3c
 598 00b2 49000000 		.4byte	0x49
 599 00b6 04       		.uleb128 0x4
 600 00b7 2C010000 		.4byte	.LASF16
 601 00bb 03       		.byte	0x3
 602 00bc 3D       		.byte	0x3d
 603 00bd 37000000 		.4byte	0x37
 604 00c1 04       		.uleb128 0x4
 605 00c2 F5020000 		.4byte	.LASF17
 606 00c6 03       		.byte	0x3
 607 00c7 3E       		.byte	0x3e
 608 00c8 62000000 		.4byte	0x62
 609 00cc 04       		.uleb128 0x4
 610 00cd E7020000 		.4byte	.LASF18
 611 00d1 03       		.byte	0x3
 612 00d2 40       		.byte	0x40
 613 00d3 7B000000 		.4byte	0x7b
 614 00d7 04       		.uleb128 0x4
 615 00d8 1E020000 		.4byte	.LASF19
 616 00dc 04       		.byte	0x4
 617 00dd 2F       		.byte	0x2f
ARM GAS  /tmp/cceI75B9.s 			page 12


 618 00de B6000000 		.4byte	0xb6
 619 00e2 06       		.uleb128 0x6
 620 00e3 01       		.byte	0x1
 621 00e4 05       		.byte	0x5
 622 00e5 32       		.byte	0x32
 623 00e6 03010000 		.4byte	0x103
 624 00ea 07       		.uleb128 0x7
 625 00eb 7D020000 		.4byte	.LASF20
 626 00ef 00       		.sleb128 0
 627 00f0 07       		.uleb128 0x7
 628 00f1 8C020000 		.4byte	.LASF21
 629 00f5 01       		.sleb128 1
 630 00f6 07       		.uleb128 0x7
 631 00f7 8C030000 		.4byte	.LASF22
 632 00fb 02       		.sleb128 2
 633 00fc 07       		.uleb128 0x7
 634 00fd 14010000 		.4byte	.LASF23
 635 0101 03       		.sleb128 3
 636 0102 00       		.byte	0
 637 0103 04       		.uleb128 0x4
 638 0104 EE010000 		.4byte	.LASF24
 639 0108 05       		.byte	0x5
 640 0109 37       		.byte	0x37
 641 010a E2000000 		.4byte	0xe2
 642 010e 06       		.uleb128 0x6
 643 010f 01       		.byte	0x1
 644 0110 05       		.byte	0x5
 645 0111 39       		.byte	0x39
 646 0112 2F010000 		.4byte	0x12f
 647 0116 07       		.uleb128 0x7
 648 0117 F7000000 		.4byte	.LASF25
 649 011b 00       		.sleb128 0
 650 011c 07       		.uleb128 0x7
 651 011d 71030000 		.4byte	.LASF26
 652 0121 01       		.sleb128 1
 653 0122 07       		.uleb128 0x7
 654 0123 60030000 		.4byte	.LASF27
 655 0127 02       		.sleb128 2
 656 0128 07       		.uleb128 0x7
 657 0129 F9010000 		.4byte	.LASF28
 658 012d 03       		.sleb128 3
 659 012e 00       		.byte	0
 660 012f 04       		.uleb128 0x4
 661 0130 B8020000 		.4byte	.LASF29
 662 0134 05       		.byte	0x5
 663 0135 3E       		.byte	0x3e
 664 0136 0E010000 		.4byte	0x10e
 665 013a 08       		.uleb128 0x8
 666 013b 87030000 		.4byte	.LASF35
 667 013f 10       		.byte	0x10
 668 0140 05       		.byte	0x5
 669 0141 49       		.byte	0x49
 670 0142 A9010000 		.4byte	0x1a9
 671 0146 09       		.uleb128 0x9
 672 0147 82030000 		.4byte	.LASF30
 673 014b 05       		.byte	0x5
 674 014c 4B       		.byte	0x4b
ARM GAS  /tmp/cceI75B9.s 			page 13


 675 014d A9010000 		.4byte	0x1a9
 676 0151 02       		.byte	0x2
 677 0152 23       		.byte	0x23
 678 0153 00       		.uleb128 0
 679 0154 09       		.uleb128 0x9
 680 0155 7A030000 		.4byte	.LASF31
 681 0159 05       		.byte	0x5
 682 015a 4E       		.byte	0x4e
 683 015b 9B000000 		.4byte	0x9b
 684 015f 02       		.byte	0x2
 685 0160 23       		.byte	0x23
 686 0161 04       		.uleb128 0x4
 687 0162 09       		.uleb128 0x9
 688 0163 32030000 		.4byte	.LASF32
 689 0167 05       		.byte	0x5
 690 0168 57       		.byte	0x57
 691 0169 C1000000 		.4byte	0xc1
 692 016d 02       		.byte	0x2
 693 016e 23       		.byte	0x23
 694 016f 08       		.uleb128 0x8
 695 0170 0A       		.uleb128 0xa
 696 0171 6C656E00 		.ascii	"len\000"
 697 0175 05       		.byte	0x5
 698 0176 5A       		.byte	0x5a
 699 0177 C1000000 		.4byte	0xc1
 700 017b 02       		.byte	0x2
 701 017c 23       		.byte	0x23
 702 017d 0A       		.uleb128 0xa
 703 017e 09       		.uleb128 0x9
 704 017f 29020000 		.4byte	.LASF33
 705 0183 05       		.byte	0x5
 706 0184 5D       		.byte	0x5d
 707 0185 AB000000 		.4byte	0xab
 708 0189 02       		.byte	0x2
 709 018a 23       		.byte	0x23
 710 018b 0C       		.uleb128 0xc
 711 018c 09       		.uleb128 0x9
 712 018d A6010000 		.4byte	.LASF34
 713 0191 05       		.byte	0x5
 714 0192 60       		.byte	0x60
 715 0193 AB000000 		.4byte	0xab
 716 0197 02       		.byte	0x2
 717 0198 23       		.byte	0x23
 718 0199 0D       		.uleb128 0xd
 719 019a 0A       		.uleb128 0xa
 720 019b 72656600 		.ascii	"ref\000"
 721 019f 05       		.byte	0x5
 722 01a0 67       		.byte	0x67
 723 01a1 C1000000 		.4byte	0xc1
 724 01a5 02       		.byte	0x2
 725 01a6 23       		.byte	0x23
 726 01a7 0E       		.uleb128 0xe
 727 01a8 00       		.byte	0
 728 01a9 0B       		.uleb128 0xb
 729 01aa 04       		.byte	0x4
 730 01ab 3A010000 		.4byte	0x13a
 731 01af 08       		.uleb128 0x8
ARM GAS  /tmp/cceI75B9.s 			page 14


 732 01b0 69030000 		.4byte	.LASF36
 733 01b4 04       		.byte	0x4
 734 01b5 06       		.byte	0x6
 735 01b6 2C       		.byte	0x2c
 736 01b7 CA010000 		.4byte	0x1ca
 737 01bb 09       		.uleb128 0x9
 738 01bc 70010000 		.4byte	.LASF37
 739 01c0 06       		.byte	0x6
 740 01c1 2D       		.byte	0x2d
 741 01c2 CC000000 		.4byte	0xcc
 742 01c6 02       		.byte	0x2
 743 01c7 23       		.byte	0x23
 744 01c8 00       		.uleb128 0
 745 01c9 00       		.byte	0
 746 01ca 04       		.uleb128 0x4
 747 01cb 66010000 		.4byte	.LASF38
 748 01cf 06       		.byte	0x6
 749 01d0 40       		.byte	0x40
 750 01d1 AF010000 		.4byte	0x1af
 751 01d5 08       		.uleb128 0x8
 752 01d6 56010000 		.4byte	.LASF39
 753 01da 10       		.byte	0x10
 754 01db 07       		.byte	0x7
 755 01dc 30       		.byte	0x30
 756 01dd 18020000 		.4byte	0x218
 757 01e1 0A       		.uleb128 0xa
 758 01e2 7000     		.ascii	"p\000"
 759 01e4 07       		.byte	0x7
 760 01e5 31       		.byte	0x31
 761 01e6 A9010000 		.4byte	0x1a9
 762 01ea 02       		.byte	0x2
 763 01eb 23       		.byte	0x23
 764 01ec 00       		.uleb128 0
 765 01ed 0A       		.uleb128 0xa
 766 01ee 70747200 		.ascii	"ptr\000"
 767 01f2 07       		.byte	0x7
 768 01f3 31       		.byte	0x31
 769 01f4 A9010000 		.4byte	0x1a9
 770 01f8 02       		.byte	0x2
 771 01f9 23       		.byte	0x23
 772 01fa 04       		.uleb128 0x4
 773 01fb 09       		.uleb128 0x9
 774 01fc 70010000 		.4byte	.LASF37
 775 0200 07       		.byte	0x7
 776 0201 32       		.byte	0x32
 777 0202 CA010000 		.4byte	0x1ca
 778 0206 02       		.byte	0x2
 779 0207 23       		.byte	0x23
 780 0208 08       		.uleb128 0x8
 781 0209 09       		.uleb128 0x9
 782 020a 94020000 		.4byte	.LASF40
 783 020e 07       		.byte	0x7
 784 020f 33       		.byte	0x33
 785 0210 C1000000 		.4byte	0xc1
 786 0214 02       		.byte	0x2
 787 0215 23       		.byte	0x23
 788 0216 0C       		.uleb128 0xc
ARM GAS  /tmp/cceI75B9.s 			page 15


 789 0217 00       		.byte	0
 790 0218 06       		.uleb128 0x6
 791 0219 01       		.byte	0x1
 792 021a 08       		.byte	0x8
 793 021b 2B       		.byte	0x2b
 794 021c 7B020000 		.4byte	0x27b
 795 0220 07       		.uleb128 0x7
 796 0221 C2020000 		.4byte	.LASF41
 797 0225 00       		.sleb128 0
 798 0226 07       		.uleb128 0x7
 799 0227 53030000 		.4byte	.LASF42
 800 022b 01       		.sleb128 1
 801 022c 07       		.uleb128 0x7
 802 022d 3A030000 		.4byte	.LASF43
 803 0231 02       		.sleb128 2
 804 0232 07       		.uleb128 0x7
 805 0233 00010000 		.4byte	.LASF44
 806 0237 03       		.sleb128 3
 807 0238 07       		.uleb128 0x7
 808 0239 77000000 		.4byte	.LASF45
 809 023d 04       		.sleb128 4
 810 023e 07       		.uleb128 0x7
 811 023f 03020000 		.4byte	.LASF46
 812 0243 05       		.sleb128 5
 813 0244 07       		.uleb128 0x7
 814 0245 1D010000 		.4byte	.LASF47
 815 0249 06       		.sleb128 6
 816 024a 07       		.uleb128 0x7
 817 024b 6B000000 		.4byte	.LASF48
 818 024f 07       		.sleb128 7
 819 0250 07       		.uleb128 0x7
 820 0251 54000000 		.4byte	.LASF49
 821 0255 08       		.sleb128 8
 822 0256 07       		.uleb128 0x7
 823 0257 2E020000 		.4byte	.LASF50
 824 025b 09       		.sleb128 9
 825 025c 07       		.uleb128 0x7
 826 025d 15030000 		.4byte	.LASF51
 827 0261 0A       		.sleb128 10
 828 0262 07       		.uleb128 0x7
 829 0263 E1000000 		.4byte	.LASF52
 830 0267 0B       		.sleb128 11
 831 0268 07       		.uleb128 0x7
 832 0269 66020000 		.4byte	.LASF53
 833 026d 0C       		.sleb128 12
 834 026e 07       		.uleb128 0x7
 835 026f FB020000 		.4byte	.LASF54
 836 0273 0D       		.sleb128 13
 837 0274 07       		.uleb128 0x7
 838 0275 91010000 		.4byte	.LASF55
 839 0279 0E       		.sleb128 14
 840 027a 00       		.byte	0
 841 027b 04       		.uleb128 0x4
 842 027c 5F020000 		.4byte	.LASF56
 843 0280 08       		.byte	0x8
 844 0281 2F       		.byte	0x2f
 845 0282 18020000 		.4byte	0x218
ARM GAS  /tmp/cceI75B9.s 			page 16


 846 0286 0C       		.uleb128 0xc
 847 0287 01       		.byte	0x1
 848 0288 0A030000 		.4byte	.LASF57
 849 028c 01       		.byte	0x1
 850 028d 38       		.byte	0x38
 851 028e 01       		.byte	0x1
 852 028f C1020000 		.4byte	0x2c1
 853 0293 00000000 		.4byte	.LFB7
 854 0297 16000000 		.4byte	.LFE7
 855 029b 00000000 		.4byte	.LLST0
 856 029f 01       		.byte	0x1
 857 02a0 C1020000 		.4byte	0x2c1
 858 02a4 0D       		.uleb128 0xd
 859 02a5 62756600 		.ascii	"buf\000"
 860 02a9 01       		.byte	0x1
 861 02aa 3A       		.byte	0x3a
 862 02ab C1020000 		.4byte	0x2c1
 863 02af 01       		.byte	0x1
 864 02b0 50       		.byte	0x50
 865 02b1 0E       		.uleb128 0xe
 866 02b2 08000000 		.4byte	.LVL0
 867 02b6 76050000 		.4byte	0x576
 868 02ba 0F       		.uleb128 0xf
 869 02bb 01       		.byte	0x1
 870 02bc 50       		.byte	0x50
 871 02bd 01       		.byte	0x1
 872 02be 37       		.byte	0x37
 873 02bf 00       		.byte	0
 874 02c0 00       		.byte	0
 875 02c1 0B       		.uleb128 0xb
 876 02c2 04       		.byte	0x4
 877 02c3 D5010000 		.4byte	0x1d5
 878 02c7 10       		.uleb128 0x10
 879 02c8 01       		.byte	0x1
 880 02c9 D4020000 		.4byte	.LASF60
 881 02cd 01       		.byte	0x1
 882 02ce 57       		.byte	0x57
 883 02cf 01       		.byte	0x1
 884 02d0 00000000 		.4byte	.LFB8
 885 02d4 22000000 		.4byte	.LFE8
 886 02d8 20000000 		.4byte	.LLST1
 887 02dc 01       		.byte	0x1
 888 02dd 10030000 		.4byte	0x310
 889 02e1 11       		.uleb128 0x11
 890 02e2 62756600 		.ascii	"buf\000"
 891 02e6 01       		.byte	0x1
 892 02e7 57       		.byte	0x57
 893 02e8 C1020000 		.4byte	0x2c1
 894 02ec 40000000 		.4byte	.LLST2
 895 02f0 12       		.uleb128 0x12
 896 02f1 0E000000 		.4byte	.LVL3
 897 02f5 8E050000 		.4byte	0x58e
 898 02f9 13       		.uleb128 0x13
 899 02fa 20000000 		.4byte	.LVL4
 900 02fe 01       		.byte	0x1
 901 02ff A6050000 		.4byte	0x5a6
 902 0303 0F       		.uleb128 0xf
ARM GAS  /tmp/cceI75B9.s 			page 17


 903 0304 01       		.byte	0x1
 904 0305 51       		.byte	0x51
 905 0306 02       		.byte	0x2
 906 0307 74       		.byte	0x74
 907 0308 00       		.sleb128 0
 908 0309 0F       		.uleb128 0xf
 909 030a 01       		.byte	0x1
 910 030b 50       		.byte	0x50
 911 030c 01       		.byte	0x1
 912 030d 37       		.byte	0x37
 913 030e 00       		.byte	0
 914 030f 00       		.byte	0
 915 0310 0C       		.uleb128 0xc
 916 0311 01       		.byte	0x1
 917 0312 47000000 		.4byte	.LASF58
 918 0316 01       		.byte	0x1
 919 0317 6B       		.byte	0x6b
 920 0318 01       		.byte	0x1
 921 0319 9B000000 		.4byte	0x9b
 922 031d 00000000 		.4byte	.LFB9
 923 0321 3A000000 		.4byte	.LFE9
 924 0325 69000000 		.4byte	.LLST3
 925 0329 01       		.byte	0x1
 926 032a 86030000 		.4byte	0x386
 927 032e 11       		.uleb128 0x11
 928 032f 62756600 		.ascii	"buf\000"
 929 0333 01       		.byte	0x1
 930 0334 6B       		.byte	0x6b
 931 0335 C1020000 		.4byte	0x2c1
 932 0339 89000000 		.4byte	.LLST4
 933 033d 14       		.uleb128 0x14
 934 033e CF020000 		.4byte	.LASF59
 935 0342 01       		.byte	0x1
 936 0343 6B       		.byte	0x6b
 937 0344 C1000000 		.4byte	0xc1
 938 0348 BD000000 		.4byte	.LLST5
 939 034c 12       		.uleb128 0x12
 940 034d 10000000 		.4byte	.LVL7
 941 0351 8E050000 		.4byte	0x58e
 942 0355 15       		.uleb128 0x15
 943 0356 1A000000 		.4byte	.LVL8
 944 035a BF050000 		.4byte	0x5bf
 945 035e 73030000 		.4byte	0x373
 946 0362 0F       		.uleb128 0xf
 947 0363 01       		.byte	0x1
 948 0364 52       		.byte	0x52
 949 0365 01       		.byte	0x1
 950 0366 30       		.byte	0x30
 951 0367 0F       		.uleb128 0xf
 952 0368 01       		.byte	0x1
 953 0369 51       		.byte	0x51
 954 036a 02       		.byte	0x2
 955 036b 75       		.byte	0x75
 956 036c 00       		.sleb128 0
 957 036d 0F       		.uleb128 0xf
 958 036e 01       		.byte	0x1
 959 036f 50       		.byte	0x50
ARM GAS  /tmp/cceI75B9.s 			page 18


 960 0370 01       		.byte	0x1
 961 0371 30       		.byte	0x30
 962 0372 00       		.byte	0
 963 0373 12       		.uleb128 0x12
 964 0374 2E000000 		.4byte	.LVL9
 965 0378 E1050000 		.4byte	0x5e1
 966 037c 12       		.uleb128 0x12
 967 037d 36000000 		.4byte	.LVL11
 968 0381 E1050000 		.4byte	0x5e1
 969 0385 00       		.byte	0
 970 0386 10       		.uleb128 0x10
 971 0387 01       		.byte	0x1
 972 0388 12020000 		.4byte	.LASF61
 973 038c 01       		.byte	0x1
 974 038d 83       		.byte	0x83
 975 038e 01       		.byte	0x1
 976 038f 00000000 		.4byte	.LFB10
 977 0393 1E000000 		.4byte	.LFE10
 978 0397 F7000000 		.4byte	.LLST6
 979 039b 01       		.byte	0x1
 980 039c C3030000 		.4byte	0x3c3
 981 03a0 11       		.uleb128 0x11
 982 03a1 62756600 		.ascii	"buf\000"
 983 03a5 01       		.byte	0x1
 984 03a6 83       		.byte	0x83
 985 03a7 C1020000 		.4byte	0x2c1
 986 03ab 17010000 		.4byte	.LLST7
 987 03af 12       		.uleb128 0x12
 988 03b0 0E000000 		.4byte	.LVL14
 989 03b4 8E050000 		.4byte	0x58e
 990 03b8 16       		.uleb128 0x16
 991 03b9 1E000000 		.4byte	.LVL16
 992 03bd 01       		.byte	0x1
 993 03be E1050000 		.4byte	0x5e1
 994 03c2 00       		.byte	0
 995 03c3 0C       		.uleb128 0xc
 996 03c4 01       		.byte	0x1
 997 03c5 4B010000 		.4byte	.LASF62
 998 03c9 01       		.byte	0x1
 999 03ca 96       		.byte	0x96
 1000 03cb 01       		.byte	0x1
 1001 03cc D7000000 		.4byte	0xd7
 1002 03d0 00000000 		.4byte	.LFB11
 1003 03d4 3E000000 		.4byte	.LFE11
 1004 03d8 4B010000 		.4byte	.LLST8
 1005 03dc 01       		.byte	0x1
 1006 03dd 3E040000 		.4byte	0x43e
 1007 03e1 11       		.uleb128 0x11
 1008 03e2 62756600 		.ascii	"buf\000"
 1009 03e6 01       		.byte	0x1
 1010 03e7 96       		.byte	0x96
 1011 03e8 C1020000 		.4byte	0x2c1
 1012 03ec 6B010000 		.4byte	.LLST9
 1013 03f0 14       		.uleb128 0x14
 1014 03f1 2A030000 		.4byte	.LASF63
 1015 03f5 01       		.byte	0x1
 1016 03f6 96       		.byte	0x96
ARM GAS  /tmp/cceI75B9.s 			page 19


 1017 03f7 3E040000 		.4byte	0x43e
 1018 03fb 9F010000 		.4byte	.LLST10
 1019 03ff 14       		.uleb128 0x14
 1020 0400 CF020000 		.4byte	.LASF59
 1021 0404 01       		.byte	0x1
 1022 0405 96       		.byte	0x96
 1023 0406 C1000000 		.4byte	0xc1
 1024 040a D3010000 		.4byte	.LLST11
 1025 040e 12       		.uleb128 0x12
 1026 040f 12000000 		.4byte	.LVL19
 1027 0413 8E050000 		.4byte	0x58e
 1028 0417 15       		.uleb128 0x15
 1029 0418 1C000000 		.4byte	.LVL20
 1030 041c BF050000 		.4byte	0x5bf
 1031 0420 34040000 		.4byte	0x434
 1032 0424 0F       		.uleb128 0xf
 1033 0425 01       		.byte	0x1
 1034 0426 52       		.byte	0x52
 1035 0427 01       		.byte	0x1
 1036 0428 32       		.byte	0x32
 1037 0429 0F       		.uleb128 0xf
 1038 042a 01       		.byte	0x1
 1039 042b 51       		.byte	0x51
 1040 042c 01       		.byte	0x1
 1041 042d 30       		.byte	0x30
 1042 042e 0F       		.uleb128 0xf
 1043 042f 01       		.byte	0x1
 1044 0430 50       		.byte	0x50
 1045 0431 01       		.byte	0x1
 1046 0432 30       		.byte	0x30
 1047 0433 00       		.byte	0
 1048 0434 12       		.uleb128 0x12
 1049 0435 3A000000 		.4byte	.LVL22
 1050 0439 E1050000 		.4byte	0x5e1
 1051 043d 00       		.byte	0
 1052 043e 0B       		.uleb128 0xb
 1053 043f 04       		.byte	0x4
 1054 0440 44040000 		.4byte	0x444
 1055 0444 17       		.uleb128 0x17
 1056 0445 10       		.uleb128 0x10
 1057 0446 01       		.byte	0x1
 1058 0447 70020000 		.4byte	.LASF64
 1059 044b 01       		.byte	0x1
 1060 044c AE       		.byte	0xae
 1061 044d 01       		.byte	0x1
 1062 044e 00000000 		.4byte	.LFB12
 1063 0452 2A000000 		.4byte	.LFE12
 1064 0456 0D020000 		.4byte	.LLST12
 1065 045a 01       		.byte	0x1
 1066 045b AB040000 		.4byte	0x4ab
 1067 045f 14       		.uleb128 0x14
 1068 0460 F2000000 		.4byte	.LASF65
 1069 0464 01       		.byte	0x1
 1070 0465 AE       		.byte	0xae
 1071 0466 C1020000 		.4byte	0x2c1
 1072 046a 2D020000 		.4byte	.LLST13
 1073 046e 14       		.uleb128 0x14
ARM GAS  /tmp/cceI75B9.s 			page 20


 1074 046f 8C010000 		.4byte	.LASF66
 1075 0473 01       		.byte	0x1
 1076 0474 AE       		.byte	0xae
 1077 0475 C1020000 		.4byte	0x2c1
 1078 0479 61020000 		.4byte	.LLST14
 1079 047d 12       		.uleb128 0x12
 1080 047e 12000000 		.4byte	.LVL26
 1081 0482 EC050000 		.4byte	0x5ec
 1082 0486 18       		.uleb128 0x18
 1083 0487 22000000 		.4byte	.LVL27
 1084 048b 01       		.byte	0x1
 1085 048c A6050000 		.4byte	0x5a6
 1086 0490 A0040000 		.4byte	0x4a0
 1087 0494 0F       		.uleb128 0xf
 1088 0495 01       		.byte	0x1
 1089 0496 51       		.byte	0x51
 1090 0497 02       		.byte	0x2
 1091 0498 75       		.byte	0x75
 1092 0499 00       		.sleb128 0
 1093 049a 0F       		.uleb128 0xf
 1094 049b 01       		.byte	0x1
 1095 049c 50       		.byte	0x50
 1096 049d 01       		.byte	0x1
 1097 049e 37       		.byte	0x37
 1098 049f 00       		.byte	0
 1099 04a0 16       		.uleb128 0x16
 1100 04a1 2A000000 		.4byte	.LVL28
 1101 04a5 01       		.byte	0x1
 1102 04a6 E1050000 		.4byte	0x5e1
 1103 04aa 00       		.byte	0
 1104 04ab 0C       		.uleb128 0xc
 1105 04ac 01       		.byte	0x1
 1106 04ad 34000000 		.4byte	.LASF67
 1107 04b1 01       		.byte	0x1
 1108 04b2 C1       		.byte	0xc1
 1109 04b3 01       		.byte	0x1
 1110 04b4 D7000000 		.4byte	0xd7
 1111 04b8 00000000 		.4byte	.LFB13
 1112 04bc 28000000 		.4byte	.LFE13
 1113 04c0 95020000 		.4byte	.LLST15
 1114 04c4 01       		.byte	0x1
 1115 04c5 00050000 		.4byte	0x500
 1116 04c9 11       		.uleb128 0x11
 1117 04ca 62756600 		.ascii	"buf\000"
 1118 04ce 01       		.byte	0x1
 1119 04cf C1       		.byte	0xc1
 1120 04d0 C1020000 		.4byte	0x2c1
 1121 04d4 B5020000 		.4byte	.LLST16
 1122 04d8 14       		.uleb128 0x14
 1123 04d9 2A030000 		.4byte	.LASF63
 1124 04dd 01       		.byte	0x1
 1125 04de C1       		.byte	0xc1
 1126 04df 00050000 		.4byte	0x500
 1127 04e3 08030000 		.4byte	.LLST17
 1128 04e7 11       		.uleb128 0x11
 1129 04e8 6C656E00 		.ascii	"len\000"
 1130 04ec 01       		.byte	0x1
ARM GAS  /tmp/cceI75B9.s 			page 21


 1131 04ed C1       		.byte	0xc1
 1132 04ee 06050000 		.4byte	0x506
 1133 04f2 4D030000 		.4byte	.LLST18
 1134 04f6 12       		.uleb128 0x12
 1135 04f7 20000000 		.4byte	.LVL33
 1136 04fb E1050000 		.4byte	0x5e1
 1137 04ff 00       		.byte	0
 1138 0500 0B       		.uleb128 0xb
 1139 0501 04       		.byte	0x4
 1140 0502 9B000000 		.4byte	0x9b
 1141 0506 0B       		.uleb128 0xb
 1142 0507 04       		.byte	0x4
 1143 0508 C1000000 		.4byte	0xc1
 1144 050c 0C       		.uleb128 0xc
 1145 050d 01       		.byte	0x1
 1146 050e 3F010000 		.4byte	.LASF68
 1147 0512 01       		.byte	0x1
 1148 0513 DA       		.byte	0xda
 1149 0514 01       		.byte	0x1
 1150 0515 B6000000 		.4byte	0xb6
 1151 0519 00000000 		.4byte	.LFB14
 1152 051d 26000000 		.4byte	.LFE14
 1153 0521 92030000 		.4byte	.LLST19
 1154 0525 01       		.byte	0x1
 1155 0526 43050000 		.4byte	0x543
 1156 052a 11       		.uleb128 0x11
 1157 052b 62756600 		.ascii	"buf\000"
 1158 052f 01       		.byte	0x1
 1159 0530 DA       		.byte	0xda
 1160 0531 C1020000 		.4byte	0x2c1
 1161 0535 B2030000 		.4byte	.LLST20
 1162 0539 12       		.uleb128 0x12
 1163 053a 22000000 		.4byte	.LVL41
 1164 053e E1050000 		.4byte	0x5e1
 1165 0542 00       		.byte	0
 1166 0543 19       		.uleb128 0x19
 1167 0544 01       		.byte	0x1
 1168 0545 99020000 		.4byte	.LASF69
 1169 0549 01       		.byte	0x1
 1170 054a EF       		.byte	0xef
 1171 054b 01       		.byte	0x1
 1172 054c 00000000 		.4byte	.LFB15
 1173 0550 0C000000 		.4byte	.LFE15
 1174 0554 02       		.byte	0x2
 1175 0555 7D       		.byte	0x7d
 1176 0556 00       		.sleb128 0
 1177 0557 01       		.byte	0x1
 1178 0558 76050000 		.4byte	0x576
 1179 055c 11       		.uleb128 0x11
 1180 055d 62756600 		.ascii	"buf\000"
 1181 0561 01       		.byte	0x1
 1182 0562 EF       		.byte	0xef
 1183 0563 C1020000 		.4byte	0x2c1
 1184 0567 05040000 		.4byte	.LLST21
 1185 056b 16       		.uleb128 0x16
 1186 056c 0C000000 		.4byte	.LVL43
 1187 0570 01       		.byte	0x1
ARM GAS  /tmp/cceI75B9.s 			page 22


 1188 0571 E1050000 		.4byte	0x5e1
 1189 0575 00       		.byte	0
 1190 0576 1A       		.uleb128 0x1a
 1191 0577 01       		.byte	0x1
 1192 0578 47030000 		.4byte	.LASF70
 1193 057c 08       		.byte	0x8
 1194 057d 6A       		.byte	0x6a
 1195 057e 01       		.byte	0x1
 1196 057f 9B000000 		.4byte	0x9b
 1197 0583 01       		.byte	0x1
 1198 0584 8E050000 		.4byte	0x58e
 1199 0588 1B       		.uleb128 0x1b
 1200 0589 7B020000 		.4byte	0x27b
 1201 058d 00       		.byte	0
 1202 058e 1A       		.uleb128 0x1a
 1203 058f 01       		.byte	0x1
 1204 0590 20000000 		.4byte	.LASF71
 1205 0594 05       		.byte	0x5
 1206 0595 83       		.byte	0x83
 1207 0596 01       		.byte	0x1
 1208 0597 AB000000 		.4byte	0xab
 1209 059b 01       		.byte	0x1
 1210 059c A6050000 		.4byte	0x5a6
 1211 05a0 1B       		.uleb128 0x1b
 1212 05a1 A9010000 		.4byte	0x1a9
 1213 05a5 00       		.byte	0
 1214 05a6 1C       		.uleb128 0x1c
 1215 05a7 01       		.byte	0x1
 1216 05a8 2A000000 		.4byte	.LASF76
 1217 05ac 08       		.byte	0x8
 1218 05ad 6C       		.byte	0x6c
 1219 05ae 01       		.byte	0x1
 1220 05af 01       		.byte	0x1
 1221 05b0 BF050000 		.4byte	0x5bf
 1222 05b4 1B       		.uleb128 0x1b
 1223 05b5 7B020000 		.4byte	0x27b
 1224 05b9 1B       		.uleb128 0x1b
 1225 05ba 9B000000 		.4byte	0x9b
 1226 05be 00       		.byte	0
 1227 05bf 1A       		.uleb128 0x1a
 1228 05c0 01       		.byte	0x1
 1229 05c1 54020000 		.4byte	.LASF72
 1230 05c5 05       		.byte	0x5
 1231 05c6 7A       		.byte	0x7a
 1232 05c7 01       		.byte	0x1
 1233 05c8 A9010000 		.4byte	0x1a9
 1234 05cc 01       		.byte	0x1
 1235 05cd E1050000 		.4byte	0x5e1
 1236 05d1 1B       		.uleb128 0x1b
 1237 05d2 03010000 		.4byte	0x103
 1238 05d6 1B       		.uleb128 0x1b
 1239 05d7 C1000000 		.4byte	0xc1
 1240 05db 1B       		.uleb128 0x1b
 1241 05dc 2F010000 		.4byte	0x12f
 1242 05e0 00       		.byte	0
 1243 05e1 1D       		.uleb128 0x1d
 1244 05e2 01       		.byte	0x1
ARM GAS  /tmp/cceI75B9.s 			page 23


 1245 05e3 D7000000 		.4byte	.LASF77
 1246 05e7 09       		.byte	0x9
 1247 05e8 FA01     		.2byte	0x1fa
 1248 05ea 01       		.byte	0x1
 1249 05eb 01       		.byte	0x1
 1250 05ec 1E       		.uleb128 0x1e
 1251 05ed 01       		.byte	0x1
 1252 05ee 75010000 		.4byte	.LASF78
 1253 05f2 05       		.byte	0x5
 1254 05f3 85       		.byte	0x85
 1255 05f4 01       		.byte	0x1
 1256 05f5 01       		.byte	0x1
 1257 05f6 1B       		.uleb128 0x1b
 1258 05f7 A9010000 		.4byte	0x1a9
 1259 05fb 1B       		.uleb128 0x1b
 1260 05fc A9010000 		.4byte	0x1a9
 1261 0600 00       		.byte	0
 1262 0601 00       		.byte	0
 1263              		.section	.debug_abbrev,"",%progbits
 1264              	.Ldebug_abbrev0:
 1265 0000 01       		.uleb128 0x1
 1266 0001 11       		.uleb128 0x11
 1267 0002 01       		.byte	0x1
 1268 0003 25       		.uleb128 0x25
 1269 0004 0E       		.uleb128 0xe
 1270 0005 13       		.uleb128 0x13
 1271 0006 0B       		.uleb128 0xb
 1272 0007 03       		.uleb128 0x3
 1273 0008 0E       		.uleb128 0xe
 1274 0009 1B       		.uleb128 0x1b
 1275 000a 0E       		.uleb128 0xe
 1276 000b 55       		.uleb128 0x55
 1277 000c 06       		.uleb128 0x6
 1278 000d 11       		.uleb128 0x11
 1279 000e 01       		.uleb128 0x1
 1280 000f 52       		.uleb128 0x52
 1281 0010 01       		.uleb128 0x1
 1282 0011 10       		.uleb128 0x10
 1283 0012 06       		.uleb128 0x6
 1284 0013 00       		.byte	0
 1285 0014 00       		.byte	0
 1286 0015 02       		.uleb128 0x2
 1287 0016 24       		.uleb128 0x24
 1288 0017 00       		.byte	0
 1289 0018 0B       		.uleb128 0xb
 1290 0019 0B       		.uleb128 0xb
 1291 001a 3E       		.uleb128 0x3e
 1292 001b 0B       		.uleb128 0xb
 1293 001c 03       		.uleb128 0x3
 1294 001d 08       		.uleb128 0x8
 1295 001e 00       		.byte	0
 1296 001f 00       		.byte	0
 1297 0020 03       		.uleb128 0x3
 1298 0021 24       		.uleb128 0x24
 1299 0022 00       		.byte	0
 1300 0023 0B       		.uleb128 0xb
 1301 0024 0B       		.uleb128 0xb
ARM GAS  /tmp/cceI75B9.s 			page 24


 1302 0025 3E       		.uleb128 0x3e
 1303 0026 0B       		.uleb128 0xb
 1304 0027 03       		.uleb128 0x3
 1305 0028 0E       		.uleb128 0xe
 1306 0029 00       		.byte	0
 1307 002a 00       		.byte	0
 1308 002b 04       		.uleb128 0x4
 1309 002c 16       		.uleb128 0x16
 1310 002d 00       		.byte	0
 1311 002e 03       		.uleb128 0x3
 1312 002f 0E       		.uleb128 0xe
 1313 0030 3A       		.uleb128 0x3a
 1314 0031 0B       		.uleb128 0xb
 1315 0032 3B       		.uleb128 0x3b
 1316 0033 0B       		.uleb128 0xb
 1317 0034 49       		.uleb128 0x49
 1318 0035 13       		.uleb128 0x13
 1319 0036 00       		.byte	0
 1320 0037 00       		.byte	0
 1321 0038 05       		.uleb128 0x5
 1322 0039 0F       		.uleb128 0xf
 1323 003a 00       		.byte	0
 1324 003b 0B       		.uleb128 0xb
 1325 003c 0B       		.uleb128 0xb
 1326 003d 00       		.byte	0
 1327 003e 00       		.byte	0
 1328 003f 06       		.uleb128 0x6
 1329 0040 04       		.uleb128 0x4
 1330 0041 01       		.byte	0x1
 1331 0042 0B       		.uleb128 0xb
 1332 0043 0B       		.uleb128 0xb
 1333 0044 3A       		.uleb128 0x3a
 1334 0045 0B       		.uleb128 0xb
 1335 0046 3B       		.uleb128 0x3b
 1336 0047 0B       		.uleb128 0xb
 1337 0048 01       		.uleb128 0x1
 1338 0049 13       		.uleb128 0x13
 1339 004a 00       		.byte	0
 1340 004b 00       		.byte	0
 1341 004c 07       		.uleb128 0x7
 1342 004d 28       		.uleb128 0x28
 1343 004e 00       		.byte	0
 1344 004f 03       		.uleb128 0x3
 1345 0050 0E       		.uleb128 0xe
 1346 0051 1C       		.uleb128 0x1c
 1347 0052 0D       		.uleb128 0xd
 1348 0053 00       		.byte	0
 1349 0054 00       		.byte	0
 1350 0055 08       		.uleb128 0x8
 1351 0056 13       		.uleb128 0x13
 1352 0057 01       		.byte	0x1
 1353 0058 03       		.uleb128 0x3
 1354 0059 0E       		.uleb128 0xe
 1355 005a 0B       		.uleb128 0xb
 1356 005b 0B       		.uleb128 0xb
 1357 005c 3A       		.uleb128 0x3a
 1358 005d 0B       		.uleb128 0xb
ARM GAS  /tmp/cceI75B9.s 			page 25


 1359 005e 3B       		.uleb128 0x3b
 1360 005f 0B       		.uleb128 0xb
 1361 0060 01       		.uleb128 0x1
 1362 0061 13       		.uleb128 0x13
 1363 0062 00       		.byte	0
 1364 0063 00       		.byte	0
 1365 0064 09       		.uleb128 0x9
 1366 0065 0D       		.uleb128 0xd
 1367 0066 00       		.byte	0
 1368 0067 03       		.uleb128 0x3
 1369 0068 0E       		.uleb128 0xe
 1370 0069 3A       		.uleb128 0x3a
 1371 006a 0B       		.uleb128 0xb
 1372 006b 3B       		.uleb128 0x3b
 1373 006c 0B       		.uleb128 0xb
 1374 006d 49       		.uleb128 0x49
 1375 006e 13       		.uleb128 0x13
 1376 006f 38       		.uleb128 0x38
 1377 0070 0A       		.uleb128 0xa
 1378 0071 00       		.byte	0
 1379 0072 00       		.byte	0
 1380 0073 0A       		.uleb128 0xa
 1381 0074 0D       		.uleb128 0xd
 1382 0075 00       		.byte	0
 1383 0076 03       		.uleb128 0x3
 1384 0077 08       		.uleb128 0x8
 1385 0078 3A       		.uleb128 0x3a
 1386 0079 0B       		.uleb128 0xb
 1387 007a 3B       		.uleb128 0x3b
 1388 007b 0B       		.uleb128 0xb
 1389 007c 49       		.uleb128 0x49
 1390 007d 13       		.uleb128 0x13
 1391 007e 38       		.uleb128 0x38
 1392 007f 0A       		.uleb128 0xa
 1393 0080 00       		.byte	0
 1394 0081 00       		.byte	0
 1395 0082 0B       		.uleb128 0xb
 1396 0083 0F       		.uleb128 0xf
 1397 0084 00       		.byte	0
 1398 0085 0B       		.uleb128 0xb
 1399 0086 0B       		.uleb128 0xb
 1400 0087 49       		.uleb128 0x49
 1401 0088 13       		.uleb128 0x13
 1402 0089 00       		.byte	0
 1403 008a 00       		.byte	0
 1404 008b 0C       		.uleb128 0xc
 1405 008c 2E       		.uleb128 0x2e
 1406 008d 01       		.byte	0x1
 1407 008e 3F       		.uleb128 0x3f
 1408 008f 0C       		.uleb128 0xc
 1409 0090 03       		.uleb128 0x3
 1410 0091 0E       		.uleb128 0xe
 1411 0092 3A       		.uleb128 0x3a
 1412 0093 0B       		.uleb128 0xb
 1413 0094 3B       		.uleb128 0x3b
 1414 0095 0B       		.uleb128 0xb
 1415 0096 27       		.uleb128 0x27
ARM GAS  /tmp/cceI75B9.s 			page 26


 1416 0097 0C       		.uleb128 0xc
 1417 0098 49       		.uleb128 0x49
 1418 0099 13       		.uleb128 0x13
 1419 009a 11       		.uleb128 0x11
 1420 009b 01       		.uleb128 0x1
 1421 009c 12       		.uleb128 0x12
 1422 009d 01       		.uleb128 0x1
 1423 009e 40       		.uleb128 0x40
 1424 009f 06       		.uleb128 0x6
 1425 00a0 9742     		.uleb128 0x2117
 1426 00a2 0C       		.uleb128 0xc
 1427 00a3 01       		.uleb128 0x1
 1428 00a4 13       		.uleb128 0x13
 1429 00a5 00       		.byte	0
 1430 00a6 00       		.byte	0
 1431 00a7 0D       		.uleb128 0xd
 1432 00a8 34       		.uleb128 0x34
 1433 00a9 00       		.byte	0
 1434 00aa 03       		.uleb128 0x3
 1435 00ab 08       		.uleb128 0x8
 1436 00ac 3A       		.uleb128 0x3a
 1437 00ad 0B       		.uleb128 0xb
 1438 00ae 3B       		.uleb128 0x3b
 1439 00af 0B       		.uleb128 0xb
 1440 00b0 49       		.uleb128 0x49
 1441 00b1 13       		.uleb128 0x13
 1442 00b2 02       		.uleb128 0x2
 1443 00b3 0A       		.uleb128 0xa
 1444 00b4 00       		.byte	0
 1445 00b5 00       		.byte	0
 1446 00b6 0E       		.uleb128 0xe
 1447 00b7 898201   		.uleb128 0x4109
 1448 00ba 01       		.byte	0x1
 1449 00bb 11       		.uleb128 0x11
 1450 00bc 01       		.uleb128 0x1
 1451 00bd 31       		.uleb128 0x31
 1452 00be 13       		.uleb128 0x13
 1453 00bf 00       		.byte	0
 1454 00c0 00       		.byte	0
 1455 00c1 0F       		.uleb128 0xf
 1456 00c2 8A8201   		.uleb128 0x410a
 1457 00c5 00       		.byte	0
 1458 00c6 02       		.uleb128 0x2
 1459 00c7 0A       		.uleb128 0xa
 1460 00c8 9142     		.uleb128 0x2111
 1461 00ca 0A       		.uleb128 0xa
 1462 00cb 00       		.byte	0
 1463 00cc 00       		.byte	0
 1464 00cd 10       		.uleb128 0x10
 1465 00ce 2E       		.uleb128 0x2e
 1466 00cf 01       		.byte	0x1
 1467 00d0 3F       		.uleb128 0x3f
 1468 00d1 0C       		.uleb128 0xc
 1469 00d2 03       		.uleb128 0x3
 1470 00d3 0E       		.uleb128 0xe
 1471 00d4 3A       		.uleb128 0x3a
 1472 00d5 0B       		.uleb128 0xb
ARM GAS  /tmp/cceI75B9.s 			page 27


 1473 00d6 3B       		.uleb128 0x3b
 1474 00d7 0B       		.uleb128 0xb
 1475 00d8 27       		.uleb128 0x27
 1476 00d9 0C       		.uleb128 0xc
 1477 00da 11       		.uleb128 0x11
 1478 00db 01       		.uleb128 0x1
 1479 00dc 12       		.uleb128 0x12
 1480 00dd 01       		.uleb128 0x1
 1481 00de 40       		.uleb128 0x40
 1482 00df 06       		.uleb128 0x6
 1483 00e0 9742     		.uleb128 0x2117
 1484 00e2 0C       		.uleb128 0xc
 1485 00e3 01       		.uleb128 0x1
 1486 00e4 13       		.uleb128 0x13
 1487 00e5 00       		.byte	0
 1488 00e6 00       		.byte	0
 1489 00e7 11       		.uleb128 0x11
 1490 00e8 05       		.uleb128 0x5
 1491 00e9 00       		.byte	0
 1492 00ea 03       		.uleb128 0x3
 1493 00eb 08       		.uleb128 0x8
 1494 00ec 3A       		.uleb128 0x3a
 1495 00ed 0B       		.uleb128 0xb
 1496 00ee 3B       		.uleb128 0x3b
 1497 00ef 0B       		.uleb128 0xb
 1498 00f0 49       		.uleb128 0x49
 1499 00f1 13       		.uleb128 0x13
 1500 00f2 02       		.uleb128 0x2
 1501 00f3 06       		.uleb128 0x6
 1502 00f4 00       		.byte	0
 1503 00f5 00       		.byte	0
 1504 00f6 12       		.uleb128 0x12
 1505 00f7 898201   		.uleb128 0x4109
 1506 00fa 00       		.byte	0
 1507 00fb 11       		.uleb128 0x11
 1508 00fc 01       		.uleb128 0x1
 1509 00fd 31       		.uleb128 0x31
 1510 00fe 13       		.uleb128 0x13
 1511 00ff 00       		.byte	0
 1512 0100 00       		.byte	0
 1513 0101 13       		.uleb128 0x13
 1514 0102 898201   		.uleb128 0x4109
 1515 0105 01       		.byte	0x1
 1516 0106 11       		.uleb128 0x11
 1517 0107 01       		.uleb128 0x1
 1518 0108 9542     		.uleb128 0x2115
 1519 010a 0C       		.uleb128 0xc
 1520 010b 31       		.uleb128 0x31
 1521 010c 13       		.uleb128 0x13
 1522 010d 00       		.byte	0
 1523 010e 00       		.byte	0
 1524 010f 14       		.uleb128 0x14
 1525 0110 05       		.uleb128 0x5
 1526 0111 00       		.byte	0
 1527 0112 03       		.uleb128 0x3
 1528 0113 0E       		.uleb128 0xe
 1529 0114 3A       		.uleb128 0x3a
ARM GAS  /tmp/cceI75B9.s 			page 28


 1530 0115 0B       		.uleb128 0xb
 1531 0116 3B       		.uleb128 0x3b
 1532 0117 0B       		.uleb128 0xb
 1533 0118 49       		.uleb128 0x49
 1534 0119 13       		.uleb128 0x13
 1535 011a 02       		.uleb128 0x2
 1536 011b 06       		.uleb128 0x6
 1537 011c 00       		.byte	0
 1538 011d 00       		.byte	0
 1539 011e 15       		.uleb128 0x15
 1540 011f 898201   		.uleb128 0x4109
 1541 0122 01       		.byte	0x1
 1542 0123 11       		.uleb128 0x11
 1543 0124 01       		.uleb128 0x1
 1544 0125 31       		.uleb128 0x31
 1545 0126 13       		.uleb128 0x13
 1546 0127 01       		.uleb128 0x1
 1547 0128 13       		.uleb128 0x13
 1548 0129 00       		.byte	0
 1549 012a 00       		.byte	0
 1550 012b 16       		.uleb128 0x16
 1551 012c 898201   		.uleb128 0x4109
 1552 012f 00       		.byte	0
 1553 0130 11       		.uleb128 0x11
 1554 0131 01       		.uleb128 0x1
 1555 0132 9542     		.uleb128 0x2115
 1556 0134 0C       		.uleb128 0xc
 1557 0135 31       		.uleb128 0x31
 1558 0136 13       		.uleb128 0x13
 1559 0137 00       		.byte	0
 1560 0138 00       		.byte	0
 1561 0139 17       		.uleb128 0x17
 1562 013a 26       		.uleb128 0x26
 1563 013b 00       		.byte	0
 1564 013c 00       		.byte	0
 1565 013d 00       		.byte	0
 1566 013e 18       		.uleb128 0x18
 1567 013f 898201   		.uleb128 0x4109
 1568 0142 01       		.byte	0x1
 1569 0143 11       		.uleb128 0x11
 1570 0144 01       		.uleb128 0x1
 1571 0145 9542     		.uleb128 0x2115
 1572 0147 0C       		.uleb128 0xc
 1573 0148 31       		.uleb128 0x31
 1574 0149 13       		.uleb128 0x13
 1575 014a 01       		.uleb128 0x1
 1576 014b 13       		.uleb128 0x13
 1577 014c 00       		.byte	0
 1578 014d 00       		.byte	0
 1579 014e 19       		.uleb128 0x19
 1580 014f 2E       		.uleb128 0x2e
 1581 0150 01       		.byte	0x1
 1582 0151 3F       		.uleb128 0x3f
 1583 0152 0C       		.uleb128 0xc
 1584 0153 03       		.uleb128 0x3
 1585 0154 0E       		.uleb128 0xe
 1586 0155 3A       		.uleb128 0x3a
ARM GAS  /tmp/cceI75B9.s 			page 29


 1587 0156 0B       		.uleb128 0xb
 1588 0157 3B       		.uleb128 0x3b
 1589 0158 0B       		.uleb128 0xb
 1590 0159 27       		.uleb128 0x27
 1591 015a 0C       		.uleb128 0xc
 1592 015b 11       		.uleb128 0x11
 1593 015c 01       		.uleb128 0x1
 1594 015d 12       		.uleb128 0x12
 1595 015e 01       		.uleb128 0x1
 1596 015f 40       		.uleb128 0x40
 1597 0160 0A       		.uleb128 0xa
 1598 0161 9742     		.uleb128 0x2117
 1599 0163 0C       		.uleb128 0xc
 1600 0164 01       		.uleb128 0x1
 1601 0165 13       		.uleb128 0x13
 1602 0166 00       		.byte	0
 1603 0167 00       		.byte	0
 1604 0168 1A       		.uleb128 0x1a
 1605 0169 2E       		.uleb128 0x2e
 1606 016a 01       		.byte	0x1
 1607 016b 3F       		.uleb128 0x3f
 1608 016c 0C       		.uleb128 0xc
 1609 016d 03       		.uleb128 0x3
 1610 016e 0E       		.uleb128 0xe
 1611 016f 3A       		.uleb128 0x3a
 1612 0170 0B       		.uleb128 0xb
 1613 0171 3B       		.uleb128 0x3b
 1614 0172 0B       		.uleb128 0xb
 1615 0173 27       		.uleb128 0x27
 1616 0174 0C       		.uleb128 0xc
 1617 0175 49       		.uleb128 0x49
 1618 0176 13       		.uleb128 0x13
 1619 0177 3C       		.uleb128 0x3c
 1620 0178 0C       		.uleb128 0xc
 1621 0179 01       		.uleb128 0x1
 1622 017a 13       		.uleb128 0x13
 1623 017b 00       		.byte	0
 1624 017c 00       		.byte	0
 1625 017d 1B       		.uleb128 0x1b
 1626 017e 05       		.uleb128 0x5
 1627 017f 00       		.byte	0
 1628 0180 49       		.uleb128 0x49
 1629 0181 13       		.uleb128 0x13
 1630 0182 00       		.byte	0
 1631 0183 00       		.byte	0
 1632 0184 1C       		.uleb128 0x1c
 1633 0185 2E       		.uleb128 0x2e
 1634 0186 01       		.byte	0x1
 1635 0187 3F       		.uleb128 0x3f
 1636 0188 0C       		.uleb128 0xc
 1637 0189 03       		.uleb128 0x3
 1638 018a 0E       		.uleb128 0xe
 1639 018b 3A       		.uleb128 0x3a
 1640 018c 0B       		.uleb128 0xb
 1641 018d 3B       		.uleb128 0x3b
 1642 018e 0B       		.uleb128 0xb
 1643 018f 27       		.uleb128 0x27
ARM GAS  /tmp/cceI75B9.s 			page 30


 1644 0190 0C       		.uleb128 0xc
 1645 0191 3C       		.uleb128 0x3c
 1646 0192 0C       		.uleb128 0xc
 1647 0193 01       		.uleb128 0x1
 1648 0194 13       		.uleb128 0x13
 1649 0195 00       		.byte	0
 1650 0196 00       		.byte	0
 1651 0197 1D       		.uleb128 0x1d
 1652 0198 2E       		.uleb128 0x2e
 1653 0199 00       		.byte	0
 1654 019a 3F       		.uleb128 0x3f
 1655 019b 0C       		.uleb128 0xc
 1656 019c 03       		.uleb128 0x3
 1657 019d 0E       		.uleb128 0xe
 1658 019e 3A       		.uleb128 0x3a
 1659 019f 0B       		.uleb128 0xb
 1660 01a0 3B       		.uleb128 0x3b
 1661 01a1 05       		.uleb128 0x5
 1662 01a2 27       		.uleb128 0x27
 1663 01a3 0C       		.uleb128 0xc
 1664 01a4 3C       		.uleb128 0x3c
 1665 01a5 0C       		.uleb128 0xc
 1666 01a6 00       		.byte	0
 1667 01a7 00       		.byte	0
 1668 01a8 1E       		.uleb128 0x1e
 1669 01a9 2E       		.uleb128 0x2e
 1670 01aa 01       		.byte	0x1
 1671 01ab 3F       		.uleb128 0x3f
 1672 01ac 0C       		.uleb128 0xc
 1673 01ad 03       		.uleb128 0x3
 1674 01ae 0E       		.uleb128 0xe
 1675 01af 3A       		.uleb128 0x3a
 1676 01b0 0B       		.uleb128 0xb
 1677 01b1 3B       		.uleb128 0x3b
 1678 01b2 0B       		.uleb128 0xb
 1679 01b3 27       		.uleb128 0x27
 1680 01b4 0C       		.uleb128 0xc
 1681 01b5 3C       		.uleb128 0x3c
 1682 01b6 0C       		.uleb128 0xc
 1683 01b7 00       		.byte	0
 1684 01b8 00       		.byte	0
 1685 01b9 00       		.byte	0
 1686              		.section	.debug_loc,"",%progbits
 1687              	.Ldebug_loc0:
 1688              	.LLST0:
 1689 0000 00000000 		.4byte	.LFB7
 1690 0004 02000000 		.4byte	.LCFI0
 1691 0008 0200     		.2byte	0x2
 1692 000a 7D       		.byte	0x7d
 1693 000b 00       		.sleb128 0
 1694 000c 02000000 		.4byte	.LCFI0
 1695 0010 16000000 		.4byte	.LFE7
 1696 0014 0200     		.2byte	0x2
 1697 0016 7D       		.byte	0x7d
 1698 0017 08       		.sleb128 8
 1699 0018 00000000 		.4byte	0
 1700 001c 00000000 		.4byte	0
ARM GAS  /tmp/cceI75B9.s 			page 31


 1701              	.LLST1:
 1702 0020 00000000 		.4byte	.LFB8
 1703 0024 02000000 		.4byte	.LCFI1
 1704 0028 0200     		.2byte	0x2
 1705 002a 7D       		.byte	0x7d
 1706 002b 00       		.sleb128 0
 1707 002c 02000000 		.4byte	.LCFI1
 1708 0030 22000000 		.4byte	.LFE8
 1709 0034 0200     		.2byte	0x2
 1710 0036 7D       		.byte	0x7d
 1711 0037 08       		.sleb128 8
 1712 0038 00000000 		.4byte	0
 1713 003c 00000000 		.4byte	0
 1714              	.LLST2:
 1715 0040 00000000 		.4byte	.LVL1
 1716 0044 08000000 		.4byte	.LVL2
 1717 0048 0100     		.2byte	0x1
 1718 004a 50       		.byte	0x50
 1719 004b 08000000 		.4byte	.LVL2
 1720 004f 20000000 		.4byte	.LVL4
 1721 0053 0100     		.2byte	0x1
 1722 0055 54       		.byte	0x54
 1723 0056 20000000 		.4byte	.LVL4
 1724 005a 22000000 		.4byte	.LFE8
 1725 005e 0100     		.2byte	0x1
 1726 0060 50       		.byte	0x50
 1727 0061 00000000 		.4byte	0
 1728 0065 00000000 		.4byte	0
 1729              	.LLST3:
 1730 0069 00000000 		.4byte	.LFB9
 1731 006d 02000000 		.4byte	.LCFI2
 1732 0071 0200     		.2byte	0x2
 1733 0073 7D       		.byte	0x7d
 1734 0074 00       		.sleb128 0
 1735 0075 02000000 		.4byte	.LCFI2
 1736 0079 3A000000 		.4byte	.LFE9
 1737 007d 0200     		.2byte	0x2
 1738 007f 7D       		.byte	0x7d
 1739 0080 10       		.sleb128 16
 1740 0081 00000000 		.4byte	0
 1741 0085 00000000 		.4byte	0
 1742              	.LLST4:
 1743 0089 00000000 		.4byte	.LVL5
 1744 008d 0A000000 		.4byte	.LVL6
 1745 0091 0100     		.2byte	0x1
 1746 0093 50       		.byte	0x50
 1747 0094 0A000000 		.4byte	.LVL6
 1748 0098 32000000 		.4byte	.LVL10
 1749 009c 0100     		.2byte	0x1
 1750 009e 54       		.byte	0x54
 1751 009f 32000000 		.4byte	.LVL10
 1752 00a3 35000000 		.4byte	.LVL11-1
 1753 00a7 0100     		.2byte	0x1
 1754 00a9 50       		.byte	0x50
 1755 00aa 35000000 		.4byte	.LVL11-1
 1756 00ae 3A000000 		.4byte	.LFE9
 1757 00b2 0100     		.2byte	0x1
ARM GAS  /tmp/cceI75B9.s 			page 32


 1758 00b4 54       		.byte	0x54
 1759 00b5 00000000 		.4byte	0
 1760 00b9 00000000 		.4byte	0
 1761              	.LLST5:
 1762 00bd 00000000 		.4byte	.LVL5
 1763 00c1 0F000000 		.4byte	.LVL7-1
 1764 00c5 0100     		.2byte	0x1
 1765 00c7 51       		.byte	0x51
 1766 00c8 0F000000 		.4byte	.LVL7-1
 1767 00cc 32000000 		.4byte	.LVL10
 1768 00d0 0400     		.2byte	0x4
 1769 00d2 F3       		.byte	0xf3
 1770 00d3 01       		.uleb128 0x1
 1771 00d4 51       		.byte	0x51
 1772 00d5 9F       		.byte	0x9f
 1773 00d6 32000000 		.4byte	.LVL10
 1774 00da 35000000 		.4byte	.LVL11-1
 1775 00de 0100     		.2byte	0x1
 1776 00e0 51       		.byte	0x51
 1777 00e1 35000000 		.4byte	.LVL11-1
 1778 00e5 3A000000 		.4byte	.LFE9
 1779 00e9 0400     		.2byte	0x4
 1780 00eb F3       		.byte	0xf3
 1781 00ec 01       		.uleb128 0x1
 1782 00ed 51       		.byte	0x51
 1783 00ee 9F       		.byte	0x9f
 1784 00ef 00000000 		.4byte	0
 1785 00f3 00000000 		.4byte	0
 1786              	.LLST6:
 1787 00f7 00000000 		.4byte	.LFB10
 1788 00fb 02000000 		.4byte	.LCFI3
 1789 00ff 0200     		.2byte	0x2
 1790 0101 7D       		.byte	0x7d
 1791 0102 00       		.sleb128 0
 1792 0103 02000000 		.4byte	.LCFI3
 1793 0107 1E000000 		.4byte	.LFE10
 1794 010b 0200     		.2byte	0x2
 1795 010d 7D       		.byte	0x7d
 1796 010e 08       		.sleb128 8
 1797 010f 00000000 		.4byte	0
 1798 0113 00000000 		.4byte	0
 1799              	.LLST7:
 1800 0117 00000000 		.4byte	.LVL12
 1801 011b 08000000 		.4byte	.LVL13
 1802 011f 0100     		.2byte	0x1
 1803 0121 50       		.byte	0x50
 1804 0122 08000000 		.4byte	.LVL13
 1805 0126 16000000 		.4byte	.LVL15
 1806 012a 0100     		.2byte	0x1
 1807 012c 54       		.byte	0x54
 1808 012d 16000000 		.4byte	.LVL15
 1809 0131 1D000000 		.4byte	.LVL16-1
 1810 0135 0100     		.2byte	0x1
 1811 0137 50       		.byte	0x50
 1812 0138 1D000000 		.4byte	.LVL16-1
 1813 013c 1E000000 		.4byte	.LFE10
 1814 0140 0100     		.2byte	0x1
ARM GAS  /tmp/cceI75B9.s 			page 33


 1815 0142 54       		.byte	0x54
 1816 0143 00000000 		.4byte	0
 1817 0147 00000000 		.4byte	0
 1818              	.LLST8:
 1819 014b 00000000 		.4byte	.LFB11
 1820 014f 02000000 		.4byte	.LCFI4
 1821 0153 0200     		.2byte	0x2
 1822 0155 7D       		.byte	0x7d
 1823 0156 00       		.sleb128 0
 1824 0157 02000000 		.4byte	.LCFI4
 1825 015b 3E000000 		.4byte	.LFE11
 1826 015f 0200     		.2byte	0x2
 1827 0161 7D       		.byte	0x7d
 1828 0162 10       		.sleb128 16
 1829 0163 00000000 		.4byte	0
 1830 0167 00000000 		.4byte	0
 1831              	.LLST9:
 1832 016b 00000000 		.4byte	.LVL17
 1833 016f 0C000000 		.4byte	.LVL18
 1834 0173 0100     		.2byte	0x1
 1835 0175 50       		.byte	0x50
 1836 0176 0C000000 		.4byte	.LVL18
 1837 017a 36000000 		.4byte	.LVL21
 1838 017e 0100     		.2byte	0x1
 1839 0180 54       		.byte	0x54
 1840 0181 36000000 		.4byte	.LVL21
 1841 0185 39000000 		.4byte	.LVL22-1
 1842 0189 0100     		.2byte	0x1
 1843 018b 50       		.byte	0x50
 1844 018c 39000000 		.4byte	.LVL22-1
 1845 0190 3E000000 		.4byte	.LFE11
 1846 0194 0100     		.2byte	0x1
 1847 0196 54       		.byte	0x54
 1848 0197 00000000 		.4byte	0
 1849 019b 00000000 		.4byte	0
 1850              	.LLST10:
 1851 019f 00000000 		.4byte	.LVL17
 1852 01a3 11000000 		.4byte	.LVL19-1
 1853 01a7 0100     		.2byte	0x1
 1854 01a9 51       		.byte	0x51
 1855 01aa 11000000 		.4byte	.LVL19-1
 1856 01ae 36000000 		.4byte	.LVL21
 1857 01b2 0100     		.2byte	0x1
 1858 01b4 56       		.byte	0x56
 1859 01b5 36000000 		.4byte	.LVL21
 1860 01b9 39000000 		.4byte	.LVL22-1
 1861 01bd 0100     		.2byte	0x1
 1862 01bf 51       		.byte	0x51
 1863 01c0 39000000 		.4byte	.LVL22-1
 1864 01c4 3E000000 		.4byte	.LFE11
 1865 01c8 0100     		.2byte	0x1
 1866 01ca 56       		.byte	0x56
 1867 01cb 00000000 		.4byte	0
 1868 01cf 00000000 		.4byte	0
 1869              	.LLST11:
 1870 01d3 00000000 		.4byte	.LVL17
 1871 01d7 11000000 		.4byte	.LVL19-1
ARM GAS  /tmp/cceI75B9.s 			page 34


 1872 01db 0100     		.2byte	0x1
 1873 01dd 52       		.byte	0x52
 1874 01de 11000000 		.4byte	.LVL19-1
 1875 01e2 36000000 		.4byte	.LVL21
 1876 01e6 0400     		.2byte	0x4
 1877 01e8 F3       		.byte	0xf3
 1878 01e9 01       		.uleb128 0x1
 1879 01ea 52       		.byte	0x52
 1880 01eb 9F       		.byte	0x9f
 1881 01ec 36000000 		.4byte	.LVL21
 1882 01f0 39000000 		.4byte	.LVL22-1
 1883 01f4 0100     		.2byte	0x1
 1884 01f6 52       		.byte	0x52
 1885 01f7 39000000 		.4byte	.LVL22-1
 1886 01fb 3E000000 		.4byte	.LFE11
 1887 01ff 0400     		.2byte	0x4
 1888 0201 F3       		.byte	0xf3
 1889 0202 01       		.uleb128 0x1
 1890 0203 52       		.byte	0x52
 1891 0204 9F       		.byte	0x9f
 1892 0205 00000000 		.4byte	0
 1893 0209 00000000 		.4byte	0
 1894              	.LLST12:
 1895 020d 00000000 		.4byte	.LFB12
 1896 0211 02000000 		.4byte	.LCFI5
 1897 0215 0200     		.2byte	0x2
 1898 0217 7D       		.byte	0x7d
 1899 0218 00       		.sleb128 0
 1900 0219 02000000 		.4byte	.LCFI5
 1901 021d 2A000000 		.4byte	.LFE12
 1902 0221 0200     		.2byte	0x2
 1903 0223 7D       		.byte	0x7d
 1904 0224 10       		.sleb128 16
 1905 0225 00000000 		.4byte	0
 1906 0229 00000000 		.4byte	0
 1907              	.LLST13:
 1908 022d 00000000 		.4byte	.LVL23
 1909 0231 0C000000 		.4byte	.LVL24
 1910 0235 0100     		.2byte	0x1
 1911 0237 50       		.byte	0x50
 1912 0238 0C000000 		.4byte	.LVL24
 1913 023c 22000000 		.4byte	.LVL27
 1914 0240 0100     		.2byte	0x1
 1915 0242 54       		.byte	0x54
 1916 0243 22000000 		.4byte	.LVL27
 1917 0247 29000000 		.4byte	.LVL28-1
 1918 024b 0100     		.2byte	0x1
 1919 024d 50       		.byte	0x50
 1920 024e 29000000 		.4byte	.LVL28-1
 1921 0252 2A000000 		.4byte	.LFE12
 1922 0256 0100     		.2byte	0x1
 1923 0258 54       		.byte	0x54
 1924 0259 00000000 		.4byte	0
 1925 025d 00000000 		.4byte	0
 1926              	.LLST14:
 1927 0261 00000000 		.4byte	.LVL23
 1928 0265 0E000000 		.4byte	.LVL25
ARM GAS  /tmp/cceI75B9.s 			page 35


 1929 0269 0100     		.2byte	0x1
 1930 026b 51       		.byte	0x51
 1931 026c 0E000000 		.4byte	.LVL25
 1932 0270 22000000 		.4byte	.LVL27
 1933 0274 0100     		.2byte	0x1
 1934 0276 55       		.byte	0x55
 1935 0277 22000000 		.4byte	.LVL27
 1936 027b 29000000 		.4byte	.LVL28-1
 1937 027f 0100     		.2byte	0x1
 1938 0281 51       		.byte	0x51
 1939 0282 29000000 		.4byte	.LVL28-1
 1940 0286 2A000000 		.4byte	.LFE12
 1941 028a 0100     		.2byte	0x1
 1942 028c 55       		.byte	0x55
 1943 028d 00000000 		.4byte	0
 1944 0291 00000000 		.4byte	0
 1945              	.LLST15:
 1946 0295 00000000 		.4byte	.LFB13
 1947 0299 02000000 		.4byte	.LCFI6
 1948 029d 0200     		.2byte	0x2
 1949 029f 7D       		.byte	0x7d
 1950 02a0 00       		.sleb128 0
 1951 02a1 02000000 		.4byte	.LCFI6
 1952 02a5 28000000 		.4byte	.LFE13
 1953 02a9 0200     		.2byte	0x2
 1954 02ab 7D       		.byte	0x7d
 1955 02ac 08       		.sleb128 8
 1956 02ad 00000000 		.4byte	0
 1957 02b1 00000000 		.4byte	0
 1958              	.LLST16:
 1959 02b5 00000000 		.4byte	.LVL29
 1960 02b9 16000000 		.4byte	.LVL30
 1961 02bd 0100     		.2byte	0x1
 1962 02bf 50       		.byte	0x50
 1963 02c0 16000000 		.4byte	.LVL30
 1964 02c4 1C000000 		.4byte	.LVL32
 1965 02c8 0400     		.2byte	0x4
 1966 02ca F3       		.byte	0xf3
 1967 02cb 01       		.uleb128 0x1
 1968 02cc 50       		.byte	0x50
 1969 02cd 9F       		.byte	0x9f
 1970 02ce 1C000000 		.4byte	.LVL32
 1971 02d2 1F000000 		.4byte	.LVL33-1
 1972 02d6 0100     		.2byte	0x1
 1973 02d8 50       		.byte	0x50
 1974 02d9 1F000000 		.4byte	.LVL33-1
 1975 02dd 24000000 		.4byte	.LVL34
 1976 02e1 0400     		.2byte	0x4
 1977 02e3 F3       		.byte	0xf3
 1978 02e4 01       		.uleb128 0x1
 1979 02e5 50       		.byte	0x50
 1980 02e6 9F       		.byte	0x9f
 1981 02e7 24000000 		.4byte	.LVL34
 1982 02eb 26000000 		.4byte	.LVL35
 1983 02ef 0100     		.2byte	0x1
 1984 02f1 50       		.byte	0x50
 1985 02f2 26000000 		.4byte	.LVL35
ARM GAS  /tmp/cceI75B9.s 			page 36


 1986 02f6 28000000 		.4byte	.LFE13
 1987 02fa 0400     		.2byte	0x4
 1988 02fc F3       		.byte	0xf3
 1989 02fd 01       		.uleb128 0x1
 1990 02fe 50       		.byte	0x50
 1991 02ff 9F       		.byte	0x9f
 1992 0300 00000000 		.4byte	0
 1993 0304 00000000 		.4byte	0
 1994              	.LLST17:
 1995 0308 00000000 		.4byte	.LVL29
 1996 030c 18000000 		.4byte	.LVL31
 1997 0310 0100     		.2byte	0x1
 1998 0312 51       		.byte	0x51
 1999 0313 18000000 		.4byte	.LVL31
 2000 0317 1C000000 		.4byte	.LVL32
 2001 031b 0400     		.2byte	0x4
 2002 031d F3       		.byte	0xf3
 2003 031e 01       		.uleb128 0x1
 2004 031f 51       		.byte	0x51
 2005 0320 9F       		.byte	0x9f
 2006 0321 1C000000 		.4byte	.LVL32
 2007 0325 1F000000 		.4byte	.LVL33-1
 2008 0329 0100     		.2byte	0x1
 2009 032b 51       		.byte	0x51
 2010 032c 1F000000 		.4byte	.LVL33-1
 2011 0330 24000000 		.4byte	.LVL34
 2012 0334 0400     		.2byte	0x4
 2013 0336 F3       		.byte	0xf3
 2014 0337 01       		.uleb128 0x1
 2015 0338 51       		.byte	0x51
 2016 0339 9F       		.byte	0x9f
 2017 033a 24000000 		.4byte	.LVL34
 2018 033e 28000000 		.4byte	.LFE13
 2019 0342 0100     		.2byte	0x1
 2020 0344 51       		.byte	0x51
 2021 0345 00000000 		.4byte	0
 2022 0349 00000000 		.4byte	0
 2023              	.LLST18:
 2024 034d 00000000 		.4byte	.LVL29
 2025 0351 18000000 		.4byte	.LVL31
 2026 0355 0100     		.2byte	0x1
 2027 0357 52       		.byte	0x52
 2028 0358 18000000 		.4byte	.LVL31
 2029 035c 1C000000 		.4byte	.LVL32
 2030 0360 0400     		.2byte	0x4
 2031 0362 F3       		.byte	0xf3
 2032 0363 01       		.uleb128 0x1
 2033 0364 52       		.byte	0x52
 2034 0365 9F       		.byte	0x9f
 2035 0366 1C000000 		.4byte	.LVL32
 2036 036a 1F000000 		.4byte	.LVL33-1
 2037 036e 0100     		.2byte	0x1
 2038 0370 52       		.byte	0x52
 2039 0371 1F000000 		.4byte	.LVL33-1
 2040 0375 24000000 		.4byte	.LVL34
 2041 0379 0400     		.2byte	0x4
 2042 037b F3       		.byte	0xf3
ARM GAS  /tmp/cceI75B9.s 			page 37


 2043 037c 01       		.uleb128 0x1
 2044 037d 52       		.byte	0x52
 2045 037e 9F       		.byte	0x9f
 2046 037f 24000000 		.4byte	.LVL34
 2047 0383 28000000 		.4byte	.LFE13
 2048 0387 0100     		.2byte	0x1
 2049 0389 52       		.byte	0x52
 2050 038a 00000000 		.4byte	0
 2051 038e 00000000 		.4byte	0
 2052              	.LLST19:
 2053 0392 00000000 		.4byte	.LFB14
 2054 0396 02000000 		.4byte	.LCFI7
 2055 039a 0200     		.2byte	0x2
 2056 039c 7D       		.byte	0x7d
 2057 039d 00       		.sleb128 0
 2058 039e 02000000 		.4byte	.LCFI7
 2059 03a2 26000000 		.4byte	.LFE14
 2060 03a6 0200     		.2byte	0x2
 2061 03a8 7D       		.byte	0x7d
 2062 03a9 08       		.sleb128 8
 2063 03aa 00000000 		.4byte	0
 2064 03ae 00000000 		.4byte	0
 2065              	.LLST20:
 2066 03b2 00000000 		.4byte	.LVL36
 2067 03b6 12000000 		.4byte	.LVL37
 2068 03ba 0100     		.2byte	0x1
 2069 03bc 50       		.byte	0x50
 2070 03bd 12000000 		.4byte	.LVL37
 2071 03c1 1A000000 		.4byte	.LVL38
 2072 03c5 0400     		.2byte	0x4
 2073 03c7 F3       		.byte	0xf3
 2074 03c8 01       		.uleb128 0x1
 2075 03c9 50       		.byte	0x50
 2076 03ca 9F       		.byte	0x9f
 2077 03cb 1A000000 		.4byte	.LVL38
 2078 03cf 1C000000 		.4byte	.LVL39
 2079 03d3 0100     		.2byte	0x1
 2080 03d5 50       		.byte	0x50
 2081 03d6 1C000000 		.4byte	.LVL39
 2082 03da 1E000000 		.4byte	.LVL40
 2083 03de 0400     		.2byte	0x4
 2084 03e0 F3       		.byte	0xf3
 2085 03e1 01       		.uleb128 0x1
 2086 03e2 50       		.byte	0x50
 2087 03e3 9F       		.byte	0x9f
 2088 03e4 1E000000 		.4byte	.LVL40
 2089 03e8 21000000 		.4byte	.LVL41-1
 2090 03ec 0100     		.2byte	0x1
 2091 03ee 50       		.byte	0x50
 2092 03ef 21000000 		.4byte	.LVL41-1
 2093 03f3 26000000 		.4byte	.LFE14
 2094 03f7 0400     		.2byte	0x4
 2095 03f9 F3       		.byte	0xf3
 2096 03fa 01       		.uleb128 0x1
 2097 03fb 50       		.byte	0x50
 2098 03fc 9F       		.byte	0x9f
 2099 03fd 00000000 		.4byte	0
ARM GAS  /tmp/cceI75B9.s 			page 38


 2100 0401 00000000 		.4byte	0
 2101              	.LLST21:
 2102 0405 00000000 		.4byte	.LVL42
 2103 0409 0B000000 		.4byte	.LVL43-1
 2104 040d 0100     		.2byte	0x1
 2105 040f 50       		.byte	0x50
 2106 0410 0B000000 		.4byte	.LVL43-1
 2107 0414 0C000000 		.4byte	.LFE15
 2108 0418 0400     		.2byte	0x4
 2109 041a F3       		.byte	0xf3
 2110 041b 01       		.uleb128 0x1
 2111 041c 50       		.byte	0x50
 2112 041d 9F       		.byte	0x9f
 2113 041e 00000000 		.4byte	0
 2114 0422 00000000 		.4byte	0
 2115              		.section	.debug_aranges,"",%progbits
 2116 0000 5C000000 		.4byte	0x5c
 2117 0004 0200     		.2byte	0x2
 2118 0006 00000000 		.4byte	.Ldebug_info0
 2119 000a 04       		.byte	0x4
 2120 000b 00       		.byte	0
 2121 000c 0000     		.2byte	0
 2122 000e 0000     		.2byte	0
 2123 0010 00000000 		.4byte	.LFB7
 2124 0014 16000000 		.4byte	.LFE7-.LFB7
 2125 0018 00000000 		.4byte	.LFB8
 2126 001c 22000000 		.4byte	.LFE8-.LFB8
 2127 0020 00000000 		.4byte	.LFB9
 2128 0024 3A000000 		.4byte	.LFE9-.LFB9
 2129 0028 00000000 		.4byte	.LFB10
 2130 002c 1E000000 		.4byte	.LFE10-.LFB10
 2131 0030 00000000 		.4byte	.LFB11
 2132 0034 3E000000 		.4byte	.LFE11-.LFB11
 2133 0038 00000000 		.4byte	.LFB12
 2134 003c 2A000000 		.4byte	.LFE12-.LFB12
 2135 0040 00000000 		.4byte	.LFB13
 2136 0044 28000000 		.4byte	.LFE13-.LFB13
 2137 0048 00000000 		.4byte	.LFB14
 2138 004c 26000000 		.4byte	.LFE14-.LFB14
 2139 0050 00000000 		.4byte	.LFB15
 2140 0054 0C000000 		.4byte	.LFE15-.LFB15
 2141 0058 00000000 		.4byte	0
 2142 005c 00000000 		.4byte	0
 2143              		.section	.debug_ranges,"",%progbits
 2144              	.Ldebug_ranges0:
 2145 0000 00000000 		.4byte	.LFB7
 2146 0004 16000000 		.4byte	.LFE7
 2147 0008 00000000 		.4byte	.LFB8
 2148 000c 22000000 		.4byte	.LFE8
 2149 0010 00000000 		.4byte	.LFB9
 2150 0014 3A000000 		.4byte	.LFE9
 2151 0018 00000000 		.4byte	.LFB10
 2152 001c 1E000000 		.4byte	.LFE10
 2153 0020 00000000 		.4byte	.LFB11
 2154 0024 3E000000 		.4byte	.LFE11
 2155 0028 00000000 		.4byte	.LFB12
 2156 002c 2A000000 		.4byte	.LFE12
ARM GAS  /tmp/cceI75B9.s 			page 39


 2157 0030 00000000 		.4byte	.LFB13
 2158 0034 28000000 		.4byte	.LFE13
 2159 0038 00000000 		.4byte	.LFB14
 2160 003c 26000000 		.4byte	.LFE14
 2161 0040 00000000 		.4byte	.LFB15
 2162 0044 0C000000 		.4byte	.LFE15
 2163 0048 00000000 		.4byte	0
 2164 004c 00000000 		.4byte	0
 2165              		.section	.debug_line,"",%progbits
 2166              	.Ldebug_line0:
 2167 0000 A4020000 		.section	.debug_str,"MS",%progbits,1
 2167      02008201 
 2167      00000201 
 2167      FB0E0D00 
 2167      01010101 
 2168              	.LASF74:
 2169 0000 2E2E2F2E 		.ascii	"../../ext/lwip/src/api/netbuf.c\000"
 2169      2E2F6578 
 2169      742F6C77 
 2169      69702F73 
 2169      72632F61 
 2170              	.LASF71:
 2171 0020 70627566 		.ascii	"pbuf_free\000"
 2171      5F667265 
 2171      6500
 2172              	.LASF76:
 2173 002a 6D656D70 		.ascii	"memp_free\000"
 2173      5F667265 
 2173      6500
 2174              	.LASF67:
 2175 0034 6E657462 		.ascii	"netbuf_data\000"
 2175      75665F64 
 2175      61746100 
 2176              	.LASF2:
 2177 0040 696E7438 		.ascii	"int8_t\000"
 2177      5F7400
 2178              	.LASF58:
 2179 0047 6E657462 		.ascii	"netbuf_alloc\000"
 2179      75665F61 
 2179      6C6C6F63 
 2179      00
 2180              	.LASF49:
 2181 0054 4D454D50 		.ascii	"MEMP_NETCONN\000"
 2181      5F4E4554 
 2181      434F4E4E 
 2181      00
 2182              	.LASF5:
 2183 0061 73686F72 		.ascii	"short int\000"
 2183      7420696E 
 2183      7400
 2184              	.LASF48:
 2185 006b 4D454D50 		.ascii	"MEMP_NETBUF\000"
 2185      5F4E4554 
 2185      42554600 
 2186              	.LASF45:
 2187 0077 4D454D50 		.ascii	"MEMP_TCP_SEG\000"
 2187      5F544350 
ARM GAS  /tmp/cceI75B9.s 			page 40


 2187      5F534547 
 2187      00
 2188              	.LASF13:
 2189 0084 73697A65 		.ascii	"sizetype\000"
 2189      74797065 
 2189      00
 2190              	.LASF75:
 2191 008d 2F686F6D 		.ascii	"/home/kwilson/Sandbox/ChibiOS_2.5.1/demos/ARMCM4-ST"
 2191      652F6B77 
 2191      696C736F 
 2191      6E2F5361 
 2191      6E64626F 
 2192 00c0 4D333246 		.ascii	"M32F407-LWIP-FATFS-USB\000"
 2192      3430372D 
 2192      4C574950 
 2192      2D464154 
 2192      46532D55 
 2193              	.LASF77:
 2194 00d7 706F7274 		.ascii	"port_halt\000"
 2194      5F68616C 
 2194      7400
 2195              	.LASF52:
 2196 00e1 4D454D50 		.ascii	"MEMP_SYS_TIMEOUT\000"
 2196      5F535953 
 2196      5F54494D 
 2196      454F5554 
 2196      00
 2197              	.LASF65:
 2198 00f2 68656164 		.ascii	"head\000"
 2198      00
 2199              	.LASF25:
 2200 00f7 50425546 		.ascii	"PBUF_RAM\000"
 2200      5F52414D 
 2200      00
 2201              	.LASF44:
 2202 0100 4D454D50 		.ascii	"MEMP_TCP_PCB_LISTEN\000"
 2202      5F544350 
 2202      5F504342 
 2202      5F4C4953 
 2202      54454E00 
 2203              	.LASF23:
 2204 0114 50425546 		.ascii	"PBUF_RAW\000"
 2204      5F524157 
 2204      00
 2205              	.LASF47:
 2206 011d 4D454D50 		.ascii	"MEMP_FRAG_PBUF\000"
 2206      5F465241 
 2206      475F5042 
 2206      554600
 2207              	.LASF16:
 2208 012c 73385F74 		.ascii	"s8_t\000"
 2208      00
 2209              	.LASF11:
 2210 0131 6C6F6E67 		.ascii	"long long int\000"
 2210      206C6F6E 
 2210      6720696E 
 2210      7400
ARM GAS  /tmp/cceI75B9.s 			page 41


 2211              	.LASF68:
 2212 013f 6E657462 		.ascii	"netbuf_next\000"
 2212      75665F6E 
 2212      65787400 
 2213              	.LASF62:
 2214 014b 6E657462 		.ascii	"netbuf_ref\000"
 2214      75665F72 
 2214      656600
 2215              	.LASF39:
 2216 0156 6E657462 		.ascii	"netbuf\000"
 2216      756600
 2217              	.LASF8:
 2218 015d 6C6F6E67 		.ascii	"long int\000"
 2218      20696E74 
 2218      00
 2219              	.LASF38:
 2220 0166 69705F61 		.ascii	"ip_addr_t\000"
 2220      6464725F 
 2220      7400
 2221              	.LASF37:
 2222 0170 61646472 		.ascii	"addr\000"
 2222      00
 2223              	.LASF78:
 2224 0175 70627566 		.ascii	"pbuf_cat\000"
 2224      5F636174 
 2224      00
 2225              	.LASF4:
 2226 017e 756E7369 		.ascii	"unsigned char\000"
 2226      676E6564 
 2226      20636861 
 2226      7200
 2227              	.LASF66:
 2228 018c 7461696C 		.ascii	"tail\000"
 2228      00
 2229              	.LASF55:
 2230 0191 4D454D50 		.ascii	"MEMP_MAX\000"
 2230      5F4D4158 
 2230      00
 2231              	.LASF1:
 2232 019a 7369676E 		.ascii	"signed char\000"
 2232      65642063 
 2232      68617200 
 2233              	.LASF34:
 2234 01a6 666C6167 		.ascii	"flags\000"
 2234      7300
 2235              	.LASF12:
 2236 01ac 6C6F6E67 		.ascii	"long long unsigned int\000"
 2236      206C6F6E 
 2236      6720756E 
 2236      7369676E 
 2236      65642069 
 2237              	.LASF9:
 2238 01c3 75696E74 		.ascii	"uint32_t\000"
 2238      33325F74 
 2238      00
 2239              	.LASF0:
 2240 01cc 756E7369 		.ascii	"unsigned int\000"
ARM GAS  /tmp/cceI75B9.s 			page 42


 2240      676E6564 
 2240      20696E74 
 2240      00
 2241              	.LASF6:
 2242 01d9 75696E74 		.ascii	"uint16_t\000"
 2242      31365F74 
 2242      00
 2243              	.LASF73:
 2244 01e2 474E5520 		.ascii	"GNU C 4.7.2\000"
 2244      4320342E 
 2244      372E3200 
 2245              	.LASF24:
 2246 01ee 70627566 		.ascii	"pbuf_layer\000"
 2246      5F6C6179 
 2246      657200
 2247              	.LASF28:
 2248 01f9 50425546 		.ascii	"PBUF_POOL\000"
 2248      5F504F4F 
 2248      4C00
 2249              	.LASF46:
 2250 0203 4D454D50 		.ascii	"MEMP_REASSDATA\000"
 2250      5F524541 
 2250      53534441 
 2250      544100
 2251              	.LASF61:
 2252 0212 6E657462 		.ascii	"netbuf_free\000"
 2252      75665F66 
 2252      72656500 
 2253              	.LASF19:
 2254 021e 6572725F 		.ascii	"err_t\000"
 2254      7400
 2255              	.LASF14:
 2256 0224 63686172 		.ascii	"char\000"
 2256      00
 2257              	.LASF33:
 2258 0229 74797065 		.ascii	"type\000"
 2258      00
 2259              	.LASF50:
 2260 022e 4D454D50 		.ascii	"MEMP_TCPIP_MSG_API\000"
 2260      5F544350 
 2260      49505F4D 
 2260      53475F41 
 2260      504900
 2261              	.LASF7:
 2262 0241 73686F72 		.ascii	"short unsigned int\000"
 2262      7420756E 
 2262      7369676E 
 2262      65642069 
 2262      6E7400
 2263              	.LASF72:
 2264 0254 70627566 		.ascii	"pbuf_alloc\000"
 2264      5F616C6C 
 2264      6F6300
 2265              	.LASF56:
 2266 025f 6D656D70 		.ascii	"memp_t\000"
 2266      5F7400
 2267              	.LASF53:
ARM GAS  /tmp/cceI75B9.s 			page 43


 2268 0266 4D454D50 		.ascii	"MEMP_PBUF\000"
 2268      5F504255 
 2268      4600
 2269              	.LASF64:
 2270 0270 6E657462 		.ascii	"netbuf_chain\000"
 2270      75665F63 
 2270      6861696E 
 2270      00
 2271              	.LASF20:
 2272 027d 50425546 		.ascii	"PBUF_TRANSPORT\000"
 2272      5F545241 
 2272      4E53504F 
 2272      525400
 2273              	.LASF21:
 2274 028c 50425546 		.ascii	"PBUF_IP\000"
 2274      5F495000 
 2275              	.LASF40:
 2276 0294 706F7274 		.ascii	"port\000"
 2276      00
 2277              	.LASF69:
 2278 0299 6E657462 		.ascii	"netbuf_first\000"
 2278      75665F66 
 2278      69727374 
 2278      00
 2279              	.LASF10:
 2280 02a6 6C6F6E67 		.ascii	"long unsigned int\000"
 2280      20756E73 
 2280      69676E65 
 2280      6420696E 
 2280      7400
 2281              	.LASF29:
 2282 02b8 70627566 		.ascii	"pbuf_type\000"
 2282      5F747970 
 2282      6500
 2283              	.LASF41:
 2284 02c2 4D454D50 		.ascii	"MEMP_RAW_PCB\000"
 2284      5F524157 
 2284      5F504342 
 2284      00
 2285              	.LASF59:
 2286 02cf 73697A65 		.ascii	"size\000"
 2286      00
 2287              	.LASF60:
 2288 02d4 6E657462 		.ascii	"netbuf_delete\000"
 2288      75665F64 
 2288      656C6574 
 2288      6500
 2289              	.LASF15:
 2290 02e2 75385F74 		.ascii	"u8_t\000"
 2290      00
 2291              	.LASF18:
 2292 02e7 7533325F 		.ascii	"u32_t\000"
 2292      7400
 2293              	.LASF3:
 2294 02ed 75696E74 		.ascii	"uint8_t\000"
 2294      385F7400 
 2295              	.LASF17:
ARM GAS  /tmp/cceI75B9.s 			page 44


 2296 02f5 7531365F 		.ascii	"u16_t\000"
 2296      7400
 2297              	.LASF54:
 2298 02fb 4D454D50 		.ascii	"MEMP_PBUF_POOL\000"
 2298      5F504255 
 2298      465F504F 
 2298      4F4C00
 2299              	.LASF57:
 2300 030a 6E657462 		.ascii	"netbuf_new\000"
 2300      75665F6E 
 2300      657700
 2301              	.LASF51:
 2302 0315 4D454D50 		.ascii	"MEMP_TCPIP_MSG_INPKT\000"
 2302      5F544350 
 2302      49505F4D 
 2302      53475F49 
 2302      4E504B54 
 2303              	.LASF63:
 2304 032a 64617461 		.ascii	"dataptr\000"
 2304      70747200 
 2305              	.LASF32:
 2306 0332 746F745F 		.ascii	"tot_len\000"
 2306      6C656E00 
 2307              	.LASF43:
 2308 033a 4D454D50 		.ascii	"MEMP_TCP_PCB\000"
 2308      5F544350 
 2308      5F504342 
 2308      00
 2309              	.LASF70:
 2310 0347 6D656D70 		.ascii	"memp_malloc\000"
 2310      5F6D616C 
 2310      6C6F6300 
 2311              	.LASF42:
 2312 0353 4D454D50 		.ascii	"MEMP_UDP_PCB\000"
 2312      5F554450 
 2312      5F504342 
 2312      00
 2313              	.LASF27:
 2314 0360 50425546 		.ascii	"PBUF_REF\000"
 2314      5F524546 
 2314      00
 2315              	.LASF36:
 2316 0369 69705F61 		.ascii	"ip_addr\000"
 2316      64647200 
 2317              	.LASF26:
 2318 0371 50425546 		.ascii	"PBUF_ROM\000"
 2318      5F524F4D 
 2318      00
 2319              	.LASF31:
 2320 037a 7061796C 		.ascii	"payload\000"
 2320      6F616400 
 2321              	.LASF30:
 2322 0382 6E657874 		.ascii	"next\000"
 2322      00
 2323              	.LASF35:
 2324 0387 70627566 		.ascii	"pbuf\000"
 2324      00
ARM GAS  /tmp/cceI75B9.s 			page 45


 2325              	.LASF22:
 2326 038c 50425546 		.ascii	"PBUF_LINK\000"
 2326      5F4C494E 
 2326      4B00
 2327              		.ident	"GCC: (crosstool-NG 1.17.0 - PSAS ST32F4 GFE) 4.7.2"
ARM GAS  /tmp/cceI75B9.s 			page 46


DEFINED SYMBOLS
                            *ABS*:0000000000000000 netbuf.c
     /tmp/cceI75B9.s:21     .text.netbuf_new:0000000000000000 $t
     /tmp/cceI75B9.s:27     .text.netbuf_new:0000000000000000 netbuf_new
     /tmp/cceI75B9.s:61     .text.netbuf_delete:0000000000000000 $t
     /tmp/cceI75B9.s:67     .text.netbuf_delete:0000000000000000 netbuf_delete
     /tmp/cceI75B9.s:108    .text.netbuf_alloc:0000000000000000 $t
     /tmp/cceI75B9.s:114    .text.netbuf_alloc:0000000000000000 netbuf_alloc
     /tmp/cceI75B9.s:180    .text.netbuf_free:0000000000000000 $t
     /tmp/cceI75B9.s:186    .text.netbuf_free:0000000000000000 netbuf_free
     /tmp/cceI75B9.s:225    .text.netbuf_ref:0000000000000000 $t
     /tmp/cceI75B9.s:231    .text.netbuf_ref:0000000000000000 netbuf_ref
     /tmp/cceI75B9.s:300    .text.netbuf_chain:0000000000000000 $t
     /tmp/cceI75B9.s:306    .text.netbuf_chain:0000000000000000 netbuf_chain
     /tmp/cceI75B9.s:357    .text.netbuf_data:0000000000000000 $t
     /tmp/cceI75B9.s:363    .text.netbuf_data:0000000000000000 netbuf_data
     /tmp/cceI75B9.s:417    .text.netbuf_next:0000000000000000 $t
     /tmp/cceI75B9.s:423    .text.netbuf_next:0000000000000000 netbuf_next
     /tmp/cceI75B9.s:471    .text.netbuf_first:0000000000000000 $t
     /tmp/cceI75B9.s:477    .text.netbuf_first:0000000000000000 netbuf_first
                     .debug_frame:0000000000000010 $d

UNDEFINED SYMBOLS
memp_malloc
pbuf_free
memp_free
pbuf_alloc
port_halt
pbuf_cat
