ARM GAS  /tmp/ccFAEAJD.s 			page 1


   1              		.syntax unified
   2              		.cpu cortex-m4
   3              		.eabi_attribute 27, 3
   4              		.eabi_attribute 28, 1
   5              		.fpu fpv4-sp-d16
   6              		.eabi_attribute 20, 1
   7              		.eabi_attribute 21, 1
   8              		.eabi_attribute 23, 3
   9              		.eabi_attribute 24, 1
  10              		.eabi_attribute 25, 1
  11              		.eabi_attribute 26, 1
  12              		.eabi_attribute 30, 2
  13              		.eabi_attribute 34, 1
  14              		.eabi_attribute 18, 4
  15              		.thumb
  16              		.file	"pal.c"
  17              		.text
  18              	.Ltext0:
  19              		.cfi_sections	.debug_frame
  20              		.section	.text.palReadBus,"ax",%progbits
  21              		.align	2
  22              		.p2align 4,,15
  23              		.global	palReadBus
  24              		.thumb
  25              		.thumb_func
  26              		.type	palReadBus, %function
  27              	palReadBus:
  28              	.LFB118:
  29              		.file 1 "../../os/hal/src/pal.c"
  30              		.loc 1 69 0
  31              		.cfi_startproc
  32              		@ args = 0, pretend = 0, frame = 0
  33              		@ frame_needed = 0, uses_anonymous_args = 0
  34              		@ link register save eliminated.
  35              	.LVL0:
  36              		.loc 1 74 0
  37 0000 0368     		ldr	r3, [r0, #0]
  38 0002 8268     		ldr	r2, [r0, #8]
  39 0004 1969     		ldr	r1, [r3, #16]
  40 0006 4368     		ldr	r3, [r0, #4]
  41 0008 21FA02F0 		lsr	r0, r1, r2
  42              	.LVL1:
  43              		.loc 1 75 0
  44 000c 1840     		ands	r0, r0, r3
  45 000e 7047     		bx	lr
  46              		.cfi_endproc
  47              	.LFE118:
  48              		.size	palReadBus, .-palReadBus
  49              		.section	.text.palWriteBus,"ax",%progbits
  50              		.align	2
  51              		.p2align 4,,15
  52              		.global	palWriteBus
  53              		.thumb
  54              		.thumb_func
  55              		.type	palWriteBus, %function
  56              	palWriteBus:
  57              	.LFB119:
ARM GAS  /tmp/ccFAEAJD.s 			page 2


  58              		.loc 1 94 0
  59              		.cfi_startproc
  60              		@ args = 0, pretend = 0, frame = 0
  61              		@ frame_needed = 0, uses_anonymous_args = 0
  62              		@ link register save eliminated.
  63              	.LVL2:
  64              		.loc 1 99 0
  65 0000 0DC8     		ldmia	r0, {r0, r2, r3}
  66              	.LVL3:
  67              		.loc 1 94 0
  68 0002 30B4     		push	{r4, r5}
  69              	.LCFI0:
  70              		.cfi_def_cfa_offset 8
  71              		.cfi_offset 4, -8
  72              		.cfi_offset 5, -4
  73              		.loc 1 99 0
  74 0004 22EA0105 		bic	r5, r2, r1
  75 0008 03F11004 		add	r4, r3, #16
  76 000c 0A40     		ands	r2, r2, r1
  77 000e 05FA04F4 		lsl	r4, r5, r4
  78 0012 02FA03F3 		lsl	r3, r2, r3
  79 0016 2343     		orrs	r3, r3, r4
  80 0018 8361     		str	r3, [r0, #24]
  81              		.loc 1 100 0
  82 001a 30BC     		pop	{r4, r5}
  83 001c 7047     		bx	lr
  84              		.cfi_endproc
  85              	.LFE119:
  86              		.size	palWriteBus, .-palWriteBus
  87 001e 00BF     		.section	.text.palSetBusMode,"ax",%progbits
  88              		.align	2
  89              		.p2align 4,,15
  90              		.global	palSetBusMode
  91              		.thumb
  92              		.thumb_func
  93              		.type	palSetBusMode, %function
  94              	palSetBusMode:
  95              	.LFB120:
  96              		.loc 1 117 0
  97              		.cfi_startproc
  98              		@ args = 0, pretend = 0, frame = 0
  99              		@ frame_needed = 0, uses_anonymous_args = 0
 100              		@ link register save eliminated.
 101              	.LVL4:
 102              		.loc 1 117 0
 103 0000 0A46     		mov	r2, r1
 104              		.loc 1 122 0
 105 0002 0BC8     		ldmia	r0, {r0, r1, r3}
 106              	.LVL5:
 107 0004 01FA03F1 		lsl	r1, r1, r3
 108              		.loc 1 123 0
 109              		.loc 1 122 0
 110 0008 FFF7FEBF 		b	_pal_lld_setgroupmode
 111              	.LVL6:
 112              		.cfi_endproc
 113              	.LFE120:
 114              		.size	palSetBusMode, .-palSetBusMode
ARM GAS  /tmp/ccFAEAJD.s 			page 3


 115 000c AFF30080 		.text
 116              	.Letext0:
 117              		.file 2 "/opt/psas/x-tools/stm32f407/arm-psas-eabi/bin/../lib/gcc/arm-psas-eabi/4.7.2/../../../../
 118              		.file 3 "../../os/hal/platforms/STM32/GPIOv2/pal_lld.h"
 119              		.file 4 "../../os/hal/include/pal.h"
 120              		.file 5 "../../os/ports/common/ARMCMx/CMSIS/include/core_cm4.h"
 121              		.section	.debug_info,"",%progbits
 122              	.Ldebug_info0:
 123 0000 D7020000 		.4byte	0x2d7
 124 0004 0200     		.2byte	0x2
 125 0006 00000000 		.4byte	.Ldebug_abbrev0
 126 000a 04       		.byte	0x4
 127 000b 01       		.uleb128 0x1
 128 000c 88010000 		.4byte	.LASF36
 129 0010 01       		.byte	0x1
 130 0011 C4000000 		.4byte	.LASF37
 131 0015 48000000 		.4byte	.LASF38
 132 0019 00000000 		.4byte	.Ldebug_ranges0+0
 133 001d 00000000 		.4byte	0
 134 0021 00000000 		.4byte	0
 135 0025 00000000 		.4byte	.Ldebug_line0
 136 0029 02       		.uleb128 0x2
 137 002a 04       		.byte	0x4
 138 002b 05       		.byte	0x5
 139 002c 696E7400 		.ascii	"int\000"
 140 0030 03       		.uleb128 0x3
 141 0031 04       		.byte	0x4
 142 0032 07       		.byte	0x7
 143 0033 3A010000 		.4byte	.LASF0
 144 0037 03       		.uleb128 0x3
 145 0038 01       		.byte	0x1
 146 0039 06       		.byte	0x6
 147 003a CB010000 		.4byte	.LASF1
 148 003e 03       		.uleb128 0x3
 149 003f 01       		.byte	0x1
 150 0040 08       		.byte	0x8
 151 0041 B6000000 		.4byte	.LASF2
 152 0045 03       		.uleb128 0x3
 153 0046 02       		.byte	0x2
 154 0047 05       		.byte	0x5
 155 0048 12010000 		.4byte	.LASF3
 156 004c 04       		.uleb128 0x4
 157 004d AB010000 		.4byte	.LASF5
 158 0051 02       		.byte	0x2
 159 0052 36       		.byte	0x36
 160 0053 57000000 		.4byte	0x57
 161 0057 03       		.uleb128 0x3
 162 0058 02       		.byte	0x2
 163 0059 07       		.byte	0x7
 164 005a ED000000 		.4byte	.LASF4
 165 005e 04       		.uleb128 0x4
 166 005f 5E010000 		.4byte	.LASF6
 167 0063 02       		.byte	0x2
 168 0064 4F       		.byte	0x4f
 169 0065 69000000 		.4byte	0x69
 170 0069 03       		.uleb128 0x3
 171 006a 04       		.byte	0x4
ARM GAS  /tmp/ccFAEAJD.s 			page 4


 172 006b 05       		.byte	0x5
 173 006c BD010000 		.4byte	.LASF7
 174 0070 04       		.uleb128 0x4
 175 0071 B4010000 		.4byte	.LASF8
 176 0075 02       		.byte	0x2
 177 0076 50       		.byte	0x50
 178 0077 7B000000 		.4byte	0x7b
 179 007b 03       		.uleb128 0x3
 180 007c 04       		.byte	0x4
 181 007d 07       		.byte	0x7
 182 007e DB000000 		.4byte	.LASF9
 183 0082 03       		.uleb128 0x3
 184 0083 08       		.byte	0x8
 185 0084 05       		.byte	0x5
 186 0085 75010000 		.4byte	.LASF10
 187 0089 03       		.uleb128 0x3
 188 008a 08       		.byte	0x8
 189 008b 07       		.byte	0x7
 190 008c D7010000 		.4byte	.LASF11
 191 0090 04       		.uleb128 0x4
 192 0091 1C000000 		.4byte	.LASF12
 193 0095 02       		.byte	0x2
 194 0096 A0       		.byte	0xa0
 195 0097 30000000 		.4byte	0x30
 196 009b 05       		.uleb128 0x5
 197 009c 70000000 		.4byte	0x70
 198 00a0 03       		.uleb128 0x3
 199 00a1 04       		.byte	0x4
 200 00a2 07       		.byte	0x7
 201 00a3 66010000 		.4byte	.LASF13
 202 00a7 03       		.uleb128 0x3
 203 00a8 01       		.byte	0x1
 204 00a9 08       		.byte	0x8
 205 00aa 54010000 		.4byte	.LASF14
 206 00ae 05       		.uleb128 0x5
 207 00af 5E000000 		.4byte	0x5e
 208 00b3 06       		.uleb128 0x6
 209 00b4 04       		.byte	0x4
 210 00b5 03       		.byte	0x3
 211 00b6 9A       		.byte	0x9a
 212 00b7 D8000000 		.4byte	0xd8
 213 00bb 07       		.uleb128 0x7
 214 00bc 73657400 		.ascii	"set\000"
 215 00c0 03       		.byte	0x3
 216 00c1 9B       		.byte	0x9b
 217 00c2 4C000000 		.4byte	0x4c
 218 00c6 02       		.byte	0x2
 219 00c7 23       		.byte	0x23
 220 00c8 00       		.uleb128 0
 221 00c9 08       		.uleb128 0x8
 222 00ca 05000000 		.4byte	.LASF15
 223 00ce 03       		.byte	0x3
 224 00cf 9C       		.byte	0x9c
 225 00d0 4C000000 		.4byte	0x4c
 226 00d4 02       		.byte	0x2
 227 00d5 23       		.byte	0x23
 228 00d6 02       		.uleb128 0x2
ARM GAS  /tmp/ccFAEAJD.s 			page 5


 229 00d7 00       		.byte	0
 230 00d8 09       		.uleb128 0x9
 231 00d9 04       		.byte	0x4
 232 00da 03       		.byte	0x3
 233 00db 98       		.byte	0x98
 234 00dc F3000000 		.4byte	0xf3
 235 00e0 0A       		.uleb128 0xa
 236 00e1 5700     		.ascii	"W\000"
 237 00e3 03       		.byte	0x3
 238 00e4 99       		.byte	0x99
 239 00e5 70000000 		.4byte	0x70
 240 00e9 0A       		.uleb128 0xa
 241 00ea 4800     		.ascii	"H\000"
 242 00ec 03       		.byte	0x3
 243 00ed 9D       		.byte	0x9d
 244 00ee B3000000 		.4byte	0xb3
 245 00f2 00       		.byte	0
 246 00f3 06       		.uleb128 0x6
 247 00f4 28       		.byte	0x28
 248 00f5 03       		.byte	0x3
 249 00f6 90       		.byte	0x90
 250 00f7 88010000 		.4byte	0x188
 251 00fb 08       		.uleb128 0x8
 252 00fc 0B000000 		.4byte	.LASF16
 253 0100 03       		.byte	0x3
 254 0101 92       		.byte	0x92
 255 0102 9B000000 		.4byte	0x9b
 256 0106 02       		.byte	0x2
 257 0107 23       		.byte	0x23
 258 0108 00       		.uleb128 0
 259 0109 08       		.uleb128 0x8
 260 010a A6000000 		.4byte	.LASF17
 261 010e 03       		.byte	0x3
 262 010f 93       		.byte	0x93
 263 0110 9B000000 		.4byte	0x9b
 264 0114 02       		.byte	0x2
 265 0115 23       		.byte	0x23
 266 0116 04       		.uleb128 0x4
 267 0117 08       		.uleb128 0x8
 268 0118 1C010000 		.4byte	.LASF18
 269 011c 03       		.byte	0x3
 270 011d 94       		.byte	0x94
 271 011e 9B000000 		.4byte	0x9b
 272 0122 02       		.byte	0x2
 273 0123 23       		.byte	0x23
 274 0124 08       		.uleb128 0x8
 275 0125 08       		.uleb128 0x8
 276 0126 6F010000 		.4byte	.LASF19
 277 012a 03       		.byte	0x3
 278 012b 95       		.byte	0x95
 279 012c 9B000000 		.4byte	0x9b
 280 0130 02       		.byte	0x2
 281 0131 23       		.byte	0x23
 282 0132 0C       		.uleb128 0xc
 283 0133 07       		.uleb128 0x7
 284 0134 49445200 		.ascii	"IDR\000"
 285 0138 03       		.byte	0x3
ARM GAS  /tmp/ccFAEAJD.s 			page 6


 286 0139 96       		.byte	0x96
 287 013a 9B000000 		.4byte	0x9b
 288 013e 02       		.byte	0x2
 289 013f 23       		.byte	0x23
 290 0140 10       		.uleb128 0x10
 291 0141 07       		.uleb128 0x7
 292 0142 4F445200 		.ascii	"ODR\000"
 293 0146 03       		.byte	0x3
 294 0147 97       		.byte	0x97
 295 0148 9B000000 		.4byte	0x9b
 296 014c 02       		.byte	0x2
 297 014d 23       		.byte	0x23
 298 014e 14       		.uleb128 0x14
 299 014f 08       		.uleb128 0x8
 300 0150 29000000 		.4byte	.LASF20
 301 0154 03       		.byte	0x3
 302 0155 9E       		.byte	0x9e
 303 0156 88010000 		.4byte	0x188
 304 015a 02       		.byte	0x2
 305 015b 23       		.byte	0x23
 306 015c 18       		.uleb128 0x18
 307 015d 08       		.uleb128 0x8
 308 015e 00000000 		.4byte	.LASF21
 309 0162 03       		.byte	0x3
 310 0163 9F       		.byte	0x9f
 311 0164 9B000000 		.4byte	0x9b
 312 0168 02       		.byte	0x2
 313 0169 23       		.byte	0x23
 314 016a 1C       		.uleb128 0x1c
 315 016b 08       		.uleb128 0x8
 316 016c 00010000 		.4byte	.LASF22
 317 0170 03       		.byte	0x3
 318 0171 A0       		.byte	0xa0
 319 0172 9B000000 		.4byte	0x9b
 320 0176 02       		.byte	0x2
 321 0177 23       		.byte	0x23
 322 0178 20       		.uleb128 0x20
 323 0179 08       		.uleb128 0x8
 324 017a 9B010000 		.4byte	.LASF23
 325 017e 03       		.byte	0x3
 326 017f A1       		.byte	0xa1
 327 0180 9B000000 		.4byte	0x9b
 328 0184 02       		.byte	0x2
 329 0185 23       		.byte	0x23
 330 0186 24       		.uleb128 0x24
 331 0187 00       		.byte	0
 332 0188 05       		.uleb128 0x5
 333 0189 D8000000 		.4byte	0xd8
 334 018d 04       		.uleb128 0x4
 335 018e 47010000 		.4byte	.LASF24
 336 0192 03       		.byte	0x3
 337 0193 A2       		.byte	0xa2
 338 0194 F3000000 		.4byte	0xf3
 339 0198 04       		.uleb128 0x4
 340 0199 99000000 		.4byte	.LASF25
 341 019d 03       		.byte	0x3
 342 019e EC       		.byte	0xec
ARM GAS  /tmp/ccFAEAJD.s 			page 7


 343 019f 70000000 		.4byte	0x70
 344 01a3 04       		.uleb128 0x4
 345 01a4 AD000000 		.4byte	.LASF26
 346 01a8 03       		.byte	0x3
 347 01a9 F1       		.byte	0xf1
 348 01aa 70000000 		.4byte	0x70
 349 01ae 04       		.uleb128 0x4
 350 01af A0010000 		.4byte	.LASF27
 351 01b3 03       		.byte	0x3
 352 01b4 F9       		.byte	0xf9
 353 01b5 B9010000 		.4byte	0x1b9
 354 01b9 0B       		.uleb128 0xb
 355 01ba 04       		.byte	0x4
 356 01bb 8D010000 		.4byte	0x18d
 357 01bf 06       		.uleb128 0x6
 358 01c0 0C       		.byte	0xc
 359 01c1 04       		.byte	0x4
 360 01c2 7E       		.byte	0x7e
 361 01c3 F2010000 		.4byte	0x1f2
 362 01c7 08       		.uleb128 0x8
 363 01c8 92000000 		.4byte	.LASF28
 364 01cc 04       		.byte	0x4
 365 01cd 82       		.byte	0x82
 366 01ce AE010000 		.4byte	0x1ae
 367 01d2 02       		.byte	0x2
 368 01d3 23       		.byte	0x23
 369 01d4 00       		.uleb128 0
 370 01d5 08       		.uleb128 0x8
 371 01d6 83010000 		.4byte	.LASF29
 372 01da 04       		.byte	0x4
 373 01db 88       		.byte	0x88
 374 01dc 98010000 		.4byte	0x198
 375 01e0 02       		.byte	0x2
 376 01e1 23       		.byte	0x23
 377 01e2 04       		.uleb128 0x4
 378 01e3 08       		.uleb128 0x8
 379 01e4 94010000 		.4byte	.LASF30
 380 01e8 04       		.byte	0x4
 381 01e9 8C       		.byte	0x8c
 382 01ea 90000000 		.4byte	0x90
 383 01ee 02       		.byte	0x2
 384 01ef 23       		.byte	0x23
 385 01f0 08       		.uleb128 0x8
 386 01f1 00       		.byte	0
 387 01f2 04       		.uleb128 0x4
 388 01f3 EE010000 		.4byte	.LASF31
 389 01f7 04       		.byte	0x4
 390 01f8 8D       		.byte	0x8d
 391 01f9 BF010000 		.4byte	0x1bf
 392 01fd 0C       		.uleb128 0xc
 393 01fe 01       		.byte	0x1
 394 01ff 11000000 		.4byte	.LASF39
 395 0203 01       		.byte	0x1
 396 0204 45       		.byte	0x45
 397 0205 01       		.byte	0x1
 398 0206 98010000 		.4byte	0x198
 399 020a 00000000 		.4byte	.LFB118
ARM GAS  /tmp/ccFAEAJD.s 			page 8


 400 020e 10000000 		.4byte	.LFE118
 401 0212 02       		.byte	0x2
 402 0213 7D       		.byte	0x7d
 403 0214 00       		.sleb128 0
 404 0215 01       		.byte	0x1
 405 0216 2A020000 		.4byte	0x22a
 406 021a 0D       		.uleb128 0xd
 407 021b 62757300 		.ascii	"bus\000"
 408 021f 01       		.byte	0x1
 409 0220 45       		.byte	0x45
 410 0221 2A020000 		.4byte	0x22a
 411 0225 00000000 		.4byte	.LLST0
 412 0229 00       		.byte	0
 413 022a 0B       		.uleb128 0xb
 414 022b 04       		.byte	0x4
 415 022c F2010000 		.4byte	0x1f2
 416 0230 0E       		.uleb128 0xe
 417 0231 01       		.byte	0x1
 418 0232 2E000000 		.4byte	.LASF33
 419 0236 01       		.byte	0x1
 420 0237 5E       		.byte	0x5e
 421 0238 01       		.byte	0x1
 422 0239 00000000 		.4byte	.LFB119
 423 023d 1E000000 		.4byte	.LFE119
 424 0241 21000000 		.4byte	.LLST1
 425 0245 01       		.byte	0x1
 426 0246 67020000 		.4byte	0x267
 427 024a 0D       		.uleb128 0xd
 428 024b 62757300 		.ascii	"bus\000"
 429 024f 01       		.byte	0x1
 430 0250 5E       		.byte	0x5e
 431 0251 2A020000 		.4byte	0x22a
 432 0255 41000000 		.4byte	.LLST2
 433 0259 0F       		.uleb128 0xf
 434 025a C6010000 		.4byte	.LASF32
 435 025e 01       		.byte	0x1
 436 025f 5E       		.byte	0x5e
 437 0260 98010000 		.4byte	0x198
 438 0264 01       		.byte	0x1
 439 0265 51       		.byte	0x51
 440 0266 00       		.byte	0
 441 0267 10       		.uleb128 0x10
 442 0268 01       		.byte	0x1
 443 0269 3A000000 		.4byte	.LASF34
 444 026d 01       		.byte	0x1
 445 026e 75       		.byte	0x75
 446 026f 01       		.byte	0x1
 447 0270 00000000 		.4byte	.LFB120
 448 0274 0C000000 		.4byte	.LFE120
 449 0278 02       		.byte	0x2
 450 0279 7D       		.byte	0x7d
 451 027a 00       		.sleb128 0
 452 027b 01       		.byte	0x1
 453 027c B1020000 		.4byte	0x2b1
 454 0280 0D       		.uleb128 0xd
 455 0281 62757300 		.ascii	"bus\000"
 456 0285 01       		.byte	0x1
ARM GAS  /tmp/ccFAEAJD.s 			page 9


 457 0286 75       		.byte	0x75
 458 0287 2A020000 		.4byte	0x22a
 459 028b 62000000 		.4byte	.LLST3
 460 028f 11       		.uleb128 0x11
 461 0290 59010000 		.4byte	.LASF35
 462 0294 01       		.byte	0x1
 463 0295 75       		.byte	0x75
 464 0296 A3010000 		.4byte	0x1a3
 465 029a 83000000 		.4byte	.LLST4
 466 029e 12       		.uleb128 0x12
 467 029f 0C000000 		.4byte	.LVL6
 468 02a3 01       		.byte	0x1
 469 02a4 BF020000 		.4byte	0x2bf
 470 02a8 13       		.uleb128 0x13
 471 02a9 01       		.byte	0x1
 472 02aa 52       		.byte	0x52
 473 02ab 03       		.byte	0x3
 474 02ac F3       		.byte	0xf3
 475 02ad 01       		.uleb128 0x1
 476 02ae 51       		.byte	0x51
 477 02af 00       		.byte	0
 478 02b0 00       		.byte	0
 479 02b1 14       		.uleb128 0x14
 480 02b2 05010000 		.4byte	.LASF40
 481 02b6 05       		.byte	0x5
 482 02b7 9806     		.2byte	0x698
 483 02b9 AE000000 		.4byte	0xae
 484 02bd 01       		.byte	0x1
 485 02be 01       		.byte	0x1
 486 02bf 15       		.uleb128 0x15
 487 02c0 01       		.byte	0x1
 488 02c1 24010000 		.4byte	.LASF41
 489 02c5 03       		.byte	0x3
 490 02c6 BE01     		.2byte	0x1be
 491 02c8 01       		.byte	0x1
 492 02c9 01       		.byte	0x1
 493 02ca 16       		.uleb128 0x16
 494 02cb AE010000 		.4byte	0x1ae
 495 02cf 16       		.uleb128 0x16
 496 02d0 98010000 		.4byte	0x198
 497 02d4 16       		.uleb128 0x16
 498 02d5 A3010000 		.4byte	0x1a3
 499 02d9 00       		.byte	0
 500 02da 00       		.byte	0
 501              		.section	.debug_abbrev,"",%progbits
 502              	.Ldebug_abbrev0:
 503 0000 01       		.uleb128 0x1
 504 0001 11       		.uleb128 0x11
 505 0002 01       		.byte	0x1
 506 0003 25       		.uleb128 0x25
 507 0004 0E       		.uleb128 0xe
 508 0005 13       		.uleb128 0x13
 509 0006 0B       		.uleb128 0xb
 510 0007 03       		.uleb128 0x3
 511 0008 0E       		.uleb128 0xe
 512 0009 1B       		.uleb128 0x1b
 513 000a 0E       		.uleb128 0xe
ARM GAS  /tmp/ccFAEAJD.s 			page 10


 514 000b 55       		.uleb128 0x55
 515 000c 06       		.uleb128 0x6
 516 000d 11       		.uleb128 0x11
 517 000e 01       		.uleb128 0x1
 518 000f 52       		.uleb128 0x52
 519 0010 01       		.uleb128 0x1
 520 0011 10       		.uleb128 0x10
 521 0012 06       		.uleb128 0x6
 522 0013 00       		.byte	0
 523 0014 00       		.byte	0
 524 0015 02       		.uleb128 0x2
 525 0016 24       		.uleb128 0x24
 526 0017 00       		.byte	0
 527 0018 0B       		.uleb128 0xb
 528 0019 0B       		.uleb128 0xb
 529 001a 3E       		.uleb128 0x3e
 530 001b 0B       		.uleb128 0xb
 531 001c 03       		.uleb128 0x3
 532 001d 08       		.uleb128 0x8
 533 001e 00       		.byte	0
 534 001f 00       		.byte	0
 535 0020 03       		.uleb128 0x3
 536 0021 24       		.uleb128 0x24
 537 0022 00       		.byte	0
 538 0023 0B       		.uleb128 0xb
 539 0024 0B       		.uleb128 0xb
 540 0025 3E       		.uleb128 0x3e
 541 0026 0B       		.uleb128 0xb
 542 0027 03       		.uleb128 0x3
 543 0028 0E       		.uleb128 0xe
 544 0029 00       		.byte	0
 545 002a 00       		.byte	0
 546 002b 04       		.uleb128 0x4
 547 002c 16       		.uleb128 0x16
 548 002d 00       		.byte	0
 549 002e 03       		.uleb128 0x3
 550 002f 0E       		.uleb128 0xe
 551 0030 3A       		.uleb128 0x3a
 552 0031 0B       		.uleb128 0xb
 553 0032 3B       		.uleb128 0x3b
 554 0033 0B       		.uleb128 0xb
 555 0034 49       		.uleb128 0x49
 556 0035 13       		.uleb128 0x13
 557 0036 00       		.byte	0
 558 0037 00       		.byte	0
 559 0038 05       		.uleb128 0x5
 560 0039 35       		.uleb128 0x35
 561 003a 00       		.byte	0
 562 003b 49       		.uleb128 0x49
 563 003c 13       		.uleb128 0x13
 564 003d 00       		.byte	0
 565 003e 00       		.byte	0
 566 003f 06       		.uleb128 0x6
 567 0040 13       		.uleb128 0x13
 568 0041 01       		.byte	0x1
 569 0042 0B       		.uleb128 0xb
 570 0043 0B       		.uleb128 0xb
ARM GAS  /tmp/ccFAEAJD.s 			page 11


 571 0044 3A       		.uleb128 0x3a
 572 0045 0B       		.uleb128 0xb
 573 0046 3B       		.uleb128 0x3b
 574 0047 0B       		.uleb128 0xb
 575 0048 01       		.uleb128 0x1
 576 0049 13       		.uleb128 0x13
 577 004a 00       		.byte	0
 578 004b 00       		.byte	0
 579 004c 07       		.uleb128 0x7
 580 004d 0D       		.uleb128 0xd
 581 004e 00       		.byte	0
 582 004f 03       		.uleb128 0x3
 583 0050 08       		.uleb128 0x8
 584 0051 3A       		.uleb128 0x3a
 585 0052 0B       		.uleb128 0xb
 586 0053 3B       		.uleb128 0x3b
 587 0054 0B       		.uleb128 0xb
 588 0055 49       		.uleb128 0x49
 589 0056 13       		.uleb128 0x13
 590 0057 38       		.uleb128 0x38
 591 0058 0A       		.uleb128 0xa
 592 0059 00       		.byte	0
 593 005a 00       		.byte	0
 594 005b 08       		.uleb128 0x8
 595 005c 0D       		.uleb128 0xd
 596 005d 00       		.byte	0
 597 005e 03       		.uleb128 0x3
 598 005f 0E       		.uleb128 0xe
 599 0060 3A       		.uleb128 0x3a
 600 0061 0B       		.uleb128 0xb
 601 0062 3B       		.uleb128 0x3b
 602 0063 0B       		.uleb128 0xb
 603 0064 49       		.uleb128 0x49
 604 0065 13       		.uleb128 0x13
 605 0066 38       		.uleb128 0x38
 606 0067 0A       		.uleb128 0xa
 607 0068 00       		.byte	0
 608 0069 00       		.byte	0
 609 006a 09       		.uleb128 0x9
 610 006b 17       		.uleb128 0x17
 611 006c 01       		.byte	0x1
 612 006d 0B       		.uleb128 0xb
 613 006e 0B       		.uleb128 0xb
 614 006f 3A       		.uleb128 0x3a
 615 0070 0B       		.uleb128 0xb
 616 0071 3B       		.uleb128 0x3b
 617 0072 0B       		.uleb128 0xb
 618 0073 01       		.uleb128 0x1
 619 0074 13       		.uleb128 0x13
 620 0075 00       		.byte	0
 621 0076 00       		.byte	0
 622 0077 0A       		.uleb128 0xa
 623 0078 0D       		.uleb128 0xd
 624 0079 00       		.byte	0
 625 007a 03       		.uleb128 0x3
 626 007b 08       		.uleb128 0x8
 627 007c 3A       		.uleb128 0x3a
ARM GAS  /tmp/ccFAEAJD.s 			page 12


 628 007d 0B       		.uleb128 0xb
 629 007e 3B       		.uleb128 0x3b
 630 007f 0B       		.uleb128 0xb
 631 0080 49       		.uleb128 0x49
 632 0081 13       		.uleb128 0x13
 633 0082 00       		.byte	0
 634 0083 00       		.byte	0
 635 0084 0B       		.uleb128 0xb
 636 0085 0F       		.uleb128 0xf
 637 0086 00       		.byte	0
 638 0087 0B       		.uleb128 0xb
 639 0088 0B       		.uleb128 0xb
 640 0089 49       		.uleb128 0x49
 641 008a 13       		.uleb128 0x13
 642 008b 00       		.byte	0
 643 008c 00       		.byte	0
 644 008d 0C       		.uleb128 0xc
 645 008e 2E       		.uleb128 0x2e
 646 008f 01       		.byte	0x1
 647 0090 3F       		.uleb128 0x3f
 648 0091 0C       		.uleb128 0xc
 649 0092 03       		.uleb128 0x3
 650 0093 0E       		.uleb128 0xe
 651 0094 3A       		.uleb128 0x3a
 652 0095 0B       		.uleb128 0xb
 653 0096 3B       		.uleb128 0x3b
 654 0097 0B       		.uleb128 0xb
 655 0098 27       		.uleb128 0x27
 656 0099 0C       		.uleb128 0xc
 657 009a 49       		.uleb128 0x49
 658 009b 13       		.uleb128 0x13
 659 009c 11       		.uleb128 0x11
 660 009d 01       		.uleb128 0x1
 661 009e 12       		.uleb128 0x12
 662 009f 01       		.uleb128 0x1
 663 00a0 40       		.uleb128 0x40
 664 00a1 0A       		.uleb128 0xa
 665 00a2 9742     		.uleb128 0x2117
 666 00a4 0C       		.uleb128 0xc
 667 00a5 01       		.uleb128 0x1
 668 00a6 13       		.uleb128 0x13
 669 00a7 00       		.byte	0
 670 00a8 00       		.byte	0
 671 00a9 0D       		.uleb128 0xd
 672 00aa 05       		.uleb128 0x5
 673 00ab 00       		.byte	0
 674 00ac 03       		.uleb128 0x3
 675 00ad 08       		.uleb128 0x8
 676 00ae 3A       		.uleb128 0x3a
 677 00af 0B       		.uleb128 0xb
 678 00b0 3B       		.uleb128 0x3b
 679 00b1 0B       		.uleb128 0xb
 680 00b2 49       		.uleb128 0x49
 681 00b3 13       		.uleb128 0x13
 682 00b4 02       		.uleb128 0x2
 683 00b5 06       		.uleb128 0x6
 684 00b6 00       		.byte	0
ARM GAS  /tmp/ccFAEAJD.s 			page 13


 685 00b7 00       		.byte	0
 686 00b8 0E       		.uleb128 0xe
 687 00b9 2E       		.uleb128 0x2e
 688 00ba 01       		.byte	0x1
 689 00bb 3F       		.uleb128 0x3f
 690 00bc 0C       		.uleb128 0xc
 691 00bd 03       		.uleb128 0x3
 692 00be 0E       		.uleb128 0xe
 693 00bf 3A       		.uleb128 0x3a
 694 00c0 0B       		.uleb128 0xb
 695 00c1 3B       		.uleb128 0x3b
 696 00c2 0B       		.uleb128 0xb
 697 00c3 27       		.uleb128 0x27
 698 00c4 0C       		.uleb128 0xc
 699 00c5 11       		.uleb128 0x11
 700 00c6 01       		.uleb128 0x1
 701 00c7 12       		.uleb128 0x12
 702 00c8 01       		.uleb128 0x1
 703 00c9 40       		.uleb128 0x40
 704 00ca 06       		.uleb128 0x6
 705 00cb 9742     		.uleb128 0x2117
 706 00cd 0C       		.uleb128 0xc
 707 00ce 01       		.uleb128 0x1
 708 00cf 13       		.uleb128 0x13
 709 00d0 00       		.byte	0
 710 00d1 00       		.byte	0
 711 00d2 0F       		.uleb128 0xf
 712 00d3 05       		.uleb128 0x5
 713 00d4 00       		.byte	0
 714 00d5 03       		.uleb128 0x3
 715 00d6 0E       		.uleb128 0xe
 716 00d7 3A       		.uleb128 0x3a
 717 00d8 0B       		.uleb128 0xb
 718 00d9 3B       		.uleb128 0x3b
 719 00da 0B       		.uleb128 0xb
 720 00db 49       		.uleb128 0x49
 721 00dc 13       		.uleb128 0x13
 722 00dd 02       		.uleb128 0x2
 723 00de 0A       		.uleb128 0xa
 724 00df 00       		.byte	0
 725 00e0 00       		.byte	0
 726 00e1 10       		.uleb128 0x10
 727 00e2 2E       		.uleb128 0x2e
 728 00e3 01       		.byte	0x1
 729 00e4 3F       		.uleb128 0x3f
 730 00e5 0C       		.uleb128 0xc
 731 00e6 03       		.uleb128 0x3
 732 00e7 0E       		.uleb128 0xe
 733 00e8 3A       		.uleb128 0x3a
 734 00e9 0B       		.uleb128 0xb
 735 00ea 3B       		.uleb128 0x3b
 736 00eb 0B       		.uleb128 0xb
 737 00ec 27       		.uleb128 0x27
 738 00ed 0C       		.uleb128 0xc
 739 00ee 11       		.uleb128 0x11
 740 00ef 01       		.uleb128 0x1
 741 00f0 12       		.uleb128 0x12
ARM GAS  /tmp/ccFAEAJD.s 			page 14


 742 00f1 01       		.uleb128 0x1
 743 00f2 40       		.uleb128 0x40
 744 00f3 0A       		.uleb128 0xa
 745 00f4 9742     		.uleb128 0x2117
 746 00f6 0C       		.uleb128 0xc
 747 00f7 01       		.uleb128 0x1
 748 00f8 13       		.uleb128 0x13
 749 00f9 00       		.byte	0
 750 00fa 00       		.byte	0
 751 00fb 11       		.uleb128 0x11
 752 00fc 05       		.uleb128 0x5
 753 00fd 00       		.byte	0
 754 00fe 03       		.uleb128 0x3
 755 00ff 0E       		.uleb128 0xe
 756 0100 3A       		.uleb128 0x3a
 757 0101 0B       		.uleb128 0xb
 758 0102 3B       		.uleb128 0x3b
 759 0103 0B       		.uleb128 0xb
 760 0104 49       		.uleb128 0x49
 761 0105 13       		.uleb128 0x13
 762 0106 02       		.uleb128 0x2
 763 0107 06       		.uleb128 0x6
 764 0108 00       		.byte	0
 765 0109 00       		.byte	0
 766 010a 12       		.uleb128 0x12
 767 010b 898201   		.uleb128 0x4109
 768 010e 01       		.byte	0x1
 769 010f 11       		.uleb128 0x11
 770 0110 01       		.uleb128 0x1
 771 0111 9542     		.uleb128 0x2115
 772 0113 0C       		.uleb128 0xc
 773 0114 31       		.uleb128 0x31
 774 0115 13       		.uleb128 0x13
 775 0116 00       		.byte	0
 776 0117 00       		.byte	0
 777 0118 13       		.uleb128 0x13
 778 0119 8A8201   		.uleb128 0x410a
 779 011c 00       		.byte	0
 780 011d 02       		.uleb128 0x2
 781 011e 0A       		.uleb128 0xa
 782 011f 9142     		.uleb128 0x2111
 783 0121 0A       		.uleb128 0xa
 784 0122 00       		.byte	0
 785 0123 00       		.byte	0
 786 0124 14       		.uleb128 0x14
 787 0125 34       		.uleb128 0x34
 788 0126 00       		.byte	0
 789 0127 03       		.uleb128 0x3
 790 0128 0E       		.uleb128 0xe
 791 0129 3A       		.uleb128 0x3a
 792 012a 0B       		.uleb128 0xb
 793 012b 3B       		.uleb128 0x3b
 794 012c 05       		.uleb128 0x5
 795 012d 49       		.uleb128 0x49
 796 012e 13       		.uleb128 0x13
 797 012f 3F       		.uleb128 0x3f
 798 0130 0C       		.uleb128 0xc
ARM GAS  /tmp/ccFAEAJD.s 			page 15


 799 0131 3C       		.uleb128 0x3c
 800 0132 0C       		.uleb128 0xc
 801 0133 00       		.byte	0
 802 0134 00       		.byte	0
 803 0135 15       		.uleb128 0x15
 804 0136 2E       		.uleb128 0x2e
 805 0137 01       		.byte	0x1
 806 0138 3F       		.uleb128 0x3f
 807 0139 0C       		.uleb128 0xc
 808 013a 03       		.uleb128 0x3
 809 013b 0E       		.uleb128 0xe
 810 013c 3A       		.uleb128 0x3a
 811 013d 0B       		.uleb128 0xb
 812 013e 3B       		.uleb128 0x3b
 813 013f 05       		.uleb128 0x5
 814 0140 27       		.uleb128 0x27
 815 0141 0C       		.uleb128 0xc
 816 0142 3C       		.uleb128 0x3c
 817 0143 0C       		.uleb128 0xc
 818 0144 00       		.byte	0
 819 0145 00       		.byte	0
 820 0146 16       		.uleb128 0x16
 821 0147 05       		.uleb128 0x5
 822 0148 00       		.byte	0
 823 0149 49       		.uleb128 0x49
 824 014a 13       		.uleb128 0x13
 825 014b 00       		.byte	0
 826 014c 00       		.byte	0
 827 014d 00       		.byte	0
 828              		.section	.debug_loc,"",%progbits
 829              	.Ldebug_loc0:
 830              	.LLST0:
 831 0000 00000000 		.4byte	.LVL0
 832 0004 0C000000 		.4byte	.LVL1
 833 0008 0100     		.2byte	0x1
 834 000a 50       		.byte	0x50
 835 000b 0C000000 		.4byte	.LVL1
 836 000f 10000000 		.4byte	.LFE118
 837 0013 0400     		.2byte	0x4
 838 0015 F3       		.byte	0xf3
 839 0016 01       		.uleb128 0x1
 840 0017 50       		.byte	0x50
 841 0018 9F       		.byte	0x9f
 842 0019 00000000 		.4byte	0
 843 001d 00000000 		.4byte	0
 844              	.LLST1:
 845 0021 00000000 		.4byte	.LFB119
 846 0025 04000000 		.4byte	.LCFI0
 847 0029 0200     		.2byte	0x2
 848 002b 7D       		.byte	0x7d
 849 002c 00       		.sleb128 0
 850 002d 04000000 		.4byte	.LCFI0
 851 0031 1E000000 		.4byte	.LFE119
 852 0035 0200     		.2byte	0x2
 853 0037 7D       		.byte	0x7d
 854 0038 08       		.sleb128 8
 855 0039 00000000 		.4byte	0
ARM GAS  /tmp/ccFAEAJD.s 			page 16


 856 003d 00000000 		.4byte	0
 857              	.LLST2:
 858 0041 00000000 		.4byte	.LVL2
 859 0045 02000000 		.4byte	.LVL3
 860 0049 0100     		.2byte	0x1
 861 004b 50       		.byte	0x50
 862 004c 02000000 		.4byte	.LVL3
 863 0050 1E000000 		.4byte	.LFE119
 864 0054 0400     		.2byte	0x4
 865 0056 F3       		.byte	0xf3
 866 0057 01       		.uleb128 0x1
 867 0058 50       		.byte	0x50
 868 0059 9F       		.byte	0x9f
 869 005a 00000000 		.4byte	0
 870 005e 00000000 		.4byte	0
 871              	.LLST3:
 872 0062 00000000 		.4byte	.LVL4
 873 0066 04000000 		.4byte	.LVL5
 874 006a 0100     		.2byte	0x1
 875 006c 50       		.byte	0x50
 876 006d 04000000 		.4byte	.LVL5
 877 0071 0C000000 		.4byte	.LFE120
 878 0075 0400     		.2byte	0x4
 879 0077 F3       		.byte	0xf3
 880 0078 01       		.uleb128 0x1
 881 0079 50       		.byte	0x50
 882 007a 9F       		.byte	0x9f
 883 007b 00000000 		.4byte	0
 884 007f 00000000 		.4byte	0
 885              	.LLST4:
 886 0083 00000000 		.4byte	.LVL4
 887 0087 04000000 		.4byte	.LVL5
 888 008b 0100     		.2byte	0x1
 889 008d 51       		.byte	0x51
 890 008e 04000000 		.4byte	.LVL5
 891 0092 0B000000 		.4byte	.LVL6-1
 892 0096 0100     		.2byte	0x1
 893 0098 52       		.byte	0x52
 894 0099 0B000000 		.4byte	.LVL6-1
 895 009d 0C000000 		.4byte	.LFE120
 896 00a1 0400     		.2byte	0x4
 897 00a3 F3       		.byte	0xf3
 898 00a4 01       		.uleb128 0x1
 899 00a5 51       		.byte	0x51
 900 00a6 9F       		.byte	0x9f
 901 00a7 00000000 		.4byte	0
 902 00ab 00000000 		.4byte	0
 903              		.section	.debug_aranges,"",%progbits
 904 0000 2C000000 		.4byte	0x2c
 905 0004 0200     		.2byte	0x2
 906 0006 00000000 		.4byte	.Ldebug_info0
 907 000a 04       		.byte	0x4
 908 000b 00       		.byte	0
 909 000c 0000     		.2byte	0
 910 000e 0000     		.2byte	0
 911 0010 00000000 		.4byte	.LFB118
 912 0014 10000000 		.4byte	.LFE118-.LFB118
ARM GAS  /tmp/ccFAEAJD.s 			page 17


 913 0018 00000000 		.4byte	.LFB119
 914 001c 1E000000 		.4byte	.LFE119-.LFB119
 915 0020 00000000 		.4byte	.LFB120
 916 0024 0C000000 		.4byte	.LFE120-.LFB120
 917 0028 00000000 		.4byte	0
 918 002c 00000000 		.4byte	0
 919              		.section	.debug_ranges,"",%progbits
 920              	.Ldebug_ranges0:
 921 0000 00000000 		.4byte	.LFB118
 922 0004 10000000 		.4byte	.LFE118
 923 0008 00000000 		.4byte	.LFB119
 924 000c 1E000000 		.4byte	.LFE119
 925 0010 00000000 		.4byte	.LFB120
 926 0014 0C000000 		.4byte	.LFE120
 927 0018 00000000 		.4byte	0
 928 001c 00000000 		.4byte	0
 929              		.section	.debug_line,"",%progbits
 930              	.Ldebug_line0:
 931 0000 70010000 		.section	.debug_str,"MS",%progbits,1
 931      02003001 
 931      00000201 
 931      FB0E0D00 
 931      01010101 
 932              	.LASF21:
 933 0000 4C434B52 		.ascii	"LCKR\000"
 933      00
 934              	.LASF15:
 935 0005 636C6561 		.ascii	"clear\000"
 935      7200
 936              	.LASF16:
 937 000b 4D4F4445 		.ascii	"MODER\000"
 937      5200
 938              	.LASF39:
 939 0011 70616C52 		.ascii	"palReadBus\000"
 939      65616442 
 939      757300
 940              	.LASF12:
 941 001c 75696E74 		.ascii	"uint_fast8_t\000"
 941      5F666173 
 941      74385F74 
 941      00
 942              	.LASF20:
 943 0029 42535252 		.ascii	"BSRR\000"
 943      00
 944              	.LASF33:
 945 002e 70616C57 		.ascii	"palWriteBus\000"
 945      72697465 
 945      42757300 
 946              	.LASF34:
 947 003a 70616C53 		.ascii	"palSetBusMode\000"
 947      65744275 
 947      734D6F64 
 947      6500
 948              	.LASF38:
 949 0048 2F686F6D 		.ascii	"/home/kwilson/Sandbox/ChibiOS_2.5.1/demos/ARMCM4-ST"
 949      652F6B77 
 949      696C736F 
ARM GAS  /tmp/ccFAEAJD.s 			page 18


 949      6E2F5361 
 949      6E64626F 
 950 007b 4D333246 		.ascii	"M32F407-LWIP-FATFS-USB\000"
 950      3430372D 
 950      4C574950 
 950      2D464154 
 950      46532D55 
 951              	.LASF28:
 952 0092 706F7274 		.ascii	"portid\000"
 952      696400
 953              	.LASF25:
 954 0099 696F706F 		.ascii	"ioportmask_t\000"
 954      72746D61 
 954      736B5F74 
 954      00
 955              	.LASF17:
 956 00a6 4F545950 		.ascii	"OTYPER\000"
 956      455200
 957              	.LASF26:
 958 00ad 696F6D6F 		.ascii	"iomode_t\000"
 958      64655F74 
 958      00
 959              	.LASF2:
 960 00b6 756E7369 		.ascii	"unsigned char\000"
 960      676E6564 
 960      20636861 
 960      7200
 961              	.LASF37:
 962 00c4 2E2E2F2E 		.ascii	"../../os/hal/src/pal.c\000"
 962      2E2F6F73 
 962      2F68616C 
 962      2F737263 
 962      2F70616C 
 963              	.LASF9:
 964 00db 6C6F6E67 		.ascii	"long unsigned int\000"
 964      20756E73 
 964      69676E65 
 964      6420696E 
 964      7400
 965              	.LASF4:
 966 00ed 73686F72 		.ascii	"short unsigned int\000"
 966      7420756E 
 966      7369676E 
 966      65642069 
 966      6E7400
 967              	.LASF22:
 968 0100 4146524C 		.ascii	"AFRL\000"
 968      00
 969              	.LASF40:
 970 0105 49544D5F 		.ascii	"ITM_RxBuffer\000"
 970      52784275 
 970      66666572 
 970      00
 971              	.LASF3:
 972 0112 73686F72 		.ascii	"short int\000"
 972      7420696E 
 972      7400
ARM GAS  /tmp/ccFAEAJD.s 			page 19


 973              	.LASF18:
 974 011c 4F535045 		.ascii	"OSPEEDR\000"
 974      45445200 
 975              	.LASF41:
 976 0124 5F70616C 		.ascii	"_pal_lld_setgroupmode\000"
 976      5F6C6C64 
 976      5F736574 
 976      67726F75 
 976      706D6F64 
 977              	.LASF0:
 978 013a 756E7369 		.ascii	"unsigned int\000"
 978      676E6564 
 978      20696E74 
 978      00
 979              	.LASF24:
 980 0147 4750494F 		.ascii	"GPIO_TypeDef\000"
 980      5F547970 
 980      65446566 
 980      00
 981              	.LASF14:
 982 0154 63686172 		.ascii	"char\000"
 982      00
 983              	.LASF35:
 984 0159 6D6F6465 		.ascii	"mode\000"
 984      00
 985              	.LASF6:
 986 015e 696E7433 		.ascii	"int32_t\000"
 986      325F7400 
 987              	.LASF13:
 988 0166 73697A65 		.ascii	"sizetype\000"
 988      74797065 
 988      00
 989              	.LASF19:
 990 016f 50555044 		.ascii	"PUPDR\000"
 990      5200
 991              	.LASF10:
 992 0175 6C6F6E67 		.ascii	"long long int\000"
 992      206C6F6E 
 992      6720696E 
 992      7400
 993              	.LASF29:
 994 0183 6D61736B 		.ascii	"mask\000"
 994      00
 995              	.LASF36:
 996 0188 474E5520 		.ascii	"GNU C 4.7.2\000"
 996      4320342E 
 996      372E3200 
 997              	.LASF30:
 998 0194 6F666673 		.ascii	"offset\000"
 998      657400
 999              	.LASF23:
 1000 019b 41465248 		.ascii	"AFRH\000"
 1000      00
 1001              	.LASF27:
 1002 01a0 696F706F 		.ascii	"ioportid_t\000"
 1002      72746964 
 1002      5F7400
ARM GAS  /tmp/ccFAEAJD.s 			page 20


 1003              	.LASF5:
 1004 01ab 75696E74 		.ascii	"uint16_t\000"
 1004      31365F74 
 1004      00
 1005              	.LASF8:
 1006 01b4 75696E74 		.ascii	"uint32_t\000"
 1006      33325F74 
 1006      00
 1007              	.LASF7:
 1008 01bd 6C6F6E67 		.ascii	"long int\000"
 1008      20696E74 
 1008      00
 1009              	.LASF32:
 1010 01c6 62697473 		.ascii	"bits\000"
 1010      00
 1011              	.LASF1:
 1012 01cb 7369676E 		.ascii	"signed char\000"
 1012      65642063 
 1012      68617200 
 1013              	.LASF11:
 1014 01d7 6C6F6E67 		.ascii	"long long unsigned int\000"
 1014      206C6F6E 
 1014      6720756E 
 1014      7369676E 
 1014      65642069 
 1015              	.LASF31:
 1016 01ee 494F4275 		.ascii	"IOBus\000"
 1016      7300
 1017              		.ident	"GCC: (crosstool-NG 1.17.0 - PSAS ST32F4 GFE) 4.7.2"
ARM GAS  /tmp/ccFAEAJD.s 			page 21


DEFINED SYMBOLS
                            *ABS*:0000000000000000 pal.c
     /tmp/ccFAEAJD.s:21     .text.palReadBus:0000000000000000 $t
     /tmp/ccFAEAJD.s:27     .text.palReadBus:0000000000000000 palReadBus
     /tmp/ccFAEAJD.s:50     .text.palWriteBus:0000000000000000 $t
     /tmp/ccFAEAJD.s:56     .text.palWriteBus:0000000000000000 palWriteBus
     /tmp/ccFAEAJD.s:88     .text.palSetBusMode:0000000000000000 $t
     /tmp/ccFAEAJD.s:94     .text.palSetBusMode:0000000000000000 palSetBusMode
                     .debug_frame:0000000000000010 $d

UNDEFINED SYMBOLS
_pal_lld_setgroupmode
