ARM GAS  /tmp/ccXuJOw9.s 			page 1


   1              		.syntax unified
   2              		.cpu cortex-m4
   3              		.eabi_attribute 27, 3
   4              		.eabi_attribute 28, 1
   5              		.fpu fpv4-sp-d16
   6              		.eabi_attribute 20, 1
   7              		.eabi_attribute 21, 1
   8              		.eabi_attribute 23, 3
   9              		.eabi_attribute 24, 1
  10              		.eabi_attribute 25, 1
  11              		.eabi_attribute 26, 1
  12              		.eabi_attribute 30, 2
  13              		.eabi_attribute 34, 1
  14              		.eabi_attribute 18, 4
  15              		.thumb
  16              		.file	"stats.c"
  17              		.text
  18              	.Ltext0:
  19              		.cfi_sections	.debug_frame
  20              		.section	.text.stats_init,"ax",%progbits
  21              		.align	2
  22              		.p2align 4,,15
  23              		.global	stats_init
  24              		.thumb
  25              		.thumb_func
  26              		.type	stats_init, %function
  27              	stats_init:
  28              	.LFB7:
  29              		.file 1 "../../ext/lwip/src/core/stats.c"
  30              		.loc 1 52 0
  31              		.cfi_startproc
  32              		@ args = 0, pretend = 0, frame = 0
  33              		@ frame_needed = 0, uses_anonymous_args = 0
  34              		@ link register save eliminated.
  35 0000 7047     		bx	lr
  36              		.cfi_endproc
  37              	.LFE7:
  38              		.size	stats_init, .-stats_init
  39              		.global	lwip_stats
  40 0002 00BFAFF3 		.section	.bss.lwip_stats,"aw",%nobits
  40      0080AFF3 
  40      0080AFF3 
  40      0080
  41              		.align	2
  42              		.type	lwip_stats, %object
  43              		.size	lwip_stats, 336
  44              	lwip_stats:
  45 0000 00000000 		.space	336
  45      00000000 
  45      00000000 
  45      00000000 
  45      00000000 
  46              		.text
  47              	.Letext0:
  48              		.file 2 "/opt/psas/x-tools/stm32f407/arm-psas-eabi/bin/../lib/gcc/arm-psas-eabi/4.7.2/../../../../
  49              		.file 3 "../../os/various/lwip_bindings/arch/cc.h"
  50              		.file 4 "../../ext/lwip/src/include/lwip/mem.h"
ARM GAS  /tmp/ccXuJOw9.s 			page 2


  51              		.file 5 "../../ext/lwip/src/include/lwip/stats.h"
  52              		.file 6 "../../ext/lwip/src/include/lwip/memp.h"
  53              		.section	.debug_info,"",%progbits
  54              	.Ldebug_info0:
  55 0000 47030000 		.4byte	0x347
  56 0004 0200     		.2byte	0x2
  57 0006 00000000 		.4byte	.Ldebug_abbrev0
  58 000a 04       		.byte	0x4
  59 000b 01       		.uleb128 0x1
  60 000c 74010000 		.4byte	.LASF54
  61 0010 01       		.byte	0x1
  62 0011 99020000 		.4byte	.LASF55
  63 0015 B6000000 		.4byte	.LASF56
  64 0019 00000000 		.4byte	.Ldebug_ranges0+0
  65 001d 00000000 		.4byte	0
  66 0021 00000000 		.4byte	0
  67 0025 00000000 		.4byte	.Ldebug_line0
  68 0029 02       		.uleb128 0x2
  69 002a 04       		.byte	0x4
  70 002b 05       		.byte	0x5
  71 002c 696E7400 		.ascii	"int\000"
  72 0030 03       		.uleb128 0x3
  73 0031 04       		.byte	0x4
  74 0032 07       		.byte	0x7
  75 0033 87020000 		.4byte	.LASF0
  76 0037 03       		.uleb128 0x3
  77 0038 01       		.byte	0x1
  78 0039 06       		.byte	0x6
  79 003a 37010000 		.4byte	.LASF1
  80 003e 03       		.uleb128 0x3
  81 003f 01       		.byte	0x1
  82 0040 08       		.byte	0x8
  83 0041 20010000 		.4byte	.LASF2
  84 0045 03       		.uleb128 0x3
  85 0046 02       		.byte	0x2
  86 0047 05       		.byte	0x5
  87 0048 0F000000 		.4byte	.LASF3
  88 004c 04       		.uleb128 0x4
  89 004d 6B010000 		.4byte	.LASF11
  90 0051 02       		.byte	0x2
  91 0052 36       		.byte	0x36
  92 0053 57000000 		.4byte	0x57
  93 0057 03       		.uleb128 0x3
  94 0058 02       		.byte	0x2
  95 0059 07       		.byte	0x7
  96 005a 8D010000 		.4byte	.LASF4
  97 005e 03       		.uleb128 0x3
  98 005f 04       		.byte	0x4
  99 0060 05       		.byte	0x5
 100 0061 00010000 		.4byte	.LASF5
 101 0065 03       		.uleb128 0x3
 102 0066 04       		.byte	0x4
 103 0067 07       		.byte	0x7
 104 0068 0F020000 		.4byte	.LASF6
 105 006c 03       		.uleb128 0x3
 106 006d 08       		.byte	0x8
 107 006e 05       		.byte	0x5
ARM GAS  /tmp/ccXuJOw9.s 			page 3


 108 006f A8000000 		.4byte	.LASF7
 109 0073 03       		.uleb128 0x3
 110 0074 08       		.byte	0x8
 111 0075 07       		.byte	0x7
 112 0076 4D010000 		.4byte	.LASF8
 113 007a 03       		.uleb128 0x3
 114 007b 04       		.byte	0x4
 115 007c 07       		.byte	0x7
 116 007d 32000000 		.4byte	.LASF9
 117 0081 03       		.uleb128 0x3
 118 0082 01       		.byte	0x1
 119 0083 08       		.byte	0x8
 120 0084 AF010000 		.4byte	.LASF10
 121 0088 04       		.uleb128 0x4
 122 0089 39020000 		.4byte	.LASF12
 123 008d 03       		.byte	0x3
 124 008e 3E       		.byte	0x3e
 125 008f 4C000000 		.4byte	0x4c
 126 0093 04       		.uleb128 0x4
 127 0094 09010000 		.4byte	.LASF13
 128 0098 04       		.byte	0x4
 129 0099 4B       		.byte	0x4b
 130 009a 88000000 		.4byte	0x88
 131 009e 05       		.uleb128 0x5
 132 009f 01       		.byte	0x1
 133 00a0 06       		.byte	0x6
 134 00a1 2B       		.byte	0x2b
 135 00a2 01010000 		.4byte	0x101
 136 00a6 06       		.uleb128 0x6
 137 00a7 26020000 		.4byte	.LASF14
 138 00ab 00       		.sleb128 0
 139 00ac 06       		.uleb128 0x6
 140 00ad 7A020000 		.4byte	.LASF15
 141 00b1 01       		.sleb128 1
 142 00b2 06       		.uleb128 0x6
 143 00b3 66020000 		.4byte	.LASF16
 144 00b7 02       		.sleb128 2
 145 00b8 06       		.uleb128 0x6
 146 00b9 8F000000 		.4byte	.LASF17
 147 00bd 03       		.sleb128 3
 148 00be 06       		.uleb128 0x6
 149 00bf 19000000 		.4byte	.LASF18
 150 00c3 04       		.sleb128 4
 151 00c4 06       		.uleb128 0x6
 152 00c5 A0010000 		.4byte	.LASF19
 153 00c9 05       		.sleb128 5
 154 00ca 06       		.uleb128 0x6
 155 00cb 77000000 		.4byte	.LASF20
 156 00cf 06       		.sleb128 6
 157 00d0 06       		.uleb128 0x6
 158 00d1 B9020000 		.4byte	.LASF21
 159 00d5 07       		.sleb128 7
 160 00d6 06       		.uleb128 0x6
 161 00d7 59020000 		.4byte	.LASF22
 162 00db 08       		.sleb128 8
 163 00dc 06       		.uleb128 0x6
 164 00dd B4010000 		.4byte	.LASF23
ARM GAS  /tmp/ccXuJOw9.s 			page 4


 165 00e1 09       		.sleb128 9
 166 00e2 06       		.uleb128 0x6
 167 00e3 40000000 		.4byte	.LASF24
 168 00e7 0A       		.sleb128 10
 169 00e8 06       		.uleb128 0x6
 170 00e9 66000000 		.4byte	.LASF25
 171 00ed 0B       		.sleb128 11
 172 00ee 06       		.uleb128 0x6
 173 00ef E7010000 		.4byte	.LASF26
 174 00f3 0C       		.sleb128 12
 175 00f4 06       		.uleb128 0x6
 176 00f5 3F020000 		.4byte	.LASF27
 177 00f9 0D       		.sleb128 13
 178 00fa 06       		.uleb128 0x6
 179 00fb 2E010000 		.4byte	.LASF28
 180 00ff 0E       		.sleb128 14
 181 0100 00       		.byte	0
 182 0101 07       		.uleb128 0x7
 183 0102 26000000 		.4byte	.LASF39
 184 0106 18       		.byte	0x18
 185 0107 05       		.byte	0x5
 186 0108 3A       		.byte	0x3a
 187 0109 B5010000 		.4byte	0x1b5
 188 010d 08       		.uleb128 0x8
 189 010e 3B000000 		.4byte	.LASF29
 190 0112 05       		.byte	0x5
 191 0113 3B       		.byte	0x3b
 192 0114 88000000 		.4byte	0x88
 193 0118 02       		.byte	0x2
 194 0119 23       		.byte	0x23
 195 011a 00       		.uleb128 0
 196 011b 08       		.uleb128 0x8
 197 011c F1010000 		.4byte	.LASF30
 198 0120 05       		.byte	0x5
 199 0121 3C       		.byte	0x3c
 200 0122 88000000 		.4byte	0x88
 201 0126 02       		.byte	0x2
 202 0127 23       		.byte	0x23
 203 0128 02       		.uleb128 0x2
 204 0129 09       		.uleb128 0x9
 205 012a 667700   		.ascii	"fw\000"
 206 012d 05       		.byte	0x5
 207 012e 3D       		.byte	0x3d
 208 012f 88000000 		.4byte	0x88
 209 0133 02       		.byte	0x2
 210 0134 23       		.byte	0x23
 211 0135 04       		.uleb128 0x4
 212 0136 08       		.uleb128 0x8
 213 0137 1B010000 		.4byte	.LASF31
 214 013b 05       		.byte	0x5
 215 013c 3E       		.byte	0x3e
 216 013d 88000000 		.4byte	0x88
 217 0141 02       		.byte	0x2
 218 0142 23       		.byte	0x23
 219 0143 06       		.uleb128 0x6
 220 0144 08       		.uleb128 0x8
 221 0145 64010000 		.4byte	.LASF32
ARM GAS  /tmp/ccXuJOw9.s 			page 5


 222 0149 05       		.byte	0x5
 223 014a 3F       		.byte	0x3f
 224 014b 88000000 		.4byte	0x88
 225 014f 02       		.byte	0x2
 226 0150 23       		.byte	0x23
 227 0151 08       		.uleb128 0x8
 228 0152 08       		.uleb128 0x8
 229 0153 5F000000 		.4byte	.LASF33
 230 0157 05       		.byte	0x5
 231 0158 40       		.byte	0x40
 232 0159 88000000 		.4byte	0x88
 233 015d 02       		.byte	0x2
 234 015e 23       		.byte	0x23
 235 015f 0A       		.uleb128 0xa
 236 0160 08       		.uleb128 0x8
 237 0161 14010000 		.4byte	.LASF34
 238 0165 05       		.byte	0x5
 239 0166 41       		.byte	0x41
 240 0167 88000000 		.4byte	0x88
 241 016b 02       		.byte	0x2
 242 016c 23       		.byte	0x23
 243 016d 0C       		.uleb128 0xc
 244 016e 08       		.uleb128 0x8
 245 016f 33020000 		.4byte	.LASF35
 246 0173 05       		.byte	0x5
 247 0174 42       		.byte	0x42
 248 0175 88000000 		.4byte	0x88
 249 0179 02       		.byte	0x2
 250 017a 23       		.byte	0x23
 251 017b 0E       		.uleb128 0xe
 252 017c 08       		.uleb128 0x8
 253 017d D2010000 		.4byte	.LASF36
 254 0181 05       		.byte	0x5
 255 0182 43       		.byte	0x43
 256 0183 88000000 		.4byte	0x88
 257 0187 02       		.byte	0x2
 258 0188 23       		.byte	0x23
 259 0189 10       		.uleb128 0x10
 260 018a 08       		.uleb128 0x8
 261 018b 80010000 		.4byte	.LASF37
 262 018f 05       		.byte	0x5
 263 0190 44       		.byte	0x44
 264 0191 88000000 		.4byte	0x88
 265 0195 02       		.byte	0x2
 266 0196 23       		.byte	0x23
 267 0197 12       		.uleb128 0x12
 268 0198 09       		.uleb128 0x9
 269 0199 65727200 		.ascii	"err\000"
 270 019d 05       		.byte	0x5
 271 019e 45       		.byte	0x45
 272 019f 88000000 		.4byte	0x88
 273 01a3 02       		.byte	0x2
 274 01a4 23       		.byte	0x23
 275 01a5 14       		.uleb128 0x14
 276 01a6 08       		.uleb128 0x8
 277 01a7 86000000 		.4byte	.LASF38
 278 01ab 05       		.byte	0x5
ARM GAS  /tmp/ccXuJOw9.s 			page 6


 279 01ac 46       		.byte	0x46
 280 01ad 88000000 		.4byte	0x88
 281 01b1 02       		.byte	0x2
 282 01b2 23       		.byte	0x23
 283 01b3 16       		.uleb128 0x16
 284 01b4 00       		.byte	0
 285 01b5 07       		.uleb128 0x7
 286 01b6 55000000 		.4byte	.LASF40
 287 01ba 0A       		.byte	0xa
 288 01bb 05       		.byte	0x5
 289 01bc 5A       		.byte	0x5a
 290 01bd 08020000 		.4byte	0x208
 291 01c1 08       		.uleb128 0x8
 292 01c2 53020000 		.4byte	.LASF41
 293 01c6 05       		.byte	0x5
 294 01c7 5E       		.byte	0x5e
 295 01c8 93000000 		.4byte	0x93
 296 01cc 02       		.byte	0x2
 297 01cd 23       		.byte	0x23
 298 01ce 00       		.uleb128 0
 299 01cf 08       		.uleb128 0x8
 300 01d0 4E020000 		.4byte	.LASF42
 301 01d4 05       		.byte	0x5
 302 01d5 5F       		.byte	0x5f
 303 01d6 93000000 		.4byte	0x93
 304 01da 02       		.byte	0x2
 305 01db 23       		.byte	0x23
 306 01dc 02       		.uleb128 0x2
 307 01dd 09       		.uleb128 0x9
 308 01de 6D617800 		.ascii	"max\000"
 309 01e2 05       		.byte	0x5
 310 01e3 60       		.byte	0x60
 311 01e4 93000000 		.4byte	0x93
 312 01e8 02       		.byte	0x2
 313 01e9 23       		.byte	0x23
 314 01ea 04       		.uleb128 0x4
 315 01eb 09       		.uleb128 0x9
 316 01ec 65727200 		.ascii	"err\000"
 317 01f0 05       		.byte	0x5
 318 01f1 61       		.byte	0x61
 319 01f2 88000000 		.4byte	0x88
 320 01f6 02       		.byte	0x2
 321 01f7 23       		.byte	0x23
 322 01f8 06       		.uleb128 0x6
 323 01f9 08       		.uleb128 0x8
 324 01fa DF010000 		.4byte	.LASF43
 325 01fe 05       		.byte	0x5
 326 01ff 62       		.byte	0x62
 327 0200 88000000 		.4byte	0x88
 328 0204 02       		.byte	0x2
 329 0205 23       		.byte	0x23
 330 0206 08       		.uleb128 0x8
 331 0207 00       		.byte	0
 332 0208 07       		.uleb128 0x7
 333 0209 01020000 		.4byte	.LASF44
 334 020d 06       		.byte	0x6
 335 020e 05       		.byte	0x5
ARM GAS  /tmp/ccXuJOw9.s 			page 7


 336 020f 65       		.byte	0x65
 337 0210 3F020000 		.4byte	0x23f
 338 0214 08       		.uleb128 0x8
 339 0215 4E020000 		.4byte	.LASF42
 340 0219 05       		.byte	0x5
 341 021a 66       		.byte	0x66
 342 021b 88000000 		.4byte	0x88
 343 021f 02       		.byte	0x2
 344 0220 23       		.byte	0x23
 345 0221 00       		.uleb128 0
 346 0222 09       		.uleb128 0x9
 347 0223 6D617800 		.ascii	"max\000"
 348 0227 05       		.byte	0x5
 349 0228 67       		.byte	0x67
 350 0229 88000000 		.4byte	0x88
 351 022d 02       		.byte	0x2
 352 022e 23       		.byte	0x23
 353 022f 02       		.uleb128 0x2
 354 0230 09       		.uleb128 0x9
 355 0231 65727200 		.ascii	"err\000"
 356 0235 05       		.byte	0x5
 357 0236 68       		.byte	0x68
 358 0237 88000000 		.4byte	0x88
 359 023b 02       		.byte	0x2
 360 023c 23       		.byte	0x23
 361 023d 04       		.uleb128 0x4
 362 023e 00       		.byte	0
 363 023f 07       		.uleb128 0x7
 364 0240 43010000 		.4byte	.LASF45
 365 0244 12       		.byte	0x12
 366 0245 05       		.byte	0x5
 367 0246 6B       		.byte	0x6b
 368 0247 76020000 		.4byte	0x276
 369 024b 09       		.uleb128 0x9
 370 024c 73656D00 		.ascii	"sem\000"
 371 0250 05       		.byte	0x5
 372 0251 6C       		.byte	0x6c
 373 0252 08020000 		.4byte	0x208
 374 0256 02       		.byte	0x2
 375 0257 23       		.byte	0x23
 376 0258 00       		.uleb128 0
 377 0259 08       		.uleb128 0x8
 378 025a 87010000 		.4byte	.LASF46
 379 025e 05       		.byte	0x5
 380 025f 6D       		.byte	0x6d
 381 0260 08020000 		.4byte	0x208
 382 0264 02       		.byte	0x2
 383 0265 23       		.byte	0x23
 384 0266 06       		.uleb128 0x6
 385 0267 08       		.uleb128 0x8
 386 0268 DA010000 		.4byte	.LASF47
 387 026c 05       		.byte	0x5
 388 026d 6E       		.byte	0x6e
 389 026e 08020000 		.4byte	0x208
 390 0272 02       		.byte	0x2
 391 0273 23       		.byte	0x23
 392 0274 0C       		.uleb128 0xc
ARM GAS  /tmp/ccXuJOw9.s 			page 8


 393 0275 00       		.byte	0
 394 0276 0A       		.uleb128 0xa
 395 0277 00000000 		.4byte	.LASF48
 396 027b 5001     		.2byte	0x150
 397 027d 05       		.byte	0x5
 398 027e 71       		.byte	0x71
 399 027f 13030000 		.4byte	0x313
 400 0283 08       		.uleb128 0x8
 401 0284 A3000000 		.4byte	.LASF49
 402 0288 05       		.byte	0x5
 403 0289 73       		.byte	0x73
 404 028a 01010000 		.4byte	0x101
 405 028e 02       		.byte	0x2
 406 028f 23       		.byte	0x23
 407 0290 00       		.uleb128 0
 408 0291 08       		.uleb128 0x8
 409 0292 73020000 		.4byte	.LASF50
 410 0296 05       		.byte	0x5
 411 0297 76       		.byte	0x76
 412 0298 01010000 		.4byte	0x101
 413 029c 02       		.byte	0x2
 414 029d 23       		.byte	0x23
 415 029e 18       		.uleb128 0x18
 416 029f 08       		.uleb128 0x8
 417 02a0 07000000 		.4byte	.LASF51
 418 02a4 05       		.byte	0x5
 419 02a5 79       		.byte	0x79
 420 02a6 01010000 		.4byte	0x101
 421 02aa 02       		.byte	0x2
 422 02ab 23       		.byte	0x23
 423 02ac 30       		.uleb128 0x30
 424 02ad 09       		.uleb128 0x9
 425 02ae 697000   		.ascii	"ip\000"
 426 02b1 05       		.byte	0x5
 427 02b2 7C       		.byte	0x7c
 428 02b3 01010000 		.4byte	0x101
 429 02b7 02       		.byte	0x2
 430 02b8 23       		.byte	0x23
 431 02b9 48       		.uleb128 0x48
 432 02ba 08       		.uleb128 0x8
 433 02bb 94020000 		.4byte	.LASF52
 434 02bf 05       		.byte	0x5
 435 02c0 7F       		.byte	0x7f
 436 02c1 01010000 		.4byte	0x101
 437 02c5 02       		.byte	0x2
 438 02c6 23       		.byte	0x23
 439 02c7 60       		.uleb128 0x60
 440 02c8 09       		.uleb128 0x9
 441 02c9 75647000 		.ascii	"udp\000"
 442 02cd 05       		.byte	0x5
 443 02ce 85       		.byte	0x85
 444 02cf 01010000 		.4byte	0x101
 445 02d3 02       		.byte	0x2
 446 02d4 23       		.byte	0x23
 447 02d5 78       		.uleb128 0x78
 448 02d6 09       		.uleb128 0x9
 449 02d7 74637000 		.ascii	"tcp\000"
ARM GAS  /tmp/ccXuJOw9.s 			page 9


 450 02db 05       		.byte	0x5
 451 02dc 88       		.byte	0x88
 452 02dd 01010000 		.4byte	0x101
 453 02e1 03       		.byte	0x3
 454 02e2 23       		.byte	0x23
 455 02e3 9001     		.uleb128 0x90
 456 02e5 09       		.uleb128 0x9
 457 02e6 6D656D00 		.ascii	"mem\000"
 458 02ea 05       		.byte	0x5
 459 02eb 8B       		.byte	0x8b
 460 02ec B5010000 		.4byte	0x1b5
 461 02f0 03       		.byte	0x3
 462 02f1 23       		.byte	0x23
 463 02f2 A801     		.uleb128 0xa8
 464 02f4 08       		.uleb128 0x8
 465 02f5 21020000 		.4byte	.LASF53
 466 02f9 05       		.byte	0x5
 467 02fa 8E       		.byte	0x8e
 468 02fb 13030000 		.4byte	0x313
 469 02ff 03       		.byte	0x3
 470 0300 23       		.byte	0x23
 471 0301 B201     		.uleb128 0xb2
 472 0303 09       		.uleb128 0x9
 473 0304 73797300 		.ascii	"sys\000"
 474 0308 05       		.byte	0x5
 475 0309 91       		.byte	0x91
 476 030a 3F020000 		.4byte	0x23f
 477 030e 03       		.byte	0x3
 478 030f 23       		.byte	0x23
 479 0310 BE02     		.uleb128 0x13e
 480 0312 00       		.byte	0
 481 0313 0B       		.uleb128 0xb
 482 0314 B5010000 		.4byte	0x1b5
 483 0318 23030000 		.4byte	0x323
 484 031c 0C       		.uleb128 0xc
 485 031d 7A000000 		.4byte	0x7a
 486 0321 0D       		.byte	0xd
 487 0322 00       		.byte	0
 488 0323 0D       		.uleb128 0xd
 489 0324 01       		.byte	0x1
 490 0325 F6010000 		.4byte	.LASF57
 491 0329 01       		.byte	0x1
 492 032a 33       		.byte	0x33
 493 032b 01       		.byte	0x1
 494 032c 00000000 		.4byte	.LFB7
 495 0330 02000000 		.4byte	.LFE7
 496 0334 02       		.byte	0x2
 497 0335 7D       		.byte	0x7d
 498 0336 00       		.sleb128 0
 499 0337 01       		.byte	0x1
 500 0338 0E       		.uleb128 0xe
 501 0339 C7010000 		.4byte	.LASF58
 502 033d 01       		.byte	0x1
 503 033e 31       		.byte	0x31
 504 033f 76020000 		.4byte	0x276
 505 0343 01       		.byte	0x1
 506 0344 05       		.byte	0x5
ARM GAS  /tmp/ccXuJOw9.s 			page 10


 507 0345 03       		.byte	0x3
 508 0346 00000000 		.4byte	lwip_stats
 509 034a 00       		.byte	0
 510              		.section	.debug_abbrev,"",%progbits
 511              	.Ldebug_abbrev0:
 512 0000 01       		.uleb128 0x1
 513 0001 11       		.uleb128 0x11
 514 0002 01       		.byte	0x1
 515 0003 25       		.uleb128 0x25
 516 0004 0E       		.uleb128 0xe
 517 0005 13       		.uleb128 0x13
 518 0006 0B       		.uleb128 0xb
 519 0007 03       		.uleb128 0x3
 520 0008 0E       		.uleb128 0xe
 521 0009 1B       		.uleb128 0x1b
 522 000a 0E       		.uleb128 0xe
 523 000b 55       		.uleb128 0x55
 524 000c 06       		.uleb128 0x6
 525 000d 11       		.uleb128 0x11
 526 000e 01       		.uleb128 0x1
 527 000f 52       		.uleb128 0x52
 528 0010 01       		.uleb128 0x1
 529 0011 10       		.uleb128 0x10
 530 0012 06       		.uleb128 0x6
 531 0013 00       		.byte	0
 532 0014 00       		.byte	0
 533 0015 02       		.uleb128 0x2
 534 0016 24       		.uleb128 0x24
 535 0017 00       		.byte	0
 536 0018 0B       		.uleb128 0xb
 537 0019 0B       		.uleb128 0xb
 538 001a 3E       		.uleb128 0x3e
 539 001b 0B       		.uleb128 0xb
 540 001c 03       		.uleb128 0x3
 541 001d 08       		.uleb128 0x8
 542 001e 00       		.byte	0
 543 001f 00       		.byte	0
 544 0020 03       		.uleb128 0x3
 545 0021 24       		.uleb128 0x24
 546 0022 00       		.byte	0
 547 0023 0B       		.uleb128 0xb
 548 0024 0B       		.uleb128 0xb
 549 0025 3E       		.uleb128 0x3e
 550 0026 0B       		.uleb128 0xb
 551 0027 03       		.uleb128 0x3
 552 0028 0E       		.uleb128 0xe
 553 0029 00       		.byte	0
 554 002a 00       		.byte	0
 555 002b 04       		.uleb128 0x4
 556 002c 16       		.uleb128 0x16
 557 002d 00       		.byte	0
 558 002e 03       		.uleb128 0x3
 559 002f 0E       		.uleb128 0xe
 560 0030 3A       		.uleb128 0x3a
 561 0031 0B       		.uleb128 0xb
 562 0032 3B       		.uleb128 0x3b
 563 0033 0B       		.uleb128 0xb
ARM GAS  /tmp/ccXuJOw9.s 			page 11


 564 0034 49       		.uleb128 0x49
 565 0035 13       		.uleb128 0x13
 566 0036 00       		.byte	0
 567 0037 00       		.byte	0
 568 0038 05       		.uleb128 0x5
 569 0039 04       		.uleb128 0x4
 570 003a 01       		.byte	0x1
 571 003b 0B       		.uleb128 0xb
 572 003c 0B       		.uleb128 0xb
 573 003d 3A       		.uleb128 0x3a
 574 003e 0B       		.uleb128 0xb
 575 003f 3B       		.uleb128 0x3b
 576 0040 0B       		.uleb128 0xb
 577 0041 01       		.uleb128 0x1
 578 0042 13       		.uleb128 0x13
 579 0043 00       		.byte	0
 580 0044 00       		.byte	0
 581 0045 06       		.uleb128 0x6
 582 0046 28       		.uleb128 0x28
 583 0047 00       		.byte	0
 584 0048 03       		.uleb128 0x3
 585 0049 0E       		.uleb128 0xe
 586 004a 1C       		.uleb128 0x1c
 587 004b 0D       		.uleb128 0xd
 588 004c 00       		.byte	0
 589 004d 00       		.byte	0
 590 004e 07       		.uleb128 0x7
 591 004f 13       		.uleb128 0x13
 592 0050 01       		.byte	0x1
 593 0051 03       		.uleb128 0x3
 594 0052 0E       		.uleb128 0xe
 595 0053 0B       		.uleb128 0xb
 596 0054 0B       		.uleb128 0xb
 597 0055 3A       		.uleb128 0x3a
 598 0056 0B       		.uleb128 0xb
 599 0057 3B       		.uleb128 0x3b
 600 0058 0B       		.uleb128 0xb
 601 0059 01       		.uleb128 0x1
 602 005a 13       		.uleb128 0x13
 603 005b 00       		.byte	0
 604 005c 00       		.byte	0
 605 005d 08       		.uleb128 0x8
 606 005e 0D       		.uleb128 0xd
 607 005f 00       		.byte	0
 608 0060 03       		.uleb128 0x3
 609 0061 0E       		.uleb128 0xe
 610 0062 3A       		.uleb128 0x3a
 611 0063 0B       		.uleb128 0xb
 612 0064 3B       		.uleb128 0x3b
 613 0065 0B       		.uleb128 0xb
 614 0066 49       		.uleb128 0x49
 615 0067 13       		.uleb128 0x13
 616 0068 38       		.uleb128 0x38
 617 0069 0A       		.uleb128 0xa
 618 006a 00       		.byte	0
 619 006b 00       		.byte	0
 620 006c 09       		.uleb128 0x9
ARM GAS  /tmp/ccXuJOw9.s 			page 12


 621 006d 0D       		.uleb128 0xd
 622 006e 00       		.byte	0
 623 006f 03       		.uleb128 0x3
 624 0070 08       		.uleb128 0x8
 625 0071 3A       		.uleb128 0x3a
 626 0072 0B       		.uleb128 0xb
 627 0073 3B       		.uleb128 0x3b
 628 0074 0B       		.uleb128 0xb
 629 0075 49       		.uleb128 0x49
 630 0076 13       		.uleb128 0x13
 631 0077 38       		.uleb128 0x38
 632 0078 0A       		.uleb128 0xa
 633 0079 00       		.byte	0
 634 007a 00       		.byte	0
 635 007b 0A       		.uleb128 0xa
 636 007c 13       		.uleb128 0x13
 637 007d 01       		.byte	0x1
 638 007e 03       		.uleb128 0x3
 639 007f 0E       		.uleb128 0xe
 640 0080 0B       		.uleb128 0xb
 641 0081 05       		.uleb128 0x5
 642 0082 3A       		.uleb128 0x3a
 643 0083 0B       		.uleb128 0xb
 644 0084 3B       		.uleb128 0x3b
 645 0085 0B       		.uleb128 0xb
 646 0086 01       		.uleb128 0x1
 647 0087 13       		.uleb128 0x13
 648 0088 00       		.byte	0
 649 0089 00       		.byte	0
 650 008a 0B       		.uleb128 0xb
 651 008b 01       		.uleb128 0x1
 652 008c 01       		.byte	0x1
 653 008d 49       		.uleb128 0x49
 654 008e 13       		.uleb128 0x13
 655 008f 01       		.uleb128 0x1
 656 0090 13       		.uleb128 0x13
 657 0091 00       		.byte	0
 658 0092 00       		.byte	0
 659 0093 0C       		.uleb128 0xc
 660 0094 21       		.uleb128 0x21
 661 0095 00       		.byte	0
 662 0096 49       		.uleb128 0x49
 663 0097 13       		.uleb128 0x13
 664 0098 2F       		.uleb128 0x2f
 665 0099 0B       		.uleb128 0xb
 666 009a 00       		.byte	0
 667 009b 00       		.byte	0
 668 009c 0D       		.uleb128 0xd
 669 009d 2E       		.uleb128 0x2e
 670 009e 00       		.byte	0
 671 009f 3F       		.uleb128 0x3f
 672 00a0 0C       		.uleb128 0xc
 673 00a1 03       		.uleb128 0x3
 674 00a2 0E       		.uleb128 0xe
 675 00a3 3A       		.uleb128 0x3a
 676 00a4 0B       		.uleb128 0xb
 677 00a5 3B       		.uleb128 0x3b
ARM GAS  /tmp/ccXuJOw9.s 			page 13


 678 00a6 0B       		.uleb128 0xb
 679 00a7 27       		.uleb128 0x27
 680 00a8 0C       		.uleb128 0xc
 681 00a9 11       		.uleb128 0x11
 682 00aa 01       		.uleb128 0x1
 683 00ab 12       		.uleb128 0x12
 684 00ac 01       		.uleb128 0x1
 685 00ad 40       		.uleb128 0x40
 686 00ae 0A       		.uleb128 0xa
 687 00af 9742     		.uleb128 0x2117
 688 00b1 0C       		.uleb128 0xc
 689 00b2 00       		.byte	0
 690 00b3 00       		.byte	0
 691 00b4 0E       		.uleb128 0xe
 692 00b5 34       		.uleb128 0x34
 693 00b6 00       		.byte	0
 694 00b7 03       		.uleb128 0x3
 695 00b8 0E       		.uleb128 0xe
 696 00b9 3A       		.uleb128 0x3a
 697 00ba 0B       		.uleb128 0xb
 698 00bb 3B       		.uleb128 0x3b
 699 00bc 0B       		.uleb128 0xb
 700 00bd 49       		.uleb128 0x49
 701 00be 13       		.uleb128 0x13
 702 00bf 3F       		.uleb128 0x3f
 703 00c0 0C       		.uleb128 0xc
 704 00c1 02       		.uleb128 0x2
 705 00c2 0A       		.uleb128 0xa
 706 00c3 00       		.byte	0
 707 00c4 00       		.byte	0
 708 00c5 00       		.byte	0
 709              		.section	.debug_aranges,"",%progbits
 710 0000 1C000000 		.4byte	0x1c
 711 0004 0200     		.2byte	0x2
 712 0006 00000000 		.4byte	.Ldebug_info0
 713 000a 04       		.byte	0x4
 714 000b 00       		.byte	0
 715 000c 0000     		.2byte	0
 716 000e 0000     		.2byte	0
 717 0010 00000000 		.4byte	.LFB7
 718 0014 02000000 		.4byte	.LFE7-.LFB7
 719 0018 00000000 		.4byte	0
 720 001c 00000000 		.4byte	0
 721              		.section	.debug_ranges,"",%progbits
 722              	.Ldebug_ranges0:
 723 0000 00000000 		.4byte	.LFB7
 724 0004 02000000 		.4byte	.LFE7
 725 0008 00000000 		.4byte	0
 726 000c 00000000 		.4byte	0
 727              		.section	.debug_line,"",%progbits
 728              	.Ldebug_line0:
 729 0000 30010000 		.section	.debug_str,"MS",%progbits,1
 729      02001B01 
 729      00000201 
 729      FB0E0D00 
 729      01010101 
 730              	.LASF48:
ARM GAS  /tmp/ccXuJOw9.s 			page 14


 731 0000 73746174 		.ascii	"stats_\000"
 731      735F00
 732              	.LASF51:
 733 0007 69705F66 		.ascii	"ip_frag\000"
 733      72616700 
 734              	.LASF3:
 735 000f 73686F72 		.ascii	"short int\000"
 735      7420696E 
 735      7400
 736              	.LASF18:
 737 0019 4D454D50 		.ascii	"MEMP_TCP_SEG\000"
 737      5F544350 
 737      5F534547 
 737      00
 738              	.LASF39:
 739 0026 73746174 		.ascii	"stats_proto\000"
 739      735F7072 
 739      6F746F00 
 740              	.LASF9:
 741 0032 73697A65 		.ascii	"sizetype\000"
 741      74797065 
 741      00
 742              	.LASF29:
 743 003b 786D6974 		.ascii	"xmit\000"
 743      00
 744              	.LASF24:
 745 0040 4D454D50 		.ascii	"MEMP_TCPIP_MSG_INPKT\000"
 745      5F544350 
 745      49505F4D 
 745      53475F49 
 745      4E504B54 
 746              	.LASF40:
 747 0055 73746174 		.ascii	"stats_mem\000"
 747      735F6D65 
 747      6D00
 748              	.LASF33:
 749 005f 6C656E65 		.ascii	"lenerr\000"
 749      727200
 750              	.LASF25:
 751 0066 4D454D50 		.ascii	"MEMP_SYS_TIMEOUT\000"
 751      5F535953 
 751      5F54494D 
 751      454F5554 
 751      00
 752              	.LASF20:
 753 0077 4D454D50 		.ascii	"MEMP_FRAG_PBUF\000"
 753      5F465241 
 753      475F5042 
 753      554600
 754              	.LASF38:
 755 0086 63616368 		.ascii	"cachehit\000"
 755      65686974 
 755      00
 756              	.LASF17:
 757 008f 4D454D50 		.ascii	"MEMP_TCP_PCB_LISTEN\000"
 757      5F544350 
 757      5F504342 
ARM GAS  /tmp/ccXuJOw9.s 			page 15


 757      5F4C4953 
 757      54454E00 
 758              	.LASF49:
 759 00a3 6C696E6B 		.ascii	"link\000"
 759      00
 760              	.LASF7:
 761 00a8 6C6F6E67 		.ascii	"long long int\000"
 761      206C6F6E 
 761      6720696E 
 761      7400
 762              	.LASF56:
 763 00b6 2F686F6D 		.ascii	"/home/kwilson/Sandbox/ChibiOS_2.5.1/demos/ARMCM4-ST"
 763      652F6B77 
 763      696C736F 
 763      6E2F5361 
 763      6E64626F 
 764 00e9 4D333246 		.ascii	"M32F407-LWIP-FATFS-USB\000"
 764      3430372D 
 764      4C574950 
 764      2D464154 
 764      46532D55 
 765              	.LASF5:
 766 0100 6C6F6E67 		.ascii	"long int\000"
 766      20696E74 
 766      00
 767              	.LASF13:
 768 0109 6D656D5F 		.ascii	"mem_size_t\000"
 768      73697A65 
 768      5F7400
 769              	.LASF34:
 770 0114 6D656D65 		.ascii	"memerr\000"
 770      727200
 771              	.LASF31:
 772 011b 64726F70 		.ascii	"drop\000"
 772      00
 773              	.LASF2:
 774 0120 756E7369 		.ascii	"unsigned char\000"
 774      676E6564 
 774      20636861 
 774      7200
 775              	.LASF28:
 776 012e 4D454D50 		.ascii	"MEMP_MAX\000"
 776      5F4D4158 
 776      00
 777              	.LASF1:
 778 0137 7369676E 		.ascii	"signed char\000"
 778      65642063 
 778      68617200 
 779              	.LASF45:
 780 0143 73746174 		.ascii	"stats_sys\000"
 780      735F7379 
 780      7300
 781              	.LASF8:
 782 014d 6C6F6E67 		.ascii	"long long unsigned int\000"
 782      206C6F6E 
 782      6720756E 
 782      7369676E 
ARM GAS  /tmp/ccXuJOw9.s 			page 16


 782      65642069 
 783              	.LASF32:
 784 0164 63686B65 		.ascii	"chkerr\000"
 784      727200
 785              	.LASF11:
 786 016b 75696E74 		.ascii	"uint16_t\000"
 786      31365F74 
 786      00
 787              	.LASF54:
 788 0174 474E5520 		.ascii	"GNU C 4.7.2\000"
 788      4320342E 
 788      372E3200 
 789              	.LASF37:
 790 0180 6F707465 		.ascii	"opterr\000"
 790      727200
 791              	.LASF46:
 792 0187 6D757465 		.ascii	"mutex\000"
 792      7800
 793              	.LASF4:
 794 018d 73686F72 		.ascii	"short unsigned int\000"
 794      7420756E 
 794      7369676E 
 794      65642069 
 794      6E7400
 795              	.LASF19:
 796 01a0 4D454D50 		.ascii	"MEMP_REASSDATA\000"
 796      5F524541 
 796      53534441 
 796      544100
 797              	.LASF10:
 798 01af 63686172 		.ascii	"char\000"
 798      00
 799              	.LASF23:
 800 01b4 4D454D50 		.ascii	"MEMP_TCPIP_MSG_API\000"
 800      5F544350 
 800      49505F4D 
 800      53475F41 
 800      504900
 801              	.LASF58:
 802 01c7 6C776970 		.ascii	"lwip_stats\000"
 802      5F737461 
 802      747300
 803              	.LASF36:
 804 01d2 70726F74 		.ascii	"proterr\000"
 804      65727200 
 805              	.LASF47:
 806 01da 6D626F78 		.ascii	"mbox\000"
 806      00
 807              	.LASF43:
 808 01df 696C6C65 		.ascii	"illegal\000"
 808      67616C00 
 809              	.LASF26:
 810 01e7 4D454D50 		.ascii	"MEMP_PBUF\000"
 810      5F504255 
 810      4600
 811              	.LASF30:
 812 01f1 72656376 		.ascii	"recv\000"
ARM GAS  /tmp/ccXuJOw9.s 			page 17


 812      00
 813              	.LASF57:
 814 01f6 73746174 		.ascii	"stats_init\000"
 814      735F696E 
 814      697400
 815              	.LASF44:
 816 0201 73746174 		.ascii	"stats_syselem\000"
 816      735F7379 
 816      73656C65 
 816      6D00
 817              	.LASF6:
 818 020f 6C6F6E67 		.ascii	"long unsigned int\000"
 818      20756E73 
 818      69676E65 
 818      6420696E 
 818      7400
 819              	.LASF53:
 820 0221 6D656D70 		.ascii	"memp\000"
 820      00
 821              	.LASF14:
 822 0226 4D454D50 		.ascii	"MEMP_RAW_PCB\000"
 822      5F524157 
 822      5F504342 
 822      00
 823              	.LASF35:
 824 0233 72746572 		.ascii	"rterr\000"
 824      7200
 825              	.LASF12:
 826 0239 7531365F 		.ascii	"u16_t\000"
 826      7400
 827              	.LASF27:
 828 023f 4D454D50 		.ascii	"MEMP_PBUF_POOL\000"
 828      5F504255 
 828      465F504F 
 828      4F4C00
 829              	.LASF42:
 830 024e 75736564 		.ascii	"used\000"
 830      00
 831              	.LASF41:
 832 0253 61766169 		.ascii	"avail\000"
 832      6C00
 833              	.LASF22:
 834 0259 4D454D50 		.ascii	"MEMP_NETCONN\000"
 834      5F4E4554 
 834      434F4E4E 
 834      00
 835              	.LASF16:
 836 0266 4D454D50 		.ascii	"MEMP_TCP_PCB\000"
 836      5F544350 
 836      5F504342 
 836      00
 837              	.LASF50:
 838 0273 65746861 		.ascii	"etharp\000"
 838      727000
 839              	.LASF15:
 840 027a 4D454D50 		.ascii	"MEMP_UDP_PCB\000"
 840      5F554450 
ARM GAS  /tmp/ccXuJOw9.s 			page 18


 840      5F504342 
 840      00
 841              	.LASF0:
 842 0287 756E7369 		.ascii	"unsigned int\000"
 842      676E6564 
 842      20696E74 
 842      00
 843              	.LASF52:
 844 0294 69636D70 		.ascii	"icmp\000"
 844      00
 845              	.LASF55:
 846 0299 2E2E2F2E 		.ascii	"../../ext/lwip/src/core/stats.c\000"
 846      2E2F6578 
 846      742F6C77 
 846      69702F73 
 846      72632F63 
 847              	.LASF21:
 848 02b9 4D454D50 		.ascii	"MEMP_NETBUF\000"
 848      5F4E4554 
 848      42554600 
 849              		.ident	"GCC: (crosstool-NG 1.17.0 - PSAS ST32F4 GFE) 4.7.2"
ARM GAS  /tmp/ccXuJOw9.s 			page 19


DEFINED SYMBOLS
                            *ABS*:0000000000000000 stats.c
     /tmp/ccXuJOw9.s:21     .text.stats_init:0000000000000000 $t
     /tmp/ccXuJOw9.s:27     .text.stats_init:0000000000000000 stats_init
     /tmp/ccXuJOw9.s:44     .bss.lwip_stats:0000000000000000 lwip_stats
     /tmp/ccXuJOw9.s:41     .bss.lwip_stats:0000000000000000 $d
                     .debug_frame:0000000000000010 $d

NO UNDEFINED SYMBOLS
