ARM GAS  /tmp/ccShxbWP.s 			page 1


   1              		.syntax unified
   2              		.cpu cortex-m4
   3              		.eabi_attribute 27, 3
   4              		.eabi_attribute 28, 1
   5              		.fpu fpv4-sp-d16
   6              		.eabi_attribute 20, 1
   7              		.eabi_attribute 21, 1
   8              		.eabi_attribute 23, 3
   9              		.eabi_attribute 24, 1
  10              		.eabi_attribute 25, 1
  11              		.eabi_attribute 26, 1
  12              		.eabi_attribute 30, 2
  13              		.eabi_attribute 34, 1
  14              		.eabi_attribute 18, 4
  15              		.thumb
  16              		.file	"board.c"
  17              		.text
  18              	.Ltext0:
  19              		.cfi_sections	.debug_frame
  20              		.section	.text.__early_init,"ax",%progbits
  21              		.align	2
  22              		.p2align 4,,15
  23              		.global	__early_init
  24              		.thumb
  25              		.thumb_func
  26              		.type	__early_init, %function
  27              	__early_init:
  28              	.LFB118:
  29              		.file 1 "../../ChibiOS/boards/OLIMEX_STM32_E407/board.c"
  30              		.loc 1 54 0
  31              		.cfi_startproc
  32              		@ args = 0, pretend = 0, frame = 0
  33              		@ frame_needed = 0, uses_anonymous_args = 0
  34              		@ link register save eliminated.
  35              		.loc 1 57 0
  36              		.loc 1 56 0
  37 0000 FFF7FEBF 		b	stm32_clock_init
  38              	.LVL0:
  39              		.cfi_endproc
  40              	.LFE118:
  41              		.size	__early_init, .-__early_init
  42 0004 AFF30080 		.section	.text.boardInit,"ax",%progbits
  42      AFF30080 
  42      AFF30080 
  43              		.align	2
  44              		.p2align 4,,15
  45              		.global	boardInit
  46              		.thumb
  47              		.thumb_func
  48              		.type	boardInit, %function
  49              	boardInit:
  50              	.LFB119:
  51              		.loc 1 107 0
  52              		.cfi_startproc
  53              		@ args = 0, pretend = 0, frame = 0
  54              		@ frame_needed = 0, uses_anonymous_args = 0
  55              		@ link register save eliminated.
ARM GAS  /tmp/ccShxbWP.s 			page 2


  56 0000 7047     		bx	lr
  57              		.cfi_endproc
  58              	.LFE119:
  59              		.size	boardInit, .-boardInit
  60              		.global	pal_default_config
  61 0002 00BFAFF3 		.section	.rodata.pal_default_config,"a",%progbits
  61      0080AFF3 
  61      0080AFF3 
  61      0080
  62              		.align	2
  63              		.type	pal_default_config, %object
  64              		.size	pal_default_config, 252
  65              	pal_default_config:
  66 0000 2880A1AA 		.word	-1432256472
  67 0004 00000000 		.word	0
  68 0008 FFFFFFFF 		.word	-1
  69 000c 00150820 		.word	537400576
  70 0010 FFFF0000 		.word	65535
  71 0014 B00B00B0 		.word	-1342174288
  72 0018 00AA0A00 		.word	698880
  73 001c 81022AA2 		.word	-1574305151
  74 0020 00030000 		.word	768
  75 0024 FFFFFFFF 		.word	-1
  76 0028 00544008 		.word	138433536
  77 002c FFFF0000 		.word	65535
  78 0030 00000000 		.word	0
  79 0034 44050CCC 		.word	-871627452
  80 0038 A8AAAA06 		.word	111848104
  81 003c 00000000 		.word	0
  82 0040 FFFFFFFF 		.word	-1
  83 0044 01000000 		.word	1
  84 0048 FFFF0000 		.word	65535
  85 004c B055BB88 		.word	-2000988752
  86 0050 CCCC0C00 		.word	838860
  87 0054 20000000 		.word	32
  88 0058 00000000 		.word	0
  89 005c FFFFFFFF 		.word	-1
  90 0060 45555555 		.word	1431655749
  91 0064 FFFF0000 		.word	65535
  92 0068 000C0000 		.word	3072
  93 006c 00000000 		.word	0
  94 0070 00000000 		.word	0
  95 0074 00000000 		.word	0
  96 0078 FFFFFFFF 		.word	-1
  97 007c 55555555 		.word	1431655765
  98 0080 FFFF0000 		.word	65535
  99 0084 00000000 		.word	0
 100 0088 00000000 		.word	0
 101 008c 00000000 		.word	0
 102 0090 00000000 		.word	0
 103 0094 FFFFFFFF 		.word	-1
 104 0098 55551555 		.word	1427461461
 105 009c FFFF0000 		.word	65535
 106 00a0 00000000 		.word	0
 107 00a4 00000000 		.word	0
 108 00a8 00009028 		.word	680525824
 109 00ac 00000000 		.word	0
ARM GAS  /tmp/ccShxbWP.s 			page 3


 110 00b0 FFFFFFFF 		.word	-1
 111 00b4 55550541 		.word	1090868565
 112 00b8 FFFF0000 		.word	65535
 113 00bc 00000000 		.word	0
 114 00c0 00B0B00B 		.word	196128768
 115 00c4 00000000 		.word	0
 116 00c8 00000000 		.word	0
 117 00cc FFFFFFFF 		.word	-1
 118 00d0 50555555 		.word	1431655760
 119 00d4 FFFF0000 		.word	65535
 120 00d8 00000000 		.word	0
 121 00dc 00000000 		.word	0
 122 00e0 00000000 		.word	0
 123 00e4 00000000 		.word	0
 124 00e8 FFFFFFFF 		.word	-1
 125 00ec 55555555 		.word	1431655765
 126 00f0 FFFF0000 		.word	65535
 127 00f4 00000000 		.word	0
 128 00f8 00000000 		.word	0
 129              		.text
 130              	.Letext0:
 131              		.file 2 "/opt/psas/x-tools/stm32f407/arm-psas-eabi/bin/../lib/gcc/arm-psas-eabi/4.7.2/../../../../
 132              		.file 3 "../../ChibiOS/os/hal/platforms/STM32/GPIOv2/pal_lld.h"
 133              		.file 4 "../../ChibiOS/os/ports/common/ARMCMx/CMSIS/include/core_cm4.h"
 134              		.file 5 "../../ChibiOS/os/hal/platforms/STM32F4xx/hal_lld.h"
 135              		.section	.debug_info,"",%progbits
 136              	.Ldebug_info0:
 137 0000 11020000 		.4byte	0x211
 138 0004 0200     		.2byte	0x2
 139 0006 00000000 		.4byte	.Ldebug_abbrev0
 140 000a 04       		.byte	0x4
 141 000b 01       		.uleb128 0x1
 142 000c 8C010000 		.4byte	.LASF33
 143 0010 01       		.byte	0x1
 144 0011 02010000 		.4byte	.LASF34
 145 0015 3B010000 		.4byte	.LASF35
 146 0019 00000000 		.4byte	.Ldebug_ranges0+0
 147 001d 00000000 		.4byte	0
 148 0021 00000000 		.4byte	0
 149 0025 00000000 		.4byte	.Ldebug_line0
 150 0029 02       		.uleb128 0x2
 151 002a 04       		.byte	0x4
 152 002b 05       		.byte	0x5
 153 002c 696E7400 		.ascii	"int\000"
 154 0030 03       		.uleb128 0x3
 155 0031 04       		.byte	0x4
 156 0032 07       		.byte	0x7
 157 0033 2F000000 		.4byte	.LASF0
 158 0037 03       		.uleb128 0x3
 159 0038 01       		.byte	0x1
 160 0039 06       		.byte	0x6
 161 003a C6010000 		.4byte	.LASF1
 162 003e 03       		.uleb128 0x3
 163 003f 01       		.byte	0x1
 164 0040 08       		.byte	0x8
 165 0041 68000000 		.4byte	.LASF2
 166 0045 03       		.uleb128 0x3
ARM GAS  /tmp/ccShxbWP.s 			page 4


 167 0046 02       		.byte	0x2
 168 0047 05       		.byte	0x5
 169 0048 9F010000 		.4byte	.LASF3
 170 004c 03       		.uleb128 0x3
 171 004d 02       		.byte	0x2
 172 004e 07       		.byte	0x7
 173 004f 1C000000 		.4byte	.LASF4
 174 0053 04       		.uleb128 0x4
 175 0054 73010000 		.4byte	.LASF6
 176 0058 02       		.byte	0x2
 177 0059 4F       		.byte	0x4f
 178 005a 5E000000 		.4byte	0x5e
 179 005e 03       		.uleb128 0x3
 180 005f 04       		.byte	0x4
 181 0060 05       		.byte	0x5
 182 0061 B7010000 		.4byte	.LASF5
 183 0065 04       		.uleb128 0x4
 184 0066 B1000000 		.4byte	.LASF7
 185 006a 02       		.byte	0x2
 186 006b 50       		.byte	0x50
 187 006c 70000000 		.4byte	0x70
 188 0070 03       		.uleb128 0x3
 189 0071 04       		.byte	0x4
 190 0072 07       		.byte	0x7
 191 0073 9A000000 		.4byte	.LASF8
 192 0077 03       		.uleb128 0x3
 193 0078 08       		.byte	0x8
 194 0079 05       		.byte	0x5
 195 007a 00000000 		.4byte	.LASF9
 196 007e 03       		.uleb128 0x3
 197 007f 08       		.byte	0x8
 198 0080 07       		.byte	0x7
 199 0081 4A000000 		.4byte	.LASF10
 200 0085 03       		.uleb128 0x3
 201 0086 01       		.byte	0x1
 202 0087 02       		.byte	0x2
 203 0088 D2010000 		.4byte	.LASF11
 204 008c 03       		.uleb128 0x3
 205 008d 04       		.byte	0x4
 206 008e 07       		.byte	0x7
 207 008f 7B010000 		.4byte	.LASF12
 208 0093 03       		.uleb128 0x3
 209 0094 01       		.byte	0x1
 210 0095 08       		.byte	0x8
 211 0096 FD000000 		.4byte	.LASF13
 212 009a 05       		.uleb128 0x5
 213 009b 53000000 		.4byte	0x53
 214 009f 06       		.uleb128 0x6
 215 00a0 1C       		.byte	0x1c
 216 00a1 03       		.byte	0x3
 217 00a2 A3       		.byte	0xa3
 218 00a3 0A010000 		.4byte	0x10a
 219 00a7 07       		.uleb128 0x7
 220 00a8 C0010000 		.4byte	.LASF14
 221 00ac 03       		.byte	0x3
 222 00ad A5       		.byte	0xa5
 223 00ae 65000000 		.4byte	0x65
ARM GAS  /tmp/ccShxbWP.s 			page 5


 224 00b2 02       		.byte	0x2
 225 00b3 23       		.byte	0x23
 226 00b4 00       		.uleb128 0
 227 00b5 07       		.uleb128 0x7
 228 00b6 3C000000 		.4byte	.LASF15
 229 00ba 03       		.byte	0x3
 230 00bb A7       		.byte	0xa7
 231 00bc 65000000 		.4byte	0x65
 232 00c0 02       		.byte	0x2
 233 00c1 23       		.byte	0x23
 234 00c2 04       		.uleb128 0x4
 235 00c3 07       		.uleb128 0x7
 236 00c4 84010000 		.4byte	.LASF16
 237 00c8 03       		.byte	0x3
 238 00c9 A9       		.byte	0xa9
 239 00ca 65000000 		.4byte	0x65
 240 00ce 02       		.byte	0x2
 241 00cf 23       		.byte	0x23
 242 00d0 08       		.uleb128 0x8
 243 00d1 07       		.uleb128 0x7
 244 00d2 E9000000 		.4byte	.LASF17
 245 00d6 03       		.byte	0x3
 246 00d7 AB       		.byte	0xab
 247 00d8 65000000 		.4byte	0x65
 248 00dc 02       		.byte	0x2
 249 00dd 23       		.byte	0x23
 250 00de 0C       		.uleb128 0xc
 251 00df 08       		.uleb128 0x8
 252 00e0 6F647200 		.ascii	"odr\000"
 253 00e4 03       		.byte	0x3
 254 00e5 AD       		.byte	0xad
 255 00e6 65000000 		.4byte	0x65
 256 00ea 02       		.byte	0x2
 257 00eb 23       		.byte	0x23
 258 00ec 10       		.uleb128 0x10
 259 00ed 07       		.uleb128 0x7
 260 00ee BA000000 		.4byte	.LASF18
 261 00f2 03       		.byte	0x3
 262 00f3 AF       		.byte	0xaf
 263 00f4 65000000 		.4byte	0x65
 264 00f8 02       		.byte	0x2
 265 00f9 23       		.byte	0x23
 266 00fa 14       		.uleb128 0x14
 267 00fb 07       		.uleb128 0x7
 268 00fc AC000000 		.4byte	.LASF19
 269 0100 03       		.byte	0x3
 270 0101 B1       		.byte	0xb1
 271 0102 65000000 		.4byte	0x65
 272 0106 02       		.byte	0x2
 273 0107 23       		.byte	0x23
 274 0108 18       		.uleb128 0x18
 275 0109 00       		.byte	0
 276 010a 04       		.uleb128 0x4
 277 010b 76000000 		.4byte	.LASF20
 278 010f 03       		.byte	0x3
 279 0110 B2       		.byte	0xb2
 280 0111 9F000000 		.4byte	0x9f
ARM GAS  /tmp/ccShxbWP.s 			page 6


 281 0115 06       		.uleb128 0x6
 282 0116 FC       		.byte	0xfc
 283 0117 03       		.byte	0x3
 284 0118 BB       		.byte	0xbb
 285 0119 A0010000 		.4byte	0x1a0
 286 011d 07       		.uleb128 0x7
 287 011e B0010000 		.4byte	.LASF21
 288 0122 03       		.byte	0x3
 289 0123 BD       		.byte	0xbd
 290 0124 0A010000 		.4byte	0x10a
 291 0128 02       		.byte	0x2
 292 0129 23       		.byte	0x23
 293 012a 00       		.uleb128 0
 294 012b 07       		.uleb128 0x7
 295 012c F6000000 		.4byte	.LASF22
 296 0130 03       		.byte	0x3
 297 0131 BF       		.byte	0xbf
 298 0132 0A010000 		.4byte	0x10a
 299 0136 02       		.byte	0x2
 300 0137 23       		.byte	0x23
 301 0138 1C       		.uleb128 0x1c
 302 0139 07       		.uleb128 0x7
 303 013a A9010000 		.4byte	.LASF23
 304 013e 03       		.byte	0x3
 305 013f C1       		.byte	0xc1
 306 0140 0A010000 		.4byte	0x10a
 307 0144 02       		.byte	0x2
 308 0145 23       		.byte	0x23
 309 0146 38       		.uleb128 0x38
 310 0147 07       		.uleb128 0x7
 311 0148 15000000 		.4byte	.LASF24
 312 014c 03       		.byte	0x3
 313 014d C3       		.byte	0xc3
 314 014e 0A010000 		.4byte	0x10a
 315 0152 02       		.byte	0x2
 316 0153 23       		.byte	0x23
 317 0154 54       		.uleb128 0x54
 318 0155 07       		.uleb128 0x7
 319 0156 61000000 		.4byte	.LASF25
 320 015a 03       		.byte	0x3
 321 015b C6       		.byte	0xc6
 322 015c 0A010000 		.4byte	0x10a
 323 0160 02       		.byte	0x2
 324 0161 23       		.byte	0x23
 325 0162 70       		.uleb128 0x70
 326 0163 07       		.uleb128 0x7
 327 0164 EF000000 		.4byte	.LASF26
 328 0168 03       		.byte	0x3
 329 0169 CA       		.byte	0xca
 330 016a 0A010000 		.4byte	0x10a
 331 016e 03       		.byte	0x3
 332 016f 23       		.byte	0x23
 333 0170 8C01     		.uleb128 0x8c
 334 0172 07       		.uleb128 0x7
 335 0173 98010000 		.4byte	.LASF27
 336 0177 03       		.byte	0x3
 337 0178 CE       		.byte	0xce
ARM GAS  /tmp/ccShxbWP.s 			page 7


 338 0179 0A010000 		.4byte	0x10a
 339 017d 03       		.byte	0x3
 340 017e 23       		.byte	0x23
 341 017f A801     		.uleb128 0xa8
 342 0181 07       		.uleb128 0x7
 343 0182 0E000000 		.4byte	.LASF28
 344 0186 03       		.byte	0x3
 345 0187 D2       		.byte	0xd2
 346 0188 0A010000 		.4byte	0x10a
 347 018c 03       		.byte	0x3
 348 018d 23       		.byte	0x23
 349 018e C401     		.uleb128 0xc4
 350 0190 07       		.uleb128 0x7
 351 0191 43000000 		.4byte	.LASF29
 352 0195 03       		.byte	0x3
 353 0196 D6       		.byte	0xd6
 354 0197 0A010000 		.4byte	0x10a
 355 019b 03       		.byte	0x3
 356 019c 23       		.byte	0x23
 357 019d E001     		.uleb128 0xe0
 358 019f 00       		.byte	0
 359 01a0 04       		.uleb128 0x4
 360 01a1 CC000000 		.4byte	.LASF30
 361 01a5 03       		.byte	0x3
 362 01a6 D8       		.byte	0xd8
 363 01a7 15010000 		.4byte	0x115
 364 01ab 09       		.uleb128 0x9
 365 01ac 01       		.byte	0x1
 366 01ad 66010000 		.4byte	.LASF36
 367 01b1 01       		.byte	0x1
 368 01b2 36       		.byte	0x36
 369 01b3 01       		.byte	0x1
 370 01b4 00000000 		.4byte	.LFB118
 371 01b8 04000000 		.4byte	.LFE118
 372 01bc 02       		.byte	0x2
 373 01bd 7D       		.byte	0x7d
 374 01be 00       		.sleb128 0
 375 01bf 01       		.byte	0x1
 376 01c0 CF010000 		.4byte	0x1cf
 377 01c4 0A       		.uleb128 0xa
 378 01c5 04000000 		.4byte	.LVL0
 379 01c9 01       		.byte	0x1
 380 01ca 09020000 		.4byte	0x209
 381 01ce 00       		.byte	0
 382 01cf 0B       		.uleb128 0xb
 383 01d0 01       		.byte	0x1
 384 01d1 31010000 		.4byte	.LASF37
 385 01d5 01       		.byte	0x1
 386 01d6 6B       		.byte	0x6b
 387 01d7 01       		.byte	0x1
 388 01d8 00000000 		.4byte	.LFB119
 389 01dc 02000000 		.4byte	.LFE119
 390 01e0 02       		.byte	0x2
 391 01e1 7D       		.byte	0x7d
 392 01e2 00       		.sleb128 0
 393 01e3 01       		.byte	0x1
 394 01e4 0C       		.uleb128 0xc
ARM GAS  /tmp/ccShxbWP.s 			page 8


 395 01e5 BF000000 		.4byte	.LASF31
 396 01e9 04       		.byte	0x4
 397 01ea 9806     		.2byte	0x698
 398 01ec 9A000000 		.4byte	0x9a
 399 01f0 01       		.byte	0x1
 400 01f1 01       		.byte	0x1
 401 01f2 0D       		.uleb128 0xd
 402 01f3 D6000000 		.4byte	.LASF32
 403 01f7 01       		.byte	0x1
 404 01f8 1A       		.byte	0x1a
 405 01f9 04020000 		.4byte	0x204
 406 01fd 01       		.byte	0x1
 407 01fe 05       		.byte	0x5
 408 01ff 03       		.byte	0x3
 409 0200 00000000 		.4byte	pal_default_config
 410 0204 0E       		.uleb128 0xe
 411 0205 A0010000 		.4byte	0x1a0
 412 0209 0F       		.uleb128 0xf
 413 020a 01       		.byte	0x1
 414 020b 89000000 		.4byte	.LASF38
 415 020f 05       		.byte	0x5
 416 0210 0D06     		.2byte	0x60d
 417 0212 01       		.byte	0x1
 418 0213 01       		.byte	0x1
 419 0214 00       		.byte	0
 420              		.section	.debug_abbrev,"",%progbits
 421              	.Ldebug_abbrev0:
 422 0000 01       		.uleb128 0x1
 423 0001 11       		.uleb128 0x11
 424 0002 01       		.byte	0x1
 425 0003 25       		.uleb128 0x25
 426 0004 0E       		.uleb128 0xe
 427 0005 13       		.uleb128 0x13
 428 0006 0B       		.uleb128 0xb
 429 0007 03       		.uleb128 0x3
 430 0008 0E       		.uleb128 0xe
 431 0009 1B       		.uleb128 0x1b
 432 000a 0E       		.uleb128 0xe
 433 000b 55       		.uleb128 0x55
 434 000c 06       		.uleb128 0x6
 435 000d 11       		.uleb128 0x11
 436 000e 01       		.uleb128 0x1
 437 000f 52       		.uleb128 0x52
 438 0010 01       		.uleb128 0x1
 439 0011 10       		.uleb128 0x10
 440 0012 06       		.uleb128 0x6
 441 0013 00       		.byte	0
 442 0014 00       		.byte	0
 443 0015 02       		.uleb128 0x2
 444 0016 24       		.uleb128 0x24
 445 0017 00       		.byte	0
 446 0018 0B       		.uleb128 0xb
 447 0019 0B       		.uleb128 0xb
 448 001a 3E       		.uleb128 0x3e
 449 001b 0B       		.uleb128 0xb
 450 001c 03       		.uleb128 0x3
 451 001d 08       		.uleb128 0x8
ARM GAS  /tmp/ccShxbWP.s 			page 9


 452 001e 00       		.byte	0
 453 001f 00       		.byte	0
 454 0020 03       		.uleb128 0x3
 455 0021 24       		.uleb128 0x24
 456 0022 00       		.byte	0
 457 0023 0B       		.uleb128 0xb
 458 0024 0B       		.uleb128 0xb
 459 0025 3E       		.uleb128 0x3e
 460 0026 0B       		.uleb128 0xb
 461 0027 03       		.uleb128 0x3
 462 0028 0E       		.uleb128 0xe
 463 0029 00       		.byte	0
 464 002a 00       		.byte	0
 465 002b 04       		.uleb128 0x4
 466 002c 16       		.uleb128 0x16
 467 002d 00       		.byte	0
 468 002e 03       		.uleb128 0x3
 469 002f 0E       		.uleb128 0xe
 470 0030 3A       		.uleb128 0x3a
 471 0031 0B       		.uleb128 0xb
 472 0032 3B       		.uleb128 0x3b
 473 0033 0B       		.uleb128 0xb
 474 0034 49       		.uleb128 0x49
 475 0035 13       		.uleb128 0x13
 476 0036 00       		.byte	0
 477 0037 00       		.byte	0
 478 0038 05       		.uleb128 0x5
 479 0039 35       		.uleb128 0x35
 480 003a 00       		.byte	0
 481 003b 49       		.uleb128 0x49
 482 003c 13       		.uleb128 0x13
 483 003d 00       		.byte	0
 484 003e 00       		.byte	0
 485 003f 06       		.uleb128 0x6
 486 0040 13       		.uleb128 0x13
 487 0041 01       		.byte	0x1
 488 0042 0B       		.uleb128 0xb
 489 0043 0B       		.uleb128 0xb
 490 0044 3A       		.uleb128 0x3a
 491 0045 0B       		.uleb128 0xb
 492 0046 3B       		.uleb128 0x3b
 493 0047 0B       		.uleb128 0xb
 494 0048 01       		.uleb128 0x1
 495 0049 13       		.uleb128 0x13
 496 004a 00       		.byte	0
 497 004b 00       		.byte	0
 498 004c 07       		.uleb128 0x7
 499 004d 0D       		.uleb128 0xd
 500 004e 00       		.byte	0
 501 004f 03       		.uleb128 0x3
 502 0050 0E       		.uleb128 0xe
 503 0051 3A       		.uleb128 0x3a
 504 0052 0B       		.uleb128 0xb
 505 0053 3B       		.uleb128 0x3b
 506 0054 0B       		.uleb128 0xb
 507 0055 49       		.uleb128 0x49
 508 0056 13       		.uleb128 0x13
ARM GAS  /tmp/ccShxbWP.s 			page 10


 509 0057 38       		.uleb128 0x38
 510 0058 0A       		.uleb128 0xa
 511 0059 00       		.byte	0
 512 005a 00       		.byte	0
 513 005b 08       		.uleb128 0x8
 514 005c 0D       		.uleb128 0xd
 515 005d 00       		.byte	0
 516 005e 03       		.uleb128 0x3
 517 005f 08       		.uleb128 0x8
 518 0060 3A       		.uleb128 0x3a
 519 0061 0B       		.uleb128 0xb
 520 0062 3B       		.uleb128 0x3b
 521 0063 0B       		.uleb128 0xb
 522 0064 49       		.uleb128 0x49
 523 0065 13       		.uleb128 0x13
 524 0066 38       		.uleb128 0x38
 525 0067 0A       		.uleb128 0xa
 526 0068 00       		.byte	0
 527 0069 00       		.byte	0
 528 006a 09       		.uleb128 0x9
 529 006b 2E       		.uleb128 0x2e
 530 006c 01       		.byte	0x1
 531 006d 3F       		.uleb128 0x3f
 532 006e 0C       		.uleb128 0xc
 533 006f 03       		.uleb128 0x3
 534 0070 0E       		.uleb128 0xe
 535 0071 3A       		.uleb128 0x3a
 536 0072 0B       		.uleb128 0xb
 537 0073 3B       		.uleb128 0x3b
 538 0074 0B       		.uleb128 0xb
 539 0075 27       		.uleb128 0x27
 540 0076 0C       		.uleb128 0xc
 541 0077 11       		.uleb128 0x11
 542 0078 01       		.uleb128 0x1
 543 0079 12       		.uleb128 0x12
 544 007a 01       		.uleb128 0x1
 545 007b 40       		.uleb128 0x40
 546 007c 0A       		.uleb128 0xa
 547 007d 9742     		.uleb128 0x2117
 548 007f 0C       		.uleb128 0xc
 549 0080 01       		.uleb128 0x1
 550 0081 13       		.uleb128 0x13
 551 0082 00       		.byte	0
 552 0083 00       		.byte	0
 553 0084 0A       		.uleb128 0xa
 554 0085 898201   		.uleb128 0x4109
 555 0088 00       		.byte	0
 556 0089 11       		.uleb128 0x11
 557 008a 01       		.uleb128 0x1
 558 008b 9542     		.uleb128 0x2115
 559 008d 0C       		.uleb128 0xc
 560 008e 31       		.uleb128 0x31
 561 008f 13       		.uleb128 0x13
 562 0090 00       		.byte	0
 563 0091 00       		.byte	0
 564 0092 0B       		.uleb128 0xb
 565 0093 2E       		.uleb128 0x2e
ARM GAS  /tmp/ccShxbWP.s 			page 11


 566 0094 00       		.byte	0
 567 0095 3F       		.uleb128 0x3f
 568 0096 0C       		.uleb128 0xc
 569 0097 03       		.uleb128 0x3
 570 0098 0E       		.uleb128 0xe
 571 0099 3A       		.uleb128 0x3a
 572 009a 0B       		.uleb128 0xb
 573 009b 3B       		.uleb128 0x3b
 574 009c 0B       		.uleb128 0xb
 575 009d 27       		.uleb128 0x27
 576 009e 0C       		.uleb128 0xc
 577 009f 11       		.uleb128 0x11
 578 00a0 01       		.uleb128 0x1
 579 00a1 12       		.uleb128 0x12
 580 00a2 01       		.uleb128 0x1
 581 00a3 40       		.uleb128 0x40
 582 00a4 0A       		.uleb128 0xa
 583 00a5 9742     		.uleb128 0x2117
 584 00a7 0C       		.uleb128 0xc
 585 00a8 00       		.byte	0
 586 00a9 00       		.byte	0
 587 00aa 0C       		.uleb128 0xc
 588 00ab 34       		.uleb128 0x34
 589 00ac 00       		.byte	0
 590 00ad 03       		.uleb128 0x3
 591 00ae 0E       		.uleb128 0xe
 592 00af 3A       		.uleb128 0x3a
 593 00b0 0B       		.uleb128 0xb
 594 00b1 3B       		.uleb128 0x3b
 595 00b2 05       		.uleb128 0x5
 596 00b3 49       		.uleb128 0x49
 597 00b4 13       		.uleb128 0x13
 598 00b5 3F       		.uleb128 0x3f
 599 00b6 0C       		.uleb128 0xc
 600 00b7 3C       		.uleb128 0x3c
 601 00b8 0C       		.uleb128 0xc
 602 00b9 00       		.byte	0
 603 00ba 00       		.byte	0
 604 00bb 0D       		.uleb128 0xd
 605 00bc 34       		.uleb128 0x34
 606 00bd 00       		.byte	0
 607 00be 03       		.uleb128 0x3
 608 00bf 0E       		.uleb128 0xe
 609 00c0 3A       		.uleb128 0x3a
 610 00c1 0B       		.uleb128 0xb
 611 00c2 3B       		.uleb128 0x3b
 612 00c3 0B       		.uleb128 0xb
 613 00c4 49       		.uleb128 0x49
 614 00c5 13       		.uleb128 0x13
 615 00c6 3F       		.uleb128 0x3f
 616 00c7 0C       		.uleb128 0xc
 617 00c8 02       		.uleb128 0x2
 618 00c9 0A       		.uleb128 0xa
 619 00ca 00       		.byte	0
 620 00cb 00       		.byte	0
 621 00cc 0E       		.uleb128 0xe
 622 00cd 26       		.uleb128 0x26
ARM GAS  /tmp/ccShxbWP.s 			page 12


 623 00ce 00       		.byte	0
 624 00cf 49       		.uleb128 0x49
 625 00d0 13       		.uleb128 0x13
 626 00d1 00       		.byte	0
 627 00d2 00       		.byte	0
 628 00d3 0F       		.uleb128 0xf
 629 00d4 2E       		.uleb128 0x2e
 630 00d5 00       		.byte	0
 631 00d6 3F       		.uleb128 0x3f
 632 00d7 0C       		.uleb128 0xc
 633 00d8 03       		.uleb128 0x3
 634 00d9 0E       		.uleb128 0xe
 635 00da 3A       		.uleb128 0x3a
 636 00db 0B       		.uleb128 0xb
 637 00dc 3B       		.uleb128 0x3b
 638 00dd 05       		.uleb128 0x5
 639 00de 27       		.uleb128 0x27
 640 00df 0C       		.uleb128 0xc
 641 00e0 3C       		.uleb128 0x3c
 642 00e1 0C       		.uleb128 0xc
 643 00e2 00       		.byte	0
 644 00e3 00       		.byte	0
 645 00e4 00       		.byte	0
 646              		.section	.debug_aranges,"",%progbits
 647 0000 24000000 		.4byte	0x24
 648 0004 0200     		.2byte	0x2
 649 0006 00000000 		.4byte	.Ldebug_info0
 650 000a 04       		.byte	0x4
 651 000b 00       		.byte	0
 652 000c 0000     		.2byte	0
 653 000e 0000     		.2byte	0
 654 0010 00000000 		.4byte	.LFB118
 655 0014 04000000 		.4byte	.LFE118-.LFB118
 656 0018 00000000 		.4byte	.LFB119
 657 001c 02000000 		.4byte	.LFE119-.LFB119
 658 0020 00000000 		.4byte	0
 659 0024 00000000 		.4byte	0
 660              		.section	.debug_ranges,"",%progbits
 661              	.Ldebug_ranges0:
 662 0000 00000000 		.4byte	.LFB118
 663 0004 04000000 		.4byte	.LFE118
 664 0008 00000000 		.4byte	.LFB119
 665 000c 02000000 		.4byte	.LFE119
 666 0010 00000000 		.4byte	0
 667 0014 00000000 		.4byte	0
 668              		.section	.debug_line,"",%progbits
 669              	.Ldebug_line0:
 670 0000 97010000 		.section	.debug_str,"MS",%progbits,1
 670      02007001 
 670      00000201 
 670      FB0E0D00 
 670      01010101 
 671              	.LASF9:
 672 0000 6C6F6E67 		.ascii	"long long int\000"
 672      206C6F6E 
 672      6720696E 
 672      7400
ARM GAS  /tmp/ccShxbWP.s 			page 13


 673              	.LASF28:
 674 000e 50484461 		.ascii	"PHData\000"
 674      746100
 675              	.LASF24:
 676 0015 50444461 		.ascii	"PDData\000"
 676      746100
 677              	.LASF4:
 678 001c 73686F72 		.ascii	"short unsigned int\000"
 678      7420756E 
 678      7369676E 
 678      65642069 
 678      6E7400
 679              	.LASF0:
 680 002f 756E7369 		.ascii	"unsigned int\000"
 680      676E6564 
 680      20696E74 
 680      00
 681              	.LASF15:
 682 003c 6F747970 		.ascii	"otyper\000"
 682      657200
 683              	.LASF29:
 684 0043 50494461 		.ascii	"PIData\000"
 684      746100
 685              	.LASF10:
 686 004a 6C6F6E67 		.ascii	"long long unsigned int\000"
 686      206C6F6E 
 686      6720756E 
 686      7369676E 
 686      65642069 
 687              	.LASF25:
 688 0061 50454461 		.ascii	"PEData\000"
 688      746100
 689              	.LASF2:
 690 0068 756E7369 		.ascii	"unsigned char\000"
 690      676E6564 
 690      20636861 
 690      7200
 691              	.LASF20:
 692 0076 73746D33 		.ascii	"stm32_gpio_setup_t\000"
 692      325F6770 
 692      696F5F73 
 692      65747570 
 692      5F7400
 693              	.LASF38:
 694 0089 73746D33 		.ascii	"stm32_clock_init\000"
 694      325F636C 
 694      6F636B5F 
 694      696E6974 
 694      00
 695              	.LASF8:
 696 009a 6C6F6E67 		.ascii	"long unsigned int\000"
 696      20756E73 
 696      69676E65 
 696      6420696E 
 696      7400
 697              	.LASF19:
 698 00ac 61667268 		.ascii	"afrh\000"
ARM GAS  /tmp/ccShxbWP.s 			page 14


 698      00
 699              	.LASF7:
 700 00b1 75696E74 		.ascii	"uint32_t\000"
 700      33325F74 
 700      00
 701              	.LASF18:
 702 00ba 6166726C 		.ascii	"afrl\000"
 702      00
 703              	.LASF31:
 704 00bf 49544D5F 		.ascii	"ITM_RxBuffer\000"
 704      52784275 
 704      66666572 
 704      00
 705              	.LASF30:
 706 00cc 50414C43 		.ascii	"PALConfig\000"
 706      6F6E6669 
 706      6700
 707              	.LASF32:
 708 00d6 70616C5F 		.ascii	"pal_default_config\000"
 708      64656661 
 708      756C745F 
 708      636F6E66 
 708      696700
 709              	.LASF17:
 710 00e9 70757064 		.ascii	"pupdr\000"
 710      7200
 711              	.LASF26:
 712 00ef 50464461 		.ascii	"PFData\000"
 712      746100
 713              	.LASF22:
 714 00f6 50424461 		.ascii	"PBData\000"
 714      746100
 715              	.LASF13:
 716 00fd 63686172 		.ascii	"char\000"
 716      00
 717              	.LASF34:
 718 0102 2E2E2F2E 		.ascii	"../../ChibiOS/boards/OLIMEX_STM32_E407/board.c\000"
 718      2E2F4368 
 718      6962694F 
 718      532F626F 
 718      61726473 
 719              	.LASF37:
 720 0131 626F6172 		.ascii	"boardInit\000"
 720      64496E69 
 720      7400
 721              	.LASF35:
 722 013b 2F686F6D 		.ascii	"/home/rob/Projects/stm32/src/rocket_tracks\000"
 722      652F726F 
 722      622F5072 
 722      6F6A6563 
 722      74732F73 
 723              	.LASF36:
 724 0166 5F5F6561 		.ascii	"__early_init\000"
 724      726C795F 
 724      696E6974 
 724      00
 725              	.LASF6:
ARM GAS  /tmp/ccShxbWP.s 			page 15


 726 0173 696E7433 		.ascii	"int32_t\000"
 726      325F7400 
 727              	.LASF12:
 728 017b 73697A65 		.ascii	"sizetype\000"
 728      74797065 
 728      00
 729              	.LASF16:
 730 0184 6F737065 		.ascii	"ospeedr\000"
 730      65647200 
 731              	.LASF33:
 732 018c 474E5520 		.ascii	"GNU C 4.7.2\000"
 732      4320342E 
 732      372E3200 
 733              	.LASF27:
 734 0198 50474461 		.ascii	"PGData\000"
 734      746100
 735              	.LASF3:
 736 019f 73686F72 		.ascii	"short int\000"
 736      7420696E 
 736      7400
 737              	.LASF23:
 738 01a9 50434461 		.ascii	"PCData\000"
 738      746100
 739              	.LASF21:
 740 01b0 50414461 		.ascii	"PAData\000"
 740      746100
 741              	.LASF5:
 742 01b7 6C6F6E67 		.ascii	"long int\000"
 742      20696E74 
 742      00
 743              	.LASF14:
 744 01c0 6D6F6465 		.ascii	"moder\000"
 744      7200
 745              	.LASF1:
 746 01c6 7369676E 		.ascii	"signed char\000"
 746      65642063 
 746      68617200 
 747              	.LASF11:
 748 01d2 5F426F6F 		.ascii	"_Bool\000"
 748      6C00
 749              		.ident	"GCC: (crosstool-NG 1.17.0 - PSAS ST32F4 GFE) 4.7.2"
ARM GAS  /tmp/ccShxbWP.s 			page 16


DEFINED SYMBOLS
                            *ABS*:0000000000000000 board.c
     /tmp/ccShxbWP.s:21     .text.__early_init:0000000000000000 $t
     /tmp/ccShxbWP.s:27     .text.__early_init:0000000000000000 __early_init
     /tmp/ccShxbWP.s:43     .text.boardInit:0000000000000000 $t
     /tmp/ccShxbWP.s:49     .text.boardInit:0000000000000000 boardInit
     /tmp/ccShxbWP.s:65     .rodata.pal_default_config:0000000000000000 pal_default_config
     /tmp/ccShxbWP.s:62     .rodata.pal_default_config:0000000000000000 $d
                     .debug_frame:0000000000000010 $d

UNDEFINED SYMBOLS
stm32_clock_init
