ARM GAS  /tmp/cczDtV4Z.s 			page 1


   1              		.syntax unified
   2              		.cpu cortex-m4
   3              		.eabi_attribute 27, 3
   4              		.eabi_attribute 28, 1
   5              		.fpu fpv4-sp-d16
   6              		.eabi_attribute 20, 1
   7              		.eabi_attribute 21, 1
   8              		.eabi_attribute 23, 3
   9              		.eabi_attribute 24, 1
  10              		.eabi_attribute 25, 1
  11              		.eabi_attribute 26, 1
  12              		.eabi_attribute 30, 2
  13              		.eabi_attribute 34, 1
  14              		.eabi_attribute 18, 4
  15              		.thumb
  16              		.file	"chcore_v7m.c"
  17              		.text
  18              	.Ltext0:
  19              		.cfi_sections	.debug_frame
  20              		.section	.text._port_switch_from_isr,"ax",%progbits
  21              		.align	2
  22              		.p2align 4,,15
  23              		.global	_port_switch_from_isr
  24              		.thumb
  25              		.thumb_func
  26              		.type	_port_switch_from_isr, %function
  27              	_port_switch_from_isr:
  28              	.LFB11:
  29              		.file 1 "../../ChibiOS/os/ports/GCC/ARMCMx/chcore_v7m.c"
  30              		.loc 1 200 0
  31              		.cfi_startproc
  32              		@ Naked Function: prologue and epilogue provided by programmer.
  33              		@ args = 0, pretend = 0, frame = 0
  34              		@ frame_needed = 0, uses_anonymous_args = 0
  35              		.loc 1 202 0
  36 0000 FFF7FEFF 		bl	dbg_check_lock
  37              	.LVL0:
  38              		.loc 1 203 0
  39 0004 FFF7FEFF 		bl	chSchDoReschedule
  40              	.LVL1:
  41              		.loc 1 204 0
  42 0008 FFF7FEFF 		bl	dbg_check_unlock
  43              	.LVL2:
  44              		.loc 1 205 0
  45              	@ 205 "../../ChibiOS/os/ports/GCC/ARMCMx/chcore_v7m.c" 1
  46              		_port_exit_from_isr:
  47              	@ 0 "" 2
  48              		.loc 1 207 0
  49              	@ 207 "../../ChibiOS/os/ports/GCC/ARMCMx/chcore_v7m.c" 1
  50 000c 00DF     		svc     #0
  51              	@ 0 "" 2
  52              		.loc 1 214 0
  53              		.thumb
  54              		.cfi_endproc
  55              	.LFE11:
  56              		.size	_port_switch_from_isr, .-_port_switch_from_isr
  57 000e 00BF     		.section	.text.SVCallVector,"ax",%progbits
ARM GAS  /tmp/cczDtV4Z.s 			page 2


  58              		.align	2
  59              		.p2align 4,,15
  60              		.global	SVCallVector
  61              		.thumb
  62              		.thumb_func
  63              		.type	SVCallVector, %function
  64              	SVCallVector:
  65              	.LFB8:
  66              		.loc 1 58 0
  67              		.cfi_startproc
  68              		@ args = 0, pretend = 0, frame = 0
  69              		@ frame_needed = 0, uses_anonymous_args = 0
  70              		@ link register save eliminated.
  71              		.loc 1 62 0
  72              	@ 62 "../../ChibiOS/os/ports/GCC/ARMCMx/chcore_v7m.c" 1
  73 0000 EFF30983 		mrs     r3, PSP
  74              	@ 0 "" 2
  75              	.LVL3:
  76              		.loc 1 66 0
  77              		.thumb
  78 0004 2033     		adds	r3, r3, #32
  79              	.LVL4:
  80              		.loc 1 73 0
  81              	@ 73 "../../ChibiOS/os/ports/GCC/ARMCMx/chcore_v7m.c" 1
  82 0006 83F30988 		msr     PSP, r3
  83              	@ 0 "" 2
  84              		.thumb
  85              	.LBB2:
  86              		.loc 1 74 0
  87 000a 0023     		movs	r3, #0
  88              	.LVL5:
  89              	@ 74 "../../ChibiOS/os/ports/GCC/ARMCMx/chcore_v7m.c" 1
  90 000c 83F31188 		msr     BASEPRI, r3
  91              	@ 0 "" 2
  92              	.LVL6:
  93              		.thumb
  94 0010 7047     		bx	lr
  95              	.LBE2:
  96              		.cfi_endproc
  97              	.LFE8:
  98              		.size	SVCallVector, .-SVCallVector
  99 0012 00BFAFF3 		.section	.text._port_init,"ax",%progbits
  99      0080AFF3 
  99      0080AFF3 
  99      0080
 100              		.align	2
 101              		.p2align 4,,15
 102              		.global	_port_init
 103              		.thumb
 104              		.thumb_func
 105              		.type	_port_init, %function
 106              	_port_init:
 107              	.LFB9:
 108              		.loc 1 111 0
 109              		.cfi_startproc
 110              		@ args = 0, pretend = 0, frame = 0
 111              		@ frame_needed = 0, uses_anonymous_args = 0
ARM GAS  /tmp/cczDtV4Z.s 			page 3


 112 0000 08B5     		push	{r3, lr}
 113              	.LCFI0:
 114              		.cfi_def_cfa_offset 8
 115              		.cfi_offset 3, -8
 116              		.cfi_offset 14, -4
 117              		.loc 1 114 0
 118 0002 4FF46D43 		mov	r3, #60672
 119 0006 CEF20003 		movt	r3, 57344
 120              		.loc 1 115 0
 121 000a 4FF44072 		mov	r2, #768
 122 000e C0F2FA52 		movt	r2, 1530
 123              		.loc 1 114 0
 124 0012 0021     		movs	r1, #0
 125 0014 9960     		str	r1, [r3, #8]
 126              		.loc 1 118 0
 127 0016 0720     		movs	r0, #7
 128 0018 1021     		movs	r1, #16
 129              		.loc 1 115 0
 130 001a DA60     		str	r2, [r3, #12]
 131              		.loc 1 118 0
 132 001c FFF7FEFF 		bl	nvicSetSystemHandlerPriority
 133              	.LVL7:
 134              		.loc 1 120 0
 135 0020 0A20     		movs	r0, #10
 136 0022 4FF40071 		mov	r1, #512
 137 0026 FFF7FEFF 		bl	nvicSetSystemHandlerPriority
 138              	.LVL8:
 139              		.loc 1 122 0
 140 002a 0B20     		movs	r0, #11
 141 002c 8021     		movs	r1, #128
 142              		.loc 1 124 0
 143 002e BDE80840 		pop	{r3, lr}
 144              		.loc 1 122 0
 145 0032 FFF7FEBF 		b	nvicSetSystemHandlerPriority
 146              	.LVL9:
 147              		.cfi_endproc
 148              	.LFE9:
 149              		.size	_port_init, .-_port_init
 150 0036 00BFAFF3 		.section	.text._port_irq_epilogue,"ax",%progbits
 150      0080AFF3 
 150      0080
 151              		.align	2
 152              		.p2align 4,,15
 153              		.global	_port_irq_epilogue
 154              		.thumb
 155              		.thumb_func
 156              		.type	_port_irq_epilogue, %function
 157              	_port_irq_epilogue:
 158              	.LFB10:
 159              		.loc 1 141 0
 160              		.cfi_startproc
 161              		@ args = 0, pretend = 0, frame = 0
 162              		@ frame_needed = 0, uses_anonymous_args = 0
 163              		@ link register save eliminated.
 164              	.LBB3:
 165              		.loc 1 143 0
 166 0000 2023     		movs	r3, #32
ARM GAS  /tmp/cczDtV4Z.s 			page 4


 167              	.LVL10:
 168              	@ 143 "../../ChibiOS/os/ports/GCC/ARMCMx/chcore_v7m.c" 1
 169 0002 83F31188 		msr     BASEPRI, r3
 170              	@ 0 "" 2
 171              	.LVL11:
 172              		.thumb
 173              	.LBE3:
 174              		.loc 1 144 0
 175 0006 4FF46D43 		mov	r3, #60672
 176              	.LVL12:
 177 000a CEF20003 		movt	r3, 57344
 178 000e 5B68     		ldr	r3, [r3, #4]
 179 0010 13F40063 		ands	r3, r3, #2048
 180 0014 1AD0     		beq	.L5
 181              	.LBB4:
 182              		.loc 1 148 0
 183              	@ 148 "../../ChibiOS/os/ports/GCC/ARMCMx/chcore_v7m.c" 1
 184 0016 EFF30983 		mrs     r3, PSP
 185              	@ 0 "" 2
 186              	.LVL13:
 187              		.loc 1 152 0
 188              		.thumb
 189 001a A3F12002 		sub	r2, r3, #32
 190              	.LVL14:
 191              		.loc 1 153 0
 192              	@ 153 "../../ChibiOS/os/ports/GCC/ARMCMx/chcore_v7m.c" 1
 193 001e 82F30988 		msr     PSP, r2
 194              	@ 0 "" 2
 195              		.loc 1 158 0
 196              		.thumb
 197 0022 1149     		ldr	r1, .L12
 198              		.loc 1 154 0
 199 0024 4FF08070 		mov	r0, #16777216
 200              		.loc 1 158 0
 201 0028 8A69     		ldr	r2, [r1, #24]
 202              	.LVL15:
 203              		.loc 1 154 0
 204 002a 43F8040C 		str	r0, [r3, #-4]
 205              		.loc 1 158 0
 206 002e 92F82300 		ldrb	r0, [r2, #35]	@ zero_extendqisi2
 207 0032 0968     		ldr	r1, [r1, #0]
 208 0034 9268     		ldr	r2, [r2, #8]
 209 0036 8968     		ldr	r1, [r1, #8]
 210 0038 58B1     		cbz	r0, .L6
 211              		.loc 1 158 0 is_stmt 0 discriminator 1
 212 003a 9142     		cmp	r1, r2
 213 003c 94BF     		ite	ls
 214 003e 0022     		movls	r2, #0
 215 0040 0122     		movhi	r2, #1
 216 0042 62B1     		cbz	r2, .L8
 217              	.L11:
 218              		.loc 1 160 0 is_stmt 1
 219 0044 094A     		ldr	r2, .L12+4
 220 0046 43F8082C 		str	r2, [r3, #-8]
 221 004a 7047     		bx	lr
 222              	.LVL16:
 223              	.L5:
ARM GAS  /tmp/cczDtV4Z.s 			page 5


 224              	.LBE4:
 225              	.LBB5:
 226              		.loc 1 190 0
 227              	@ 190 "../../ChibiOS/os/ports/GCC/ARMCMx/chcore_v7m.c" 1
 228 004c 83F31188 		msr     BASEPRI, r3
 229              	@ 0 "" 2
 230              	.LVL17:
 231              		.thumb
 232 0050 7047     		bx	lr
 233              	.LVL18:
 234              	.L6:
 235              	.LBE5:
 236              	.LBB6:
 237              		.loc 1 158 0 discriminator 2
 238 0052 9142     		cmp	r1, r2
 239 0054 34BF     		ite	cc
 240 0056 0022     		movcc	r2, #0
 241 0058 0122     		movcs	r2, #1
 242 005a 002A     		cmp	r2, #0
 243 005c F2D1     		bne	.L11
 244              	.L8:
 245              		.loc 1 169 0
 246 005e 044A     		ldr	r2, .L12+8
 247 0060 43F8082C 		str	r2, [r3, #-8]
 248 0064 7047     		bx	lr
 249              	.L13:
 250 0066 00BF     		.align	2
 251              	.L12:
 252 0068 00000000 		.word	rlist
 253 006c 00000000 		.word	_port_switch_from_isr
 254 0070 0C000000 		.word	_port_exit_from_isr
 255              	.LBE6:
 256              		.cfi_endproc
 257              	.LFE10:
 258              		.size	_port_irq_epilogue, .-_port_irq_epilogue
 259 0074 AFF30080 		.section	.text.SysTickVector,"ax",%progbits
 259      AFF30080 
 259      AFF30080 
 260              		.align	2
 261              		.p2align 4,,15
 262              		.global	SysTickVector
 263              		.thumb
 264              		.thumb_func
 265              		.type	SysTickVector, %function
 266              	SysTickVector:
 267              	.LFB7:
 268              		.loc 1 40 0
 269              		.cfi_startproc
 270              		@ args = 0, pretend = 0, frame = 0
 271              		@ frame_needed = 0, uses_anonymous_args = 0
 272 0000 08B5     		push	{r3, lr}
 273              	.LCFI1:
 274              		.cfi_def_cfa_offset 8
 275              		.cfi_offset 3, -8
 276              		.cfi_offset 14, -4
 277              		.loc 1 42 0
 278 0002 FFF7FEFF 		bl	dbg_check_enter_isr
ARM GAS  /tmp/cczDtV4Z.s 			page 6


 279              	.LVL19:
 280              	.LBB7:
 281              		.loc 1 44 0
 282 0006 2023     		movs	r3, #32
 283              	.LVL20:
 284              	@ 44 "../../ChibiOS/os/ports/GCC/ARMCMx/chcore_v7m.c" 1
 285 0008 83F31188 		msr     BASEPRI, r3
 286              	@ 0 "" 2
 287              	.LVL21:
 288              		.thumb
 289              	.LBE7:
 290 000c FFF7FEFF 		bl	dbg_check_lock_from_isr
 291              	.LVL22:
 292              		.loc 1 45 0
 293 0010 FFF7FEFF 		bl	chSysTimerHandlerI
 294              	.LVL23:
 295              		.loc 1 46 0
 296 0014 FFF7FEFF 		bl	dbg_check_unlock_from_isr
 297              	.LVL24:
 298              	.LBB8:
 299 0018 0023     		movs	r3, #0
 300              	.LVL25:
 301              	@ 46 "../../ChibiOS/os/ports/GCC/ARMCMx/chcore_v7m.c" 1
 302 001a 83F31188 		msr     BASEPRI, r3
 303              	@ 0 "" 2
 304              	.LVL26:
 305              		.thumb
 306              	.LBE8:
 307              		.loc 1 48 0
 308 001e FFF7FEFF 		bl	dbg_check_leave_isr
 309              	.LVL27:
 310              		.loc 1 49 0
 311 0022 BDE80840 		pop	{r3, lr}
 312              		.loc 1 48 0
 313 0026 FFF7FEBF 		b	_port_irq_epilogue
 314              	.LVL28:
 315              		.cfi_endproc
 316              	.LFE7:
 317              		.size	SysTickVector, .-SysTickVector
 318 002a 00BFAFF3 		.section	.text._port_switch,"ax",%progbits
 318      0080
 319              		.align	2
 320              		.p2align 4,,15
 321              		.global	_port_switch
 322              		.thumb
 323              		.thumb_func
 324              		.type	_port_switch, %function
 325              	_port_switch:
 326              	.LFB12:
 327              		.loc 1 229 0
 328              		.cfi_startproc
 329              		@ Naked Function: prologue and epilogue provided by programmer.
 330              		@ args = 0, pretend = 0, frame = 0
 331              		@ frame_needed = 0, uses_anonymous_args = 0
 332              	.LVL29:
 333              		.loc 1 231 0
 334              	@ 231 "../../ChibiOS/os/ports/GCC/ARMCMx/chcore_v7m.c" 1
ARM GAS  /tmp/cczDtV4Z.s 			page 7


 335 0000 2DE9F04F 		push    {r4, r5, r6, r7, r8, r9, r10, r11, lr}
 336              	@ 0 "" 2
 337              		.loc 1 237 0
 338              	@ 237 "../../ChibiOS/os/ports/GCC/ARMCMx/chcore_v7m.c" 1
 339 0004 C1F80CD0 		str     sp, [r1, #12]                          
 340 0008 D0F80CD0 		ldr     sp, [r0, #12]
 341              	@ 0 "" 2
 342              		.loc 1 243 0
 343              	@ 243 "../../ChibiOS/os/ports/GCC/ARMCMx/chcore_v7m.c" 1
 344 000c BDE8F08F 		pop     {r4, r5, r6, r7, r8, r9, r10, r11, pc}
 345              	@ 0 "" 2
 346              		.loc 1 245 0
 347              		.thumb
 348              		.cfi_endproc
 349              	.LFE12:
 350              		.size	_port_switch, .-_port_switch
 351              		.section	.text._port_thread_start,"ax",%progbits
 352              		.align	2
 353              		.p2align 4,,15
 354              		.global	_port_thread_start
 355              		.thumb
 356              		.thumb_func
 357              		.type	_port_thread_start, %function
 358              	_port_thread_start:
 359              	.LFB13:
 360              		.loc 1 252 0
 361              		.cfi_startproc
 362              		@ args = 0, pretend = 0, frame = 0
 363              		@ frame_needed = 0, uses_anonymous_args = 0
 364 0000 08B5     		push	{r3, lr}
 365              	.LCFI2:
 366              		.cfi_def_cfa_offset 8
 367              		.cfi_offset 3, -8
 368              		.cfi_offset 14, -4
 369              		.loc 1 254 0
 370 0002 FFF7FEFF 		bl	dbg_check_unlock
 371              	.LVL30:
 372              	.LBB9:
 373 0006 0023     		movs	r3, #0
 374              	.LVL31:
 375              	@ 254 "../../ChibiOS/os/ports/GCC/ARMCMx/chcore_v7m.c" 1
 376 0008 83F31188 		msr     BASEPRI, r3
 377              	@ 0 "" 2
 378              	.LVL32:
 379              		.thumb
 380              	.LBE9:
 381              		.loc 1 255 0
 382              	@ 255 "../../ChibiOS/os/ports/GCC/ARMCMx/chcore_v7m.c" 1
 383 000c 2846     		mov     r0, r5                                 
 384 000e A047     		blx     r4                                     
 385 0010 FFF7FEFF 		bl      chThdExit
 386              	@ 0 "" 2
 387              		.thumb
 388 0014 08BD     		pop	{r3, pc}
 389              		.cfi_endproc
 390              	.LFE13:
 391              		.size	_port_thread_start, .-_port_thread_start
ARM GAS  /tmp/cczDtV4Z.s 			page 8


 392              		.text
 393              	.Letext0:
 394              		.file 2 "/opt/psas/x-tools/stm32f407/arm-psas-eabi/bin/../lib/gcc/arm-psas-eabi/4.7.2/../../../../
 395              		.file 3 "../../ChibiOS/os/ports/GCC/ARMCMx/chtypes.h"
 396              		.file 4 "../../ChibiOS/os/kernel/include/chlists.h"
 397              		.file 5 "../../ChibiOS/os/kernel/include/chthreads.h"
 398              		.file 6 "../../ChibiOS/os/ports/GCC/ARMCMx/chcore_v7m.h"
 399              		.file 7 "../../ChibiOS/os/ports/common/ARMCMx/nvic.h"
 400              		.file 8 "../../ChibiOS/os/kernel/include/chschd.h"
 401              		.file 9 "../../ChibiOS/os/kernel/include/chmtx.h"
 402              		.file 10 "../../ChibiOS/os/kernel/include/chdebug.h"
 403              		.file 11 "../../ChibiOS/os/kernel/include/chsys.h"
 404              		.section	.debug_info,"",%progbits
 405              	.Ldebug_info0:
 406 0000 42090000 		.4byte	0x942
 407 0004 0200     		.2byte	0x2
 408 0006 00000000 		.4byte	.Ldebug_abbrev0
 409 000a 04       		.byte	0x4
 410 000b 01       		.uleb128 0x1
 411 000c AD020000 		.4byte	.LASF102
 412 0010 01       		.byte	0x1
 413 0011 2B000000 		.4byte	.LASF103
 414 0015 00000000 		.4byte	.LASF104
 415 0019 18000000 		.4byte	.Ldebug_ranges0+0x18
 416 001d 00000000 		.4byte	0
 417 0021 00000000 		.4byte	0
 418 0025 00000000 		.4byte	.Ldebug_line0
 419 0029 02       		.uleb128 0x2
 420 002a 04       		.byte	0x4
 421 002b 05       		.byte	0x5
 422 002c 696E7400 		.ascii	"int\000"
 423 0030 03       		.uleb128 0x3
 424 0031 04       		.byte	0x4
 425 0032 07       		.byte	0x7
 426 0033 A5010000 		.4byte	.LASF0
 427 0037 03       		.uleb128 0x3
 428 0038 01       		.byte	0x1
 429 0039 06       		.byte	0x6
 430 003a D4000000 		.4byte	.LASF1
 431 003e 04       		.uleb128 0x4
 432 003f 16040000 		.4byte	.LASF5
 433 0043 02       		.byte	0x2
 434 0044 2A       		.byte	0x2a
 435 0045 49000000 		.4byte	0x49
 436 0049 03       		.uleb128 0x3
 437 004a 01       		.byte	0x1
 438 004b 08       		.byte	0x8
 439 004c 06030000 		.4byte	.LASF2
 440 0050 03       		.uleb128 0x3
 441 0051 02       		.byte	0x2
 442 0052 05       		.byte	0x5
 443 0053 24030000 		.4byte	.LASF3
 444 0057 03       		.uleb128 0x3
 445 0058 02       		.byte	0x2
 446 0059 07       		.byte	0x7
 447 005a 02020000 		.4byte	.LASF4
 448 005e 04       		.uleb128 0x4
ARM GAS  /tmp/cczDtV4Z.s 			page 9


 449 005f FE020000 		.4byte	.LASF6
 450 0063 02       		.byte	0x2
 451 0064 4F       		.byte	0x4f
 452 0065 69000000 		.4byte	0x69
 453 0069 03       		.uleb128 0x3
 454 006a 04       		.byte	0x4
 455 006b 05       		.byte	0x5
 456 006c 14010000 		.4byte	.LASF7
 457 0070 04       		.uleb128 0x4
 458 0071 74030000 		.4byte	.LASF8
 459 0075 02       		.byte	0x2
 460 0076 50       		.byte	0x50
 461 0077 7B000000 		.4byte	0x7b
 462 007b 03       		.uleb128 0x3
 463 007c 04       		.byte	0x4
 464 007d 07       		.byte	0x7
 465 007e CD010000 		.4byte	.LASF9
 466 0082 03       		.uleb128 0x3
 467 0083 08       		.byte	0x8
 468 0084 05       		.byte	0x5
 469 0085 C6000000 		.4byte	.LASF10
 470 0089 04       		.uleb128 0x4
 471 008a 67000000 		.4byte	.LASF11
 472 008e 02       		.byte	0x2
 473 008f 78       		.byte	0x78
 474 0090 94000000 		.4byte	0x94
 475 0094 03       		.uleb128 0x3
 476 0095 08       		.byte	0x8
 477 0096 07       		.byte	0x7
 478 0097 99000000 		.4byte	.LASF12
 479 009b 03       		.uleb128 0x3
 480 009c 01       		.byte	0x1
 481 009d 02       		.byte	0x2
 482 009e F8020000 		.4byte	.LASF13
 483 00a2 04       		.uleb128 0x4
 484 00a3 44020000 		.4byte	.LASF14
 485 00a7 03       		.byte	0x3
 486 00a8 25       		.byte	0x25
 487 00a9 3E000000 		.4byte	0x3e
 488 00ad 04       		.uleb128 0x4
 489 00ae 1D010000 		.4byte	.LASF15
 490 00b2 03       		.byte	0x3
 491 00b3 26       		.byte	0x26
 492 00b4 3E000000 		.4byte	0x3e
 493 00b8 04       		.uleb128 0x4
 494 00b9 DC020000 		.4byte	.LASF16
 495 00bd 03       		.byte	0x3
 496 00be 27       		.byte	0x27
 497 00bf 3E000000 		.4byte	0x3e
 498 00c3 04       		.uleb128 0x4
 499 00c4 0A010000 		.4byte	.LASF17
 500 00c8 03       		.byte	0x3
 501 00c9 28       		.byte	0x28
 502 00ca 3E000000 		.4byte	0x3e
 503 00ce 04       		.uleb128 0x4
 504 00cf F0020000 		.4byte	.LASF18
 505 00d3 03       		.byte	0x3
ARM GAS  /tmp/cczDtV4Z.s 			page 10


 506 00d4 29       		.byte	0x29
 507 00d5 70000000 		.4byte	0x70
 508 00d9 04       		.uleb128 0x4
 509 00da 1A020000 		.4byte	.LASF19
 510 00de 03       		.byte	0x3
 511 00df 2A       		.byte	0x2a
 512 00e0 5E000000 		.4byte	0x5e
 513 00e4 04       		.uleb128 0x4
 514 00e5 58020000 		.4byte	.LASF20
 515 00e9 03       		.byte	0x3
 516 00ea 2C       		.byte	0x2c
 517 00eb 70000000 		.4byte	0x70
 518 00ef 04       		.uleb128 0x4
 519 00f0 A6030000 		.4byte	.LASF21
 520 00f4 03       		.byte	0x3
 521 00f5 2E       		.byte	0x2e
 522 00f6 70000000 		.4byte	0x70
 523 00fa 04       		.uleb128 0x4
 524 00fb 62030000 		.4byte	.LASF22
 525 00ff 04       		.byte	0x4
 526 0100 23       		.byte	0x23
 527 0101 05010000 		.4byte	0x105
 528 0105 05       		.uleb128 0x5
 529 0106 62030000 		.4byte	.LASF22
 530 010a 4C       		.byte	0x4c
 531 010b 05       		.byte	0x5
 532 010c 57       		.byte	0x57
 533 010d 38020000 		.4byte	0x238
 534 0111 06       		.uleb128 0x6
 535 0112 53030000 		.4byte	.LASF23
 536 0116 05       		.byte	0x5
 537 0117 58       		.byte	0x58
 538 0118 5D020000 		.4byte	0x25d
 539 011c 02       		.byte	0x2
 540 011d 23       		.byte	0x23
 541 011e 00       		.uleb128 0
 542 011f 06       		.uleb128 0x6
 543 0120 E9020000 		.4byte	.LASF24
 544 0124 05       		.byte	0x5
 545 0125 5A       		.byte	0x5a
 546 0126 5D020000 		.4byte	0x25d
 547 012a 02       		.byte	0x2
 548 012b 23       		.byte	0x23
 549 012c 04       		.uleb128 0x4
 550 012d 06       		.uleb128 0x6
 551 012e BF000000 		.4byte	.LASF25
 552 0132 05       		.byte	0x5
 553 0133 5C       		.byte	0x5c
 554 0134 CE000000 		.4byte	0xce
 555 0138 02       		.byte	0x2
 556 0139 23       		.byte	0x23
 557 013a 08       		.uleb128 0x8
 558 013b 06       		.uleb128 0x6
 559 013c 62040000 		.4byte	.LASF26
 560 0140 05       		.byte	0x5
 561 0141 5D       		.byte	0x5d
 562 0142 AE030000 		.4byte	0x3ae
ARM GAS  /tmp/cczDtV4Z.s 			page 11


 563 0146 02       		.byte	0x2
 564 0147 23       		.byte	0x23
 565 0148 0C       		.uleb128 0xc
 566 0149 06       		.uleb128 0x6
 567 014a 39010000 		.4byte	.LASF27
 568 014e 05       		.byte	0x5
 569 014f 5F       		.byte	0x5f
 570 0150 5D020000 		.4byte	0x25d
 571 0154 02       		.byte	0x2
 572 0155 23       		.byte	0x23
 573 0156 10       		.uleb128 0x10
 574 0157 06       		.uleb128 0x6
 575 0158 92020000 		.4byte	.LASF28
 576 015c 05       		.byte	0x5
 577 015d 60       		.byte	0x60
 578 015e 5D020000 		.4byte	0x25d
 579 0162 02       		.byte	0x2
 580 0163 23       		.byte	0x23
 581 0164 14       		.uleb128 0x14
 582 0165 06       		.uleb128 0x6
 583 0166 48040000 		.4byte	.LASF29
 584 016a 05       		.byte	0x5
 585 016b 67       		.byte	0x67
 586 016c 66060000 		.4byte	0x666
 587 0170 02       		.byte	0x2
 588 0171 23       		.byte	0x23
 589 0172 18       		.uleb128 0x18
 590 0173 06       		.uleb128 0x6
 591 0174 9A010000 		.4byte	.LASF30
 592 0178 05       		.byte	0x5
 593 0179 6D       		.byte	0x6d
 594 017a 78060000 		.4byte	0x678
 595 017e 02       		.byte	0x2
 596 017f 23       		.byte	0x23
 597 0180 1C       		.uleb128 0x1c
 598 0181 06       		.uleb128 0x6
 599 0182 2E030000 		.4byte	.LASF31
 600 0186 05       		.byte	0x5
 601 0187 72       		.byte	0x72
 602 0188 AD000000 		.4byte	0xad
 603 018c 02       		.byte	0x2
 604 018d 23       		.byte	0x23
 605 018e 20       		.uleb128 0x20
 606 018f 06       		.uleb128 0x6
 607 0190 5A030000 		.4byte	.LASF32
 608 0194 05       		.byte	0x5
 609 0195 76       		.byte	0x76
 610 0196 A2000000 		.4byte	0xa2
 611 019a 02       		.byte	0x2
 612 019b 23       		.byte	0x23
 613 019c 21       		.uleb128 0x21
 614 019d 06       		.uleb128 0x6
 615 019e FA030000 		.4byte	.LASF33
 616 01a2 05       		.byte	0x5
 617 01a3 7B       		.byte	0x7b
 618 01a4 B8000000 		.4byte	0xb8
 619 01a8 02       		.byte	0x2
ARM GAS  /tmp/cczDtV4Z.s 			page 12


 620 01a9 23       		.byte	0x23
 621 01aa 22       		.uleb128 0x22
 622 01ab 06       		.uleb128 0x6
 623 01ac 36030000 		.4byte	.LASF34
 624 01b0 05       		.byte	0x5
 625 01b1 81       		.byte	0x81
 626 01b2 C3000000 		.4byte	0xc3
 627 01b6 02       		.byte	0x2
 628 01b7 23       		.byte	0x23
 629 01b8 23       		.uleb128 0x23
 630 01b9 06       		.uleb128 0x6
 631 01ba C8030000 		.4byte	.LASF35
 632 01be 05       		.byte	0x5
 633 01bf 88       		.byte	0x88
 634 01c0 7C050000 		.4byte	0x57c
 635 01c4 02       		.byte	0x2
 636 01c5 23       		.byte	0x23
 637 01c6 24       		.uleb128 0x24
 638 01c7 07       		.uleb128 0x7
 639 01c8 705F7500 		.ascii	"p_u\000"
 640 01cc 05       		.byte	0x5
 641 01cd AD       		.byte	0xad
 642 01ce 31060000 		.4byte	0x631
 643 01d2 02       		.byte	0x2
 644 01d3 23       		.byte	0x23
 645 01d4 28       		.uleb128 0x28
 646 01d5 06       		.uleb128 0x6
 647 01d6 68040000 		.4byte	.LASF36
 648 01da 05       		.byte	0x5
 649 01db B2       		.byte	0xb2
 650 01dc 85020000 		.4byte	0x285
 651 01e0 02       		.byte	0x2
 652 01e1 23       		.byte	0x23
 653 01e2 2C       		.uleb128 0x2c
 654 01e3 06       		.uleb128 0x6
 655 01e4 EF030000 		.4byte	.LASF37
 656 01e8 05       		.byte	0x5
 657 01e9 B8       		.byte	0xb8
 658 01ea 63020000 		.4byte	0x263
 659 01ee 02       		.byte	0x2
 660 01ef 23       		.byte	0x23
 661 01f0 30       		.uleb128 0x30
 662 01f1 06       		.uleb128 0x6
 663 01f2 5A000000 		.4byte	.LASF38
 664 01f6 05       		.byte	0x5
 665 01f7 BC       		.byte	0xbc
 666 01f8 D9000000 		.4byte	0xd9
 667 01fc 02       		.byte	0x2
 668 01fd 23       		.byte	0x23
 669 01fe 38       		.uleb128 0x38
 670 01ff 06       		.uleb128 0x6
 671 0200 69030000 		.4byte	.LASF39
 672 0204 05       		.byte	0x5
 673 0205 C2       		.byte	0xc2
 674 0206 E4000000 		.4byte	0xe4
 675 020a 02       		.byte	0x2
 676 020b 23       		.byte	0x23
ARM GAS  /tmp/cczDtV4Z.s 			page 13


 677 020c 3C       		.uleb128 0x3c
 678 020d 06       		.uleb128 0x6
 679 020e 1A030000 		.4byte	.LASF40
 680 0212 05       		.byte	0x5
 681 0213 C9       		.byte	0xc9
 682 0214 7E060000 		.4byte	0x67e
 683 0218 02       		.byte	0x2
 684 0219 23       		.byte	0x23
 685 021a 40       		.uleb128 0x40
 686 021b 06       		.uleb128 0x6
 687 021c B0030000 		.4byte	.LASF41
 688 0220 05       		.byte	0x5
 689 0221 CD       		.byte	0xcd
 690 0222 CE000000 		.4byte	0xce
 691 0226 02       		.byte	0x2
 692 0227 23       		.byte	0x23
 693 0228 44       		.uleb128 0x44
 694 0229 06       		.uleb128 0x6
 695 022a FA000000 		.4byte	.LASF42
 696 022e 05       		.byte	0x5
 697 022f D3       		.byte	0xd3
 698 0230 9B020000 		.4byte	0x29b
 699 0234 02       		.byte	0x2
 700 0235 23       		.byte	0x23
 701 0236 48       		.uleb128 0x48
 702 0237 00       		.byte	0
 703 0238 08       		.uleb128 0x8
 704 0239 08       		.byte	0x8
 705 023a 04       		.byte	0x4
 706 023b 5A       		.byte	0x5a
 707 023c 5D020000 		.4byte	0x25d
 708 0240 06       		.uleb128 0x6
 709 0241 53030000 		.4byte	.LASF23
 710 0245 04       		.byte	0x4
 711 0246 5B       		.byte	0x5b
 712 0247 5D020000 		.4byte	0x25d
 713 024b 02       		.byte	0x2
 714 024c 23       		.byte	0x23
 715 024d 00       		.uleb128 0
 716 024e 06       		.uleb128 0x6
 717 024f E9020000 		.4byte	.LASF24
 718 0253 04       		.byte	0x4
 719 0254 5D       		.byte	0x5d
 720 0255 5D020000 		.4byte	0x25d
 721 0259 02       		.byte	0x2
 722 025a 23       		.byte	0x23
 723 025b 04       		.uleb128 0x4
 724 025c 00       		.byte	0
 725 025d 09       		.uleb128 0x9
 726 025e 04       		.byte	0x4
 727 025f FA000000 		.4byte	0xfa
 728 0263 04       		.uleb128 0x4
 729 0264 A0020000 		.4byte	.LASF43
 730 0268 04       		.byte	0x4
 731 0269 5F       		.byte	0x5f
 732 026a 38020000 		.4byte	0x238
 733 026e 08       		.uleb128 0x8
ARM GAS  /tmp/cczDtV4Z.s 			page 14


 734 026f 04       		.byte	0x4
 735 0270 04       		.byte	0x4
 736 0271 64       		.byte	0x64
 737 0272 85020000 		.4byte	0x285
 738 0276 06       		.uleb128 0x6
 739 0277 53030000 		.4byte	.LASF23
 740 027b 04       		.byte	0x4
 741 027c 66       		.byte	0x66
 742 027d 5D020000 		.4byte	0x25d
 743 0281 02       		.byte	0x2
 744 0282 23       		.byte	0x23
 745 0283 00       		.uleb128 0
 746 0284 00       		.byte	0
 747 0285 04       		.uleb128 0x4
 748 0286 4C020000 		.4byte	.LASF44
 749 028a 04       		.byte	0x4
 750 028b 69       		.byte	0x69
 751 028c 6E020000 		.4byte	0x26e
 752 0290 04       		.uleb128 0x4
 753 0291 6B010000 		.4byte	.LASF45
 754 0295 06       		.byte	0x6
 755 0296 DE       		.byte	0xde
 756 0297 9B020000 		.4byte	0x29b
 757 029b 0A       		.uleb128 0xa
 758 029c 04       		.byte	0x4
 759 029d 04       		.uleb128 0x4
 760 029e 6A020000 		.4byte	.LASF46
 761 02a2 06       		.byte	0x6
 762 02a3 E4       		.byte	0xe4
 763 02a4 89000000 		.4byte	0x89
 764 02a8 05       		.uleb128 0x5
 765 02a9 B9010000 		.4byte	.LASF47
 766 02ad 20       		.byte	0x20
 767 02ae 06       		.byte	0x6
 768 02af E6       		.byte	0xe6
 769 02b0 20030000 		.4byte	0x320
 770 02b4 07       		.uleb128 0x7
 771 02b5 723000   		.ascii	"r0\000"
 772 02b8 06       		.byte	0x6
 773 02b9 E7       		.byte	0xe7
 774 02ba 90020000 		.4byte	0x290
 775 02be 02       		.byte	0x2
 776 02bf 23       		.byte	0x23
 777 02c0 00       		.uleb128 0
 778 02c1 07       		.uleb128 0x7
 779 02c2 723100   		.ascii	"r1\000"
 780 02c5 06       		.byte	0x6
 781 02c6 E8       		.byte	0xe8
 782 02c7 90020000 		.4byte	0x290
 783 02cb 02       		.byte	0x2
 784 02cc 23       		.byte	0x23
 785 02cd 04       		.uleb128 0x4
 786 02ce 07       		.uleb128 0x7
 787 02cf 723200   		.ascii	"r2\000"
 788 02d2 06       		.byte	0x6
 789 02d3 E9       		.byte	0xe9
 790 02d4 90020000 		.4byte	0x290
ARM GAS  /tmp/cczDtV4Z.s 			page 15


 791 02d8 02       		.byte	0x2
 792 02d9 23       		.byte	0x23
 793 02da 08       		.uleb128 0x8
 794 02db 07       		.uleb128 0x7
 795 02dc 723300   		.ascii	"r3\000"
 796 02df 06       		.byte	0x6
 797 02e0 EA       		.byte	0xea
 798 02e1 90020000 		.4byte	0x290
 799 02e5 02       		.byte	0x2
 800 02e6 23       		.byte	0x23
 801 02e7 0C       		.uleb128 0xc
 802 02e8 07       		.uleb128 0x7
 803 02e9 72313200 		.ascii	"r12\000"
 804 02ed 06       		.byte	0x6
 805 02ee EB       		.byte	0xeb
 806 02ef 90020000 		.4byte	0x290
 807 02f3 02       		.byte	0x2
 808 02f4 23       		.byte	0x23
 809 02f5 10       		.uleb128 0x10
 810 02f6 06       		.uleb128 0x6
 811 02f7 B2010000 		.4byte	.LASF48
 812 02fb 06       		.byte	0x6
 813 02fc EC       		.byte	0xec
 814 02fd 90020000 		.4byte	0x290
 815 0301 02       		.byte	0x2
 816 0302 23       		.byte	0x23
 817 0303 14       		.uleb128 0x14
 818 0304 07       		.uleb128 0x7
 819 0305 706300   		.ascii	"pc\000"
 820 0308 06       		.byte	0x6
 821 0309 ED       		.byte	0xed
 822 030a 90020000 		.4byte	0x290
 823 030e 02       		.byte	0x2
 824 030f 23       		.byte	0x23
 825 0310 18       		.uleb128 0x18
 826 0311 06       		.uleb128 0x6
 827 0312 40030000 		.4byte	.LASF49
 828 0316 06       		.byte	0x6
 829 0317 EE       		.byte	0xee
 830 0318 90020000 		.4byte	0x290
 831 031c 02       		.byte	0x2
 832 031d 23       		.byte	0x23
 833 031e 1C       		.uleb128 0x1c
 834 031f 00       		.byte	0
 835 0320 0B       		.uleb128 0xb
 836 0321 E8030000 		.4byte	.LASF50
 837 0325 24       		.byte	0x24
 838 0326 06       		.byte	0x6
 839 0327 0501     		.2byte	0x105
 840 0329 AE030000 		.4byte	0x3ae
 841 032d 0C       		.uleb128 0xc
 842 032e 723400   		.ascii	"r4\000"
 843 0331 06       		.byte	0x6
 844 0332 1801     		.2byte	0x118
 845 0334 90020000 		.4byte	0x290
 846 0338 02       		.byte	0x2
 847 0339 23       		.byte	0x23
ARM GAS  /tmp/cczDtV4Z.s 			page 16


 848 033a 00       		.uleb128 0
 849 033b 0C       		.uleb128 0xc
 850 033c 723500   		.ascii	"r5\000"
 851 033f 06       		.byte	0x6
 852 0340 1901     		.2byte	0x119
 853 0342 90020000 		.4byte	0x290
 854 0346 02       		.byte	0x2
 855 0347 23       		.byte	0x23
 856 0348 04       		.uleb128 0x4
 857 0349 0C       		.uleb128 0xc
 858 034a 723600   		.ascii	"r6\000"
 859 034d 06       		.byte	0x6
 860 034e 1A01     		.2byte	0x11a
 861 0350 90020000 		.4byte	0x290
 862 0354 02       		.byte	0x2
 863 0355 23       		.byte	0x23
 864 0356 08       		.uleb128 0x8
 865 0357 0C       		.uleb128 0xc
 866 0358 723700   		.ascii	"r7\000"
 867 035b 06       		.byte	0x6
 868 035c 1B01     		.2byte	0x11b
 869 035e 90020000 		.4byte	0x290
 870 0362 02       		.byte	0x2
 871 0363 23       		.byte	0x23
 872 0364 0C       		.uleb128 0xc
 873 0365 0C       		.uleb128 0xc
 874 0366 723800   		.ascii	"r8\000"
 875 0369 06       		.byte	0x6
 876 036a 1C01     		.2byte	0x11c
 877 036c 90020000 		.4byte	0x290
 878 0370 02       		.byte	0x2
 879 0371 23       		.byte	0x23
 880 0372 10       		.uleb128 0x10
 881 0373 0C       		.uleb128 0xc
 882 0374 723900   		.ascii	"r9\000"
 883 0377 06       		.byte	0x6
 884 0378 1D01     		.2byte	0x11d
 885 037a 90020000 		.4byte	0x290
 886 037e 02       		.byte	0x2
 887 037f 23       		.byte	0x23
 888 0380 14       		.uleb128 0x14
 889 0381 0C       		.uleb128 0xc
 890 0382 72313000 		.ascii	"r10\000"
 891 0386 06       		.byte	0x6
 892 0387 1E01     		.2byte	0x11e
 893 0389 90020000 		.4byte	0x290
 894 038d 02       		.byte	0x2
 895 038e 23       		.byte	0x23
 896 038f 18       		.uleb128 0x18
 897 0390 0C       		.uleb128 0xc
 898 0391 72313100 		.ascii	"r11\000"
 899 0395 06       		.byte	0x6
 900 0396 1F01     		.2byte	0x11f
 901 0398 90020000 		.4byte	0x290
 902 039c 02       		.byte	0x2
 903 039d 23       		.byte	0x23
 904 039e 1C       		.uleb128 0x1c
ARM GAS  /tmp/cczDtV4Z.s 			page 17


 905 039f 0C       		.uleb128 0xc
 906 03a0 6C7200   		.ascii	"lr\000"
 907 03a3 06       		.byte	0x6
 908 03a4 2001     		.2byte	0x120
 909 03a6 90020000 		.4byte	0x290
 910 03aa 02       		.byte	0x2
 911 03ab 23       		.byte	0x23
 912 03ac 20       		.uleb128 0x20
 913 03ad 00       		.byte	0
 914 03ae 0B       		.uleb128 0xb
 915 03af FA010000 		.4byte	.LASF51
 916 03b3 04       		.byte	0x4
 917 03b4 06       		.byte	0x6
 918 03b5 2A01     		.2byte	0x12a
 919 03b7 CB030000 		.4byte	0x3cb
 920 03bb 0C       		.uleb128 0xc
 921 03bc 72313300 		.ascii	"r13\000"
 922 03c0 06       		.byte	0x6
 923 03c1 2B01     		.2byte	0x12b
 924 03c3 CB030000 		.4byte	0x3cb
 925 03c7 02       		.byte	0x2
 926 03c8 23       		.byte	0x23
 927 03c9 00       		.uleb128 0
 928 03ca 00       		.byte	0
 929 03cb 09       		.uleb128 0x9
 930 03cc 04       		.byte	0x4
 931 03cd 20030000 		.4byte	0x320
 932 03d1 04       		.uleb128 0x4
 933 03d2 97030000 		.4byte	.LASF52
 934 03d6 07       		.byte	0x7
 935 03d7 33       		.byte	0x33
 936 03d8 DC030000 		.4byte	0x3dc
 937 03dc 0D       		.uleb128 0xd
 938 03dd 70000000 		.4byte	0x70
 939 03e1 03       		.uleb128 0x3
 940 03e2 04       		.byte	0x4
 941 03e3 07       		.byte	0x7
 942 03e4 75020000 		.4byte	.LASF53
 943 03e8 08       		.uleb128 0x8
 944 03e9 8C       		.byte	0x8c
 945 03ea 07       		.byte	0x7
 946 03eb 82       		.byte	0x82
 947 03ec 18050000 		.4byte	0x518
 948 03f0 06       		.uleb128 0x6
 949 03f1 B9000000 		.4byte	.LASF54
 950 03f5 07       		.byte	0x7
 951 03f6 83       		.byte	0x83
 952 03f7 D1030000 		.4byte	0x3d1
 953 03fb 02       		.byte	0x2
 954 03fc 23       		.byte	0x23
 955 03fd 00       		.uleb128 0
 956 03fe 06       		.uleb128 0x6
 957 03ff 15020000 		.4byte	.LASF55
 958 0403 07       		.byte	0x7
 959 0404 84       		.byte	0x84
 960 0405 D1030000 		.4byte	0x3d1
 961 0409 02       		.byte	0x2
ARM GAS  /tmp/cczDtV4Z.s 			page 18


 962 040a 23       		.byte	0x23
 963 040b 04       		.uleb128 0x4
 964 040c 06       		.uleb128 0x6
 965 040d DF010000 		.4byte	.LASF56
 966 0411 07       		.byte	0x7
 967 0412 85       		.byte	0x85
 968 0413 D1030000 		.4byte	0x3d1
 969 0417 02       		.byte	0x2
 970 0418 23       		.byte	0x23
 971 0419 08       		.uleb128 0x8
 972 041a 06       		.uleb128 0x6
 973 041b 20020000 		.4byte	.LASF57
 974 041f 07       		.byte	0x7
 975 0420 86       		.byte	0x86
 976 0421 D1030000 		.4byte	0x3d1
 977 0425 02       		.byte	0x2
 978 0426 23       		.byte	0x23
 979 0427 0C       		.uleb128 0xc
 980 0428 07       		.uleb128 0x7
 981 0429 53435200 		.ascii	"SCR\000"
 982 042d 07       		.byte	0x7
 983 042e 87       		.byte	0x87
 984 042f D1030000 		.4byte	0x3d1
 985 0433 02       		.byte	0x2
 986 0434 23       		.byte	0x23
 987 0435 10       		.uleb128 0x10
 988 0436 07       		.uleb128 0x7
 989 0437 43435200 		.ascii	"CCR\000"
 990 043b 07       		.byte	0x7
 991 043c 88       		.byte	0x88
 992 043d D1030000 		.4byte	0x3d1
 993 0441 02       		.byte	0x2
 994 0442 23       		.byte	0x23
 995 0443 14       		.uleb128 0x14
 996 0444 06       		.uleb128 0x6
 997 0445 CF030000 		.4byte	.LASF58
 998 0449 07       		.byte	0x7
 999 044a 89       		.byte	0x89
 1000 044b 28050000 		.4byte	0x528
 1001 044f 02       		.byte	0x2
 1002 0450 23       		.byte	0x23
 1003 0451 18       		.uleb128 0x18
 1004 0452 06       		.uleb128 0x6
 1005 0453 14030000 		.4byte	.LASF59
 1006 0457 07       		.byte	0x7
 1007 0458 8A       		.byte	0x8a
 1008 0459 D1030000 		.4byte	0x3d1
 1009 045d 02       		.byte	0x2
 1010 045e 23       		.byte	0x23
 1011 045f 24       		.uleb128 0x24
 1012 0460 06       		.uleb128 0x6
 1013 0461 8D020000 		.4byte	.LASF60
 1014 0465 07       		.byte	0x7
 1015 0466 8B       		.byte	0x8b
 1016 0467 D1030000 		.4byte	0x3d1
 1017 046b 02       		.byte	0x2
 1018 046c 23       		.byte	0x23
ARM GAS  /tmp/cczDtV4Z.s 			page 19


 1019 046d 28       		.uleb128 0x28
 1020 046e 06       		.uleb128 0x6
 1021 046f 55040000 		.4byte	.LASF61
 1022 0473 07       		.byte	0x7
 1023 0474 8C       		.byte	0x8c
 1024 0475 D1030000 		.4byte	0x3d1
 1025 0479 02       		.byte	0x2
 1026 047a 23       		.byte	0x23
 1027 047b 2C       		.uleb128 0x2c
 1028 047c 06       		.uleb128 0x6
 1029 047d 26020000 		.4byte	.LASF62
 1030 0481 07       		.byte	0x7
 1031 0482 8D       		.byte	0x8d
 1032 0483 D1030000 		.4byte	0x3d1
 1033 0487 02       		.byte	0x2
 1034 0488 23       		.byte	0x23
 1035 0489 30       		.uleb128 0x30
 1036 048a 06       		.uleb128 0x6
 1037 048b 2B020000 		.4byte	.LASF63
 1038 048f 07       		.byte	0x7
 1039 0490 8E       		.byte	0x8e
 1040 0491 D1030000 		.4byte	0x3d1
 1041 0495 02       		.byte	0x2
 1042 0496 23       		.byte	0x23
 1043 0497 34       		.uleb128 0x34
 1044 0498 06       		.uleb128 0x6
 1045 0499 41010000 		.4byte	.LASF64
 1046 049d 07       		.byte	0x7
 1047 049e 8F       		.byte	0x8f
 1048 049f D1030000 		.4byte	0x3d1
 1049 04a3 02       		.byte	0x2
 1050 04a4 23       		.byte	0x23
 1051 04a5 38       		.uleb128 0x38
 1052 04a6 06       		.uleb128 0x6
 1053 04a7 85030000 		.4byte	.LASF65
 1054 04ab 07       		.byte	0x7
 1055 04ac 90       		.byte	0x90
 1056 04ad D1030000 		.4byte	0x3d1
 1057 04b1 02       		.byte	0x2
 1058 04b2 23       		.byte	0x23
 1059 04b3 3C       		.uleb128 0x3c
 1060 04b4 07       		.uleb128 0x7
 1061 04b5 50465200 		.ascii	"PFR\000"
 1062 04b9 07       		.byte	0x7
 1063 04ba 91       		.byte	0x91
 1064 04bb 3D050000 		.4byte	0x53d
 1065 04bf 02       		.byte	0x2
 1066 04c0 23       		.byte	0x23
 1067 04c1 40       		.uleb128 0x40
 1068 04c2 07       		.uleb128 0x7
 1069 04c3 44465200 		.ascii	"DFR\000"
 1070 04c7 07       		.byte	0x7
 1071 04c8 92       		.byte	0x92
 1072 04c9 D1030000 		.4byte	0x3d1
 1073 04cd 02       		.byte	0x2
 1074 04ce 23       		.byte	0x23
 1075 04cf 48       		.uleb128 0x48
ARM GAS  /tmp/cczDtV4Z.s 			page 20


 1076 04d0 07       		.uleb128 0x7
 1077 04d1 41445200 		.ascii	"ADR\000"
 1078 04d5 07       		.byte	0x7
 1079 04d6 93       		.byte	0x93
 1080 04d7 D1030000 		.4byte	0x3d1
 1081 04db 02       		.byte	0x2
 1082 04dc 23       		.byte	0x23
 1083 04dd 4C       		.uleb128 0x4c
 1084 04de 06       		.uleb128 0x6
 1085 04df 0B040000 		.4byte	.LASF66
 1086 04e3 07       		.byte	0x7
 1087 04e4 94       		.byte	0x94
 1088 04e5 52050000 		.4byte	0x552
 1089 04e9 02       		.byte	0x2
 1090 04ea 23       		.byte	0x23
 1091 04eb 50       		.uleb128 0x50
 1092 04ec 07       		.uleb128 0x7
 1093 04ed 53415200 		.ascii	"SAR\000"
 1094 04f1 07       		.byte	0x7
 1095 04f2 95       		.byte	0x95
 1096 04f3 67050000 		.4byte	0x567
 1097 04f7 02       		.byte	0x2
 1098 04f8 23       		.byte	0x23
 1099 04f9 60       		.uleb128 0x60
 1100 04fa 06       		.uleb128 0x6
 1101 04fb 8A030000 		.4byte	.LASF67
 1102 04ff 07       		.byte	0x7
 1103 0500 96       		.byte	0x96
 1104 0501 6C050000 		.4byte	0x56c
 1105 0505 02       		.byte	0x2
 1106 0506 23       		.byte	0x23
 1107 0507 74       		.uleb128 0x74
 1108 0508 06       		.uleb128 0x6
 1109 0509 4F040000 		.4byte	.LASF68
 1110 050d 07       		.byte	0x7
 1111 050e 97       		.byte	0x97
 1112 050f D1030000 		.4byte	0x3d1
 1113 0513 03       		.byte	0x3
 1114 0514 23       		.byte	0x23
 1115 0515 8801     		.uleb128 0x88
 1116 0517 00       		.byte	0
 1117 0518 0E       		.uleb128 0xe
 1118 0519 D1030000 		.4byte	0x3d1
 1119 051d 28050000 		.4byte	0x528
 1120 0521 0F       		.uleb128 0xf
 1121 0522 E1030000 		.4byte	0x3e1
 1122 0526 02       		.byte	0x2
 1123 0527 00       		.byte	0
 1124 0528 0D       		.uleb128 0xd
 1125 0529 18050000 		.4byte	0x518
 1126 052d 0E       		.uleb128 0xe
 1127 052e D1030000 		.4byte	0x3d1
 1128 0532 3D050000 		.4byte	0x53d
 1129 0536 0F       		.uleb128 0xf
 1130 0537 E1030000 		.4byte	0x3e1
 1131 053b 01       		.byte	0x1
 1132 053c 00       		.byte	0
ARM GAS  /tmp/cczDtV4Z.s 			page 21


 1133 053d 0D       		.uleb128 0xd
 1134 053e 2D050000 		.4byte	0x52d
 1135 0542 0E       		.uleb128 0xe
 1136 0543 D1030000 		.4byte	0x3d1
 1137 0547 52050000 		.4byte	0x552
 1138 054b 0F       		.uleb128 0xf
 1139 054c E1030000 		.4byte	0x3e1
 1140 0550 03       		.byte	0x3
 1141 0551 00       		.byte	0
 1142 0552 0D       		.uleb128 0xd
 1143 0553 42050000 		.4byte	0x542
 1144 0557 0E       		.uleb128 0xe
 1145 0558 D1030000 		.4byte	0x3d1
 1146 055c 67050000 		.4byte	0x567
 1147 0560 0F       		.uleb128 0xf
 1148 0561 E1030000 		.4byte	0x3e1
 1149 0565 04       		.byte	0x4
 1150 0566 00       		.byte	0
 1151 0567 0D       		.uleb128 0xd
 1152 0568 57050000 		.4byte	0x557
 1153 056c 0D       		.uleb128 0xd
 1154 056d 57050000 		.4byte	0x557
 1155 0571 04       		.uleb128 0x4
 1156 0572 70000000 		.4byte	.LASF69
 1157 0576 07       		.byte	0x7
 1158 0577 98       		.byte	0x98
 1159 0578 E8030000 		.4byte	0x3e8
 1160 057c 0D       		.uleb128 0xd
 1161 057d EF000000 		.4byte	0xef
 1162 0581 08       		.uleb128 0x8
 1163 0582 1C       		.byte	0x1c
 1164 0583 08       		.byte	0x8
 1165 0584 57       		.byte	0x57
 1166 0585 DE050000 		.4byte	0x5de
 1167 0589 06       		.uleb128 0x6
 1168 058a 7D030000 		.4byte	.LASF70
 1169 058e 08       		.byte	0x8
 1170 058f 58       		.byte	0x58
 1171 0590 63020000 		.4byte	0x263
 1172 0594 02       		.byte	0x2
 1173 0595 23       		.byte	0x23
 1174 0596 00       		.uleb128 0
 1175 0597 06       		.uleb128 0x6
 1176 0598 45030000 		.4byte	.LASF71
 1177 059c 08       		.byte	0x8
 1178 059d 59       		.byte	0x59
 1179 059e CE000000 		.4byte	0xce
 1180 05a2 02       		.byte	0x2
 1181 05a3 23       		.byte	0x23
 1182 05a4 08       		.uleb128 0x8
 1183 05a5 06       		.uleb128 0x6
 1184 05a6 9A020000 		.4byte	.LASF72
 1185 05aa 08       		.byte	0x8
 1186 05ab 5B       		.byte	0x5b
 1187 05ac AE030000 		.4byte	0x3ae
 1188 05b0 02       		.byte	0x2
 1189 05b1 23       		.byte	0x23
ARM GAS  /tmp/cczDtV4Z.s 			page 22


 1190 05b2 0C       		.uleb128 0xc
 1191 05b3 06       		.uleb128 0x6
 1192 05b4 46010000 		.4byte	.LASF73
 1193 05b8 08       		.byte	0x8
 1194 05b9 5E       		.byte	0x5e
 1195 05ba 5D020000 		.4byte	0x25d
 1196 05be 02       		.byte	0x2
 1197 05bf 23       		.byte	0x23
 1198 05c0 10       		.uleb128 0x10
 1199 05c1 06       		.uleb128 0x6
 1200 05c2 C3020000 		.4byte	.LASF74
 1201 05c6 08       		.byte	0x8
 1202 05c7 5F       		.byte	0x5f
 1203 05c8 5D020000 		.4byte	0x25d
 1204 05cc 02       		.byte	0x2
 1205 05cd 23       		.byte	0x23
 1206 05ce 14       		.uleb128 0x14
 1207 05cf 06       		.uleb128 0x6
 1208 05d0 B9020000 		.4byte	.LASF75
 1209 05d4 08       		.byte	0x8
 1210 05d5 62       		.byte	0x62
 1211 05d6 5D020000 		.4byte	0x25d
 1212 05da 02       		.byte	0x2
 1213 05db 23       		.byte	0x23
 1214 05dc 18       		.uleb128 0x18
 1215 05dd 00       		.byte	0
 1216 05de 04       		.uleb128 0x4
 1217 05df 01040000 		.4byte	.LASF76
 1218 05e3 08       		.byte	0x8
 1219 05e4 64       		.byte	0x64
 1220 05e5 81050000 		.4byte	0x581
 1221 05e9 05       		.uleb128 0x5
 1222 05ea 64020000 		.4byte	.LASF77
 1223 05ee 10       		.byte	0x10
 1224 05ef 09       		.byte	0x9
 1225 05f0 25       		.byte	0x25
 1226 05f1 20060000 		.4byte	0x620
 1227 05f5 06       		.uleb128 0x6
 1228 05f6 02010000 		.4byte	.LASF78
 1229 05fa 09       		.byte	0x9
 1230 05fb 26       		.byte	0x26
 1231 05fc 63020000 		.4byte	0x263
 1232 0600 02       		.byte	0x2
 1233 0601 23       		.byte	0x23
 1234 0602 00       		.uleb128 0
 1235 0603 06       		.uleb128 0x6
 1236 0604 5A040000 		.4byte	.LASF79
 1237 0608 09       		.byte	0x9
 1238 0609 28       		.byte	0x28
 1239 060a 5D020000 		.4byte	0x25d
 1240 060e 02       		.byte	0x2
 1241 060f 23       		.byte	0x23
 1242 0610 08       		.uleb128 0x8
 1243 0611 06       		.uleb128 0x6
 1244 0612 9F030000 		.4byte	.LASF80
 1245 0616 09       		.byte	0x9
 1246 0617 2A       		.byte	0x2a
ARM GAS  /tmp/cczDtV4Z.s 			page 23


 1247 0618 20060000 		.4byte	0x620
 1248 061c 02       		.byte	0x2
 1249 061d 23       		.byte	0x23
 1250 061e 0C       		.uleb128 0xc
 1251 061f 00       		.byte	0
 1252 0620 09       		.uleb128 0x9
 1253 0621 04       		.byte	0x4
 1254 0622 E9050000 		.4byte	0x5e9
 1255 0626 04       		.uleb128 0x4
 1256 0627 64020000 		.4byte	.LASF77
 1257 062b 09       		.byte	0x9
 1258 062c 2C       		.byte	0x2c
 1259 062d E9050000 		.4byte	0x5e9
 1260 0631 10       		.uleb128 0x10
 1261 0632 04       		.byte	0x4
 1262 0633 05       		.byte	0x5
 1263 0634 8F       		.byte	0x8f
 1264 0635 66060000 		.4byte	0x666
 1265 0639 11       		.uleb128 0x11
 1266 063a 60000000 		.4byte	.LASF81
 1267 063e 05       		.byte	0x5
 1268 063f 96       		.byte	0x96
 1269 0640 D9000000 		.4byte	0xd9
 1270 0644 11       		.uleb128 0x11
 1271 0645 B0000000 		.4byte	.LASF82
 1272 0649 05       		.byte	0x5
 1273 064a 9D       		.byte	0x9d
 1274 064b D9000000 		.4byte	0xd9
 1275 064f 11       		.uleb128 0x11
 1276 0650 41040000 		.4byte	.LASF83
 1277 0654 05       		.byte	0x5
 1278 0655 A4       		.byte	0xa4
 1279 0656 9B020000 		.4byte	0x29b
 1280 065a 11       		.uleb128 0x11
 1281 065b 4C030000 		.4byte	.LASF84
 1282 065f 05       		.byte	0x5
 1283 0660 AB       		.byte	0xab
 1284 0661 E4000000 		.4byte	0xe4
 1285 0665 00       		.byte	0
 1286 0666 09       		.uleb128 0x9
 1287 0667 04       		.byte	0x4
 1288 0668 6C060000 		.4byte	0x66c
 1289 066c 12       		.uleb128 0x12
 1290 066d 71060000 		.4byte	0x671
 1291 0671 03       		.uleb128 0x3
 1292 0672 01       		.byte	0x1
 1293 0673 08       		.byte	0x8
 1294 0674 92030000 		.4byte	.LASF85
 1295 0678 09       		.uleb128 0x9
 1296 0679 04       		.byte	0x4
 1297 067a 9D020000 		.4byte	0x29d
 1298 067e 09       		.uleb128 0x9
 1299 067f 04       		.byte	0x4
 1300 0680 26060000 		.4byte	0x626
 1301 0684 13       		.uleb128 0x13
 1302 0685 01       		.byte	0x1
 1303 0686 E4010000 		.4byte	.LASF86
ARM GAS  /tmp/cczDtV4Z.s 			page 24


 1304 068a 01       		.byte	0x1
 1305 068b C8       		.byte	0xc8
 1306 068c 01       		.byte	0x1
 1307 068d 00000000 		.4byte	.LFB11
 1308 0691 0E000000 		.4byte	.LFE11
 1309 0695 02       		.byte	0x2
 1310 0696 7D       		.byte	0x7d
 1311 0697 00       		.sleb128 0
 1312 0698 01       		.byte	0x1
 1313 0699 B9060000 		.4byte	0x6b9
 1314 069d 14       		.uleb128 0x14
 1315 069e 04000000 		.4byte	.LVL0
 1316 06a2 DB080000 		.4byte	0x8db
 1317 06a6 14       		.uleb128 0x14
 1318 06a7 08000000 		.4byte	.LVL1
 1319 06ab E5080000 		.4byte	0x8e5
 1320 06af 14       		.uleb128 0x14
 1321 06b0 0C000000 		.4byte	.LVL2
 1322 06b4 EF080000 		.4byte	0x8ef
 1323 06b8 00       		.byte	0
 1324 06b9 13       		.uleb128 0x13
 1325 06ba 01       		.byte	0x1
 1326 06bb BB030000 		.4byte	.LASF87
 1327 06bf 01       		.byte	0x1
 1328 06c0 3A       		.byte	0x3a
 1329 06c1 01       		.byte	0x1
 1330 06c2 00000000 		.4byte	.LFB8
 1331 06c6 12000000 		.4byte	.LFE8
 1332 06ca 02       		.byte	0x2
 1333 06cb 7D       		.byte	0x7d
 1334 06cc 00       		.sleb128 0
 1335 06cd 01       		.byte	0x1
 1336 06ce FB060000 		.4byte	0x6fb
 1337 06d2 15       		.uleb128 0x15
 1338 06d3 E4020000 		.4byte	.LASF88
 1339 06d7 01       		.byte	0x1
 1340 06d8 3B       		.byte	0x3b
 1341 06d9 FB060000 		.4byte	0x6fb
 1342 06dd 00000000 		.4byte	.LLST0
 1343 06e1 16       		.uleb128 0x16
 1344 06e2 0A000000 		.4byte	.LBB2
 1345 06e6 12000000 		.4byte	.LBE2
 1346 06ea 17       		.uleb128 0x17
 1347 06eb 746D7000 		.ascii	"tmp\000"
 1348 06ef 01       		.byte	0x1
 1349 06f0 4A       		.byte	0x4a
 1350 06f1 70000000 		.4byte	0x70
 1351 06f5 20000000 		.4byte	.LLST1
 1352 06f9 00       		.byte	0
 1353 06fa 00       		.byte	0
 1354 06fb 09       		.uleb128 0x9
 1355 06fc 04       		.byte	0x4
 1356 06fd A8020000 		.4byte	0x2a8
 1357 0701 18       		.uleb128 0x18
 1358 0702 01       		.byte	0x1
 1359 0703 1E040000 		.4byte	.LASF89
 1360 0707 01       		.byte	0x1
ARM GAS  /tmp/cczDtV4Z.s 			page 25


 1361 0708 6F       		.byte	0x6f
 1362 0709 01       		.byte	0x1
 1363 070a 00000000 		.4byte	.LFB9
 1364 070e 36000000 		.4byte	.LFE9
 1365 0712 33000000 		.4byte	.LLST2
 1366 0716 01       		.byte	0x1
 1367 0717 64070000 		.4byte	0x764
 1368 071b 19       		.uleb128 0x19
 1369 071c 20000000 		.4byte	.LVL7
 1370 0720 F9080000 		.4byte	0x8f9
 1371 0724 33070000 		.4byte	0x733
 1372 0728 1A       		.uleb128 0x1a
 1373 0729 01       		.byte	0x1
 1374 072a 51       		.byte	0x51
 1375 072b 01       		.byte	0x1
 1376 072c 40       		.byte	0x40
 1377 072d 1A       		.uleb128 0x1a
 1378 072e 01       		.byte	0x1
 1379 072f 50       		.byte	0x50
 1380 0730 01       		.byte	0x1
 1381 0731 37       		.byte	0x37
 1382 0732 00       		.byte	0
 1383 0733 19       		.uleb128 0x19
 1384 0734 2A000000 		.4byte	.LVL8
 1385 0738 F9080000 		.4byte	0x8f9
 1386 073c 4D070000 		.4byte	0x74d
 1387 0740 1A       		.uleb128 0x1a
 1388 0741 01       		.byte	0x1
 1389 0742 51       		.byte	0x51
 1390 0743 03       		.byte	0x3
 1391 0744 0A       		.byte	0xa
 1392 0745 0002     		.2byte	0x200
 1393 0747 1A       		.uleb128 0x1a
 1394 0748 01       		.byte	0x1
 1395 0749 50       		.byte	0x50
 1396 074a 01       		.byte	0x1
 1397 074b 3A       		.byte	0x3a
 1398 074c 00       		.byte	0
 1399 074d 1B       		.uleb128 0x1b
 1400 074e 36000000 		.4byte	.LVL9
 1401 0752 01       		.byte	0x1
 1402 0753 F9080000 		.4byte	0x8f9
 1403 0757 1A       		.uleb128 0x1a
 1404 0758 01       		.byte	0x1
 1405 0759 51       		.byte	0x51
 1406 075a 02       		.byte	0x2
 1407 075b 08       		.byte	0x8
 1408 075c 80       		.byte	0x80
 1409 075d 1A       		.uleb128 0x1a
 1410 075e 01       		.byte	0x1
 1411 075f 50       		.byte	0x50
 1412 0760 01       		.byte	0x1
 1413 0761 3B       		.byte	0x3b
 1414 0762 00       		.byte	0
 1415 0763 00       		.byte	0
 1416 0764 13       		.uleb128 0x13
 1417 0765 01       		.byte	0x1
ARM GAS  /tmp/cczDtV4Z.s 			page 26


 1418 0766 31020000 		.4byte	.LASF90
 1419 076a 01       		.byte	0x1
 1420 076b 8D       		.byte	0x8d
 1421 076c 01       		.byte	0x1
 1422 076d 00000000 		.4byte	.LFB10
 1423 0771 74000000 		.4byte	.LFE10
 1424 0775 02       		.byte	0x2
 1425 0776 7D       		.byte	0x7d
 1426 0777 00       		.sleb128 0
 1427 0778 01       		.byte	0x1
 1428 0779 CD070000 		.4byte	0x7cd
 1429 077d 1C       		.uleb128 0x1c
 1430 077e 00000000 		.4byte	.LBB3
 1431 0782 06000000 		.4byte	.LBE3
 1432 0786 9A070000 		.4byte	0x79a
 1433 078a 17       		.uleb128 0x17
 1434 078b 746D7000 		.ascii	"tmp\000"
 1435 078f 01       		.byte	0x1
 1436 0790 8F       		.byte	0x8f
 1437 0791 70000000 		.4byte	0x70
 1438 0795 53000000 		.4byte	.LLST3
 1439 0799 00       		.byte	0
 1440 079a 1D       		.uleb128 0x1d
 1441 079b 00000000 		.4byte	.Ldebug_ranges0+0
 1442 079f B3070000 		.4byte	0x7b3
 1443 07a3 15       		.uleb128 0x15
 1444 07a4 E4020000 		.4byte	.LASF88
 1445 07a8 01       		.byte	0x1
 1446 07a9 91       		.byte	0x91
 1447 07aa FB060000 		.4byte	0x6fb
 1448 07ae 66000000 		.4byte	.LLST4
 1449 07b2 00       		.byte	0
 1450 07b3 16       		.uleb128 0x16
 1451 07b4 4C000000 		.4byte	.LBB5
 1452 07b8 52000000 		.4byte	.LBE5
 1453 07bc 17       		.uleb128 0x17
 1454 07bd 746D7000 		.ascii	"tmp\000"
 1455 07c1 01       		.byte	0x1
 1456 07c2 BE       		.byte	0xbe
 1457 07c3 70000000 		.4byte	0x70
 1458 07c7 A0000000 		.4byte	.LLST5
 1459 07cb 00       		.byte	0
 1460 07cc 00       		.byte	0
 1461 07cd 18       		.uleb128 0x18
 1462 07ce 01       		.byte	0x1
 1463 07cf 8B000000 		.4byte	.LASF91
 1464 07d3 01       		.byte	0x1
 1465 07d4 28       		.byte	0x28
 1466 07d5 01       		.byte	0x1
 1467 07d6 00000000 		.4byte	.LFB7
 1468 07da 2A000000 		.4byte	.LFE7
 1469 07de B3000000 		.4byte	.LLST6
 1470 07e2 01       		.byte	0x1
 1471 07e3 59080000 		.4byte	0x859
 1472 07e7 1C       		.uleb128 0x1c
 1473 07e8 06000000 		.4byte	.LBB7
 1474 07ec 0C000000 		.4byte	.LBE7
ARM GAS  /tmp/cczDtV4Z.s 			page 27


 1475 07f0 04080000 		.4byte	0x804
 1476 07f4 17       		.uleb128 0x17
 1477 07f5 746D7000 		.ascii	"tmp\000"
 1478 07f9 01       		.byte	0x1
 1479 07fa 2C       		.byte	0x2c
 1480 07fb 70000000 		.4byte	0x70
 1481 07ff D3000000 		.4byte	.LLST7
 1482 0803 00       		.byte	0
 1483 0804 1C       		.uleb128 0x1c
 1484 0805 18000000 		.4byte	.LBB8
 1485 0809 1E000000 		.4byte	.LBE8
 1486 080d 21080000 		.4byte	0x821
 1487 0811 17       		.uleb128 0x17
 1488 0812 746D7000 		.ascii	"tmp\000"
 1489 0816 01       		.byte	0x1
 1490 0817 2E       		.byte	0x2e
 1491 0818 70000000 		.4byte	0x70
 1492 081c E6000000 		.4byte	.LLST8
 1493 0820 00       		.byte	0
 1494 0821 14       		.uleb128 0x14
 1495 0822 06000000 		.4byte	.LVL19
 1496 0826 13090000 		.4byte	0x913
 1497 082a 14       		.uleb128 0x14
 1498 082b 10000000 		.4byte	.LVL22
 1499 082f 1D090000 		.4byte	0x91d
 1500 0833 14       		.uleb128 0x14
 1501 0834 14000000 		.4byte	.LVL23
 1502 0838 27090000 		.4byte	0x927
 1503 083c 14       		.uleb128 0x14
 1504 083d 18000000 		.4byte	.LVL24
 1505 0841 31090000 		.4byte	0x931
 1506 0845 14       		.uleb128 0x14
 1507 0846 22000000 		.4byte	.LVL27
 1508 084a 3B090000 		.4byte	0x93b
 1509 084e 1E       		.uleb128 0x1e
 1510 084f 2A000000 		.4byte	.LVL28
 1511 0853 01       		.byte	0x1
 1512 0854 64070000 		.4byte	0x764
 1513 0858 00       		.byte	0
 1514 0859 13       		.uleb128 0x13
 1515 085a 01       		.byte	0x1
 1516 085b C0010000 		.4byte	.LASF92
 1517 085f 01       		.byte	0x1
 1518 0860 E5       		.byte	0xe5
 1519 0861 01       		.byte	0x1
 1520 0862 00000000 		.4byte	.LFB12
 1521 0866 10000000 		.4byte	.LFE12
 1522 086a 02       		.byte	0x2
 1523 086b 7D       		.byte	0x7d
 1524 086c 00       		.sleb128 0
 1525 086d 01       		.byte	0x1
 1526 086e 8D080000 		.4byte	0x88d
 1527 0872 1F       		.uleb128 0x1f
 1528 0873 6E747000 		.ascii	"ntp\000"
 1529 0877 01       		.byte	0x1
 1530 0878 E5       		.byte	0xe5
 1531 0879 5D020000 		.4byte	0x25d
ARM GAS  /tmp/cczDtV4Z.s 			page 28


 1532 087d 01       		.byte	0x1
 1533 087e 50       		.byte	0x50
 1534 087f 1F       		.uleb128 0x1f
 1535 0880 6F747000 		.ascii	"otp\000"
 1536 0884 01       		.byte	0x1
 1537 0885 E5       		.byte	0xe5
 1538 0886 5D020000 		.4byte	0x25d
 1539 088a 01       		.byte	0x1
 1540 088b 51       		.byte	0x51
 1541 088c 00       		.byte	0
 1542 088d 18       		.uleb128 0x18
 1543 088e 01       		.byte	0x1
 1544 088f 26010000 		.4byte	.LASF93
 1545 0893 01       		.byte	0x1
 1546 0894 FC       		.byte	0xfc
 1547 0895 01       		.byte	0x1
 1548 0896 00000000 		.4byte	.LFB13
 1549 089a 16000000 		.4byte	.LFE13
 1550 089e F9000000 		.4byte	.LLST9
 1551 08a2 01       		.byte	0x1
 1552 08a3 CE080000 		.4byte	0x8ce
 1553 08a7 1C       		.uleb128 0x1c
 1554 08a8 06000000 		.4byte	.LBB9
 1555 08ac 0C000000 		.4byte	.LBE9
 1556 08b0 C4080000 		.4byte	0x8c4
 1557 08b4 17       		.uleb128 0x17
 1558 08b5 746D7000 		.ascii	"tmp\000"
 1559 08b9 01       		.byte	0x1
 1560 08ba FE       		.byte	0xfe
 1561 08bb 70000000 		.4byte	0x70
 1562 08bf 19010000 		.4byte	.LLST10
 1563 08c3 00       		.byte	0
 1564 08c4 14       		.uleb128 0x14
 1565 08c5 06000000 		.4byte	.LVL30
 1566 08c9 EF080000 		.4byte	0x8ef
 1567 08cd 00       		.byte	0
 1568 08ce 20       		.uleb128 0x20
 1569 08cf 10040000 		.4byte	.LASF105
 1570 08d3 08       		.byte	0x8
 1571 08d4 68       		.byte	0x68
 1572 08d5 DE050000 		.4byte	0x5de
 1573 08d9 01       		.byte	0x1
 1574 08da 01       		.byte	0x1
 1575 08db 21       		.uleb128 0x21
 1576 08dc 01       		.byte	0x1
 1577 08dd 7E020000 		.4byte	.LASF94
 1578 08e1 0A       		.byte	0xa
 1579 08e2 E0       		.byte	0xe0
 1580 08e3 01       		.byte	0x1
 1581 08e4 01       		.byte	0x1
 1582 08e5 21       		.uleb128 0x21
 1583 08e6 01       		.byte	0x1
 1584 08e7 74010000 		.4byte	.LASF95
 1585 08eb 08       		.byte	0x8
 1586 08ec A1       		.byte	0xa1
 1587 08ed 01       		.byte	0x1
 1588 08ee 01       		.byte	0x1
ARM GAS  /tmp/cczDtV4Z.s 			page 29


 1589 08ef 21       		.uleb128 0x21
 1590 08f0 01       		.byte	0x1
 1591 08f1 CB020000 		.4byte	.LASF96
 1592 08f5 0A       		.byte	0xa
 1593 08f6 E1       		.byte	0xe1
 1594 08f7 01       		.byte	0x1
 1595 08f8 01       		.byte	0x1
 1596 08f9 22       		.uleb128 0x22
 1597 08fa 01       		.byte	0x1
 1598 08fb 4E010000 		.4byte	.LASF106
 1599 08ff 07       		.byte	0x7
 1600 0900 1E01     		.2byte	0x11e
 1601 0902 01       		.byte	0x1
 1602 0903 01       		.byte	0x1
 1603 0904 13090000 		.4byte	0x913
 1604 0908 23       		.uleb128 0x23
 1605 0909 70000000 		.4byte	0x70
 1606 090d 23       		.uleb128 0x23
 1607 090e 70000000 		.4byte	0x70
 1608 0912 00       		.byte	0
 1609 0913 21       		.uleb128 0x21
 1610 0914 01       		.byte	0x1
 1611 0915 86010000 		.4byte	.LASF97
 1612 0919 0A       		.byte	0xa
 1613 091a E4       		.byte	0xe4
 1614 091b 01       		.byte	0x1
 1615 091c 01       		.byte	0x1
 1616 091d 21       		.uleb128 0x21
 1617 091e 01       		.byte	0x1
 1618 091f 29040000 		.4byte	.LASF98
 1619 0923 0A       		.byte	0xa
 1620 0924 E2       		.byte	0xe2
 1621 0925 01       		.byte	0x1
 1622 0926 01       		.byte	0x1
 1623 0927 21       		.uleb128 0x21
 1624 0928 01       		.byte	0x1
 1625 0929 78000000 		.4byte	.LASF99
 1626 092d 0B       		.byte	0xb
 1627 092e F0       		.byte	0xf0
 1628 092f 01       		.byte	0x1
 1629 0930 01       		.byte	0x1
 1630 0931 21       		.uleb128 0x21
 1631 0932 01       		.byte	0x1
 1632 0933 E0000000 		.4byte	.LASF100
 1633 0937 0A       		.byte	0xa
 1634 0938 E3       		.byte	0xe3
 1635 0939 01       		.byte	0x1
 1636 093a 01       		.byte	0x1
 1637 093b 21       		.uleb128 0x21
 1638 093c 01       		.byte	0x1
 1639 093d D4030000 		.4byte	.LASF101
 1640 0941 0A       		.byte	0xa
 1641 0942 E5       		.byte	0xe5
 1642 0943 01       		.byte	0x1
 1643 0944 01       		.byte	0x1
 1644 0945 00       		.byte	0
 1645              		.section	.debug_abbrev,"",%progbits
ARM GAS  /tmp/cczDtV4Z.s 			page 30


 1646              	.Ldebug_abbrev0:
 1647 0000 01       		.uleb128 0x1
 1648 0001 11       		.uleb128 0x11
 1649 0002 01       		.byte	0x1
 1650 0003 25       		.uleb128 0x25
 1651 0004 0E       		.uleb128 0xe
 1652 0005 13       		.uleb128 0x13
 1653 0006 0B       		.uleb128 0xb
 1654 0007 03       		.uleb128 0x3
 1655 0008 0E       		.uleb128 0xe
 1656 0009 1B       		.uleb128 0x1b
 1657 000a 0E       		.uleb128 0xe
 1658 000b 55       		.uleb128 0x55
 1659 000c 06       		.uleb128 0x6
 1660 000d 11       		.uleb128 0x11
 1661 000e 01       		.uleb128 0x1
 1662 000f 52       		.uleb128 0x52
 1663 0010 01       		.uleb128 0x1
 1664 0011 10       		.uleb128 0x10
 1665 0012 06       		.uleb128 0x6
 1666 0013 00       		.byte	0
 1667 0014 00       		.byte	0
 1668 0015 02       		.uleb128 0x2
 1669 0016 24       		.uleb128 0x24
 1670 0017 00       		.byte	0
 1671 0018 0B       		.uleb128 0xb
 1672 0019 0B       		.uleb128 0xb
 1673 001a 3E       		.uleb128 0x3e
 1674 001b 0B       		.uleb128 0xb
 1675 001c 03       		.uleb128 0x3
 1676 001d 08       		.uleb128 0x8
 1677 001e 00       		.byte	0
 1678 001f 00       		.byte	0
 1679 0020 03       		.uleb128 0x3
 1680 0021 24       		.uleb128 0x24
 1681 0022 00       		.byte	0
 1682 0023 0B       		.uleb128 0xb
 1683 0024 0B       		.uleb128 0xb
 1684 0025 3E       		.uleb128 0x3e
 1685 0026 0B       		.uleb128 0xb
 1686 0027 03       		.uleb128 0x3
 1687 0028 0E       		.uleb128 0xe
 1688 0029 00       		.byte	0
 1689 002a 00       		.byte	0
 1690 002b 04       		.uleb128 0x4
 1691 002c 16       		.uleb128 0x16
 1692 002d 00       		.byte	0
 1693 002e 03       		.uleb128 0x3
 1694 002f 0E       		.uleb128 0xe
 1695 0030 3A       		.uleb128 0x3a
 1696 0031 0B       		.uleb128 0xb
 1697 0032 3B       		.uleb128 0x3b
 1698 0033 0B       		.uleb128 0xb
 1699 0034 49       		.uleb128 0x49
 1700 0035 13       		.uleb128 0x13
 1701 0036 00       		.byte	0
 1702 0037 00       		.byte	0
ARM GAS  /tmp/cczDtV4Z.s 			page 31


 1703 0038 05       		.uleb128 0x5
 1704 0039 13       		.uleb128 0x13
 1705 003a 01       		.byte	0x1
 1706 003b 03       		.uleb128 0x3
 1707 003c 0E       		.uleb128 0xe
 1708 003d 0B       		.uleb128 0xb
 1709 003e 0B       		.uleb128 0xb
 1710 003f 3A       		.uleb128 0x3a
 1711 0040 0B       		.uleb128 0xb
 1712 0041 3B       		.uleb128 0x3b
 1713 0042 0B       		.uleb128 0xb
 1714 0043 01       		.uleb128 0x1
 1715 0044 13       		.uleb128 0x13
 1716 0045 00       		.byte	0
 1717 0046 00       		.byte	0
 1718 0047 06       		.uleb128 0x6
 1719 0048 0D       		.uleb128 0xd
 1720 0049 00       		.byte	0
 1721 004a 03       		.uleb128 0x3
 1722 004b 0E       		.uleb128 0xe
 1723 004c 3A       		.uleb128 0x3a
 1724 004d 0B       		.uleb128 0xb
 1725 004e 3B       		.uleb128 0x3b
 1726 004f 0B       		.uleb128 0xb
 1727 0050 49       		.uleb128 0x49
 1728 0051 13       		.uleb128 0x13
 1729 0052 38       		.uleb128 0x38
 1730 0053 0A       		.uleb128 0xa
 1731 0054 00       		.byte	0
 1732 0055 00       		.byte	0
 1733 0056 07       		.uleb128 0x7
 1734 0057 0D       		.uleb128 0xd
 1735 0058 00       		.byte	0
 1736 0059 03       		.uleb128 0x3
 1737 005a 08       		.uleb128 0x8
 1738 005b 3A       		.uleb128 0x3a
 1739 005c 0B       		.uleb128 0xb
 1740 005d 3B       		.uleb128 0x3b
 1741 005e 0B       		.uleb128 0xb
 1742 005f 49       		.uleb128 0x49
 1743 0060 13       		.uleb128 0x13
 1744 0061 38       		.uleb128 0x38
 1745 0062 0A       		.uleb128 0xa
 1746 0063 00       		.byte	0
 1747 0064 00       		.byte	0
 1748 0065 08       		.uleb128 0x8
 1749 0066 13       		.uleb128 0x13
 1750 0067 01       		.byte	0x1
 1751 0068 0B       		.uleb128 0xb
 1752 0069 0B       		.uleb128 0xb
 1753 006a 3A       		.uleb128 0x3a
 1754 006b 0B       		.uleb128 0xb
 1755 006c 3B       		.uleb128 0x3b
 1756 006d 0B       		.uleb128 0xb
 1757 006e 01       		.uleb128 0x1
 1758 006f 13       		.uleb128 0x13
 1759 0070 00       		.byte	0
ARM GAS  /tmp/cczDtV4Z.s 			page 32


 1760 0071 00       		.byte	0
 1761 0072 09       		.uleb128 0x9
 1762 0073 0F       		.uleb128 0xf
 1763 0074 00       		.byte	0
 1764 0075 0B       		.uleb128 0xb
 1765 0076 0B       		.uleb128 0xb
 1766 0077 49       		.uleb128 0x49
 1767 0078 13       		.uleb128 0x13
 1768 0079 00       		.byte	0
 1769 007a 00       		.byte	0
 1770 007b 0A       		.uleb128 0xa
 1771 007c 0F       		.uleb128 0xf
 1772 007d 00       		.byte	0
 1773 007e 0B       		.uleb128 0xb
 1774 007f 0B       		.uleb128 0xb
 1775 0080 00       		.byte	0
 1776 0081 00       		.byte	0
 1777 0082 0B       		.uleb128 0xb
 1778 0083 13       		.uleb128 0x13
 1779 0084 01       		.byte	0x1
 1780 0085 03       		.uleb128 0x3
 1781 0086 0E       		.uleb128 0xe
 1782 0087 0B       		.uleb128 0xb
 1783 0088 0B       		.uleb128 0xb
 1784 0089 3A       		.uleb128 0x3a
 1785 008a 0B       		.uleb128 0xb
 1786 008b 3B       		.uleb128 0x3b
 1787 008c 05       		.uleb128 0x5
 1788 008d 01       		.uleb128 0x1
 1789 008e 13       		.uleb128 0x13
 1790 008f 00       		.byte	0
 1791 0090 00       		.byte	0
 1792 0091 0C       		.uleb128 0xc
 1793 0092 0D       		.uleb128 0xd
 1794 0093 00       		.byte	0
 1795 0094 03       		.uleb128 0x3
 1796 0095 08       		.uleb128 0x8
 1797 0096 3A       		.uleb128 0x3a
 1798 0097 0B       		.uleb128 0xb
 1799 0098 3B       		.uleb128 0x3b
 1800 0099 05       		.uleb128 0x5
 1801 009a 49       		.uleb128 0x49
 1802 009b 13       		.uleb128 0x13
 1803 009c 38       		.uleb128 0x38
 1804 009d 0A       		.uleb128 0xa
 1805 009e 00       		.byte	0
 1806 009f 00       		.byte	0
 1807 00a0 0D       		.uleb128 0xd
 1808 00a1 35       		.uleb128 0x35
 1809 00a2 00       		.byte	0
 1810 00a3 49       		.uleb128 0x49
 1811 00a4 13       		.uleb128 0x13
 1812 00a5 00       		.byte	0
 1813 00a6 00       		.byte	0
 1814 00a7 0E       		.uleb128 0xe
 1815 00a8 01       		.uleb128 0x1
 1816 00a9 01       		.byte	0x1
ARM GAS  /tmp/cczDtV4Z.s 			page 33


 1817 00aa 49       		.uleb128 0x49
 1818 00ab 13       		.uleb128 0x13
 1819 00ac 01       		.uleb128 0x1
 1820 00ad 13       		.uleb128 0x13
 1821 00ae 00       		.byte	0
 1822 00af 00       		.byte	0
 1823 00b0 0F       		.uleb128 0xf
 1824 00b1 21       		.uleb128 0x21
 1825 00b2 00       		.byte	0
 1826 00b3 49       		.uleb128 0x49
 1827 00b4 13       		.uleb128 0x13
 1828 00b5 2F       		.uleb128 0x2f
 1829 00b6 0B       		.uleb128 0xb
 1830 00b7 00       		.byte	0
 1831 00b8 00       		.byte	0
 1832 00b9 10       		.uleb128 0x10
 1833 00ba 17       		.uleb128 0x17
 1834 00bb 01       		.byte	0x1
 1835 00bc 0B       		.uleb128 0xb
 1836 00bd 0B       		.uleb128 0xb
 1837 00be 3A       		.uleb128 0x3a
 1838 00bf 0B       		.uleb128 0xb
 1839 00c0 3B       		.uleb128 0x3b
 1840 00c1 0B       		.uleb128 0xb
 1841 00c2 01       		.uleb128 0x1
 1842 00c3 13       		.uleb128 0x13
 1843 00c4 00       		.byte	0
 1844 00c5 00       		.byte	0
 1845 00c6 11       		.uleb128 0x11
 1846 00c7 0D       		.uleb128 0xd
 1847 00c8 00       		.byte	0
 1848 00c9 03       		.uleb128 0x3
 1849 00ca 0E       		.uleb128 0xe
 1850 00cb 3A       		.uleb128 0x3a
 1851 00cc 0B       		.uleb128 0xb
 1852 00cd 3B       		.uleb128 0x3b
 1853 00ce 0B       		.uleb128 0xb
 1854 00cf 49       		.uleb128 0x49
 1855 00d0 13       		.uleb128 0x13
 1856 00d1 00       		.byte	0
 1857 00d2 00       		.byte	0
 1858 00d3 12       		.uleb128 0x12
 1859 00d4 26       		.uleb128 0x26
 1860 00d5 00       		.byte	0
 1861 00d6 49       		.uleb128 0x49
 1862 00d7 13       		.uleb128 0x13
 1863 00d8 00       		.byte	0
 1864 00d9 00       		.byte	0
 1865 00da 13       		.uleb128 0x13
 1866 00db 2E       		.uleb128 0x2e
 1867 00dc 01       		.byte	0x1
 1868 00dd 3F       		.uleb128 0x3f
 1869 00de 0C       		.uleb128 0xc
 1870 00df 03       		.uleb128 0x3
 1871 00e0 0E       		.uleb128 0xe
 1872 00e1 3A       		.uleb128 0x3a
 1873 00e2 0B       		.uleb128 0xb
ARM GAS  /tmp/cczDtV4Z.s 			page 34


 1874 00e3 3B       		.uleb128 0x3b
 1875 00e4 0B       		.uleb128 0xb
 1876 00e5 27       		.uleb128 0x27
 1877 00e6 0C       		.uleb128 0xc
 1878 00e7 11       		.uleb128 0x11
 1879 00e8 01       		.uleb128 0x1
 1880 00e9 12       		.uleb128 0x12
 1881 00ea 01       		.uleb128 0x1
 1882 00eb 40       		.uleb128 0x40
 1883 00ec 0A       		.uleb128 0xa
 1884 00ed 9742     		.uleb128 0x2117
 1885 00ef 0C       		.uleb128 0xc
 1886 00f0 01       		.uleb128 0x1
 1887 00f1 13       		.uleb128 0x13
 1888 00f2 00       		.byte	0
 1889 00f3 00       		.byte	0
 1890 00f4 14       		.uleb128 0x14
 1891 00f5 898201   		.uleb128 0x4109
 1892 00f8 00       		.byte	0
 1893 00f9 11       		.uleb128 0x11
 1894 00fa 01       		.uleb128 0x1
 1895 00fb 31       		.uleb128 0x31
 1896 00fc 13       		.uleb128 0x13
 1897 00fd 00       		.byte	0
 1898 00fe 00       		.byte	0
 1899 00ff 15       		.uleb128 0x15
 1900 0100 34       		.uleb128 0x34
 1901 0101 00       		.byte	0
 1902 0102 03       		.uleb128 0x3
 1903 0103 0E       		.uleb128 0xe
 1904 0104 3A       		.uleb128 0x3a
 1905 0105 0B       		.uleb128 0xb
 1906 0106 3B       		.uleb128 0x3b
 1907 0107 0B       		.uleb128 0xb
 1908 0108 49       		.uleb128 0x49
 1909 0109 13       		.uleb128 0x13
 1910 010a 02       		.uleb128 0x2
 1911 010b 06       		.uleb128 0x6
 1912 010c 00       		.byte	0
 1913 010d 00       		.byte	0
 1914 010e 16       		.uleb128 0x16
 1915 010f 0B       		.uleb128 0xb
 1916 0110 01       		.byte	0x1
 1917 0111 11       		.uleb128 0x11
 1918 0112 01       		.uleb128 0x1
 1919 0113 12       		.uleb128 0x12
 1920 0114 01       		.uleb128 0x1
 1921 0115 00       		.byte	0
 1922 0116 00       		.byte	0
 1923 0117 17       		.uleb128 0x17
 1924 0118 34       		.uleb128 0x34
 1925 0119 00       		.byte	0
 1926 011a 03       		.uleb128 0x3
 1927 011b 08       		.uleb128 0x8
 1928 011c 3A       		.uleb128 0x3a
 1929 011d 0B       		.uleb128 0xb
 1930 011e 3B       		.uleb128 0x3b
ARM GAS  /tmp/cczDtV4Z.s 			page 35


 1931 011f 0B       		.uleb128 0xb
 1932 0120 49       		.uleb128 0x49
 1933 0121 13       		.uleb128 0x13
 1934 0122 02       		.uleb128 0x2
 1935 0123 06       		.uleb128 0x6
 1936 0124 00       		.byte	0
 1937 0125 00       		.byte	0
 1938 0126 18       		.uleb128 0x18
 1939 0127 2E       		.uleb128 0x2e
 1940 0128 01       		.byte	0x1
 1941 0129 3F       		.uleb128 0x3f
 1942 012a 0C       		.uleb128 0xc
 1943 012b 03       		.uleb128 0x3
 1944 012c 0E       		.uleb128 0xe
 1945 012d 3A       		.uleb128 0x3a
 1946 012e 0B       		.uleb128 0xb
 1947 012f 3B       		.uleb128 0x3b
 1948 0130 0B       		.uleb128 0xb
 1949 0131 27       		.uleb128 0x27
 1950 0132 0C       		.uleb128 0xc
 1951 0133 11       		.uleb128 0x11
 1952 0134 01       		.uleb128 0x1
 1953 0135 12       		.uleb128 0x12
 1954 0136 01       		.uleb128 0x1
 1955 0137 40       		.uleb128 0x40
 1956 0138 06       		.uleb128 0x6
 1957 0139 9742     		.uleb128 0x2117
 1958 013b 0C       		.uleb128 0xc
 1959 013c 01       		.uleb128 0x1
 1960 013d 13       		.uleb128 0x13
 1961 013e 00       		.byte	0
 1962 013f 00       		.byte	0
 1963 0140 19       		.uleb128 0x19
 1964 0141 898201   		.uleb128 0x4109
 1965 0144 01       		.byte	0x1
 1966 0145 11       		.uleb128 0x11
 1967 0146 01       		.uleb128 0x1
 1968 0147 31       		.uleb128 0x31
 1969 0148 13       		.uleb128 0x13
 1970 0149 01       		.uleb128 0x1
 1971 014a 13       		.uleb128 0x13
 1972 014b 00       		.byte	0
 1973 014c 00       		.byte	0
 1974 014d 1A       		.uleb128 0x1a
 1975 014e 8A8201   		.uleb128 0x410a
 1976 0151 00       		.byte	0
 1977 0152 02       		.uleb128 0x2
 1978 0153 0A       		.uleb128 0xa
 1979 0154 9142     		.uleb128 0x2111
 1980 0156 0A       		.uleb128 0xa
 1981 0157 00       		.byte	0
 1982 0158 00       		.byte	0
 1983 0159 1B       		.uleb128 0x1b
 1984 015a 898201   		.uleb128 0x4109
 1985 015d 01       		.byte	0x1
 1986 015e 11       		.uleb128 0x11
 1987 015f 01       		.uleb128 0x1
ARM GAS  /tmp/cczDtV4Z.s 			page 36


 1988 0160 9542     		.uleb128 0x2115
 1989 0162 0C       		.uleb128 0xc
 1990 0163 31       		.uleb128 0x31
 1991 0164 13       		.uleb128 0x13
 1992 0165 00       		.byte	0
 1993 0166 00       		.byte	0
 1994 0167 1C       		.uleb128 0x1c
 1995 0168 0B       		.uleb128 0xb
 1996 0169 01       		.byte	0x1
 1997 016a 11       		.uleb128 0x11
 1998 016b 01       		.uleb128 0x1
 1999 016c 12       		.uleb128 0x12
 2000 016d 01       		.uleb128 0x1
 2001 016e 01       		.uleb128 0x1
 2002 016f 13       		.uleb128 0x13
 2003 0170 00       		.byte	0
 2004 0171 00       		.byte	0
 2005 0172 1D       		.uleb128 0x1d
 2006 0173 0B       		.uleb128 0xb
 2007 0174 01       		.byte	0x1
 2008 0175 55       		.uleb128 0x55
 2009 0176 06       		.uleb128 0x6
 2010 0177 01       		.uleb128 0x1
 2011 0178 13       		.uleb128 0x13
 2012 0179 00       		.byte	0
 2013 017a 00       		.byte	0
 2014 017b 1E       		.uleb128 0x1e
 2015 017c 898201   		.uleb128 0x4109
 2016 017f 00       		.byte	0
 2017 0180 11       		.uleb128 0x11
 2018 0181 01       		.uleb128 0x1
 2019 0182 9542     		.uleb128 0x2115
 2020 0184 0C       		.uleb128 0xc
 2021 0185 31       		.uleb128 0x31
 2022 0186 13       		.uleb128 0x13
 2023 0187 00       		.byte	0
 2024 0188 00       		.byte	0
 2025 0189 1F       		.uleb128 0x1f
 2026 018a 05       		.uleb128 0x5
 2027 018b 00       		.byte	0
 2028 018c 03       		.uleb128 0x3
 2029 018d 08       		.uleb128 0x8
 2030 018e 3A       		.uleb128 0x3a
 2031 018f 0B       		.uleb128 0xb
 2032 0190 3B       		.uleb128 0x3b
 2033 0191 0B       		.uleb128 0xb
 2034 0192 49       		.uleb128 0x49
 2035 0193 13       		.uleb128 0x13
 2036 0194 02       		.uleb128 0x2
 2037 0195 0A       		.uleb128 0xa
 2038 0196 00       		.byte	0
 2039 0197 00       		.byte	0
 2040 0198 20       		.uleb128 0x20
 2041 0199 34       		.uleb128 0x34
 2042 019a 00       		.byte	0
 2043 019b 03       		.uleb128 0x3
 2044 019c 0E       		.uleb128 0xe
ARM GAS  /tmp/cczDtV4Z.s 			page 37


 2045 019d 3A       		.uleb128 0x3a
 2046 019e 0B       		.uleb128 0xb
 2047 019f 3B       		.uleb128 0x3b
 2048 01a0 0B       		.uleb128 0xb
 2049 01a1 49       		.uleb128 0x49
 2050 01a2 13       		.uleb128 0x13
 2051 01a3 3F       		.uleb128 0x3f
 2052 01a4 0C       		.uleb128 0xc
 2053 01a5 3C       		.uleb128 0x3c
 2054 01a6 0C       		.uleb128 0xc
 2055 01a7 00       		.byte	0
 2056 01a8 00       		.byte	0
 2057 01a9 21       		.uleb128 0x21
 2058 01aa 2E       		.uleb128 0x2e
 2059 01ab 00       		.byte	0
 2060 01ac 3F       		.uleb128 0x3f
 2061 01ad 0C       		.uleb128 0xc
 2062 01ae 03       		.uleb128 0x3
 2063 01af 0E       		.uleb128 0xe
 2064 01b0 3A       		.uleb128 0x3a
 2065 01b1 0B       		.uleb128 0xb
 2066 01b2 3B       		.uleb128 0x3b
 2067 01b3 0B       		.uleb128 0xb
 2068 01b4 27       		.uleb128 0x27
 2069 01b5 0C       		.uleb128 0xc
 2070 01b6 3C       		.uleb128 0x3c
 2071 01b7 0C       		.uleb128 0xc
 2072 01b8 00       		.byte	0
 2073 01b9 00       		.byte	0
 2074 01ba 22       		.uleb128 0x22
 2075 01bb 2E       		.uleb128 0x2e
 2076 01bc 01       		.byte	0x1
 2077 01bd 3F       		.uleb128 0x3f
 2078 01be 0C       		.uleb128 0xc
 2079 01bf 03       		.uleb128 0x3
 2080 01c0 0E       		.uleb128 0xe
 2081 01c1 3A       		.uleb128 0x3a
 2082 01c2 0B       		.uleb128 0xb
 2083 01c3 3B       		.uleb128 0x3b
 2084 01c4 05       		.uleb128 0x5
 2085 01c5 27       		.uleb128 0x27
 2086 01c6 0C       		.uleb128 0xc
 2087 01c7 3C       		.uleb128 0x3c
 2088 01c8 0C       		.uleb128 0xc
 2089 01c9 01       		.uleb128 0x1
 2090 01ca 13       		.uleb128 0x13
 2091 01cb 00       		.byte	0
 2092 01cc 00       		.byte	0
 2093 01cd 23       		.uleb128 0x23
 2094 01ce 05       		.uleb128 0x5
 2095 01cf 00       		.byte	0
 2096 01d0 49       		.uleb128 0x49
 2097 01d1 13       		.uleb128 0x13
 2098 01d2 00       		.byte	0
 2099 01d3 00       		.byte	0
 2100 01d4 00       		.byte	0
 2101              		.section	.debug_loc,"",%progbits
ARM GAS  /tmp/cczDtV4Z.s 			page 38


 2102              	.Ldebug_loc0:
 2103              	.LLST0:
 2104 0000 04000000 		.4byte	.LVL3
 2105 0004 06000000 		.4byte	.LVL4
 2106 0008 0300     		.2byte	0x3
 2107 000a 73       		.byte	0x73
 2108 000b 20       		.sleb128 32
 2109 000c 9F       		.byte	0x9f
 2110 000d 06000000 		.4byte	.LVL4
 2111 0011 0C000000 		.4byte	.LVL5
 2112 0015 0100     		.2byte	0x1
 2113 0017 53       		.byte	0x53
 2114 0018 00000000 		.4byte	0
 2115 001c 00000000 		.4byte	0
 2116              	.LLST1:
 2117 0020 10000000 		.4byte	.LVL6
 2118 0024 12000000 		.4byte	.LFE8
 2119 0028 0100     		.2byte	0x1
 2120 002a 53       		.byte	0x53
 2121 002b 00000000 		.4byte	0
 2122 002f 00000000 		.4byte	0
 2123              	.LLST2:
 2124 0033 00000000 		.4byte	.LFB9
 2125 0037 02000000 		.4byte	.LCFI0
 2126 003b 0200     		.2byte	0x2
 2127 003d 7D       		.byte	0x7d
 2128 003e 00       		.sleb128 0
 2129 003f 02000000 		.4byte	.LCFI0
 2130 0043 36000000 		.4byte	.LFE9
 2131 0047 0200     		.2byte	0x2
 2132 0049 7D       		.byte	0x7d
 2133 004a 08       		.sleb128 8
 2134 004b 00000000 		.4byte	0
 2135 004f 00000000 		.4byte	0
 2136              	.LLST3:
 2137 0053 06000000 		.4byte	.LVL11
 2138 0057 0A000000 		.4byte	.LVL12
 2139 005b 0100     		.2byte	0x1
 2140 005d 53       		.byte	0x53
 2141 005e 00000000 		.4byte	0
 2142 0062 00000000 		.4byte	0
 2143              	.LLST4:
 2144 0066 1A000000 		.4byte	.LVL13
 2145 006a 1E000000 		.4byte	.LVL14
 2146 006e 0300     		.2byte	0x3
 2147 0070 73       		.byte	0x73
 2148 0071 60       		.sleb128 -32
 2149 0072 9F       		.byte	0x9f
 2150 0073 1E000000 		.4byte	.LVL14
 2151 0077 2A000000 		.4byte	.LVL15
 2152 007b 0100     		.2byte	0x1
 2153 007d 52       		.byte	0x52
 2154 007e 2A000000 		.4byte	.LVL15
 2155 0082 4C000000 		.4byte	.LVL16
 2156 0086 0300     		.2byte	0x3
 2157 0088 73       		.byte	0x73
 2158 0089 60       		.sleb128 -32
ARM GAS  /tmp/cczDtV4Z.s 			page 39


 2159 008a 9F       		.byte	0x9f
 2160 008b 52000000 		.4byte	.LVL18
 2161 008f 74000000 		.4byte	.LFE10
 2162 0093 0300     		.2byte	0x3
 2163 0095 73       		.byte	0x73
 2164 0096 60       		.sleb128 -32
 2165 0097 9F       		.byte	0x9f
 2166 0098 00000000 		.4byte	0
 2167 009c 00000000 		.4byte	0
 2168              	.LLST5:
 2169 00a0 50000000 		.4byte	.LVL17
 2170 00a4 52000000 		.4byte	.LVL18
 2171 00a8 0100     		.2byte	0x1
 2172 00aa 53       		.byte	0x53
 2173 00ab 00000000 		.4byte	0
 2174 00af 00000000 		.4byte	0
 2175              	.LLST6:
 2176 00b3 00000000 		.4byte	.LFB7
 2177 00b7 02000000 		.4byte	.LCFI1
 2178 00bb 0200     		.2byte	0x2
 2179 00bd 7D       		.byte	0x7d
 2180 00be 00       		.sleb128 0
 2181 00bf 02000000 		.4byte	.LCFI1
 2182 00c3 2A000000 		.4byte	.LFE7
 2183 00c7 0200     		.2byte	0x2
 2184 00c9 7D       		.byte	0x7d
 2185 00ca 08       		.sleb128 8
 2186 00cb 00000000 		.4byte	0
 2187 00cf 00000000 		.4byte	0
 2188              	.LLST7:
 2189 00d3 0C000000 		.4byte	.LVL21
 2190 00d7 0F000000 		.4byte	.LVL22-1
 2191 00db 0100     		.2byte	0x1
 2192 00dd 53       		.byte	0x53
 2193 00de 00000000 		.4byte	0
 2194 00e2 00000000 		.4byte	0
 2195              	.LLST8:
 2196 00e6 1E000000 		.4byte	.LVL26
 2197 00ea 21000000 		.4byte	.LVL27-1
 2198 00ee 0100     		.2byte	0x1
 2199 00f0 53       		.byte	0x53
 2200 00f1 00000000 		.4byte	0
 2201 00f5 00000000 		.4byte	0
 2202              	.LLST9:
 2203 00f9 00000000 		.4byte	.LFB13
 2204 00fd 02000000 		.4byte	.LCFI2
 2205 0101 0200     		.2byte	0x2
 2206 0103 7D       		.byte	0x7d
 2207 0104 00       		.sleb128 0
 2208 0105 02000000 		.4byte	.LCFI2
 2209 0109 16000000 		.4byte	.LFE13
 2210 010d 0200     		.2byte	0x2
 2211 010f 7D       		.byte	0x7d
 2212 0110 08       		.sleb128 8
 2213 0111 00000000 		.4byte	0
 2214 0115 00000000 		.4byte	0
 2215              	.LLST10:
ARM GAS  /tmp/cczDtV4Z.s 			page 40


 2216 0119 0C000000 		.4byte	.LVL32
 2217 011d 16000000 		.4byte	.LFE13
 2218 0121 0100     		.2byte	0x1
 2219 0123 53       		.byte	0x53
 2220 0124 00000000 		.4byte	0
 2221 0128 00000000 		.4byte	0
 2222              		.section	.debug_aranges,"",%progbits
 2223 0000 4C000000 		.4byte	0x4c
 2224 0004 0200     		.2byte	0x2
 2225 0006 00000000 		.4byte	.Ldebug_info0
 2226 000a 04       		.byte	0x4
 2227 000b 00       		.byte	0
 2228 000c 0000     		.2byte	0
 2229 000e 0000     		.2byte	0
 2230 0010 00000000 		.4byte	.LFB11
 2231 0014 0E000000 		.4byte	.LFE11-.LFB11
 2232 0018 00000000 		.4byte	.LFB8
 2233 001c 12000000 		.4byte	.LFE8-.LFB8
 2234 0020 00000000 		.4byte	.LFB9
 2235 0024 36000000 		.4byte	.LFE9-.LFB9
 2236 0028 00000000 		.4byte	.LFB10
 2237 002c 74000000 		.4byte	.LFE10-.LFB10
 2238 0030 00000000 		.4byte	.LFB7
 2239 0034 2A000000 		.4byte	.LFE7-.LFB7
 2240 0038 00000000 		.4byte	.LFB12
 2241 003c 10000000 		.4byte	.LFE12-.LFB12
 2242 0040 00000000 		.4byte	.LFB13
 2243 0044 16000000 		.4byte	.LFE13-.LFB13
 2244 0048 00000000 		.4byte	0
 2245 004c 00000000 		.4byte	0
 2246              		.section	.debug_ranges,"",%progbits
 2247              	.Ldebug_ranges0:
 2248 0000 16000000 		.4byte	.LBB4
 2249 0004 4C000000 		.4byte	.LBE4
 2250 0008 52000000 		.4byte	.LBB6
 2251 000c 74000000 		.4byte	.LBE6
 2252 0010 00000000 		.4byte	0
 2253 0014 00000000 		.4byte	0
 2254 0018 00000000 		.4byte	.LFB11
 2255 001c 0E000000 		.4byte	.LFE11
 2256 0020 00000000 		.4byte	.LFB8
 2257 0024 12000000 		.4byte	.LFE8
 2258 0028 00000000 		.4byte	.LFB9
 2259 002c 36000000 		.4byte	.LFE9
 2260 0030 00000000 		.4byte	.LFB10
 2261 0034 74000000 		.4byte	.LFE10
 2262 0038 00000000 		.4byte	.LFB7
 2263 003c 2A000000 		.4byte	.LFE7
 2264 0040 00000000 		.4byte	.LFB12
 2265 0044 10000000 		.4byte	.LFE12
 2266 0048 00000000 		.4byte	.LFB13
 2267 004c 16000000 		.4byte	.LFE13
 2268 0050 00000000 		.4byte	0
 2269 0054 00000000 		.4byte	0
 2270              		.section	.debug_line,"",%progbits
 2271              	.Ldebug_line0:
 2272 0000 2F020000 		.section	.debug_str,"MS",%progbits,1
ARM GAS  /tmp/cczDtV4Z.s 			page 41


 2272      02007701 
 2272      00000201 
 2272      FB0E0D00 
 2272      01010101 
 2273              	.LASF104:
 2274 0000 2F686F6D 		.ascii	"/home/rob/Projects/stm32/src/rocket_tracks\000"
 2274      652F726F 
 2274      622F5072 
 2274      6F6A6563 
 2274      74732F73 
 2275              	.LASF103:
 2276 002b 2E2E2F2E 		.ascii	"../../ChibiOS/os/ports/GCC/ARMCMx/chcore_v7m.c\000"
 2276      2E2F4368 
 2276      6962694F 
 2276      532F6F73 
 2276      2F706F72 
 2277              	.LASF38:
 2278 005a 705F6D73 		.ascii	"p_msg\000"
 2278      6700
 2279              	.LASF81:
 2280 0060 7264796D 		.ascii	"rdymsg\000"
 2280      736700
 2281              	.LASF11:
 2282 0067 75696E74 		.ascii	"uint64_t\000"
 2282      36345F74 
 2282      00
 2283              	.LASF69:
 2284 0070 434D785F 		.ascii	"CMx_SCB\000"
 2284      53434200 
 2285              	.LASF99:
 2286 0078 63685379 		.ascii	"chSysTimerHandlerI\000"
 2286      7354696D 
 2286      65724861 
 2286      6E646C65 
 2286      724900
 2287              	.LASF91:
 2288 008b 53797354 		.ascii	"SysTickVector\000"
 2288      69636B56 
 2288      6563746F 
 2288      7200
 2289              	.LASF12:
 2290 0099 6C6F6E67 		.ascii	"long long unsigned int\000"
 2290      206C6F6E 
 2290      6720756E 
 2290      7369676E 
 2290      65642069 
 2291              	.LASF82:
 2292 00b0 65786974 		.ascii	"exitcode\000"
 2292      636F6465 
 2292      00
 2293              	.LASF54:
 2294 00b9 43505549 		.ascii	"CPUID\000"
 2294      4400
 2295              	.LASF25:
 2296 00bf 705F7072 		.ascii	"p_prio\000"
 2296      696F00
 2297              	.LASF10:
ARM GAS  /tmp/cczDtV4Z.s 			page 42


 2298 00c6 6C6F6E67 		.ascii	"long long int\000"
 2298      206C6F6E 
 2298      6720696E 
 2298      7400
 2299              	.LASF1:
 2300 00d4 7369676E 		.ascii	"signed char\000"
 2300      65642063 
 2300      68617200 
 2301              	.LASF100:
 2302 00e0 6462675F 		.ascii	"dbg_check_unlock_from_isr\000"
 2302      63686563 
 2302      6B5F756E 
 2302      6C6F636B 
 2302      5F66726F 
 2303              	.LASF42:
 2304 00fa 705F6D70 		.ascii	"p_mpool\000"
 2304      6F6F6C00 
 2305              	.LASF78:
 2306 0102 6D5F7175 		.ascii	"m_queue\000"
 2306      65756500 
 2307              	.LASF17:
 2308 010a 74736C69 		.ascii	"tslices_t\000"
 2308      6365735F 
 2308      7400
 2309              	.LASF7:
 2310 0114 6C6F6E67 		.ascii	"long int\000"
 2310      20696E74 
 2310      00
 2311              	.LASF15:
 2312 011d 74737461 		.ascii	"tstate_t\000"
 2312      74655F74 
 2312      00
 2313              	.LASF93:
 2314 0126 5F706F72 		.ascii	"_port_thread_start\000"
 2314      745F7468 
 2314      72656164 
 2314      5F737461 
 2314      727400
 2315              	.LASF27:
 2316 0139 705F6E65 		.ascii	"p_newer\000"
 2316      77657200 
 2317              	.LASF64:
 2318 0141 42464152 		.ascii	"BFAR\000"
 2318      00
 2319              	.LASF73:
 2320 0146 725F6E65 		.ascii	"r_newer\000"
 2320      77657200 
 2321              	.LASF106:
 2322 014e 6E766963 		.ascii	"nvicSetSystemHandlerPriority\000"
 2322      53657453 
 2322      79737465 
 2322      6D48616E 
 2322      646C6572 
 2323              	.LASF45:
 2324 016b 72656761 		.ascii	"regarm_t\000"
 2324      726D5F74 
 2324      00
ARM GAS  /tmp/cczDtV4Z.s 			page 43


 2325              	.LASF95:
 2326 0174 63685363 		.ascii	"chSchDoReschedule\000"
 2326      68446F52 
 2326      65736368 
 2326      6564756C 
 2326      6500
 2327              	.LASF97:
 2328 0186 6462675F 		.ascii	"dbg_check_enter_isr\000"
 2328      63686563 
 2328      6B5F656E 
 2328      7465725F 
 2328      69737200 
 2329              	.LASF30:
 2330 019a 705F7374 		.ascii	"p_stklimit\000"
 2330      6B6C696D 
 2330      697400
 2331              	.LASF0:
 2332 01a5 756E7369 		.ascii	"unsigned int\000"
 2332      676E6564 
 2332      20696E74 
 2332      00
 2333              	.LASF48:
 2334 01b2 6C725F74 		.ascii	"lr_thd\000"
 2334      686400
 2335              	.LASF47:
 2336 01b9 65787463 		.ascii	"extctx\000"
 2336      747800
 2337              	.LASF92:
 2338 01c0 5F706F72 		.ascii	"_port_switch\000"
 2338      745F7377 
 2338      69746368 
 2338      00
 2339              	.LASF9:
 2340 01cd 6C6F6E67 		.ascii	"long unsigned int\000"
 2340      20756E73 
 2340      69676E65 
 2340      6420696E 
 2340      7400
 2341              	.LASF56:
 2342 01df 56544F52 		.ascii	"VTOR\000"
 2342      00
 2343              	.LASF86:
 2344 01e4 5F706F72 		.ascii	"_port_switch_from_isr\000"
 2344      745F7377 
 2344      69746368 
 2344      5F66726F 
 2344      6D5F6973 
 2345              	.LASF51:
 2346 01fa 636F6E74 		.ascii	"context\000"
 2346      65787400 
 2347              	.LASF4:
 2348 0202 73686F72 		.ascii	"short unsigned int\000"
 2348      7420756E 
 2348      7369676E 
 2348      65642069 
 2348      6E7400
 2349              	.LASF55:
ARM GAS  /tmp/cczDtV4Z.s 			page 44


 2350 0215 49435352 		.ascii	"ICSR\000"
 2350      00
 2351              	.LASF19:
 2352 021a 6D73675F 		.ascii	"msg_t\000"
 2352      7400
 2353              	.LASF57:
 2354 0220 41495243 		.ascii	"AIRCR\000"
 2354      5200
 2355              	.LASF62:
 2356 0226 44465352 		.ascii	"DFSR\000"
 2356      00
 2357              	.LASF63:
 2358 022b 4D4D4641 		.ascii	"MMFAR\000"
 2358      5200
 2359              	.LASF90:
 2360 0231 5F706F72 		.ascii	"_port_irq_epilogue\000"
 2360      745F6972 
 2360      715F6570 
 2360      696C6F67 
 2360      756500
 2361              	.LASF14:
 2362 0244 746D6F64 		.ascii	"tmode_t\000"
 2362      655F7400 
 2363              	.LASF44:
 2364 024c 54687265 		.ascii	"ThreadsList\000"
 2364      6164734C 
 2364      69737400 
 2365              	.LASF20:
 2366 0258 6576656E 		.ascii	"eventmask_t\000"
 2366      746D6173 
 2366      6B5F7400 
 2367              	.LASF77:
 2368 0264 4D757465 		.ascii	"Mutex\000"
 2368      7800
 2369              	.LASF46:
 2370 026a 73746B61 		.ascii	"stkalign_t\000"
 2370      6C69676E 
 2370      5F7400
 2371              	.LASF53:
 2372 0275 73697A65 		.ascii	"sizetype\000"
 2372      74797065 
 2372      00
 2373              	.LASF94:
 2374 027e 6462675F 		.ascii	"dbg_check_lock\000"
 2374      63686563 
 2374      6B5F6C6F 
 2374      636B00
 2375              	.LASF60:
 2376 028d 43465352 		.ascii	"CFSR\000"
 2376      00
 2377              	.LASF28:
 2378 0292 705F6F6C 		.ascii	"p_older\000"
 2378      64657200 
 2379              	.LASF72:
 2380 029a 725F6374 		.ascii	"r_ctx\000"
 2380      7800
 2381              	.LASF43:
ARM GAS  /tmp/cczDtV4Z.s 			page 45


 2382 02a0 54687265 		.ascii	"ThreadsQueue\000"
 2382      61647351 
 2382      75657565 
 2382      00
 2383              	.LASF102:
 2384 02ad 474E5520 		.ascii	"GNU C 4.7.2\000"
 2384      4320342E 
 2384      372E3200 
 2385              	.LASF75:
 2386 02b9 725F6375 		.ascii	"r_current\000"
 2386      7272656E 
 2386      7400
 2387              	.LASF74:
 2388 02c3 725F6F6C 		.ascii	"r_older\000"
 2388      64657200 
 2389              	.LASF96:
 2390 02cb 6462675F 		.ascii	"dbg_check_unlock\000"
 2390      63686563 
 2390      6B5F756E 
 2390      6C6F636B 
 2390      00
 2391              	.LASF16:
 2392 02dc 74726566 		.ascii	"trefs_t\000"
 2392      735F7400 
 2393              	.LASF88:
 2394 02e4 63747870 		.ascii	"ctxp\000"
 2394      00
 2395              	.LASF24:
 2396 02e9 705F7072 		.ascii	"p_prev\000"
 2396      657600
 2397              	.LASF18:
 2398 02f0 74707269 		.ascii	"tprio_t\000"
 2398      6F5F7400 
 2399              	.LASF13:
 2400 02f8 5F426F6F 		.ascii	"_Bool\000"
 2400      6C00
 2401              	.LASF6:
 2402 02fe 696E7433 		.ascii	"int32_t\000"
 2402      325F7400 
 2403              	.LASF2:
 2404 0306 756E7369 		.ascii	"unsigned char\000"
 2404      676E6564 
 2404      20636861 
 2404      7200
 2405              	.LASF59:
 2406 0314 53484353 		.ascii	"SHCSR\000"
 2406      5200
 2407              	.LASF40:
 2408 031a 705F6D74 		.ascii	"p_mtxlist\000"
 2408      786C6973 
 2408      7400
 2409              	.LASF3:
 2410 0324 73686F72 		.ascii	"short int\000"
 2410      7420696E 
 2410      7400
 2411              	.LASF31:
 2412 032e 705F7374 		.ascii	"p_state\000"
ARM GAS  /tmp/cczDtV4Z.s 			page 46


 2412      61746500 
 2413              	.LASF34:
 2414 0336 705F7072 		.ascii	"p_preempt\000"
 2414      65656D70 
 2414      7400
 2415              	.LASF49:
 2416 0340 78707372 		.ascii	"xpsr\000"
 2416      00
 2417              	.LASF71:
 2418 0345 725F7072 		.ascii	"r_prio\000"
 2418      696F00
 2419              	.LASF84:
 2420 034c 65776D61 		.ascii	"ewmask\000"
 2420      736B00
 2421              	.LASF23:
 2422 0353 705F6E65 		.ascii	"p_next\000"
 2422      787400
 2423              	.LASF32:
 2424 035a 705F666C 		.ascii	"p_flags\000"
 2424      61677300 
 2425              	.LASF22:
 2426 0362 54687265 		.ascii	"Thread\000"
 2426      616400
 2427              	.LASF39:
 2428 0369 705F6570 		.ascii	"p_epending\000"
 2428      656E6469 
 2428      6E6700
 2429              	.LASF8:
 2430 0374 75696E74 		.ascii	"uint32_t\000"
 2430      33325F74 
 2430      00
 2431              	.LASF70:
 2432 037d 725F7175 		.ascii	"r_queue\000"
 2432      65756500 
 2433              	.LASF65:
 2434 0385 41465352 		.ascii	"AFSR\000"
 2434      00
 2435              	.LASF67:
 2436 038a 756E7573 		.ascii	"unused1\000"
 2436      65643100 
 2437              	.LASF85:
 2438 0392 63686172 		.ascii	"char\000"
 2438      00
 2439              	.LASF52:
 2440 0397 494F5245 		.ascii	"IOREG32\000"
 2440      47333200 
 2441              	.LASF80:
 2442 039f 6D5F6E65 		.ascii	"m_next\000"
 2442      787400
 2443              	.LASF21:
 2444 03a6 73797374 		.ascii	"systime_t\000"
 2444      696D655F 
 2444      7400
 2445              	.LASF41:
 2446 03b0 705F7265 		.ascii	"p_realprio\000"
 2446      616C7072 
 2446      696F00
ARM GAS  /tmp/cczDtV4Z.s 			page 47


 2447              	.LASF87:
 2448 03bb 53564361 		.ascii	"SVCallVector\000"
 2448      6C6C5665 
 2448      63746F72 
 2448      00
 2449              	.LASF35:
 2450 03c8 705F7469 		.ascii	"p_time\000"
 2450      6D6500
 2451              	.LASF58:
 2452 03cf 53485052 		.ascii	"SHPR\000"
 2452      00
 2453              	.LASF101:
 2454 03d4 6462675F 		.ascii	"dbg_check_leave_isr\000"
 2454      63686563 
 2454      6B5F6C65 
 2454      6176655F 
 2454      69737200 
 2455              	.LASF50:
 2456 03e8 696E7463 		.ascii	"intctx\000"
 2456      747800
 2457              	.LASF37:
 2458 03ef 705F6D73 		.ascii	"p_msgqueue\000"
 2458      67717565 
 2458      756500
 2459              	.LASF33:
 2460 03fa 705F7265 		.ascii	"p_refs\000"
 2460      667300
 2461              	.LASF76:
 2462 0401 52656164 		.ascii	"ReadyList\000"
 2462      794C6973 
 2462      7400
 2463              	.LASF66:
 2464 040b 4D4D4652 		.ascii	"MMFR\000"
 2464      00
 2465              	.LASF105:
 2466 0410 726C6973 		.ascii	"rlist\000"
 2466      7400
 2467              	.LASF5:
 2468 0416 75696E74 		.ascii	"uint8_t\000"
 2468      385F7400 
 2469              	.LASF89:
 2470 041e 5F706F72 		.ascii	"_port_init\000"
 2470      745F696E 
 2470      697400
 2471              	.LASF98:
 2472 0429 6462675F 		.ascii	"dbg_check_lock_from_isr\000"
 2472      63686563 
 2472      6B5F6C6F 
 2472      636B5F66 
 2472      726F6D5F 
 2473              	.LASF83:
 2474 0441 77746F62 		.ascii	"wtobjp\000"
 2474      6A7000
 2475              	.LASF29:
 2476 0448 705F6E61 		.ascii	"p_name\000"
 2476      6D6500
 2477              	.LASF68:
ARM GAS  /tmp/cczDtV4Z.s 			page 48


 2478 044f 43504143 		.ascii	"CPACR\000"
 2478      5200
 2479              	.LASF61:
 2480 0455 48465352 		.ascii	"HFSR\000"
 2480      00
 2481              	.LASF79:
 2482 045a 6D5F6F77 		.ascii	"m_owner\000"
 2482      6E657200 
 2483              	.LASF26:
 2484 0462 705F6374 		.ascii	"p_ctx\000"
 2484      7800
 2485              	.LASF36:
 2486 0468 705F7761 		.ascii	"p_waiting\000"
 2486      6974696E 
 2486      6700
 2487              		.ident	"GCC: (crosstool-NG 1.17.0 - PSAS ST32F4 GFE) 4.7.2"
ARM GAS  /tmp/cczDtV4Z.s 			page 49


DEFINED SYMBOLS
                            *ABS*:0000000000000000 chcore_v7m.c
     /tmp/cczDtV4Z.s:21     .text._port_switch_from_isr:0000000000000000 $t
     /tmp/cczDtV4Z.s:27     .text._port_switch_from_isr:0000000000000000 _port_switch_from_isr
     /tmp/cczDtV4Z.s:46     .text._port_switch_from_isr:000000000000000c _port_exit_from_isr
     /tmp/cczDtV4Z.s:58     .text.SVCallVector:0000000000000000 $t
     /tmp/cczDtV4Z.s:64     .text.SVCallVector:0000000000000000 SVCallVector
     /tmp/cczDtV4Z.s:100    .text._port_init:0000000000000000 $t
     /tmp/cczDtV4Z.s:106    .text._port_init:0000000000000000 _port_init
     /tmp/cczDtV4Z.s:151    .text._port_irq_epilogue:0000000000000000 $t
     /tmp/cczDtV4Z.s:157    .text._port_irq_epilogue:0000000000000000 _port_irq_epilogue
     /tmp/cczDtV4Z.s:252    .text._port_irq_epilogue:0000000000000068 $d
     /tmp/cczDtV4Z.s:260    .text.SysTickVector:0000000000000000 $t
     /tmp/cczDtV4Z.s:266    .text.SysTickVector:0000000000000000 SysTickVector
     /tmp/cczDtV4Z.s:319    .text._port_switch:0000000000000000 $t
     /tmp/cczDtV4Z.s:325    .text._port_switch:0000000000000000 _port_switch
     /tmp/cczDtV4Z.s:352    .text._port_thread_start:0000000000000000 $t
     /tmp/cczDtV4Z.s:358    .text._port_thread_start:0000000000000000 _port_thread_start
                     .debug_frame:0000000000000010 $d
     /tmp/cczDtV4Z.s:259    .text._port_irq_epilogue:0000000000000074 $t

UNDEFINED SYMBOLS
dbg_check_lock
chSchDoReschedule
dbg_check_unlock
nvicSetSystemHandlerPriority
rlist
dbg_check_enter_isr
dbg_check_lock_from_isr
chSysTimerHandlerI
dbg_check_unlock_from_isr
dbg_check_leave_isr
chThdExit
