ARM GAS  /tmp/ccH4QPaW.s 			page 1


   1              		.syntax unified
   2              		.cpu cortex-m4
   3              		.eabi_attribute 27, 3
   4              		.eabi_attribute 28, 1
   5              		.fpu fpv4-sp-d16
   6              		.eabi_attribute 20, 1
   7              		.eabi_attribute 21, 1
   8              		.eabi_attribute 23, 3
   9              		.eabi_attribute 24, 1
  10              		.eabi_attribute 25, 1
  11              		.eabi_attribute 26, 1
  12              		.eabi_attribute 30, 2
  13              		.eabi_attribute 34, 1
  14              		.eabi_attribute 18, 4
  15              		.thumb
  16              		.file	"chcore.c"
  17              		.text
  18              	.Ltext0:
  19              		.cfi_sections	.debug_frame
  20              		.section	.text.port_halt,"ax",%progbits
  21              		.align	2
  22              		.p2align 4,,15
  23              		.weak	port_halt
  24              		.thumb
  25              		.thumb_func
  26              		.type	port_halt, %function
  27              	port_halt:
  28              	.LFB7:
  29              		.file 1 "../../ChibiOS/os/ports/GCC/ARMCMx/chcore.c"
  30              		.loc 1 39 0
  31              		.cfi_startproc
  32              		@ args = 0, pretend = 0, frame = 0
  33              		@ frame_needed = 0, uses_anonymous_args = 0
  34              		@ link register save eliminated.
  35              		.loc 1 41 0
  36              	@ 41 "../../ChibiOS/os/ports/GCC/ARMCMx/chcore.c" 1
  37 0000 72B6     		cpsid   i
  38              	@ 0 "" 2
  39              		.thumb
  40              	.L2:
  41 0002 FEE7     		b	.L2
  42              		.cfi_endproc
  43              	.LFE7:
  44              		.size	port_halt, .-port_halt
  45 0004 AFF30080 		.text
  45      AFF30080 
  45      AFF30080 
  46              	.Letext0:
  47              		.section	.debug_info,"",%progbits
  48              	.Ldebug_info0:
  49 0000 96000000 		.4byte	0x96
  50 0004 0200     		.2byte	0x2
  51 0006 00000000 		.4byte	.Ldebug_abbrev0
  52 000a 04       		.byte	0x4
  53 000b 01       		.uleb128 0x1
  54 000c 46000000 		.4byte	.LASF12
  55 0010 01       		.byte	0x1
ARM GAS  /tmp/ccH4QPaW.s 			page 2


  56 0011 8E000000 		.4byte	.LASF13
  57 0015 0E000000 		.4byte	.LASF14
  58 0019 00000000 		.4byte	.Ldebug_ranges0+0
  59 001d 00000000 		.4byte	0
  60 0021 00000000 		.4byte	0
  61 0025 00000000 		.4byte	.Ldebug_line0
  62 0029 02       		.uleb128 0x2
  63 002a 04       		.byte	0x4
  64 002b 05       		.byte	0x5
  65 002c 696E7400 		.ascii	"int\000"
  66 0030 03       		.uleb128 0x3
  67 0031 04       		.byte	0x4
  68 0032 07       		.byte	0x7
  69 0033 39000000 		.4byte	.LASF0
  70 0037 03       		.uleb128 0x3
  71 0038 01       		.byte	0x1
  72 0039 06       		.byte	0x6
  73 003a DB000000 		.4byte	.LASF1
  74 003e 03       		.uleb128 0x3
  75 003f 01       		.byte	0x1
  76 0040 08       		.byte	0x8
  77 0041 7B000000 		.4byte	.LASF2
  78 0045 03       		.uleb128 0x3
  79 0046 02       		.byte	0x2
  80 0047 05       		.byte	0x5
  81 0048 F1000000 		.4byte	.LASF3
  82 004c 03       		.uleb128 0x3
  83 004d 02       		.byte	0x2
  84 004e 07       		.byte	0x7
  85 004f C8000000 		.4byte	.LASF4
  86 0053 03       		.uleb128 0x3
  87 0054 04       		.byte	0x4
  88 0055 05       		.byte	0x5
  89 0056 B9000000 		.4byte	.LASF5
  90 005a 03       		.uleb128 0x3
  91 005b 04       		.byte	0x4
  92 005c 07       		.byte	0x7
  93 005d 52000000 		.4byte	.LASF6
  94 0061 03       		.uleb128 0x3
  95 0062 08       		.byte	0x8
  96 0063 05       		.byte	0x5
  97 0064 00000000 		.4byte	.LASF7
  98 0068 03       		.uleb128 0x3
  99 0069 08       		.byte	0x8
 100 006a 07       		.byte	0x7
 101 006b 64000000 		.4byte	.LASF8
 102 006f 03       		.uleb128 0x3
 103 0070 01       		.byte	0x1
 104 0071 02       		.byte	0x2
 105 0072 C2000000 		.4byte	.LASF9
 106 0076 03       		.uleb128 0x3
 107 0077 04       		.byte	0x4
 108 0078 07       		.byte	0x7
 109 0079 FB000000 		.4byte	.LASF10
 110 007d 03       		.uleb128 0x3
 111 007e 01       		.byte	0x1
 112 007f 08       		.byte	0x8
ARM GAS  /tmp/ccH4QPaW.s 			page 3


 113 0080 89000000 		.4byte	.LASF11
 114 0084 04       		.uleb128 0x4
 115 0085 01       		.byte	0x1
 116 0086 E7000000 		.4byte	.LASF15
 117 008a 01       		.byte	0x1
 118 008b 27       		.byte	0x27
 119 008c 01       		.byte	0x1
 120 008d 00000000 		.4byte	.LFB7
 121 0091 04000000 		.4byte	.LFE7
 122 0095 02       		.byte	0x2
 123 0096 7D       		.byte	0x7d
 124 0097 00       		.sleb128 0
 125 0098 01       		.byte	0x1
 126 0099 00       		.byte	0
 127              		.section	.debug_abbrev,"",%progbits
 128              	.Ldebug_abbrev0:
 129 0000 01       		.uleb128 0x1
 130 0001 11       		.uleb128 0x11
 131 0002 01       		.byte	0x1
 132 0003 25       		.uleb128 0x25
 133 0004 0E       		.uleb128 0xe
 134 0005 13       		.uleb128 0x13
 135 0006 0B       		.uleb128 0xb
 136 0007 03       		.uleb128 0x3
 137 0008 0E       		.uleb128 0xe
 138 0009 1B       		.uleb128 0x1b
 139 000a 0E       		.uleb128 0xe
 140 000b 55       		.uleb128 0x55
 141 000c 06       		.uleb128 0x6
 142 000d 11       		.uleb128 0x11
 143 000e 01       		.uleb128 0x1
 144 000f 52       		.uleb128 0x52
 145 0010 01       		.uleb128 0x1
 146 0011 10       		.uleb128 0x10
 147 0012 06       		.uleb128 0x6
 148 0013 00       		.byte	0
 149 0014 00       		.byte	0
 150 0015 02       		.uleb128 0x2
 151 0016 24       		.uleb128 0x24
 152 0017 00       		.byte	0
 153 0018 0B       		.uleb128 0xb
 154 0019 0B       		.uleb128 0xb
 155 001a 3E       		.uleb128 0x3e
 156 001b 0B       		.uleb128 0xb
 157 001c 03       		.uleb128 0x3
 158 001d 08       		.uleb128 0x8
 159 001e 00       		.byte	0
 160 001f 00       		.byte	0
 161 0020 03       		.uleb128 0x3
 162 0021 24       		.uleb128 0x24
 163 0022 00       		.byte	0
 164 0023 0B       		.uleb128 0xb
 165 0024 0B       		.uleb128 0xb
 166 0025 3E       		.uleb128 0x3e
 167 0026 0B       		.uleb128 0xb
 168 0027 03       		.uleb128 0x3
 169 0028 0E       		.uleb128 0xe
ARM GAS  /tmp/ccH4QPaW.s 			page 4


 170 0029 00       		.byte	0
 171 002a 00       		.byte	0
 172 002b 04       		.uleb128 0x4
 173 002c 2E       		.uleb128 0x2e
 174 002d 00       		.byte	0
 175 002e 3F       		.uleb128 0x3f
 176 002f 0C       		.uleb128 0xc
 177 0030 03       		.uleb128 0x3
 178 0031 0E       		.uleb128 0xe
 179 0032 3A       		.uleb128 0x3a
 180 0033 0B       		.uleb128 0xb
 181 0034 3B       		.uleb128 0x3b
 182 0035 0B       		.uleb128 0xb
 183 0036 27       		.uleb128 0x27
 184 0037 0C       		.uleb128 0xc
 185 0038 11       		.uleb128 0x11
 186 0039 01       		.uleb128 0x1
 187 003a 12       		.uleb128 0x12
 188 003b 01       		.uleb128 0x1
 189 003c 40       		.uleb128 0x40
 190 003d 0A       		.uleb128 0xa
 191 003e 9742     		.uleb128 0x2117
 192 0040 0C       		.uleb128 0xc
 193 0041 00       		.byte	0
 194 0042 00       		.byte	0
 195 0043 00       		.byte	0
 196              		.section	.debug_aranges,"",%progbits
 197 0000 1C000000 		.4byte	0x1c
 198 0004 0200     		.2byte	0x2
 199 0006 00000000 		.4byte	.Ldebug_info0
 200 000a 04       		.byte	0x4
 201 000b 00       		.byte	0
 202 000c 0000     		.2byte	0
 203 000e 0000     		.2byte	0
 204 0010 00000000 		.4byte	.LFB7
 205 0014 04000000 		.4byte	.LFE7-.LFB7
 206 0018 00000000 		.4byte	0
 207 001c 00000000 		.4byte	0
 208              		.section	.debug_ranges,"",%progbits
 209              	.Ldebug_ranges0:
 210 0000 00000000 		.4byte	.LFB7
 211 0004 04000000 		.4byte	.LFE7
 212 0008 00000000 		.4byte	0
 213 000c 00000000 		.4byte	0
 214              		.section	.debug_line,"",%progbits
 215              	.Ldebug_line0:
 216 0000 57000000 		.section	.debug_str,"MS",%progbits,1
 216      02004100 
 216      00000201 
 216      FB0E0D00 
 216      01010101 
 217              	.LASF7:
 218 0000 6C6F6E67 		.ascii	"long long int\000"
 218      206C6F6E 
 218      6720696E 
 218      7400
 219              	.LASF14:
ARM GAS  /tmp/ccH4QPaW.s 			page 5


 220 000e 2F686F6D 		.ascii	"/home/rob/Projects/stm32/src/rocket_tracks\000"
 220      652F726F 
 220      622F5072 
 220      6F6A6563 
 220      74732F73 
 221              	.LASF0:
 222 0039 756E7369 		.ascii	"unsigned int\000"
 222      676E6564 
 222      20696E74 
 222      00
 223              	.LASF12:
 224 0046 474E5520 		.ascii	"GNU C 4.7.2\000"
 224      4320342E 
 224      372E3200 
 225              	.LASF6:
 226 0052 6C6F6E67 		.ascii	"long unsigned int\000"
 226      20756E73 
 226      69676E65 
 226      6420696E 
 226      7400
 227              	.LASF8:
 228 0064 6C6F6E67 		.ascii	"long long unsigned int\000"
 228      206C6F6E 
 228      6720756E 
 228      7369676E 
 228      65642069 
 229              	.LASF2:
 230 007b 756E7369 		.ascii	"unsigned char\000"
 230      676E6564 
 230      20636861 
 230      7200
 231              	.LASF11:
 232 0089 63686172 		.ascii	"char\000"
 232      00
 233              	.LASF13:
 234 008e 2E2E2F2E 		.ascii	"../../ChibiOS/os/ports/GCC/ARMCMx/chcore.c\000"
 234      2E2F4368 
 234      6962694F 
 234      532F6F73 
 234      2F706F72 
 235              	.LASF5:
 236 00b9 6C6F6E67 		.ascii	"long int\000"
 236      20696E74 
 236      00
 237              	.LASF9:
 238 00c2 5F426F6F 		.ascii	"_Bool\000"
 238      6C00
 239              	.LASF4:
 240 00c8 73686F72 		.ascii	"short unsigned int\000"
 240      7420756E 
 240      7369676E 
 240      65642069 
 240      6E7400
 241              	.LASF1:
 242 00db 7369676E 		.ascii	"signed char\000"
 242      65642063 
 242      68617200 
ARM GAS  /tmp/ccH4QPaW.s 			page 6


 243              	.LASF15:
 244 00e7 706F7274 		.ascii	"port_halt\000"
 244      5F68616C 
 244      7400
 245              	.LASF3:
 246 00f1 73686F72 		.ascii	"short int\000"
 246      7420696E 
 246      7400
 247              	.LASF10:
 248 00fb 73697A65 		.ascii	"sizetype\000"
 248      74797065 
 248      00
 249              		.ident	"GCC: (crosstool-NG 1.17.0 - PSAS ST32F4 GFE) 4.7.2"
ARM GAS  /tmp/ccH4QPaW.s 			page 7


DEFINED SYMBOLS
                            *ABS*:0000000000000000 chcore.c
     /tmp/ccH4QPaW.s:21     .text.port_halt:0000000000000000 $t
     /tmp/ccH4QPaW.s:27     .text.port_halt:0000000000000000 port_halt
                     .debug_frame:0000000000000010 $d

NO UNDEFINED SYMBOLS
