ARM GAS  /tmp/ccY0tucO.s 			page 1


   1              		.syntax unified
   2              		.cpu cortex-m4
   3              		.eabi_attribute 27, 3
   4              		.eabi_attribute 28, 1
   5              		.fpu fpv4-sp-d16
   6              		.eabi_attribute 20, 1
   7              		.eabi_attribute 21, 1
   8              		.eabi_attribute 23, 3
   9              		.eabi_attribute 24, 1
  10              		.eabi_attribute 25, 1
  11              		.eabi_attribute 26, 1
  12              		.eabi_attribute 30, 2
  13              		.eabi_attribute 34, 1
  14              		.eabi_attribute 18, 4
  15              		.thumb
  16              		.file	"chmempools.c"
  17              		.text
  18              	.Ltext0:
  19              		.cfi_sections	.debug_frame
  20              		.section	.text.chPoolInit,"ax",%progbits
  21              		.align	2
  22              		.p2align 4,,15
  23              		.global	chPoolInit
  24              		.thumb
  25              		.thumb_func
  26              		.type	chPoolInit, %function
  27              	chPoolInit:
  28              	.LFB7:
  29              		.file 1 "../../ChibiOS/os/kernel/src/chmempools.c"
  30              		.loc 1 55 0
  31              		.cfi_startproc
  32              		@ args = 0, pretend = 0, frame = 0
  33              		@ frame_needed = 0, uses_anonymous_args = 0
  34              	.LVL0:
  35              		.loc 1 57 0
  36 0000 0028     		cmp	r0, #0
  37 0002 18BF     		it	ne
  38 0004 0329     		cmpne	r1, #3
  39              		.loc 1 55 0
  40 0006 70B5     		push	{r4, r5, r6, lr}
  41              	.LCFI0:
  42              		.cfi_def_cfa_offset 16
  43              		.cfi_offset 4, -16
  44              		.cfi_offset 5, -12
  45              		.cfi_offset 6, -8
  46              		.cfi_offset 14, -4
  47              		.loc 1 55 0
  48 0008 0D46     		mov	r5, r1
  49              		.loc 1 57 0
  50 000a 0446     		mov	r4, r0
  51              		.loc 1 55 0
  52 000c 1646     		mov	r6, r2
  53              		.loc 1 57 0
  54 000e 02D8     		bhi	.L2
  55              		.loc 1 57 0 is_stmt 0 discriminator 1
  56 0010 0348     		ldr	r0, .L7
  57              	.LVL1:
ARM GAS  /tmp/ccY0tucO.s 			page 2


  58 0012 FFF7FEFF 		bl	chDbgPanic
  59              	.LVL2:
  60              	.L2:
  61              		.loc 1 59 0 is_stmt 1
  62 0016 0023     		movs	r3, #0
  63              		.loc 1 61 0
  64 0018 84E86800 		stmia	r4, {r3, r5, r6}
  65 001c 70BD     		pop	{r4, r5, r6, pc}
  66              	.L8:
  67 001e 00BF     		.align	2
  68              	.L7:
  69 0020 00000000 		.word	.LC0
  70              		.cfi_endproc
  71              	.LFE7:
  72              		.size	chPoolInit, .-chPoolInit
  73 0024 AFF30080 		.section	.text.chPoolAllocI,"ax",%progbits
  73      AFF30080 
  73      AFF30080 
  74              		.align	2
  75              		.p2align 4,,15
  76              		.global	chPoolAllocI
  77              		.thumb
  78              		.thumb_func
  79              		.type	chPoolAllocI, %function
  80              	chPoolAllocI:
  81              	.LFB9:
  82              		.loc 1 98 0
  83              		.cfi_startproc
  84              		@ args = 0, pretend = 0, frame = 0
  85              		@ frame_needed = 0, uses_anonymous_args = 0
  86              	.LVL3:
  87 0000 10B5     		push	{r4, lr}
  88              	.LCFI1:
  89              		.cfi_def_cfa_offset 8
  90              		.cfi_offset 4, -8
  91              		.cfi_offset 14, -4
  92              		.loc 1 98 0
  93 0002 0446     		mov	r4, r0
  94              		.loc 1 101 0
  95 0004 FFF7FEFF 		bl	chDbgCheckClassI
  96              	.LVL4:
  97              		.loc 1 102 0
  98 0008 4CB1     		cbz	r4, .L16
  99              	.L10:
 100              		.loc 1 104 0
 101 000a 2068     		ldr	r0, [r4, #0]
 102              	.LVL5:
 103 000c 10B1     		cbz	r0, .L11
 104              		.loc 1 105 0
 105 000e 0368     		ldr	r3, [r0, #0]
 106 0010 2360     		str	r3, [r4, #0]
 107 0012 10BD     		pop	{r4, pc}
 108              	.L11:
 109              		.loc 1 106 0
 110 0014 A368     		ldr	r3, [r4, #8]
 111 0016 0BB1     		cbz	r3, .L12
 112              		.loc 1 107 0
ARM GAS  /tmp/ccY0tucO.s 			page 3


 113 0018 6068     		ldr	r0, [r4, #4]
 114              	.LVL6:
 115 001a 9847     		blx	r3
 116              	.LVL7:
 117              	.L12:
 118              		.loc 1 109 0
 119 001c 10BD     		pop	{r4, pc}
 120              	.LVL8:
 121              	.L16:
 122              		.loc 1 102 0 discriminator 1
 123 001e 0248     		ldr	r0, .L17
 124 0020 FFF7FEFF 		bl	chDbgPanic
 125              	.LVL9:
 126 0024 F1E7     		b	.L10
 127              	.L18:
 128 0026 00BF     		.align	2
 129              	.L17:
 130 0028 10000000 		.word	.LC1
 131              		.cfi_endproc
 132              	.LFE9:
 133              		.size	chPoolAllocI, .-chPoolAllocI
 134 002c AFF30080 		.section	.text.chPoolAlloc,"ax",%progbits
 135              		.align	2
 136              		.p2align 4,,15
 137              		.global	chPoolAlloc
 138              		.thumb
 139              		.thumb_func
 140              		.type	chPoolAlloc, %function
 141              	chPoolAlloc:
 142              	.LFB10:
 143              		.loc 1 121 0
 144              		.cfi_startproc
 145              		@ args = 0, pretend = 0, frame = 0
 146              		@ frame_needed = 0, uses_anonymous_args = 0
 147              	.LVL10:
 148 0000 10B5     		push	{r4, lr}
 149              	.LCFI2:
 150              		.cfi_def_cfa_offset 8
 151              		.cfi_offset 4, -8
 152              		.cfi_offset 14, -4
 153              	.LBB2:
 154              		.loc 1 124 0
 155 0002 2023     		movs	r3, #32
 156              	.LVL11:
 157              	.LBE2:
 158              		.loc 1 121 0
 159 0004 0446     		mov	r4, r0
 160              	.LBB3:
 161              		.loc 1 124 0
 162              	@ 124 "../../ChibiOS/os/kernel/src/chmempools.c" 1
 163 0006 83F31188 		msr     BASEPRI, r3
 164              	@ 0 "" 2
 165              	.LVL12:
 166              		.thumb
 167              	.LBE3:
 168 000a FFF7FEFF 		bl	dbg_check_lock
 169              	.LVL13:
ARM GAS  /tmp/ccY0tucO.s 			page 4


 170              		.loc 1 125 0
 171 000e 2046     		mov	r0, r4
 172 0010 FFF7FEFF 		bl	chPoolAllocI
 173              	.LVL14:
 174 0014 0446     		mov	r4, r0
 175              	.LVL15:
 176              		.loc 1 126 0
 177 0016 FFF7FEFF 		bl	dbg_check_unlock
 178              	.LVL16:
 179              	.LBB4:
 180 001a 0023     		movs	r3, #0
 181              	.LVL17:
 182              	@ 126 "../../ChibiOS/os/kernel/src/chmempools.c" 1
 183 001c 83F31188 		msr     BASEPRI, r3
 184              	@ 0 "" 2
 185              	.LVL18:
 186              		.thumb
 187              	.LBE4:
 188              		.loc 1 128 0
 189 0020 2046     		mov	r0, r4
 190 0022 10BD     		pop	{r4, pc}
 191              		.cfi_endproc
 192              	.LFE10:
 193              		.size	chPoolAlloc, .-chPoolAlloc
 194 0024 AFF30080 		.section	.text.chPoolFreeI,"ax",%progbits
 194      AFF30080 
 194      AFF30080 
 195              		.align	2
 196              		.p2align 4,,15
 197              		.global	chPoolFreeI
 198              		.thumb
 199              		.thumb_func
 200              		.type	chPoolFreeI, %function
 201              	chPoolFreeI:
 202              	.LFB11:
 203              		.loc 1 142 0
 204              		.cfi_startproc
 205              		@ args = 0, pretend = 0, frame = 0
 206              		@ frame_needed = 0, uses_anonymous_args = 0
 207              	.LVL19:
 208 0000 38B5     		push	{r3, r4, r5, lr}
 209              	.LCFI3:
 210              		.cfi_def_cfa_offset 16
 211              		.cfi_offset 3, -16
 212              		.cfi_offset 4, -12
 213              		.cfi_offset 5, -8
 214              		.cfi_offset 14, -4
 215              		.loc 1 142 0
 216 0002 0446     		mov	r4, r0
 217 0004 0D46     		mov	r5, r1
 218              	.LVL20:
 219              		.loc 1 145 0
 220 0006 FFF7FEFF 		bl	chDbgCheckClassI
 221              	.LVL21:
 222              		.loc 1 146 0
 223 000a 002C     		cmp	r4, #0
 224 000c 18BF     		it	ne
ARM GAS  /tmp/ccY0tucO.s 			page 5


 225 000e 002D     		cmpne	r5, #0
 226 0010 02D1     		bne	.L21
 227              		.loc 1 146 0 is_stmt 0 discriminator 1
 228 0012 0348     		ldr	r0, .L25
 229 0014 FFF7FEFF 		bl	chDbgPanic
 230              	.LVL22:
 231              	.L21:
 232              		.loc 1 148 0 is_stmt 1
 233 0018 2368     		ldr	r3, [r4, #0]
 234 001a 2B60     		str	r3, [r5, #0]
 235              		.loc 1 149 0
 236 001c 2560     		str	r5, [r4, #0]
 237 001e 38BD     		pop	{r3, r4, r5, pc}
 238              	.L26:
 239              		.align	2
 240              	.L25:
 241 0020 24000000 		.word	.LC2
 242              		.cfi_endproc
 243              	.LFE11:
 244              		.size	chPoolFreeI, .-chPoolFreeI
 245 0024 AFF30080 		.section	.text.chPoolFree,"ax",%progbits
 245      AFF30080 
 245      AFF30080 
 246              		.align	2
 247              		.p2align 4,,15
 248              		.global	chPoolFree
 249              		.thumb
 250              		.thumb_func
 251              		.type	chPoolFree, %function
 252              	chPoolFree:
 253              	.LFB12:
 254              		.loc 1 164 0
 255              		.cfi_startproc
 256              		@ args = 0, pretend = 0, frame = 0
 257              		@ frame_needed = 0, uses_anonymous_args = 0
 258              	.LVL23:
 259 0000 38B5     		push	{r3, r4, r5, lr}
 260              	.LCFI4:
 261              		.cfi_def_cfa_offset 16
 262              		.cfi_offset 3, -16
 263              		.cfi_offset 4, -12
 264              		.cfi_offset 5, -8
 265              		.cfi_offset 14, -4
 266              		.loc 1 164 0
 267 0002 0546     		mov	r5, r0
 268 0004 0C46     		mov	r4, r1
 269              	.LBB5:
 270              		.loc 1 166 0
 271 0006 2023     		movs	r3, #32
 272              	.LVL24:
 273              	@ 166 "../../ChibiOS/os/kernel/src/chmempools.c" 1
 274 0008 83F31188 		msr     BASEPRI, r3
 275              	@ 0 "" 2
 276              	.LVL25:
 277              		.thumb
 278              	.LBE5:
 279 000c FFF7FEFF 		bl	dbg_check_lock
ARM GAS  /tmp/ccY0tucO.s 			page 6


 280              	.LVL26:
 281              		.loc 1 167 0
 282 0010 2846     		mov	r0, r5
 283 0012 2146     		mov	r1, r4
 284 0014 FFF7FEFF 		bl	chPoolFreeI
 285              	.LVL27:
 286              		.loc 1 168 0
 287 0018 FFF7FEFF 		bl	dbg_check_unlock
 288              	.LVL28:
 289              	.LBB6:
 290 001c 0023     		movs	r3, #0
 291              	.LVL29:
 292              	@ 168 "../../ChibiOS/os/kernel/src/chmempools.c" 1
 293 001e 83F31188 		msr     BASEPRI, r3
 294              	@ 0 "" 2
 295              	.LVL30:
 296              		.thumb
 297 0022 38BD     		pop	{r3, r4, r5, pc}
 298              	.LBE6:
 299              		.cfi_endproc
 300              	.LFE12:
 301              		.size	chPoolFree, .-chPoolFree
 302 0024 AFF30080 		.section	.text.chPoolLoadArray,"ax",%progbits
 302      AFF30080 
 302      AFF30080 
 303              		.align	2
 304              		.p2align 4,,15
 305              		.global	chPoolLoadArray
 306              		.thumb
 307              		.thumb_func
 308              		.type	chPoolLoadArray, %function
 309              	chPoolLoadArray:
 310              	.LFB8:
 311              		.loc 1 77 0
 312              		.cfi_startproc
 313              		@ args = 0, pretend = 0, frame = 0
 314              		@ frame_needed = 0, uses_anonymous_args = 0
 315              	.LVL31:
 316              		.loc 1 79 0
 317 0000 0028     		cmp	r0, #0
 318 0002 18BF     		it	ne
 319 0004 002A     		cmpne	r2, #0
 320              		.loc 1 77 0
 321 0006 70B5     		push	{r4, r5, r6, lr}
 322              	.LCFI5:
 323              		.cfi_def_cfa_offset 16
 324              		.cfi_offset 4, -16
 325              		.cfi_offset 5, -12
 326              		.cfi_offset 6, -8
 327              		.cfi_offset 14, -4
 328              		.loc 1 79 0
 329 0008 1446     		mov	r4, r2
 330 000a 0646     		mov	r6, r0
 331              		.loc 1 77 0
 332 000c 0D46     		mov	r5, r1
 333              		.loc 1 79 0
 334 000e 08D0     		beq	.L37
ARM GAS  /tmp/ccY0tucO.s 			page 7


 335              	.LVL32:
 336              	.L34:
 337              		.loc 1 82 0
 338 0010 2946     		mov	r1, r5
 339 0012 3046     		mov	r0, r6
 340 0014 FFF7FEFF 		bl	chPoolFree
 341              	.LVL33:
 342              		.loc 1 83 0
 343 0018 7368     		ldr	r3, [r6, #4]
 344              		.loc 1 81 0
 345 001a 013C     		subs	r4, r4, #1
 346              		.loc 1 83 0
 347 001c 1D44     		add	r5, r5, r3
 348              	.LVL34:
 349              		.loc 1 81 0
 350 001e F7D1     		bne	.L34
 351              	.L28:
 352 0020 70BD     		pop	{r4, r5, r6, pc}
 353              	.LVL35:
 354              	.L37:
 355              		.loc 1 79 0 discriminator 1
 356 0022 0348     		ldr	r0, .L38
 357              	.LVL36:
 358 0024 FFF7FEFF 		bl	chDbgPanic
 359              	.LVL37:
 360              		.loc 1 81 0 discriminator 1
 361 0028 002C     		cmp	r4, #0
 362 002a F1D1     		bne	.L34
 363 002c F8E7     		b	.L28
 364              	.L39:
 365 002e 00BF     		.align	2
 366              	.L38:
 367 0030 34000000 		.word	.LC3
 368              		.cfi_endproc
 369              	.LFE8:
 370              		.size	chPoolLoadArray, .-chPoolLoadArray
 371 0034 AFF30080 		.section	.rodata.str1.4,"aMS",%progbits,1
 371      AFF30080 
 371      AFF30080 
 372              		.align	2
 373              	.LC0:
 374 0000 22636850 		.ascii	"\"chPoolInit\"()\000"
 374      6F6F6C49 
 374      6E697422 
 374      282900
 375 000f 00       		.space	1
 376              	.LC1:
 377 0010 22636850 		.ascii	"\"chPoolAllocI\"()\000"
 377      6F6F6C41 
 377      6C6C6F63 
 377      49222829 
 377      00
 378 0021 000000   		.space	3
 379              	.LC2:
 380 0024 22636850 		.ascii	"\"chPoolFreeI\"()\000"
 380      6F6F6C46 
 380      72656549 
ARM GAS  /tmp/ccY0tucO.s 			page 8


 380      22282900 
 381              	.LC3:
 382 0034 22636850 		.ascii	"\"chPoolLoadArray\"()\000"
 382      6F6F6C4C 
 382      6F616441 
 382      72726179 
 382      22282900 
 383              		.text
 384              	.Letext0:
 385              		.file 2 "/opt/psas/x-tools/stm32f407/arm-psas-eabi/bin/../lib/gcc/arm-psas-eabi/4.7.2/include/stdd
 386              		.file 3 "/opt/psas/x-tools/stm32f407/arm-psas-eabi/bin/../lib/gcc/arm-psas-eabi/4.7.2/../../../../
 387              		.file 4 "../../ChibiOS/os/kernel/include/chmemcore.h"
 388              		.file 5 "../../ChibiOS/os/kernel/include/chmempools.h"
 389              		.file 6 "../../ChibiOS/os/kernel/include/chdebug.h"
 390              		.section	.debug_info,"",%progbits
 391              	.Ldebug_info0:
 392 0000 22040000 		.4byte	0x422
 393 0004 0200     		.2byte	0x2
 394 0006 00000000 		.4byte	.Ldebug_abbrev0
 395 000a 04       		.byte	0x4
 396 000b 01       		.uleb128 0x1
 397 000c 00000000 		.4byte	.LASF33
 398 0010 01       		.byte	0x1
 399 0011 3B010000 		.4byte	.LASF34
 400 0015 13000000 		.4byte	.LASF35
 401 0019 18000000 		.4byte	.Ldebug_ranges0+0x18
 402 001d 00000000 		.4byte	0
 403 0021 00000000 		.4byte	0
 404 0025 00000000 		.4byte	.Ldebug_line0
 405 0029 02       		.uleb128 0x2
 406 002a 04       		.byte	0x4
 407 002b 05       		.byte	0x5
 408 002c 696E7400 		.ascii	"int\000"
 409 0030 03       		.uleb128 0x3
 410 0031 0C000000 		.4byte	.LASF2
 411 0035 02       		.byte	0x2
 412 0036 D5       		.byte	0xd5
 413 0037 3B000000 		.4byte	0x3b
 414 003b 04       		.uleb128 0x4
 415 003c 04       		.byte	0x4
 416 003d 07       		.byte	0x7
 417 003e 17010000 		.4byte	.LASF0
 418 0042 04       		.uleb128 0x4
 419 0043 01       		.byte	0x1
 420 0044 06       		.byte	0x6
 421 0045 D4010000 		.4byte	.LASF1
 422 0049 03       		.uleb128 0x3
 423 004a 5E000000 		.4byte	.LASF3
 424 004e 03       		.byte	0x3
 425 004f 2A       		.byte	0x2a
 426 0050 54000000 		.4byte	0x54
 427 0054 04       		.uleb128 0x4
 428 0055 01       		.byte	0x1
 429 0056 08       		.byte	0x8
 430 0057 E1000000 		.4byte	.LASF4
 431 005b 04       		.uleb128 0x4
 432 005c 02       		.byte	0x2
ARM GAS  /tmp/ccY0tucO.s 			page 9


 433 005d 05       		.byte	0x5
 434 005e AC010000 		.4byte	.LASF5
 435 0062 04       		.uleb128 0x4
 436 0063 02       		.byte	0x2
 437 0064 07       		.byte	0x7
 438 0065 B9000000 		.4byte	.LASF6
 439 0069 04       		.uleb128 0x4
 440 006a 04       		.byte	0x4
 441 006b 05       		.byte	0x5
 442 006c CB010000 		.4byte	.LASF7
 443 0070 03       		.uleb128 0x3
 444 0071 C2010000 		.4byte	.LASF8
 445 0075 03       		.byte	0x3
 446 0076 50       		.byte	0x50
 447 0077 7B000000 		.4byte	0x7b
 448 007b 04       		.uleb128 0x4
 449 007c 04       		.byte	0x4
 450 007d 07       		.byte	0x7
 451 007e A7000000 		.4byte	.LASF9
 452 0082 04       		.uleb128 0x4
 453 0083 08       		.byte	0x8
 454 0084 05       		.byte	0x5
 455 0085 75010000 		.4byte	.LASF10
 456 0089 04       		.uleb128 0x4
 457 008a 08       		.byte	0x8
 458 008b 07       		.byte	0x7
 459 008c 24010000 		.4byte	.LASF11
 460 0090 04       		.uleb128 0x4
 461 0091 01       		.byte	0x1
 462 0092 02       		.byte	0x2
 463 0093 E8010000 		.4byte	.LASF12
 464 0097 05       		.uleb128 0x5
 465 0098 04       		.byte	0x4
 466 0099 04       		.uleb128 0x4
 467 009a 04       		.byte	0x4
 468 009b 07       		.byte	0x7
 469 009c 6C010000 		.4byte	.LASF13
 470 00a0 03       		.uleb128 0x3
 471 00a1 93010000 		.4byte	.LASF14
 472 00a5 04       		.byte	0x4
 473 00a6 25       		.byte	0x25
 474 00a7 AB000000 		.4byte	0xab
 475 00ab 06       		.uleb128 0x6
 476 00ac 04       		.byte	0x4
 477 00ad B1000000 		.4byte	0xb1
 478 00b1 07       		.uleb128 0x7
 479 00b2 01       		.byte	0x1
 480 00b3 97000000 		.4byte	0x97
 481 00b7 C1000000 		.4byte	0xc1
 482 00bb 08       		.uleb128 0x8
 483 00bc 30000000 		.4byte	0x30
 484 00c0 00       		.byte	0
 485 00c1 09       		.uleb128 0x9
 486 00c2 87000000 		.4byte	.LASF36
 487 00c6 04       		.byte	0x4
 488 00c7 05       		.byte	0x5
 489 00c8 25       		.byte	0x25
ARM GAS  /tmp/ccY0tucO.s 			page 10


 490 00c9 DC000000 		.4byte	0xdc
 491 00cd 0A       		.uleb128 0xa
 492 00ce 64010000 		.4byte	.LASF15
 493 00d2 05       		.byte	0x5
 494 00d3 26       		.byte	0x26
 495 00d4 DC000000 		.4byte	0xdc
 496 00d8 02       		.byte	0x2
 497 00d9 23       		.byte	0x23
 498 00da 00       		.uleb128 0
 499 00db 00       		.byte	0
 500 00dc 06       		.uleb128 0x6
 501 00dd 04       		.byte	0x4
 502 00de C1000000 		.4byte	0xc1
 503 00e2 0B       		.uleb128 0xb
 504 00e3 0C       		.byte	0xc
 505 00e4 05       		.byte	0x5
 506 00e5 2D       		.byte	0x2d
 507 00e6 15010000 		.4byte	0x115
 508 00ea 0A       		.uleb128 0xa
 509 00eb E0010000 		.4byte	.LASF16
 510 00ef 05       		.byte	0x5
 511 00f0 2E       		.byte	0x2e
 512 00f1 DC000000 		.4byte	0xdc
 513 00f5 02       		.byte	0x2
 514 00f6 23       		.byte	0x23
 515 00f7 00       		.uleb128 0
 516 00f8 0A       		.uleb128 0xa
 517 00f9 4F000000 		.4byte	.LASF17
 518 00fd 05       		.byte	0x5
 519 00fe 2F       		.byte	0x2f
 520 00ff 30000000 		.4byte	0x30
 521 0103 02       		.byte	0x2
 522 0104 23       		.byte	0x23
 523 0105 04       		.uleb128 0x4
 524 0106 0A       		.uleb128 0xa
 525 0107 A0010000 		.4byte	.LASF18
 526 010b 05       		.byte	0x5
 527 010c 31       		.byte	0x31
 528 010d A0000000 		.4byte	0xa0
 529 0111 02       		.byte	0x2
 530 0112 23       		.byte	0x23
 531 0113 08       		.uleb128 0x8
 532 0114 00       		.byte	0
 533 0115 03       		.uleb128 0x3
 534 0116 FA000000 		.4byte	.LASF19
 535 011a 05       		.byte	0x5
 536 011b 33       		.byte	0x33
 537 011c E2000000 		.4byte	0xe2
 538 0120 06       		.uleb128 0x6
 539 0121 04       		.byte	0x4
 540 0122 26010000 		.4byte	0x126
 541 0126 0C       		.uleb128 0xc
 542 0127 2B010000 		.4byte	0x12b
 543 012b 04       		.uleb128 0x4
 544 012c 01       		.byte	0x1
 545 012d 08       		.byte	0x8
 546 012e 83010000 		.4byte	.LASF20
ARM GAS  /tmp/ccY0tucO.s 			page 11


 547 0132 0D       		.uleb128 0xd
 548 0133 01       		.byte	0x1
 549 0134 EE010000 		.4byte	.LASF26
 550 0138 01       		.byte	0x1
 551 0139 37       		.byte	0x37
 552 013a 01       		.byte	0x1
 553 013b 00000000 		.4byte	.LFB7
 554 013f 24000000 		.4byte	.LFE7
 555 0143 00000000 		.4byte	.LLST0
 556 0147 01       		.byte	0x1
 557 0148 8C010000 		.4byte	0x18c
 558 014c 0E       		.uleb128 0xe
 559 014d 6D7000   		.ascii	"mp\000"
 560 0150 01       		.byte	0x1
 561 0151 37       		.byte	0x37
 562 0152 8C010000 		.4byte	0x18c
 563 0156 20000000 		.4byte	.LLST1
 564 015a 0F       		.uleb128 0xf
 565 015b A2000000 		.4byte	.LASF21
 566 015f 01       		.byte	0x1
 567 0160 37       		.byte	0x37
 568 0161 30000000 		.4byte	0x30
 569 0165 3E000000 		.4byte	.LLST2
 570 0169 0F       		.uleb128 0xf
 571 016a CC000000 		.4byte	.LASF22
 572 016e 01       		.byte	0x1
 573 016f 37       		.byte	0x37
 574 0170 A0000000 		.4byte	0xa0
 575 0174 5C000000 		.4byte	.LLST3
 576 0178 10       		.uleb128 0x10
 577 0179 16000000 		.4byte	.LVL2
 578 017d F3030000 		.4byte	0x3f3
 579 0181 11       		.uleb128 0x11
 580 0182 01       		.byte	0x1
 581 0183 50       		.byte	0x50
 582 0184 05       		.byte	0x5
 583 0185 03       		.byte	0x3
 584 0186 00000000 		.4byte	.LC0
 585 018a 00       		.byte	0
 586 018b 00       		.byte	0
 587 018c 06       		.uleb128 0x6
 588 018d 04       		.byte	0x4
 589 018e 15010000 		.4byte	0x115
 590 0192 12       		.uleb128 0x12
 591 0193 01       		.byte	0x1
 592 0194 0A010000 		.4byte	.LASF23
 593 0198 01       		.byte	0x1
 594 0199 62       		.byte	0x62
 595 019a 01       		.byte	0x1
 596 019b 97000000 		.4byte	0x97
 597 019f 00000000 		.4byte	.LFB9
 598 01a3 2C000000 		.4byte	.LFE9
 599 01a7 7A000000 		.4byte	.LLST4
 600 01ab 01       		.byte	0x1
 601 01ac EA010000 		.4byte	0x1ea
 602 01b0 0E       		.uleb128 0xe
 603 01b1 6D7000   		.ascii	"mp\000"
ARM GAS  /tmp/ccY0tucO.s 			page 12


 604 01b4 01       		.byte	0x1
 605 01b5 62       		.byte	0x62
 606 01b6 8C010000 		.4byte	0x18c
 607 01ba 9A000000 		.4byte	.LLST5
 608 01be 13       		.uleb128 0x13
 609 01bf 05010000 		.4byte	.LASF25
 610 01c3 01       		.byte	0x1
 611 01c4 63       		.byte	0x63
 612 01c5 97000000 		.4byte	0x97
 613 01c9 B8000000 		.4byte	.LLST6
 614 01cd 14       		.uleb128 0x14
 615 01ce 08000000 		.4byte	.LVL4
 616 01d2 07040000 		.4byte	0x407
 617 01d6 10       		.uleb128 0x10
 618 01d7 24000000 		.4byte	.LVL9
 619 01db F3030000 		.4byte	0x3f3
 620 01df 11       		.uleb128 0x11
 621 01e0 01       		.byte	0x1
 622 01e1 50       		.byte	0x50
 623 01e2 05       		.byte	0x5
 624 01e3 03       		.byte	0x3
 625 01e4 10000000 		.4byte	.LC1
 626 01e8 00       		.byte	0
 627 01e9 00       		.byte	0
 628 01ea 15       		.uleb128 0x15
 629 01eb 01       		.byte	0x1
 630 01ec B6010000 		.4byte	.LASF24
 631 01f0 01       		.byte	0x1
 632 01f1 79       		.byte	0x79
 633 01f2 01       		.byte	0x1
 634 01f3 97000000 		.4byte	0x97
 635 01f7 00000000 		.4byte	.LFB10
 636 01fb 24000000 		.4byte	.LFE10
 637 01ff E2000000 		.4byte	.LLST7
 638 0203 01       		.byte	0x1
 639 0204 82020000 		.4byte	0x282
 640 0208 0E       		.uleb128 0xe
 641 0209 6D7000   		.ascii	"mp\000"
 642 020c 01       		.byte	0x1
 643 020d 79       		.byte	0x79
 644 020e 8C010000 		.4byte	0x18c
 645 0212 02010000 		.4byte	.LLST8
 646 0216 13       		.uleb128 0x13
 647 0217 05010000 		.4byte	.LASF25
 648 021b 01       		.byte	0x1
 649 021c 7A       		.byte	0x7a
 650 021d 97000000 		.4byte	0x97
 651 0221 2E010000 		.4byte	.LLST9
 652 0225 16       		.uleb128 0x16
 653 0226 00000000 		.4byte	.Ldebug_ranges0+0
 654 022a 3E020000 		.4byte	0x23e
 655 022e 17       		.uleb128 0x17
 656 022f 746D7000 		.ascii	"tmp\000"
 657 0233 01       		.byte	0x1
 658 0234 7C       		.byte	0x7c
 659 0235 70000000 		.4byte	0x70
 660 0239 4C010000 		.4byte	.LLST10
ARM GAS  /tmp/ccY0tucO.s 			page 13


 661 023d 00       		.byte	0
 662 023e 18       		.uleb128 0x18
 663 023f 1A000000 		.4byte	.LBB4
 664 0243 20000000 		.4byte	.LBE4
 665 0247 5B020000 		.4byte	0x25b
 666 024b 17       		.uleb128 0x17
 667 024c 746D7000 		.ascii	"tmp\000"
 668 0250 01       		.byte	0x1
 669 0251 7E       		.byte	0x7e
 670 0252 70000000 		.4byte	0x70
 671 0256 5F010000 		.4byte	.LLST11
 672 025a 00       		.byte	0
 673 025b 14       		.uleb128 0x14
 674 025c 0E000000 		.4byte	.LVL13
 675 0260 11040000 		.4byte	0x411
 676 0264 19       		.uleb128 0x19
 677 0265 14000000 		.4byte	.LVL14
 678 0269 92010000 		.4byte	0x192
 679 026d 78020000 		.4byte	0x278
 680 0271 11       		.uleb128 0x11
 681 0272 01       		.byte	0x1
 682 0273 50       		.byte	0x50
 683 0274 02       		.byte	0x2
 684 0275 74       		.byte	0x74
 685 0276 00       		.sleb128 0
 686 0277 00       		.byte	0
 687 0278 14       		.uleb128 0x14
 688 0279 1A000000 		.4byte	.LVL16
 689 027d 1B040000 		.4byte	0x41b
 690 0281 00       		.byte	0
 691 0282 0D       		.uleb128 0xd
 692 0283 01       		.byte	0x1
 693 0284 D5000000 		.4byte	.LASF27
 694 0288 01       		.byte	0x1
 695 0289 8E       		.byte	0x8e
 696 028a 01       		.byte	0x1
 697 028b 00000000 		.4byte	.LFB11
 698 028f 24000000 		.4byte	.LFE11
 699 0293 72010000 		.4byte	.LLST12
 700 0297 01       		.byte	0x1
 701 0298 E5020000 		.4byte	0x2e5
 702 029c 0E       		.uleb128 0xe
 703 029d 6D7000   		.ascii	"mp\000"
 704 02a0 01       		.byte	0x1
 705 02a1 8E       		.byte	0x8e
 706 02a2 8C010000 		.4byte	0x18c
 707 02a6 92010000 		.4byte	.LLST13
 708 02aa 0F       		.uleb128 0xf
 709 02ab 05010000 		.4byte	.LASF25
 710 02af 01       		.byte	0x1
 711 02b0 8E       		.byte	0x8e
 712 02b1 97000000 		.4byte	0x97
 713 02b5 B0010000 		.4byte	.LLST14
 714 02b9 17       		.uleb128 0x17
 715 02ba 70687000 		.ascii	"php\000"
 716 02be 01       		.byte	0x1
 717 02bf 8F       		.byte	0x8f
ARM GAS  /tmp/ccY0tucO.s 			page 14


 718 02c0 DC000000 		.4byte	0xdc
 719 02c4 CE010000 		.4byte	.LLST15
 720 02c8 14       		.uleb128 0x14
 721 02c9 0A000000 		.4byte	.LVL21
 722 02cd 07040000 		.4byte	0x407
 723 02d1 10       		.uleb128 0x10
 724 02d2 18000000 		.4byte	.LVL22
 725 02d6 F3030000 		.4byte	0x3f3
 726 02da 11       		.uleb128 0x11
 727 02db 01       		.byte	0x1
 728 02dc 50       		.byte	0x50
 729 02dd 05       		.byte	0x5
 730 02de 03       		.byte	0x3
 731 02df 24000000 		.4byte	.LC2
 732 02e3 00       		.byte	0
 733 02e4 00       		.byte	0
 734 02e5 0D       		.uleb128 0xd
 735 02e6 01       		.byte	0x1
 736 02e7 EF000000 		.4byte	.LASF28
 737 02eb 01       		.byte	0x1
 738 02ec A4       		.byte	0xa4
 739 02ed 01       		.byte	0x1
 740 02ee 00000000 		.4byte	.LFB12
 741 02f2 24000000 		.4byte	.LFE12
 742 02f6 EC010000 		.4byte	.LLST16
 743 02fa 01       		.byte	0x1
 744 02fb 83030000 		.4byte	0x383
 745 02ff 0E       		.uleb128 0xe
 746 0300 6D7000   		.ascii	"mp\000"
 747 0303 01       		.byte	0x1
 748 0304 A4       		.byte	0xa4
 749 0305 8C010000 		.4byte	0x18c
 750 0309 0C020000 		.4byte	.LLST17
 751 030d 0F       		.uleb128 0xf
 752 030e 05010000 		.4byte	.LASF25
 753 0312 01       		.byte	0x1
 754 0313 A4       		.byte	0xa4
 755 0314 97000000 		.4byte	0x97
 756 0318 2A020000 		.4byte	.LLST18
 757 031c 18       		.uleb128 0x18
 758 031d 06000000 		.4byte	.LBB5
 759 0321 0C000000 		.4byte	.LBE5
 760 0325 39030000 		.4byte	0x339
 761 0329 17       		.uleb128 0x17
 762 032a 746D7000 		.ascii	"tmp\000"
 763 032e 01       		.byte	0x1
 764 032f A6       		.byte	0xa6
 765 0330 70000000 		.4byte	0x70
 766 0334 48020000 		.4byte	.LLST19
 767 0338 00       		.byte	0
 768 0339 18       		.uleb128 0x18
 769 033a 1C000000 		.4byte	.LBB6
 770 033e 24000000 		.4byte	.LBE6
 771 0342 56030000 		.4byte	0x356
 772 0346 17       		.uleb128 0x17
 773 0347 746D7000 		.ascii	"tmp\000"
 774 034b 01       		.byte	0x1
ARM GAS  /tmp/ccY0tucO.s 			page 15


 775 034c A8       		.byte	0xa8
 776 034d 70000000 		.4byte	0x70
 777 0351 5B020000 		.4byte	.LLST20
 778 0355 00       		.byte	0
 779 0356 14       		.uleb128 0x14
 780 0357 10000000 		.4byte	.LVL26
 781 035b 11040000 		.4byte	0x411
 782 035f 19       		.uleb128 0x19
 783 0360 18000000 		.4byte	.LVL27
 784 0364 82020000 		.4byte	0x282
 785 0368 79030000 		.4byte	0x379
 786 036c 11       		.uleb128 0x11
 787 036d 01       		.byte	0x1
 788 036e 51       		.byte	0x51
 789 036f 02       		.byte	0x2
 790 0370 74       		.byte	0x74
 791 0371 00       		.sleb128 0
 792 0372 11       		.uleb128 0x11
 793 0373 01       		.byte	0x1
 794 0374 50       		.byte	0x50
 795 0375 02       		.byte	0x2
 796 0376 75       		.byte	0x75
 797 0377 00       		.sleb128 0
 798 0378 00       		.byte	0
 799 0379 14       		.uleb128 0x14
 800 037a 1C000000 		.4byte	.LVL28
 801 037e 1B040000 		.4byte	0x41b
 802 0382 00       		.byte	0
 803 0383 0D       		.uleb128 0xd
 804 0384 01       		.byte	0x1
 805 0385 77000000 		.4byte	.LASF29
 806 0389 01       		.byte	0x1
 807 038a 4D       		.byte	0x4d
 808 038b 01       		.byte	0x1
 809 038c 00000000 		.4byte	.LFB8
 810 0390 34000000 		.4byte	.LFE8
 811 0394 6E020000 		.4byte	.LLST21
 812 0398 01       		.byte	0x1
 813 0399 F3030000 		.4byte	0x3f3
 814 039d 0E       		.uleb128 0xe
 815 039e 6D7000   		.ascii	"mp\000"
 816 03a1 01       		.byte	0x1
 817 03a2 4D       		.byte	0x4d
 818 03a3 8C010000 		.4byte	0x18c
 819 03a7 8E020000 		.4byte	.LLST22
 820 03ab 0E       		.uleb128 0xe
 821 03ac 7000     		.ascii	"p\000"
 822 03ae 01       		.byte	0x1
 823 03af 4D       		.byte	0x4d
 824 03b0 97000000 		.4byte	0x97
 825 03b4 C2020000 		.4byte	.LLST23
 826 03b8 0E       		.uleb128 0xe
 827 03b9 6E00     		.ascii	"n\000"
 828 03bb 01       		.byte	0x1
 829 03bc 4D       		.byte	0x4d
 830 03bd 30000000 		.4byte	0x30
 831 03c1 F6020000 		.4byte	.LLST24
ARM GAS  /tmp/ccY0tucO.s 			page 16


 832 03c5 19       		.uleb128 0x19
 833 03c6 18000000 		.4byte	.LVL33
 834 03ca E5020000 		.4byte	0x2e5
 835 03ce DF030000 		.4byte	0x3df
 836 03d2 11       		.uleb128 0x11
 837 03d3 01       		.byte	0x1
 838 03d4 51       		.byte	0x51
 839 03d5 02       		.byte	0x2
 840 03d6 75       		.byte	0x75
 841 03d7 00       		.sleb128 0
 842 03d8 11       		.uleb128 0x11
 843 03d9 01       		.byte	0x1
 844 03da 50       		.byte	0x50
 845 03db 02       		.byte	0x2
 846 03dc 76       		.byte	0x76
 847 03dd 00       		.sleb128 0
 848 03de 00       		.byte	0
 849 03df 10       		.uleb128 0x10
 850 03e0 28000000 		.4byte	.LVL37
 851 03e4 F3030000 		.4byte	0x3f3
 852 03e8 11       		.uleb128 0x11
 853 03e9 01       		.byte	0x1
 854 03ea 50       		.byte	0x50
 855 03eb 05       		.byte	0x5
 856 03ec 03       		.byte	0x3
 857 03ed 34000000 		.4byte	.LC3
 858 03f1 00       		.byte	0
 859 03f2 00       		.byte	0
 860 03f3 1A       		.uleb128 0x1a
 861 03f4 01       		.byte	0x1
 862 03f5 88010000 		.4byte	.LASF37
 863 03f9 06       		.byte	0x6
 864 03fa EF       		.byte	0xef
 865 03fb 01       		.byte	0x1
 866 03fc 01       		.byte	0x1
 867 03fd 07040000 		.4byte	0x407
 868 0401 08       		.uleb128 0x8
 869 0402 20010000 		.4byte	0x120
 870 0406 00       		.byte	0
 871 0407 1B       		.uleb128 0x1b
 872 0408 01       		.byte	0x1
 873 0409 66000000 		.4byte	.LASF30
 874 040d 06       		.byte	0x6
 875 040e E6       		.byte	0xe6
 876 040f 01       		.byte	0x1
 877 0410 01       		.byte	0x1
 878 0411 1B       		.uleb128 0x1b
 879 0412 01       		.byte	0x1
 880 0413 93000000 		.4byte	.LASF31
 881 0417 06       		.byte	0x6
 882 0418 E0       		.byte	0xe0
 883 0419 01       		.byte	0x1
 884 041a 01       		.byte	0x1
 885 041b 1B       		.uleb128 0x1b
 886 041c 01       		.byte	0x1
 887 041d 3E000000 		.4byte	.LASF32
 888 0421 06       		.byte	0x6
ARM GAS  /tmp/ccY0tucO.s 			page 17


 889 0422 E1       		.byte	0xe1
 890 0423 01       		.byte	0x1
 891 0424 01       		.byte	0x1
 892 0425 00       		.byte	0
 893              		.section	.debug_abbrev,"",%progbits
 894              	.Ldebug_abbrev0:
 895 0000 01       		.uleb128 0x1
 896 0001 11       		.uleb128 0x11
 897 0002 01       		.byte	0x1
 898 0003 25       		.uleb128 0x25
 899 0004 0E       		.uleb128 0xe
 900 0005 13       		.uleb128 0x13
 901 0006 0B       		.uleb128 0xb
 902 0007 03       		.uleb128 0x3
 903 0008 0E       		.uleb128 0xe
 904 0009 1B       		.uleb128 0x1b
 905 000a 0E       		.uleb128 0xe
 906 000b 55       		.uleb128 0x55
 907 000c 06       		.uleb128 0x6
 908 000d 11       		.uleb128 0x11
 909 000e 01       		.uleb128 0x1
 910 000f 52       		.uleb128 0x52
 911 0010 01       		.uleb128 0x1
 912 0011 10       		.uleb128 0x10
 913 0012 06       		.uleb128 0x6
 914 0013 00       		.byte	0
 915 0014 00       		.byte	0
 916 0015 02       		.uleb128 0x2
 917 0016 24       		.uleb128 0x24
 918 0017 00       		.byte	0
 919 0018 0B       		.uleb128 0xb
 920 0019 0B       		.uleb128 0xb
 921 001a 3E       		.uleb128 0x3e
 922 001b 0B       		.uleb128 0xb
 923 001c 03       		.uleb128 0x3
 924 001d 08       		.uleb128 0x8
 925 001e 00       		.byte	0
 926 001f 00       		.byte	0
 927 0020 03       		.uleb128 0x3
 928 0021 16       		.uleb128 0x16
 929 0022 00       		.byte	0
 930 0023 03       		.uleb128 0x3
 931 0024 0E       		.uleb128 0xe
 932 0025 3A       		.uleb128 0x3a
 933 0026 0B       		.uleb128 0xb
 934 0027 3B       		.uleb128 0x3b
 935 0028 0B       		.uleb128 0xb
 936 0029 49       		.uleb128 0x49
 937 002a 13       		.uleb128 0x13
 938 002b 00       		.byte	0
 939 002c 00       		.byte	0
 940 002d 04       		.uleb128 0x4
 941 002e 24       		.uleb128 0x24
 942 002f 00       		.byte	0
 943 0030 0B       		.uleb128 0xb
 944 0031 0B       		.uleb128 0xb
 945 0032 3E       		.uleb128 0x3e
ARM GAS  /tmp/ccY0tucO.s 			page 18


 946 0033 0B       		.uleb128 0xb
 947 0034 03       		.uleb128 0x3
 948 0035 0E       		.uleb128 0xe
 949 0036 00       		.byte	0
 950 0037 00       		.byte	0
 951 0038 05       		.uleb128 0x5
 952 0039 0F       		.uleb128 0xf
 953 003a 00       		.byte	0
 954 003b 0B       		.uleb128 0xb
 955 003c 0B       		.uleb128 0xb
 956 003d 00       		.byte	0
 957 003e 00       		.byte	0
 958 003f 06       		.uleb128 0x6
 959 0040 0F       		.uleb128 0xf
 960 0041 00       		.byte	0
 961 0042 0B       		.uleb128 0xb
 962 0043 0B       		.uleb128 0xb
 963 0044 49       		.uleb128 0x49
 964 0045 13       		.uleb128 0x13
 965 0046 00       		.byte	0
 966 0047 00       		.byte	0
 967 0048 07       		.uleb128 0x7
 968 0049 15       		.uleb128 0x15
 969 004a 01       		.byte	0x1
 970 004b 27       		.uleb128 0x27
 971 004c 0C       		.uleb128 0xc
 972 004d 49       		.uleb128 0x49
 973 004e 13       		.uleb128 0x13
 974 004f 01       		.uleb128 0x1
 975 0050 13       		.uleb128 0x13
 976 0051 00       		.byte	0
 977 0052 00       		.byte	0
 978 0053 08       		.uleb128 0x8
 979 0054 05       		.uleb128 0x5
 980 0055 00       		.byte	0
 981 0056 49       		.uleb128 0x49
 982 0057 13       		.uleb128 0x13
 983 0058 00       		.byte	0
 984 0059 00       		.byte	0
 985 005a 09       		.uleb128 0x9
 986 005b 13       		.uleb128 0x13
 987 005c 01       		.byte	0x1
 988 005d 03       		.uleb128 0x3
 989 005e 0E       		.uleb128 0xe
 990 005f 0B       		.uleb128 0xb
 991 0060 0B       		.uleb128 0xb
 992 0061 3A       		.uleb128 0x3a
 993 0062 0B       		.uleb128 0xb
 994 0063 3B       		.uleb128 0x3b
 995 0064 0B       		.uleb128 0xb
 996 0065 01       		.uleb128 0x1
 997 0066 13       		.uleb128 0x13
 998 0067 00       		.byte	0
 999 0068 00       		.byte	0
 1000 0069 0A       		.uleb128 0xa
 1001 006a 0D       		.uleb128 0xd
 1002 006b 00       		.byte	0
ARM GAS  /tmp/ccY0tucO.s 			page 19


 1003 006c 03       		.uleb128 0x3
 1004 006d 0E       		.uleb128 0xe
 1005 006e 3A       		.uleb128 0x3a
 1006 006f 0B       		.uleb128 0xb
 1007 0070 3B       		.uleb128 0x3b
 1008 0071 0B       		.uleb128 0xb
 1009 0072 49       		.uleb128 0x49
 1010 0073 13       		.uleb128 0x13
 1011 0074 38       		.uleb128 0x38
 1012 0075 0A       		.uleb128 0xa
 1013 0076 00       		.byte	0
 1014 0077 00       		.byte	0
 1015 0078 0B       		.uleb128 0xb
 1016 0079 13       		.uleb128 0x13
 1017 007a 01       		.byte	0x1
 1018 007b 0B       		.uleb128 0xb
 1019 007c 0B       		.uleb128 0xb
 1020 007d 3A       		.uleb128 0x3a
 1021 007e 0B       		.uleb128 0xb
 1022 007f 3B       		.uleb128 0x3b
 1023 0080 0B       		.uleb128 0xb
 1024 0081 01       		.uleb128 0x1
 1025 0082 13       		.uleb128 0x13
 1026 0083 00       		.byte	0
 1027 0084 00       		.byte	0
 1028 0085 0C       		.uleb128 0xc
 1029 0086 26       		.uleb128 0x26
 1030 0087 00       		.byte	0
 1031 0088 49       		.uleb128 0x49
 1032 0089 13       		.uleb128 0x13
 1033 008a 00       		.byte	0
 1034 008b 00       		.byte	0
 1035 008c 0D       		.uleb128 0xd
 1036 008d 2E       		.uleb128 0x2e
 1037 008e 01       		.byte	0x1
 1038 008f 3F       		.uleb128 0x3f
 1039 0090 0C       		.uleb128 0xc
 1040 0091 03       		.uleb128 0x3
 1041 0092 0E       		.uleb128 0xe
 1042 0093 3A       		.uleb128 0x3a
 1043 0094 0B       		.uleb128 0xb
 1044 0095 3B       		.uleb128 0x3b
 1045 0096 0B       		.uleb128 0xb
 1046 0097 27       		.uleb128 0x27
 1047 0098 0C       		.uleb128 0xc
 1048 0099 11       		.uleb128 0x11
 1049 009a 01       		.uleb128 0x1
 1050 009b 12       		.uleb128 0x12
 1051 009c 01       		.uleb128 0x1
 1052 009d 40       		.uleb128 0x40
 1053 009e 06       		.uleb128 0x6
 1054 009f 9742     		.uleb128 0x2117
 1055 00a1 0C       		.uleb128 0xc
 1056 00a2 01       		.uleb128 0x1
 1057 00a3 13       		.uleb128 0x13
 1058 00a4 00       		.byte	0
 1059 00a5 00       		.byte	0
ARM GAS  /tmp/ccY0tucO.s 			page 20


 1060 00a6 0E       		.uleb128 0xe
 1061 00a7 05       		.uleb128 0x5
 1062 00a8 00       		.byte	0
 1063 00a9 03       		.uleb128 0x3
 1064 00aa 08       		.uleb128 0x8
 1065 00ab 3A       		.uleb128 0x3a
 1066 00ac 0B       		.uleb128 0xb
 1067 00ad 3B       		.uleb128 0x3b
 1068 00ae 0B       		.uleb128 0xb
 1069 00af 49       		.uleb128 0x49
 1070 00b0 13       		.uleb128 0x13
 1071 00b1 02       		.uleb128 0x2
 1072 00b2 06       		.uleb128 0x6
 1073 00b3 00       		.byte	0
 1074 00b4 00       		.byte	0
 1075 00b5 0F       		.uleb128 0xf
 1076 00b6 05       		.uleb128 0x5
 1077 00b7 00       		.byte	0
 1078 00b8 03       		.uleb128 0x3
 1079 00b9 0E       		.uleb128 0xe
 1080 00ba 3A       		.uleb128 0x3a
 1081 00bb 0B       		.uleb128 0xb
 1082 00bc 3B       		.uleb128 0x3b
 1083 00bd 0B       		.uleb128 0xb
 1084 00be 49       		.uleb128 0x49
 1085 00bf 13       		.uleb128 0x13
 1086 00c0 02       		.uleb128 0x2
 1087 00c1 06       		.uleb128 0x6
 1088 00c2 00       		.byte	0
 1089 00c3 00       		.byte	0
 1090 00c4 10       		.uleb128 0x10
 1091 00c5 898201   		.uleb128 0x4109
 1092 00c8 01       		.byte	0x1
 1093 00c9 11       		.uleb128 0x11
 1094 00ca 01       		.uleb128 0x1
 1095 00cb 31       		.uleb128 0x31
 1096 00cc 13       		.uleb128 0x13
 1097 00cd 00       		.byte	0
 1098 00ce 00       		.byte	0
 1099 00cf 11       		.uleb128 0x11
 1100 00d0 8A8201   		.uleb128 0x410a
 1101 00d3 00       		.byte	0
 1102 00d4 02       		.uleb128 0x2
 1103 00d5 0A       		.uleb128 0xa
 1104 00d6 9142     		.uleb128 0x2111
 1105 00d8 0A       		.uleb128 0xa
 1106 00d9 00       		.byte	0
 1107 00da 00       		.byte	0
 1108 00db 12       		.uleb128 0x12
 1109 00dc 2E       		.uleb128 0x2e
 1110 00dd 01       		.byte	0x1
 1111 00de 3F       		.uleb128 0x3f
 1112 00df 0C       		.uleb128 0xc
 1113 00e0 03       		.uleb128 0x3
 1114 00e1 0E       		.uleb128 0xe
 1115 00e2 3A       		.uleb128 0x3a
 1116 00e3 0B       		.uleb128 0xb
ARM GAS  /tmp/ccY0tucO.s 			page 21


 1117 00e4 3B       		.uleb128 0x3b
 1118 00e5 0B       		.uleb128 0xb
 1119 00e6 27       		.uleb128 0x27
 1120 00e7 0C       		.uleb128 0xc
 1121 00e8 49       		.uleb128 0x49
 1122 00e9 13       		.uleb128 0x13
 1123 00ea 11       		.uleb128 0x11
 1124 00eb 01       		.uleb128 0x1
 1125 00ec 12       		.uleb128 0x12
 1126 00ed 01       		.uleb128 0x1
 1127 00ee 40       		.uleb128 0x40
 1128 00ef 06       		.uleb128 0x6
 1129 00f0 9642     		.uleb128 0x2116
 1130 00f2 0C       		.uleb128 0xc
 1131 00f3 01       		.uleb128 0x1
 1132 00f4 13       		.uleb128 0x13
 1133 00f5 00       		.byte	0
 1134 00f6 00       		.byte	0
 1135 00f7 13       		.uleb128 0x13
 1136 00f8 34       		.uleb128 0x34
 1137 00f9 00       		.byte	0
 1138 00fa 03       		.uleb128 0x3
 1139 00fb 0E       		.uleb128 0xe
 1140 00fc 3A       		.uleb128 0x3a
 1141 00fd 0B       		.uleb128 0xb
 1142 00fe 3B       		.uleb128 0x3b
 1143 00ff 0B       		.uleb128 0xb
 1144 0100 49       		.uleb128 0x49
 1145 0101 13       		.uleb128 0x13
 1146 0102 02       		.uleb128 0x2
 1147 0103 06       		.uleb128 0x6
 1148 0104 00       		.byte	0
 1149 0105 00       		.byte	0
 1150 0106 14       		.uleb128 0x14
 1151 0107 898201   		.uleb128 0x4109
 1152 010a 00       		.byte	0
 1153 010b 11       		.uleb128 0x11
 1154 010c 01       		.uleb128 0x1
 1155 010d 31       		.uleb128 0x31
 1156 010e 13       		.uleb128 0x13
 1157 010f 00       		.byte	0
 1158 0110 00       		.byte	0
 1159 0111 15       		.uleb128 0x15
 1160 0112 2E       		.uleb128 0x2e
 1161 0113 01       		.byte	0x1
 1162 0114 3F       		.uleb128 0x3f
 1163 0115 0C       		.uleb128 0xc
 1164 0116 03       		.uleb128 0x3
 1165 0117 0E       		.uleb128 0xe
 1166 0118 3A       		.uleb128 0x3a
 1167 0119 0B       		.uleb128 0xb
 1168 011a 3B       		.uleb128 0x3b
 1169 011b 0B       		.uleb128 0xb
 1170 011c 27       		.uleb128 0x27
 1171 011d 0C       		.uleb128 0xc
 1172 011e 49       		.uleb128 0x49
 1173 011f 13       		.uleb128 0x13
ARM GAS  /tmp/ccY0tucO.s 			page 22


 1174 0120 11       		.uleb128 0x11
 1175 0121 01       		.uleb128 0x1
 1176 0122 12       		.uleb128 0x12
 1177 0123 01       		.uleb128 0x1
 1178 0124 40       		.uleb128 0x40
 1179 0125 06       		.uleb128 0x6
 1180 0126 9742     		.uleb128 0x2117
 1181 0128 0C       		.uleb128 0xc
 1182 0129 01       		.uleb128 0x1
 1183 012a 13       		.uleb128 0x13
 1184 012b 00       		.byte	0
 1185 012c 00       		.byte	0
 1186 012d 16       		.uleb128 0x16
 1187 012e 0B       		.uleb128 0xb
 1188 012f 01       		.byte	0x1
 1189 0130 55       		.uleb128 0x55
 1190 0131 06       		.uleb128 0x6
 1191 0132 01       		.uleb128 0x1
 1192 0133 13       		.uleb128 0x13
 1193 0134 00       		.byte	0
 1194 0135 00       		.byte	0
 1195 0136 17       		.uleb128 0x17
 1196 0137 34       		.uleb128 0x34
 1197 0138 00       		.byte	0
 1198 0139 03       		.uleb128 0x3
 1199 013a 08       		.uleb128 0x8
 1200 013b 3A       		.uleb128 0x3a
 1201 013c 0B       		.uleb128 0xb
 1202 013d 3B       		.uleb128 0x3b
 1203 013e 0B       		.uleb128 0xb
 1204 013f 49       		.uleb128 0x49
 1205 0140 13       		.uleb128 0x13
 1206 0141 02       		.uleb128 0x2
 1207 0142 06       		.uleb128 0x6
 1208 0143 00       		.byte	0
 1209 0144 00       		.byte	0
 1210 0145 18       		.uleb128 0x18
 1211 0146 0B       		.uleb128 0xb
 1212 0147 01       		.byte	0x1
 1213 0148 11       		.uleb128 0x11
 1214 0149 01       		.uleb128 0x1
 1215 014a 12       		.uleb128 0x12
 1216 014b 01       		.uleb128 0x1
 1217 014c 01       		.uleb128 0x1
 1218 014d 13       		.uleb128 0x13
 1219 014e 00       		.byte	0
 1220 014f 00       		.byte	0
 1221 0150 19       		.uleb128 0x19
 1222 0151 898201   		.uleb128 0x4109
 1223 0154 01       		.byte	0x1
 1224 0155 11       		.uleb128 0x11
 1225 0156 01       		.uleb128 0x1
 1226 0157 31       		.uleb128 0x31
 1227 0158 13       		.uleb128 0x13
 1228 0159 01       		.uleb128 0x1
 1229 015a 13       		.uleb128 0x13
 1230 015b 00       		.byte	0
ARM GAS  /tmp/ccY0tucO.s 			page 23


 1231 015c 00       		.byte	0
 1232 015d 1A       		.uleb128 0x1a
 1233 015e 2E       		.uleb128 0x2e
 1234 015f 01       		.byte	0x1
 1235 0160 3F       		.uleb128 0x3f
 1236 0161 0C       		.uleb128 0xc
 1237 0162 03       		.uleb128 0x3
 1238 0163 0E       		.uleb128 0xe
 1239 0164 3A       		.uleb128 0x3a
 1240 0165 0B       		.uleb128 0xb
 1241 0166 3B       		.uleb128 0x3b
 1242 0167 0B       		.uleb128 0xb
 1243 0168 27       		.uleb128 0x27
 1244 0169 0C       		.uleb128 0xc
 1245 016a 3C       		.uleb128 0x3c
 1246 016b 0C       		.uleb128 0xc
 1247 016c 01       		.uleb128 0x1
 1248 016d 13       		.uleb128 0x13
 1249 016e 00       		.byte	0
 1250 016f 00       		.byte	0
 1251 0170 1B       		.uleb128 0x1b
 1252 0171 2E       		.uleb128 0x2e
 1253 0172 00       		.byte	0
 1254 0173 3F       		.uleb128 0x3f
 1255 0174 0C       		.uleb128 0xc
 1256 0175 03       		.uleb128 0x3
 1257 0176 0E       		.uleb128 0xe
 1258 0177 3A       		.uleb128 0x3a
 1259 0178 0B       		.uleb128 0xb
 1260 0179 3B       		.uleb128 0x3b
 1261 017a 0B       		.uleb128 0xb
 1262 017b 27       		.uleb128 0x27
 1263 017c 0C       		.uleb128 0xc
 1264 017d 3C       		.uleb128 0x3c
 1265 017e 0C       		.uleb128 0xc
 1266 017f 00       		.byte	0
 1267 0180 00       		.byte	0
 1268 0181 00       		.byte	0
 1269              		.section	.debug_loc,"",%progbits
 1270              	.Ldebug_loc0:
 1271              	.LLST0:
 1272 0000 00000000 		.4byte	.LFB7
 1273 0004 08000000 		.4byte	.LCFI0
 1274 0008 0200     		.2byte	0x2
 1275 000a 7D       		.byte	0x7d
 1276 000b 00       		.sleb128 0
 1277 000c 08000000 		.4byte	.LCFI0
 1278 0010 24000000 		.4byte	.LFE7
 1279 0014 0200     		.2byte	0x2
 1280 0016 7D       		.byte	0x7d
 1281 0017 10       		.sleb128 16
 1282 0018 00000000 		.4byte	0
 1283 001c 00000000 		.4byte	0
 1284              	.LLST1:
 1285 0020 00000000 		.4byte	.LVL0
 1286 0024 12000000 		.4byte	.LVL1
 1287 0028 0100     		.2byte	0x1
ARM GAS  /tmp/ccY0tucO.s 			page 24


 1288 002a 50       		.byte	0x50
 1289 002b 12000000 		.4byte	.LVL1
 1290 002f 24000000 		.4byte	.LFE7
 1291 0033 0100     		.2byte	0x1
 1292 0035 54       		.byte	0x54
 1293 0036 00000000 		.4byte	0
 1294 003a 00000000 		.4byte	0
 1295              	.LLST2:
 1296 003e 00000000 		.4byte	.LVL0
 1297 0042 15000000 		.4byte	.LVL2-1
 1298 0046 0100     		.2byte	0x1
 1299 0048 51       		.byte	0x51
 1300 0049 15000000 		.4byte	.LVL2-1
 1301 004d 24000000 		.4byte	.LFE7
 1302 0051 0100     		.2byte	0x1
 1303 0053 55       		.byte	0x55
 1304 0054 00000000 		.4byte	0
 1305 0058 00000000 		.4byte	0
 1306              	.LLST3:
 1307 005c 00000000 		.4byte	.LVL0
 1308 0060 15000000 		.4byte	.LVL2-1
 1309 0064 0100     		.2byte	0x1
 1310 0066 52       		.byte	0x52
 1311 0067 15000000 		.4byte	.LVL2-1
 1312 006b 24000000 		.4byte	.LFE7
 1313 006f 0100     		.2byte	0x1
 1314 0071 56       		.byte	0x56
 1315 0072 00000000 		.4byte	0
 1316 0076 00000000 		.4byte	0
 1317              	.LLST4:
 1318 007a 00000000 		.4byte	.LFB9
 1319 007e 02000000 		.4byte	.LCFI1
 1320 0082 0200     		.2byte	0x2
 1321 0084 7D       		.byte	0x7d
 1322 0085 00       		.sleb128 0
 1323 0086 02000000 		.4byte	.LCFI1
 1324 008a 2C000000 		.4byte	.LFE9
 1325 008e 0200     		.2byte	0x2
 1326 0090 7D       		.byte	0x7d
 1327 0091 08       		.sleb128 8
 1328 0092 00000000 		.4byte	0
 1329 0096 00000000 		.4byte	0
 1330              	.LLST5:
 1331 009a 00000000 		.4byte	.LVL3
 1332 009e 07000000 		.4byte	.LVL4-1
 1333 00a2 0100     		.2byte	0x1
 1334 00a4 50       		.byte	0x50
 1335 00a5 07000000 		.4byte	.LVL4-1
 1336 00a9 2C000000 		.4byte	.LFE9
 1337 00ad 0100     		.2byte	0x1
 1338 00af 54       		.byte	0x54
 1339 00b0 00000000 		.4byte	0
 1340 00b4 00000000 		.4byte	0
 1341              	.LLST6:
 1342 00b8 0C000000 		.4byte	.LVL5
 1343 00bc 1A000000 		.4byte	.LVL6
 1344 00c0 0100     		.2byte	0x1
ARM GAS  /tmp/ccY0tucO.s 			page 25


 1345 00c2 50       		.byte	0x50
 1346 00c3 1A000000 		.4byte	.LVL6
 1347 00c7 1B000000 		.4byte	.LVL7-1
 1348 00cb 0200     		.2byte	0x2
 1349 00cd 74       		.byte	0x74
 1350 00ce 00       		.sleb128 0
 1351 00cf 1C000000 		.4byte	.LVL7
 1352 00d3 1E000000 		.4byte	.LVL8
 1353 00d7 0100     		.2byte	0x1
 1354 00d9 50       		.byte	0x50
 1355 00da 00000000 		.4byte	0
 1356 00de 00000000 		.4byte	0
 1357              	.LLST7:
 1358 00e2 00000000 		.4byte	.LFB10
 1359 00e6 02000000 		.4byte	.LCFI2
 1360 00ea 0200     		.2byte	0x2
 1361 00ec 7D       		.byte	0x7d
 1362 00ed 00       		.sleb128 0
 1363 00ee 02000000 		.4byte	.LCFI2
 1364 00f2 24000000 		.4byte	.LFE10
 1365 00f6 0200     		.2byte	0x2
 1366 00f8 7D       		.byte	0x7d
 1367 00f9 08       		.sleb128 8
 1368 00fa 00000000 		.4byte	0
 1369 00fe 00000000 		.4byte	0
 1370              	.LLST8:
 1371 0102 00000000 		.4byte	.LVL10
 1372 0106 0D000000 		.4byte	.LVL13-1
 1373 010a 0100     		.2byte	0x1
 1374 010c 50       		.byte	0x50
 1375 010d 0D000000 		.4byte	.LVL13-1
 1376 0111 16000000 		.4byte	.LVL15
 1377 0115 0100     		.2byte	0x1
 1378 0117 54       		.byte	0x54
 1379 0118 16000000 		.4byte	.LVL15
 1380 011c 24000000 		.4byte	.LFE10
 1381 0120 0400     		.2byte	0x4
 1382 0122 F3       		.byte	0xf3
 1383 0123 01       		.uleb128 0x1
 1384 0124 50       		.byte	0x50
 1385 0125 9F       		.byte	0x9f
 1386 0126 00000000 		.4byte	0
 1387 012a 00000000 		.4byte	0
 1388              	.LLST9:
 1389 012e 16000000 		.4byte	.LVL15
 1390 0132 19000000 		.4byte	.LVL16-1
 1391 0136 0100     		.2byte	0x1
 1392 0138 50       		.byte	0x50
 1393 0139 19000000 		.4byte	.LVL16-1
 1394 013d 24000000 		.4byte	.LFE10
 1395 0141 0100     		.2byte	0x1
 1396 0143 54       		.byte	0x54
 1397 0144 00000000 		.4byte	0
 1398 0148 00000000 		.4byte	0
 1399              	.LLST10:
 1400 014c 0A000000 		.4byte	.LVL12
 1401 0150 0D000000 		.4byte	.LVL13-1
ARM GAS  /tmp/ccY0tucO.s 			page 26


 1402 0154 0100     		.2byte	0x1
 1403 0156 53       		.byte	0x53
 1404 0157 00000000 		.4byte	0
 1405 015b 00000000 		.4byte	0
 1406              	.LLST11:
 1407 015f 20000000 		.4byte	.LVL18
 1408 0163 24000000 		.4byte	.LFE10
 1409 0167 0100     		.2byte	0x1
 1410 0169 53       		.byte	0x53
 1411 016a 00000000 		.4byte	0
 1412 016e 00000000 		.4byte	0
 1413              	.LLST12:
 1414 0172 00000000 		.4byte	.LFB11
 1415 0176 02000000 		.4byte	.LCFI3
 1416 017a 0200     		.2byte	0x2
 1417 017c 7D       		.byte	0x7d
 1418 017d 00       		.sleb128 0
 1419 017e 02000000 		.4byte	.LCFI3
 1420 0182 24000000 		.4byte	.LFE11
 1421 0186 0200     		.2byte	0x2
 1422 0188 7D       		.byte	0x7d
 1423 0189 10       		.sleb128 16
 1424 018a 00000000 		.4byte	0
 1425 018e 00000000 		.4byte	0
 1426              	.LLST13:
 1427 0192 00000000 		.4byte	.LVL19
 1428 0196 09000000 		.4byte	.LVL21-1
 1429 019a 0100     		.2byte	0x1
 1430 019c 50       		.byte	0x50
 1431 019d 09000000 		.4byte	.LVL21-1
 1432 01a1 24000000 		.4byte	.LFE11
 1433 01a5 0100     		.2byte	0x1
 1434 01a7 54       		.byte	0x54
 1435 01a8 00000000 		.4byte	0
 1436 01ac 00000000 		.4byte	0
 1437              	.LLST14:
 1438 01b0 00000000 		.4byte	.LVL19
 1439 01b4 09000000 		.4byte	.LVL21-1
 1440 01b8 0100     		.2byte	0x1
 1441 01ba 51       		.byte	0x51
 1442 01bb 09000000 		.4byte	.LVL21-1
 1443 01bf 24000000 		.4byte	.LFE11
 1444 01c3 0100     		.2byte	0x1
 1445 01c5 55       		.byte	0x55
 1446 01c6 00000000 		.4byte	0
 1447 01ca 00000000 		.4byte	0
 1448              	.LLST15:
 1449 01ce 06000000 		.4byte	.LVL20
 1450 01d2 09000000 		.4byte	.LVL21-1
 1451 01d6 0100     		.2byte	0x1
 1452 01d8 51       		.byte	0x51
 1453 01d9 09000000 		.4byte	.LVL21-1
 1454 01dd 24000000 		.4byte	.LFE11
 1455 01e1 0100     		.2byte	0x1
 1456 01e3 55       		.byte	0x55
 1457 01e4 00000000 		.4byte	0
 1458 01e8 00000000 		.4byte	0
ARM GAS  /tmp/ccY0tucO.s 			page 27


 1459              	.LLST16:
 1460 01ec 00000000 		.4byte	.LFB12
 1461 01f0 02000000 		.4byte	.LCFI4
 1462 01f4 0200     		.2byte	0x2
 1463 01f6 7D       		.byte	0x7d
 1464 01f7 00       		.sleb128 0
 1465 01f8 02000000 		.4byte	.LCFI4
 1466 01fc 24000000 		.4byte	.LFE12
 1467 0200 0200     		.2byte	0x2
 1468 0202 7D       		.byte	0x7d
 1469 0203 10       		.sleb128 16
 1470 0204 00000000 		.4byte	0
 1471 0208 00000000 		.4byte	0
 1472              	.LLST17:
 1473 020c 00000000 		.4byte	.LVL23
 1474 0210 0F000000 		.4byte	.LVL26-1
 1475 0214 0100     		.2byte	0x1
 1476 0216 50       		.byte	0x50
 1477 0217 0F000000 		.4byte	.LVL26-1
 1478 021b 24000000 		.4byte	.LFE12
 1479 021f 0100     		.2byte	0x1
 1480 0221 55       		.byte	0x55
 1481 0222 00000000 		.4byte	0
 1482 0226 00000000 		.4byte	0
 1483              	.LLST18:
 1484 022a 00000000 		.4byte	.LVL23
 1485 022e 0F000000 		.4byte	.LVL26-1
 1486 0232 0100     		.2byte	0x1
 1487 0234 51       		.byte	0x51
 1488 0235 0F000000 		.4byte	.LVL26-1
 1489 0239 24000000 		.4byte	.LFE12
 1490 023d 0100     		.2byte	0x1
 1491 023f 54       		.byte	0x54
 1492 0240 00000000 		.4byte	0
 1493 0244 00000000 		.4byte	0
 1494              	.LLST19:
 1495 0248 0C000000 		.4byte	.LVL25
 1496 024c 0F000000 		.4byte	.LVL26-1
 1497 0250 0100     		.2byte	0x1
 1498 0252 53       		.byte	0x53
 1499 0253 00000000 		.4byte	0
 1500 0257 00000000 		.4byte	0
 1501              	.LLST20:
 1502 025b 22000000 		.4byte	.LVL30
 1503 025f 24000000 		.4byte	.LFE12
 1504 0263 0100     		.2byte	0x1
 1505 0265 53       		.byte	0x53
 1506 0266 00000000 		.4byte	0
 1507 026a 00000000 		.4byte	0
 1508              	.LLST21:
 1509 026e 00000000 		.4byte	.LFB8
 1510 0272 08000000 		.4byte	.LCFI5
 1511 0276 0200     		.2byte	0x2
 1512 0278 7D       		.byte	0x7d
 1513 0279 00       		.sleb128 0
 1514 027a 08000000 		.4byte	.LCFI5
 1515 027e 34000000 		.4byte	.LFE8
ARM GAS  /tmp/ccY0tucO.s 			page 28


 1516 0282 0200     		.2byte	0x2
 1517 0284 7D       		.byte	0x7d
 1518 0285 10       		.sleb128 16
 1519 0286 00000000 		.4byte	0
 1520 028a 00000000 		.4byte	0
 1521              	.LLST22:
 1522 028e 00000000 		.4byte	.LVL31
 1523 0292 10000000 		.4byte	.LVL32
 1524 0296 0100     		.2byte	0x1
 1525 0298 50       		.byte	0x50
 1526 0299 10000000 		.4byte	.LVL32
 1527 029d 22000000 		.4byte	.LVL35
 1528 02a1 0100     		.2byte	0x1
 1529 02a3 56       		.byte	0x56
 1530 02a4 22000000 		.4byte	.LVL35
 1531 02a8 24000000 		.4byte	.LVL36
 1532 02ac 0100     		.2byte	0x1
 1533 02ae 50       		.byte	0x50
 1534 02af 24000000 		.4byte	.LVL36
 1535 02b3 34000000 		.4byte	.LFE8
 1536 02b7 0100     		.2byte	0x1
 1537 02b9 56       		.byte	0x56
 1538 02ba 00000000 		.4byte	0
 1539 02be 00000000 		.4byte	0
 1540              	.LLST23:
 1541 02c2 00000000 		.4byte	.LVL31
 1542 02c6 10000000 		.4byte	.LVL32
 1543 02ca 0100     		.2byte	0x1
 1544 02cc 51       		.byte	0x51
 1545 02cd 10000000 		.4byte	.LVL32
 1546 02d1 22000000 		.4byte	.LVL35
 1547 02d5 0100     		.2byte	0x1
 1548 02d7 55       		.byte	0x55
 1549 02d8 22000000 		.4byte	.LVL35
 1550 02dc 27000000 		.4byte	.LVL37-1
 1551 02e0 0100     		.2byte	0x1
 1552 02e2 51       		.byte	0x51
 1553 02e3 27000000 		.4byte	.LVL37-1
 1554 02e7 34000000 		.4byte	.LFE8
 1555 02eb 0100     		.2byte	0x1
 1556 02ed 55       		.byte	0x55
 1557 02ee 00000000 		.4byte	0
 1558 02f2 00000000 		.4byte	0
 1559              	.LLST24:
 1560 02f6 00000000 		.4byte	.LVL31
 1561 02fa 10000000 		.4byte	.LVL32
 1562 02fe 0100     		.2byte	0x1
 1563 0300 52       		.byte	0x52
 1564 0301 22000000 		.4byte	.LVL35
 1565 0305 27000000 		.4byte	.LVL37-1
 1566 0309 0100     		.2byte	0x1
 1567 030b 52       		.byte	0x52
 1568 030c 27000000 		.4byte	.LVL37-1
 1569 0310 34000000 		.4byte	.LFE8
 1570 0314 0100     		.2byte	0x1
 1571 0316 54       		.byte	0x54
 1572 0317 00000000 		.4byte	0
ARM GAS  /tmp/ccY0tucO.s 			page 29


 1573 031b 00000000 		.4byte	0
 1574              		.section	.debug_aranges,"",%progbits
 1575 0000 44000000 		.4byte	0x44
 1576 0004 0200     		.2byte	0x2
 1577 0006 00000000 		.4byte	.Ldebug_info0
 1578 000a 04       		.byte	0x4
 1579 000b 00       		.byte	0
 1580 000c 0000     		.2byte	0
 1581 000e 0000     		.2byte	0
 1582 0010 00000000 		.4byte	.LFB7
 1583 0014 24000000 		.4byte	.LFE7-.LFB7
 1584 0018 00000000 		.4byte	.LFB9
 1585 001c 2C000000 		.4byte	.LFE9-.LFB9
 1586 0020 00000000 		.4byte	.LFB10
 1587 0024 24000000 		.4byte	.LFE10-.LFB10
 1588 0028 00000000 		.4byte	.LFB11
 1589 002c 24000000 		.4byte	.LFE11-.LFB11
 1590 0030 00000000 		.4byte	.LFB12
 1591 0034 24000000 		.4byte	.LFE12-.LFB12
 1592 0038 00000000 		.4byte	.LFB8
 1593 003c 34000000 		.4byte	.LFE8-.LFB8
 1594 0040 00000000 		.4byte	0
 1595 0044 00000000 		.4byte	0
 1596              		.section	.debug_ranges,"",%progbits
 1597              	.Ldebug_ranges0:
 1598 0000 02000000 		.4byte	.LBB2
 1599 0004 04000000 		.4byte	.LBE2
 1600 0008 06000000 		.4byte	.LBB3
 1601 000c 0A000000 		.4byte	.LBE3
 1602 0010 00000000 		.4byte	0
 1603 0014 00000000 		.4byte	0
 1604 0018 00000000 		.4byte	.LFB7
 1605 001c 24000000 		.4byte	.LFE7
 1606 0020 00000000 		.4byte	.LFB9
 1607 0024 2C000000 		.4byte	.LFE9
 1608 0028 00000000 		.4byte	.LFB10
 1609 002c 24000000 		.4byte	.LFE10
 1610 0030 00000000 		.4byte	.LFB11
 1611 0034 24000000 		.4byte	.LFE11
 1612 0038 00000000 		.4byte	.LFB12
 1613 003c 24000000 		.4byte	.LFE12
 1614 0040 00000000 		.4byte	.LFB8
 1615 0044 34000000 		.4byte	.LFE8
 1616 0048 00000000 		.4byte	0
 1617 004c 00000000 		.4byte	0
 1618              		.section	.debug_line,"",%progbits
 1619              	.Ldebug_line0:
 1620 0000 14020000 		.section	.debug_str,"MS",%progbits,1
 1620      02006701 
 1620      00000201 
 1620      FB0E0D00 
 1620      01010101 
 1621              	.LASF33:
 1622 0000 474E5520 		.ascii	"GNU C 4.7.2\000"
 1622      4320342E 
 1622      372E3200 
 1623              	.LASF2:
ARM GAS  /tmp/ccY0tucO.s 			page 30


 1624 000c 73697A65 		.ascii	"size_t\000"
 1624      5F7400
 1625              	.LASF35:
 1626 0013 2F686F6D 		.ascii	"/home/rob/Projects/stm32/src/rocket_tracks\000"
 1626      652F726F 
 1626      622F5072 
 1626      6F6A6563 
 1626      74732F73 
 1627              	.LASF32:
 1628 003e 6462675F 		.ascii	"dbg_check_unlock\000"
 1628      63686563 
 1628      6B5F756E 
 1628      6C6F636B 
 1628      00
 1629              	.LASF17:
 1630 004f 6D705F6F 		.ascii	"mp_object_size\000"
 1630      626A6563 
 1630      745F7369 
 1630      7A6500
 1631              	.LASF3:
 1632 005e 75696E74 		.ascii	"uint8_t\000"
 1632      385F7400 
 1633              	.LASF30:
 1634 0066 63684462 		.ascii	"chDbgCheckClassI\000"
 1634      67436865 
 1634      636B436C 
 1634      61737349 
 1634      00
 1635              	.LASF29:
 1636 0077 6368506F 		.ascii	"chPoolLoadArray\000"
 1636      6F6C4C6F 
 1636      61644172 
 1636      72617900 
 1637              	.LASF36:
 1638 0087 706F6F6C 		.ascii	"pool_header\000"
 1638      5F686561 
 1638      64657200 
 1639              	.LASF31:
 1640 0093 6462675F 		.ascii	"dbg_check_lock\000"
 1640      63686563 
 1640      6B5F6C6F 
 1640      636B00
 1641              	.LASF21:
 1642 00a2 73697A65 		.ascii	"size\000"
 1642      00
 1643              	.LASF9:
 1644 00a7 6C6F6E67 		.ascii	"long unsigned int\000"
 1644      20756E73 
 1644      69676E65 
 1644      6420696E 
 1644      7400
 1645              	.LASF6:
 1646 00b9 73686F72 		.ascii	"short unsigned int\000"
 1646      7420756E 
 1646      7369676E 
 1646      65642069 
 1646      6E7400
ARM GAS  /tmp/ccY0tucO.s 			page 31


 1647              	.LASF22:
 1648 00cc 70726F76 		.ascii	"provider\000"
 1648      69646572 
 1648      00
 1649              	.LASF27:
 1650 00d5 6368506F 		.ascii	"chPoolFreeI\000"
 1650      6F6C4672 
 1650      65654900 
 1651              	.LASF4:
 1652 00e1 756E7369 		.ascii	"unsigned char\000"
 1652      676E6564 
 1652      20636861 
 1652      7200
 1653              	.LASF28:
 1654 00ef 6368506F 		.ascii	"chPoolFree\000"
 1654      6F6C4672 
 1654      656500
 1655              	.LASF19:
 1656 00fa 4D656D6F 		.ascii	"MemoryPool\000"
 1656      7279506F 
 1656      6F6C00
 1657              	.LASF25:
 1658 0105 6F626A70 		.ascii	"objp\000"
 1658      00
 1659              	.LASF23:
 1660 010a 6368506F 		.ascii	"chPoolAllocI\000"
 1660      6F6C416C 
 1660      6C6F6349 
 1660      00
 1661              	.LASF0:
 1662 0117 756E7369 		.ascii	"unsigned int\000"
 1662      676E6564 
 1662      20696E74 
 1662      00
 1663              	.LASF11:
 1664 0124 6C6F6E67 		.ascii	"long long unsigned int\000"
 1664      206C6F6E 
 1664      6720756E 
 1664      7369676E 
 1664      65642069 
 1665              	.LASF34:
 1666 013b 2E2E2F2E 		.ascii	"../../ChibiOS/os/kernel/src/chmempools.c\000"
 1666      2E2F4368 
 1666      6962694F 
 1666      532F6F73 
 1666      2F6B6572 
 1667              	.LASF15:
 1668 0164 70685F6E 		.ascii	"ph_next\000"
 1668      65787400 
 1669              	.LASF13:
 1670 016c 73697A65 		.ascii	"sizetype\000"
 1670      74797065 
 1670      00
 1671              	.LASF10:
 1672 0175 6C6F6E67 		.ascii	"long long int\000"
 1672      206C6F6E 
 1672      6720696E 
ARM GAS  /tmp/ccY0tucO.s 			page 32


 1672      7400
 1673              	.LASF20:
 1674 0183 63686172 		.ascii	"char\000"
 1674      00
 1675              	.LASF37:
 1676 0188 63684462 		.ascii	"chDbgPanic\000"
 1676      6750616E 
 1676      696300
 1677              	.LASF14:
 1678 0193 6D656D67 		.ascii	"memgetfunc_t\000"
 1678      65746675 
 1678      6E635F74 
 1678      00
 1679              	.LASF18:
 1680 01a0 6D705F70 		.ascii	"mp_provider\000"
 1680      726F7669 
 1680      64657200 
 1681              	.LASF5:
 1682 01ac 73686F72 		.ascii	"short int\000"
 1682      7420696E 
 1682      7400
 1683              	.LASF24:
 1684 01b6 6368506F 		.ascii	"chPoolAlloc\000"
 1684      6F6C416C 
 1684      6C6F6300 
 1685              	.LASF8:
 1686 01c2 75696E74 		.ascii	"uint32_t\000"
 1686      33325F74 
 1686      00
 1687              	.LASF7:
 1688 01cb 6C6F6E67 		.ascii	"long int\000"
 1688      20696E74 
 1688      00
 1689              	.LASF1:
 1690 01d4 7369676E 		.ascii	"signed char\000"
 1690      65642063 
 1690      68617200 
 1691              	.LASF16:
 1692 01e0 6D705F6E 		.ascii	"mp_next\000"
 1692      65787400 
 1693              	.LASF12:
 1694 01e8 5F426F6F 		.ascii	"_Bool\000"
 1694      6C00
 1695              	.LASF26:
 1696 01ee 6368506F 		.ascii	"chPoolInit\000"
 1696      6F6C496E 
 1696      697400
 1697              		.ident	"GCC: (crosstool-NG 1.17.0 - PSAS ST32F4 GFE) 4.7.2"
ARM GAS  /tmp/ccY0tucO.s 			page 33


DEFINED SYMBOLS
                            *ABS*:0000000000000000 chmempools.c
     /tmp/ccY0tucO.s:21     .text.chPoolInit:0000000000000000 $t
     /tmp/ccY0tucO.s:27     .text.chPoolInit:0000000000000000 chPoolInit
     /tmp/ccY0tucO.s:69     .text.chPoolInit:0000000000000020 $d
     /tmp/ccY0tucO.s:74     .text.chPoolAllocI:0000000000000000 $t
     /tmp/ccY0tucO.s:80     .text.chPoolAllocI:0000000000000000 chPoolAllocI
     /tmp/ccY0tucO.s:130    .text.chPoolAllocI:0000000000000028 $d
     /tmp/ccY0tucO.s:135    .text.chPoolAlloc:0000000000000000 $t
     /tmp/ccY0tucO.s:141    .text.chPoolAlloc:0000000000000000 chPoolAlloc
     /tmp/ccY0tucO.s:195    .text.chPoolFreeI:0000000000000000 $t
     /tmp/ccY0tucO.s:201    .text.chPoolFreeI:0000000000000000 chPoolFreeI
     /tmp/ccY0tucO.s:241    .text.chPoolFreeI:0000000000000020 $d
     /tmp/ccY0tucO.s:246    .text.chPoolFree:0000000000000000 $t
     /tmp/ccY0tucO.s:252    .text.chPoolFree:0000000000000000 chPoolFree
     /tmp/ccY0tucO.s:303    .text.chPoolLoadArray:0000000000000000 $t
     /tmp/ccY0tucO.s:309    .text.chPoolLoadArray:0000000000000000 chPoolLoadArray
     /tmp/ccY0tucO.s:367    .text.chPoolLoadArray:0000000000000030 $d
     /tmp/ccY0tucO.s:372    .rodata.str1.4:0000000000000000 $d
                     .debug_frame:0000000000000010 $d
     /tmp/ccY0tucO.s:73     .text.chPoolInit:0000000000000024 $t
     /tmp/ccY0tucO.s:134    .text.chPoolAllocI:000000000000002c $t
     /tmp/ccY0tucO.s:245    .text.chPoolFreeI:0000000000000024 $t
     /tmp/ccY0tucO.s:371    .text.chPoolLoadArray:0000000000000034 $t

UNDEFINED SYMBOLS
chDbgPanic
chDbgCheckClassI
dbg_check_lock
dbg_check_unlock
