ARM GAS  /tmp/cc0C8yA2.s 			page 1


   1              		.syntax unified
   2              		.cpu cortex-m4
   3              		.eabi_attribute 27, 3
   4              		.eabi_attribute 28, 1
   5              		.fpu fpv4-sp-d16
   6              		.eabi_attribute 20, 1
   7              		.eabi_attribute 21, 1
   8              		.eabi_attribute 23, 3
   9              		.eabi_attribute 24, 1
  10              		.eabi_attribute 25, 1
  11              		.eabi_attribute 26, 1
  12              		.eabi_attribute 30, 2
  13              		.eabi_attribute 34, 1
  14              		.eabi_attribute 18, 4
  15              		.thumb
  16              		.file	"chprintf.c"
  17              		.text
  18              	.Ltext0:
  19              		.cfi_sections	.debug_frame
  20              		.section	.text.long_to_string_with_divisor.constprop.0,"ax",%progbits
  21              		.align	2
  22              		.p2align 4,,15
  23              		.thumb
  24              		.thumb_func
  25              		.type	long_to_string_with_divisor.constprop.0, %function
  26              	long_to_string_with_divisor.constprop.0:
  27              	.LFB10:
  28              		.file 1 "../../ChibiOS/os/various/chprintf.c"
  29              		.loc 1 40 0
  30              		.cfi_startproc
  31              		@ args = 0, pretend = 0, frame = 0
  32              		@ frame_needed = 0, uses_anonymous_args = 0
  33              		@ link register save eliminated.
  34              	.LVL0:
  35 0000 F0B4     		push	{r4, r5, r6, r7}
  36              	.LCFI0:
  37              		.cfi_def_cfa_offset 16
  38              		.cfi_offset 4, -16
  39              		.cfi_offset 5, -12
  40              		.cfi_offset 6, -8
  41              		.cfi_offset 7, -4
  42              		.loc 1 55 0
  43 0002 00F10B0C 		add	ip, r0, #11
  44              	.LVL1:
  45              		.loc 1 40 0
  46 0006 00F10A05 		add	r5, r0, #10
  47 000a 0C46     		mov	r4, r1
  48              	.LVL2:
  49              	.L3:
  50              		.loc 1 57 0
  51 000c B1FBF2F6 		udiv	r6, r1, r2
  52 0010 02FB1611 		mls	r1, r2, r6, r1
  53              	.LVL3:
  54              		.loc 1 58 0
  55 0014 01F13003 		add	r3, r1, #48
  56              	.LVL4:
  57              		.loc 1 59 0
ARM GAS  /tmp/cc0C8yA2.s 			page 2


  58 0018 392B     		cmp	r3, #57
  59              		.loc 1 60 0
  60 001a C8BF     		it	gt
  61 001c 01F13703 		addgt	r3, r1, #55
  62              	.LVL5:
  63              		.loc 1 61 0
  64 0020 DBB2     		uxtb	r3, r3
  65              	.LVL6:
  66              		.loc 1 63 0
  67 0022 B4FBF2F4 		udiv	r4, r4, r2
  68              	.LVL7:
  69              		.loc 1 61 0
  70 0026 2F46     		mov	r7, r5
  71              	.LVL8:
  72              		.loc 1 62 0
  73 0028 3146     		mov	r1, r6
  74              	.LVL9:
  75              		.loc 1 61 0
  76 002a 05F80139 		strb	r3, [r5], #-1
  77              	.LVL10:
  78              		.loc 1 63 0
  79 002e 002C     		cmp	r4, #0
  80 0030 ECD1     		bne	.L3
  81              	.LVL11:
  82              		.loc 1 65 0
  83 0032 C7EB0C01 		rsb	r1, r7, ip
  84              	.LVL12:
  85 0036 3A46     		mov	r2, r7
  86              	.LVL13:
  87              		.loc 1 40 0
  88 0038 4118     		adds	r1, r0, r1
  89              	.LVL14:
  90 003a 01E0     		b	.L5
  91              	.LVL15:
  92              	.L9:
  93 003c 12F8013F 		ldrb	r3, [r2, #1]!	@ zero_extendqisi2
  94              	.L5:
  95              		.loc 1 67 0
  96 0040 00F8013B 		strb	r3, [r0], #1
  97              	.LVL16:
  98              		.loc 1 68 0
  99 0044 8842     		cmp	r0, r1
 100 0046 F9D1     		bne	.L9
 101              		.loc 1 71 0
 102 0048 F0BC     		pop	{r4, r5, r6, r7}
 103 004a 7047     		bx	lr
 104              		.cfi_endproc
 105              	.LFE10:
 106              		.size	long_to_string_with_divisor.constprop.0, .-long_to_string_with_divisor.constprop.0
 107 004c AFF30080 		.section	.text.chprintf,"ax",%progbits
 108              		.align	2
 109              		.p2align 4,,15
 110              		.global	chprintf
 111              		.thumb
 112              		.thumb_func
 113              		.type	chprintf, %function
 114              	chprintf:
ARM GAS  /tmp/cc0C8yA2.s 			page 3


 115              	.LFB9:
 116              		.loc 1 112 0
 117              		.cfi_startproc
 118              		@ args = 4, pretend = 12, frame = 24
 119              		@ frame_needed = 0, uses_anonymous_args = 1
 120              	.LVL17:
 121 0000 0EB4     		push	{r1, r2, r3}
 122              	.LCFI1:
 123              		.cfi_def_cfa_offset 12
 124              		.cfi_offset 1, -12
 125              		.cfi_offset 2, -8
 126              		.cfi_offset 3, -4
 127 0002 2DE9F04F 		push	{r4, r5, r6, r7, r8, r9, sl, fp, lr}
 128              	.LCFI2:
 129              		.cfi_def_cfa_offset 48
 130              		.cfi_offset 4, -48
 131              		.cfi_offset 5, -44
 132              		.cfi_offset 6, -40
 133              		.cfi_offset 7, -36
 134              		.cfi_offset 8, -32
 135              		.cfi_offset 9, -28
 136              		.cfi_offset 10, -24
 137              		.cfi_offset 11, -20
 138              		.cfi_offset 14, -16
 139 0006 86B0     		sub	sp, sp, #24
 140              	.LCFI3:
 141              		.cfi_def_cfa_offset 72
 142              		.loc 1 112 0
 143 0008 0FAB     		add	r3, sp, #60
 144              		.loc 1 136 0
 145 000a 0DF10C08 		add	r8, sp, #12
 146              		.loc 1 112 0
 147 000e 53F8044B 		ldr	r4, [r3], #4
 148              		.loc 1 125 0
 149 0012 0293     		str	r3, [sp, #8]
 150              		.loc 1 240 0
 151 0014 0DF10D03 		add	r3, sp, #13
 152 0018 C8EB030C 		rsb	ip, r8, r3
 153 001c 0093     		str	r3, [sp, #0]
 154              		.loc 1 112 0
 155 001e 0646     		mov	r6, r0
 156 0020 CDF804C0 		str	ip, [sp, #4]
 157              	.LVL18:
 158              	.L71:
 159              		.loc 1 127 0
 160 0024 2546     		mov	r5, r4
 161 0026 15F8011B 		ldrb	r1, [r5], #1	@ zero_extendqisi2
 162              	.LVL19:
 163              		.loc 1 128 0
 164 002a 59B1     		cbz	r1, .L70
 165              	.LVL20:
 166              	.L72:
 167              		.loc 1 132 0
 168 002c 2529     		cmp	r1, #37
 169 002e 0ED0     		beq	.L13
 170              		.loc 1 133 0
 171 0030 3368     		ldr	r3, [r6, #0]
ARM GAS  /tmp/cc0C8yA2.s 			page 4


 172              		.loc 1 127 0
 173 0032 2C46     		mov	r4, r5
 174 0034 2546     		mov	r5, r4
 175              	.LVL21:
 176              		.loc 1 133 0
 177 0036 3046     		mov	r0, r6
 178 0038 9B68     		ldr	r3, [r3, #8]
 179 003a 9847     		blx	r3
 180              	.LVL22:
 181              		.loc 1 127 0
 182 003c 15F8011B 		ldrb	r1, [r5], #1	@ zero_extendqisi2
 183              	.LVL23:
 184              		.loc 1 128 0
 185 0040 0029     		cmp	r1, #0
 186 0042 F3D1     		bne	.L72
 187              	.LVL24:
 188              	.L70:
 189              		.loc 1 265 0
 190 0044 06B0     		add	sp, sp, #24
 191 0046 BDE8F04F 		pop	{r4, r5, r6, r7, r8, r9, sl, fp, lr}
 192 004a 03B0     		add	sp, sp, #12
 193 004c 7047     		bx	lr
 194              	.L13:
 195              	.LVL25:
 196              		.loc 1 139 0
 197 004e 6378     		ldrb	r3, [r4, #1]	@ zero_extendqisi2
 198 0050 2D2B     		cmp	r3, #45
 199              		.loc 1 138 0
 200 0052 18BF     		it	ne
 201 0054 4FF0000B 		movne	fp, #0
 202              		.loc 1 139 0
 203 0058 00F01281 		beq	.L73
 204              	.LVL26:
 205              	.L15:
 206              		.loc 1 143 0
 207 005c 2027     		movs	r7, #32
 208              		.loc 1 144 0
 209 005e 2E2B     		cmp	r3, #46
 210 0060 00F00A81 		beq	.L74
 211              	.LVL27:
 212              	.L16:
 213              		.loc 1 146 0
 214 0064 2C46     		mov	r4, r5
 215 0066 0299     		ldr	r1, [sp, #8]
 216              		.loc 1 148 0
 217 0068 0025     		movs	r5, #0
 218              	.LVL28:
 219 006a 06E0     		b	.L19
 220              	.LVL29:
 221              	.L75:
 222              		.loc 1 154 0
 223 006c 0A78     		ldrb	r2, [r1, #0]	@ zero_extendqisi2
 224              	.LVL30:
 225 006e 0431     		adds	r1, r1, #4
 226              	.LVL31:
 227              	.L17:
 228              		.loc 1 157 0
ARM GAS  /tmp/cc0C8yA2.s 			page 5


 229 0070 05EB8505 		add	r5, r5, r5, lsl #2
 230              	.LVL32:
 231 0074 2378     		ldrb	r3, [r4, #0]	@ zero_extendqisi2
 232 0076 02EB4505 		add	r5, r2, r5, lsl #1
 233              	.LVL33:
 234              	.L19:
 235              		.loc 1 151 0
 236 007a A3F13002 		sub	r2, r3, #48
 237 007e D2B2     		uxtb	r2, r2
 238              		.loc 1 150 0
 239 0080 0134     		adds	r4, r4, #1
 240              	.LVL34:
 241              		.loc 1 151 0
 242 0082 092A     		cmp	r2, #9
 243 0084 F4D9     		bls	.L17
 244              		.loc 1 153 0
 245 0086 2A2B     		cmp	r3, #42
 246 0088 F0D0     		beq	.L75
 247              		.loc 1 160 0
 248 008a 0020     		movs	r0, #0
 249 008c 2E2B     		cmp	r3, #46
 250 008e 0291     		str	r1, [sp, #8]
 251              	.LVL35:
 252 0090 4BD0     		beq	.L23
 253              	.LVL36:
 254              		.loc 1 174 0
 255 0092 03F0DF02 		and	r2, r3, #223
 256 0096 4C2A     		cmp	r2, #76
 257 0098 55D1     		bne	.L24
 258              	.LVL37:
 259              	.L76:
 260              		.loc 1 176 0
 261 009a 2278     		ldrb	r2, [r4, #0]	@ zero_extendqisi2
 262              		.loc 1 175 0
 263 009c 0121     		movs	r1, #1
 264              		.loc 1 176 0
 265 009e 12B1     		cbz	r2, .L25
 266              	.LVL38:
 267              		.loc 1 177 0
 268 00a0 0134     		adds	r4, r4, #1
 269              	.LVL39:
 270 00a2 1346     		mov	r3, r2
 271              		.loc 1 175 0
 272 00a4 0121     		movs	r1, #1
 273              	.LVL40:
 274              	.L25:
 275              		.loc 1 183 0
 276 00a6 A3F14402 		sub	r2, r3, #68
 277 00aa 342A     		cmp	r2, #52
 278 00ac 00F2DC80 		bhi	.L26
 279 00b0 DFE812F0 		tbh	[pc, r2, lsl #1]
 280              	.L33:
 281 00b4 CA00     		.2byte	(.L27-.L33)/2
 282 00b6 DA00     		.2byte	(.L26-.L33)/2
 283 00b8 DA00     		.2byte	(.L26-.L33)/2
 284 00ba DA00     		.2byte	(.L26-.L33)/2
 285 00bc DA00     		.2byte	(.L26-.L33)/2
ARM GAS  /tmp/cc0C8yA2.s 			page 6


 286 00be CA00     		.2byte	(.L27-.L33)/2
 287 00c0 DA00     		.2byte	(.L26-.L33)/2
 288 00c2 DA00     		.2byte	(.L26-.L33)/2
 289 00c4 DA00     		.2byte	(.L26-.L33)/2
 290 00c6 DA00     		.2byte	(.L26-.L33)/2
 291 00c8 DA00     		.2byte	(.L26-.L33)/2
 292 00ca E000     		.2byte	(.L28-.L33)/2
 293 00cc DA00     		.2byte	(.L26-.L33)/2
 294 00ce DA00     		.2byte	(.L26-.L33)/2
 295 00d0 DA00     		.2byte	(.L26-.L33)/2
 296 00d2 DA00     		.2byte	(.L26-.L33)/2
 297 00d4 DA00     		.2byte	(.L26-.L33)/2
 298 00d6 C200     		.2byte	(.L56-.L33)/2
 299 00d8 DA00     		.2byte	(.L26-.L33)/2
 300 00da DA00     		.2byte	(.L26-.L33)/2
 301 00dc B500     		.2byte	(.L30-.L33)/2
 302 00de DA00     		.2byte	(.L26-.L33)/2
 303 00e0 DA00     		.2byte	(.L26-.L33)/2
 304 00e2 DA00     		.2byte	(.L26-.L33)/2
 305 00e4 DA00     		.2byte	(.L26-.L33)/2
 306 00e6 DA00     		.2byte	(.L26-.L33)/2
 307 00e8 DA00     		.2byte	(.L26-.L33)/2
 308 00ea DA00     		.2byte	(.L26-.L33)/2
 309 00ec DA00     		.2byte	(.L26-.L33)/2
 310 00ee DA00     		.2byte	(.L26-.L33)/2
 311 00f0 DA00     		.2byte	(.L26-.L33)/2
 312 00f2 9500     		.2byte	(.L31-.L33)/2
 313 00f4 CA00     		.2byte	(.L27-.L33)/2
 314 00f6 DA00     		.2byte	(.L26-.L33)/2
 315 00f8 DA00     		.2byte	(.L26-.L33)/2
 316 00fa DA00     		.2byte	(.L26-.L33)/2
 317 00fc DA00     		.2byte	(.L26-.L33)/2
 318 00fe CA00     		.2byte	(.L27-.L33)/2
 319 0100 DA00     		.2byte	(.L26-.L33)/2
 320 0102 DA00     		.2byte	(.L26-.L33)/2
 321 0104 DA00     		.2byte	(.L26-.L33)/2
 322 0106 DA00     		.2byte	(.L26-.L33)/2
 323 0108 DA00     		.2byte	(.L26-.L33)/2
 324 010a E000     		.2byte	(.L28-.L33)/2
 325 010c DA00     		.2byte	(.L26-.L33)/2
 326 010e DA00     		.2byte	(.L26-.L33)/2
 327 0110 DA00     		.2byte	(.L26-.L33)/2
 328 0112 5000     		.2byte	(.L32-.L33)/2
 329 0114 DA00     		.2byte	(.L26-.L33)/2
 330 0116 C200     		.2byte	(.L56-.L33)/2
 331 0118 DA00     		.2byte	(.L26-.L33)/2
 332 011a DA00     		.2byte	(.L26-.L33)/2
 333 011c B500     		.2byte	(.L30-.L33)/2
 334              	.LVL41:
 335              	.L22:
 336              		.loc 1 166 0
 337 011e 0A78     		ldrb	r2, [r1, #0]	@ zero_extendqisi2
 338              	.LVL42:
 339 0120 0431     		adds	r1, r1, #4
 340              	.LVL43:
 341              	.L21:
 342              		.loc 1 169 0
ARM GAS  /tmp/cc0C8yA2.s 			page 7


 343 0122 00EB8000 		add	r0, r0, r0, lsl #2
 344              	.LVL44:
 345              		.loc 1 170 0
 346 0126 02EB4000 		add	r0, r2, r0, lsl #1
 347              	.LVL45:
 348              	.L23:
 349              		.loc 1 162 0
 350 012a 14F8013B 		ldrb	r3, [r4], #1	@ zero_extendqisi2
 351              	.LVL46:
 352              		.loc 1 163 0
 353 012e A3F13002 		sub	r2, r3, #48
 354 0132 D2B2     		uxtb	r2, r2
 355 0134 092A     		cmp	r2, #9
 356 0136 F4D9     		bls	.L21
 357              		.loc 1 165 0
 358 0138 2A2B     		cmp	r3, #42
 359 013a F0D0     		beq	.L22
 360              		.loc 1 174 0
 361 013c 03F0DF02 		and	r2, r3, #223
 362 0140 4C2A     		cmp	r2, #76
 363 0142 0291     		str	r1, [sp, #8]
 364 0144 A9D0     		beq	.L76
 365              	.LVL47:
 366              	.L24:
 367              		.loc 1 180 0
 368 0146 A3F14101 		sub	r1, r3, #65
 369 014a 1929     		cmp	r1, #25
 370 014c 8CBF     		ite	hi
 371 014e 0021     		movhi	r1, #0
 372 0150 0121     		movls	r1, #1
 373              	.LVL48:
 374 0152 A8E7     		b	.L25
 375              	.LVL49:
 376              	.L32:
 377              		.loc 1 190 0
 378 0154 029A     		ldr	r2, [sp, #8]
 379              		.loc 1 191 0
 380 0156 40F20003 		movw	r3, #:lower16:.LC0
 381              	.LVL50:
 382              		.loc 1 190 0
 383 015a D2F80090 		ldr	r9, [r2, #0]
 384              	.LVL51:
 385              		.loc 1 191 0
 386 015e C0F20003 		movt	r3, #:upper16:.LC0
 387 0162 B9F1000F 		cmp	r9, #0
 388 0166 08BF     		it	eq
 389 0168 9946     		moveq	r9, r3
 390              	.LVL52:
 391              		.loc 1 190 0
 392 016a 111D     		adds	r1, r2, #4
 393              	.LVL53:
 394              		.loc 1 194 0
 395 016c 99F80020 		ldrb	r2, [r9, #0]	@ zero_extendqisi2
 396              		.loc 1 190 0
 397 0170 0291     		str	r1, [sp, #8]
 398              		.loc 1 193 0
 399 0172 47F6FF71 		movw	r1, #32767
ARM GAS  /tmp/cc0C8yA2.s 			page 8


 400 0176 0028     		cmp	r0, #0
 401 0178 08BF     		it	eq
 402 017a 0846     		moveq	r0, r1
 403              	.LVL54:
 404              		.loc 1 194 0
 405 017c 002A     		cmp	r2, #0
 406 017e 00F0A080 		beq	.L59
 407              	.LVL55:
 408 0182 4946     		mov	r1, r9
 409              		.loc 1 112 0
 410 0184 4844     		add	r0, r9, r0
 411              	.LVL56:
 412 0186 02E0     		b	.L38
 413              	.LVL57:
 414              	.L37:
 415              		.loc 1 194 0 discriminator 2
 416 0188 9042     		cmp	r0, r2
 417 018a 00F09680 		beq	.L77
 418              	.L38:
 419              		.loc 1 194 0 is_stmt 0 discriminator 1
 420 018e 4F78     		ldrb	r7, [r1, #1]	@ zero_extendqisi2
 421              		.loc 1 112 0 is_stmt 1 discriminator 1
 422 0190 4A1C     		adds	r2, r1, #1
 423              	.LVL58:
 424 0192 1146     		mov	r1, r2
 425              		.loc 1 194 0 discriminator 1
 426 0194 002F     		cmp	r7, #0
 427 0196 F7D1     		bne	.L37
 428 0198 C9EB020A 		rsb	sl, r9, r2
 429              		.loc 1 244 0
 430 019c CAEB0505 		rsb	r5, sl, r5
 431              	.LVL59:
 432              		.loc 1 189 0
 433 01a0 2027     		movs	r7, #32
 434              	.LVL60:
 435 01a2 25EAE575 		bic	r5, r5, r5, asr #31
 436              	.LVL61:
 437              		.loc 1 246 0
 438 01a6 BBF1000F 		cmp	fp, #0
 439 01aa 29D0     		beq	.L78
 440              	.LVL62:
 441              	.L44:
 442              		.loc 1 257 0 discriminator 1
 443 01ac BAF1000F 		cmp	sl, #0
 444              		.loc 1 112 0 discriminator 1
 445 01b0 C8BF     		it	gt
 446 01b2 09EB0A0B 		addgt	fp, r9, sl
 447              	.LVL63:
 448              		.loc 1 257 0 discriminator 1
 449 01b6 07DD     		ble	.L50
 450              	.LVL64:
 451              	.L49:
 452              		.loc 1 258 0
 453 01b8 3268     		ldr	r2, [r6, #0]
 454 01ba 19F8011B 		ldrb	r1, [r9], #1	@ zero_extendqisi2
 455              	.LVL65:
 456 01be 9268     		ldr	r2, [r2, #8]
ARM GAS  /tmp/cc0C8yA2.s 			page 9


 457 01c0 3046     		mov	r0, r6
 458 01c2 9047     		blx	r2
 459              	.LVL66:
 460              		.loc 1 257 0
 461 01c4 D945     		cmp	r9, fp
 462 01c6 F7D1     		bne	.L49
 463              	.L50:
 464              	.LVL67:
 465              		.loc 1 260 0
 466 01c8 002D     		cmp	r5, #0
 467 01ca 3FF42BAF 		beq	.L71
 468              	.L63:
 469              		.loc 1 261 0
 470 01ce 3368     		ldr	r3, [r6, #0]
 471 01d0 3046     		mov	r0, r6
 472 01d2 9B68     		ldr	r3, [r3, #8]
 473 01d4 3946     		mov	r1, r7
 474 01d6 9847     		blx	r3
 475              	.LVL68:
 476              		.loc 1 260 0
 477 01d8 013D     		subs	r5, r5, #1
 478              	.LVL69:
 479 01da F8D1     		bne	.L63
 480 01dc 22E7     		b	.L71
 481              	.LVL70:
 482              	.L31:
 483              		.loc 1 186 0
 484 01de 029B     		ldr	r3, [sp, #8]
 485              	.LVL71:
 486 01e0 DDF804A0 		ldr	sl, [sp, #4]
 487 01e4 1A68     		ldr	r2, [r3, #0]
 488              	.LVL72:
 489 01e6 0433     		adds	r3, r3, #4
 490 01e8 0293     		str	r3, [sp, #8]
 491 01ea 8DF80C20 		strb	r2, [sp, #12]
 492              	.LVL73:
 493              		.loc 1 185 0
 494 01ee 2027     		movs	r7, #32
 495              		.loc 1 137 0
 496 01f0 C146     		mov	r9, r8
 497              	.LVL74:
 498              	.L34:
 499              		.loc 1 244 0
 500 01f2 CAEB0505 		rsb	r5, sl, r5
 501              	.LVL75:
 502 01f6 25EAE575 		bic	r5, r5, r5, asr #31
 503              	.LVL76:
 504              		.loc 1 246 0
 505 01fa BBF1000F 		cmp	fp, #0
 506 01fe D5D1     		bne	.L44
 507              	.LVL77:
 508              	.L78:
 509              		.loc 1 247 0
 510 0200 6D42     		negs	r5, r5
 511              	.LVL78:
 512              		.loc 1 248 0
 513 0202 002D     		cmp	r5, #0
ARM GAS  /tmp/cc0C8yA2.s 			page 10


 514 0204 D2D0     		beq	.L44
 515              		.loc 1 249 0
 516 0206 99F80010 		ldrb	r1, [r9, #0]	@ zero_extendqisi2
 517 020a 2D29     		cmp	r1, #45
 518 020c 4AD0     		beq	.L79
 519              	.LVL79:
 520              	.L64:
 521              		.loc 1 254 0 discriminator 1
 522 020e 3168     		ldr	r1, [r6, #0]
 523 0210 3046     		mov	r0, r6
 524 0212 8B68     		ldr	r3, [r1, #8]
 525 0214 3946     		mov	r1, r7
 526 0216 9847     		blx	r3
 527              	.LVL80:
 528              		.loc 1 255 0 discriminator 1
 529 0218 0135     		adds	r5, r5, #1
 530              	.LVL81:
 531 021a F8D1     		bne	.L64
 532 021c C6E7     		b	.L44
 533              	.LVL82:
 534              	.L30:
 535              		.loc 1 183 0
 536 021e 1022     		movs	r2, #16
 537              	.LVL83:
 538              	.L29:
 539              		.loc 1 234 0
 540 0220 029B     		ldr	r3, [sp, #8]
 541              		.loc 1 233 0
 542 0222 69B1     		cbz	r1, .L42
 543              	.L80:
 544              		.loc 1 234 0
 545 0224 191D     		adds	r1, r3, #4
 546              	.LVL84:
 547 0226 0291     		str	r1, [sp, #8]
 548 0228 1968     		ldr	r1, [r3, #0]
 549              	.LVL85:
 550              	.L43:
 551              	.LBB6:
 552              	.LBB7:
 553              		.loc 1 75 0
 554 022a 4046     		mov	r0, r8
 555 022c FFF7FEFF 		bl	long_to_string_with_divisor.constprop.0
 556              	.LVL86:
 557              	.LBE7:
 558              	.LBE6:
 559              		.loc 1 137 0
 560 0230 C146     		mov	r9, r8
 561 0232 C8EB000A 		rsb	sl, r8, r0
 562              		.loc 1 238 0
 563 0236 DCE7     		b	.L34
 564              	.LVL87:
 565              	.L56:
 566              		.loc 1 183 0
 567 0238 0A22     		movs	r2, #10
 568              	.LVL88:
 569              		.loc 1 234 0
 570 023a 029B     		ldr	r3, [sp, #8]
ARM GAS  /tmp/cc0C8yA2.s 			page 11


 571              		.loc 1 233 0
 572 023c 0029     		cmp	r1, #0
 573 023e F1D1     		bne	.L80
 574              	.L42:
 575              		.loc 1 236 0
 576 0240 181D     		adds	r0, r3, #4
 577              	.LVL89:
 578 0242 1968     		ldr	r1, [r3, #0]
 579              	.LVL90:
 580 0244 0290     		str	r0, [sp, #8]
 581 0246 F0E7     		b	.L43
 582              	.LVL91:
 583              	.L27:
 584              		.loc 1 202 0
 585 0248 029B     		ldr	r3, [sp, #8]
 586              	.LVL92:
 587 024a 1A1D     		adds	r2, r3, #4
 588              	.LVL93:
 589              		.loc 1 201 0
 590 024c E9B9     		cbnz	r1, .L81
 591              		.loc 1 204 0
 592 024e 1968     		ldr	r1, [r3, #0]
 593              	.LVL94:
 594 0250 0292     		str	r2, [sp, #8]
 595              		.loc 1 205 0
 596 0252 0029     		cmp	r1, #0
 597              		.loc 1 136 0
 598 0254 A8BF     		it	ge
 599 0256 4046     		movge	r0, r8
 600              	.LVL95:
 601              		.loc 1 205 0
 602 0258 1DDB     		blt	.L82
 603              	.LVL96:
 604              	.L41:
 605              	.LBB8:
 606              	.LBB9:
 607              		.loc 1 75 0
 608 025a 0A22     		movs	r2, #10
 609 025c FFF7FEFF 		bl	long_to_string_with_divisor.constprop.0
 610              	.LVL97:
 611              	.LBE9:
 612              	.LBE8:
 613              		.loc 1 137 0
 614 0260 C146     		mov	r9, r8
 615 0262 C8EB000A 		rsb	sl, r8, r0
 616              		.loc 1 210 0
 617 0266 C4E7     		b	.L34
 618              	.LVL98:
 619              	.L26:
 620              		.loc 1 240 0
 621 0268 8DF80C30 		strb	r3, [sp, #12]
 622              	.LVL99:
 623 026c DDF804A0 		ldr	sl, [sp, #4]
 624              		.loc 1 137 0
 625 0270 C146     		mov	r9, r8
 626              		.loc 1 241 0
 627 0272 BEE7     		b	.L34
ARM GAS  /tmp/cc0C8yA2.s 			page 12


 628              	.LVL100:
 629              	.L28:
 630 0274 0822     		movs	r2, #8
 631 0276 D3E7     		b	.L29
 632              	.LVL101:
 633              	.L74:
 634 0278 6B78     		ldrb	r3, [r5, #1]	@ zero_extendqisi2
 635              		.loc 1 146 0
 636 027a 3027     		movs	r7, #48
 637              		.loc 1 145 0
 638 027c 0135     		adds	r5, r5, #1
 639              	.LVL102:
 640 027e F1E6     		b	.L16
 641              	.LVL103:
 642              	.L73:
 643              		.loc 1 140 0
 644 0280 A51C     		adds	r5, r4, #2
 645              	.LVL104:
 646 0282 A378     		ldrb	r3, [r4, #2]	@ zero_extendqisi2
 647              		.loc 1 141 0
 648 0284 4FF0010B 		mov	fp, #1
 649 0288 E8E6     		b	.L15
 650              	.LVL105:
 651              	.L81:
 652              		.loc 1 202 0
 653 028a 1968     		ldr	r1, [r3, #0]
 654              	.LVL106:
 655 028c 0292     		str	r2, [sp, #8]
 656              		.loc 1 205 0
 657 028e 0029     		cmp	r1, #0
 658              		.loc 1 136 0
 659 0290 A8BF     		it	ge
 660 0292 4046     		movge	r0, r8
 661              	.LVL107:
 662              		.loc 1 205 0
 663 0294 E1DA     		bge	.L41
 664              	.L82:
 665              		.loc 1 206 0
 666 0296 2D23     		movs	r3, #45
 667 0298 8DF80C30 		strb	r3, [sp, #12]
 668              	.LVL108:
 669              		.loc 1 207 0
 670 029c 4942     		negs	r1, r1
 671              	.LVL109:
 672              		.loc 1 206 0
 673 029e 0DF10D00 		add	r0, sp, #13
 674 02a2 DAE7     		b	.L41
 675              	.LVL110:
 676              	.L79:
 677              		.loc 1 249 0 discriminator 1
 678 02a4 302F     		cmp	r7, #48
 679 02a6 B2D1     		bne	.L64
 680              		.loc 1 250 0
 681 02a8 3268     		ldr	r2, [r6, #0]
 682 02aa 3046     		mov	r0, r6
 683 02ac 9368     		ldr	r3, [r2, #8]
 684 02ae 9847     		blx	r3
ARM GAS  /tmp/cc0C8yA2.s 			page 13


 685              	.LVL111:
 686 02b0 09F10109 		add	r9, r9, #1
 687              	.LVL112:
 688              		.loc 1 251 0
 689 02b4 0AF1FF3A 		add	sl, sl, #-1
 690              	.LVL113:
 691 02b8 A9E7     		b	.L64
 692              	.LVL114:
 693              	.L77:
 694 02ba C9EB000A 		rsb	sl, r9, r0
 695              		.loc 1 189 0
 696 02be 2027     		movs	r7, #32
 697 02c0 97E7     		b	.L34
 698              	.LVL115:
 699              	.L59:
 700              		.loc 1 194 0
 701 02c2 9246     		mov	sl, r2
 702              		.loc 1 189 0
 703 02c4 2027     		movs	r7, #32
 704 02c6 94E7     		b	.L34
 705              		.cfi_endproc
 706              	.LFE9:
 707              		.size	chprintf, .-chprintf
 708 02c8 AFF30080 		.section	.rodata.str1.4,"aMS",%progbits,1
 708      AFF30080 
 709              		.align	2
 710              	.LC0:
 711 0000 286E756C 		.ascii	"(null)\000"
 711      6C2900
 712 0007 00       		.text
 713              	.Letext0:
 714              		.file 2 "/opt/psas/x-tools/stm32f407/arm-psas-eabi/bin/../lib/gcc/arm-psas-eabi/4.7.2/include/stda
 715              		.file 3 "/opt/psas/x-tools/stm32f407/arm-psas-eabi/bin/../lib/gcc/arm-psas-eabi/4.7.2/include/stdd
 716              		.file 4 "/opt/psas/x-tools/stm32f407/arm-psas-eabi/bin/../lib/gcc/arm-psas-eabi/4.7.2/../../../../
 717              		.file 5 "../../ChibiOS/os/ports/GCC/ARMCMx/chtypes.h"
 718              		.file 6 "<built-in>"
 719              		.file 7 "../../ChibiOS/os/kernel/include/chstreams.h"
 720              		.section	.debug_info,"",%progbits
 721              	.Ldebug_info0:
 722 0000 B0040000 		.4byte	0x4b0
 723 0004 0200     		.2byte	0x2
 724 0006 00000000 		.4byte	.Ldebug_abbrev0
 725 000a 04       		.byte	0x4
 726 000b 01       		.uleb128 0x1
 727 000c 61010000 		.4byte	.LASF34
 728 0010 01       		.byte	0x1
 729 0011 CA010000 		.4byte	.LASF35
 730 0015 07000000 		.4byte	.LASF36
 731 0019 00000000 		.4byte	.Ldebug_ranges0+0
 732 001d 00000000 		.4byte	0
 733 0021 00000000 		.4byte	0
 734 0025 00000000 		.4byte	.Ldebug_line0
 735 0029 02       		.uleb128 0x2
 736 002a D0000000 		.4byte	.LASF0
 737 002e 02       		.byte	0x2
 738 002f 28       		.byte	0x28
 739 0030 34000000 		.4byte	0x34
ARM GAS  /tmp/cc0C8yA2.s 			page 14


 740 0034 03       		.uleb128 0x3
 741 0035 3A010000 		.4byte	.LASF19
 742 0039 04       		.byte	0x4
 743 003a 06       		.byte	0x6
 744 003b 00       		.byte	0
 745 003c 4E000000 		.4byte	0x4e
 746 0040 04       		.uleb128 0x4
 747 0041 17010000 		.4byte	.LASF37
 748 0045 4E000000 		.4byte	0x4e
 749 0049 02       		.byte	0x2
 750 004a 23       		.byte	0x23
 751 004b 00       		.uleb128 0
 752 004c 01       		.byte	0x1
 753 004d 00       		.byte	0
 754 004e 05       		.uleb128 0x5
 755 004f 04       		.byte	0x4
 756 0050 02       		.uleb128 0x2
 757 0051 6B000000 		.4byte	.LASF1
 758 0055 02       		.byte	0x2
 759 0056 66       		.byte	0x66
 760 0057 29000000 		.4byte	0x29
 761 005b 06       		.uleb128 0x6
 762 005c 04       		.byte	0x4
 763 005d 05       		.byte	0x5
 764 005e 696E7400 		.ascii	"int\000"
 765 0062 02       		.uleb128 0x2
 766 0063 00000000 		.4byte	.LASF2
 767 0067 03       		.byte	0x3
 768 0068 D5       		.byte	0xd5
 769 0069 6D000000 		.4byte	0x6d
 770 006d 07       		.uleb128 0x7
 771 006e 04       		.byte	0x4
 772 006f 07       		.byte	0x7
 773 0070 EB000000 		.4byte	.LASF3
 774 0074 07       		.uleb128 0x7
 775 0075 01       		.byte	0x1
 776 0076 06       		.byte	0x6
 777 0077 9B010000 		.4byte	.LASF4
 778 007b 02       		.uleb128 0x2
 779 007c 63000000 		.4byte	.LASF5
 780 0080 04       		.byte	0x4
 781 0081 2A       		.byte	0x2a
 782 0082 86000000 		.4byte	0x86
 783 0086 07       		.uleb128 0x7
 784 0087 01       		.byte	0x1
 785 0088 08       		.byte	0x8
 786 0089 88000000 		.4byte	.LASF6
 787 008d 07       		.uleb128 0x7
 788 008e 02       		.byte	0x2
 789 008f 05       		.byte	0x5
 790 0090 78010000 		.4byte	.LASF7
 791 0094 07       		.uleb128 0x7
 792 0095 02       		.byte	0x2
 793 0096 07       		.byte	0x7
 794 0097 A8000000 		.4byte	.LASF8
 795 009b 02       		.uleb128 0x2
 796 009c 22010000 		.4byte	.LASF9
ARM GAS  /tmp/cc0C8yA2.s 			page 15


 797 00a0 04       		.byte	0x4
 798 00a1 4F       		.byte	0x4f
 799 00a2 A6000000 		.4byte	0xa6
 800 00a6 07       		.uleb128 0x7
 801 00a7 04       		.byte	0x4
 802 00a8 05       		.byte	0x5
 803 00a9 92010000 		.4byte	.LASF10
 804 00ad 07       		.uleb128 0x7
 805 00ae 04       		.byte	0x4
 806 00af 07       		.byte	0x7
 807 00b0 96000000 		.4byte	.LASF11
 808 00b4 07       		.uleb128 0x7
 809 00b5 08       		.byte	0x8
 810 00b6 05       		.byte	0x5
 811 00b7 44010000 		.4byte	.LASF12
 812 00bb 07       		.uleb128 0x7
 813 00bc 08       		.byte	0x8
 814 00bd 07       		.byte	0x7
 815 00be F8000000 		.4byte	.LASF13
 816 00c2 02       		.uleb128 0x2
 817 00c3 40000000 		.4byte	.LASF14
 818 00c7 05       		.byte	0x5
 819 00c8 24       		.byte	0x24
 820 00c9 CD000000 		.4byte	0xcd
 821 00cd 07       		.uleb128 0x7
 822 00ce 01       		.byte	0x1
 823 00cf 02       		.byte	0x2
 824 00d0 AC010000 		.4byte	.LASF15
 825 00d4 02       		.uleb128 0x2
 826 00d5 1C010000 		.4byte	.LASF16
 827 00d9 05       		.byte	0x5
 828 00da 2A       		.byte	0x2a
 829 00db 9B000000 		.4byte	0x9b
 830 00df 07       		.uleb128 0x7
 831 00e0 04       		.byte	0x4
 832 00e1 07       		.byte	0x7
 833 00e2 2A010000 		.4byte	.LASF17
 834 00e6 08       		.uleb128 0x8
 835 00e7 04       		.byte	0x4
 836 00e8 EC000000 		.4byte	0xec
 837 00ec 09       		.uleb128 0x9
 838 00ed F1000000 		.4byte	0xf1
 839 00f1 07       		.uleb128 0x7
 840 00f2 01       		.byte	0x1
 841 00f3 08       		.byte	0x8
 842 00f4 5C010000 		.4byte	.LASF18
 843 00f8 08       		.uleb128 0x8
 844 00f9 04       		.byte	0x4
 845 00fa FE000000 		.4byte	0xfe
 846 00fe 0A       		.uleb128 0xa
 847 00ff 01       		.byte	0x1
 848 0100 D4000000 		.4byte	0xd4
 849 0104 0E010000 		.4byte	0x10e
 850 0108 0B       		.uleb128 0xb
 851 0109 4E000000 		.4byte	0x4e
 852 010d 00       		.byte	0
 853 010e 08       		.uleb128 0x8
ARM GAS  /tmp/cc0C8yA2.s 			page 16


 854 010f 04       		.byte	0x4
 855 0110 7B000000 		.4byte	0x7b
 856 0114 03       		.uleb128 0x3
 857 0115 B2010000 		.4byte	.LASF20
 858 0119 10       		.byte	0x10
 859 011a 07       		.byte	0x7
 860 011b 41       		.byte	0x41
 861 011c 59010000 		.4byte	0x159
 862 0120 0C       		.uleb128 0xc
 863 0121 BB000000 		.4byte	.LASF21
 864 0125 07       		.byte	0x7
 865 0126 42       		.byte	0x42
 866 0127 7E010000 		.4byte	0x17e
 867 012b 02       		.byte	0x2
 868 012c 23       		.byte	0x23
 869 012d 00       		.uleb128 0
 870 012e 0C       		.uleb128 0xc
 871 012f DF000000 		.4byte	.LASF22
 872 0133 07       		.byte	0x7
 873 0134 42       		.byte	0x42
 874 0135 9E010000 		.4byte	0x19e
 875 0139 02       		.byte	0x2
 876 013a 23       		.byte	0x23
 877 013b 04       		.uleb128 0x4
 878 013c 0D       		.uleb128 0xd
 879 013d 70757400 		.ascii	"put\000"
 880 0141 07       		.byte	0x7
 881 0142 42       		.byte	0x42
 882 0143 B9010000 		.4byte	0x1b9
 883 0147 02       		.byte	0x2
 884 0148 23       		.byte	0x23
 885 0149 08       		.uleb128 0x8
 886 014a 0D       		.uleb128 0xd
 887 014b 67657400 		.ascii	"get\000"
 888 014f 07       		.byte	0x7
 889 0150 42       		.byte	0x42
 890 0151 F8000000 		.4byte	0xf8
 891 0155 02       		.byte	0x2
 892 0156 23       		.byte	0x23
 893 0157 0C       		.uleb128 0xc
 894 0158 00       		.byte	0
 895 0159 0A       		.uleb128 0xa
 896 015a 01       		.byte	0x1
 897 015b 62000000 		.4byte	0x62
 898 015f 73010000 		.4byte	0x173
 899 0163 0B       		.uleb128 0xb
 900 0164 4E000000 		.4byte	0x4e
 901 0168 0B       		.uleb128 0xb
 902 0169 73010000 		.4byte	0x173
 903 016d 0B       		.uleb128 0xb
 904 016e 62000000 		.4byte	0x62
 905 0172 00       		.byte	0
 906 0173 08       		.uleb128 0x8
 907 0174 04       		.byte	0x4
 908 0175 79010000 		.4byte	0x179
 909 0179 09       		.uleb128 0x9
 910 017a 7B000000 		.4byte	0x7b
ARM GAS  /tmp/cc0C8yA2.s 			page 17


 911 017e 08       		.uleb128 0x8
 912 017f 04       		.byte	0x4
 913 0180 59010000 		.4byte	0x159
 914 0184 0A       		.uleb128 0xa
 915 0185 01       		.byte	0x1
 916 0186 62000000 		.4byte	0x62
 917 018a 9E010000 		.4byte	0x19e
 918 018e 0B       		.uleb128 0xb
 919 018f 4E000000 		.4byte	0x4e
 920 0193 0B       		.uleb128 0xb
 921 0194 0E010000 		.4byte	0x10e
 922 0198 0B       		.uleb128 0xb
 923 0199 62000000 		.4byte	0x62
 924 019d 00       		.byte	0
 925 019e 08       		.uleb128 0x8
 926 019f 04       		.byte	0x4
 927 01a0 84010000 		.4byte	0x184
 928 01a4 0A       		.uleb128 0xa
 929 01a5 01       		.byte	0x1
 930 01a6 D4000000 		.4byte	0xd4
 931 01aa B9010000 		.4byte	0x1b9
 932 01ae 0B       		.uleb128 0xb
 933 01af 4E000000 		.4byte	0x4e
 934 01b3 0B       		.uleb128 0xb
 935 01b4 7B000000 		.4byte	0x7b
 936 01b8 00       		.byte	0
 937 01b9 08       		.uleb128 0x8
 938 01ba 04       		.byte	0x4
 939 01bb A4010000 		.4byte	0x1a4
 940 01bf 0E       		.uleb128 0xe
 941 01c0 04       		.byte	0x4
 942 01c1 07       		.byte	0x7
 943 01c2 4A       		.byte	0x4a
 944 01c3 D6010000 		.4byte	0x1d6
 945 01c7 0D       		.uleb128 0xd
 946 01c8 766D7400 		.ascii	"vmt\000"
 947 01cc 07       		.byte	0x7
 948 01cd 4C       		.byte	0x4c
 949 01ce D6010000 		.4byte	0x1d6
 950 01d2 02       		.byte	0x2
 951 01d3 23       		.byte	0x23
 952 01d4 00       		.uleb128 0
 953 01d5 00       		.byte	0
 954 01d6 08       		.uleb128 0x8
 955 01d7 04       		.byte	0x4
 956 01d8 DC010000 		.4byte	0x1dc
 957 01dc 09       		.uleb128 0x9
 958 01dd 14010000 		.4byte	0x114
 959 01e1 02       		.uleb128 0x2
 960 01e2 73000000 		.4byte	.LASF23
 961 01e6 07       		.byte	0x7
 962 01e7 4E       		.byte	0x4e
 963 01e8 BF010000 		.4byte	0x1bf
 964 01ec 0F       		.uleb128 0xf
 965 01ed 47000000 		.4byte	.LASF26
 966 01f1 01       		.byte	0x1
 967 01f2 28       		.byte	0x28
ARM GAS  /tmp/cc0C8yA2.s 			page 18


 968 01f3 01       		.byte	0x1
 969 01f4 4D020000 		.4byte	0x24d
 970 01f8 01       		.byte	0x1
 971 01f9 4D020000 		.4byte	0x24d
 972 01fd 10       		.uleb128 0x10
 973 01fe 7000     		.ascii	"p\000"
 974 0200 01       		.byte	0x1
 975 0201 28       		.byte	0x28
 976 0202 4D020000 		.4byte	0x24d
 977 0206 10       		.uleb128 0x10
 978 0207 6E756D00 		.ascii	"num\000"
 979 020b 01       		.byte	0x1
 980 020c 29       		.byte	0x29
 981 020d A6000000 		.4byte	0xa6
 982 0211 11       		.uleb128 0x11
 983 0212 3A000000 		.4byte	.LASF24
 984 0216 01       		.byte	0x1
 985 0217 2A       		.byte	0x2a
 986 0218 6D000000 		.4byte	0x6d
 987 021c 11       		.uleb128 0x11
 988 021d 0F010000 		.4byte	.LASF25
 989 0221 01       		.byte	0x1
 990 0222 2B       		.byte	0x2b
 991 0223 A6000000 		.4byte	0xa6
 992 0227 12       		.uleb128 0x12
 993 0228 6900     		.ascii	"i\000"
 994 022a 01       		.byte	0x1
 995 022b 2C       		.byte	0x2c
 996 022c 5B000000 		.4byte	0x5b
 997 0230 12       		.uleb128 0x12
 998 0231 7100     		.ascii	"q\000"
 999 0233 01       		.byte	0x1
 1000 0234 2D       		.byte	0x2d
 1001 0235 4D020000 		.4byte	0x24d
 1002 0239 12       		.uleb128 0x12
 1003 023a 6C00     		.ascii	"l\000"
 1004 023c 01       		.byte	0x1
 1005 023d 2E       		.byte	0x2e
 1006 023e A6000000 		.4byte	0xa6
 1007 0242 12       		.uleb128 0x12
 1008 0243 6C6C00   		.ascii	"ll\000"
 1009 0246 01       		.byte	0x1
 1010 0247 2E       		.byte	0x2e
 1011 0248 A6000000 		.4byte	0xa6
 1012 024c 00       		.byte	0
 1013 024d 08       		.uleb128 0x8
 1014 024e 04       		.byte	0x4
 1015 024f F1000000 		.4byte	0xf1
 1016 0253 13       		.uleb128 0x13
 1017 0254 EC010000 		.4byte	0x1ec
 1018 0258 00000000 		.4byte	.LFB10
 1019 025c 4C000000 		.4byte	.LFE10
 1020 0260 00000000 		.4byte	.LLST0
 1021 0264 01       		.byte	0x1
 1022 0265 AF020000 		.4byte	0x2af
 1023 0269 14       		.uleb128 0x14
 1024 026a FD010000 		.4byte	0x1fd
ARM GAS  /tmp/cc0C8yA2.s 			page 19


 1025 026e 20000000 		.4byte	.LLST1
 1026 0272 14       		.uleb128 0x14
 1027 0273 06020000 		.4byte	0x206
 1028 0277 3E000000 		.4byte	.LLST2
 1029 027b 14       		.uleb128 0x14
 1030 027c 11020000 		.4byte	0x211
 1031 0280 5F000000 		.4byte	.LLST3
 1032 0284 15       		.uleb128 0x15
 1033 0285 27020000 		.4byte	0x227
 1034 0289 80000000 		.4byte	.LLST4
 1035 028d 15       		.uleb128 0x15
 1036 028e 30020000 		.4byte	0x230
 1037 0292 C9000000 		.4byte	.LLST5
 1038 0296 15       		.uleb128 0x15
 1039 0297 39020000 		.4byte	0x239
 1040 029b F2000000 		.4byte	.LLST6
 1041 029f 15       		.uleb128 0x15
 1042 02a0 42020000 		.4byte	0x242
 1043 02a4 1B010000 		.4byte	.LLST7
 1044 02a8 16       		.uleb128 0x16
 1045 02a9 1C020000 		.4byte	0x21c
 1046 02ad 00       		.byte	0
 1047 02ae 00       		.byte	0
 1048 02af 0F       		.uleb128 0xf
 1049 02b0 A7010000 		.4byte	.LASF27
 1050 02b4 01       		.byte	0x1
 1051 02b5 49       		.byte	0x49
 1052 02b6 01       		.byte	0x1
 1053 02b7 4D020000 		.4byte	0x24d
 1054 02bb 01       		.byte	0x1
 1055 02bc E0020000 		.4byte	0x2e0
 1056 02c0 10       		.uleb128 0x10
 1057 02c1 7000     		.ascii	"p\000"
 1058 02c3 01       		.byte	0x1
 1059 02c4 49       		.byte	0x49
 1060 02c5 4D020000 		.4byte	0x24d
 1061 02c9 10       		.uleb128 0x10
 1062 02ca 6E756D00 		.ascii	"num\000"
 1063 02ce 01       		.byte	0x1
 1064 02cf 49       		.byte	0x49
 1065 02d0 A6000000 		.4byte	0xa6
 1066 02d4 11       		.uleb128 0x11
 1067 02d5 3A000000 		.4byte	.LASF24
 1068 02d9 01       		.byte	0x1
 1069 02da 49       		.byte	0x49
 1070 02db 6D000000 		.4byte	0x6d
 1071 02df 00       		.byte	0
 1072 02e0 17       		.uleb128 0x17
 1073 02e1 01       		.byte	0x1
 1074 02e2 C7000000 		.4byte	.LASF38
 1075 02e6 01       		.byte	0x1
 1076 02e7 70       		.byte	0x70
 1077 02e8 01       		.byte	0x1
 1078 02e9 00000000 		.4byte	.LFB9
 1079 02ed C8020000 		.4byte	.LFE9
 1080 02f1 44010000 		.4byte	.LLST8
 1081 02f5 01       		.byte	0x1
ARM GAS  /tmp/cc0C8yA2.s 			page 20


 1082 02f6 A1040000 		.4byte	0x4a1
 1083 02fa 18       		.uleb128 0x18
 1084 02fb 63687000 		.ascii	"chp\000"
 1085 02ff 01       		.byte	0x1
 1086 0300 70       		.byte	0x70
 1087 0301 A1040000 		.4byte	0x4a1
 1088 0305 7D010000 		.4byte	.LLST9
 1089 0309 18       		.uleb128 0x18
 1090 030a 666D7400 		.ascii	"fmt\000"
 1091 030e 01       		.byte	0x1
 1092 030f 70       		.byte	0x70
 1093 0310 E6000000 		.4byte	0xe6
 1094 0314 9B010000 		.4byte	.LLST10
 1095 0318 19       		.uleb128 0x19
 1096 0319 1A       		.uleb128 0x1a
 1097 031a 617000   		.ascii	"ap\000"
 1098 031d 01       		.byte	0x1
 1099 031e 71       		.byte	0x71
 1100 031f 50000000 		.4byte	0x50
 1101 0323 02       		.byte	0x2
 1102 0324 91       		.byte	0x91
 1103 0325 40       		.sleb128 -64
 1104 0326 1B       		.uleb128 0x1b
 1105 0327 7000     		.ascii	"p\000"
 1106 0329 01       		.byte	0x1
 1107 032a 72       		.byte	0x72
 1108 032b 4D020000 		.4byte	0x24d
 1109 032f 14020000 		.4byte	.LLST11
 1110 0333 1B       		.uleb128 0x1b
 1111 0334 7300     		.ascii	"s\000"
 1112 0336 01       		.byte	0x1
 1113 0337 72       		.byte	0x72
 1114 0338 4D020000 		.4byte	0x24d
 1115 033c C4020000 		.4byte	.LLST12
 1116 0340 1B       		.uleb128 0x1b
 1117 0341 6300     		.ascii	"c\000"
 1118 0343 01       		.byte	0x1
 1119 0344 72       		.byte	0x72
 1120 0345 F1000000 		.4byte	0xf1
 1121 0349 26030000 		.4byte	.LLST13
 1122 034d 1C       		.uleb128 0x1c
 1123 034e E4000000 		.4byte	.LASF28
 1124 0352 01       		.byte	0x1
 1125 0353 72       		.byte	0x72
 1126 0354 F1000000 		.4byte	0xf1
 1127 0358 2F040000 		.4byte	.LLST14
 1128 035c 1B       		.uleb128 0x1b
 1129 035d 6900     		.ascii	"i\000"
 1130 035f 01       		.byte	0x1
 1131 0360 73       		.byte	0x73
 1132 0361 5B000000 		.4byte	0x5b
 1133 0365 AF040000 		.4byte	.LLST15
 1134 0369 1C       		.uleb128 0x1c
 1135 036a 52010000 		.4byte	.LASF29
 1136 036e 01       		.byte	0x1
 1137 036f 73       		.byte	0x73
 1138 0370 5B000000 		.4byte	0x5b
ARM GAS  /tmp/cc0C8yA2.s 			page 21


 1139 0374 E5040000 		.4byte	.LLST16
 1140 0378 1C       		.uleb128 0x1c
 1141 0379 C1000000 		.4byte	.LASF30
 1142 037d 01       		.byte	0x1
 1143 037e 73       		.byte	0x73
 1144 037f 5B000000 		.4byte	0x5b
 1145 0383 78050000 		.4byte	.LLST17
 1146 0387 1C       		.uleb128 0x1c
 1147 0388 32000000 		.4byte	.LASF31
 1148 038c 01       		.byte	0x1
 1149 038d 74       		.byte	0x74
 1150 038e C2000000 		.4byte	0xc2
 1151 0392 F3050000 		.4byte	.LLST18
 1152 0396 1C       		.uleb128 0x1c
 1153 0397 6D010000 		.4byte	.LASF32
 1154 039b 01       		.byte	0x1
 1155 039c 74       		.byte	0x74
 1156 039d C2000000 		.4byte	0xc2
 1157 03a1 77060000 		.4byte	.LLST19
 1158 03a5 1B       		.uleb128 0x1b
 1159 03a6 6C00     		.ascii	"l\000"
 1160 03a8 01       		.byte	0x1
 1161 03a9 75       		.byte	0x75
 1162 03aa A6000000 		.4byte	0xa6
 1163 03ae C4060000 		.4byte	.LLST20
 1164 03b2 1D       		.uleb128 0x1d
 1165 03b3 33010000 		.4byte	.LASF33
 1166 03b7 01       		.byte	0x1
 1167 03b8 7A       		.byte	0x7a
 1168 03b9 A7040000 		.4byte	0x4a7
 1169 03bd 02       		.byte	0x2
 1170 03be 91       		.byte	0x91
 1171 03bf 44       		.sleb128 -60
 1172 03c0 1E       		.uleb128 0x1e
 1173 03c1 82010000 		.4byte	.LASF39
 1174 03c5 01       		.byte	0x1
 1175 03c6 E8       		.byte	0xe8
 1176 03c7 20020000 		.4byte	.L29
 1177 03cb 1F       		.uleb128 0x1f
 1178 03cc AF020000 		.4byte	0x2af
 1179 03d0 2A020000 		.4byte	.LBB6
 1180 03d4 30020000 		.4byte	.LBE6
 1181 03d8 01       		.byte	0x1
 1182 03d9 ED       		.byte	0xed
 1183 03da 0A040000 		.4byte	0x40a
 1184 03de 14       		.uleb128 0x14
 1185 03df D4020000 		.4byte	0x2d4
 1186 03e3 F8060000 		.4byte	.LLST21
 1187 03e7 14       		.uleb128 0x14
 1188 03e8 C9020000 		.4byte	0x2c9
 1189 03ec 0B070000 		.4byte	.LLST22
 1190 03f0 14       		.uleb128 0x14
 1191 03f1 C0020000 		.4byte	0x2c0
 1192 03f5 1E070000 		.4byte	.LLST23
 1193 03f9 20       		.uleb128 0x20
 1194 03fa 30020000 		.4byte	.LVL86
 1195 03fe 53020000 		.4byte	0x253
ARM GAS  /tmp/cc0C8yA2.s 			page 22


 1196 0402 21       		.uleb128 0x21
 1197 0403 01       		.byte	0x1
 1198 0404 50       		.byte	0x50
 1199 0405 02       		.byte	0x2
 1200 0406 78       		.byte	0x78
 1201 0407 00       		.sleb128 0
 1202 0408 00       		.byte	0
 1203 0409 00       		.byte	0
 1204 040a 1F       		.uleb128 0x1f
 1205 040b AF020000 		.4byte	0x2af
 1206 040f 5A020000 		.4byte	.LBB8
 1207 0413 60020000 		.4byte	.LBE8
 1208 0417 01       		.byte	0x1
 1209 0418 D1       		.byte	0xd1
 1210 0419 48040000 		.4byte	0x448
 1211 041d 14       		.uleb128 0x14
 1212 041e D4020000 		.4byte	0x2d4
 1213 0422 31070000 		.4byte	.LLST24
 1214 0426 14       		.uleb128 0x14
 1215 0427 C9020000 		.4byte	0x2c9
 1216 042b 45070000 		.4byte	.LLST25
 1217 042f 14       		.uleb128 0x14
 1218 0430 C0020000 		.4byte	0x2c0
 1219 0434 58070000 		.4byte	.LLST26
 1220 0438 20       		.uleb128 0x20
 1221 0439 60020000 		.4byte	.LVL97
 1222 043d 53020000 		.4byte	0x253
 1223 0441 21       		.uleb128 0x21
 1224 0442 01       		.byte	0x1
 1225 0443 52       		.byte	0x52
 1226 0444 01       		.byte	0x1
 1227 0445 3A       		.byte	0x3a
 1228 0446 00       		.byte	0
 1229 0447 00       		.byte	0
 1230 0448 22       		.uleb128 0x22
 1231 0449 3C000000 		.4byte	.LVL22
 1232 044d 58040000 		.4byte	0x458
 1233 0451 21       		.uleb128 0x21
 1234 0452 01       		.byte	0x1
 1235 0453 50       		.byte	0x50
 1236 0454 02       		.byte	0x2
 1237 0455 76       		.byte	0x76
 1238 0456 00       		.sleb128 0
 1239 0457 00       		.byte	0
 1240 0458 22       		.uleb128 0x22
 1241 0459 C4010000 		.4byte	.LVL66
 1242 045d 68040000 		.4byte	0x468
 1243 0461 21       		.uleb128 0x21
 1244 0462 01       		.byte	0x1
 1245 0463 50       		.byte	0x50
 1246 0464 02       		.byte	0x2
 1247 0465 76       		.byte	0x76
 1248 0466 00       		.sleb128 0
 1249 0467 00       		.byte	0
 1250 0468 22       		.uleb128 0x22
 1251 0469 D8010000 		.4byte	.LVL68
 1252 046d 7E040000 		.4byte	0x47e
ARM GAS  /tmp/cc0C8yA2.s 			page 23


 1253 0471 21       		.uleb128 0x21
 1254 0472 01       		.byte	0x1
 1255 0473 51       		.byte	0x51
 1256 0474 02       		.byte	0x2
 1257 0475 77       		.byte	0x77
 1258 0476 00       		.sleb128 0
 1259 0477 21       		.uleb128 0x21
 1260 0478 01       		.byte	0x1
 1261 0479 50       		.byte	0x50
 1262 047a 02       		.byte	0x2
 1263 047b 76       		.byte	0x76
 1264 047c 00       		.sleb128 0
 1265 047d 00       		.byte	0
 1266 047e 22       		.uleb128 0x22
 1267 047f 18020000 		.4byte	.LVL80
 1268 0483 94040000 		.4byte	0x494
 1269 0487 21       		.uleb128 0x21
 1270 0488 01       		.byte	0x1
 1271 0489 51       		.byte	0x51
 1272 048a 02       		.byte	0x2
 1273 048b 77       		.byte	0x77
 1274 048c 00       		.sleb128 0
 1275 048d 21       		.uleb128 0x21
 1276 048e 01       		.byte	0x1
 1277 048f 50       		.byte	0x50
 1278 0490 02       		.byte	0x2
 1279 0491 76       		.byte	0x76
 1280 0492 00       		.sleb128 0
 1281 0493 00       		.byte	0
 1282 0494 23       		.uleb128 0x23
 1283 0495 B0020000 		.4byte	.LVL111
 1284 0499 21       		.uleb128 0x21
 1285 049a 01       		.byte	0x1
 1286 049b 50       		.byte	0x50
 1287 049c 02       		.byte	0x2
 1288 049d 76       		.byte	0x76
 1289 049e 00       		.sleb128 0
 1290 049f 00       		.byte	0
 1291 04a0 00       		.byte	0
 1292 04a1 08       		.uleb128 0x8
 1293 04a2 04       		.byte	0x4
 1294 04a3 E1010000 		.4byte	0x1e1
 1295 04a7 24       		.uleb128 0x24
 1296 04a8 F1000000 		.4byte	0xf1
 1297 04ac 25       		.uleb128 0x25
 1298 04ad DF000000 		.4byte	0xdf
 1299 04b1 0B       		.byte	0xb
 1300 04b2 00       		.byte	0
 1301 04b3 00       		.byte	0
 1302              		.section	.debug_abbrev,"",%progbits
 1303              	.Ldebug_abbrev0:
 1304 0000 01       		.uleb128 0x1
 1305 0001 11       		.uleb128 0x11
 1306 0002 01       		.byte	0x1
 1307 0003 25       		.uleb128 0x25
 1308 0004 0E       		.uleb128 0xe
 1309 0005 13       		.uleb128 0x13
ARM GAS  /tmp/cc0C8yA2.s 			page 24


 1310 0006 0B       		.uleb128 0xb
 1311 0007 03       		.uleb128 0x3
 1312 0008 0E       		.uleb128 0xe
 1313 0009 1B       		.uleb128 0x1b
 1314 000a 0E       		.uleb128 0xe
 1315 000b 55       		.uleb128 0x55
 1316 000c 06       		.uleb128 0x6
 1317 000d 11       		.uleb128 0x11
 1318 000e 01       		.uleb128 0x1
 1319 000f 52       		.uleb128 0x52
 1320 0010 01       		.uleb128 0x1
 1321 0011 10       		.uleb128 0x10
 1322 0012 06       		.uleb128 0x6
 1323 0013 00       		.byte	0
 1324 0014 00       		.byte	0
 1325 0015 02       		.uleb128 0x2
 1326 0016 16       		.uleb128 0x16
 1327 0017 00       		.byte	0
 1328 0018 03       		.uleb128 0x3
 1329 0019 0E       		.uleb128 0xe
 1330 001a 3A       		.uleb128 0x3a
 1331 001b 0B       		.uleb128 0xb
 1332 001c 3B       		.uleb128 0x3b
 1333 001d 0B       		.uleb128 0xb
 1334 001e 49       		.uleb128 0x49
 1335 001f 13       		.uleb128 0x13
 1336 0020 00       		.byte	0
 1337 0021 00       		.byte	0
 1338 0022 03       		.uleb128 0x3
 1339 0023 13       		.uleb128 0x13
 1340 0024 01       		.byte	0x1
 1341 0025 03       		.uleb128 0x3
 1342 0026 0E       		.uleb128 0xe
 1343 0027 0B       		.uleb128 0xb
 1344 0028 0B       		.uleb128 0xb
 1345 0029 3A       		.uleb128 0x3a
 1346 002a 0B       		.uleb128 0xb
 1347 002b 3B       		.uleb128 0x3b
 1348 002c 0B       		.uleb128 0xb
 1349 002d 01       		.uleb128 0x1
 1350 002e 13       		.uleb128 0x13
 1351 002f 00       		.byte	0
 1352 0030 00       		.byte	0
 1353 0031 04       		.uleb128 0x4
 1354 0032 0D       		.uleb128 0xd
 1355 0033 00       		.byte	0
 1356 0034 03       		.uleb128 0x3
 1357 0035 0E       		.uleb128 0xe
 1358 0036 49       		.uleb128 0x49
 1359 0037 13       		.uleb128 0x13
 1360 0038 38       		.uleb128 0x38
 1361 0039 0A       		.uleb128 0xa
 1362 003a 34       		.uleb128 0x34
 1363 003b 0C       		.uleb128 0xc
 1364 003c 00       		.byte	0
 1365 003d 00       		.byte	0
 1366 003e 05       		.uleb128 0x5
ARM GAS  /tmp/cc0C8yA2.s 			page 25


 1367 003f 0F       		.uleb128 0xf
 1368 0040 00       		.byte	0
 1369 0041 0B       		.uleb128 0xb
 1370 0042 0B       		.uleb128 0xb
 1371 0043 00       		.byte	0
 1372 0044 00       		.byte	0
 1373 0045 06       		.uleb128 0x6
 1374 0046 24       		.uleb128 0x24
 1375 0047 00       		.byte	0
 1376 0048 0B       		.uleb128 0xb
 1377 0049 0B       		.uleb128 0xb
 1378 004a 3E       		.uleb128 0x3e
 1379 004b 0B       		.uleb128 0xb
 1380 004c 03       		.uleb128 0x3
 1381 004d 08       		.uleb128 0x8
 1382 004e 00       		.byte	0
 1383 004f 00       		.byte	0
 1384 0050 07       		.uleb128 0x7
 1385 0051 24       		.uleb128 0x24
 1386 0052 00       		.byte	0
 1387 0053 0B       		.uleb128 0xb
 1388 0054 0B       		.uleb128 0xb
 1389 0055 3E       		.uleb128 0x3e
 1390 0056 0B       		.uleb128 0xb
 1391 0057 03       		.uleb128 0x3
 1392 0058 0E       		.uleb128 0xe
 1393 0059 00       		.byte	0
 1394 005a 00       		.byte	0
 1395 005b 08       		.uleb128 0x8
 1396 005c 0F       		.uleb128 0xf
 1397 005d 00       		.byte	0
 1398 005e 0B       		.uleb128 0xb
 1399 005f 0B       		.uleb128 0xb
 1400 0060 49       		.uleb128 0x49
 1401 0061 13       		.uleb128 0x13
 1402 0062 00       		.byte	0
 1403 0063 00       		.byte	0
 1404 0064 09       		.uleb128 0x9
 1405 0065 26       		.uleb128 0x26
 1406 0066 00       		.byte	0
 1407 0067 49       		.uleb128 0x49
 1408 0068 13       		.uleb128 0x13
 1409 0069 00       		.byte	0
 1410 006a 00       		.byte	0
 1411 006b 0A       		.uleb128 0xa
 1412 006c 15       		.uleb128 0x15
 1413 006d 01       		.byte	0x1
 1414 006e 27       		.uleb128 0x27
 1415 006f 0C       		.uleb128 0xc
 1416 0070 49       		.uleb128 0x49
 1417 0071 13       		.uleb128 0x13
 1418 0072 01       		.uleb128 0x1
 1419 0073 13       		.uleb128 0x13
 1420 0074 00       		.byte	0
 1421 0075 00       		.byte	0
 1422 0076 0B       		.uleb128 0xb
 1423 0077 05       		.uleb128 0x5
ARM GAS  /tmp/cc0C8yA2.s 			page 26


 1424 0078 00       		.byte	0
 1425 0079 49       		.uleb128 0x49
 1426 007a 13       		.uleb128 0x13
 1427 007b 00       		.byte	0
 1428 007c 00       		.byte	0
 1429 007d 0C       		.uleb128 0xc
 1430 007e 0D       		.uleb128 0xd
 1431 007f 00       		.byte	0
 1432 0080 03       		.uleb128 0x3
 1433 0081 0E       		.uleb128 0xe
 1434 0082 3A       		.uleb128 0x3a
 1435 0083 0B       		.uleb128 0xb
 1436 0084 3B       		.uleb128 0x3b
 1437 0085 0B       		.uleb128 0xb
 1438 0086 49       		.uleb128 0x49
 1439 0087 13       		.uleb128 0x13
 1440 0088 38       		.uleb128 0x38
 1441 0089 0A       		.uleb128 0xa
 1442 008a 00       		.byte	0
 1443 008b 00       		.byte	0
 1444 008c 0D       		.uleb128 0xd
 1445 008d 0D       		.uleb128 0xd
 1446 008e 00       		.byte	0
 1447 008f 03       		.uleb128 0x3
 1448 0090 08       		.uleb128 0x8
 1449 0091 3A       		.uleb128 0x3a
 1450 0092 0B       		.uleb128 0xb
 1451 0093 3B       		.uleb128 0x3b
 1452 0094 0B       		.uleb128 0xb
 1453 0095 49       		.uleb128 0x49
 1454 0096 13       		.uleb128 0x13
 1455 0097 38       		.uleb128 0x38
 1456 0098 0A       		.uleb128 0xa
 1457 0099 00       		.byte	0
 1458 009a 00       		.byte	0
 1459 009b 0E       		.uleb128 0xe
 1460 009c 13       		.uleb128 0x13
 1461 009d 01       		.byte	0x1
 1462 009e 0B       		.uleb128 0xb
 1463 009f 0B       		.uleb128 0xb
 1464 00a0 3A       		.uleb128 0x3a
 1465 00a1 0B       		.uleb128 0xb
 1466 00a2 3B       		.uleb128 0x3b
 1467 00a3 0B       		.uleb128 0xb
 1468 00a4 01       		.uleb128 0x1
 1469 00a5 13       		.uleb128 0x13
 1470 00a6 00       		.byte	0
 1471 00a7 00       		.byte	0
 1472 00a8 0F       		.uleb128 0xf
 1473 00a9 2E       		.uleb128 0x2e
 1474 00aa 01       		.byte	0x1
 1475 00ab 03       		.uleb128 0x3
 1476 00ac 0E       		.uleb128 0xe
 1477 00ad 3A       		.uleb128 0x3a
 1478 00ae 0B       		.uleb128 0xb
 1479 00af 3B       		.uleb128 0x3b
 1480 00b0 0B       		.uleb128 0xb
ARM GAS  /tmp/cc0C8yA2.s 			page 27


 1481 00b1 27       		.uleb128 0x27
 1482 00b2 0C       		.uleb128 0xc
 1483 00b3 49       		.uleb128 0x49
 1484 00b4 13       		.uleb128 0x13
 1485 00b5 20       		.uleb128 0x20
 1486 00b6 0B       		.uleb128 0xb
 1487 00b7 01       		.uleb128 0x1
 1488 00b8 13       		.uleb128 0x13
 1489 00b9 00       		.byte	0
 1490 00ba 00       		.byte	0
 1491 00bb 10       		.uleb128 0x10
 1492 00bc 05       		.uleb128 0x5
 1493 00bd 00       		.byte	0
 1494 00be 03       		.uleb128 0x3
 1495 00bf 08       		.uleb128 0x8
 1496 00c0 3A       		.uleb128 0x3a
 1497 00c1 0B       		.uleb128 0xb
 1498 00c2 3B       		.uleb128 0x3b
 1499 00c3 0B       		.uleb128 0xb
 1500 00c4 49       		.uleb128 0x49
 1501 00c5 13       		.uleb128 0x13
 1502 00c6 00       		.byte	0
 1503 00c7 00       		.byte	0
 1504 00c8 11       		.uleb128 0x11
 1505 00c9 05       		.uleb128 0x5
 1506 00ca 00       		.byte	0
 1507 00cb 03       		.uleb128 0x3
 1508 00cc 0E       		.uleb128 0xe
 1509 00cd 3A       		.uleb128 0x3a
 1510 00ce 0B       		.uleb128 0xb
 1511 00cf 3B       		.uleb128 0x3b
 1512 00d0 0B       		.uleb128 0xb
 1513 00d1 49       		.uleb128 0x49
 1514 00d2 13       		.uleb128 0x13
 1515 00d3 00       		.byte	0
 1516 00d4 00       		.byte	0
 1517 00d5 12       		.uleb128 0x12
 1518 00d6 34       		.uleb128 0x34
 1519 00d7 00       		.byte	0
 1520 00d8 03       		.uleb128 0x3
 1521 00d9 08       		.uleb128 0x8
 1522 00da 3A       		.uleb128 0x3a
 1523 00db 0B       		.uleb128 0xb
 1524 00dc 3B       		.uleb128 0x3b
 1525 00dd 0B       		.uleb128 0xb
 1526 00de 49       		.uleb128 0x49
 1527 00df 13       		.uleb128 0x13
 1528 00e0 00       		.byte	0
 1529 00e1 00       		.byte	0
 1530 00e2 13       		.uleb128 0x13
 1531 00e3 2E       		.uleb128 0x2e
 1532 00e4 01       		.byte	0x1
 1533 00e5 31       		.uleb128 0x31
 1534 00e6 13       		.uleb128 0x13
 1535 00e7 11       		.uleb128 0x11
 1536 00e8 01       		.uleb128 0x1
 1537 00e9 12       		.uleb128 0x12
ARM GAS  /tmp/cc0C8yA2.s 			page 28


 1538 00ea 01       		.uleb128 0x1
 1539 00eb 40       		.uleb128 0x40
 1540 00ec 06       		.uleb128 0x6
 1541 00ed 9742     		.uleb128 0x2117
 1542 00ef 0C       		.uleb128 0xc
 1543 00f0 01       		.uleb128 0x1
 1544 00f1 13       		.uleb128 0x13
 1545 00f2 00       		.byte	0
 1546 00f3 00       		.byte	0
 1547 00f4 14       		.uleb128 0x14
 1548 00f5 05       		.uleb128 0x5
 1549 00f6 00       		.byte	0
 1550 00f7 31       		.uleb128 0x31
 1551 00f8 13       		.uleb128 0x13
 1552 00f9 02       		.uleb128 0x2
 1553 00fa 06       		.uleb128 0x6
 1554 00fb 00       		.byte	0
 1555 00fc 00       		.byte	0
 1556 00fd 15       		.uleb128 0x15
 1557 00fe 34       		.uleb128 0x34
 1558 00ff 00       		.byte	0
 1559 0100 31       		.uleb128 0x31
 1560 0101 13       		.uleb128 0x13
 1561 0102 02       		.uleb128 0x2
 1562 0103 06       		.uleb128 0x6
 1563 0104 00       		.byte	0
 1564 0105 00       		.byte	0
 1565 0106 16       		.uleb128 0x16
 1566 0107 05       		.uleb128 0x5
 1567 0108 00       		.byte	0
 1568 0109 31       		.uleb128 0x31
 1569 010a 13       		.uleb128 0x13
 1570 010b 1C       		.uleb128 0x1c
 1571 010c 0B       		.uleb128 0xb
 1572 010d 00       		.byte	0
 1573 010e 00       		.byte	0
 1574 010f 17       		.uleb128 0x17
 1575 0110 2E       		.uleb128 0x2e
 1576 0111 01       		.byte	0x1
 1577 0112 3F       		.uleb128 0x3f
 1578 0113 0C       		.uleb128 0xc
 1579 0114 03       		.uleb128 0x3
 1580 0115 0E       		.uleb128 0xe
 1581 0116 3A       		.uleb128 0x3a
 1582 0117 0B       		.uleb128 0xb
 1583 0118 3B       		.uleb128 0x3b
 1584 0119 0B       		.uleb128 0xb
 1585 011a 27       		.uleb128 0x27
 1586 011b 0C       		.uleb128 0xc
 1587 011c 11       		.uleb128 0x11
 1588 011d 01       		.uleb128 0x1
 1589 011e 12       		.uleb128 0x12
 1590 011f 01       		.uleb128 0x1
 1591 0120 40       		.uleb128 0x40
 1592 0121 06       		.uleb128 0x6
 1593 0122 9742     		.uleb128 0x2117
 1594 0124 0C       		.uleb128 0xc
ARM GAS  /tmp/cc0C8yA2.s 			page 29


 1595 0125 01       		.uleb128 0x1
 1596 0126 13       		.uleb128 0x13
 1597 0127 00       		.byte	0
 1598 0128 00       		.byte	0
 1599 0129 18       		.uleb128 0x18
 1600 012a 05       		.uleb128 0x5
 1601 012b 00       		.byte	0
 1602 012c 03       		.uleb128 0x3
 1603 012d 08       		.uleb128 0x8
 1604 012e 3A       		.uleb128 0x3a
 1605 012f 0B       		.uleb128 0xb
 1606 0130 3B       		.uleb128 0x3b
 1607 0131 0B       		.uleb128 0xb
 1608 0132 49       		.uleb128 0x49
 1609 0133 13       		.uleb128 0x13
 1610 0134 02       		.uleb128 0x2
 1611 0135 06       		.uleb128 0x6
 1612 0136 00       		.byte	0
 1613 0137 00       		.byte	0
 1614 0138 19       		.uleb128 0x19
 1615 0139 18       		.uleb128 0x18
 1616 013a 00       		.byte	0
 1617 013b 00       		.byte	0
 1618 013c 00       		.byte	0
 1619 013d 1A       		.uleb128 0x1a
 1620 013e 34       		.uleb128 0x34
 1621 013f 00       		.byte	0
 1622 0140 03       		.uleb128 0x3
 1623 0141 08       		.uleb128 0x8
 1624 0142 3A       		.uleb128 0x3a
 1625 0143 0B       		.uleb128 0xb
 1626 0144 3B       		.uleb128 0x3b
 1627 0145 0B       		.uleb128 0xb
 1628 0146 49       		.uleb128 0x49
 1629 0147 13       		.uleb128 0x13
 1630 0148 02       		.uleb128 0x2
 1631 0149 0A       		.uleb128 0xa
 1632 014a 00       		.byte	0
 1633 014b 00       		.byte	0
 1634 014c 1B       		.uleb128 0x1b
 1635 014d 34       		.uleb128 0x34
 1636 014e 00       		.byte	0
 1637 014f 03       		.uleb128 0x3
 1638 0150 08       		.uleb128 0x8
 1639 0151 3A       		.uleb128 0x3a
 1640 0152 0B       		.uleb128 0xb
 1641 0153 3B       		.uleb128 0x3b
 1642 0154 0B       		.uleb128 0xb
 1643 0155 49       		.uleb128 0x49
 1644 0156 13       		.uleb128 0x13
 1645 0157 02       		.uleb128 0x2
 1646 0158 06       		.uleb128 0x6
 1647 0159 00       		.byte	0
 1648 015a 00       		.byte	0
 1649 015b 1C       		.uleb128 0x1c
 1650 015c 34       		.uleb128 0x34
 1651 015d 00       		.byte	0
ARM GAS  /tmp/cc0C8yA2.s 			page 30


 1652 015e 03       		.uleb128 0x3
 1653 015f 0E       		.uleb128 0xe
 1654 0160 3A       		.uleb128 0x3a
 1655 0161 0B       		.uleb128 0xb
 1656 0162 3B       		.uleb128 0x3b
 1657 0163 0B       		.uleb128 0xb
 1658 0164 49       		.uleb128 0x49
 1659 0165 13       		.uleb128 0x13
 1660 0166 02       		.uleb128 0x2
 1661 0167 06       		.uleb128 0x6
 1662 0168 00       		.byte	0
 1663 0169 00       		.byte	0
 1664 016a 1D       		.uleb128 0x1d
 1665 016b 34       		.uleb128 0x34
 1666 016c 00       		.byte	0
 1667 016d 03       		.uleb128 0x3
 1668 016e 0E       		.uleb128 0xe
 1669 016f 3A       		.uleb128 0x3a
 1670 0170 0B       		.uleb128 0xb
 1671 0171 3B       		.uleb128 0x3b
 1672 0172 0B       		.uleb128 0xb
 1673 0173 49       		.uleb128 0x49
 1674 0174 13       		.uleb128 0x13
 1675 0175 02       		.uleb128 0x2
 1676 0176 0A       		.uleb128 0xa
 1677 0177 00       		.byte	0
 1678 0178 00       		.byte	0
 1679 0179 1E       		.uleb128 0x1e
 1680 017a 0A       		.uleb128 0xa
 1681 017b 00       		.byte	0
 1682 017c 03       		.uleb128 0x3
 1683 017d 0E       		.uleb128 0xe
 1684 017e 3A       		.uleb128 0x3a
 1685 017f 0B       		.uleb128 0xb
 1686 0180 3B       		.uleb128 0x3b
 1687 0181 0B       		.uleb128 0xb
 1688 0182 11       		.uleb128 0x11
 1689 0183 01       		.uleb128 0x1
 1690 0184 00       		.byte	0
 1691 0185 00       		.byte	0
 1692 0186 1F       		.uleb128 0x1f
 1693 0187 1D       		.uleb128 0x1d
 1694 0188 01       		.byte	0x1
 1695 0189 31       		.uleb128 0x31
 1696 018a 13       		.uleb128 0x13
 1697 018b 11       		.uleb128 0x11
 1698 018c 01       		.uleb128 0x1
 1699 018d 12       		.uleb128 0x12
 1700 018e 01       		.uleb128 0x1
 1701 018f 58       		.uleb128 0x58
 1702 0190 0B       		.uleb128 0xb
 1703 0191 59       		.uleb128 0x59
 1704 0192 0B       		.uleb128 0xb
 1705 0193 01       		.uleb128 0x1
 1706 0194 13       		.uleb128 0x13
 1707 0195 00       		.byte	0
 1708 0196 00       		.byte	0
ARM GAS  /tmp/cc0C8yA2.s 			page 31


 1709 0197 20       		.uleb128 0x20
 1710 0198 898201   		.uleb128 0x4109
 1711 019b 01       		.byte	0x1
 1712 019c 11       		.uleb128 0x11
 1713 019d 01       		.uleb128 0x1
 1714 019e 31       		.uleb128 0x31
 1715 019f 13       		.uleb128 0x13
 1716 01a0 00       		.byte	0
 1717 01a1 00       		.byte	0
 1718 01a2 21       		.uleb128 0x21
 1719 01a3 8A8201   		.uleb128 0x410a
 1720 01a6 00       		.byte	0
 1721 01a7 02       		.uleb128 0x2
 1722 01a8 0A       		.uleb128 0xa
 1723 01a9 9142     		.uleb128 0x2111
 1724 01ab 0A       		.uleb128 0xa
 1725 01ac 00       		.byte	0
 1726 01ad 00       		.byte	0
 1727 01ae 22       		.uleb128 0x22
 1728 01af 898201   		.uleb128 0x4109
 1729 01b2 01       		.byte	0x1
 1730 01b3 11       		.uleb128 0x11
 1731 01b4 01       		.uleb128 0x1
 1732 01b5 01       		.uleb128 0x1
 1733 01b6 13       		.uleb128 0x13
 1734 01b7 00       		.byte	0
 1735 01b8 00       		.byte	0
 1736 01b9 23       		.uleb128 0x23
 1737 01ba 898201   		.uleb128 0x4109
 1738 01bd 01       		.byte	0x1
 1739 01be 11       		.uleb128 0x11
 1740 01bf 01       		.uleb128 0x1
 1741 01c0 00       		.byte	0
 1742 01c1 00       		.byte	0
 1743 01c2 24       		.uleb128 0x24
 1744 01c3 01       		.uleb128 0x1
 1745 01c4 01       		.byte	0x1
 1746 01c5 49       		.uleb128 0x49
 1747 01c6 13       		.uleb128 0x13
 1748 01c7 00       		.byte	0
 1749 01c8 00       		.byte	0
 1750 01c9 25       		.uleb128 0x25
 1751 01ca 21       		.uleb128 0x21
 1752 01cb 00       		.byte	0
 1753 01cc 49       		.uleb128 0x49
 1754 01cd 13       		.uleb128 0x13
 1755 01ce 2F       		.uleb128 0x2f
 1756 01cf 0B       		.uleb128 0xb
 1757 01d0 00       		.byte	0
 1758 01d1 00       		.byte	0
 1759 01d2 00       		.byte	0
 1760              		.section	.debug_loc,"",%progbits
 1761              	.Ldebug_loc0:
 1762              	.LLST0:
 1763 0000 00000000 		.4byte	.LFB10
 1764 0004 02000000 		.4byte	.LCFI0
 1765 0008 0200     		.2byte	0x2
ARM GAS  /tmp/cc0C8yA2.s 			page 32


 1766 000a 7D       		.byte	0x7d
 1767 000b 00       		.sleb128 0
 1768 000c 02000000 		.4byte	.LCFI0
 1769 0010 4C000000 		.4byte	.LFE10
 1770 0014 0200     		.2byte	0x2
 1771 0016 7D       		.byte	0x7d
 1772 0017 10       		.sleb128 16
 1773 0018 00000000 		.4byte	0
 1774 001c 00000000 		.4byte	0
 1775              	.LLST1:
 1776 0020 00000000 		.4byte	.LVL0
 1777 0024 44000000 		.4byte	.LVL16
 1778 0028 0100     		.2byte	0x1
 1779 002a 50       		.byte	0x50
 1780 002b 44000000 		.4byte	.LVL16
 1781 002f 4C000000 		.4byte	.LFE10
 1782 0033 0100     		.2byte	0x1
 1783 0035 50       		.byte	0x50
 1784 0036 00000000 		.4byte	0
 1785 003a 00000000 		.4byte	0
 1786              	.LLST2:
 1787 003e 00000000 		.4byte	.LVL0
 1788 0042 0C000000 		.4byte	.LVL2
 1789 0046 0100     		.2byte	0x1
 1790 0048 51       		.byte	0x51
 1791 0049 0C000000 		.4byte	.LVL2
 1792 004d 4C000000 		.4byte	.LFE10
 1793 0051 0400     		.2byte	0x4
 1794 0053 F3       		.byte	0xf3
 1795 0054 01       		.uleb128 0x1
 1796 0055 51       		.byte	0x51
 1797 0056 9F       		.byte	0x9f
 1798 0057 00000000 		.4byte	0
 1799 005b 00000000 		.4byte	0
 1800              	.LLST3:
 1801 005f 00000000 		.4byte	.LVL0
 1802 0063 38000000 		.4byte	.LVL13
 1803 0067 0100     		.2byte	0x1
 1804 0069 52       		.byte	0x52
 1805 006a 38000000 		.4byte	.LVL13
 1806 006e 4C000000 		.4byte	.LFE10
 1807 0072 0400     		.2byte	0x4
 1808 0074 F3       		.byte	0xf3
 1809 0075 01       		.uleb128 0x1
 1810 0076 52       		.byte	0x52
 1811 0077 9F       		.byte	0x9f
 1812 0078 00000000 		.4byte	0
 1813 007c 00000000 		.4byte	0
 1814              	.LLST4:
 1815 0080 14000000 		.4byte	.LVL3
 1816 0084 18000000 		.4byte	.LVL4
 1817 0088 0100     		.2byte	0x1
 1818 008a 51       		.byte	0x51
 1819 008b 18000000 		.4byte	.LVL4
 1820 008f 22000000 		.4byte	.LVL6
 1821 0093 0100     		.2byte	0x1
 1822 0095 53       		.byte	0x53
ARM GAS  /tmp/cc0C8yA2.s 			page 33


 1823 0096 32000000 		.4byte	.LVL11
 1824 009a 36000000 		.4byte	.LVL12
 1825 009e 0600     		.2byte	0x6
 1826 00a0 7C       		.byte	0x7c
 1827 00a1 00       		.sleb128 0
 1828 00a2 77       		.byte	0x77
 1829 00a3 00       		.sleb128 0
 1830 00a4 1C       		.byte	0x1c
 1831 00a5 9F       		.byte	0x9f
 1832 00a6 36000000 		.4byte	.LVL12
 1833 00aa 3A000000 		.4byte	.LVL14
 1834 00ae 0100     		.2byte	0x1
 1835 00b0 51       		.byte	0x51
 1836 00b1 3A000000 		.4byte	.LVL14
 1837 00b5 3C000000 		.4byte	.LVL15
 1838 00b9 0600     		.2byte	0x6
 1839 00bb 7C       		.byte	0x7c
 1840 00bc 00       		.sleb128 0
 1841 00bd 77       		.byte	0x77
 1842 00be 00       		.sleb128 0
 1843 00bf 1C       		.byte	0x1c
 1844 00c0 9F       		.byte	0x9f
 1845 00c1 00000000 		.4byte	0
 1846 00c5 00000000 		.4byte	0
 1847              	.LLST5:
 1848 00c9 06000000 		.4byte	.LVL1
 1849 00cd 0C000000 		.4byte	.LVL2
 1850 00d1 0100     		.2byte	0x1
 1851 00d3 5C       		.byte	0x5c
 1852 00d4 28000000 		.4byte	.LVL8
 1853 00d8 2E000000 		.4byte	.LVL10
 1854 00dc 0100     		.2byte	0x1
 1855 00de 55       		.byte	0x55
 1856 00df 2E000000 		.4byte	.LVL10
 1857 00e3 3C000000 		.4byte	.LVL15
 1858 00e7 0100     		.2byte	0x1
 1859 00e9 57       		.byte	0x57
 1860 00ea 00000000 		.4byte	0
 1861 00ee 00000000 		.4byte	0
 1862              	.LLST6:
 1863 00f2 00000000 		.4byte	.LVL0
 1864 00f6 14000000 		.4byte	.LVL3
 1865 00fa 0100     		.2byte	0x1
 1866 00fc 51       		.byte	0x51
 1867 00fd 2E000000 		.4byte	.LVL10
 1868 0101 36000000 		.4byte	.LVL12
 1869 0105 0100     		.2byte	0x1
 1870 0107 51       		.byte	0x51
 1871 0108 36000000 		.4byte	.LVL12
 1872 010c 4C000000 		.4byte	.LFE10
 1873 0110 0100     		.2byte	0x1
 1874 0112 56       		.byte	0x56
 1875 0113 00000000 		.4byte	0
 1876 0117 00000000 		.4byte	0
 1877              	.LLST7:
 1878 011b 00000000 		.4byte	.LVL0
 1879 011f 0C000000 		.4byte	.LVL2
ARM GAS  /tmp/cc0C8yA2.s 			page 34


 1880 0123 0100     		.2byte	0x1
 1881 0125 51       		.byte	0x51
 1882 0126 0C000000 		.4byte	.LVL2
 1883 012a 26000000 		.4byte	.LVL7
 1884 012e 0100     		.2byte	0x1
 1885 0130 54       		.byte	0x54
 1886 0131 2E000000 		.4byte	.LVL10
 1887 0135 4C000000 		.4byte	.LFE10
 1888 0139 0100     		.2byte	0x1
 1889 013b 54       		.byte	0x54
 1890 013c 00000000 		.4byte	0
 1891 0140 00000000 		.4byte	0
 1892              	.LLST8:
 1893 0144 00000000 		.4byte	.LFB9
 1894 0148 02000000 		.4byte	.LCFI1
 1895 014c 0200     		.2byte	0x2
 1896 014e 7D       		.byte	0x7d
 1897 014f 00       		.sleb128 0
 1898 0150 02000000 		.4byte	.LCFI1
 1899 0154 06000000 		.4byte	.LCFI2
 1900 0158 0200     		.2byte	0x2
 1901 015a 7D       		.byte	0x7d
 1902 015b 0C       		.sleb128 12
 1903 015c 06000000 		.4byte	.LCFI2
 1904 0160 08000000 		.4byte	.LCFI3
 1905 0164 0200     		.2byte	0x2
 1906 0166 7D       		.byte	0x7d
 1907 0167 30       		.sleb128 48
 1908 0168 08000000 		.4byte	.LCFI3
 1909 016c C8020000 		.4byte	.LFE9
 1910 0170 0300     		.2byte	0x3
 1911 0172 7D       		.byte	0x7d
 1912 0173 C800     		.sleb128 72
 1913 0175 00000000 		.4byte	0
 1914 0179 00000000 		.4byte	0
 1915              	.LLST9:
 1916 017d 00000000 		.4byte	.LVL17
 1917 0181 24000000 		.4byte	.LVL18
 1918 0185 0100     		.2byte	0x1
 1919 0187 50       		.byte	0x50
 1920 0188 24000000 		.4byte	.LVL18
 1921 018c C8020000 		.4byte	.LFE9
 1922 0190 0100     		.2byte	0x1
 1923 0192 56       		.byte	0x56
 1924 0193 00000000 		.4byte	0
 1925 0197 00000000 		.4byte	0
 1926              	.LLST10:
 1927 019b 00000000 		.4byte	.LVL17
 1928 019f 24000000 		.4byte	.LVL18
 1929 01a3 0200     		.2byte	0x2
 1930 01a5 91       		.byte	0x91
 1931 01a6 74       		.sleb128 -12
 1932 01a7 24000000 		.4byte	.LVL18
 1933 01ab 2A000000 		.4byte	.LVL19
 1934 01af 0100     		.2byte	0x1
 1935 01b1 54       		.byte	0x54
 1936 01b2 2A000000 		.4byte	.LVL19
ARM GAS  /tmp/cc0C8yA2.s 			page 35


 1937 01b6 36000000 		.4byte	.LVL21
 1938 01ba 0100     		.2byte	0x1
 1939 01bc 55       		.byte	0x55
 1940 01bd 36000000 		.4byte	.LVL21
 1941 01c1 40000000 		.4byte	.LVL23
 1942 01c5 0100     		.2byte	0x1
 1943 01c7 54       		.byte	0x54
 1944 01c8 40000000 		.4byte	.LVL23
 1945 01cc 6A000000 		.4byte	.LVL28
 1946 01d0 0100     		.2byte	0x1
 1947 01d2 55       		.byte	0x55
 1948 01d3 6A000000 		.4byte	.LVL28
 1949 01d7 2A010000 		.4byte	.LVL45
 1950 01db 0100     		.2byte	0x1
 1951 01dd 54       		.byte	0x54
 1952 01de 2E010000 		.4byte	.LVL46
 1953 01e2 78020000 		.4byte	.LVL101
 1954 01e6 0100     		.2byte	0x1
 1955 01e8 54       		.byte	0x54
 1956 01e9 78020000 		.4byte	.LVL101
 1957 01ed 7E020000 		.4byte	.LVL102
 1958 01f1 0300     		.2byte	0x3
 1959 01f3 75       		.byte	0x75
 1960 01f4 01       		.sleb128 1
 1961 01f5 9F       		.byte	0x9f
 1962 01f6 7E020000 		.4byte	.LVL102
 1963 01fa 8A020000 		.4byte	.LVL105
 1964 01fe 0100     		.2byte	0x1
 1965 0200 55       		.byte	0x55
 1966 0201 8A020000 		.4byte	.LVL105
 1967 0205 C8020000 		.4byte	.LFE9
 1968 0209 0100     		.2byte	0x1
 1969 020b 54       		.byte	0x54
 1970 020c 00000000 		.4byte	0
 1971 0210 00000000 		.4byte	0
 1972              	.LLST11:
 1973 0214 4E000000 		.4byte	.LVL25
 1974 0218 7C010000 		.4byte	.LVL54
 1975 021c 0100     		.2byte	0x1
 1976 021e 58       		.byte	0x58
 1977 021f 7C010000 		.4byte	.LVL54
 1978 0223 88010000 		.4byte	.LVL57
 1979 0227 0100     		.2byte	0x1
 1980 0229 59       		.byte	0x59
 1981 022a 88010000 		.4byte	.LVL57
 1982 022e 92010000 		.4byte	.LVL58
 1983 0232 0100     		.2byte	0x1
 1984 0234 51       		.byte	0x51
 1985 0235 92010000 		.4byte	.LVL58
 1986 0239 A2010000 		.4byte	.LVL60
 1987 023d 0100     		.2byte	0x1
 1988 023f 52       		.byte	0x52
 1989 0240 DE010000 		.4byte	.LVL70
 1990 0244 EE010000 		.4byte	.LVL73
 1991 0248 0100     		.2byte	0x1
 1992 024a 58       		.byte	0x58
 1993 024b EE010000 		.4byte	.LVL73
ARM GAS  /tmp/cc0C8yA2.s 			page 36


 1994 024f F2010000 		.4byte	.LVL74
 1995 0253 0200     		.2byte	0x2
 1996 0255 7D       		.byte	0x7d
 1997 0256 00       		.sleb128 0
 1998 0257 1E020000 		.4byte	.LVL82
 1999 025b 30020000 		.4byte	.LVL86
 2000 025f 0100     		.2byte	0x1
 2001 0261 58       		.byte	0x58
 2002 0262 38020000 		.4byte	.LVL87
 2003 0266 5A020000 		.4byte	.LVL96
 2004 026a 0100     		.2byte	0x1
 2005 026c 58       		.byte	0x58
 2006 026d 5A020000 		.4byte	.LVL96
 2007 0271 5F020000 		.4byte	.LVL97-1
 2008 0275 0100     		.2byte	0x1
 2009 0277 50       		.byte	0x50
 2010 0278 68020000 		.4byte	.LVL98
 2011 027c 6C020000 		.4byte	.LVL99
 2012 0280 0100     		.2byte	0x1
 2013 0282 58       		.byte	0x58
 2014 0283 6C020000 		.4byte	.LVL99
 2015 0287 74020000 		.4byte	.LVL100
 2016 028b 0200     		.2byte	0x2
 2017 028d 7D       		.byte	0x7d
 2018 028e 00       		.sleb128 0
 2019 028f 74020000 		.4byte	.LVL100
 2020 0293 9C020000 		.4byte	.LVL108
 2021 0297 0100     		.2byte	0x1
 2022 0299 58       		.byte	0x58
 2023 029a 9C020000 		.4byte	.LVL108
 2024 029e A4020000 		.4byte	.LVL110
 2025 02a2 0200     		.2byte	0x2
 2026 02a4 7D       		.byte	0x7d
 2027 02a5 00       		.sleb128 0
 2028 02a6 BA020000 		.4byte	.LVL114
 2029 02aa C2020000 		.4byte	.LVL115
 2030 02ae 0100     		.2byte	0x1
 2031 02b0 51       		.byte	0x51
 2032 02b1 C2020000 		.4byte	.LVL115
 2033 02b5 C8020000 		.4byte	.LFE9
 2034 02b9 0100     		.2byte	0x1
 2035 02bb 59       		.byte	0x59
 2036 02bc 00000000 		.4byte	0
 2037 02c0 00000000 		.4byte	0
 2038              	.LLST12:
 2039 02c4 4E000000 		.4byte	.LVL25
 2040 02c8 5E010000 		.4byte	.LVL51
 2041 02cc 0100     		.2byte	0x1
 2042 02ce 58       		.byte	0x58
 2043 02cf 5E010000 		.4byte	.LVL51
 2044 02d3 BE010000 		.4byte	.LVL65
 2045 02d7 0100     		.2byte	0x1
 2046 02d9 59       		.byte	0x59
 2047 02da BE010000 		.4byte	.LVL65
 2048 02de C4010000 		.4byte	.LVL66
 2049 02e2 0300     		.2byte	0x3
 2050 02e4 79       		.byte	0x79
ARM GAS  /tmp/cc0C8yA2.s 			page 37


 2051 02e5 7F       		.sleb128 -1
 2052 02e6 9F       		.byte	0x9f
 2053 02e7 C4010000 		.4byte	.LVL66
 2054 02eb DE010000 		.4byte	.LVL70
 2055 02ef 0100     		.2byte	0x1
 2056 02f1 59       		.byte	0x59
 2057 02f2 DE010000 		.4byte	.LVL70
 2058 02f6 F2010000 		.4byte	.LVL74
 2059 02fa 0100     		.2byte	0x1
 2060 02fc 58       		.byte	0x58
 2061 02fd F2010000 		.4byte	.LVL74
 2062 0301 0E020000 		.4byte	.LVL79
 2063 0305 0100     		.2byte	0x1
 2064 0307 59       		.byte	0x59
 2065 0308 1E020000 		.4byte	.LVL82
 2066 030c A4020000 		.4byte	.LVL110
 2067 0310 0100     		.2byte	0x1
 2068 0312 58       		.byte	0x58
 2069 0313 A4020000 		.4byte	.LVL110
 2070 0317 C8020000 		.4byte	.LFE9
 2071 031b 0100     		.2byte	0x1
 2072 031d 59       		.byte	0x59
 2073 031e 00000000 		.4byte	0
 2074 0322 00000000 		.4byte	0
 2075              	.LLST13:
 2076 0326 2A000000 		.4byte	.LVL19
 2077 032a 2C000000 		.4byte	.LVL20
 2078 032e 0200     		.2byte	0x2
 2079 0330 74       		.byte	0x74
 2080 0331 00       		.sleb128 0
 2081 0332 40000000 		.4byte	.LVL23
 2082 0336 44000000 		.4byte	.LVL24
 2083 033a 0200     		.2byte	0x2
 2084 033c 74       		.byte	0x74
 2085 033d 00       		.sleb128 0
 2086 033e 6C000000 		.4byte	.LVL29
 2087 0342 6E000000 		.4byte	.LVL30
 2088 0346 0100     		.2byte	0x1
 2089 0348 53       		.byte	0x53
 2090 0349 6E000000 		.4byte	.LVL30
 2091 034d 70000000 		.4byte	.LVL31
 2092 0351 0200     		.2byte	0x2
 2093 0353 71       		.byte	0x71
 2094 0354 00       		.sleb128 0
 2095 0355 70000000 		.4byte	.LVL31
 2096 0359 7A000000 		.4byte	.LVL33
 2097 035d 0100     		.2byte	0x1
 2098 035f 52       		.byte	0x52
 2099 0360 7A000000 		.4byte	.LVL33
 2100 0364 9A000000 		.4byte	.LVL37
 2101 0368 0100     		.2byte	0x1
 2102 036a 53       		.byte	0x53
 2103 036b A0000000 		.4byte	.LVL38
 2104 036f A2000000 		.4byte	.LVL39
 2105 0373 0200     		.2byte	0x2
 2106 0375 74       		.byte	0x74
 2107 0376 00       		.sleb128 0
ARM GAS  /tmp/cc0C8yA2.s 			page 38


 2108 0377 A2000000 		.4byte	.LVL39
 2109 037b A6000000 		.4byte	.LVL40
 2110 037f 0200     		.2byte	0x2
 2111 0381 74       		.byte	0x74
 2112 0382 7F       		.sleb128 -1
 2113 0383 A6000000 		.4byte	.LVL40
 2114 0387 1E010000 		.4byte	.LVL41
 2115 038b 0100     		.2byte	0x1
 2116 038d 53       		.byte	0x53
 2117 038e 1E010000 		.4byte	.LVL41
 2118 0392 20010000 		.4byte	.LVL42
 2119 0396 0200     		.2byte	0x2
 2120 0398 74       		.byte	0x74
 2121 0399 7F       		.sleb128 -1
 2122 039a 20010000 		.4byte	.LVL42
 2123 039e 22010000 		.4byte	.LVL43
 2124 03a2 0200     		.2byte	0x2
 2125 03a4 71       		.byte	0x71
 2126 03a5 00       		.sleb128 0
 2127 03a6 22010000 		.4byte	.LVL43
 2128 03aa 2A010000 		.4byte	.LVL45
 2129 03ae 0100     		.2byte	0x1
 2130 03b0 52       		.byte	0x52
 2131 03b1 2E010000 		.4byte	.LVL46
 2132 03b5 46010000 		.4byte	.LVL47
 2133 03b9 0200     		.2byte	0x2
 2134 03bb 74       		.byte	0x74
 2135 03bc 7F       		.sleb128 -1
 2136 03bd 54010000 		.4byte	.LVL49
 2137 03c1 5A010000 		.4byte	.LVL50
 2138 03c5 0100     		.2byte	0x1
 2139 03c7 53       		.byte	0x53
 2140 03c8 DE010000 		.4byte	.LVL70
 2141 03cc E0010000 		.4byte	.LVL71
 2142 03d0 0100     		.2byte	0x1
 2143 03d2 53       		.byte	0x53
 2144 03d3 E0010000 		.4byte	.LVL71
 2145 03d7 E6010000 		.4byte	.LVL72
 2146 03db 0400     		.2byte	0x4
 2147 03dd 72       		.byte	0x72
 2148 03de C400     		.sleb128 68
 2149 03e0 9F       		.byte	0x9f
 2150 03e1 1E020000 		.4byte	.LVL82
 2151 03e5 20020000 		.4byte	.LVL83
 2152 03e9 0100     		.2byte	0x1
 2153 03eb 53       		.byte	0x53
 2154 03ec 38020000 		.4byte	.LVL87
 2155 03f0 3A020000 		.4byte	.LVL88
 2156 03f4 0100     		.2byte	0x1
 2157 03f6 53       		.byte	0x53
 2158 03f7 48020000 		.4byte	.LVL91
 2159 03fb 4A020000 		.4byte	.LVL92
 2160 03ff 0100     		.2byte	0x1
 2161 0401 53       		.byte	0x53
 2162 0402 4A020000 		.4byte	.LVL92
 2163 0406 4C020000 		.4byte	.LVL93
 2164 040a 0400     		.2byte	0x4
ARM GAS  /tmp/cc0C8yA2.s 			page 39


 2165 040c 72       		.byte	0x72
 2166 040d C400     		.sleb128 68
 2167 040f 9F       		.byte	0x9f
 2168 0410 68020000 		.4byte	.LVL98
 2169 0414 74020000 		.4byte	.LVL100
 2170 0418 0100     		.2byte	0x1
 2171 041a 53       		.byte	0x53
 2172 041b 74020000 		.4byte	.LVL100
 2173 041f 78020000 		.4byte	.LVL101
 2174 0423 0200     		.2byte	0x2
 2175 0425 38       		.byte	0x38
 2176 0426 9F       		.byte	0x9f
 2177 0427 00000000 		.4byte	0
 2178 042b 00000000 		.4byte	0
 2179              	.LLST14:
 2180 042f 5C000000 		.4byte	.LVL26
 2181 0433 64000000 		.4byte	.LVL27
 2182 0437 0300     		.2byte	0x3
 2183 0439 08       		.byte	0x8
 2184 043a 20       		.byte	0x20
 2185 043b 9F       		.byte	0x9f
 2186 043c 64000000 		.4byte	.LVL27
 2187 0440 54010000 		.4byte	.LVL49
 2188 0444 0100     		.2byte	0x1
 2189 0446 57       		.byte	0x57
 2190 0447 54010000 		.4byte	.LVL49
 2191 044b A2010000 		.4byte	.LVL60
 2192 044f 0300     		.2byte	0x3
 2193 0451 08       		.byte	0x8
 2194 0452 20       		.byte	0x20
 2195 0453 9F       		.byte	0x9f
 2196 0454 A2010000 		.4byte	.LVL60
 2197 0458 AC010000 		.4byte	.LVL62
 2198 045c 0100     		.2byte	0x1
 2199 045e 57       		.byte	0x57
 2200 045f DE010000 		.4byte	.LVL70
 2201 0463 F2010000 		.4byte	.LVL74
 2202 0467 0300     		.2byte	0x3
 2203 0469 08       		.byte	0x8
 2204 046a 20       		.byte	0x20
 2205 046b 9F       		.byte	0x9f
 2206 046c F2010000 		.4byte	.LVL74
 2207 0470 00020000 		.4byte	.LVL77
 2208 0474 0100     		.2byte	0x1
 2209 0476 57       		.byte	0x57
 2210 0477 1E020000 		.4byte	.LVL82
 2211 047b 78020000 		.4byte	.LVL101
 2212 047f 0100     		.2byte	0x1
 2213 0481 57       		.byte	0x57
 2214 0482 78020000 		.4byte	.LVL101
 2215 0486 80020000 		.4byte	.LVL103
 2216 048a 0300     		.2byte	0x3
 2217 048c 08       		.byte	0x8
 2218 048d 30       		.byte	0x30
 2219 048e 9F       		.byte	0x9f
 2220 048f 8A020000 		.4byte	.LVL105
 2221 0493 A4020000 		.4byte	.LVL110
ARM GAS  /tmp/cc0C8yA2.s 			page 40


 2222 0497 0100     		.2byte	0x1
 2223 0499 57       		.byte	0x57
 2224 049a BA020000 		.4byte	.LVL114
 2225 049e C8020000 		.4byte	.LFE9
 2226 04a2 0300     		.2byte	0x3
 2227 04a4 08       		.byte	0x8
 2228 04a5 20       		.byte	0x20
 2229 04a6 9F       		.byte	0x9f
 2230 04a7 00000000 		.4byte	0
 2231 04ab 00000000 		.4byte	0
 2232              	.LLST15:
 2233 04af A2010000 		.4byte	.LVL60
 2234 04b3 AC010000 		.4byte	.LVL62
 2235 04b7 0100     		.2byte	0x1
 2236 04b9 5A       		.byte	0x5a
 2237 04ba AC010000 		.4byte	.LVL62
 2238 04be B8010000 		.4byte	.LVL64
 2239 04c2 0300     		.2byte	0x3
 2240 04c4 7A       		.byte	0x7a
 2241 04c5 7F       		.sleb128 -1
 2242 04c6 9F       		.byte	0x9f
 2243 04c7 F2010000 		.4byte	.LVL74
 2244 04cb 0E020000 		.4byte	.LVL79
 2245 04cf 0100     		.2byte	0x1
 2246 04d1 5A       		.byte	0x5a
 2247 04d2 A4020000 		.4byte	.LVL110
 2248 04d6 BA020000 		.4byte	.LVL114
 2249 04da 0100     		.2byte	0x1
 2250 04dc 5A       		.byte	0x5a
 2251 04dd 00000000 		.4byte	0
 2252 04e1 00000000 		.4byte	0
 2253              	.LLST16:
 2254 04e5 90000000 		.4byte	.LVL35
 2255 04e9 92000000 		.4byte	.LVL36
 2256 04ed 0200     		.2byte	0x2
 2257 04ef 30       		.byte	0x30
 2258 04f0 9F       		.byte	0x9f
 2259 04f1 92000000 		.4byte	.LVL36
 2260 04f5 26010000 		.4byte	.LVL44
 2261 04f9 0100     		.2byte	0x1
 2262 04fb 50       		.byte	0x50
 2263 04fc 26010000 		.4byte	.LVL44
 2264 0500 2A010000 		.4byte	.LVL45
 2265 0504 0500     		.2byte	0x5
 2266 0506 70       		.byte	0x70
 2267 0507 00       		.sleb128 0
 2268 0508 31       		.byte	0x31
 2269 0509 24       		.byte	0x24
 2270 050a 9F       		.byte	0x9f
 2271 050b 2A010000 		.4byte	.LVL45
 2272 050f 82010000 		.4byte	.LVL55
 2273 0513 0100     		.2byte	0x1
 2274 0515 50       		.byte	0x50
 2275 0516 82010000 		.4byte	.LVL55
 2276 051a 86010000 		.4byte	.LVL56
 2277 051e 0300     		.2byte	0x3
 2278 0520 70       		.byte	0x70
ARM GAS  /tmp/cc0C8yA2.s 			page 41


 2279 0521 7F       		.sleb128 -1
 2280 0522 9F       		.byte	0x9f
 2281 0523 DE010000 		.4byte	.LVL70
 2282 0527 F2010000 		.4byte	.LVL74
 2283 052b 0100     		.2byte	0x1
 2284 052d 50       		.byte	0x50
 2285 052e 1E020000 		.4byte	.LVL82
 2286 0532 2A020000 		.4byte	.LVL85
 2287 0536 0100     		.2byte	0x1
 2288 0538 50       		.byte	0x50
 2289 0539 38020000 		.4byte	.LVL87
 2290 053d 42020000 		.4byte	.LVL89
 2291 0541 0100     		.2byte	0x1
 2292 0543 50       		.byte	0x50
 2293 0544 48020000 		.4byte	.LVL91
 2294 0548 58020000 		.4byte	.LVL95
 2295 054c 0100     		.2byte	0x1
 2296 054e 50       		.byte	0x50
 2297 054f 68020000 		.4byte	.LVL98
 2298 0553 78020000 		.4byte	.LVL101
 2299 0557 0100     		.2byte	0x1
 2300 0559 50       		.byte	0x50
 2301 055a 8A020000 		.4byte	.LVL105
 2302 055e 94020000 		.4byte	.LVL107
 2303 0562 0100     		.2byte	0x1
 2304 0564 50       		.byte	0x50
 2305 0565 C2020000 		.4byte	.LVL115
 2306 0569 C8020000 		.4byte	.LFE9
 2307 056d 0100     		.2byte	0x1
 2308 056f 50       		.byte	0x50
 2309 0570 00000000 		.4byte	0
 2310 0574 00000000 		.4byte	0
 2311              	.LLST17:
 2312 0578 64000000 		.4byte	.LVL27
 2313 057c 6C000000 		.4byte	.LVL29
 2314 0580 0200     		.2byte	0x2
 2315 0582 30       		.byte	0x30
 2316 0583 9F       		.byte	0x9f
 2317 0584 6C000000 		.4byte	.LVL29
 2318 0588 74000000 		.4byte	.LVL32
 2319 058c 0100     		.2byte	0x1
 2320 058e 55       		.byte	0x55
 2321 058f 7A000000 		.4byte	.LVL33
 2322 0593 A0010000 		.4byte	.LVL59
 2323 0597 0100     		.2byte	0x1
 2324 0599 55       		.byte	0x55
 2325 059a A2010000 		.4byte	.LVL60
 2326 059e B8010000 		.4byte	.LVL64
 2327 05a2 0100     		.2byte	0x1
 2328 05a4 55       		.byte	0x55
 2329 05a5 C8010000 		.4byte	.LVL67
 2330 05a9 D8010000 		.4byte	.LVL68
 2331 05ad 0100     		.2byte	0x1
 2332 05af 55       		.byte	0x55
 2333 05b0 D8010000 		.4byte	.LVL68
 2334 05b4 DA010000 		.4byte	.LVL69
 2335 05b8 0300     		.2byte	0x3
ARM GAS  /tmp/cc0C8yA2.s 			page 42


 2336 05ba 75       		.byte	0x75
 2337 05bb 7F       		.sleb128 -1
 2338 05bc 9F       		.byte	0x9f
 2339 05bd DA010000 		.4byte	.LVL69
 2340 05c1 18020000 		.4byte	.LVL80
 2341 05c5 0100     		.2byte	0x1
 2342 05c7 55       		.byte	0x55
 2343 05c8 18020000 		.4byte	.LVL80
 2344 05cc 1A020000 		.4byte	.LVL81
 2345 05d0 0300     		.2byte	0x3
 2346 05d2 75       		.byte	0x75
 2347 05d3 01       		.sleb128 1
 2348 05d4 9F       		.byte	0x9f
 2349 05d5 1A020000 		.4byte	.LVL81
 2350 05d9 78020000 		.4byte	.LVL101
 2351 05dd 0100     		.2byte	0x1
 2352 05df 55       		.byte	0x55
 2353 05e0 8A020000 		.4byte	.LVL105
 2354 05e4 C8020000 		.4byte	.LFE9
 2355 05e8 0100     		.2byte	0x1
 2356 05ea 55       		.byte	0x55
 2357 05eb 00000000 		.4byte	0
 2358 05ef 00000000 		.4byte	0
 2359              	.LLST18:
 2360 05f3 9A000000 		.4byte	.LVL37
 2361 05f7 A6000000 		.4byte	.LVL40
 2362 05fb 0200     		.2byte	0x2
 2363 05fd 31       		.byte	0x31
 2364 05fe 9F       		.byte	0x9f
 2365 05ff A6000000 		.4byte	.LVL40
 2366 0603 1E010000 		.4byte	.LVL41
 2367 0607 0100     		.2byte	0x1
 2368 0609 51       		.byte	0x51
 2369 060a 52010000 		.4byte	.LVL48
 2370 060e 54010000 		.4byte	.LVL49
 2371 0612 0E00     		.2byte	0xe
 2372 0614 73       		.byte	0x73
 2373 0615 BF7F     		.sleb128 -65
 2374 0617 40       		.byte	0x40
 2375 0618 4B       		.byte	0x4b
 2376 0619 24       		.byte	0x24
 2377 061a 22       		.byte	0x22
 2378 061b 0C       		.byte	0xc
 2379 061c 19000080 		.4byte	0x80000019
 2380 0620 2C       		.byte	0x2c
 2381 0621 9F       		.byte	0x9f
 2382 0622 54010000 		.4byte	.LVL49
 2383 0626 6C010000 		.4byte	.LVL53
 2384 062a 0100     		.2byte	0x1
 2385 062c 51       		.byte	0x51
 2386 062d DE010000 		.4byte	.LVL70
 2387 0631 F2010000 		.4byte	.LVL74
 2388 0635 0100     		.2byte	0x1
 2389 0637 51       		.byte	0x51
 2390 0638 1E020000 		.4byte	.LVL82
 2391 063c 26020000 		.4byte	.LVL84
 2392 0640 0100     		.2byte	0x1
ARM GAS  /tmp/cc0C8yA2.s 			page 43


 2393 0642 51       		.byte	0x51
 2394 0643 38020000 		.4byte	.LVL87
 2395 0647 44020000 		.4byte	.LVL90
 2396 064b 0100     		.2byte	0x1
 2397 064d 51       		.byte	0x51
 2398 064e 48020000 		.4byte	.LVL91
 2399 0652 50020000 		.4byte	.LVL94
 2400 0656 0100     		.2byte	0x1
 2401 0658 51       		.byte	0x51
 2402 0659 68020000 		.4byte	.LVL98
 2403 065d 78020000 		.4byte	.LVL101
 2404 0661 0100     		.2byte	0x1
 2405 0663 51       		.byte	0x51
 2406 0664 8A020000 		.4byte	.LVL105
 2407 0668 8C020000 		.4byte	.LVL106
 2408 066c 0100     		.2byte	0x1
 2409 066e 51       		.byte	0x51
 2410 066f 00000000 		.4byte	0
 2411 0673 00000000 		.4byte	0
 2412              	.LLST19:
 2413 0677 4E000000 		.4byte	.LVL25
 2414 067b 5C000000 		.4byte	.LVL26
 2415 067f 0200     		.2byte	0x2
 2416 0681 30       		.byte	0x30
 2417 0682 9F       		.byte	0x9f
 2418 0683 5C000000 		.4byte	.LVL26
 2419 0687 B6010000 		.4byte	.LVL63
 2420 068b 0100     		.2byte	0x1
 2421 068d 5B       		.byte	0x5b
 2422 068e DE010000 		.4byte	.LVL70
 2423 0692 80020000 		.4byte	.LVL103
 2424 0696 0100     		.2byte	0x1
 2425 0698 5B       		.byte	0x5b
 2426 0699 80020000 		.4byte	.LVL103
 2427 069d 82020000 		.4byte	.LVL104
 2428 06a1 0200     		.2byte	0x2
 2429 06a3 30       		.byte	0x30
 2430 06a4 9F       		.byte	0x9f
 2431 06a5 82020000 		.4byte	.LVL104
 2432 06a9 8A020000 		.4byte	.LVL105
 2433 06ad 0200     		.2byte	0x2
 2434 06af 31       		.byte	0x31
 2435 06b0 9F       		.byte	0x9f
 2436 06b1 8A020000 		.4byte	.LVL105
 2437 06b5 C8020000 		.4byte	.LFE9
 2438 06b9 0100     		.2byte	0x1
 2439 06bb 5B       		.byte	0x5b
 2440 06bc 00000000 		.4byte	0
 2441 06c0 00000000 		.4byte	0
 2442              	.LLST20:
 2443 06c4 2A020000 		.4byte	.LVL85
 2444 06c8 2F020000 		.4byte	.LVL86-1
 2445 06cc 0100     		.2byte	0x1
 2446 06ce 51       		.byte	0x51
 2447 06cf 44020000 		.4byte	.LVL90
 2448 06d3 48020000 		.4byte	.LVL91
 2449 06d7 0100     		.2byte	0x1
ARM GAS  /tmp/cc0C8yA2.s 			page 44


 2450 06d9 51       		.byte	0x51
 2451 06da 50020000 		.4byte	.LVL94
 2452 06de 5F020000 		.4byte	.LVL97-1
 2453 06e2 0100     		.2byte	0x1
 2454 06e4 51       		.byte	0x51
 2455 06e5 8C020000 		.4byte	.LVL106
 2456 06e9 A4020000 		.4byte	.LVL110
 2457 06ed 0100     		.2byte	0x1
 2458 06ef 51       		.byte	0x51
 2459 06f0 00000000 		.4byte	0
 2460 06f4 00000000 		.4byte	0
 2461              	.LLST21:
 2462 06f8 2A020000 		.4byte	.LVL85
 2463 06fc 2F020000 		.4byte	.LVL86-1
 2464 0700 0100     		.2byte	0x1
 2465 0702 52       		.byte	0x52
 2466 0703 00000000 		.4byte	0
 2467 0707 00000000 		.4byte	0
 2468              	.LLST22:
 2469 070b 2A020000 		.4byte	.LVL85
 2470 070f 2F020000 		.4byte	.LVL86-1
 2471 0713 0100     		.2byte	0x1
 2472 0715 51       		.byte	0x51
 2473 0716 00000000 		.4byte	0
 2474 071a 00000000 		.4byte	0
 2475              	.LLST23:
 2476 071e 2A020000 		.4byte	.LVL85
 2477 0722 38020000 		.4byte	.LVL87
 2478 0726 0100     		.2byte	0x1
 2479 0728 58       		.byte	0x58
 2480 0729 00000000 		.4byte	0
 2481 072d 00000000 		.4byte	0
 2482              	.LLST24:
 2483 0731 5A020000 		.4byte	.LVL96
 2484 0735 68020000 		.4byte	.LVL98
 2485 0739 0200     		.2byte	0x2
 2486 073b 3A       		.byte	0x3a
 2487 073c 9F       		.byte	0x9f
 2488 073d 00000000 		.4byte	0
 2489 0741 00000000 		.4byte	0
 2490              	.LLST25:
 2491 0745 5A020000 		.4byte	.LVL96
 2492 0749 5F020000 		.4byte	.LVL97-1
 2493 074d 0100     		.2byte	0x1
 2494 074f 51       		.byte	0x51
 2495 0750 00000000 		.4byte	0
 2496 0754 00000000 		.4byte	0
 2497              	.LLST26:
 2498 0758 5A020000 		.4byte	.LVL96
 2499 075c 5F020000 		.4byte	.LVL97-1
 2500 0760 0100     		.2byte	0x1
 2501 0762 50       		.byte	0x50
 2502 0763 00000000 		.4byte	0
 2503 0767 00000000 		.4byte	0
 2504              		.section	.debug_aranges,"",%progbits
 2505 0000 24000000 		.4byte	0x24
 2506 0004 0200     		.2byte	0x2
ARM GAS  /tmp/cc0C8yA2.s 			page 45


 2507 0006 00000000 		.4byte	.Ldebug_info0
 2508 000a 04       		.byte	0x4
 2509 000b 00       		.byte	0
 2510 000c 0000     		.2byte	0
 2511 000e 0000     		.2byte	0
 2512 0010 00000000 		.4byte	.LFB10
 2513 0014 4C000000 		.4byte	.LFE10-.LFB10
 2514 0018 00000000 		.4byte	.LFB9
 2515 001c C8020000 		.4byte	.LFE9-.LFB9
 2516 0020 00000000 		.4byte	0
 2517 0024 00000000 		.4byte	0
 2518              		.section	.debug_ranges,"",%progbits
 2519              	.Ldebug_ranges0:
 2520 0000 00000000 		.4byte	.LFB10
 2521 0004 4C000000 		.4byte	.LFE10
 2522 0008 00000000 		.4byte	.LFB9
 2523 000c C8020000 		.4byte	.LFE9
 2524 0010 00000000 		.4byte	0
 2525 0014 00000000 		.4byte	0
 2526              		.section	.debug_line,"",%progbits
 2527              	.Ldebug_line0:
 2528 0000 EF020000 		.section	.debug_str,"MS",%progbits,1
 2528      02008E01 
 2528      00000201 
 2528      FB0E0D00 
 2528      01010101 
 2529              	.LASF2:
 2530 0000 73697A65 		.ascii	"size_t\000"
 2530      5F7400
 2531              	.LASF36:
 2532 0007 2F686F6D 		.ascii	"/home/rob/Projects/stm32/src/rocket_tracks\000"
 2532      652F726F 
 2532      622F5072 
 2532      6F6A6563 
 2532      74732F73 
 2533              	.LASF31:
 2534 0032 69735F6C 		.ascii	"is_long\000"
 2534      6F6E6700 
 2535              	.LASF24:
 2536 003a 72616469 		.ascii	"radix\000"
 2536      7800
 2537              	.LASF14:
 2538 0040 626F6F6C 		.ascii	"bool_t\000"
 2538      5F7400
 2539              	.LASF26:
 2540 0047 6C6F6E67 		.ascii	"long_to_string_with_divisor\000"
 2540      5F746F5F 
 2540      73747269 
 2540      6E675F77 
 2540      6974685F 
 2541              	.LASF5:
 2542 0063 75696E74 		.ascii	"uint8_t\000"
 2542      385F7400 
 2543              	.LASF1:
 2544 006b 76615F6C 		.ascii	"va_list\000"
 2544      69737400 
 2545              	.LASF23:
ARM GAS  /tmp/cc0C8yA2.s 			page 46


 2546 0073 42617365 		.ascii	"BaseSequentialStream\000"
 2546      53657175 
 2546      656E7469 
 2546      616C5374 
 2546      7265616D 
 2547              	.LASF6:
 2548 0088 756E7369 		.ascii	"unsigned char\000"
 2548      676E6564 
 2548      20636861 
 2548      7200
 2549              	.LASF11:
 2550 0096 6C6F6E67 		.ascii	"long unsigned int\000"
 2550      20756E73 
 2550      69676E65 
 2550      6420696E 
 2550      7400
 2551              	.LASF8:
 2552 00a8 73686F72 		.ascii	"short unsigned int\000"
 2552      7420756E 
 2552      7369676E 
 2552      65642069 
 2552      6E7400
 2553              	.LASF21:
 2554 00bb 77726974 		.ascii	"write\000"
 2554      6500
 2555              	.LASF30:
 2556 00c1 77696474 		.ascii	"width\000"
 2556      6800
 2557              	.LASF38:
 2558 00c7 63687072 		.ascii	"chprintf\000"
 2558      696E7466 
 2558      00
 2559              	.LASF0:
 2560 00d0 5F5F676E 		.ascii	"__gnuc_va_list\000"
 2560      75635F76 
 2560      615F6C69 
 2560      737400
 2561              	.LASF22:
 2562 00df 72656164 		.ascii	"read\000"
 2562      00
 2563              	.LASF28:
 2564 00e4 66696C6C 		.ascii	"filler\000"
 2564      657200
 2565              	.LASF3:
 2566 00eb 756E7369 		.ascii	"unsigned int\000"
 2566      676E6564 
 2566      20696E74 
 2566      00
 2567              	.LASF13:
 2568 00f8 6C6F6E67 		.ascii	"long long unsigned int\000"
 2568      206C6F6E 
 2568      6720756E 
 2568      7369676E 
 2568      65642069 
 2569              	.LASF25:
 2570 010f 64697669 		.ascii	"divisor\000"
 2570      736F7200 
ARM GAS  /tmp/cc0C8yA2.s 			page 47


 2571              	.LASF37:
 2572 0117 5F5F6170 		.ascii	"__ap\000"
 2572      00
 2573              	.LASF16:
 2574 011c 6D73675F 		.ascii	"msg_t\000"
 2574      7400
 2575              	.LASF9:
 2576 0122 696E7433 		.ascii	"int32_t\000"
 2576      325F7400 
 2577              	.LASF17:
 2578 012a 73697A65 		.ascii	"sizetype\000"
 2578      74797065 
 2578      00
 2579              	.LASF33:
 2580 0133 746D7062 		.ascii	"tmpbuf\000"
 2580      756600
 2581              	.LASF19:
 2582 013a 5F5F7661 		.ascii	"__va_list\000"
 2582      5F6C6973 
 2582      7400
 2583              	.LASF12:
 2584 0144 6C6F6E67 		.ascii	"long long int\000"
 2584      206C6F6E 
 2584      6720696E 
 2584      7400
 2585              	.LASF29:
 2586 0152 70726563 		.ascii	"precision\000"
 2586      6973696F 
 2586      6E00
 2587              	.LASF18:
 2588 015c 63686172 		.ascii	"char\000"
 2588      00
 2589              	.LASF34:
 2590 0161 474E5520 		.ascii	"GNU C 4.7.2\000"
 2590      4320342E 
 2590      372E3200 
 2591              	.LASF32:
 2592 016d 6C656674 		.ascii	"left_align\000"
 2592      5F616C69 
 2592      676E00
 2593              	.LASF7:
 2594 0178 73686F72 		.ascii	"short int\000"
 2594      7420696E 
 2594      7400
 2595              	.LASF39:
 2596 0182 756E7369 		.ascii	"unsigned_common\000"
 2596      676E6564 
 2596      5F636F6D 
 2596      6D6F6E00 
 2597              	.LASF10:
 2598 0192 6C6F6E67 		.ascii	"long int\000"
 2598      20696E74 
 2598      00
 2599              	.LASF4:
 2600 019b 7369676E 		.ascii	"signed char\000"
 2600      65642063 
 2600      68617200 
ARM GAS  /tmp/cc0C8yA2.s 			page 48


 2601              	.LASF27:
 2602 01a7 6C746F61 		.ascii	"ltoa\000"
 2602      00
 2603              	.LASF15:
 2604 01ac 5F426F6F 		.ascii	"_Bool\000"
 2604      6C00
 2605              	.LASF20:
 2606 01b2 42617365 		.ascii	"BaseSequentialStreamVMT\000"
 2606      53657175 
 2606      656E7469 
 2606      616C5374 
 2606      7265616D 
 2607              	.LASF35:
 2608 01ca 2E2E2F2E 		.ascii	"../../ChibiOS/os/various/chprintf.c\000"
 2608      2E2F4368 
 2608      6962694F 
 2608      532F6F73 
 2608      2F766172 
 2609              		.ident	"GCC: (crosstool-NG 1.17.0 - PSAS ST32F4 GFE) 4.7.2"
ARM GAS  /tmp/cc0C8yA2.s 			page 49


DEFINED SYMBOLS
                            *ABS*:0000000000000000 chprintf.c
     /tmp/cc0C8yA2.s:21     .text.long_to_string_with_divisor.constprop.0:0000000000000000 $t
     /tmp/cc0C8yA2.s:26     .text.long_to_string_with_divisor.constprop.0:0000000000000000 long_to_string_with_divisor.constprop.0
     /tmp/cc0C8yA2.s:108    .text.chprintf:0000000000000000 $t
     /tmp/cc0C8yA2.s:114    .text.chprintf:0000000000000000 chprintf
     /tmp/cc0C8yA2.s:281    .text.chprintf:00000000000000b4 $d
     /tmp/cc0C8yA2.s:337    .text.chprintf:000000000000011e $t
     /tmp/cc0C8yA2.s:710    .rodata.str1.4:0000000000000000 .LC0
     /tmp/cc0C8yA2.s:709    .rodata.str1.4:0000000000000000 $d
                     .debug_frame:0000000000000010 $d

NO UNDEFINED SYMBOLS
