ARM GAS  /tmp/ccNmElye.s 			page 1


   1              		.syntax unified
   2              		.cpu cortex-m4
   3              		.eabi_attribute 27, 3
   4              		.eabi_attribute 28, 1
   5              		.fpu fpv4-sp-d16
   6              		.eabi_attribute 20, 1
   7              		.eabi_attribute 21, 1
   8              		.eabi_attribute 23, 3
   9              		.eabi_attribute 24, 1
  10              		.eabi_attribute 25, 1
  11              		.eabi_attribute 26, 1
  12              		.eabi_attribute 30, 2
  13              		.eabi_attribute 34, 1
  14              		.eabi_attribute 18, 4
  15              		.thumb
  16              		.file	"chsys.c"
  17              		.text
  18              	.Ltext0:
  19              		.cfi_sections	.debug_frame
  20              		.section	.text._idle_thread,"ax",%progbits
  21              		.align	2
  22              		.p2align 4,,15
  23              		.global	_idle_thread
  24              		.thumb
  25              		.thumb_func
  26              		.type	_idle_thread, %function
  27              	_idle_thread:
  28              	.LFB7:
  29              		.file 1 "../../ChibiOS/os/kernel/src/chsys.c"
  30              		.loc 1 54 0
  31              		.cfi_startproc
  32              		@ args = 0, pretend = 0, frame = 0
  33              		@ frame_needed = 0, uses_anonymous_args = 0
  34              		@ link register save eliminated.
  35              	.LVL0:
  36              		.loc 1 57 0
  37 0000 024B     		ldr	r3, .L4
  38 0002 034A     		ldr	r2, .L4+4
  39 0004 9B69     		ldr	r3, [r3, #24]
  40 0006 9A61     		str	r2, [r3, #24]
  41              	.L2:
  42 0008 FEE7     		b	.L2
  43              	.L5:
  44 000a 00BF     		.align	2
  45              	.L4:
  46 000c 00000000 		.word	rlist
  47 0010 00000000 		.word	.LC0
  48              		.cfi_endproc
  49              	.LFE7:
  50              		.size	_idle_thread, .-_idle_thread
  51 0014 AFF30080 		.section	.text.chSysInit,"ax",%progbits
  51      AFF30080 
  51      AFF30080 
  52              		.align	2
  53              		.p2align 4,,15
  54              		.global	chSysInit
  55              		.thumb
ARM GAS  /tmp/ccNmElye.s 			page 2


  56              		.thumb_func
  57              		.type	chSysInit, %function
  58              	chSysInit:
  59              	.LFB8:
  60              		.loc 1 77 0
  61              		.cfi_startproc
  62              		@ args = 0, pretend = 0, frame = 0
  63              		@ frame_needed = 0, uses_anonymous_args = 0
  64 0000 30B5     		push	{r4, r5, lr}
  65              	.LCFI0:
  66              		.cfi_def_cfa_offset 12
  67              		.cfi_offset 4, -12
  68              		.cfi_offset 5, -8
  69              		.cfi_offset 14, -4
  70 0002 83B0     		sub	sp, sp, #12
  71              	.LCFI1:
  72              		.cfi_def_cfa_offset 24
  73              		.loc 1 83 0
  74 0004 FFF7FEFF 		bl	_port_init
  75              	.LVL1:
  76              		.loc 1 84 0
  77 0008 FFF7FEFF 		bl	_scheduler_init
  78              	.LVL2:
  79              		.loc 1 85 0
  80 000c FFF7FEFF 		bl	_vt_init
  81              	.LVL3:
  82              		.loc 1 87 0
  83 0010 FFF7FEFF 		bl	_core_init
  84              	.LVL4:
  85              		.loc 1 90 0
  86 0014 FFF7FEFF 		bl	_heap_init
  87              	.LVL5:
  88              		.loc 1 93 0
  89 0018 FFF7FEFF 		bl	_trace_init
  90              	.LVL6:
  91              		.loc 1 97 0
  92 001c 40F20000 		movw	r0, #:lower16:.LANCHOR0
  93 0020 4021     		movs	r1, #64
  94 0022 C0F20000 		movt	r0, #:upper16:.LANCHOR0
  95 0026 FFF7FEFF 		bl	_thread_init
  96              	.LVL7:
  97 002a 40F20004 		movw	r4, #:lower16:rlist
  98              		.loc 1 102 0
  99 002e 40F20003 		movw	r3, #:lower16:__main_thread_stack_base__
 100 0032 C0F20003 		movt	r3, #:upper16:__main_thread_stack_base__
 101              		.loc 1 97 0
 102 0036 C0F20004 		movt	r4, #:upper16:rlist
 103              		.loc 1 98 0
 104 003a 0125     		movs	r5, #1
 105              		.loc 1 102 0
 106 003c C361     		str	r3, [r0, #28]
 107              		.loc 1 98 0
 108 003e 80F82050 		strb	r5, [r0, #32]
 109              		.loc 1 97 0
 110 0042 A061     		str	r0, [r4, #24]
 111              		.loc 1 104 0
 112 0044 FFF7FEFF 		bl	dbg_check_enable
ARM GAS  /tmp/ccNmElye.s 			page 3


 113              	.LVL8:
 114              	.LBB2:
 115 0048 0023     		movs	r3, #0
 116              	.LVL9:
 117              	@ 104 "../../ChibiOS/os/kernel/src/chsys.c" 1
 118 004a 83F31188 		msr     BASEPRI, r3                    
 119 004e 62B6     		cpsie   i
 120              	@ 0 "" 2
 121              	.LVL10:
 122              		.thumb
 123              	.LBE2:
 124              		.loc 1 108 0
 125 0050 40F20001 		movw	r1, #:lower16:ch_debug
 126 0054 A269     		ldr	r2, [r4, #24]
 127 0056 C0F20001 		movt	r1, #:upper16:ch_debug
 128 005a 9161     		str	r1, [r2, #24]
 129              		.loc 1 114 0
 130 005c 40F20000 		movw	r0, #:lower16:.LANCHOR1
 131 0060 0093     		str	r3, [sp, #0]
 132 0062 40F20003 		movw	r3, #:lower16:_idle_thread
 133              	.LVL11:
 134 0066 C021     		movs	r1, #192
 135 0068 2A46     		mov	r2, r5
 136 006a C0F20003 		movt	r3, #:upper16:_idle_thread
 137 006e C0F20000 		movt	r0, #:upper16:.LANCHOR1
 138 0072 FFF7FEFF 		bl	chThdCreateStatic
 139              	.LVL12:
 140              		.loc 1 117 0
 141 0076 03B0     		add	sp, sp, #12
 142 0078 30BD     		pop	{r4, r5, pc}
 143              		.cfi_endproc
 144              	.LFE8:
 145              		.size	chSysInit, .-chSysInit
 146 007a 00BFAFF3 		.section	.text.chSysTimerHandlerI,"ax",%progbits
 146      0080
 147              		.align	2
 148              		.p2align 4,,15
 149              		.global	chSysTimerHandlerI
 150              		.thumb
 151              		.thumb_func
 152              		.type	chSysTimerHandlerI, %function
 153              	chSysTimerHandlerI:
 154              	.LFB9:
 155              		.loc 1 130 0
 156              		.cfi_startproc
 157              		@ args = 0, pretend = 0, frame = 0
 158              		@ frame_needed = 0, uses_anonymous_args = 0
 159 0000 F8B5     		push	{r3, r4, r5, r6, r7, lr}
 160              	.LCFI2:
 161              		.cfi_def_cfa_offset 24
 162              		.cfi_offset 3, -24
 163              		.cfi_offset 4, -20
 164              		.cfi_offset 5, -16
 165              		.cfi_offset 6, -12
 166              		.cfi_offset 7, -8
 167              		.cfi_offset 14, -4
 168              		.loc 1 132 0
ARM GAS  /tmp/ccNmElye.s 			page 4


 169 0002 FFF7FEFF 		bl	chDbgCheckClassI
 170              	.LVL13:
 171              		.loc 1 136 0
 172 0006 164B     		ldr	r3, .L20
 173 0008 9B69     		ldr	r3, [r3, #24]
 174 000a 93F82320 		ldrb	r2, [r3, #35]	@ zero_extendqisi2
 175 000e 12B1     		cbz	r2, .L8
 176              		.loc 1 138 0
 177 0010 013A     		subs	r2, r2, #1
 178 0012 83F82320 		strb	r2, [r3, #35]
 179              	.L8:
 180              		.loc 1 141 0
 181 0016 5A6A     		ldr	r2, [r3, #36]
 182              		.loc 1 143 0
 183 0018 124D     		ldr	r5, .L20+4
 184              		.loc 1 141 0
 185 001a 0132     		adds	r2, r2, #1
 186 001c 5A62     		str	r2, [r3, #36]
 187              		.loc 1 143 0
 188 001e EB68     		ldr	r3, [r5, #12]
 189 0020 2C68     		ldr	r4, [r5, #0]
 190 0022 0133     		adds	r3, r3, #1
 191 0024 AC42     		cmp	r4, r5
 192 0026 EB60     		str	r3, [r5, #12]
 193 0028 18D0     		beq	.L7
 194              	.LBB3:
 195              		.loc 1 143 0 is_stmt 0 discriminator 1
 196 002a A768     		ldr	r7, [r4, #8]
 197 002c 013F     		subs	r7, r7, #1
 198 002e A760     		str	r7, [r4, #8]
 199              	.LVL14:
 200 0030 A7B9     		cbnz	r7, .L7
 201              	.L16:
 202              	.LBB4:
 203              		.loc 1 143 0 discriminator 3
 204 0032 2368     		ldr	r3, [r4, #0]
 205 0034 E668     		ldr	r6, [r4, #12]
 206              	.LVL15:
 207 0036 5D60     		str	r5, [r3, #4]
 208 0038 E760     		str	r7, [r4, #12]
 209 003a 2B60     		str	r3, [r5, #0]
 210 003c FFF7FEFF 		bl	dbg_check_unlock_from_isr
 211              	.LVL16:
 212              	.LBB5:
 213 0040 0023     		movs	r3, #0
 214              	.LVL17:
 215              	@ 143 "../../ChibiOS/os/kernel/src/chsys.c" 1
 216 0042 83F31188 		msr     BASEPRI, r3
 217              	@ 0 "" 2
 218              	.LVL18:
 219              		.thumb
 220              	.LBE5:
 221 0046 2069     		ldr	r0, [r4, #16]
 222 0048 B047     		blx	r6
 223              	.LVL19:
 224              	.LBB6:
 225 004a 2023     		movs	r3, #32
ARM GAS  /tmp/ccNmElye.s 			page 5


 226              	.LVL20:
 227              	@ 143 "../../ChibiOS/os/kernel/src/chsys.c" 1
 228 004c 83F31188 		msr     BASEPRI, r3
 229              	@ 0 "" 2
 230              	.LVL21:
 231              		.thumb
 232              	.LBE6:
 233 0050 FFF7FEFF 		bl	dbg_check_lock_from_isr
 234              	.LVL22:
 235              	.LBE4:
 236 0054 2C68     		ldr	r4, [r5, #0]
 237              	.LVL23:
 238 0056 A368     		ldr	r3, [r4, #8]
 239 0058 002B     		cmp	r3, #0
 240 005a EAD0     		beq	.L16
 241              	.LVL24:
 242              	.L7:
 243 005c F8BD     		pop	{r3, r4, r5, r6, r7, pc}
 244              	.L21:
 245 005e 00BF     		.align	2
 246              	.L20:
 247 0060 00000000 		.word	rlist
 248 0064 00000000 		.word	vtlist
 249              	.LBE3:
 250              		.cfi_endproc
 251              	.LFE9:
 252              		.size	chSysTimerHandlerI, .-chSysTimerHandlerI
 253              		.global	_idle_thread_wa
 254 0068 AFF30080 		.section	.bss.mainthread.4820,"aw",%nobits
 254      AFF30080 
 255              		.align	2
 256              		.set	.LANCHOR0,. + 0
 257              		.type	mainthread.4820, %object
 258              		.size	mainthread.4820, 76
 259              	mainthread.4820:
 260 0000 00000000 		.space	76
 260      00000000 
 260      00000000 
 260      00000000 
 260      00000000 
 261              		.section	.rodata.str1.4,"aMS",%progbits,1
 262              		.align	2
 263              	.LC0:
 264 0000 69646C65 		.ascii	"idle\000"
 264      00
 265 0005 000000   		.section	.bss._idle_thread_wa,"aw",%nobits
 266              		.align	3
 267              		.set	.LANCHOR1,. + 0
 268              		.type	_idle_thread_wa, %object
 269              		.size	_idle_thread_wa, 192
 270              	_idle_thread_wa:
 271 0000 00000000 		.space	192
 271      00000000 
 271      00000000 
 271      00000000 
 271      00000000 
 272              		.text
ARM GAS  /tmp/ccNmElye.s 			page 6


 273              	.Letext0:
 274              		.file 2 "/opt/psas/x-tools/stm32f407/arm-psas-eabi/bin/../lib/gcc/arm-psas-eabi/4.7.2/include/stdd
 275              		.file 3 "/opt/psas/x-tools/stm32f407/arm-psas-eabi/bin/../lib/gcc/arm-psas-eabi/4.7.2/../../../../
 276              		.file 4 "../../ChibiOS/os/ports/GCC/ARMCMx/chtypes.h"
 277              		.file 5 "../../ChibiOS/os/kernel/include/chlists.h"
 278              		.file 6 "../../ChibiOS/os/kernel/include/chthreads.h"
 279              		.file 7 "../../ChibiOS/os/ports/GCC/ARMCMx/chcore_v7m.h"
 280              		.file 8 "../../ChibiOS/os/kernel/include/chvt.h"
 281              		.file 9 "../../ChibiOS/os/kernel/include/chschd.h"
 282              		.file 10 "../../ChibiOS/os/kernel/include/chmtx.h"
 283              		.file 11 "../../ChibiOS/os/kernel/include/chregistry.h"
 284              		.file 12 "../../ChibiOS/os/kernel/include/chmemcore.h"
 285              		.file 13 "../../ChibiOS/os/kernel/include/chheap.h"
 286              		.file 14 "../../ChibiOS/os/kernel/include/chdebug.h"
 287              		.section	.debug_info,"",%progbits
 288              	.Ldebug_info0:
 289 0000 46090000 		.4byte	0x946
 290 0004 0200     		.2byte	0x2
 291 0006 00000000 		.4byte	.Ldebug_abbrev0
 292 000a 04       		.byte	0x4
 293 000b 01       		.uleb128 0x1
 294 000c 0D030000 		.4byte	.LASF118
 295 0010 01       		.byte	0x1
 296 0011 77000000 		.4byte	.LASF119
 297 0015 00000000 		.4byte	.LASF120
 298 0019 00000000 		.4byte	.Ldebug_ranges0+0
 299 001d 00000000 		.4byte	0
 300 0021 00000000 		.4byte	0
 301 0025 00000000 		.4byte	.Ldebug_line0
 302 0029 02       		.uleb128 0x2
 303 002a 04       		.byte	0x4
 304 002b 05       		.byte	0x5
 305 002c 696E7400 		.ascii	"int\000"
 306 0030 03       		.uleb128 0x3
 307 0031 46000000 		.4byte	.LASF2
 308 0035 02       		.byte	0x2
 309 0036 D5       		.byte	0xd5
 310 0037 3B000000 		.4byte	0x3b
 311 003b 04       		.uleb128 0x4
 312 003c 04       		.byte	0x4
 313 003d 07       		.byte	0x7
 314 003e D9010000 		.4byte	.LASF0
 315 0042 04       		.uleb128 0x4
 316 0043 01       		.byte	0x1
 317 0044 06       		.byte	0x6
 318 0045 06010000 		.4byte	.LASF1
 319 0049 03       		.uleb128 0x3
 320 004a C9040000 		.4byte	.LASF3
 321 004e 03       		.byte	0x3
 322 004f 2A       		.byte	0x2a
 323 0050 54000000 		.4byte	0x54
 324 0054 04       		.uleb128 0x4
 325 0055 01       		.byte	0x1
 326 0056 08       		.byte	0x8
 327 0057 68030000 		.4byte	.LASF4
 328 005b 04       		.uleb128 0x4
 329 005c 02       		.byte	0x2
ARM GAS  /tmp/ccNmElye.s 			page 7


 330 005d 05       		.byte	0x5
 331 005e 8B030000 		.4byte	.LASF5
 332 0062 03       		.uleb128 0x3
 333 0063 75010000 		.4byte	.LASF6
 334 0067 03       		.byte	0x3
 335 0068 36       		.byte	0x36
 336 0069 6D000000 		.4byte	0x6d
 337 006d 04       		.uleb128 0x4
 338 006e 02       		.byte	0x2
 339 006f 07       		.byte	0x7
 340 0070 2C020000 		.4byte	.LASF7
 341 0074 03       		.uleb128 0x3
 342 0075 60030000 		.4byte	.LASF8
 343 0079 03       		.byte	0x3
 344 007a 4F       		.byte	0x4f
 345 007b 7F000000 		.4byte	0x7f
 346 007f 04       		.uleb128 0x4
 347 0080 04       		.byte	0x4
 348 0081 05       		.byte	0x5
 349 0082 63010000 		.4byte	.LASF9
 350 0086 03       		.uleb128 0x3
 351 0087 FE030000 		.4byte	.LASF10
 352 008b 03       		.byte	0x3
 353 008c 50       		.byte	0x50
 354 008d 91000000 		.4byte	0x91
 355 0091 04       		.uleb128 0x4
 356 0092 04       		.byte	0x4
 357 0093 07       		.byte	0x7
 358 0094 FB010000 		.4byte	.LASF11
 359 0098 04       		.uleb128 0x4
 360 0099 08       		.byte	0x8
 361 009a 05       		.byte	0x5
 362 009b F8000000 		.4byte	.LASF12
 363 009f 03       		.uleb128 0x3
 364 00a0 54000000 		.4byte	.LASF13
 365 00a4 03       		.byte	0x3
 366 00a5 78       		.byte	0x78
 367 00a6 AA000000 		.4byte	0xaa
 368 00aa 04       		.uleb128 0x4
 369 00ab 08       		.byte	0x8
 370 00ac 07       		.byte	0x7
 371 00ad 9B000000 		.4byte	.LASF14
 372 00b1 04       		.uleb128 0x4
 373 00b2 01       		.byte	0x1
 374 00b3 02       		.byte	0x2
 375 00b4 5A030000 		.4byte	.LASF15
 376 00b8 03       		.uleb128 0x3
 377 00b9 62020000 		.4byte	.LASF16
 378 00bd 04       		.byte	0x4
 379 00be 25       		.byte	0x25
 380 00bf 49000000 		.4byte	0x49
 381 00c3 03       		.uleb128 0x3
 382 00c4 6C010000 		.4byte	.LASF17
 383 00c8 04       		.byte	0x4
 384 00c9 26       		.byte	0x26
 385 00ca 49000000 		.4byte	0x49
 386 00ce 03       		.uleb128 0x3
ARM GAS  /tmp/ccNmElye.s 			page 8


 387 00cf 38030000 		.4byte	.LASF18
 388 00d3 04       		.byte	0x4
 389 00d4 27       		.byte	0x27
 390 00d5 49000000 		.4byte	0x49
 391 00d9 03       		.uleb128 0x3
 392 00da 59010000 		.4byte	.LASF19
 393 00de 04       		.byte	0x4
 394 00df 28       		.byte	0x28
 395 00e0 49000000 		.4byte	0x49
 396 00e4 03       		.uleb128 0x3
 397 00e5 52030000 		.4byte	.LASF20
 398 00e9 04       		.byte	0x4
 399 00ea 29       		.byte	0x29
 400 00eb 86000000 		.4byte	0x86
 401 00ef 03       		.uleb128 0x3
 402 00f0 4B020000 		.4byte	.LASF21
 403 00f4 04       		.byte	0x4
 404 00f5 2A       		.byte	0x2a
 405 00f6 74000000 		.4byte	0x74
 406 00fa 03       		.uleb128 0x3
 407 00fb 76020000 		.4byte	.LASF22
 408 00ff 04       		.byte	0x4
 409 0100 2C       		.byte	0x2c
 410 0101 86000000 		.4byte	0x86
 411 0105 03       		.uleb128 0x3
 412 0106 4F040000 		.4byte	.LASF23
 413 010a 04       		.byte	0x4
 414 010b 2E       		.byte	0x2e
 415 010c 86000000 		.4byte	0x86
 416 0110 03       		.uleb128 0x3
 417 0111 DF030000 		.4byte	.LASF24
 418 0115 05       		.byte	0x5
 419 0116 23       		.byte	0x23
 420 0117 1B010000 		.4byte	0x11b
 421 011b 05       		.uleb128 0x5
 422 011c DF030000 		.4byte	.LASF24
 423 0120 4C       		.byte	0x4c
 424 0121 06       		.byte	0x6
 425 0122 57       		.byte	0x57
 426 0123 4E020000 		.4byte	0x24e
 427 0127 06       		.uleb128 0x6
 428 0128 C1030000 		.4byte	.LASF25
 429 012c 06       		.byte	0x6
 430 012d 58       		.byte	0x58
 431 012e 73020000 		.4byte	0x273
 432 0132 02       		.byte	0x2
 433 0133 23       		.byte	0x23
 434 0134 00       		.uleb128 0
 435 0135 06       		.uleb128 0x6
 436 0136 4B030000 		.4byte	.LASF26
 437 013a 06       		.byte	0x6
 438 013b 5A       		.byte	0x5a
 439 013c 73020000 		.4byte	0x273
 440 0140 02       		.byte	0x2
 441 0141 23       		.byte	0x23
 442 0142 04       		.uleb128 0x4
 443 0143 06       		.uleb128 0x6
ARM GAS  /tmp/ccNmElye.s 			page 9


 444 0144 D4000000 		.4byte	.LASF27
 445 0148 06       		.byte	0x6
 446 0149 5C       		.byte	0x5c
 447 014a E4000000 		.4byte	0xe4
 448 014e 02       		.byte	0x2
 449 014f 23       		.byte	0x23
 450 0150 08       		.uleb128 0x8
 451 0151 06       		.uleb128 0x6
 452 0152 27050000 		.4byte	.LASF28
 453 0156 06       		.byte	0x6
 454 0157 5D       		.byte	0x5d
 455 0158 4C030000 		.4byte	0x34c
 456 015c 02       		.byte	0x2
 457 015d 23       		.byte	0x23
 458 015e 0C       		.uleb128 0xc
 459 015f 06       		.uleb128 0x6
 460 0160 88010000 		.4byte	.LASF29
 461 0164 06       		.byte	0x6
 462 0165 5F       		.byte	0x5f
 463 0166 73020000 		.4byte	0x273
 464 016a 02       		.byte	0x2
 465 016b 23       		.byte	0x23
 466 016c 10       		.uleb128 0x10
 467 016d 06       		.uleb128 0x6
 468 016e EA020000 		.4byte	.LASF30
 469 0172 06       		.byte	0x6
 470 0173 60       		.byte	0x60
 471 0174 73020000 		.4byte	0x273
 472 0178 02       		.byte	0x2
 473 0179 23       		.byte	0x23
 474 017a 14       		.uleb128 0x14
 475 017b 06       		.uleb128 0x6
 476 017c FB040000 		.4byte	.LASF31
 477 0180 06       		.byte	0x6
 478 0181 67       		.byte	0x67
 479 0182 2D050000 		.4byte	0x52d
 480 0186 02       		.byte	0x2
 481 0187 23       		.byte	0x23
 482 0188 18       		.uleb128 0x18
 483 0189 06       		.uleb128 0x6
 484 018a CE010000 		.4byte	.LASF32
 485 018e 06       		.byte	0x6
 486 018f 6D       		.byte	0x6d
 487 0190 3F050000 		.4byte	0x53f
 488 0194 02       		.byte	0x2
 489 0195 23       		.byte	0x23
 490 0196 1C       		.uleb128 0x1c
 491 0197 06       		.uleb128 0x6
 492 0198 95030000 		.4byte	.LASF33
 493 019c 06       		.byte	0x6
 494 019d 72       		.byte	0x72
 495 019e C3000000 		.4byte	0xc3
 496 01a2 02       		.byte	0x2
 497 01a3 23       		.byte	0x23
 498 01a4 20       		.uleb128 0x20
 499 01a5 06       		.uleb128 0x6
 500 01a6 D7030000 		.4byte	.LASF34
ARM GAS  /tmp/ccNmElye.s 			page 10


 501 01aa 06       		.byte	0x6
 502 01ab 76       		.byte	0x76
 503 01ac B8000000 		.4byte	0xb8
 504 01b0 02       		.byte	0x2
 505 01b1 23       		.byte	0x23
 506 01b2 21       		.uleb128 0x21
 507 01b3 06       		.uleb128 0x6
 508 01b4 B2040000 		.4byte	.LASF35
 509 01b8 06       		.byte	0x6
 510 01b9 7B       		.byte	0x7b
 511 01ba CE000000 		.4byte	0xce
 512 01be 02       		.byte	0x2
 513 01bf 23       		.byte	0x23
 514 01c0 22       		.uleb128 0x22
 515 01c1 06       		.uleb128 0x6
 516 01c2 9D030000 		.4byte	.LASF36
 517 01c6 06       		.byte	0x6
 518 01c7 81       		.byte	0x81
 519 01c8 D9000000 		.4byte	0xd9
 520 01cc 02       		.byte	0x2
 521 01cd 23       		.byte	0x23
 522 01ce 23       		.uleb128 0x23
 523 01cf 06       		.uleb128 0x6
 524 01d0 76040000 		.4byte	.LASF37
 525 01d4 06       		.byte	0x6
 526 01d5 88       		.byte	0x88
 527 01d6 38040000 		.4byte	0x438
 528 01da 02       		.byte	0x2
 529 01db 23       		.byte	0x23
 530 01dc 24       		.uleb128 0x24
 531 01dd 07       		.uleb128 0x7
 532 01de 705F7500 		.ascii	"p_u\000"
 533 01e2 06       		.byte	0x6
 534 01e3 AD       		.byte	0xad
 535 01e4 F8040000 		.4byte	0x4f8
 536 01e8 02       		.byte	0x2
 537 01e9 23       		.byte	0x23
 538 01ea 28       		.uleb128 0x28
 539 01eb 06       		.uleb128 0x6
 540 01ec 2D050000 		.4byte	.LASF38
 541 01f0 06       		.byte	0x6
 542 01f1 B2       		.byte	0xb2
 543 01f2 9B020000 		.4byte	0x29b
 544 01f6 02       		.byte	0x2
 545 01f7 23       		.byte	0x23
 546 01f8 2C       		.uleb128 0x2c
 547 01f9 06       		.uleb128 0x6
 548 01fa 84040000 		.4byte	.LASF39
 549 01fe 06       		.byte	0x6
 550 01ff B8       		.byte	0xb8
 551 0200 79020000 		.4byte	0x279
 552 0204 02       		.byte	0x2
 553 0205 23       		.byte	0x23
 554 0206 30       		.uleb128 0x30
 555 0207 06       		.uleb128 0x6
 556 0208 40000000 		.4byte	.LASF40
 557 020c 06       		.byte	0x6
ARM GAS  /tmp/ccNmElye.s 			page 11


 558 020d BC       		.byte	0xbc
 559 020e EF000000 		.4byte	0xef
 560 0212 02       		.byte	0x2
 561 0213 23       		.byte	0x23
 562 0214 38       		.uleb128 0x38
 563 0215 06       		.uleb128 0x6
 564 0216 F3030000 		.4byte	.LASF41
 565 021a 06       		.byte	0x6
 566 021b C2       		.byte	0xc2
 567 021c FA000000 		.4byte	0xfa
 568 0220 02       		.byte	0x2
 569 0221 23       		.byte	0x23
 570 0222 3C       		.uleb128 0x3c
 571 0223 06       		.uleb128 0x6
 572 0224 81030000 		.4byte	.LASF42
 573 0228 06       		.byte	0x6
 574 0229 C9       		.byte	0xc9
 575 022a 45050000 		.4byte	0x545
 576 022e 02       		.byte	0x2
 577 022f 23       		.byte	0x23
 578 0230 40       		.uleb128 0x40
 579 0231 06       		.uleb128 0x6
 580 0232 59040000 		.4byte	.LASF43
 581 0236 06       		.byte	0x6
 582 0237 CD       		.byte	0xcd
 583 0238 E4000000 		.4byte	0xe4
 584 023c 02       		.byte	0x2
 585 023d 23       		.byte	0x23
 586 023e 44       		.uleb128 0x44
 587 023f 06       		.uleb128 0x6
 588 0240 49010000 		.4byte	.LASF44
 589 0244 06       		.byte	0x6
 590 0245 D3       		.byte	0xd3
 591 0246 B1020000 		.4byte	0x2b1
 592 024a 02       		.byte	0x2
 593 024b 23       		.byte	0x23
 594 024c 48       		.uleb128 0x48
 595 024d 00       		.byte	0
 596 024e 08       		.uleb128 0x8
 597 024f 08       		.byte	0x8
 598 0250 05       		.byte	0x5
 599 0251 5A       		.byte	0x5a
 600 0252 73020000 		.4byte	0x273
 601 0256 06       		.uleb128 0x6
 602 0257 C1030000 		.4byte	.LASF25
 603 025b 05       		.byte	0x5
 604 025c 5B       		.byte	0x5b
 605 025d 73020000 		.4byte	0x273
 606 0261 02       		.byte	0x2
 607 0262 23       		.byte	0x23
 608 0263 00       		.uleb128 0
 609 0264 06       		.uleb128 0x6
 610 0265 4B030000 		.4byte	.LASF26
 611 0269 05       		.byte	0x5
 612 026a 5D       		.byte	0x5d
 613 026b 73020000 		.4byte	0x273
 614 026f 02       		.byte	0x2
ARM GAS  /tmp/ccNmElye.s 			page 12


 615 0270 23       		.byte	0x23
 616 0271 04       		.uleb128 0x4
 617 0272 00       		.byte	0
 618 0273 09       		.uleb128 0x9
 619 0274 04       		.byte	0x4
 620 0275 10010000 		.4byte	0x110
 621 0279 03       		.uleb128 0x3
 622 027a F8020000 		.4byte	.LASF45
 623 027e 05       		.byte	0x5
 624 027f 5F       		.byte	0x5f
 625 0280 4E020000 		.4byte	0x24e
 626 0284 08       		.uleb128 0x8
 627 0285 04       		.byte	0x4
 628 0286 05       		.byte	0x5
 629 0287 64       		.byte	0x64
 630 0288 9B020000 		.4byte	0x29b
 631 028c 06       		.uleb128 0x6
 632 028d C1030000 		.4byte	.LASF25
 633 0291 05       		.byte	0x5
 634 0292 66       		.byte	0x66
 635 0293 73020000 		.4byte	0x273
 636 0297 02       		.byte	0x2
 637 0298 23       		.byte	0x23
 638 0299 00       		.uleb128 0
 639 029a 00       		.byte	0
 640 029b 03       		.uleb128 0x3
 641 029c 6A020000 		.4byte	.LASF46
 642 02a0 05       		.byte	0x5
 643 02a1 69       		.byte	0x69
 644 02a2 84020000 		.4byte	0x284
 645 02a6 03       		.uleb128 0x3
 646 02a7 A8010000 		.4byte	.LASF47
 647 02ab 07       		.byte	0x7
 648 02ac DE       		.byte	0xde
 649 02ad B1020000 		.4byte	0x2b1
 650 02b1 0A       		.uleb128 0xa
 651 02b2 04       		.byte	0x4
 652 02b3 03       		.uleb128 0x3
 653 02b4 88020000 		.4byte	.LASF48
 654 02b8 07       		.byte	0x7
 655 02b9 E4       		.byte	0xe4
 656 02ba 9F000000 		.4byte	0x9f
 657 02be 0B       		.uleb128 0xb
 658 02bf 7D040000 		.4byte	.LASF49
 659 02c3 24       		.byte	0x24
 660 02c4 07       		.byte	0x7
 661 02c5 0501     		.2byte	0x105
 662 02c7 4C030000 		.4byte	0x34c
 663 02cb 0C       		.uleb128 0xc
 664 02cc 723400   		.ascii	"r4\000"
 665 02cf 07       		.byte	0x7
 666 02d0 1801     		.2byte	0x118
 667 02d2 A6020000 		.4byte	0x2a6
 668 02d6 02       		.byte	0x2
 669 02d7 23       		.byte	0x23
 670 02d8 00       		.uleb128 0
 671 02d9 0C       		.uleb128 0xc
ARM GAS  /tmp/ccNmElye.s 			page 13


 672 02da 723500   		.ascii	"r5\000"
 673 02dd 07       		.byte	0x7
 674 02de 1901     		.2byte	0x119
 675 02e0 A6020000 		.4byte	0x2a6
 676 02e4 02       		.byte	0x2
 677 02e5 23       		.byte	0x23
 678 02e6 04       		.uleb128 0x4
 679 02e7 0C       		.uleb128 0xc
 680 02e8 723600   		.ascii	"r6\000"
 681 02eb 07       		.byte	0x7
 682 02ec 1A01     		.2byte	0x11a
 683 02ee A6020000 		.4byte	0x2a6
 684 02f2 02       		.byte	0x2
 685 02f3 23       		.byte	0x23
 686 02f4 08       		.uleb128 0x8
 687 02f5 0C       		.uleb128 0xc
 688 02f6 723700   		.ascii	"r7\000"
 689 02f9 07       		.byte	0x7
 690 02fa 1B01     		.2byte	0x11b
 691 02fc A6020000 		.4byte	0x2a6
 692 0300 02       		.byte	0x2
 693 0301 23       		.byte	0x23
 694 0302 0C       		.uleb128 0xc
 695 0303 0C       		.uleb128 0xc
 696 0304 723800   		.ascii	"r8\000"
 697 0307 07       		.byte	0x7
 698 0308 1C01     		.2byte	0x11c
 699 030a A6020000 		.4byte	0x2a6
 700 030e 02       		.byte	0x2
 701 030f 23       		.byte	0x23
 702 0310 10       		.uleb128 0x10
 703 0311 0C       		.uleb128 0xc
 704 0312 723900   		.ascii	"r9\000"
 705 0315 07       		.byte	0x7
 706 0316 1D01     		.2byte	0x11d
 707 0318 A6020000 		.4byte	0x2a6
 708 031c 02       		.byte	0x2
 709 031d 23       		.byte	0x23
 710 031e 14       		.uleb128 0x14
 711 031f 0C       		.uleb128 0xc
 712 0320 72313000 		.ascii	"r10\000"
 713 0324 07       		.byte	0x7
 714 0325 1E01     		.2byte	0x11e
 715 0327 A6020000 		.4byte	0x2a6
 716 032b 02       		.byte	0x2
 717 032c 23       		.byte	0x23
 718 032d 18       		.uleb128 0x18
 719 032e 0C       		.uleb128 0xc
 720 032f 72313100 		.ascii	"r11\000"
 721 0333 07       		.byte	0x7
 722 0334 1F01     		.2byte	0x11f
 723 0336 A6020000 		.4byte	0x2a6
 724 033a 02       		.byte	0x2
 725 033b 23       		.byte	0x23
 726 033c 1C       		.uleb128 0x1c
 727 033d 0C       		.uleb128 0xc
 728 033e 6C7200   		.ascii	"lr\000"
ARM GAS  /tmp/ccNmElye.s 			page 14


 729 0341 07       		.byte	0x7
 730 0342 2001     		.2byte	0x120
 731 0344 A6020000 		.4byte	0x2a6
 732 0348 02       		.byte	0x2
 733 0349 23       		.byte	0x23
 734 034a 20       		.uleb128 0x20
 735 034b 00       		.byte	0
 736 034c 0B       		.uleb128 0xb
 737 034d 24020000 		.4byte	.LASF50
 738 0351 04       		.byte	0x4
 739 0352 07       		.byte	0x7
 740 0353 2A01     		.2byte	0x12a
 741 0355 69030000 		.4byte	0x369
 742 0359 0C       		.uleb128 0xc
 743 035a 72313300 		.ascii	"r13\000"
 744 035e 07       		.byte	0x7
 745 035f 2B01     		.2byte	0x12b
 746 0361 69030000 		.4byte	0x369
 747 0365 02       		.byte	0x2
 748 0366 23       		.byte	0x23
 749 0367 00       		.uleb128 0
 750 0368 00       		.byte	0
 751 0369 09       		.uleb128 0x9
 752 036a 04       		.byte	0x4
 753 036b BE020000 		.4byte	0x2be
 754 036f 04       		.uleb128 0x4
 755 0370 04       		.byte	0x4
 756 0371 07       		.byte	0x7
 757 0372 C1020000 		.4byte	.LASF51
 758 0376 03       		.uleb128 0x3
 759 0377 64040000 		.4byte	.LASF52
 760 037b 08       		.byte	0x8
 761 037c 4E       		.byte	0x4e
 762 037d 81030000 		.4byte	0x381
 763 0381 09       		.uleb128 0x9
 764 0382 04       		.byte	0x4
 765 0383 87030000 		.4byte	0x387
 766 0387 0D       		.uleb128 0xd
 767 0388 01       		.byte	0x1
 768 0389 93030000 		.4byte	0x393
 769 038d 0E       		.uleb128 0xe
 770 038e B1020000 		.4byte	0x2b1
 771 0392 00       		.byte	0
 772 0393 03       		.uleb128 0x3
 773 0394 1B040000 		.4byte	.LASF53
 774 0398 08       		.byte	0x8
 775 0399 53       		.byte	0x53
 776 039a 9E030000 		.4byte	0x39e
 777 039e 05       		.uleb128 0x5
 778 039f 1B040000 		.4byte	.LASF53
 779 03a3 14       		.byte	0x14
 780 03a4 08       		.byte	0x8
 781 03a5 5A       		.byte	0x5a
 782 03a6 F1030000 		.4byte	0x3f1
 783 03aa 06       		.uleb128 0x6
 784 03ab F3010000 		.4byte	.LASF54
 785 03af 08       		.byte	0x8
ARM GAS  /tmp/ccNmElye.s 			page 15


 786 03b0 5B       		.byte	0x5b
 787 03b1 F1030000 		.4byte	0x3f1
 788 03b5 02       		.byte	0x2
 789 03b6 23       		.byte	0x23
 790 03b7 00       		.uleb128 0
 791 03b8 06       		.uleb128 0x6
 792 03b9 B1010000 		.4byte	.LASF55
 793 03bd 08       		.byte	0x8
 794 03be 5D       		.byte	0x5d
 795 03bf F1030000 		.4byte	0x3f1
 796 03c3 02       		.byte	0x2
 797 03c4 23       		.byte	0x23
 798 03c5 04       		.uleb128 0x4
 799 03c6 06       		.uleb128 0x6
 800 03c7 B9020000 		.4byte	.LASF56
 801 03cb 08       		.byte	0x8
 802 03cc 5F       		.byte	0x5f
 803 03cd 05010000 		.4byte	0x105
 804 03d1 02       		.byte	0x2
 805 03d2 23       		.byte	0x23
 806 03d3 08       		.uleb128 0x8
 807 03d4 06       		.uleb128 0x6
 808 03d5 CA020000 		.4byte	.LASF57
 809 03d9 08       		.byte	0x8
 810 03da 60       		.byte	0x60
 811 03db 76030000 		.4byte	0x376
 812 03df 02       		.byte	0x2
 813 03e0 23       		.byte	0x23
 814 03e1 0C       		.uleb128 0xc
 815 03e2 06       		.uleb128 0x6
 816 03e3 A0040000 		.4byte	.LASF58
 817 03e7 08       		.byte	0x8
 818 03e8 62       		.byte	0x62
 819 03e9 B1020000 		.4byte	0x2b1
 820 03ed 02       		.byte	0x2
 821 03ee 23       		.byte	0x23
 822 03ef 10       		.uleb128 0x10
 823 03f0 00       		.byte	0
 824 03f1 09       		.uleb128 0x9
 825 03f2 04       		.byte	0x4
 826 03f3 93030000 		.4byte	0x393
 827 03f7 08       		.uleb128 0x8
 828 03f8 10       		.byte	0x10
 829 03f9 08       		.byte	0x8
 830 03fa 6C       		.byte	0x6c
 831 03fb 38040000 		.4byte	0x438
 832 03ff 06       		.uleb128 0x6
 833 0400 F3010000 		.4byte	.LASF54
 834 0404 08       		.byte	0x8
 835 0405 6D       		.byte	0x6d
 836 0406 F1030000 		.4byte	0x3f1
 837 040a 02       		.byte	0x2
 838 040b 23       		.byte	0x23
 839 040c 00       		.uleb128 0
 840 040d 06       		.uleb128 0x6
 841 040e B1010000 		.4byte	.LASF55
 842 0412 08       		.byte	0x8
ARM GAS  /tmp/ccNmElye.s 			page 16


 843 0413 6F       		.byte	0x6f
 844 0414 F1030000 		.4byte	0x3f1
 845 0418 02       		.byte	0x2
 846 0419 23       		.byte	0x23
 847 041a 04       		.uleb128 0x4
 848 041b 06       		.uleb128 0x6
 849 041c B9020000 		.4byte	.LASF56
 850 0420 08       		.byte	0x8
 851 0421 71       		.byte	0x71
 852 0422 05010000 		.4byte	0x105
 853 0426 02       		.byte	0x2
 854 0427 23       		.byte	0x23
 855 0428 08       		.uleb128 0x8
 856 0429 06       		.uleb128 0x6
 857 042a 02050000 		.4byte	.LASF59
 858 042e 08       		.byte	0x8
 859 042f 72       		.byte	0x72
 860 0430 38040000 		.4byte	0x438
 861 0434 02       		.byte	0x2
 862 0435 23       		.byte	0x23
 863 0436 0C       		.uleb128 0xc
 864 0437 00       		.byte	0
 865 0438 0F       		.uleb128 0xf
 866 0439 05010000 		.4byte	0x105
 867 043d 03       		.uleb128 0x3
 868 043e 18050000 		.4byte	.LASF60
 869 0442 08       		.byte	0x8
 870 0443 73       		.byte	0x73
 871 0444 F7030000 		.4byte	0x3f7
 872 0448 08       		.uleb128 0x8
 873 0449 1C       		.byte	0x1c
 874 044a 09       		.byte	0x9
 875 044b 57       		.byte	0x57
 876 044c A5040000 		.4byte	0x4a5
 877 0450 06       		.uleb128 0x6
 878 0451 13040000 		.4byte	.LASF61
 879 0455 09       		.byte	0x9
 880 0456 58       		.byte	0x58
 881 0457 79020000 		.4byte	0x279
 882 045b 02       		.byte	0x2
 883 045c 23       		.byte	0x23
 884 045d 00       		.uleb128 0
 885 045e 06       		.uleb128 0x6
 886 045f B3030000 		.4byte	.LASF62
 887 0463 09       		.byte	0x9
 888 0464 59       		.byte	0x59
 889 0465 E4000000 		.4byte	0xe4
 890 0469 02       		.byte	0x2
 891 046a 23       		.byte	0x23
 892 046b 08       		.uleb128 0x8
 893 046c 06       		.uleb128 0x6
 894 046d F2020000 		.4byte	.LASF63
 895 0471 09       		.byte	0x9
 896 0472 5B       		.byte	0x5b
 897 0473 4C030000 		.4byte	0x34c
 898 0477 02       		.byte	0x2
 899 0478 23       		.byte	0x23
ARM GAS  /tmp/ccNmElye.s 			page 17


 900 0479 0C       		.uleb128 0xc
 901 047a 06       		.uleb128 0x6
 902 047b A0010000 		.4byte	.LASF64
 903 047f 09       		.byte	0x9
 904 0480 5E       		.byte	0x5e
 905 0481 73020000 		.4byte	0x273
 906 0485 02       		.byte	0x2
 907 0486 23       		.byte	0x23
 908 0487 10       		.uleb128 0x10
 909 0488 06       		.uleb128 0x6
 910 0489 23030000 		.4byte	.LASF65
 911 048d 09       		.byte	0x9
 912 048e 5F       		.byte	0x5f
 913 048f 73020000 		.4byte	0x273
 914 0493 02       		.byte	0x2
 915 0494 23       		.byte	0x23
 916 0495 14       		.uleb128 0x14
 917 0496 06       		.uleb128 0x6
 918 0497 19030000 		.4byte	.LASF66
 919 049b 09       		.byte	0x9
 920 049c 62       		.byte	0x62
 921 049d 73020000 		.4byte	0x273
 922 04a1 02       		.byte	0x2
 923 04a2 23       		.byte	0x23
 924 04a3 18       		.uleb128 0x18
 925 04a4 00       		.byte	0
 926 04a5 03       		.uleb128 0x3
 927 04a6 B9040000 		.4byte	.LASF67
 928 04aa 09       		.byte	0x9
 929 04ab 64       		.byte	0x64
 930 04ac 48040000 		.4byte	0x448
 931 04b0 05       		.uleb128 0x5
 932 04b1 82020000 		.4byte	.LASF68
 933 04b5 10       		.byte	0x10
 934 04b6 0A       		.byte	0xa
 935 04b7 25       		.byte	0x25
 936 04b8 E7040000 		.4byte	0x4e7
 937 04bc 06       		.uleb128 0x6
 938 04bd 51010000 		.4byte	.LASF69
 939 04c1 0A       		.byte	0xa
 940 04c2 26       		.byte	0x26
 941 04c3 79020000 		.4byte	0x279
 942 04c7 02       		.byte	0x2
 943 04c8 23       		.byte	0x23
 944 04c9 00       		.uleb128 0
 945 04ca 06       		.uleb128 0x6
 946 04cb 1F050000 		.4byte	.LASF70
 947 04cf 0A       		.byte	0xa
 948 04d0 28       		.byte	0x28
 949 04d1 73020000 		.4byte	0x273
 950 04d5 02       		.byte	0x2
 951 04d6 23       		.byte	0x23
 952 04d7 08       		.uleb128 0x8
 953 04d8 06       		.uleb128 0x6
 954 04d9 48040000 		.4byte	.LASF71
 955 04dd 0A       		.byte	0xa
 956 04de 2A       		.byte	0x2a
ARM GAS  /tmp/ccNmElye.s 			page 18


 957 04df E7040000 		.4byte	0x4e7
 958 04e3 02       		.byte	0x2
 959 04e4 23       		.byte	0x23
 960 04e5 0C       		.uleb128 0xc
 961 04e6 00       		.byte	0
 962 04e7 09       		.uleb128 0x9
 963 04e8 04       		.byte	0x4
 964 04e9 B0040000 		.4byte	0x4b0
 965 04ed 03       		.uleb128 0x3
 966 04ee 82020000 		.4byte	.LASF68
 967 04f2 0A       		.byte	0xa
 968 04f3 2C       		.byte	0x2c
 969 04f4 B0040000 		.4byte	0x4b0
 970 04f8 10       		.uleb128 0x10
 971 04f9 04       		.byte	0x4
 972 04fa 06       		.byte	0x6
 973 04fb 8F       		.byte	0x8f
 974 04fc 2D050000 		.4byte	0x52d
 975 0500 11       		.uleb128 0x11
 976 0501 4D000000 		.4byte	.LASF72
 977 0505 06       		.byte	0x6
 978 0506 96       		.byte	0x96
 979 0507 EF000000 		.4byte	0xef
 980 050b 11       		.uleb128 0x11
 981 050c C0000000 		.4byte	.LASF73
 982 0510 06       		.byte	0x6
 983 0511 9D       		.byte	0x9d
 984 0512 EF000000 		.4byte	0xef
 985 0516 11       		.uleb128 0x11
 986 0517 F4040000 		.4byte	.LASF74
 987 051b 06       		.byte	0x6
 988 051c A4       		.byte	0xa4
 989 051d B1020000 		.4byte	0x2b1
 990 0521 11       		.uleb128 0x11
 991 0522 BA030000 		.4byte	.LASF75
 992 0526 06       		.byte	0x6
 993 0527 AB       		.byte	0xab
 994 0528 FA000000 		.4byte	0xfa
 995 052c 00       		.byte	0
 996 052d 09       		.uleb128 0x9
 997 052e 04       		.byte	0x4
 998 052f 33050000 		.4byte	0x533
 999 0533 12       		.uleb128 0x12
 1000 0534 38050000 		.4byte	0x538
 1001 0538 04       		.uleb128 0x4
 1002 0539 01       		.byte	0x1
 1003 053a 08       		.byte	0x8
 1004 053b 28040000 		.4byte	.LASF76
 1005 053f 09       		.uleb128 0x9
 1006 0540 04       		.byte	0x4
 1007 0541 B3020000 		.4byte	0x2b3
 1008 0545 09       		.uleb128 0x9
 1009 0546 04       		.byte	0x4
 1010 0547 ED040000 		.4byte	0x4ed
 1011 054b 03       		.uleb128 0x3
 1012 054c 2B000000 		.4byte	.LASF77
 1013 0550 06       		.byte	0x6
ARM GAS  /tmp/ccNmElye.s 			page 19


 1014 0551 DE       		.byte	0xde
 1015 0552 56050000 		.4byte	0x556
 1016 0556 09       		.uleb128 0x9
 1017 0557 04       		.byte	0x4
 1018 0558 5C050000 		.4byte	0x55c
 1019 055c 13       		.uleb128 0x13
 1020 055d 01       		.byte	0x1
 1021 055e EF000000 		.4byte	0xef
 1022 0562 6C050000 		.4byte	0x56c
 1023 0566 0E       		.uleb128 0xe
 1024 0567 B1020000 		.4byte	0x2b1
 1025 056b 00       		.byte	0
 1026 056c 08       		.uleb128 0x8
 1027 056d 16       		.byte	0x16
 1028 056e 0B       		.byte	0xb
 1029 056f 25       		.byte	0x25
 1030 0570 71060000 		.4byte	0x671
 1031 0574 06       		.uleb128 0x6
 1032 0575 16020000 		.4byte	.LASF78
 1033 0579 0B       		.byte	0xb
 1034 057a 26       		.byte	0x26
 1035 057b 71060000 		.4byte	0x671
 1036 057f 02       		.byte	0x2
 1037 0580 23       		.byte	0x23
 1038 0581 00       		.uleb128 0
 1039 0582 06       		.uleb128 0x6
 1040 0583 A5020000 		.4byte	.LASF79
 1041 0587 0B       		.byte	0xb
 1042 0588 27       		.byte	0x27
 1043 0589 49000000 		.4byte	0x49
 1044 058d 02       		.byte	0x2
 1045 058e 23       		.byte	0x23
 1046 058f 04       		.uleb128 0x4
 1047 0590 06       		.uleb128 0x6
 1048 0591 05030000 		.4byte	.LASF80
 1049 0595 0B       		.byte	0xb
 1050 0596 28       		.byte	0x28
 1051 0597 49000000 		.4byte	0x49
 1052 059b 02       		.byte	0x2
 1053 059c 23       		.byte	0x23
 1054 059d 05       		.uleb128 0x5
 1055 059e 06       		.uleb128 0x6
 1056 059f 0D050000 		.4byte	.LASF81
 1057 05a3 0B       		.byte	0xb
 1058 05a4 29       		.byte	0x29
 1059 05a5 62000000 		.4byte	0x62
 1060 05a9 02       		.byte	0x2
 1061 05aa 23       		.byte	0x23
 1062 05ab 06       		.uleb128 0x6
 1063 05ac 06       		.uleb128 0x6
 1064 05ad 40030000 		.4byte	.LASF82
 1065 05b1 0B       		.byte	0xb
 1066 05b2 2A       		.byte	0x2a
 1067 05b3 49000000 		.4byte	0x49
 1068 05b7 02       		.byte	0x2
 1069 05b8 23       		.byte	0x23
 1070 05b9 08       		.uleb128 0x8
ARM GAS  /tmp/ccNmElye.s 			page 20


 1071 05ba 06       		.uleb128 0x6
 1072 05bb D2020000 		.4byte	.LASF83
 1073 05bf 0B       		.byte	0xb
 1074 05c0 2B       		.byte	0x2b
 1075 05c1 49000000 		.4byte	0x49
 1076 05c5 02       		.byte	0x2
 1077 05c6 23       		.byte	0x23
 1078 05c7 09       		.uleb128 0x9
 1079 05c8 06       		.uleb128 0x6
 1080 05c9 B2000000 		.4byte	.LASF84
 1081 05cd 0B       		.byte	0xb
 1082 05ce 2C       		.byte	0x2c
 1083 05cf 49000000 		.4byte	0x49
 1084 05d3 02       		.byte	0x2
 1085 05d4 23       		.byte	0x23
 1086 05d5 0A       		.uleb128 0xa
 1087 05d6 06       		.uleb128 0x6
 1088 05d7 07040000 		.4byte	.LASF85
 1089 05db 0B       		.byte	0xb
 1090 05dc 2D       		.byte	0x2d
 1091 05dd 49000000 		.4byte	0x49
 1092 05e1 02       		.byte	0x2
 1093 05e2 23       		.byte	0x23
 1094 05e3 0B       		.uleb128 0xb
 1095 05e4 06       		.uleb128 0x6
 1096 05e5 A7040000 		.4byte	.LASF86
 1097 05e9 0B       		.byte	0xb
 1098 05ea 2E       		.byte	0x2e
 1099 05eb 49000000 		.4byte	0x49
 1100 05ef 02       		.byte	0x2
 1101 05f0 23       		.byte	0x23
 1102 05f1 0C       		.uleb128 0xc
 1103 05f2 06       		.uleb128 0x6
 1104 05f3 E6030000 		.4byte	.LASF87
 1105 05f7 0B       		.byte	0xb
 1106 05f8 2F       		.byte	0x2f
 1107 05f9 49000000 		.4byte	0x49
 1108 05fd 02       		.byte	0x2
 1109 05fe 23       		.byte	0x23
 1110 05ff 0D       		.uleb128 0xd
 1111 0600 06       		.uleb128 0x6
 1112 0601 33000000 		.4byte	.LASF88
 1113 0605 0B       		.byte	0xb
 1114 0606 30       		.byte	0x30
 1115 0607 49000000 		.4byte	0x49
 1116 060b 02       		.byte	0x2
 1117 060c 23       		.byte	0x23
 1118 060d 0E       		.uleb128 0xe
 1119 060e 06       		.uleb128 0x6
 1120 060f DE020000 		.4byte	.LASF89
 1121 0613 0B       		.byte	0xb
 1122 0614 31       		.byte	0x31
 1123 0615 49000000 		.4byte	0x49
 1124 0619 02       		.byte	0x2
 1125 061a 23       		.byte	0x23
 1126 061b 0F       		.uleb128 0xf
 1127 061c 06       		.uleb128 0x6
ARM GAS  /tmp/ccNmElye.s 			page 21


 1128 061d 12010000 		.4byte	.LASF90
 1129 0621 0B       		.byte	0xb
 1130 0622 32       		.byte	0x32
 1131 0623 49000000 		.4byte	0x49
 1132 0627 02       		.byte	0x2
 1133 0628 23       		.byte	0x23
 1134 0629 10       		.uleb128 0x10
 1135 062a 06       		.uleb128 0x6
 1136 062b DB000000 		.4byte	.LASF91
 1137 062f 0B       		.byte	0xb
 1138 0630 34       		.byte	0x34
 1139 0631 49000000 		.4byte	0x49
 1140 0635 02       		.byte	0x2
 1141 0636 23       		.byte	0x23
 1142 0637 11       		.uleb128 0x11
 1143 0638 06       		.uleb128 0x6
 1144 0639 3C010000 		.4byte	.LASF92
 1145 063d 0B       		.byte	0xb
 1146 063e 35       		.byte	0x35
 1147 063f 49000000 		.4byte	0x49
 1148 0643 02       		.byte	0x2
 1149 0644 23       		.byte	0x23
 1150 0645 12       		.uleb128 0x12
 1151 0646 06       		.uleb128 0x6
 1152 0647 AD020000 		.4byte	.LASF93
 1153 064b 0B       		.byte	0xb
 1154 064c 36       		.byte	0x36
 1155 064d 49000000 		.4byte	0x49
 1156 0651 02       		.byte	0x2
 1157 0652 23       		.byte	0x23
 1158 0653 13       		.uleb128 0x13
 1159 0654 06       		.uleb128 0x6
 1160 0655 C8030000 		.4byte	.LASF94
 1161 0659 0B       		.byte	0xb
 1162 065a 37       		.byte	0x37
 1163 065b 49000000 		.4byte	0x49
 1164 065f 02       		.byte	0x2
 1165 0660 23       		.byte	0x23
 1166 0661 14       		.uleb128 0x14
 1167 0662 06       		.uleb128 0x6
 1168 0663 A7030000 		.4byte	.LASF95
 1169 0667 0B       		.byte	0xb
 1170 0668 39       		.byte	0x39
 1171 0669 49000000 		.4byte	0x49
 1172 066d 02       		.byte	0x2
 1173 066e 23       		.byte	0x23
 1174 066f 15       		.uleb128 0x15
 1175 0670 00       		.byte	0
 1176 0671 14       		.uleb128 0x14
 1177 0672 38050000 		.4byte	0x538
 1178 0676 81060000 		.4byte	0x681
 1179 067a 15       		.uleb128 0x15
 1180 067b 6F030000 		.4byte	0x36f
 1181 067f 03       		.byte	0x3
 1182 0680 00       		.byte	0
 1183 0681 03       		.uleb128 0x3
 1184 0682 7E010000 		.4byte	.LASF96
ARM GAS  /tmp/ccNmElye.s 			page 22


 1185 0686 0B       		.byte	0xb
 1186 0687 3A       		.byte	0x3a
 1187 0688 6C050000 		.4byte	0x56c
 1188 068c 16       		.uleb128 0x16
 1189 068d 01       		.byte	0x1
 1190 068e 2B030000 		.4byte	.LASF97
 1191 0692 01       		.byte	0x1
 1192 0693 36       		.byte	0x36
 1193 0694 01       		.byte	0x1
 1194 0695 00000000 		.4byte	.LFB7
 1195 0699 14000000 		.4byte	.LFE7
 1196 069d 02       		.byte	0x2
 1197 069e 7D       		.byte	0x7d
 1198 069f 00       		.sleb128 0
 1199 06a0 01       		.byte	0x1
 1200 06a1 B1060000 		.4byte	0x6b1
 1201 06a5 17       		.uleb128 0x17
 1202 06a6 7000     		.ascii	"p\000"
 1203 06a8 01       		.byte	0x1
 1204 06a9 36       		.byte	0x36
 1205 06aa B1020000 		.4byte	0x2b1
 1206 06ae 01       		.byte	0x1
 1207 06af 50       		.byte	0x50
 1208 06b0 00       		.byte	0
 1209 06b1 18       		.uleb128 0x18
 1210 06b2 01       		.byte	0x1
 1211 06b3 B9010000 		.4byte	.LASF98
 1212 06b7 01       		.byte	0x1
 1213 06b8 4D       		.byte	0x4d
 1214 06b9 01       		.byte	0x1
 1215 06ba 00000000 		.4byte	.LFB8
 1216 06be 7A000000 		.4byte	.LFE8
 1217 06c2 00000000 		.4byte	.LLST0
 1218 06c6 01       		.byte	0x1
 1219 06c7 91070000 		.4byte	0x791
 1220 06cb 19       		.uleb128 0x19
 1221 06cc C9000000 		.4byte	.LASF99
 1222 06d0 01       		.byte	0x1
 1223 06d1 4E       		.byte	0x4e
 1224 06d2 10010000 		.4byte	0x110
 1225 06d6 05       		.byte	0x5
 1226 06d7 03       		.byte	0x3
 1227 06d8 00000000 		.4byte	mainthread.4820
 1228 06dc 1A       		.uleb128 0x1a
 1229 06dd 2D040000 		.4byte	.LASF101
 1230 06e1 01       		.byte	0x1
 1231 06e2 50       		.byte	0x50
 1232 06e3 B3020000 		.4byte	0x2b3
 1233 06e7 01       		.byte	0x1
 1234 06e8 01       		.byte	0x1
 1235 06e9 1B       		.uleb128 0x1b
 1236 06ea 48000000 		.4byte	.LBB2
 1237 06ee 50000000 		.4byte	.LBE2
 1238 06f2 06070000 		.4byte	0x706
 1239 06f6 1C       		.uleb128 0x1c
 1240 06f7 746D7000 		.ascii	"tmp\000"
 1241 06fb 01       		.byte	0x1
ARM GAS  /tmp/ccNmElye.s 			page 23


 1242 06fc 68       		.byte	0x68
 1243 06fd 86000000 		.4byte	0x86
 1244 0701 2C000000 		.4byte	.LLST1
 1245 0705 00       		.byte	0
 1246 0706 1D       		.uleb128 0x1d
 1247 0707 08000000 		.4byte	.LVL1
 1248 070b 99080000 		.4byte	0x899
 1249 070f 1D       		.uleb128 0x1d
 1250 0710 0C000000 		.4byte	.LVL2
 1251 0714 A4080000 		.4byte	0x8a4
 1252 0718 1D       		.uleb128 0x1d
 1253 0719 10000000 		.4byte	.LVL3
 1254 071d AE080000 		.4byte	0x8ae
 1255 0721 1D       		.uleb128 0x1d
 1256 0722 14000000 		.4byte	.LVL4
 1257 0726 B8080000 		.4byte	0x8b8
 1258 072a 1D       		.uleb128 0x1d
 1259 072b 18000000 		.4byte	.LVL5
 1260 072f C2080000 		.4byte	0x8c2
 1261 0733 1D       		.uleb128 0x1d
 1262 0734 1C000000 		.4byte	.LVL6
 1263 0738 CC080000 		.4byte	0x8cc
 1264 073c 1E       		.uleb128 0x1e
 1265 073d 2A000000 		.4byte	.LVL7
 1266 0741 D6080000 		.4byte	0x8d6
 1267 0745 59070000 		.4byte	0x759
 1268 0749 1F       		.uleb128 0x1f
 1269 074a 01       		.byte	0x1
 1270 074b 51       		.byte	0x51
 1271 074c 02       		.byte	0x2
 1272 074d 08       		.byte	0x8
 1273 074e 40       		.byte	0x40
 1274 074f 1F       		.uleb128 0x1f
 1275 0750 01       		.byte	0x1
 1276 0751 50       		.byte	0x50
 1277 0752 05       		.byte	0x5
 1278 0753 03       		.byte	0x3
 1279 0754 00000000 		.4byte	.LANCHOR0
 1280 0758 00       		.byte	0
 1281 0759 1D       		.uleb128 0x1d
 1282 075a 48000000 		.4byte	.LVL8
 1283 075e F4080000 		.4byte	0x8f4
 1284 0762 20       		.uleb128 0x20
 1285 0763 76000000 		.4byte	.LVL12
 1286 0767 FE080000 		.4byte	0x8fe
 1287 076b 1F       		.uleb128 0x1f
 1288 076c 01       		.byte	0x1
 1289 076d 53       		.byte	0x53
 1290 076e 05       		.byte	0x5
 1291 076f 03       		.byte	0x3
 1292 0770 00000000 		.4byte	_idle_thread
 1293 0774 1F       		.uleb128 0x1f
 1294 0775 01       		.byte	0x1
 1295 0776 52       		.byte	0x52
 1296 0777 02       		.byte	0x2
 1297 0778 75       		.byte	0x75
 1298 0779 00       		.sleb128 0
ARM GAS  /tmp/ccNmElye.s 			page 24


 1299 077a 1F       		.uleb128 0x1f
 1300 077b 01       		.byte	0x1
 1301 077c 51       		.byte	0x51
 1302 077d 02       		.byte	0x2
 1303 077e 08       		.byte	0x8
 1304 077f C0       		.byte	0xc0
 1305 0780 1F       		.uleb128 0x1f
 1306 0781 01       		.byte	0x1
 1307 0782 50       		.byte	0x50
 1308 0783 05       		.byte	0x5
 1309 0784 03       		.byte	0x3
 1310 0785 00000000 		.4byte	.LANCHOR1
 1311 0789 1F       		.uleb128 0x1f
 1312 078a 02       		.byte	0x2
 1313 078b 7D       		.byte	0x7d
 1314 078c 00       		.sleb128 0
 1315 078d 01       		.byte	0x1
 1316 078e 30       		.byte	0x30
 1317 078f 00       		.byte	0
 1318 0790 00       		.byte	0
 1319 0791 18       		.uleb128 0x18
 1320 0792 01       		.byte	0x1
 1321 0793 64000000 		.4byte	.LASF100
 1322 0797 01       		.byte	0x1
 1323 0798 82       		.byte	0x82
 1324 0799 01       		.byte	0x1
 1325 079a 00000000 		.4byte	.LFB9
 1326 079e 68000000 		.4byte	.LFE9
 1327 07a2 3F000000 		.4byte	.LLST2
 1328 07a6 01       		.byte	0x1
 1329 07a7 3E080000 		.4byte	0x83e
 1330 07ab 1B       		.uleb128 0x1b
 1331 07ac 2A000000 		.4byte	.LBB3
 1332 07b0 68000000 		.4byte	.LBE3
 1333 07b4 34080000 		.4byte	0x834
 1334 07b8 1C       		.uleb128 0x1c
 1335 07b9 76747000 		.ascii	"vtp\000"
 1336 07bd 01       		.byte	0x1
 1337 07be 8F       		.byte	0x8f
 1338 07bf F1030000 		.4byte	0x3f1
 1339 07c3 5F000000 		.4byte	.LLST3
 1340 07c7 21       		.uleb128 0x21
 1341 07c8 32000000 		.4byte	.LBB4
 1342 07cc 54000000 		.4byte	.LBE4
 1343 07d0 1C       		.uleb128 0x1c
 1344 07d1 666E00   		.ascii	"fn\000"
 1345 07d4 01       		.byte	0x1
 1346 07d5 8F       		.byte	0x8f
 1347 07d6 76030000 		.4byte	0x376
 1348 07da 72000000 		.4byte	.LLST4
 1349 07de 1B       		.uleb128 0x1b
 1350 07df 40000000 		.4byte	.LBB5
 1351 07e3 46000000 		.4byte	.LBE5
 1352 07e7 FB070000 		.4byte	0x7fb
 1353 07eb 1C       		.uleb128 0x1c
 1354 07ec 746D7000 		.ascii	"tmp\000"
 1355 07f0 01       		.byte	0x1
ARM GAS  /tmp/ccNmElye.s 			page 25


 1356 07f1 8F       		.byte	0x8f
 1357 07f2 86000000 		.4byte	0x86
 1358 07f6 85000000 		.4byte	.LLST5
 1359 07fa 00       		.byte	0
 1360 07fb 1B       		.uleb128 0x1b
 1361 07fc 4A000000 		.4byte	.LBB6
 1362 0800 50000000 		.4byte	.LBE6
 1363 0804 18080000 		.4byte	0x818
 1364 0808 1C       		.uleb128 0x1c
 1365 0809 746D7000 		.ascii	"tmp\000"
 1366 080d 01       		.byte	0x1
 1367 080e 8F       		.byte	0x8f
 1368 080f 86000000 		.4byte	0x86
 1369 0813 98000000 		.4byte	.LLST6
 1370 0817 00       		.byte	0
 1371 0818 1D       		.uleb128 0x1d
 1372 0819 40000000 		.4byte	.LVL16
 1373 081d 2B090000 		.4byte	0x92b
 1374 0821 22       		.uleb128 0x22
 1375 0822 4A000000 		.4byte	.LVL19
 1376 0826 02       		.byte	0x2
 1377 0827 76       		.byte	0x76
 1378 0828 00       		.sleb128 0
 1379 0829 1D       		.uleb128 0x1d
 1380 082a 54000000 		.4byte	.LVL22
 1381 082e 35090000 		.4byte	0x935
 1382 0832 00       		.byte	0
 1383 0833 00       		.byte	0
 1384 0834 1D       		.uleb128 0x1d
 1385 0835 06000000 		.4byte	.LVL13
 1386 0839 3F090000 		.4byte	0x93f
 1387 083d 00       		.byte	0
 1388 083e 1A       		.uleb128 0x1a
 1389 083f 5D000000 		.4byte	.LASF102
 1390 0843 08       		.byte	0x8
 1391 0844 D1       		.byte	0xd1
 1392 0845 3D040000 		.4byte	0x43d
 1393 0849 01       		.byte	0x1
 1394 084a 01       		.byte	0x1
 1395 084b 1A       		.uleb128 0x1a
 1396 084c C3040000 		.4byte	.LASF103
 1397 0850 09       		.byte	0x9
 1398 0851 68       		.byte	0x68
 1399 0852 A5040000 		.4byte	0x4a5
 1400 0856 01       		.byte	0x1
 1401 0857 01       		.byte	0x1
 1402 0858 1A       		.uleb128 0x1a
 1403 0859 0D020000 		.4byte	.LASF104
 1404 085d 0B       		.byte	0xb
 1405 085e 77       		.byte	0x77
 1406 085f 65080000 		.4byte	0x865
 1407 0863 01       		.byte	0x1
 1408 0864 01       		.byte	0x1
 1409 0865 12       		.uleb128 0x12
 1410 0866 81060000 		.4byte	0x681
 1411 086a 14       		.uleb128 0x14
 1412 086b B3020000 		.4byte	0x2b3
ARM GAS  /tmp/ccNmElye.s 			page 26


 1413 086f 7A080000 		.4byte	0x87a
 1414 0873 15       		.uleb128 0x15
 1415 0874 6F030000 		.4byte	0x36f
 1416 0878 17       		.byte	0x17
 1417 0879 00       		.byte	0
 1418 087a 23       		.uleb128 0x23
 1419 087b 90010000 		.4byte	.LASF105
 1420 087f 01       		.byte	0x1
 1421 0880 2A       		.byte	0x2a
 1422 0881 6A080000 		.4byte	0x86a
 1423 0885 01       		.byte	0x1
 1424 0886 05       		.byte	0x5
 1425 0887 03       		.byte	0x3
 1426 0888 00000000 		.4byte	_idle_thread_wa
 1427 088c 1A       		.uleb128 0x1a
 1428 088d 2D040000 		.4byte	.LASF101
 1429 0891 01       		.byte	0x1
 1430 0892 50       		.byte	0x50
 1431 0893 B3020000 		.4byte	0x2b3
 1432 0897 01       		.byte	0x1
 1433 0898 01       		.byte	0x1
 1434 0899 24       		.uleb128 0x24
 1435 089a 01       		.byte	0x1
 1436 089b D1040000 		.4byte	.LASF106
 1437 089f 07       		.byte	0x7
 1438 08a0 FB01     		.2byte	0x1fb
 1439 08a2 01       		.byte	0x1
 1440 08a3 01       		.byte	0x1
 1441 08a4 25       		.uleb128 0x25
 1442 08a5 01       		.byte	0x1
 1443 08a6 E8000000 		.4byte	.LASF107
 1444 08aa 09       		.byte	0x9
 1445 08ab 87       		.byte	0x87
 1446 08ac 01       		.byte	0x1
 1447 08ad 01       		.byte	0x1
 1448 08ae 25       		.uleb128 0x25
 1449 08af 01       		.byte	0x1
 1450 08b0 6D040000 		.4byte	.LASF108
 1451 08b4 08       		.byte	0x8
 1452 08b5 D9       		.byte	0xd9
 1453 08b6 01       		.byte	0x1
 1454 08b7 01       		.byte	0x1
 1455 08b8 25       		.uleb128 0x25
 1456 08b9 01       		.byte	0x1
 1457 08ba 76030000 		.4byte	.LASF109
 1458 08be 0C       		.byte	0xc
 1459 08bf 4A       		.byte	0x4a
 1460 08c0 01       		.byte	0x1
 1461 08c1 01       		.byte	0x1
 1462 08c2 25       		.uleb128 0x25
 1463 08c3 01       		.byte	0x1
 1464 08c4 C3010000 		.4byte	.LASF110
 1465 08c8 0D       		.byte	0xd
 1466 08c9 4E       		.byte	0x4e
 1467 08ca 01       		.byte	0x1
 1468 08cb 01       		.byte	0x1
 1469 08cc 25       		.uleb128 0x25
ARM GAS  /tmp/ccNmElye.s 			page 27


 1470 08cd 01       		.byte	0x1
 1471 08ce 3F020000 		.4byte	.LASF111
 1472 08d2 0E       		.byte	0xe
 1473 08d3 EA       		.byte	0xea
 1474 08d4 01       		.byte	0x1
 1475 08d5 01       		.byte	0x1
 1476 08d6 26       		.uleb128 0x26
 1477 08d7 01       		.byte	0x1
 1478 08d8 E6010000 		.4byte	.LASF113
 1479 08dc 06       		.byte	0x6
 1480 08dd 6301     		.2byte	0x163
 1481 08df 01       		.byte	0x1
 1482 08e0 73020000 		.4byte	0x273
 1483 08e4 01       		.byte	0x1
 1484 08e5 F4080000 		.4byte	0x8f4
 1485 08e9 0E       		.uleb128 0xe
 1486 08ea 73020000 		.4byte	0x273
 1487 08ee 0E       		.uleb128 0xe
 1488 08ef E4000000 		.4byte	0xe4
 1489 08f3 00       		.byte	0
 1490 08f4 25       		.uleb128 0x25
 1491 08f5 01       		.byte	0x1
 1492 08f6 8F040000 		.4byte	.LASF112
 1493 08fa 0E       		.byte	0xe
 1494 08fb DF       		.byte	0xdf
 1495 08fc 01       		.byte	0x1
 1496 08fd 01       		.byte	0x1
 1497 08fe 26       		.uleb128 0x26
 1498 08ff 01       		.byte	0x1
 1499 0900 93020000 		.4byte	.LASF114
 1500 0904 06       		.byte	0x6
 1501 0905 6901     		.2byte	0x169
 1502 0907 01       		.byte	0x1
 1503 0908 73020000 		.4byte	0x273
 1504 090c 01       		.byte	0x1
 1505 090d 2B090000 		.4byte	0x92b
 1506 0911 0E       		.uleb128 0xe
 1507 0912 B1020000 		.4byte	0x2b1
 1508 0916 0E       		.uleb128 0xe
 1509 0917 30000000 		.4byte	0x30
 1510 091b 0E       		.uleb128 0xe
 1511 091c E4000000 		.4byte	0xe4
 1512 0920 0E       		.uleb128 0xe
 1513 0921 4B050000 		.4byte	0x54b
 1514 0925 0E       		.uleb128 0xe
 1515 0926 B1020000 		.4byte	0x2b1
 1516 092a 00       		.byte	0
 1517 092b 25       		.uleb128 0x25
 1518 092c 01       		.byte	0x1
 1519 092d 22010000 		.4byte	.LASF115
 1520 0931 0E       		.byte	0xe
 1521 0932 E3       		.byte	0xe3
 1522 0933 01       		.byte	0x1
 1523 0934 01       		.byte	0x1
 1524 0935 25       		.uleb128 0x25
 1525 0936 01       		.byte	0x1
 1526 0937 DC040000 		.4byte	.LASF116
ARM GAS  /tmp/ccNmElye.s 			page 28


 1527 093b 0E       		.byte	0xe
 1528 093c E2       		.byte	0xe2
 1529 093d 01       		.byte	0x1
 1530 093e 01       		.byte	0x1
 1531 093f 25       		.uleb128 0x25
 1532 0940 01       		.byte	0x1
 1533 0941 51020000 		.4byte	.LASF117
 1534 0945 0E       		.byte	0xe
 1535 0946 E6       		.byte	0xe6
 1536 0947 01       		.byte	0x1
 1537 0948 01       		.byte	0x1
 1538 0949 00       		.byte	0
 1539              		.section	.debug_abbrev,"",%progbits
 1540              	.Ldebug_abbrev0:
 1541 0000 01       		.uleb128 0x1
 1542 0001 11       		.uleb128 0x11
 1543 0002 01       		.byte	0x1
 1544 0003 25       		.uleb128 0x25
 1545 0004 0E       		.uleb128 0xe
 1546 0005 13       		.uleb128 0x13
 1547 0006 0B       		.uleb128 0xb
 1548 0007 03       		.uleb128 0x3
 1549 0008 0E       		.uleb128 0xe
 1550 0009 1B       		.uleb128 0x1b
 1551 000a 0E       		.uleb128 0xe
 1552 000b 55       		.uleb128 0x55
 1553 000c 06       		.uleb128 0x6
 1554 000d 11       		.uleb128 0x11
 1555 000e 01       		.uleb128 0x1
 1556 000f 52       		.uleb128 0x52
 1557 0010 01       		.uleb128 0x1
 1558 0011 10       		.uleb128 0x10
 1559 0012 06       		.uleb128 0x6
 1560 0013 00       		.byte	0
 1561 0014 00       		.byte	0
 1562 0015 02       		.uleb128 0x2
 1563 0016 24       		.uleb128 0x24
 1564 0017 00       		.byte	0
 1565 0018 0B       		.uleb128 0xb
 1566 0019 0B       		.uleb128 0xb
 1567 001a 3E       		.uleb128 0x3e
 1568 001b 0B       		.uleb128 0xb
 1569 001c 03       		.uleb128 0x3
 1570 001d 08       		.uleb128 0x8
 1571 001e 00       		.byte	0
 1572 001f 00       		.byte	0
 1573 0020 03       		.uleb128 0x3
 1574 0021 16       		.uleb128 0x16
 1575 0022 00       		.byte	0
 1576 0023 03       		.uleb128 0x3
 1577 0024 0E       		.uleb128 0xe
 1578 0025 3A       		.uleb128 0x3a
 1579 0026 0B       		.uleb128 0xb
 1580 0027 3B       		.uleb128 0x3b
 1581 0028 0B       		.uleb128 0xb
 1582 0029 49       		.uleb128 0x49
 1583 002a 13       		.uleb128 0x13
ARM GAS  /tmp/ccNmElye.s 			page 29


 1584 002b 00       		.byte	0
 1585 002c 00       		.byte	0
 1586 002d 04       		.uleb128 0x4
 1587 002e 24       		.uleb128 0x24
 1588 002f 00       		.byte	0
 1589 0030 0B       		.uleb128 0xb
 1590 0031 0B       		.uleb128 0xb
 1591 0032 3E       		.uleb128 0x3e
 1592 0033 0B       		.uleb128 0xb
 1593 0034 03       		.uleb128 0x3
 1594 0035 0E       		.uleb128 0xe
 1595 0036 00       		.byte	0
 1596 0037 00       		.byte	0
 1597 0038 05       		.uleb128 0x5
 1598 0039 13       		.uleb128 0x13
 1599 003a 01       		.byte	0x1
 1600 003b 03       		.uleb128 0x3
 1601 003c 0E       		.uleb128 0xe
 1602 003d 0B       		.uleb128 0xb
 1603 003e 0B       		.uleb128 0xb
 1604 003f 3A       		.uleb128 0x3a
 1605 0040 0B       		.uleb128 0xb
 1606 0041 3B       		.uleb128 0x3b
 1607 0042 0B       		.uleb128 0xb
 1608 0043 01       		.uleb128 0x1
 1609 0044 13       		.uleb128 0x13
 1610 0045 00       		.byte	0
 1611 0046 00       		.byte	0
 1612 0047 06       		.uleb128 0x6
 1613 0048 0D       		.uleb128 0xd
 1614 0049 00       		.byte	0
 1615 004a 03       		.uleb128 0x3
 1616 004b 0E       		.uleb128 0xe
 1617 004c 3A       		.uleb128 0x3a
 1618 004d 0B       		.uleb128 0xb
 1619 004e 3B       		.uleb128 0x3b
 1620 004f 0B       		.uleb128 0xb
 1621 0050 49       		.uleb128 0x49
 1622 0051 13       		.uleb128 0x13
 1623 0052 38       		.uleb128 0x38
 1624 0053 0A       		.uleb128 0xa
 1625 0054 00       		.byte	0
 1626 0055 00       		.byte	0
 1627 0056 07       		.uleb128 0x7
 1628 0057 0D       		.uleb128 0xd
 1629 0058 00       		.byte	0
 1630 0059 03       		.uleb128 0x3
 1631 005a 08       		.uleb128 0x8
 1632 005b 3A       		.uleb128 0x3a
 1633 005c 0B       		.uleb128 0xb
 1634 005d 3B       		.uleb128 0x3b
 1635 005e 0B       		.uleb128 0xb
 1636 005f 49       		.uleb128 0x49
 1637 0060 13       		.uleb128 0x13
 1638 0061 38       		.uleb128 0x38
 1639 0062 0A       		.uleb128 0xa
 1640 0063 00       		.byte	0
ARM GAS  /tmp/ccNmElye.s 			page 30


 1641 0064 00       		.byte	0
 1642 0065 08       		.uleb128 0x8
 1643 0066 13       		.uleb128 0x13
 1644 0067 01       		.byte	0x1
 1645 0068 0B       		.uleb128 0xb
 1646 0069 0B       		.uleb128 0xb
 1647 006a 3A       		.uleb128 0x3a
 1648 006b 0B       		.uleb128 0xb
 1649 006c 3B       		.uleb128 0x3b
 1650 006d 0B       		.uleb128 0xb
 1651 006e 01       		.uleb128 0x1
 1652 006f 13       		.uleb128 0x13
 1653 0070 00       		.byte	0
 1654 0071 00       		.byte	0
 1655 0072 09       		.uleb128 0x9
 1656 0073 0F       		.uleb128 0xf
 1657 0074 00       		.byte	0
 1658 0075 0B       		.uleb128 0xb
 1659 0076 0B       		.uleb128 0xb
 1660 0077 49       		.uleb128 0x49
 1661 0078 13       		.uleb128 0x13
 1662 0079 00       		.byte	0
 1663 007a 00       		.byte	0
 1664 007b 0A       		.uleb128 0xa
 1665 007c 0F       		.uleb128 0xf
 1666 007d 00       		.byte	0
 1667 007e 0B       		.uleb128 0xb
 1668 007f 0B       		.uleb128 0xb
 1669 0080 00       		.byte	0
 1670 0081 00       		.byte	0
 1671 0082 0B       		.uleb128 0xb
 1672 0083 13       		.uleb128 0x13
 1673 0084 01       		.byte	0x1
 1674 0085 03       		.uleb128 0x3
 1675 0086 0E       		.uleb128 0xe
 1676 0087 0B       		.uleb128 0xb
 1677 0088 0B       		.uleb128 0xb
 1678 0089 3A       		.uleb128 0x3a
 1679 008a 0B       		.uleb128 0xb
 1680 008b 3B       		.uleb128 0x3b
 1681 008c 05       		.uleb128 0x5
 1682 008d 01       		.uleb128 0x1
 1683 008e 13       		.uleb128 0x13
 1684 008f 00       		.byte	0
 1685 0090 00       		.byte	0
 1686 0091 0C       		.uleb128 0xc
 1687 0092 0D       		.uleb128 0xd
 1688 0093 00       		.byte	0
 1689 0094 03       		.uleb128 0x3
 1690 0095 08       		.uleb128 0x8
 1691 0096 3A       		.uleb128 0x3a
 1692 0097 0B       		.uleb128 0xb
 1693 0098 3B       		.uleb128 0x3b
 1694 0099 05       		.uleb128 0x5
 1695 009a 49       		.uleb128 0x49
 1696 009b 13       		.uleb128 0x13
 1697 009c 38       		.uleb128 0x38
ARM GAS  /tmp/ccNmElye.s 			page 31


 1698 009d 0A       		.uleb128 0xa
 1699 009e 00       		.byte	0
 1700 009f 00       		.byte	0
 1701 00a0 0D       		.uleb128 0xd
 1702 00a1 15       		.uleb128 0x15
 1703 00a2 01       		.byte	0x1
 1704 00a3 27       		.uleb128 0x27
 1705 00a4 0C       		.uleb128 0xc
 1706 00a5 01       		.uleb128 0x1
 1707 00a6 13       		.uleb128 0x13
 1708 00a7 00       		.byte	0
 1709 00a8 00       		.byte	0
 1710 00a9 0E       		.uleb128 0xe
 1711 00aa 05       		.uleb128 0x5
 1712 00ab 00       		.byte	0
 1713 00ac 49       		.uleb128 0x49
 1714 00ad 13       		.uleb128 0x13
 1715 00ae 00       		.byte	0
 1716 00af 00       		.byte	0
 1717 00b0 0F       		.uleb128 0xf
 1718 00b1 35       		.uleb128 0x35
 1719 00b2 00       		.byte	0
 1720 00b3 49       		.uleb128 0x49
 1721 00b4 13       		.uleb128 0x13
 1722 00b5 00       		.byte	0
 1723 00b6 00       		.byte	0
 1724 00b7 10       		.uleb128 0x10
 1725 00b8 17       		.uleb128 0x17
 1726 00b9 01       		.byte	0x1
 1727 00ba 0B       		.uleb128 0xb
 1728 00bb 0B       		.uleb128 0xb
 1729 00bc 3A       		.uleb128 0x3a
 1730 00bd 0B       		.uleb128 0xb
 1731 00be 3B       		.uleb128 0x3b
 1732 00bf 0B       		.uleb128 0xb
 1733 00c0 01       		.uleb128 0x1
 1734 00c1 13       		.uleb128 0x13
 1735 00c2 00       		.byte	0
 1736 00c3 00       		.byte	0
 1737 00c4 11       		.uleb128 0x11
 1738 00c5 0D       		.uleb128 0xd
 1739 00c6 00       		.byte	0
 1740 00c7 03       		.uleb128 0x3
 1741 00c8 0E       		.uleb128 0xe
 1742 00c9 3A       		.uleb128 0x3a
 1743 00ca 0B       		.uleb128 0xb
 1744 00cb 3B       		.uleb128 0x3b
 1745 00cc 0B       		.uleb128 0xb
 1746 00cd 49       		.uleb128 0x49
 1747 00ce 13       		.uleb128 0x13
 1748 00cf 00       		.byte	0
 1749 00d0 00       		.byte	0
 1750 00d1 12       		.uleb128 0x12
 1751 00d2 26       		.uleb128 0x26
 1752 00d3 00       		.byte	0
 1753 00d4 49       		.uleb128 0x49
 1754 00d5 13       		.uleb128 0x13
ARM GAS  /tmp/ccNmElye.s 			page 32


 1755 00d6 00       		.byte	0
 1756 00d7 00       		.byte	0
 1757 00d8 13       		.uleb128 0x13
 1758 00d9 15       		.uleb128 0x15
 1759 00da 01       		.byte	0x1
 1760 00db 27       		.uleb128 0x27
 1761 00dc 0C       		.uleb128 0xc
 1762 00dd 49       		.uleb128 0x49
 1763 00de 13       		.uleb128 0x13
 1764 00df 01       		.uleb128 0x1
 1765 00e0 13       		.uleb128 0x13
 1766 00e1 00       		.byte	0
 1767 00e2 00       		.byte	0
 1768 00e3 14       		.uleb128 0x14
 1769 00e4 01       		.uleb128 0x1
 1770 00e5 01       		.byte	0x1
 1771 00e6 49       		.uleb128 0x49
 1772 00e7 13       		.uleb128 0x13
 1773 00e8 01       		.uleb128 0x1
 1774 00e9 13       		.uleb128 0x13
 1775 00ea 00       		.byte	0
 1776 00eb 00       		.byte	0
 1777 00ec 15       		.uleb128 0x15
 1778 00ed 21       		.uleb128 0x21
 1779 00ee 00       		.byte	0
 1780 00ef 49       		.uleb128 0x49
 1781 00f0 13       		.uleb128 0x13
 1782 00f1 2F       		.uleb128 0x2f
 1783 00f2 0B       		.uleb128 0xb
 1784 00f3 00       		.byte	0
 1785 00f4 00       		.byte	0
 1786 00f5 16       		.uleb128 0x16
 1787 00f6 2E       		.uleb128 0x2e
 1788 00f7 01       		.byte	0x1
 1789 00f8 3F       		.uleb128 0x3f
 1790 00f9 0C       		.uleb128 0xc
 1791 00fa 03       		.uleb128 0x3
 1792 00fb 0E       		.uleb128 0xe
 1793 00fc 3A       		.uleb128 0x3a
 1794 00fd 0B       		.uleb128 0xb
 1795 00fe 3B       		.uleb128 0x3b
 1796 00ff 0B       		.uleb128 0xb
 1797 0100 27       		.uleb128 0x27
 1798 0101 0C       		.uleb128 0xc
 1799 0102 11       		.uleb128 0x11
 1800 0103 01       		.uleb128 0x1
 1801 0104 12       		.uleb128 0x12
 1802 0105 01       		.uleb128 0x1
 1803 0106 40       		.uleb128 0x40
 1804 0107 0A       		.uleb128 0xa
 1805 0108 9742     		.uleb128 0x2117
 1806 010a 0C       		.uleb128 0xc
 1807 010b 01       		.uleb128 0x1
 1808 010c 13       		.uleb128 0x13
 1809 010d 00       		.byte	0
 1810 010e 00       		.byte	0
 1811 010f 17       		.uleb128 0x17
ARM GAS  /tmp/ccNmElye.s 			page 33


 1812 0110 05       		.uleb128 0x5
 1813 0111 00       		.byte	0
 1814 0112 03       		.uleb128 0x3
 1815 0113 08       		.uleb128 0x8
 1816 0114 3A       		.uleb128 0x3a
 1817 0115 0B       		.uleb128 0xb
 1818 0116 3B       		.uleb128 0x3b
 1819 0117 0B       		.uleb128 0xb
 1820 0118 49       		.uleb128 0x49
 1821 0119 13       		.uleb128 0x13
 1822 011a 02       		.uleb128 0x2
 1823 011b 0A       		.uleb128 0xa
 1824 011c 00       		.byte	0
 1825 011d 00       		.byte	0
 1826 011e 18       		.uleb128 0x18
 1827 011f 2E       		.uleb128 0x2e
 1828 0120 01       		.byte	0x1
 1829 0121 3F       		.uleb128 0x3f
 1830 0122 0C       		.uleb128 0xc
 1831 0123 03       		.uleb128 0x3
 1832 0124 0E       		.uleb128 0xe
 1833 0125 3A       		.uleb128 0x3a
 1834 0126 0B       		.uleb128 0xb
 1835 0127 3B       		.uleb128 0x3b
 1836 0128 0B       		.uleb128 0xb
 1837 0129 27       		.uleb128 0x27
 1838 012a 0C       		.uleb128 0xc
 1839 012b 11       		.uleb128 0x11
 1840 012c 01       		.uleb128 0x1
 1841 012d 12       		.uleb128 0x12
 1842 012e 01       		.uleb128 0x1
 1843 012f 40       		.uleb128 0x40
 1844 0130 06       		.uleb128 0x6
 1845 0131 9742     		.uleb128 0x2117
 1846 0133 0C       		.uleb128 0xc
 1847 0134 01       		.uleb128 0x1
 1848 0135 13       		.uleb128 0x13
 1849 0136 00       		.byte	0
 1850 0137 00       		.byte	0
 1851 0138 19       		.uleb128 0x19
 1852 0139 34       		.uleb128 0x34
 1853 013a 00       		.byte	0
 1854 013b 03       		.uleb128 0x3
 1855 013c 0E       		.uleb128 0xe
 1856 013d 3A       		.uleb128 0x3a
 1857 013e 0B       		.uleb128 0xb
 1858 013f 3B       		.uleb128 0x3b
 1859 0140 0B       		.uleb128 0xb
 1860 0141 49       		.uleb128 0x49
 1861 0142 13       		.uleb128 0x13
 1862 0143 02       		.uleb128 0x2
 1863 0144 0A       		.uleb128 0xa
 1864 0145 00       		.byte	0
 1865 0146 00       		.byte	0
 1866 0147 1A       		.uleb128 0x1a
 1867 0148 34       		.uleb128 0x34
 1868 0149 00       		.byte	0
ARM GAS  /tmp/ccNmElye.s 			page 34


 1869 014a 03       		.uleb128 0x3
 1870 014b 0E       		.uleb128 0xe
 1871 014c 3A       		.uleb128 0x3a
 1872 014d 0B       		.uleb128 0xb
 1873 014e 3B       		.uleb128 0x3b
 1874 014f 0B       		.uleb128 0xb
 1875 0150 49       		.uleb128 0x49
 1876 0151 13       		.uleb128 0x13
 1877 0152 3F       		.uleb128 0x3f
 1878 0153 0C       		.uleb128 0xc
 1879 0154 3C       		.uleb128 0x3c
 1880 0155 0C       		.uleb128 0xc
 1881 0156 00       		.byte	0
 1882 0157 00       		.byte	0
 1883 0158 1B       		.uleb128 0x1b
 1884 0159 0B       		.uleb128 0xb
 1885 015a 01       		.byte	0x1
 1886 015b 11       		.uleb128 0x11
 1887 015c 01       		.uleb128 0x1
 1888 015d 12       		.uleb128 0x12
 1889 015e 01       		.uleb128 0x1
 1890 015f 01       		.uleb128 0x1
 1891 0160 13       		.uleb128 0x13
 1892 0161 00       		.byte	0
 1893 0162 00       		.byte	0
 1894 0163 1C       		.uleb128 0x1c
 1895 0164 34       		.uleb128 0x34
 1896 0165 00       		.byte	0
 1897 0166 03       		.uleb128 0x3
 1898 0167 08       		.uleb128 0x8
 1899 0168 3A       		.uleb128 0x3a
 1900 0169 0B       		.uleb128 0xb
 1901 016a 3B       		.uleb128 0x3b
 1902 016b 0B       		.uleb128 0xb
 1903 016c 49       		.uleb128 0x49
 1904 016d 13       		.uleb128 0x13
 1905 016e 02       		.uleb128 0x2
 1906 016f 06       		.uleb128 0x6
 1907 0170 00       		.byte	0
 1908 0171 00       		.byte	0
 1909 0172 1D       		.uleb128 0x1d
 1910 0173 898201   		.uleb128 0x4109
 1911 0176 00       		.byte	0
 1912 0177 11       		.uleb128 0x11
 1913 0178 01       		.uleb128 0x1
 1914 0179 31       		.uleb128 0x31
 1915 017a 13       		.uleb128 0x13
 1916 017b 00       		.byte	0
 1917 017c 00       		.byte	0
 1918 017d 1E       		.uleb128 0x1e
 1919 017e 898201   		.uleb128 0x4109
 1920 0181 01       		.byte	0x1
 1921 0182 11       		.uleb128 0x11
 1922 0183 01       		.uleb128 0x1
 1923 0184 31       		.uleb128 0x31
 1924 0185 13       		.uleb128 0x13
 1925 0186 01       		.uleb128 0x1
ARM GAS  /tmp/ccNmElye.s 			page 35


 1926 0187 13       		.uleb128 0x13
 1927 0188 00       		.byte	0
 1928 0189 00       		.byte	0
 1929 018a 1F       		.uleb128 0x1f
 1930 018b 8A8201   		.uleb128 0x410a
 1931 018e 00       		.byte	0
 1932 018f 02       		.uleb128 0x2
 1933 0190 0A       		.uleb128 0xa
 1934 0191 9142     		.uleb128 0x2111
 1935 0193 0A       		.uleb128 0xa
 1936 0194 00       		.byte	0
 1937 0195 00       		.byte	0
 1938 0196 20       		.uleb128 0x20
 1939 0197 898201   		.uleb128 0x4109
 1940 019a 01       		.byte	0x1
 1941 019b 11       		.uleb128 0x11
 1942 019c 01       		.uleb128 0x1
 1943 019d 31       		.uleb128 0x31
 1944 019e 13       		.uleb128 0x13
 1945 019f 00       		.byte	0
 1946 01a0 00       		.byte	0
 1947 01a1 21       		.uleb128 0x21
 1948 01a2 0B       		.uleb128 0xb
 1949 01a3 01       		.byte	0x1
 1950 01a4 11       		.uleb128 0x11
 1951 01a5 01       		.uleb128 0x1
 1952 01a6 12       		.uleb128 0x12
 1953 01a7 01       		.uleb128 0x1
 1954 01a8 00       		.byte	0
 1955 01a9 00       		.byte	0
 1956 01aa 22       		.uleb128 0x22
 1957 01ab 898201   		.uleb128 0x4109
 1958 01ae 00       		.byte	0
 1959 01af 11       		.uleb128 0x11
 1960 01b0 01       		.uleb128 0x1
 1961 01b1 9342     		.uleb128 0x2113
 1962 01b3 0A       		.uleb128 0xa
 1963 01b4 00       		.byte	0
 1964 01b5 00       		.byte	0
 1965 01b6 23       		.uleb128 0x23
 1966 01b7 34       		.uleb128 0x34
 1967 01b8 00       		.byte	0
 1968 01b9 03       		.uleb128 0x3
 1969 01ba 0E       		.uleb128 0xe
 1970 01bb 3A       		.uleb128 0x3a
 1971 01bc 0B       		.uleb128 0xb
 1972 01bd 3B       		.uleb128 0x3b
 1973 01be 0B       		.uleb128 0xb
 1974 01bf 49       		.uleb128 0x49
 1975 01c0 13       		.uleb128 0x13
 1976 01c1 3F       		.uleb128 0x3f
 1977 01c2 0C       		.uleb128 0xc
 1978 01c3 02       		.uleb128 0x2
 1979 01c4 0A       		.uleb128 0xa
 1980 01c5 00       		.byte	0
 1981 01c6 00       		.byte	0
 1982 01c7 24       		.uleb128 0x24
ARM GAS  /tmp/ccNmElye.s 			page 36


 1983 01c8 2E       		.uleb128 0x2e
 1984 01c9 00       		.byte	0
 1985 01ca 3F       		.uleb128 0x3f
 1986 01cb 0C       		.uleb128 0xc
 1987 01cc 03       		.uleb128 0x3
 1988 01cd 0E       		.uleb128 0xe
 1989 01ce 3A       		.uleb128 0x3a
 1990 01cf 0B       		.uleb128 0xb
 1991 01d0 3B       		.uleb128 0x3b
 1992 01d1 05       		.uleb128 0x5
 1993 01d2 27       		.uleb128 0x27
 1994 01d3 0C       		.uleb128 0xc
 1995 01d4 3C       		.uleb128 0x3c
 1996 01d5 0C       		.uleb128 0xc
 1997 01d6 00       		.byte	0
 1998 01d7 00       		.byte	0
 1999 01d8 25       		.uleb128 0x25
 2000 01d9 2E       		.uleb128 0x2e
 2001 01da 00       		.byte	0
 2002 01db 3F       		.uleb128 0x3f
 2003 01dc 0C       		.uleb128 0xc
 2004 01dd 03       		.uleb128 0x3
 2005 01de 0E       		.uleb128 0xe
 2006 01df 3A       		.uleb128 0x3a
 2007 01e0 0B       		.uleb128 0xb
 2008 01e1 3B       		.uleb128 0x3b
 2009 01e2 0B       		.uleb128 0xb
 2010 01e3 27       		.uleb128 0x27
 2011 01e4 0C       		.uleb128 0xc
 2012 01e5 3C       		.uleb128 0x3c
 2013 01e6 0C       		.uleb128 0xc
 2014 01e7 00       		.byte	0
 2015 01e8 00       		.byte	0
 2016 01e9 26       		.uleb128 0x26
 2017 01ea 2E       		.uleb128 0x2e
 2018 01eb 01       		.byte	0x1
 2019 01ec 3F       		.uleb128 0x3f
 2020 01ed 0C       		.uleb128 0xc
 2021 01ee 03       		.uleb128 0x3
 2022 01ef 0E       		.uleb128 0xe
 2023 01f0 3A       		.uleb128 0x3a
 2024 01f1 0B       		.uleb128 0xb
 2025 01f2 3B       		.uleb128 0x3b
 2026 01f3 05       		.uleb128 0x5
 2027 01f4 27       		.uleb128 0x27
 2028 01f5 0C       		.uleb128 0xc
 2029 01f6 49       		.uleb128 0x49
 2030 01f7 13       		.uleb128 0x13
 2031 01f8 3C       		.uleb128 0x3c
 2032 01f9 0C       		.uleb128 0xc
 2033 01fa 01       		.uleb128 0x1
 2034 01fb 13       		.uleb128 0x13
 2035 01fc 00       		.byte	0
 2036 01fd 00       		.byte	0
 2037 01fe 00       		.byte	0
 2038              		.section	.debug_loc,"",%progbits
 2039              	.Ldebug_loc0:
ARM GAS  /tmp/ccNmElye.s 			page 37


 2040              	.LLST0:
 2041 0000 00000000 		.4byte	.LFB8
 2042 0004 02000000 		.4byte	.LCFI0
 2043 0008 0200     		.2byte	0x2
 2044 000a 7D       		.byte	0x7d
 2045 000b 00       		.sleb128 0
 2046 000c 02000000 		.4byte	.LCFI0
 2047 0010 04000000 		.4byte	.LCFI1
 2048 0014 0200     		.2byte	0x2
 2049 0016 7D       		.byte	0x7d
 2050 0017 0C       		.sleb128 12
 2051 0018 04000000 		.4byte	.LCFI1
 2052 001c 7A000000 		.4byte	.LFE8
 2053 0020 0200     		.2byte	0x2
 2054 0022 7D       		.byte	0x7d
 2055 0023 18       		.sleb128 24
 2056 0024 00000000 		.4byte	0
 2057 0028 00000000 		.4byte	0
 2058              	.LLST1:
 2059 002c 50000000 		.4byte	.LVL10
 2060 0030 66000000 		.4byte	.LVL11
 2061 0034 0100     		.2byte	0x1
 2062 0036 53       		.byte	0x53
 2063 0037 00000000 		.4byte	0
 2064 003b 00000000 		.4byte	0
 2065              	.LLST2:
 2066 003f 00000000 		.4byte	.LFB9
 2067 0043 02000000 		.4byte	.LCFI2
 2068 0047 0200     		.2byte	0x2
 2069 0049 7D       		.byte	0x7d
 2070 004a 00       		.sleb128 0
 2071 004b 02000000 		.4byte	.LCFI2
 2072 004f 68000000 		.4byte	.LFE9
 2073 0053 0200     		.2byte	0x2
 2074 0055 7D       		.byte	0x7d
 2075 0056 18       		.sleb128 24
 2076 0057 00000000 		.4byte	0
 2077 005b 00000000 		.4byte	0
 2078              	.LLST3:
 2079 005f 30000000 		.4byte	.LVL14
 2080 0063 5C000000 		.4byte	.LVL24
 2081 0067 0100     		.2byte	0x1
 2082 0069 54       		.byte	0x54
 2083 006a 00000000 		.4byte	0
 2084 006e 00000000 		.4byte	0
 2085              	.LLST4:
 2086 0072 36000000 		.4byte	.LVL15
 2087 0076 5C000000 		.4byte	.LVL24
 2088 007a 0100     		.2byte	0x1
 2089 007c 56       		.byte	0x56
 2090 007d 00000000 		.4byte	0
 2091 0081 00000000 		.4byte	0
 2092              	.LLST5:
 2093 0085 46000000 		.4byte	.LVL18
 2094 0089 49000000 		.4byte	.LVL19-1
 2095 008d 0100     		.2byte	0x1
 2096 008f 53       		.byte	0x53
ARM GAS  /tmp/ccNmElye.s 			page 38


 2097 0090 00000000 		.4byte	0
 2098 0094 00000000 		.4byte	0
 2099              	.LLST6:
 2100 0098 50000000 		.4byte	.LVL21
 2101 009c 53000000 		.4byte	.LVL22-1
 2102 00a0 0100     		.2byte	0x1
 2103 00a2 53       		.byte	0x53
 2104 00a3 00000000 		.4byte	0
 2105 00a7 00000000 		.4byte	0
 2106              		.section	.debug_aranges,"",%progbits
 2107 0000 2C000000 		.4byte	0x2c
 2108 0004 0200     		.2byte	0x2
 2109 0006 00000000 		.4byte	.Ldebug_info0
 2110 000a 04       		.byte	0x4
 2111 000b 00       		.byte	0
 2112 000c 0000     		.2byte	0
 2113 000e 0000     		.2byte	0
 2114 0010 00000000 		.4byte	.LFB7
 2115 0014 14000000 		.4byte	.LFE7-.LFB7
 2116 0018 00000000 		.4byte	.LFB8
 2117 001c 7A000000 		.4byte	.LFE8-.LFB8
 2118 0020 00000000 		.4byte	.LFB9
 2119 0024 68000000 		.4byte	.LFE9-.LFB9
 2120 0028 00000000 		.4byte	0
 2121 002c 00000000 		.4byte	0
 2122              		.section	.debug_ranges,"",%progbits
 2123              	.Ldebug_ranges0:
 2124 0000 00000000 		.4byte	.LFB7
 2125 0004 14000000 		.4byte	.LFE7
 2126 0008 00000000 		.4byte	.LFB8
 2127 000c 7A000000 		.4byte	.LFE8
 2128 0010 00000000 		.4byte	.LFB9
 2129 0014 68000000 		.4byte	.LFE9
 2130 0018 00000000 		.4byte	0
 2131 001c 00000000 		.4byte	0
 2132              		.section	.debug_line,"",%progbits
 2133              	.Ldebug_line0:
 2134 0000 43020000 		.section	.debug_str,"MS",%progbits,1
 2134      0200EA01 
 2134      00000201 
 2134      FB0E0D00 
 2134      01010101 
 2135              	.LASF120:
 2136 0000 2F686F6D 		.ascii	"/home/rob/Projects/stm32/src/rocket_tracks\000"
 2136      652F726F 
 2136      622F5072 
 2136      6F6A6563 
 2136      74732F73 
 2137              	.LASF77:
 2138 002b 7466756E 		.ascii	"tfunc_t\000"
 2138      635F7400 
 2139              	.LASF88:
 2140 0033 63665F6F 		.ascii	"cf_off_older\000"
 2140      66665F6F 
 2140      6C646572 
 2140      00
 2141              	.LASF40:
ARM GAS  /tmp/ccNmElye.s 			page 39


 2142 0040 705F6D73 		.ascii	"p_msg\000"
 2142      6700
 2143              	.LASF2:
 2144 0046 73697A65 		.ascii	"size_t\000"
 2144      5F7400
 2145              	.LASF72:
 2146 004d 7264796D 		.ascii	"rdymsg\000"
 2146      736700
 2147              	.LASF13:
 2148 0054 75696E74 		.ascii	"uint64_t\000"
 2148      36345F74 
 2148      00
 2149              	.LASF102:
 2150 005d 76746C69 		.ascii	"vtlist\000"
 2150      737400
 2151              	.LASF100:
 2152 0064 63685379 		.ascii	"chSysTimerHandlerI\000"
 2152      7354696D 
 2152      65724861 
 2152      6E646C65 
 2152      724900
 2153              	.LASF119:
 2154 0077 2E2E2F2E 		.ascii	"../../ChibiOS/os/kernel/src/chsys.c\000"
 2154      2E2F4368 
 2154      6962694F 
 2154      532F6F73 
 2154      2F6B6572 
 2155              	.LASF14:
 2156 009b 6C6F6E67 		.ascii	"long long unsigned int\000"
 2156      206C6F6E 
 2156      6720756E 
 2156      7369676E 
 2156      65642069 
 2157              	.LASF84:
 2158 00b2 63685F74 		.ascii	"ch_threadsize\000"
 2158      68726561 
 2158      6473697A 
 2158      6500
 2159              	.LASF73:
 2160 00c0 65786974 		.ascii	"exitcode\000"
 2160      636F6465 
 2160      00
 2161              	.LASF99:
 2162 00c9 6D61696E 		.ascii	"mainthread\000"
 2162      74687265 
 2162      616400
 2163              	.LASF27:
 2164 00d4 705F7072 		.ascii	"p_prio\000"
 2164      696F00
 2165              	.LASF91:
 2166 00db 63665F6F 		.ascii	"cf_off_state\000"
 2166      66665F73 
 2166      74617465 
 2166      00
 2167              	.LASF107:
 2168 00e8 5F736368 		.ascii	"_scheduler_init\000"
 2168      6564756C 
ARM GAS  /tmp/ccNmElye.s 			page 40


 2168      65725F69 
 2168      6E697400 
 2169              	.LASF12:
 2170 00f8 6C6F6E67 		.ascii	"long long int\000"
 2170      206C6F6E 
 2170      6720696E 
 2170      7400
 2171              	.LASF1:
 2172 0106 7369676E 		.ascii	"signed char\000"
 2172      65642063 
 2172      68617200 
 2173              	.LASF90:
 2174 0112 63665F6F 		.ascii	"cf_off_stklimit\000"
 2174      66665F73 
 2174      746B6C69 
 2174      6D697400 
 2175              	.LASF115:
 2176 0122 6462675F 		.ascii	"dbg_check_unlock_from_isr\000"
 2176      63686563 
 2176      6B5F756E 
 2176      6C6F636B 
 2176      5F66726F 
 2177              	.LASF92:
 2178 013c 63665F6F 		.ascii	"cf_off_flags\000"
 2178      66665F66 
 2178      6C616773 
 2178      00
 2179              	.LASF44:
 2180 0149 705F6D70 		.ascii	"p_mpool\000"
 2180      6F6F6C00 
 2181              	.LASF69:
 2182 0151 6D5F7175 		.ascii	"m_queue\000"
 2182      65756500 
 2183              	.LASF19:
 2184 0159 74736C69 		.ascii	"tslices_t\000"
 2184      6365735F 
 2184      7400
 2185              	.LASF9:
 2186 0163 6C6F6E67 		.ascii	"long int\000"
 2186      20696E74 
 2186      00
 2187              	.LASF17:
 2188 016c 74737461 		.ascii	"tstate_t\000"
 2188      74655F74 
 2188      00
 2189              	.LASF6:
 2190 0175 75696E74 		.ascii	"uint16_t\000"
 2190      31365F74 
 2190      00
 2191              	.LASF96:
 2192 017e 63686465 		.ascii	"chdebug_t\000"
 2192      6275675F 
 2192      7400
 2193              	.LASF29:
 2194 0188 705F6E65 		.ascii	"p_newer\000"
 2194      77657200 
 2195              	.LASF105:
ARM GAS  /tmp/ccNmElye.s 			page 41


 2196 0190 5F69646C 		.ascii	"_idle_thread_wa\000"
 2196      655F7468 
 2196      72656164 
 2196      5F776100 
 2197              	.LASF64:
 2198 01a0 725F6E65 		.ascii	"r_newer\000"
 2198      77657200 
 2199              	.LASF47:
 2200 01a8 72656761 		.ascii	"regarm_t\000"
 2200      726D5F74 
 2200      00
 2201              	.LASF55:
 2202 01b1 76745F70 		.ascii	"vt_prev\000"
 2202      72657600 
 2203              	.LASF98:
 2204 01b9 63685379 		.ascii	"chSysInit\000"
 2204      73496E69 
 2204      7400
 2205              	.LASF110:
 2206 01c3 5F686561 		.ascii	"_heap_init\000"
 2206      705F696E 
 2206      697400
 2207              	.LASF32:
 2208 01ce 705F7374 		.ascii	"p_stklimit\000"
 2208      6B6C696D 
 2208      697400
 2209              	.LASF0:
 2210 01d9 756E7369 		.ascii	"unsigned int\000"
 2210      676E6564 
 2210      20696E74 
 2210      00
 2211              	.LASF113:
 2212 01e6 5F746872 		.ascii	"_thread_init\000"
 2212      6561645F 
 2212      696E6974 
 2212      00
 2213              	.LASF54:
 2214 01f3 76745F6E 		.ascii	"vt_next\000"
 2214      65787400 
 2215              	.LASF11:
 2216 01fb 6C6F6E67 		.ascii	"long unsigned int\000"
 2216      20756E73 
 2216      69676E65 
 2216      6420696E 
 2216      7400
 2217              	.LASF104:
 2218 020d 63685F64 		.ascii	"ch_debug\000"
 2218      65627567 
 2218      00
 2219              	.LASF78:
 2220 0216 63685F69 		.ascii	"ch_identifier\000"
 2220      64656E74 
 2220      69666965 
 2220      7200
 2221              	.LASF50:
 2222 0224 636F6E74 		.ascii	"context\000"
 2222      65787400 
ARM GAS  /tmp/ccNmElye.s 			page 42


 2223              	.LASF7:
 2224 022c 73686F72 		.ascii	"short unsigned int\000"
 2224      7420756E 
 2224      7369676E 
 2224      65642069 
 2224      6E7400
 2225              	.LASF111:
 2226 023f 5F747261 		.ascii	"_trace_init\000"
 2226      63655F69 
 2226      6E697400 
 2227              	.LASF21:
 2228 024b 6D73675F 		.ascii	"msg_t\000"
 2228      7400
 2229              	.LASF117:
 2230 0251 63684462 		.ascii	"chDbgCheckClassI\000"
 2230      67436865 
 2230      636B436C 
 2230      61737349 
 2230      00
 2231              	.LASF16:
 2232 0262 746D6F64 		.ascii	"tmode_t\000"
 2232      655F7400 
 2233              	.LASF46:
 2234 026a 54687265 		.ascii	"ThreadsList\000"
 2234      6164734C 
 2234      69737400 
 2235              	.LASF22:
 2236 0276 6576656E 		.ascii	"eventmask_t\000"
 2236      746D6173 
 2236      6B5F7400 
 2237              	.LASF68:
 2238 0282 4D757465 		.ascii	"Mutex\000"
 2238      7800
 2239              	.LASF48:
 2240 0288 73746B61 		.ascii	"stkalign_t\000"
 2240      6C69676E 
 2240      5F7400
 2241              	.LASF114:
 2242 0293 63685468 		.ascii	"chThdCreateStatic\000"
 2242      64437265 
 2242      61746553 
 2242      74617469 
 2242      6300
 2243              	.LASF79:
 2244 02a5 63685F7A 		.ascii	"ch_zero\000"
 2244      65726F00 
 2245              	.LASF93:
 2246 02ad 63665F6F 		.ascii	"cf_off_refs\000"
 2246      66665F72 
 2246      65667300 
 2247              	.LASF56:
 2248 02b9 76745F74 		.ascii	"vt_time\000"
 2248      696D6500 
 2249              	.LASF51:
 2250 02c1 73697A65 		.ascii	"sizetype\000"
 2250      74797065 
 2250      00
ARM GAS  /tmp/ccNmElye.s 			page 43


 2251              	.LASF57:
 2252 02ca 76745F66 		.ascii	"vt_func\000"
 2252      756E6300 
 2253              	.LASF83:
 2254 02d2 63685F74 		.ascii	"ch_timesize\000"
 2254      696D6573 
 2254      697A6500 
 2255              	.LASF89:
 2256 02de 63665F6F 		.ascii	"cf_off_name\000"
 2256      66665F6E 
 2256      616D6500 
 2257              	.LASF30:
 2258 02ea 705F6F6C 		.ascii	"p_older\000"
 2258      64657200 
 2259              	.LASF63:
 2260 02f2 725F6374 		.ascii	"r_ctx\000"
 2260      7800
 2261              	.LASF45:
 2262 02f8 54687265 		.ascii	"ThreadsQueue\000"
 2262      61647351 
 2262      75657565 
 2262      00
 2263              	.LASF80:
 2264 0305 63685F73 		.ascii	"ch_size\000"
 2264      697A6500 
 2265              	.LASF118:
 2266 030d 474E5520 		.ascii	"GNU C 4.7.2\000"
 2266      4320342E 
 2266      372E3200 
 2267              	.LASF66:
 2268 0319 725F6375 		.ascii	"r_current\000"
 2268      7272656E 
 2268      7400
 2269              	.LASF65:
 2270 0323 725F6F6C 		.ascii	"r_older\000"
 2270      64657200 
 2271              	.LASF97:
 2272 032b 5F69646C 		.ascii	"_idle_thread\000"
 2272      655F7468 
 2272      72656164 
 2272      00
 2273              	.LASF18:
 2274 0338 74726566 		.ascii	"trefs_t\000"
 2274      735F7400 
 2275              	.LASF82:
 2276 0340 63685F70 		.ascii	"ch_ptrsize\000"
 2276      74727369 
 2276      7A6500
 2277              	.LASF26:
 2278 034b 705F7072 		.ascii	"p_prev\000"
 2278      657600
 2279              	.LASF20:
 2280 0352 74707269 		.ascii	"tprio_t\000"
 2280      6F5F7400 
 2281              	.LASF15:
 2282 035a 5F426F6F 		.ascii	"_Bool\000"
 2282      6C00
ARM GAS  /tmp/ccNmElye.s 			page 44


 2283              	.LASF8:
 2284 0360 696E7433 		.ascii	"int32_t\000"
 2284      325F7400 
 2285              	.LASF4:
 2286 0368 756E7369 		.ascii	"unsigned char\000"
 2286      676E6564 
 2286      20636861 
 2286      7200
 2287              	.LASF109:
 2288 0376 5F636F72 		.ascii	"_core_init\000"
 2288      655F696E 
 2288      697400
 2289              	.LASF42:
 2290 0381 705F6D74 		.ascii	"p_mtxlist\000"
 2290      786C6973 
 2290      7400
 2291              	.LASF5:
 2292 038b 73686F72 		.ascii	"short int\000"
 2292      7420696E 
 2292      7400
 2293              	.LASF33:
 2294 0395 705F7374 		.ascii	"p_state\000"
 2294      61746500 
 2295              	.LASF36:
 2296 039d 705F7072 		.ascii	"p_preempt\000"
 2296      65656D70 
 2296      7400
 2297              	.LASF95:
 2298 03a7 63665F6F 		.ascii	"cf_off_time\000"
 2298      66665F74 
 2298      696D6500 
 2299              	.LASF62:
 2300 03b3 725F7072 		.ascii	"r_prio\000"
 2300      696F00
 2301              	.LASF75:
 2302 03ba 65776D61 		.ascii	"ewmask\000"
 2302      736B00
 2303              	.LASF25:
 2304 03c1 705F6E65 		.ascii	"p_next\000"
 2304      787400
 2305              	.LASF94:
 2306 03c8 63665F6F 		.ascii	"cf_off_preempt\000"
 2306      66665F70 
 2306      7265656D 
 2306      707400
 2307              	.LASF34:
 2308 03d7 705F666C 		.ascii	"p_flags\000"
 2308      61677300 
 2309              	.LASF24:
 2310 03df 54687265 		.ascii	"Thread\000"
 2310      616400
 2311              	.LASF87:
 2312 03e6 63665F6F 		.ascii	"cf_off_newer\000"
 2312      66665F6E 
 2312      65776572 
 2312      00
 2313              	.LASF41:
ARM GAS  /tmp/ccNmElye.s 			page 45


 2314 03f3 705F6570 		.ascii	"p_epending\000"
 2314      656E6469 
 2314      6E6700
 2315              	.LASF10:
 2316 03fe 75696E74 		.ascii	"uint32_t\000"
 2316      33325F74 
 2316      00
 2317              	.LASF85:
 2318 0407 63665F6F 		.ascii	"cf_off_prio\000"
 2318      66665F70 
 2318      72696F00 
 2319              	.LASF61:
 2320 0413 725F7175 		.ascii	"r_queue\000"
 2320      65756500 
 2321              	.LASF53:
 2322 041b 56697274 		.ascii	"VirtualTimer\000"
 2322      75616C54 
 2322      696D6572 
 2322      00
 2323              	.LASF76:
 2324 0428 63686172 		.ascii	"char\000"
 2324      00
 2325              	.LASF101:
 2326 042d 5F5F6D61 		.ascii	"__main_thread_stack_base__\000"
 2326      696E5F74 
 2326      68726561 
 2326      645F7374 
 2326      61636B5F 
 2327              	.LASF71:
 2328 0448 6D5F6E65 		.ascii	"m_next\000"
 2328      787400
 2329              	.LASF23:
 2330 044f 73797374 		.ascii	"systime_t\000"
 2330      696D655F 
 2330      7400
 2331              	.LASF43:
 2332 0459 705F7265 		.ascii	"p_realprio\000"
 2332      616C7072 
 2332      696F00
 2333              	.LASF52:
 2334 0464 76746675 		.ascii	"vtfunc_t\000"
 2334      6E635F74 
 2334      00
 2335              	.LASF108:
 2336 046d 5F76745F 		.ascii	"_vt_init\000"
 2336      696E6974 
 2336      00
 2337              	.LASF37:
 2338 0476 705F7469 		.ascii	"p_time\000"
 2338      6D6500
 2339              	.LASF49:
 2340 047d 696E7463 		.ascii	"intctx\000"
 2340      747800
 2341              	.LASF39:
 2342 0484 705F6D73 		.ascii	"p_msgqueue\000"
 2342      67717565 
 2342      756500
ARM GAS  /tmp/ccNmElye.s 			page 46


 2343              	.LASF112:
 2344 048f 6462675F 		.ascii	"dbg_check_enable\000"
 2344      63686563 
 2344      6B5F656E 
 2344      61626C65 
 2344      00
 2345              	.LASF58:
 2346 04a0 76745F70 		.ascii	"vt_par\000"
 2346      617200
 2347              	.LASF86:
 2348 04a7 63665F6F 		.ascii	"cf_off_ctx\000"
 2348      66665F63 
 2348      747800
 2349              	.LASF35:
 2350 04b2 705F7265 		.ascii	"p_refs\000"
 2350      667300
 2351              	.LASF67:
 2352 04b9 52656164 		.ascii	"ReadyList\000"
 2352      794C6973 
 2352      7400
 2353              	.LASF103:
 2354 04c3 726C6973 		.ascii	"rlist\000"
 2354      7400
 2355              	.LASF3:
 2356 04c9 75696E74 		.ascii	"uint8_t\000"
 2356      385F7400 
 2357              	.LASF106:
 2358 04d1 5F706F72 		.ascii	"_port_init\000"
 2358      745F696E 
 2358      697400
 2359              	.LASF116:
 2360 04dc 6462675F 		.ascii	"dbg_check_lock_from_isr\000"
 2360      63686563 
 2360      6B5F6C6F 
 2360      636B5F66 
 2360      726F6D5F 
 2361              	.LASF74:
 2362 04f4 77746F62 		.ascii	"wtobjp\000"
 2362      6A7000
 2363              	.LASF31:
 2364 04fb 705F6E61 		.ascii	"p_name\000"
 2364      6D6500
 2365              	.LASF59:
 2366 0502 76745F73 		.ascii	"vt_systime\000"
 2366      79737469 
 2366      6D6500
 2367              	.LASF81:
 2368 050d 63685F76 		.ascii	"ch_version\000"
 2368      65727369 
 2368      6F6E00
 2369              	.LASF60:
 2370 0518 56544C69 		.ascii	"VTList\000"
 2370      737400
 2371              	.LASF70:
 2372 051f 6D5F6F77 		.ascii	"m_owner\000"
 2372      6E657200 
 2373              	.LASF28:
ARM GAS  /tmp/ccNmElye.s 			page 47


 2374 0527 705F6374 		.ascii	"p_ctx\000"
 2374      7800
 2375              	.LASF38:
 2376 052d 705F7761 		.ascii	"p_waiting\000"
 2376      6974696E 
 2376      6700
 2377              		.ident	"GCC: (crosstool-NG 1.17.0 - PSAS ST32F4 GFE) 4.7.2"
ARM GAS  /tmp/ccNmElye.s 			page 48


DEFINED SYMBOLS
                            *ABS*:0000000000000000 chsys.c
     /tmp/ccNmElye.s:21     .text._idle_thread:0000000000000000 $t
     /tmp/ccNmElye.s:27     .text._idle_thread:0000000000000000 _idle_thread
     /tmp/ccNmElye.s:46     .text._idle_thread:000000000000000c $d
     /tmp/ccNmElye.s:52     .text.chSysInit:0000000000000000 $t
     /tmp/ccNmElye.s:58     .text.chSysInit:0000000000000000 chSysInit
     /tmp/ccNmElye.s:256    .bss.mainthread.4820:0000000000000000 .LANCHOR0
     /tmp/ccNmElye.s:267    .bss._idle_thread_wa:0000000000000000 .LANCHOR1
     /tmp/ccNmElye.s:147    .text.chSysTimerHandlerI:0000000000000000 $t
     /tmp/ccNmElye.s:153    .text.chSysTimerHandlerI:0000000000000000 chSysTimerHandlerI
     /tmp/ccNmElye.s:247    .text.chSysTimerHandlerI:0000000000000060 $d
     /tmp/ccNmElye.s:270    .bss._idle_thread_wa:0000000000000000 _idle_thread_wa
     /tmp/ccNmElye.s:255    .bss.mainthread.4820:0000000000000000 $d
     /tmp/ccNmElye.s:259    .bss.mainthread.4820:0000000000000000 mainthread.4820
     /tmp/ccNmElye.s:262    .rodata.str1.4:0000000000000000 $d
     /tmp/ccNmElye.s:266    .bss._idle_thread_wa:0000000000000000 $d
                     .debug_frame:0000000000000010 $d
     /tmp/ccNmElye.s:51     .text._idle_thread:0000000000000014 $t
     /tmp/ccNmElye.s:254    .text.chSysTimerHandlerI:0000000000000068 $t

UNDEFINED SYMBOLS
rlist
_port_init
_scheduler_init
_vt_init
_core_init
_heap_init
_trace_init
_thread_init
__main_thread_stack_base__
dbg_check_enable
ch_debug
chThdCreateStatic
chDbgCheckClassI
dbg_check_unlock_from_isr
dbg_check_lock_from_isr
vtlist
