ARM GAS  /tmp/ccycdF2L.s 			page 1


   1              		.syntax unified
   2              		.cpu cortex-m4
   3              		.eabi_attribute 27, 3
   4              		.eabi_attribute 28, 1
   5              		.fpu fpv4-sp-d16
   6              		.eabi_attribute 20, 1
   7              		.eabi_attribute 21, 1
   8              		.eabi_attribute 23, 3
   9              		.eabi_attribute 24, 1
  10              		.eabi_attribute 25, 1
  11              		.eabi_attribute 26, 1
  12              		.eabi_attribute 30, 2
  13              		.eabi_attribute 34, 1
  14              		.eabi_attribute 18, 4
  15              		.thumb
  16              		.file	"control.c"
  17              		.text
  18              	.Ltext0:
  19              		.cfi_sections	.debug_frame
  20              		.section	.text.controlLoop,"ax",%progbits
  21              		.align	2
  22              		.p2align 4,,15
  23              		.global	controlLoop
  24              		.thumb
  25              		.thumb_func
  26              		.type	controlLoop, %function
  27              	controlLoop:
  28              	.LFB118:
  29              		.file 1 "control.c"
  30              		.loc 1 18 0
  31              		.cfi_startproc
  32              		@ args = 0, pretend = 0, frame = 0
  33              		@ frame_needed = 0, uses_anonymous_args = 0
  34              		@ link register save eliminated.
  35              	.LVL0:
  36 0000 2DE9F007 		push	{r4, r5, r6, r7, r8, r9, sl}
  37              	.LCFI0:
  38              		.cfi_def_cfa_offset 28
  39              		.cfi_offset 4, -28
  40              		.cfi_offset 5, -24
  41              		.cfi_offset 6, -20
  42              		.cfi_offset 7, -16
  43              		.cfi_offset 8, -12
  44              		.cfi_offset 9, -8
  45              		.cfi_offset 10, -4
  46              		.loc 1 30 0
  47 0004 0689     		ldrh	r6, [r0, #8]
  48              		.loc 1 33 0
  49 0006 90F801C0 		ldrb	ip, [r0, #1]	@ zero_extendqisi2
  50              		.loc 1 30 0
  51 000a 06F50061 		add	r1, r6, #2048
  52 000e 89B2     		uxth	r1, r1
  53 0010 0182     		strh	r1, [r0, #16]	@ movhi
  54              		.loc 1 33 0
  55 0012 BCF1000F 		cmp	ip, #0
  56 0016 00F08C80 		beq	.L2
  57              		.loc 1 36 0
ARM GAS  /tmp/ccycdF2L.s 			page 2


  58 001a 0378     		ldrb	r3, [r0, #0]	@ zero_extendqisi2
  59 001c 002B     		cmp	r3, #0
  60 001e 00F0C380 		beq	.L3
  61 0022 C789     		ldrh	r7, [r0, #14]
  62              	.L4:
  63              		.loc 1 40 0
  64 0024 0BB2     		sxth	r3, r1
  65 0026 DB02     		lsls	r3, r3, #11
  66 0028 4363     		str	r3, [r0, #52]
  67              	.L5:
  68              		.loc 1 88 0
  69 002a CF1B     		subs	r7, r1, r7
  70 002c BFB2     		uxth	r7, r7
  71              		.loc 1 94 0
  72 002e 446A     		ldr	r4, [r0, #36]
  73              		.loc 1 95 0
  74 0030 428D     		ldrh	r2, [r0, #42]
  75              		.loc 1 96 0
  76 0032 438E     		ldrh	r3, [r0, #50]
  77              		.loc 1 91 0
  78 0034 B0F82880 		ldrh	r8, [r0, #40]
  79              		.loc 1 88 0
  80 0038 BDB2     		uxth	r5, r7
  81 003a 4582     		strh	r5, [r0, #18]	@ movhi
  82              		.loc 1 91 0
  83 003c 2DB2     		sxth	r5, r5
  84              		.loc 1 94 0
  85 003e 02FB0542 		mla	r2, r2, r5, r4
  86              		.loc 1 96 0
  87 0042 9C02     		lsls	r4, r3, #10
  88              		.loc 1 91 0
  89 0044 08FB05F8 		mul	r8, r8, r5
  90              		.loc 1 96 0
  91 0048 A242     		cmp	r2, r4
  92              		.loc 1 91 0
  93 004a C0F81880 		str	r8, [r0, #24]
  94              		.loc 1 94 0
  95 004e 4262     		str	r2, [r0, #36]
  96              		.loc 1 96 0
  97 0050 04DC     		bgt	.L35
  98              		.loc 1 99 0
  99 0052 C3EB8354 		rsb	r4, r3, r3, lsl #22
 100 0056 A402     		lsls	r4, r4, #10
 101 0058 A242     		cmp	r2, r4
 102 005a 01DA     		bge	.L15
 103              	.L35:
 104              		.loc 1 100 0
 105 005c 4462     		str	r4, [r0, #36]
 106 005e 2246     		mov	r2, r4
 107              	.L15:
 108              		.loc 1 105 0
 109 0060 B0F81490 		ldrh	r9, [r0, #20]
 110 0064 B0F82CA0 		ldrh	sl, [r0, #44]
 111 0068 C9EB0509 		rsb	r9, r9, r5
 112              		.loc 1 106 0
 113 006c 46F26764 		movw	r4, #26215
 114              		.loc 1 105 0
ARM GAS  /tmp/ccycdF2L.s 			page 3


 115 0070 0AFB09F9 		mul	r9, sl, r9
 116              		.loc 1 106 0
 117 0074 C6F26664 		movt	r4, 26214
 118              		.loc 1 102 0
 119 0078 02F2FF3A 		addw	sl, r2, #1023
 120 007c 32EA2202 		bics	r2, r2, r2, asr #32
 121 0080 28BF     		it	cs
 122 0082 5246     		movcs	r2, sl
 123              		.loc 1 106 0
 124 0084 84FB09A4 		smull	sl, r4, r4, r9
 125 0088 4FEAE979 		asr	r9, r9, #31
 126 008c C9EB2414 		rsb	r4, r9, r4, asr #4
 127              		.loc 1 102 0
 128 0090 9212     		asrs	r2, r2, #10
 129              		.loc 1 107 0
 130 0092 A342     		cmp	r3, r4
 131              		.loc 1 102 0
 132 0094 C261     		str	r2, [r0, #28]
 133              		.loc 1 108 0
 134 0096 BCBF     		itt	lt
 135 0098 0362     		strlt	r3, [r0, #32]
 136 009a 1C46     		movlt	r4, r3
 137              		.loc 1 107 0
 138 009c 07DB     		blt	.L17
 139              		.loc 1 110 0
 140 009e C3F10009 		rsb	r9, r3, #0
 141 00a2 4C45     		cmp	r4, r9
 142              		.loc 1 105 0
 143 00a4 AEBF     		itee	ge
 144 00a6 0462     		strge	r4, [r0, #32]
 145              		.loc 1 111 0
 146 00a8 C0F82090 		strlt	r9, [r0, #32]
 147 00ac 4C46     		movlt	r4, r9
 148              	.L17:
 149              		.loc 1 119 0
 150 00ae 4244     		add	r2, r2, r8
 151              		.loc 1 120 0
 152 00b0 1419     		adds	r4, r2, r4
 153 00b2 A4B2     		uxth	r4, r4
 154              		.loc 1 124 0
 155 00b4 0FFA84F9 		sxth	r9, r4
 156 00b8 4B45     		cmp	r3, r9
 157              		.loc 1 113 0
 158 00ba 8782     		strh	r7, [r0, #20]	@ movhi
 159              		.loc 1 124 0
 160 00bc 04DB     		blt	.L21
 161              		.loc 1 126 0
 162 00be 5B42     		negs	r3, r3
 163 00c0 9945     		cmp	r9, r3
 164              		.loc 1 120 0
 165 00c2 A8BF     		it	ge
 166 00c4 8481     		strhge	r4, [r0, #12]	@ movhi
 167              		.loc 1 126 0
 168 00c6 00DA     		bge	.L20
 169              	.L21:
 170              		.loc 1 127 0
 171 00c8 8381     		strh	r3, [r0, #12]	@ movhi
ARM GAS  /tmp/ccycdF2L.s 			page 4


 172              	.L20:
 173              		.loc 1 132 0
 174 00ca 042E     		cmp	r6, #4
 175 00cc 11D9     		bls	.L36
 176              		.loc 1 135 0
 177 00ce 038E     		ldrh	r3, [r0, #48]
 178 00d0 A3F2FF73 		subw	r3, r3, #2047
 179 00d4 B342     		cmp	r3, r6
 180 00d6 03DC     		bgt	.L24
 181              		.loc 1 135 0 is_stmt 0 discriminator 1
 182 00d8 B0F90C30 		ldrsh	r3, [r0, #12]
 183 00dc 002B     		cmp	r3, #0
 184 00de 08DB     		blt	.L36
 185              	.L24:
 186              		.loc 1 139 0 is_stmt 1
 187 00e0 C38D     		ldrh	r3, [r0, #46]
 188 00e2 A3F50063 		sub	r3, r3, #2048
 189 00e6 9E42     		cmp	r6, r3
 190 00e8 05DA     		bge	.L23
 191              		.loc 1 139 0 is_stmt 0 discriminator 1
 192 00ea B0F90C30 		ldrsh	r3, [r0, #12]
 193 00ee 002B     		cmp	r3, #0
 194 00f0 01DD     		ble	.L23
 195              	.L36:
 196              		.loc 1 141 0 is_stmt 1
 197 00f2 0023     		movs	r3, #0
 198 00f4 8381     		strh	r3, [r0, #12]	@ movhi
 199              	.L23:
 200              		.loc 1 146 0
 201 00f6 0023     		movs	r3, #0
 202 00f8 C370     		strb	r3, [r0, #3]
 203              		.loc 1 147 0
 204 00fa 0371     		strb	r3, [r0, #4]
 205              		.loc 1 150 0
 206 00fc BCF1000F 		cmp	ip, #0
 207 0100 58D0     		beq	.L25
 208              		.loc 1 152 0
 209 0102 2737     		adds	r7, r7, #39
 210 0104 BFB2     		uxth	r7, r7
 211 0106 4E2F     		cmp	r7, #78
 212 0108 01D8     		bhi	.L26
 213              		.loc 1 154 0
 214 010a 0123     		movs	r3, #1
 215 010c C370     		strb	r3, [r0, #3]
 216              	.L26:
 217              		.loc 1 166 0
 218 010e 8378     		ldrb	r3, [r0, #2]	@ zero_extendqisi2
 219 0110 63B1     		cbz	r3, .L1
 220              		.loc 1 177 0
 221 0112 0479     		ldrb	r4, [r0, #4]	@ zero_extendqisi2
 222 0114 C278     		ldrb	r2, [r0, #3]	@ zero_extendqisi2
 223              		.loc 1 171 0
 224 0116 09B2     		sxth	r1, r1
 225              		.loc 1 168 0
 226 0118 0023     		movs	r3, #0
 227              		.loc 1 171 0
 228 011a C902     		lsls	r1, r1, #11
ARM GAS  /tmp/ccycdF2L.s 			page 5


 229              		.loc 1 177 0
 230 011c 002A     		cmp	r2, #0
 231 011e 08BF     		it	eq
 232 0120 002C     		cmpeq	r4, #0
 233              		.loc 1 168 0
 234 0122 8381     		strh	r3, [r0, #12]	@ movhi
 235              		.loc 1 171 0
 236 0124 4163     		str	r1, [r0, #52]
 237              		.loc 1 174 0
 238 0126 4362     		str	r3, [r0, #36]
 239              		.loc 1 180 0
 240 0128 18BF     		it	ne
 241 012a 8370     		strbne	r3, [r0, #2]
 242              	.L1:
 243              		.loc 1 184 0
 244 012c BDE8F007 		pop	{r4, r5, r6, r7, r8, r9, sl}
 245 0130 7047     		bx	lr
 246              	.L2:
 247              		.loc 1 45 0
 248 0132 C288     		ldrh	r2, [r0, #6]
 249 0134 A2F50063 		sub	r3, r2, #2048
 250 0138 9BB2     		uxth	r3, r3
 251              		.loc 1 46 0
 252 013a 19B2     		sxth	r1, r3
 253 013c 5029     		cmp	r1, #80
 254              		.loc 1 45 0
 255 013e 0387     		strh	r3, [r0, #56]	@ movhi
 256              		.loc 1 46 0
 257 0140 29DD     		ble	.L6
 258              		.loc 1 47 0
 259 0142 A2F50562 		sub	r2, r2, #2128
 260 0146 92B2     		uxth	r2, r2
 261 0148 0287     		strh	r2, [r0, #56]	@ movhi
 262              	.L7:
 263              		.loc 1 57 0
 264 014a 11B2     		sxth	r1, r2
 265              		.loc 1 60 0
 266 014c 12FB02F2 		smulbb	r2, r2, r2
 267              		.loc 1 57 0
 268 0150 446B     		ldr	r4, [r0, #52]
 269              		.loc 1 60 0
 270 0152 02F2FF33 		addw	r3, r2, #1023
 271 0156 32EA2202 		bics	r2, r2, r2, asr #32
 272 015a 28BF     		it	cs
 273 015c 1A46     		movcs	r2, r3
 274              		.loc 1 58 0
 275 015e 0029     		cmp	r1, #0
 276              		.loc 1 57 0
 277 0160 0C44     		add	r4, r1, r4
 278              		.loc 1 58 0
 279 0162 38DD     		ble	.L10
 280              		.loc 1 59 0
 281 0164 04EBA223 		add	r3, r4, r2, asr #10
 282 0168 4363     		str	r3, [r0, #52]
 283              	.L11:
 284              		.loc 1 67 0
 285 016a 078E     		ldrh	r7, [r0, #48]
ARM GAS  /tmp/ccycdF2L.s 			page 6


 286              		.loc 1 68 0
 287 016c FF02     		lsls	r7, r7, #11
 288              		.loc 1 67 0
 289 016e 9F42     		cmp	r7, r3
 290 0170 05DB     		blt	.L34
 291              		.loc 1 75 0
 292 0172 C78D     		ldrh	r7, [r0, #46]
 293              		.loc 1 76 0
 294 0174 FF02     		lsls	r7, r7, #11
 295              		.loc 1 75 0
 296 0176 9F42     		cmp	r7, r3
 297 0178 D8BF     		it	le
 298 017a 1F46     		movle	r7, r3
 299 017c 00DD     		ble	.L13
 300              	.L34:
 301              		.loc 1 79 0
 302 017e 4763     		str	r7, [r0, #52]
 303              	.L13:
 304              		.loc 1 84 0
 305 0180 07F2FF73 		addw	r3, r7, #2047
 306 0184 37EA2707 		bics	r7, r7, r7, asr #32
 307 0188 28BF     		it	cs
 308 018a 1F46     		movcs	r7, r3
 309 018c C7F3CF27 		ubfx	r7, r7, #11, #16
 310 0190 018A     		ldrh	r1, [r0, #16]
 311 0192 C781     		strh	r7, [r0, #14]	@ movhi
 312 0194 49E7     		b	.L5
 313              	.L6:
 314              		.loc 1 49 0
 315 0196 5031     		adds	r1, r1, #80
 316 0198 18DB     		blt	.L38
 317              		.loc 1 57 0
 318 019a 446B     		ldr	r4, [r0, #52]
 319              		.loc 1 53 0
 320 019c A0F838C0 		strh	ip, [r0, #56]	@ movhi
 321              		.loc 1 57 0
 322 01a0 6346     		mov	r3, ip
 323              	.L9:
 324              		.loc 1 63 0
 325 01a2 E318     		adds	r3, r4, r3
 326 01a4 4363     		str	r3, [r0, #52]
 327 01a6 E0E7     		b	.L11
 328              	.L3:
 329              		.loc 1 37 0
 330 01a8 C788     		ldrh	r7, [r0, #6]
 331 01aa 07F50067 		add	r7, r7, #2048
 332 01ae BFB2     		uxth	r7, r7
 333 01b0 C781     		strh	r7, [r0, #14]	@ movhi
 334 01b2 37E7     		b	.L4
 335              	.L25:
 336              		.loc 1 157 0
 337 01b4 B0F93830 		ldrsh	r3, [r0, #56]
 338 01b8 002B     		cmp	r3, #0
 339 01ba A8D1     		bne	.L26
 340              		.loc 1 157 0 is_stmt 0 discriminator 1
 341 01bc 272D     		cmp	r5, #39
 342 01be A6DC     		bgt	.L26
ARM GAS  /tmp/ccycdF2L.s 			page 7


 343 01c0 15F1270F 		cmn	r5, #39
 344 01c4 A3DB     		blt	.L26
 345              		.loc 1 160 0 is_stmt 1
 346 01c6 0123     		movs	r3, #1
 347 01c8 0371     		strb	r3, [r0, #4]
 348 01ca A0E7     		b	.L26
 349              	.L38:
 350              		.loc 1 50 0
 351 01cc A2F5F662 		sub	r2, r2, #1968
 352 01d0 92B2     		uxth	r2, r2
 353 01d2 0287     		strh	r2, [r0, #56]	@ movhi
 354 01d4 B9E7     		b	.L7
 355              	.L10:
 356 01d6 9312     		asrs	r3, r2, #10
 357 01d8 5B42     		negs	r3, r3
 358 01da E2E7     		b	.L9
 359              		.cfi_endproc
 360              	.LFE118:
 361              		.size	controlLoop, .-controlLoop
 362 01dc AFF30080 		.text
 363              	.Letext0:
 364              		.file 2 "/opt/psas/x-tools/stm32f407/arm-psas-eabi/bin/../lib/gcc/arm-psas-eabi/4.7.2/../../../../
 365              		.file 3 "../../ChibiOS/os/hal/platforms/STM32F4xx/adc_lld.h"
 366              		.file 4 "control.h"
 367              		.file 5 "../../ChibiOS/os/ports/common/ARMCMx/CMSIS/include/core_cm4.h"
 368              		.section	.debug_info,"",%progbits
 369              	.Ldebug_info0:
 370 0000 07030000 		.4byte	0x307
 371 0004 0200     		.2byte	0x2
 372 0006 00000000 		.4byte	.Ldebug_abbrev0
 373 000a 04       		.byte	0x4
 374 000b 01       		.uleb128 0x1
 375 000c 03030000 		.4byte	.LASF54
 376 0010 01       		.byte	0x1
 377 0011 91000000 		.4byte	.LASF55
 378 0015 45000000 		.4byte	.LASF56
 379 0019 00000000 		.4byte	.Ldebug_ranges0+0
 380 001d 00000000 		.4byte	0
 381 0021 00000000 		.4byte	0
 382 0025 00000000 		.4byte	.Ldebug_line0
 383 0029 02       		.uleb128 0x2
 384 002a 01       		.byte	0x1
 385 002b 06       		.byte	0x6
 386 002c A6030000 		.4byte	.LASF0
 387 0030 03       		.uleb128 0x3
 388 0031 64020000 		.4byte	.LASF2
 389 0035 02       		.byte	0x2
 390 0036 2A       		.byte	0x2a
 391 0037 3B000000 		.4byte	0x3b
 392 003b 02       		.uleb128 0x2
 393 003c 01       		.byte	0x1
 394 003d 08       		.byte	0x8
 395 003e 78010000 		.4byte	.LASF1
 396 0042 03       		.uleb128 0x3
 397 0043 91020000 		.4byte	.LASF3
 398 0047 02       		.byte	0x2
 399 0048 35       		.byte	0x35
ARM GAS  /tmp/ccycdF2L.s 			page 8


 400 0049 4D000000 		.4byte	0x4d
 401 004d 02       		.uleb128 0x2
 402 004e 02       		.byte	0x2
 403 004f 05       		.byte	0x5
 404 0050 2D030000 		.4byte	.LASF4
 405 0054 03       		.uleb128 0x3
 406 0055 4B030000 		.4byte	.LASF5
 407 0059 02       		.byte	0x2
 408 005a 36       		.byte	0x36
 409 005b 5F000000 		.4byte	0x5f
 410 005f 02       		.uleb128 0x2
 411 0060 02       		.byte	0x2
 412 0061 07       		.byte	0x7
 413 0062 B9000000 		.4byte	.LASF6
 414 0066 03       		.uleb128 0x3
 415 0067 C2020000 		.4byte	.LASF7
 416 006b 02       		.byte	0x2
 417 006c 4F       		.byte	0x4f
 418 006d 71000000 		.4byte	0x71
 419 0071 02       		.uleb128 0x2
 420 0072 04       		.byte	0x4
 421 0073 05       		.byte	0x5
 422 0074 77030000 		.4byte	.LASF8
 423 0078 02       		.uleb128 0x2
 424 0079 04       		.byte	0x4
 425 007a 07       		.byte	0x7
 426 007b 9B010000 		.4byte	.LASF9
 427 007f 02       		.uleb128 0x2
 428 0080 08       		.byte	0x8
 429 0081 05       		.byte	0x5
 430 0082 E4020000 		.4byte	.LASF10
 431 0086 02       		.uleb128 0x2
 432 0087 08       		.byte	0x8
 433 0088 07       		.byte	0x7
 434 0089 61010000 		.4byte	.LASF11
 435 008d 04       		.uleb128 0x4
 436 008e 04       		.byte	0x4
 437 008f 05       		.byte	0x5
 438 0090 696E7400 		.ascii	"int\000"
 439 0094 02       		.uleb128 0x2
 440 0095 04       		.byte	0x4
 441 0096 07       		.byte	0x7
 442 0097 41020000 		.4byte	.LASF12
 443 009b 02       		.uleb128 0x2
 444 009c 01       		.byte	0x1
 445 009d 02       		.byte	0x2
 446 009e C0030000 		.4byte	.LASF13
 447 00a2 02       		.uleb128 0x2
 448 00a3 04       		.byte	0x4
 449 00a4 07       		.byte	0x7
 450 00a5 CA020000 		.4byte	.LASF14
 451 00a9 02       		.uleb128 0x2
 452 00aa 01       		.byte	0x1
 453 00ab 08       		.byte	0x8
 454 00ac 5F020000 		.4byte	.LASF15
 455 00b0 05       		.uleb128 0x5
 456 00b1 66000000 		.4byte	0x66
ARM GAS  /tmp/ccycdF2L.s 			page 9


 457 00b5 06       		.uleb128 0x6
 458 00b6 54000000 		.4byte	0x54
 459 00ba 07       		.uleb128 0x7
 460 00bb C0010000 		.4byte	.LASF16
 461 00bf 03       		.byte	0x3
 462 00c0 2701     		.2byte	0x127
 463 00c2 54000000 		.4byte	0x54
 464 00c6 08       		.uleb128 0x8
 465 00c7 54       		.byte	0x54
 466 00c8 04       		.byte	0x4
 467 00c9 0F       		.byte	0xf
 468 00ca 9D020000 		.4byte	0x29d
 469 00ce 09       		.uleb128 0x9
 470 00cf 9B000000 		.4byte	.LASF17
 471 00d3 04       		.byte	0x4
 472 00d4 10       		.byte	0x10
 473 00d5 30000000 		.4byte	0x30
 474 00d9 02       		.byte	0x2
 475 00da 23       		.byte	0x23
 476 00db 00       		.uleb128 0
 477 00dc 09       		.uleb128 0x9
 478 00dd B2030000 		.4byte	.LASF18
 479 00e1 04       		.byte	0x4
 480 00e2 11       		.byte	0x11
 481 00e3 30000000 		.4byte	0x30
 482 00e7 02       		.byte	0x2
 483 00e8 23       		.byte	0x23
 484 00e9 01       		.uleb128 0x1
 485 00ea 09       		.uleb128 0x9
 486 00eb 86010000 		.4byte	.LASF19
 487 00ef 04       		.byte	0x4
 488 00f0 12       		.byte	0x12
 489 00f1 30000000 		.4byte	0x30
 490 00f5 02       		.byte	0x2
 491 00f6 23       		.byte	0x23
 492 00f7 02       		.uleb128 0x2
 493 00f8 09       		.uleb128 0x9
 494 00f9 D9010000 		.4byte	.LASF20
 495 00fd 04       		.byte	0x4
 496 00fe 13       		.byte	0x13
 497 00ff 30000000 		.4byte	0x30
 498 0103 02       		.byte	0x2
 499 0104 23       		.byte	0x23
 500 0105 03       		.uleb128 0x3
 501 0106 09       		.uleb128 0x9
 502 0107 CC000000 		.4byte	.LASF21
 503 010b 04       		.byte	0x4
 504 010c 14       		.byte	0x14
 505 010d 30000000 		.4byte	0x30
 506 0111 02       		.byte	0x2
 507 0112 23       		.byte	0x23
 508 0113 04       		.uleb128 0x4
 509 0114 09       		.uleb128 0x9
 510 0115 6C020000 		.4byte	.LASF22
 511 0119 04       		.byte	0x4
 512 011a 16       		.byte	0x16
 513 011b BA000000 		.4byte	0xba
ARM GAS  /tmp/ccycdF2L.s 			page 10


 514 011f 02       		.byte	0x2
 515 0120 23       		.byte	0x23
 516 0121 06       		.uleb128 0x6
 517 0122 09       		.uleb128 0x9
 518 0123 52010000 		.4byte	.LASF23
 519 0127 04       		.byte	0x4
 520 0128 17       		.byte	0x17
 521 0129 BA000000 		.4byte	0xba
 522 012d 02       		.byte	0x2
 523 012e 23       		.byte	0x23
 524 012f 08       		.uleb128 0x8
 525 0130 09       		.uleb128 0x9
 526 0131 08010000 		.4byte	.LASF24
 527 0135 04       		.byte	0x4
 528 0136 18       		.byte	0x18
 529 0137 BA000000 		.4byte	0xba
 530 013b 02       		.byte	0x2
 531 013c 23       		.byte	0x23
 532 013d 0A       		.uleb128 0xa
 533 013e 09       		.uleb128 0x9
 534 013f EB010000 		.4byte	.LASF25
 535 0143 04       		.byte	0x4
 536 0144 1A       		.byte	0x1a
 537 0145 42000000 		.4byte	0x42
 538 0149 02       		.byte	0x2
 539 014a 23       		.byte	0x23
 540 014b 0C       		.uleb128 0xc
 541 014c 09       		.uleb128 0x9
 542 014d 32000000 		.4byte	.LASF26
 543 0151 04       		.byte	0x4
 544 0152 1C       		.byte	0x1c
 545 0153 42000000 		.4byte	0x42
 546 0157 02       		.byte	0x2
 547 0158 23       		.byte	0x23
 548 0159 0E       		.uleb128 0xe
 549 015a 09       		.uleb128 0x9
 550 015b 94030000 		.4byte	.LASF27
 551 015f 04       		.byte	0x4
 552 0160 1D       		.byte	0x1d
 553 0161 42000000 		.4byte	0x42
 554 0165 02       		.byte	0x2
 555 0166 23       		.byte	0x23
 556 0167 10       		.uleb128 0x10
 557 0168 09       		.uleb128 0x9
 558 0169 41010000 		.4byte	.LASF28
 559 016d 04       		.byte	0x4
 560 016e 1E       		.byte	0x1e
 561 016f 42000000 		.4byte	0x42
 562 0173 02       		.byte	0x2
 563 0174 23       		.byte	0x23
 564 0175 12       		.uleb128 0x12
 565 0176 09       		.uleb128 0x9
 566 0177 EF000000 		.4byte	.LASF29
 567 017b 04       		.byte	0x4
 568 017c 20       		.byte	0x20
 569 017d 54000000 		.4byte	0x54
 570 0181 02       		.byte	0x2
ARM GAS  /tmp/ccycdF2L.s 			page 11


 571 0182 23       		.byte	0x23
 572 0183 14       		.uleb128 0x14
 573 0184 09       		.uleb128 0x9
 574 0185 C6030000 		.4byte	.LASF30
 575 0189 04       		.byte	0x4
 576 018a 22       		.byte	0x22
 577 018b 66000000 		.4byte	0x66
 578 018f 02       		.byte	0x2
 579 0190 23       		.byte	0x23
 580 0191 18       		.uleb128 0x18
 581 0192 09       		.uleb128 0x9
 582 0193 A8000000 		.4byte	.LASF31
 583 0197 04       		.byte	0x4
 584 0198 23       		.byte	0x23
 585 0199 66000000 		.4byte	0x66
 586 019d 02       		.byte	0x2
 587 019e 23       		.byte	0x23
 588 019f 1C       		.uleb128 0x1c
 589 01a0 09       		.uleb128 0x9
 590 01a1 66030000 		.4byte	.LASF32
 591 01a5 04       		.byte	0x4
 592 01a6 24       		.byte	0x24
 593 01a7 66000000 		.4byte	0x66
 594 01ab 02       		.byte	0x2
 595 01ac 23       		.byte	0x23
 596 01ad 20       		.uleb128 0x20
 597 01ae 09       		.uleb128 0x9
 598 01af 99020000 		.4byte	.LASF33
 599 01b3 04       		.byte	0x4
 600 01b4 25       		.byte	0x25
 601 01b5 66000000 		.4byte	0x66
 602 01b9 02       		.byte	0x2
 603 01ba 23       		.byte	0x23
 604 01bb 24       		.uleb128 0x24
 605 01bc 09       		.uleb128 0x9
 606 01bd 30010000 		.4byte	.LASF34
 607 01c1 04       		.byte	0x4
 608 01c2 27       		.byte	0x27
 609 01c3 54000000 		.4byte	0x54
 610 01c7 02       		.byte	0x2
 611 01c8 23       		.byte	0x23
 612 01c9 28       		.uleb128 0x28
 613 01ca 09       		.uleb128 0x9
 614 01cb F2020000 		.4byte	.LASF35
 615 01cf 04       		.byte	0x4
 616 01d0 28       		.byte	0x28
 617 01d1 54000000 		.4byte	0x54
 618 01d5 02       		.byte	0x2
 619 01d6 23       		.byte	0x23
 620 01d7 2A       		.uleb128 0x2a
 621 01d8 09       		.uleb128 0x9
 622 01d9 B1020000 		.4byte	.LASF36
 623 01dd 04       		.byte	0x4
 624 01de 29       		.byte	0x29
 625 01df 54000000 		.4byte	0x54
 626 01e3 02       		.byte	0x2
 627 01e4 23       		.byte	0x23
ARM GAS  /tmp/ccycdF2L.s 			page 12


 628 01e5 2C       		.uleb128 0x2c
 629 01e6 09       		.uleb128 0x9
 630 01e7 0D020000 		.4byte	.LASF37
 631 01eb 04       		.byte	0x4
 632 01ec 2A       		.byte	0x2a
 633 01ed 54000000 		.4byte	0x54
 634 01f1 02       		.byte	0x2
 635 01f2 23       		.byte	0x23
 636 01f3 2E       		.uleb128 0x2e
 637 01f4 09       		.uleb128 0x9
 638 01f5 80000000 		.4byte	.LASF38
 639 01f9 04       		.byte	0x4
 640 01fa 2B       		.byte	0x2b
 641 01fb 54000000 		.4byte	0x54
 642 01ff 02       		.byte	0x2
 643 0200 23       		.byte	0x23
 644 0201 30       		.uleb128 0x30
 645 0202 09       		.uleb128 0x9
 646 0203 70000000 		.4byte	.LASF39
 647 0207 04       		.byte	0x4
 648 0208 2C       		.byte	0x2c
 649 0209 54000000 		.4byte	0x54
 650 020d 02       		.byte	0x2
 651 020e 23       		.byte	0x23
 652 020f 32       		.uleb128 0x32
 653 0210 09       		.uleb128 0x9
 654 0211 0F030000 		.4byte	.LASF40
 655 0215 04       		.byte	0x4
 656 0216 2E       		.byte	0x2e
 657 0217 66000000 		.4byte	0x66
 658 021b 02       		.byte	0x2
 659 021c 23       		.byte	0x23
 660 021d 34       		.uleb128 0x34
 661 021e 09       		.uleb128 0x9
 662 021f AD010000 		.4byte	.LASF41
 663 0223 04       		.byte	0x4
 664 0224 2F       		.byte	0x2f
 665 0225 42000000 		.4byte	0x42
 666 0229 02       		.byte	0x2
 667 022a 23       		.byte	0x23
 668 022b 38       		.uleb128 0x38
 669 022c 09       		.uleb128 0x9
 670 022d 54030000 		.4byte	.LASF42
 671 0231 04       		.byte	0x4
 672 0232 30       		.byte	0x30
 673 0233 42000000 		.4byte	0x42
 674 0237 02       		.byte	0x2
 675 0238 23       		.byte	0x23
 676 0239 3A       		.uleb128 0x3a
 677 023a 09       		.uleb128 0x9
 678 023b D3020000 		.4byte	.LASF43
 679 023f 04       		.byte	0x4
 680 0240 31       		.byte	0x31
 681 0241 42000000 		.4byte	0x42
 682 0245 02       		.byte	0x2
 683 0246 23       		.byte	0x23
 684 0247 3C       		.uleb128 0x3c
ARM GAS  /tmp/ccycdF2L.s 			page 13


 685 0248 09       		.uleb128 0x9
 686 0249 DE000000 		.4byte	.LASF44
 687 024d 04       		.byte	0x4
 688 024e 33       		.byte	0x33
 689 024f 66000000 		.4byte	0x66
 690 0253 02       		.byte	0x2
 691 0254 23       		.byte	0x23
 692 0255 40       		.uleb128 0x40
 693 0256 09       		.uleb128 0x9
 694 0257 FC010000 		.4byte	.LASF45
 695 025b 04       		.byte	0x4
 696 025c 34       		.byte	0x34
 697 025d 66000000 		.4byte	0x66
 698 0261 02       		.byte	0x2
 699 0262 23       		.byte	0x23
 700 0263 44       		.uleb128 0x44
 701 0264 09       		.uleb128 0x9
 702 0265 1D020000 		.4byte	.LASF46
 703 0269 04       		.byte	0x4
 704 026a 35       		.byte	0x35
 705 026b 66000000 		.4byte	0x66
 706 026f 02       		.byte	0x2
 707 0270 23       		.byte	0x23
 708 0271 48       		.uleb128 0x48
 709 0272 09       		.uleb128 0x9
 710 0273 4E020000 		.4byte	.LASF47
 711 0277 04       		.byte	0x4
 712 0278 37       		.byte	0x37
 713 0279 54000000 		.4byte	0x54
 714 027d 02       		.byte	0x2
 715 027e 23       		.byte	0x23
 716 027f 4C       		.uleb128 0x4c
 717 0280 09       		.uleb128 0x9
 718 0281 1F010000 		.4byte	.LASF48
 719 0285 04       		.byte	0x4
 720 0286 38       		.byte	0x38
 721 0287 54000000 		.4byte	0x54
 722 028b 02       		.byte	0x2
 723 028c 23       		.byte	0x23
 724 028d 4E       		.uleb128 0x4e
 725 028e 09       		.uleb128 0x9
 726 028f 00000000 		.4byte	.LASF49
 727 0293 04       		.byte	0x4
 728 0294 39       		.byte	0x39
 729 0295 54000000 		.4byte	0x54
 730 0299 02       		.byte	0x2
 731 029a 23       		.byte	0x23
 732 029b 50       		.uleb128 0x50
 733 029c 00       		.byte	0
 734 029d 03       		.uleb128 0x3
 735 029e 80030000 		.4byte	.LASF50
 736 02a2 04       		.byte	0x4
 737 02a3 3B       		.byte	0x3b
 738 02a4 C6000000 		.4byte	0xc6
 739 02a8 0A       		.uleb128 0xa
 740 02a9 01       		.byte	0x1
 741 02aa 35020000 		.4byte	.LASF57
ARM GAS  /tmp/ccycdF2L.s 			page 14


 742 02ae 01       		.byte	0x1
 743 02af 11       		.byte	0x11
 744 02b0 01       		.byte	0x1
 745 02b1 00000000 		.4byte	.LFB118
 746 02b5 DC010000 		.4byte	.LFE118
 747 02b9 00000000 		.4byte	.LLST0
 748 02bd 01       		.byte	0x1
 749 02be F6020000 		.4byte	0x2f6
 750 02c2 0B       		.uleb128 0xb
 751 02c3 70747200 		.ascii	"ptr\000"
 752 02c7 01       		.byte	0x1
 753 02c8 11       		.byte	0x11
 754 02c9 F6020000 		.4byte	0x2f6
 755 02cd 01       		.byte	0x1
 756 02ce 50       		.byte	0x50
 757 02cf 0C       		.uleb128 0xc
 758 02d0 78020000 		.4byte	.LASF51
 759 02d4 01       		.byte	0x1
 760 02d5 14       		.byte	0x14
 761 02d6 B5000000 		.4byte	0xb5
 762 02da 0008     		.2byte	0x800
 763 02dc 0C       		.uleb128 0xc
 764 02dd 11000000 		.4byte	.LASF52
 765 02e1 01       		.byte	0x1
 766 02e2 15       		.byte	0x15
 767 02e3 B5000000 		.4byte	0xb5
 768 02e7 0004     		.2byte	0x400
 769 02e9 0D       		.uleb128 0xd
 770 02ea 37030000 		.4byte	.LASF53
 771 02ee 01       		.byte	0x1
 772 02ef 16       		.byte	0x16
 773 02f0 B5000000 		.4byte	0xb5
 774 02f4 50       		.byte	0x50
 775 02f5 00       		.byte	0
 776 02f6 0E       		.uleb128 0xe
 777 02f7 04       		.byte	0x4
 778 02f8 9D020000 		.4byte	0x29d
 779 02fc 0F       		.uleb128 0xf
 780 02fd CC010000 		.4byte	.LASF58
 781 0301 05       		.byte	0x5
 782 0302 9806     		.2byte	0x698
 783 0304 B0000000 		.4byte	0xb0
 784 0308 01       		.byte	0x1
 785 0309 01       		.byte	0x1
 786 030a 00       		.byte	0
 787              		.section	.debug_abbrev,"",%progbits
 788              	.Ldebug_abbrev0:
 789 0000 01       		.uleb128 0x1
 790 0001 11       		.uleb128 0x11
 791 0002 01       		.byte	0x1
 792 0003 25       		.uleb128 0x25
 793 0004 0E       		.uleb128 0xe
 794 0005 13       		.uleb128 0x13
 795 0006 0B       		.uleb128 0xb
 796 0007 03       		.uleb128 0x3
 797 0008 0E       		.uleb128 0xe
 798 0009 1B       		.uleb128 0x1b
ARM GAS  /tmp/ccycdF2L.s 			page 15


 799 000a 0E       		.uleb128 0xe
 800 000b 55       		.uleb128 0x55
 801 000c 06       		.uleb128 0x6
 802 000d 11       		.uleb128 0x11
 803 000e 01       		.uleb128 0x1
 804 000f 52       		.uleb128 0x52
 805 0010 01       		.uleb128 0x1
 806 0011 10       		.uleb128 0x10
 807 0012 06       		.uleb128 0x6
 808 0013 00       		.byte	0
 809 0014 00       		.byte	0
 810 0015 02       		.uleb128 0x2
 811 0016 24       		.uleb128 0x24
 812 0017 00       		.byte	0
 813 0018 0B       		.uleb128 0xb
 814 0019 0B       		.uleb128 0xb
 815 001a 3E       		.uleb128 0x3e
 816 001b 0B       		.uleb128 0xb
 817 001c 03       		.uleb128 0x3
 818 001d 0E       		.uleb128 0xe
 819 001e 00       		.byte	0
 820 001f 00       		.byte	0
 821 0020 03       		.uleb128 0x3
 822 0021 16       		.uleb128 0x16
 823 0022 00       		.byte	0
 824 0023 03       		.uleb128 0x3
 825 0024 0E       		.uleb128 0xe
 826 0025 3A       		.uleb128 0x3a
 827 0026 0B       		.uleb128 0xb
 828 0027 3B       		.uleb128 0x3b
 829 0028 0B       		.uleb128 0xb
 830 0029 49       		.uleb128 0x49
 831 002a 13       		.uleb128 0x13
 832 002b 00       		.byte	0
 833 002c 00       		.byte	0
 834 002d 04       		.uleb128 0x4
 835 002e 24       		.uleb128 0x24
 836 002f 00       		.byte	0
 837 0030 0B       		.uleb128 0xb
 838 0031 0B       		.uleb128 0xb
 839 0032 3E       		.uleb128 0x3e
 840 0033 0B       		.uleb128 0xb
 841 0034 03       		.uleb128 0x3
 842 0035 08       		.uleb128 0x8
 843 0036 00       		.byte	0
 844 0037 00       		.byte	0
 845 0038 05       		.uleb128 0x5
 846 0039 35       		.uleb128 0x35
 847 003a 00       		.byte	0
 848 003b 49       		.uleb128 0x49
 849 003c 13       		.uleb128 0x13
 850 003d 00       		.byte	0
 851 003e 00       		.byte	0
 852 003f 06       		.uleb128 0x6
 853 0040 26       		.uleb128 0x26
 854 0041 00       		.byte	0
 855 0042 49       		.uleb128 0x49
ARM GAS  /tmp/ccycdF2L.s 			page 16


 856 0043 13       		.uleb128 0x13
 857 0044 00       		.byte	0
 858 0045 00       		.byte	0
 859 0046 07       		.uleb128 0x7
 860 0047 16       		.uleb128 0x16
 861 0048 00       		.byte	0
 862 0049 03       		.uleb128 0x3
 863 004a 0E       		.uleb128 0xe
 864 004b 3A       		.uleb128 0x3a
 865 004c 0B       		.uleb128 0xb
 866 004d 3B       		.uleb128 0x3b
 867 004e 05       		.uleb128 0x5
 868 004f 49       		.uleb128 0x49
 869 0050 13       		.uleb128 0x13
 870 0051 00       		.byte	0
 871 0052 00       		.byte	0
 872 0053 08       		.uleb128 0x8
 873 0054 13       		.uleb128 0x13
 874 0055 01       		.byte	0x1
 875 0056 0B       		.uleb128 0xb
 876 0057 0B       		.uleb128 0xb
 877 0058 3A       		.uleb128 0x3a
 878 0059 0B       		.uleb128 0xb
 879 005a 3B       		.uleb128 0x3b
 880 005b 0B       		.uleb128 0xb
 881 005c 01       		.uleb128 0x1
 882 005d 13       		.uleb128 0x13
 883 005e 00       		.byte	0
 884 005f 00       		.byte	0
 885 0060 09       		.uleb128 0x9
 886 0061 0D       		.uleb128 0xd
 887 0062 00       		.byte	0
 888 0063 03       		.uleb128 0x3
 889 0064 0E       		.uleb128 0xe
 890 0065 3A       		.uleb128 0x3a
 891 0066 0B       		.uleb128 0xb
 892 0067 3B       		.uleb128 0x3b
 893 0068 0B       		.uleb128 0xb
 894 0069 49       		.uleb128 0x49
 895 006a 13       		.uleb128 0x13
 896 006b 38       		.uleb128 0x38
 897 006c 0A       		.uleb128 0xa
 898 006d 00       		.byte	0
 899 006e 00       		.byte	0
 900 006f 0A       		.uleb128 0xa
 901 0070 2E       		.uleb128 0x2e
 902 0071 01       		.byte	0x1
 903 0072 3F       		.uleb128 0x3f
 904 0073 0C       		.uleb128 0xc
 905 0074 03       		.uleb128 0x3
 906 0075 0E       		.uleb128 0xe
 907 0076 3A       		.uleb128 0x3a
 908 0077 0B       		.uleb128 0xb
 909 0078 3B       		.uleb128 0x3b
 910 0079 0B       		.uleb128 0xb
 911 007a 27       		.uleb128 0x27
 912 007b 0C       		.uleb128 0xc
ARM GAS  /tmp/ccycdF2L.s 			page 17


 913 007c 11       		.uleb128 0x11
 914 007d 01       		.uleb128 0x1
 915 007e 12       		.uleb128 0x12
 916 007f 01       		.uleb128 0x1
 917 0080 40       		.uleb128 0x40
 918 0081 06       		.uleb128 0x6
 919 0082 9742     		.uleb128 0x2117
 920 0084 0C       		.uleb128 0xc
 921 0085 01       		.uleb128 0x1
 922 0086 13       		.uleb128 0x13
 923 0087 00       		.byte	0
 924 0088 00       		.byte	0
 925 0089 0B       		.uleb128 0xb
 926 008a 05       		.uleb128 0x5
 927 008b 00       		.byte	0
 928 008c 03       		.uleb128 0x3
 929 008d 08       		.uleb128 0x8
 930 008e 3A       		.uleb128 0x3a
 931 008f 0B       		.uleb128 0xb
 932 0090 3B       		.uleb128 0x3b
 933 0091 0B       		.uleb128 0xb
 934 0092 49       		.uleb128 0x49
 935 0093 13       		.uleb128 0x13
 936 0094 02       		.uleb128 0x2
 937 0095 0A       		.uleb128 0xa
 938 0096 00       		.byte	0
 939 0097 00       		.byte	0
 940 0098 0C       		.uleb128 0xc
 941 0099 34       		.uleb128 0x34
 942 009a 00       		.byte	0
 943 009b 03       		.uleb128 0x3
 944 009c 0E       		.uleb128 0xe
 945 009d 3A       		.uleb128 0x3a
 946 009e 0B       		.uleb128 0xb
 947 009f 3B       		.uleb128 0x3b
 948 00a0 0B       		.uleb128 0xb
 949 00a1 49       		.uleb128 0x49
 950 00a2 13       		.uleb128 0x13
 951 00a3 1C       		.uleb128 0x1c
 952 00a4 05       		.uleb128 0x5
 953 00a5 00       		.byte	0
 954 00a6 00       		.byte	0
 955 00a7 0D       		.uleb128 0xd
 956 00a8 34       		.uleb128 0x34
 957 00a9 00       		.byte	0
 958 00aa 03       		.uleb128 0x3
 959 00ab 0E       		.uleb128 0xe
 960 00ac 3A       		.uleb128 0x3a
 961 00ad 0B       		.uleb128 0xb
 962 00ae 3B       		.uleb128 0x3b
 963 00af 0B       		.uleb128 0xb
 964 00b0 49       		.uleb128 0x49
 965 00b1 13       		.uleb128 0x13
 966 00b2 1C       		.uleb128 0x1c
 967 00b3 0B       		.uleb128 0xb
 968 00b4 00       		.byte	0
 969 00b5 00       		.byte	0
ARM GAS  /tmp/ccycdF2L.s 			page 18


 970 00b6 0E       		.uleb128 0xe
 971 00b7 0F       		.uleb128 0xf
 972 00b8 00       		.byte	0
 973 00b9 0B       		.uleb128 0xb
 974 00ba 0B       		.uleb128 0xb
 975 00bb 49       		.uleb128 0x49
 976 00bc 13       		.uleb128 0x13
 977 00bd 00       		.byte	0
 978 00be 00       		.byte	0
 979 00bf 0F       		.uleb128 0xf
 980 00c0 34       		.uleb128 0x34
 981 00c1 00       		.byte	0
 982 00c2 03       		.uleb128 0x3
 983 00c3 0E       		.uleb128 0xe
 984 00c4 3A       		.uleb128 0x3a
 985 00c5 0B       		.uleb128 0xb
 986 00c6 3B       		.uleb128 0x3b
 987 00c7 05       		.uleb128 0x5
 988 00c8 49       		.uleb128 0x49
 989 00c9 13       		.uleb128 0x13
 990 00ca 3F       		.uleb128 0x3f
 991 00cb 0C       		.uleb128 0xc
 992 00cc 3C       		.uleb128 0x3c
 993 00cd 0C       		.uleb128 0xc
 994 00ce 00       		.byte	0
 995 00cf 00       		.byte	0
 996 00d0 00       		.byte	0
 997              		.section	.debug_loc,"",%progbits
 998              	.Ldebug_loc0:
 999              	.LLST0:
 1000 0000 00000000 		.4byte	.LFB118
 1001 0004 04000000 		.4byte	.LCFI0
 1002 0008 0200     		.2byte	0x2
 1003 000a 7D       		.byte	0x7d
 1004 000b 00       		.sleb128 0
 1005 000c 04000000 		.4byte	.LCFI0
 1006 0010 DC010000 		.4byte	.LFE118
 1007 0014 0200     		.2byte	0x2
 1008 0016 7D       		.byte	0x7d
 1009 0017 1C       		.sleb128 28
 1010 0018 00000000 		.4byte	0
 1011 001c 00000000 		.4byte	0
 1012              		.section	.debug_aranges,"",%progbits
 1013 0000 1C000000 		.4byte	0x1c
 1014 0004 0200     		.2byte	0x2
 1015 0006 00000000 		.4byte	.Ldebug_info0
 1016 000a 04       		.byte	0x4
 1017 000b 00       		.byte	0
 1018 000c 0000     		.2byte	0
 1019 000e 0000     		.2byte	0
 1020 0010 00000000 		.4byte	.LFB118
 1021 0014 DC010000 		.4byte	.LFE118-.LFB118
 1022 0018 00000000 		.4byte	0
 1023 001c 00000000 		.4byte	0
 1024              		.section	.debug_ranges,"",%progbits
 1025              	.Ldebug_ranges0:
 1026 0000 00000000 		.4byte	.LFB118
ARM GAS  /tmp/ccycdF2L.s 			page 19


 1027 0004 DC010000 		.4byte	.LFE118
 1028 0008 00000000 		.4byte	0
 1029 000c 00000000 		.4byte	0
 1030              		.section	.debug_line,"",%progbits
 1031              	.Ldebug_line0:
 1032 0000 C9010000 		.section	.debug_str,"MS",%progbits,1
 1032      02001F01 
 1032      00000201 
 1032      FB0E0D00 
 1032      01010101 
 1033              	.LASF49:
 1034 0000 55313656 		.ascii	"U16VelocityDGain\000"
 1034      656C6F63 
 1034      69747944 
 1034      4761696E 
 1034      00
 1035              	.LASF52:
 1036 0011 55313650 		.ascii	"U16PosDesAccumExponentialDivisor\000"
 1036      6F734465 
 1036      73416363 
 1036      756D4578 
 1036      706F6E65 
 1037              	.LASF26:
 1038 0032 53313650 		.ascii	"S16PositionDesired\000"
 1038      6F736974 
 1038      696F6E44 
 1038      65736972 
 1038      656400
 1039              	.LASF56:
 1040 0045 2F686F6D 		.ascii	"/home/rob/Projects/stm32/src/rocket_tracks\000"
 1040      652F726F 
 1040      622F5072 
 1040      6F6A6563 
 1040      74732F73 
 1041              	.LASF39:
 1042 0070 55313643 		.ascii	"U16CommandLimit\000"
 1042      6F6D6D61 
 1042      6E644C69 
 1042      6D697400 
 1043              	.LASF38:
 1044 0080 55313648 		.ascii	"U16HighPosnLimit\000"
 1044      69676850 
 1044      6F736E4C 
 1044      696D6974 
 1044      00
 1045              	.LASF55:
 1046 0091 636F6E74 		.ascii	"control.c\000"
 1046      726F6C2E 
 1046      6300
 1047              	.LASF17:
 1048 009b 55384672 		.ascii	"U8FreezeAxis\000"
 1048      65657A65 
 1048      41786973 
 1048      00
 1049              	.LASF31:
 1050 00a8 53333250 		.ascii	"S32PositionITerm\000"
 1050      6F736974 
ARM GAS  /tmp/ccycdF2L.s 			page 20


 1050      696F6E49 
 1050      5465726D 
 1050      00
 1051              	.LASF6:
 1052 00b9 73686F72 		.ascii	"short unsigned int\000"
 1052      7420756E 
 1052      7369676E 
 1052      65642069 
 1052      6E7400
 1053              	.LASF21:
 1054 00cc 55385665 		.ascii	"U8VelocityNeutral\000"
 1054      6C6F6369 
 1054      74794E65 
 1054      75747261 
 1054      6C00
 1055              	.LASF44:
 1056 00de 53333256 		.ascii	"S32VelocityPTerm\000"
 1056      656C6F63 
 1056      69747950 
 1056      5465726D 
 1056      00
 1057              	.LASF29:
 1058 00ef 53313650 		.ascii	"S16PositionErrorPrevious\000"
 1058      6F736974 
 1058      696F6E45 
 1058      72726F72 
 1058      50726576 
 1059              	.LASF24:
 1060 0108 55313646 		.ascii	"U16FeedbackADCPrevious\000"
 1060      65656462 
 1060      61636B41 
 1060      44435072 
 1060      6576696F 
 1061              	.LASF48:
 1062 011f 55313656 		.ascii	"U16VelocityIGain\000"
 1062      656C6F63 
 1062      69747949 
 1062      4761696E 
 1062      00
 1063              	.LASF34:
 1064 0130 55313650 		.ascii	"U16PositionPGain\000"
 1064      6F736974 
 1064      696F6E50 
 1064      4761696E 
 1064      00
 1065              	.LASF28:
 1066 0141 53313650 		.ascii	"S16PositionError\000"
 1066      6F736974 
 1066      696F6E45 
 1066      72726F72 
 1066      00
 1067              	.LASF23:
 1068 0152 55313646 		.ascii	"U16FeedbackADC\000"
 1068      65656462 
 1068      61636B41 
 1068      444300
 1069              	.LASF11:
ARM GAS  /tmp/ccycdF2L.s 			page 21


 1070 0161 6C6F6E67 		.ascii	"long long unsigned int\000"
 1070      206C6F6E 
 1070      6720756E 
 1070      7369676E 
 1070      65642069 
 1071              	.LASF1:
 1072 0178 756E7369 		.ascii	"unsigned char\000"
 1072      676E6564 
 1072      20636861 
 1072      7200
 1073              	.LASF19:
 1074 0186 55384472 		.ascii	"U8DriveIsInterlocked\000"
 1074      69766549 
 1074      73496E74 
 1074      65726C6F 
 1074      636B6564 
 1075              	.LASF9:
 1076 019b 6C6F6E67 		.ascii	"long unsigned int\000"
 1076      20756E73 
 1076      69676E65 
 1076      6420696E 
 1076      7400
 1077              	.LASF41:
 1078 01ad 53313656 		.ascii	"S16VelocityDesired\000"
 1078      656C6F63 
 1078      69747944 
 1078      65736972 
 1078      656400
 1079              	.LASF16:
 1080 01c0 61646373 		.ascii	"adcsample_t\000"
 1080      616D706C 
 1080      655F7400 
 1081              	.LASF58:
 1082 01cc 49544D5F 		.ascii	"ITM_RxBuffer\000"
 1082      52784275 
 1082      66666572 
 1082      00
 1083              	.LASF20:
 1084 01d9 5538506F 		.ascii	"U8PositionNeutral\000"
 1084      73697469 
 1084      6F6E4E65 
 1084      75747261 
 1084      6C00
 1085              	.LASF25:
 1086 01eb 5331364F 		.ascii	"S16OutputCommand\000"
 1086      75747075 
 1086      74436F6D 
 1086      6D616E64 
 1086      00
 1087              	.LASF45:
 1088 01fc 53333256 		.ascii	"S32VelocityITerm\000"
 1088      656C6F63 
 1088      69747949 
 1088      5465726D 
 1088      00
 1089              	.LASF37:
 1090 020d 5531364C 		.ascii	"U16LowPosnLimit\000"
ARM GAS  /tmp/ccycdF2L.s 			page 22


 1090      6F77506F 
 1090      736E4C69 
 1090      6D697400 
 1091              	.LASF46:
 1092 021d 53333256 		.ascii	"S32VelocityIAccumulator\000"
 1092      656C6F63 
 1092      69747949 
 1092      41636375 
 1092      6D756C61 
 1093              	.LASF57:
 1094 0235 636F6E74 		.ascii	"controlLoop\000"
 1094      726F6C4C 
 1094      6F6F7000 
 1095              	.LASF12:
 1096 0241 756E7369 		.ascii	"unsigned int\000"
 1096      676E6564 
 1096      20696E74 
 1096      00
 1097              	.LASF47:
 1098 024e 55313656 		.ascii	"U16VelocityPGain\000"
 1098      656C6F63 
 1098      69747950 
 1098      4761696E 
 1098      00
 1099              	.LASF15:
 1100 025f 63686172 		.ascii	"char\000"
 1100      00
 1101              	.LASF2:
 1102 0264 75696E74 		.ascii	"uint8_t\000"
 1102      385F7400 
 1103              	.LASF22:
 1104 026c 55313649 		.ascii	"U16InputADC\000"
 1104      6E707574 
 1104      41444300 
 1105              	.LASF51:
 1106 0278 55313650 		.ascii	"U16PosDesAccumMultiplyer\000"
 1106      6F734465 
 1106      73416363 
 1106      756D4D75 
 1106      6C746970 
 1107              	.LASF3:
 1108 0291 696E7431 		.ascii	"int16_t\000"
 1108      365F7400 
 1109              	.LASF33:
 1110 0299 53333250 		.ascii	"S32PositionIAccumulator\000"
 1110      6F736974 
 1110      696F6E49 
 1110      41636375 
 1110      6D756C61 
 1111              	.LASF36:
 1112 02b1 55313650 		.ascii	"U16PositionDGain\000"
 1112      6F736974 
 1112      696F6E44 
 1112      4761696E 
 1112      00
 1113              	.LASF7:
 1114 02c2 696E7433 		.ascii	"int32_t\000"
ARM GAS  /tmp/ccycdF2L.s 			page 23


 1114      325F7400 
 1115              	.LASF14:
 1116 02ca 73697A65 		.ascii	"sizetype\000"
 1116      74797065 
 1116      00
 1117              	.LASF43:
 1118 02d3 53313656 		.ascii	"S16VelocityError\000"
 1118      656C6F63 
 1118      69747945 
 1118      72726F72 
 1118      00
 1119              	.LASF10:
 1120 02e4 6C6F6E67 		.ascii	"long long int\000"
 1120      206C6F6E 
 1120      6720696E 
 1120      7400
 1121              	.LASF35:
 1122 02f2 55313650 		.ascii	"U16PositionIGain\000"
 1122      6F736974 
 1122      696F6E49 
 1122      4761696E 
 1122      00
 1123              	.LASF54:
 1124 0303 474E5520 		.ascii	"GNU C 4.7.2\000"
 1124      4320342E 
 1124      372E3200 
 1125              	.LASF40:
 1126 030f 53333250 		.ascii	"S32PositionDesiredAccumulator\000"
 1126      6F736974 
 1126      696F6E44 
 1126      65736972 
 1126      65644163 
 1127              	.LASF4:
 1128 032d 73686F72 		.ascii	"short int\000"
 1128      7420696E 
 1128      7400
 1129              	.LASF53:
 1130 0337 55313656 		.ascii	"U16VelocityDeadband\000"
 1130      656C6F63 
 1130      69747944 
 1130      65616462 
 1130      616E6400 
 1131              	.LASF5:
 1132 034b 75696E74 		.ascii	"uint16_t\000"
 1132      31365F74 
 1132      00
 1133              	.LASF42:
 1134 0354 53313656 		.ascii	"S16VelocityActual\000"
 1134      656C6F63 
 1134      69747941 
 1134      63747561 
 1134      6C00
 1135              	.LASF32:
 1136 0366 53333250 		.ascii	"S32PositionDTerm\000"
 1136      6F736974 
 1136      696F6E44 
 1136      5465726D 
ARM GAS  /tmp/ccycdF2L.s 			page 24


 1136      00
 1137              	.LASF8:
 1138 0377 6C6F6E67 		.ascii	"long int\000"
 1138      20696E74 
 1138      00
 1139              	.LASF50:
 1140 0380 434F4E54 		.ascii	"CONTROL_AXIS_STRUCT\000"
 1140      524F4C5F 
 1140      41584953 
 1140      5F535452 
 1140      55435400 
 1141              	.LASF27:
 1142 0394 53313650 		.ascii	"S16PositionActual\000"
 1142      6F736974 
 1142      696F6E41 
 1142      63747561 
 1142      6C00
 1143              	.LASF0:
 1144 03a6 7369676E 		.ascii	"signed char\000"
 1144      65642063 
 1144      68617200 
 1145              	.LASF18:
 1146 03b2 5538506F 		.ascii	"U8PosnVelMode\000"
 1146      736E5665 
 1146      6C4D6F64 
 1146      6500
 1147              	.LASF13:
 1148 03c0 5F426F6F 		.ascii	"_Bool\000"
 1148      6C00
 1149              	.LASF30:
 1150 03c6 53333250 		.ascii	"S32PositionPTerm\000"
 1150      6F736974 
 1150      696F6E50 
 1150      5465726D 
 1150      00
 1151              		.ident	"GCC: (crosstool-NG 1.17.0 - PSAS ST32F4 GFE) 4.7.2"
ARM GAS  /tmp/ccycdF2L.s 			page 25


DEFINED SYMBOLS
                            *ABS*:0000000000000000 control.c
     /tmp/ccycdF2L.s:21     .text.controlLoop:0000000000000000 $t
     /tmp/ccycdF2L.s:27     .text.controlLoop:0000000000000000 controlLoop
                     .debug_frame:0000000000000010 $d

NO UNDEFINED SYMBOLS
