ARM GAS  /tmp/ccRU18dn.s 			page 1


   1              		.syntax unified
   2              		.cpu cortex-m4
   3              		.eabi_attribute 27, 3
   4              		.eabi_attribute 28, 1
   5              		.fpu fpv4-sp-d16
   6              		.eabi_attribute 20, 1
   7              		.eabi_attribute 21, 1
   8              		.eabi_attribute 23, 3
   9              		.eabi_attribute 24, 1
  10              		.eabi_attribute 25, 1
  11              		.eabi_attribute 26, 1
  12              		.eabi_attribute 30, 2
  13              		.eabi_attribute 34, 1
  14              		.eabi_attribute 18, 4
  15              		.thumb
  16              		.file	"ext_lld.c"
  17              		.text
  18              	.Ltext0:
  19              		.cfi_sections	.debug_frame
  20              		.section	.text.ext_lld_init,"ax",%progbits
  21              		.align	2
  22              		.p2align 4,,15
  23              		.global	ext_lld_init
  24              		.thumb
  25              		.thumb_func
  26              		.type	ext_lld_init, %function
  27              	ext_lld_init:
  28              	.LFB118:
  29              		.file 1 "../../ChibiOS/os/hal/platforms/STM32/ext_lld.c"
  30              		.loc 1 66 0
  31              		.cfi_startproc
  32              		@ args = 0, pretend = 0, frame = 0
  33              		@ frame_needed = 0, uses_anonymous_args = 0
  34              		@ link register save eliminated.
  35              		.loc 1 69 0
  36 0000 40F20000 		movw	r0, #:lower16:.LANCHOR0
  37 0004 C0F20000 		movt	r0, #:upper16:.LANCHOR0
  38              		.loc 1 70 0
  39              		.loc 1 69 0
  40 0008 FFF7FEBF 		b	extObjectInit
  41              	.LVL0:
  42              		.cfi_endproc
  43              	.LFE118:
  44              		.size	ext_lld_init, .-ext_lld_init
  45 000c AFF30080 		.section	.text.ext_lld_stop,"ax",%progbits
  46              		.align	2
  47              		.p2align 4,,15
  48              		.global	ext_lld_stop
  49              		.thumb
  50              		.thumb_func
  51              		.type	ext_lld_stop, %function
  52              	ext_lld_stop:
  53              	.LFB120:
  54              		.loc 1 100 0
  55              		.cfi_startproc
  56              		@ args = 0, pretend = 0, frame = 0
  57              		@ frame_needed = 0, uses_anonymous_args = 0
ARM GAS  /tmp/ccRU18dn.s 			page 2


  58              	.LVL1:
  59 0000 08B5     		push	{r3, lr}
  60              	.LCFI0:
  61              		.cfi_def_cfa_offset 8
  62              		.cfi_offset 3, -8
  63              		.cfi_offset 14, -4
  64              		.loc 1 102 0
  65 0002 0378     		ldrb	r3, [r0, #0]	@ zero_extendqisi2
  66 0004 022B     		cmp	r3, #2
  67 0006 0AD0     		beq	.L5
  68              	.LVL2:
  69              	.L3:
  70              		.loc 1 105 0
  71 0008 4FF47053 		mov	r3, #15360
  72 000c C4F20103 		movt	r3, 16385
  73 0010 0022     		movs	r2, #0
  74 0012 5A60     		str	r2, [r3, #4]
  75              		.loc 1 106 0
  76 0014 1A60     		str	r2, [r3, #0]
  77              		.loc 1 107 0
  78 0016 4FF0FF32 		mov	r2, #-1
  79 001a 5A61     		str	r2, [r3, #20]
  80 001c 08BD     		pop	{r3, pc}
  81              	.LVL3:
  82              	.L5:
  83              		.loc 1 103 0
  84 001e FFF7FEFF 		bl	ext_lld_exti_irq_disable
  85              	.LVL4:
  86 0022 F1E7     		b	.L3
  87              		.cfi_endproc
  88              	.LFE120:
  89              		.size	ext_lld_stop, .-ext_lld_stop
  90 0024 AFF30080 		.section	.text.ext_lld_channel_enable,"ax",%progbits
  90      AFF30080 
  90      AFF30080 
  91              		.align	2
  92              		.p2align 4,,15
  93              		.global	ext_lld_channel_enable
  94              		.thumb
  95              		.thumb_func
  96              		.type	ext_lld_channel_enable, %function
  97              	ext_lld_channel_enable:
  98              	.LFB121:
  99              		.loc 1 121 0
 100              		.cfi_startproc
 101              		@ args = 0, pretend = 0, frame = 0
 102              		@ frame_needed = 0, uses_anonymous_args = 0
 103              		@ link register save eliminated.
 104              	.LVL5:
 105              		.loc 1 127 0
 106 0000 4268     		ldr	r2, [r0, #4]
 107 0002 52F83130 		ldr	r3, [r2, r1, lsl #3]
 108 0006 D807     		lsls	r0, r3, #31
 109              	.LVL6:
 110              		.loc 1 121 0
 111 0008 70B4     		push	{r4, r5, r6}
 112              	.LCFI1:
ARM GAS  /tmp/ccRU18dn.s 			page 3


 113              		.cfi_def_cfa_offset 12
 114              		.cfi_offset 4, -12
 115              		.cfi_offset 5, -8
 116              		.cfi_offset 6, -4
 117              		.loc 1 127 0
 118 000a 41D5     		bpl	.L7
 119              		.loc 1 128 0
 120 000c 4FF47054 		mov	r4, #15360
 121 0010 C4F20104 		movt	r4, 16385
 122 0014 0120     		movs	r0, #1
 123 0016 A568     		ldr	r5, [r4, #8]
 124 0018 00FA01F0 		lsl	r0, r0, r1
 125 001c 0543     		orrs	r5, r5, r0
 126 001e A560     		str	r5, [r4, #8]
 127 0020 C443     		mvns	r4, r0
 128              	.L8:
 129              		.loc 1 131 0
 130 0022 13F0020F 		tst	r3, #2
 131              		.loc 1 132 0
 132 0026 4FF47053 		mov	r3, #15360
 133 002a C4F20103 		movt	r3, 16385
 134 002e DD68     		ldr	r5, [r3, #12]
 135 0030 14BF     		ite	ne
 136 0032 0543     		orrne	r5, r0, r5
 137              		.loc 1 134 0
 138 0034 2540     		andeq	r5, r4, r5
 139 0036 DD60     		str	r5, [r3, #12]
 140              		.loc 1 137 0
 141 0038 02EBC103 		add	r3, r2, r1, lsl #3
 142 003c 5B68     		ldr	r3, [r3, #4]
 143 003e 002B     		cmp	r3, #0
 144 0040 32D0     		beq	.L11
 145              		.loc 1 138 0
 146 0042 4FF47053 		mov	r3, #15360
 147 0046 C4F20103 		movt	r3, 16385
 148 004a 1D68     		ldr	r5, [r3, #0]
 149 004c 2843     		orrs	r0, r0, r5
 150 004e 1860     		str	r0, [r3, #0]
 151              		.loc 1 139 0
 152 0050 5868     		ldr	r0, [r3, #4]
 153 0052 0440     		ands	r4, r4, r0
 154 0054 5C60     		str	r4, [r3, #4]
 155              	.L12:
 156              		.loc 1 171 0
 157 0056 0F29     		cmp	r1, #15
 158 0058 18D8     		bhi	.L6
 159              	.LBB2:
 160              		.loc 1 172 0
 161 005a 8808     		lsrs	r0, r1, #2
 162              	.LVL7:
 163              		.loc 1 180 0
 164 005c 4FF46053 		mov	r3, #14336
 165 0060 C4F20103 		movt	r3, 16385
 166 0064 0230     		adds	r0, r0, #2
 167              	.LVL8:
 168              		.loc 1 174 0
 169 0066 52F83140 		ldr	r4, [r2, r1, lsl #3]
ARM GAS  /tmp/ccRU18dn.s 			page 4


 170              		.loc 1 180 0
 171 006a 53F82050 		ldr	r5, [r3, r0, lsl #2]
 172              		.loc 1 173 0
 173 006e 01F00301 		and	r1, r1, #3
 174              	.LVL9:
 175 0072 8900     		lsls	r1, r1, #2
 176              	.LVL10:
 177 0074 0F22     		movs	r2, #15
 178 0076 02FA01F2 		lsl	r2, r2, r1
 179              		.loc 1 175 0
 180 007a C4F30314 		ubfx	r4, r4, #4, #4
 181              		.loc 1 180 0
 182 007e 25EA0202 		bic	r2, r5, r2
 183              		.loc 1 174 0
 184 0082 04FA01F1 		lsl	r1, r4, r1
 185              	.LVL11:
 186              		.loc 1 180 0
 187 0086 1143     		orrs	r1, r1, r2
 188 0088 43F82010 		str	r1, [r3, r0, lsl #2]
 189              	.LVL12:
 190              	.L6:
 191              	.LBE2:
 192              		.loc 1 185 0
 193 008c 70BC     		pop	{r4, r5, r6}
 194 008e 7047     		bx	lr
 195              	.LVL13:
 196              	.L7:
 197              		.loc 1 130 0
 198 0090 4FF47055 		mov	r5, #15360
 199 0094 C4F20105 		movt	r5, 16385
 200 0098 0120     		movs	r0, #1
 201 009a AE68     		ldr	r6, [r5, #8]
 202 009c 00FA01F0 		lsl	r0, r0, r1
 203 00a0 C443     		mvns	r4, r0
 204 00a2 2640     		ands	r6, r6, r4
 205 00a4 AE60     		str	r6, [r5, #8]
 206 00a6 BCE7     		b	.L8
 207              	.L11:
 208              		.loc 1 142 0
 209 00a8 4FF47053 		mov	r3, #15360
 210 00ac C4F20103 		movt	r3, 16385
 211 00b0 5D68     		ldr	r5, [r3, #4]
 212 00b2 2843     		orrs	r0, r0, r5
 213 00b4 5860     		str	r0, [r3, #4]
 214              		.loc 1 143 0
 215 00b6 1868     		ldr	r0, [r3, #0]
 216 00b8 0440     		ands	r4, r4, r0
 217 00ba 1C60     		str	r4, [r3, #0]
 218 00bc CBE7     		b	.L12
 219              		.cfi_endproc
 220              	.LFE121:
 221              		.size	ext_lld_channel_enable, .-ext_lld_channel_enable
 222 00be 00BF     		.section	.text.ext_lld_channel_disable,"ax",%progbits
 223              		.align	2
 224              		.p2align 4,,15
 225              		.global	ext_lld_channel_disable
 226              		.thumb
ARM GAS  /tmp/ccRU18dn.s 			page 5


 227              		.thumb_func
 228              		.type	ext_lld_channel_disable, %function
 229              	ext_lld_channel_disable:
 230              	.LFB122:
 231              		.loc 1 195 0
 232              		.cfi_startproc
 233              		@ args = 0, pretend = 0, frame = 0
 234              		@ frame_needed = 0, uses_anonymous_args = 0
 235              		@ link register save eliminated.
 236              	.LVL14:
 237              		.loc 1 202 0
 238 0000 4FF47053 		mov	r3, #15360
 239 0004 C4F20103 		movt	r3, 16385
 240 0008 0122     		movs	r2, #1
 241 000a 1868     		ldr	r0, [r3, #0]
 242              	.LVL15:
 243 000c 02FA01F1 		lsl	r1, r2, r1
 244              	.LVL16:
 245 0010 CA43     		mvns	r2, r1
 246 0012 1040     		ands	r0, r0, r2
 247 0014 1860     		str	r0, [r3, #0]
 248              		.loc 1 203 0
 249 0016 5868     		ldr	r0, [r3, #4]
 250 0018 1040     		ands	r0, r0, r2
 251 001a 5860     		str	r0, [r3, #4]
 252              		.loc 1 204 0
 253 001c 9868     		ldr	r0, [r3, #8]
 254 001e 1040     		ands	r0, r0, r2
 255 0020 9860     		str	r0, [r3, #8]
 256              		.loc 1 205 0
 257 0022 D868     		ldr	r0, [r3, #12]
 258 0024 0240     		ands	r2, r2, r0
 259 0026 DA60     		str	r2, [r3, #12]
 260              		.loc 1 206 0
 261 0028 5961     		str	r1, [r3, #20]
 262 002a 7047     		bx	lr
 263              		.cfi_endproc
 264              	.LFE122:
 265              		.size	ext_lld_channel_disable, .-ext_lld_channel_disable
 266 002c AFF30080 		.section	.text.ext_lld_start,"ax",%progbits
 267              		.align	2
 268              		.p2align 4,,15
 269              		.global	ext_lld_start
 270              		.thumb
 271              		.thumb_func
 272              		.type	ext_lld_start, %function
 273              	ext_lld_start:
 274              	.LFB119:
 275              		.loc 1 79 0
 276              		.cfi_startproc
 277              		@ args = 0, pretend = 0, frame = 0
 278              		@ frame_needed = 0, uses_anonymous_args = 0
 279              	.LVL17:
 280 0000 38B5     		push	{r3, r4, r5, lr}
 281              	.LCFI2:
 282              		.cfi_def_cfa_offset 16
 283              		.cfi_offset 3, -16
ARM GAS  /tmp/ccRU18dn.s 			page 6


 284              		.cfi_offset 4, -12
 285              		.cfi_offset 5, -8
 286              		.cfi_offset 14, -4
 287              		.loc 1 82 0
 288 0002 0378     		ldrb	r3, [r0, #0]	@ zero_extendqisi2
 289 0004 012B     		cmp	r3, #1
 290              		.loc 1 79 0
 291 0006 0546     		mov	r5, r0
 292              		.loc 1 82 0
 293 0008 14D0     		beq	.L21
 294              	.LVL18:
 295              	.L16:
 296              		.loc 1 79 0 discriminator 1
 297 000a 0024     		movs	r4, #0
 298 000c 04E0     		b	.L19
 299              	.LVL19:
 300              	.L23:
 301              		.loc 1 86 0
 302 000e 0134     		adds	r4, r4, #1
 303              		.loc 1 88 0
 304 0010 FFF7FEFF 		bl	ext_lld_channel_enable
 305              	.LVL20:
 306              		.loc 1 86 0
 307 0014 172C     		cmp	r4, #23
 308 0016 0CD0     		beq	.L22
 309              	.LVL21:
 310              	.L19:
 311              		.loc 1 87 0
 312 0018 6B68     		ldr	r3, [r5, #4]
 313 001a 53F83430 		ldr	r3, [r3, r4, lsl #3]
 314 001e 13F0040F 		tst	r3, #4
 315              		.loc 1 90 0
 316 0022 2146     		mov	r1, r4
 317 0024 2846     		mov	r0, r5
 318              		.loc 1 87 0
 319 0026 F2D1     		bne	.L23
 320              	.LVL22:
 321              		.loc 1 86 0
 322 0028 0134     		adds	r4, r4, #1
 323              		.loc 1 90 0
 324 002a FFF7FEFF 		bl	ext_lld_channel_disable
 325              	.LVL23:
 326              		.loc 1 86 0
 327 002e 172C     		cmp	r4, #23
 328 0030 F2D1     		bne	.L19
 329              	.L22:
 330              		.loc 1 91 0
 331 0032 38BD     		pop	{r3, r4, r5, pc}
 332              	.LVL24:
 333              	.L21:
 334              		.loc 1 83 0
 335 0034 FFF7FEFF 		bl	ext_lld_exti_irq_enable
 336              	.LVL25:
 337 0038 E7E7     		b	.L16
 338              		.cfi_endproc
 339              	.LFE119:
 340              		.size	ext_lld_start, .-ext_lld_start
ARM GAS  /tmp/ccRU18dn.s 			page 7


 341              		.global	EXTD1
 342 003a 00BFAFF3 		.section	.bss.EXTD1,"aw",%nobits
 342      0080
 343              		.align	2
 344              		.set	.LANCHOR0,. + 0
 345              		.type	EXTD1, %object
 346              		.size	EXTD1, 8
 347              	EXTD1:
 348 0000 00000000 		.space	8
 348      00000000 
 349              		.text
 350              	.Letext0:
 351              		.file 2 "/opt/psas/x-tools/stm32f407/arm-psas-eabi/bin/../lib/gcc/arm-psas-eabi/4.7.2/../../../../
 352              		.file 3 "../../ChibiOS/os/hal/platforms/STM32F4xx/stm32f4xx.h"
 353              		.file 4 "../../ChibiOS/os/hal/include/ext.h"
 354              		.file 5 "../../ChibiOS/os/hal/platforms/STM32/ext_lld.h"
 355              		.file 6 "../../ChibiOS/os/ports/common/ARMCMx/CMSIS/include/core_cm4.h"
 356              		.file 7 "../../ChibiOS/os/hal/platforms/STM32F4xx/ext_lld_isr.h"
 357              		.section	.debug_info,"",%progbits
 358              	.Ldebug_info0:
 359 0000 3D040000 		.4byte	0x43d
 360 0004 0200     		.2byte	0x2
 361 0006 00000000 		.4byte	.Ldebug_abbrev0
 362 000a 04       		.byte	0x4
 363 000b 01       		.uleb128 0x1
 364 000c 19020000 		.4byte	.LASF48
 365 0010 01       		.byte	0x1
 366 0011 22010000 		.4byte	.LASF49
 367 0015 1F000000 		.4byte	.LASF50
 368 0019 00000000 		.4byte	.Ldebug_ranges0+0
 369 001d 00000000 		.4byte	0
 370 0021 00000000 		.4byte	0
 371 0025 00000000 		.4byte	.Ldebug_line0
 372 0029 02       		.uleb128 0x2
 373 002a 04       		.byte	0x4
 374 002b 05       		.byte	0x5
 375 002c 696E7400 		.ascii	"int\000"
 376 0030 03       		.uleb128 0x3
 377 0031 04       		.byte	0x4
 378 0032 07       		.byte	0x7
 379 0033 D9010000 		.4byte	.LASF0
 380 0037 03       		.uleb128 0x3
 381 0038 01       		.byte	0x1
 382 0039 06       		.byte	0x6
 383 003a 65020000 		.4byte	.LASF1
 384 003e 03       		.uleb128 0x3
 385 003f 01       		.byte	0x1
 386 0040 08       		.byte	0x8
 387 0041 14010000 		.4byte	.LASF2
 388 0045 03       		.uleb128 0x3
 389 0046 02       		.byte	0x2
 390 0047 05       		.byte	0x5
 391 0048 30020000 		.4byte	.LASF3
 392 004c 03       		.uleb128 0x3
 393 004d 02       		.byte	0x2
 394 004e 07       		.byte	0x7
 395 004f 77000000 		.4byte	.LASF4
ARM GAS  /tmp/ccRU18dn.s 			page 8


 396 0053 04       		.uleb128 0x4
 397 0054 F5010000 		.4byte	.LASF6
 398 0058 02       		.byte	0x2
 399 0059 4F       		.byte	0x4f
 400 005a 5E000000 		.4byte	0x5e
 401 005e 03       		.uleb128 0x3
 402 005f 04       		.byte	0x4
 403 0060 05       		.byte	0x5
 404 0061 5C020000 		.4byte	.LASF5
 405 0065 04       		.uleb128 0x4
 406 0066 71020000 		.4byte	.LASF7
 407 006a 02       		.byte	0x2
 408 006b 50       		.byte	0x50
 409 006c 70000000 		.4byte	0x70
 410 0070 03       		.uleb128 0x3
 411 0071 04       		.byte	0x4
 412 0072 07       		.byte	0x7
 413 0073 51010000 		.4byte	.LASF8
 414 0077 03       		.uleb128 0x3
 415 0078 08       		.byte	0x8
 416 0079 05       		.byte	0x5
 417 007a 06020000 		.4byte	.LASF9
 418 007e 03       		.uleb128 0x3
 419 007f 08       		.byte	0x8
 420 0080 07       		.byte	0x7
 421 0081 F7000000 		.4byte	.LASF10
 422 0085 03       		.uleb128 0x3
 423 0086 01       		.byte	0x1
 424 0087 02       		.byte	0x2
 425 0088 7A020000 		.4byte	.LASF11
 426 008c 05       		.uleb128 0x5
 427 008d 65000000 		.4byte	0x65
 428 0091 03       		.uleb128 0x3
 429 0092 04       		.byte	0x4
 430 0093 07       		.byte	0x7
 431 0094 FD010000 		.4byte	.LASF12
 432 0098 03       		.uleb128 0x3
 433 0099 01       		.byte	0x1
 434 009a 08       		.byte	0x8
 435 009b EB010000 		.4byte	.LASF13
 436 009f 06       		.uleb128 0x6
 437 00a0 65000000 		.4byte	0x65
 438 00a4 AF000000 		.4byte	0xaf
 439 00a8 07       		.uleb128 0x7
 440 00a9 91000000 		.4byte	0x91
 441 00ad 01       		.byte	0x1
 442 00ae 00       		.byte	0
 443 00af 06       		.uleb128 0x6
 444 00b0 65000000 		.4byte	0x65
 445 00b4 BF000000 		.4byte	0xbf
 446 00b8 07       		.uleb128 0x7
 447 00b9 91000000 		.4byte	0x91
 448 00bd 03       		.byte	0x3
 449 00be 00       		.byte	0
 450 00bf 05       		.uleb128 0x5
 451 00c0 53000000 		.4byte	0x53
 452 00c4 08       		.uleb128 0x8
ARM GAS  /tmp/ccRU18dn.s 			page 9


 453 00c5 18       		.byte	0x18
 454 00c6 03       		.byte	0x3
 455 00c7 3302     		.2byte	0x233
 456 00c9 27010000 		.4byte	0x127
 457 00cd 09       		.uleb128 0x9
 458 00ce 494D5200 		.ascii	"IMR\000"
 459 00d2 03       		.byte	0x3
 460 00d3 3502     		.2byte	0x235
 461 00d5 8C000000 		.4byte	0x8c
 462 00d9 02       		.byte	0x2
 463 00da 23       		.byte	0x23
 464 00db 00       		.uleb128 0
 465 00dc 09       		.uleb128 0x9
 466 00dd 454D5200 		.ascii	"EMR\000"
 467 00e1 03       		.byte	0x3
 468 00e2 3602     		.2byte	0x236
 469 00e4 8C000000 		.4byte	0x8c
 470 00e8 02       		.byte	0x2
 471 00e9 23       		.byte	0x23
 472 00ea 04       		.uleb128 0x4
 473 00eb 0A       		.uleb128 0xa
 474 00ec 84010000 		.4byte	.LASF14
 475 00f0 03       		.byte	0x3
 476 00f1 3702     		.2byte	0x237
 477 00f3 8C000000 		.4byte	0x8c
 478 00f7 02       		.byte	0x2
 479 00f8 23       		.byte	0x23
 480 00f9 08       		.uleb128 0x8
 481 00fa 0A       		.uleb128 0xa
 482 00fb 57020000 		.4byte	.LASF15
 483 00ff 03       		.byte	0x3
 484 0100 3802     		.2byte	0x238
 485 0102 8C000000 		.4byte	0x8c
 486 0106 02       		.byte	0x2
 487 0107 23       		.byte	0x23
 488 0108 0C       		.uleb128 0xc
 489 0109 0A       		.uleb128 0xa
 490 010a 80020000 		.4byte	.LASF16
 491 010e 03       		.byte	0x3
 492 010f 3902     		.2byte	0x239
 493 0111 8C000000 		.4byte	0x8c
 494 0115 02       		.byte	0x2
 495 0116 23       		.byte	0x23
 496 0117 10       		.uleb128 0x10
 497 0118 09       		.uleb128 0x9
 498 0119 505200   		.ascii	"PR\000"
 499 011c 03       		.byte	0x3
 500 011d 3A02     		.2byte	0x23a
 501 011f 8C000000 		.4byte	0x8c
 502 0123 02       		.byte	0x2
 503 0124 23       		.byte	0x23
 504 0125 14       		.uleb128 0x14
 505 0126 00       		.byte	0
 506 0127 0B       		.uleb128 0xb
 507 0128 6A010000 		.4byte	.LASF17
 508 012c 03       		.byte	0x3
 509 012d 3B02     		.2byte	0x23b
ARM GAS  /tmp/ccRU18dn.s 			page 10


 510 012f C4000000 		.4byte	0xc4
 511 0133 08       		.uleb128 0x8
 512 0134 24       		.byte	0x24
 513 0135 03       		.byte	0x3
 514 0136 9E02     		.2byte	0x29e
 515 0138 88010000 		.4byte	0x188
 516 013c 0A       		.uleb128 0xa
 517 013d 63010000 		.4byte	.LASF18
 518 0141 03       		.byte	0x3
 519 0142 A002     		.2byte	0x2a0
 520 0144 8C000000 		.4byte	0x8c
 521 0148 02       		.byte	0x2
 522 0149 23       		.byte	0x23
 523 014a 00       		.uleb128 0
 524 014b 09       		.uleb128 0x9
 525 014c 504D4300 		.ascii	"PMC\000"
 526 0150 03       		.byte	0x3
 527 0151 A102     		.2byte	0x2a1
 528 0153 8C000000 		.4byte	0x8c
 529 0157 02       		.byte	0x2
 530 0158 23       		.byte	0x23
 531 0159 04       		.uleb128 0x4
 532 015a 0A       		.uleb128 0xa
 533 015b C7010000 		.4byte	.LASF19
 534 015f 03       		.byte	0x3
 535 0160 A202     		.2byte	0x2a2
 536 0162 88010000 		.4byte	0x188
 537 0166 02       		.byte	0x2
 538 0167 23       		.byte	0x23
 539 0168 08       		.uleb128 0x8
 540 0169 0A       		.uleb128 0xa
 541 016a 9A010000 		.4byte	.LASF20
 542 016e 03       		.byte	0x3
 543 016f A302     		.2byte	0x2a3
 544 0171 9F000000 		.4byte	0x9f
 545 0175 02       		.byte	0x2
 546 0176 23       		.byte	0x23
 547 0177 18       		.uleb128 0x18
 548 0178 0A       		.uleb128 0xa
 549 0179 0E010000 		.4byte	.LASF21
 550 017d 03       		.byte	0x3
 551 017e A402     		.2byte	0x2a4
 552 0180 8C000000 		.4byte	0x8c
 553 0184 02       		.byte	0x2
 554 0185 23       		.byte	0x23
 555 0186 20       		.uleb128 0x20
 556 0187 00       		.byte	0
 557 0188 05       		.uleb128 0x5
 558 0189 AF000000 		.4byte	0xaf
 559 018d 0B       		.uleb128 0xb
 560 018e 3A020000 		.4byte	.LASF22
 561 0192 03       		.byte	0x3
 562 0193 A502     		.2byte	0x2a5
 563 0195 33010000 		.4byte	0x133
 564 0199 0C       		.uleb128 0xc
 565 019a 01       		.byte	0x1
 566 019b 04       		.byte	0x4
ARM GAS  /tmp/ccRU18dn.s 			page 11


 567 019c 43       		.byte	0x43
 568 019d B4010000 		.4byte	0x1b4
 569 01a1 0D       		.uleb128 0xd
 570 01a2 6C000000 		.4byte	.LASF23
 571 01a6 00       		.sleb128 0
 572 01a7 0D       		.uleb128 0xd
 573 01a8 94020000 		.4byte	.LASF24
 574 01ac 01       		.sleb128 1
 575 01ad 0D       		.uleb128 0xd
 576 01ae CE010000 		.4byte	.LASF25
 577 01b2 02       		.sleb128 2
 578 01b3 00       		.byte	0
 579 01b4 04       		.uleb128 0x4
 580 01b5 50000000 		.4byte	.LASF26
 581 01b9 04       		.byte	0x4
 582 01ba 47       		.byte	0x47
 583 01bb 99010000 		.4byte	0x199
 584 01bf 04       		.uleb128 0x4
 585 01c0 00000000 		.4byte	.LASF27
 586 01c4 04       		.byte	0x4
 587 01c5 4C       		.byte	0x4c
 588 01c6 CA010000 		.4byte	0x1ca
 589 01ca 0E       		.uleb128 0xe
 590 01cb 00000000 		.4byte	.LASF27
 591 01cf 08       		.byte	0x8
 592 01d0 05       		.byte	0x5
 593 01d1 71       		.byte	0x71
 594 01d2 F3010000 		.4byte	0x1f3
 595 01d6 0F       		.uleb128 0xf
 596 01d7 4A000000 		.4byte	.LASF28
 597 01db 05       		.byte	0x5
 598 01dc 75       		.byte	0x75
 599 01dd B4010000 		.4byte	0x1b4
 600 01e1 02       		.byte	0x2
 601 01e2 23       		.byte	0x23
 602 01e3 00       		.uleb128 0
 603 01e4 0F       		.uleb128 0xf
 604 01e5 89010000 		.4byte	.LASF29
 605 01e9 05       		.byte	0x5
 606 01ea 79       		.byte	0x79
 607 01eb 87020000 		.4byte	0x287
 608 01ef 02       		.byte	0x2
 609 01f0 23       		.byte	0x23
 610 01f1 04       		.uleb128 0x4
 611 01f2 00       		.byte	0
 612 01f3 04       		.uleb128 0x4
 613 01f4 93000000 		.4byte	.LASF30
 614 01f8 05       		.byte	0x5
 615 01f9 47       		.byte	0x47
 616 01fa 65000000 		.4byte	0x65
 617 01fe 04       		.uleb128 0x4
 618 01ff B9000000 		.4byte	.LASF31
 619 0203 05       		.byte	0x5
 620 0204 4F       		.byte	0x4f
 621 0205 09020000 		.4byte	0x209
 622 0209 10       		.uleb128 0x10
 623 020a 04       		.byte	0x4
ARM GAS  /tmp/ccRU18dn.s 			page 12


 624 020b 0F020000 		.4byte	0x20f
 625 020f 11       		.uleb128 0x11
 626 0210 01       		.byte	0x1
 627 0211 20020000 		.4byte	0x220
 628 0215 12       		.uleb128 0x12
 629 0216 20020000 		.4byte	0x220
 630 021a 12       		.uleb128 0x12
 631 021b F3010000 		.4byte	0x1f3
 632 021f 00       		.byte	0
 633 0220 10       		.uleb128 0x10
 634 0221 04       		.byte	0x4
 635 0222 BF010000 		.4byte	0x1bf
 636 0226 13       		.uleb128 0x13
 637 0227 08       		.byte	0x8
 638 0228 05       		.byte	0x5
 639 0229 54       		.byte	0x54
 640 022a 4A020000 		.4byte	0x24a
 641 022e 0F       		.uleb128 0xf
 642 022f F0010000 		.4byte	.LASF32
 643 0233 05       		.byte	0x5
 644 0234 58       		.byte	0x58
 645 0235 65000000 		.4byte	0x65
 646 0239 02       		.byte	0x2
 647 023a 23       		.byte	0x23
 648 023b 00       		.uleb128 0
 649 023c 14       		.uleb128 0x14
 650 023d 636200   		.ascii	"cb\000"
 651 0240 05       		.byte	0x5
 652 0241 5F       		.byte	0x5f
 653 0242 FE010000 		.4byte	0x1fe
 654 0246 02       		.byte	0x2
 655 0247 23       		.byte	0x23
 656 0248 04       		.uleb128 0x4
 657 0249 00       		.byte	0
 658 024a 04       		.uleb128 0x4
 659 024b 5B000000 		.4byte	.LASF33
 660 024f 05       		.byte	0x5
 661 0250 60       		.byte	0x60
 662 0251 26020000 		.4byte	0x226
 663 0255 13       		.uleb128 0x13
 664 0256 B8       		.byte	0xb8
 665 0257 05       		.byte	0x5
 666 0258 66       		.byte	0x66
 667 0259 6C020000 		.4byte	0x26c
 668 025d 0F       		.uleb128 0xf
 669 025e 8A000000 		.4byte	.LASF34
 670 0262 05       		.byte	0x5
 671 0263 6A       		.byte	0x6a
 672 0264 6C020000 		.4byte	0x26c
 673 0268 02       		.byte	0x2
 674 0269 23       		.byte	0x23
 675 026a 00       		.uleb128 0
 676 026b 00       		.byte	0
 677 026c 06       		.uleb128 0x6
 678 026d 4A020000 		.4byte	0x24a
 679 0271 7C020000 		.4byte	0x27c
 680 0275 07       		.uleb128 0x7
ARM GAS  /tmp/ccRU18dn.s 			page 13


 681 0276 91000000 		.4byte	0x91
 682 027a 16       		.byte	0x16
 683 027b 00       		.byte	0
 684 027c 04       		.uleb128 0x4
 685 027d 90010000 		.4byte	.LASF35
 686 0281 05       		.byte	0x5
 687 0282 6C       		.byte	0x6c
 688 0283 55020000 		.4byte	0x255
 689 0287 10       		.uleb128 0x10
 690 0288 04       		.byte	0x4
 691 0289 8D020000 		.4byte	0x28d
 692 028d 15       		.uleb128 0x15
 693 028e 7C020000 		.4byte	0x27c
 694 0292 16       		.uleb128 0x16
 695 0293 01       		.byte	0x1
 696 0294 12000000 		.4byte	.LASF36
 697 0298 01       		.byte	0x1
 698 0299 42       		.byte	0x42
 699 029a 01       		.byte	0x1
 700 029b 00000000 		.4byte	.LFB118
 701 029f 0C000000 		.4byte	.LFE118
 702 02a3 02       		.byte	0x2
 703 02a4 7D       		.byte	0x7d
 704 02a5 00       		.sleb128 0
 705 02a6 01       		.byte	0x1
 706 02a7 C0020000 		.4byte	0x2c0
 707 02ab 17       		.uleb128 0x17
 708 02ac 0C000000 		.4byte	.LVL0
 709 02b0 01       		.byte	0x1
 710 02b1 18040000 		.4byte	0x418
 711 02b5 18       		.uleb128 0x18
 712 02b6 01       		.byte	0x1
 713 02b7 50       		.byte	0x50
 714 02b8 05       		.byte	0x5
 715 02b9 03       		.byte	0x3
 716 02ba 00000000 		.4byte	.LANCHOR0
 717 02be 00       		.byte	0
 718 02bf 00       		.byte	0
 719 02c0 19       		.uleb128 0x19
 720 02c1 01       		.byte	0x1
 721 02c2 BA010000 		.4byte	.LASF37
 722 02c6 01       		.byte	0x1
 723 02c7 64       		.byte	0x64
 724 02c8 01       		.byte	0x1
 725 02c9 00000000 		.4byte	.LFB120
 726 02cd 24000000 		.4byte	.LFE120
 727 02d1 00000000 		.4byte	.LLST0
 728 02d5 01       		.byte	0x1
 729 02d6 F3020000 		.4byte	0x2f3
 730 02da 1A       		.uleb128 0x1a
 731 02db E6010000 		.4byte	.LASF39
 732 02df 01       		.byte	0x1
 733 02e0 64       		.byte	0x64
 734 02e1 20020000 		.4byte	0x220
 735 02e5 20000000 		.4byte	.LLST1
 736 02e9 1B       		.uleb128 0x1b
 737 02ea 22000000 		.4byte	.LVL4
ARM GAS  /tmp/ccRU18dn.s 			page 14


 738 02ee 2C040000 		.4byte	0x42c
 739 02f2 00       		.byte	0
 740 02f3 19       		.uleb128 0x19
 741 02f4 01       		.byte	0x1
 742 02f5 A3010000 		.4byte	.LASF38
 743 02f9 01       		.byte	0x1
 744 02fa 79       		.byte	0x79
 745 02fb 01       		.byte	0x1
 746 02fc 00000000 		.4byte	.LFB121
 747 0300 BE000000 		.4byte	.LFE121
 748 0304 5A000000 		.4byte	.LLST2
 749 0308 01       		.byte	0x1
 750 0309 5D030000 		.4byte	0x35d
 751 030d 1A       		.uleb128 0x1a
 752 030e E6010000 		.4byte	.LASF39
 753 0312 01       		.byte	0x1
 754 0313 79       		.byte	0x79
 755 0314 20020000 		.4byte	0x220
 756 0318 7A000000 		.4byte	.LLST3
 757 031c 1A       		.uleb128 0x1a
 758 031d 0A000000 		.4byte	.LASF40
 759 0321 01       		.byte	0x1
 760 0322 79       		.byte	0x79
 761 0323 F3010000 		.4byte	0x1f3
 762 0327 9B000000 		.4byte	.LLST4
 763 032b 1C       		.uleb128 0x1c
 764 032c 5A000000 		.4byte	.LBB2
 765 0330 8C000000 		.4byte	.LBE2
 766 0334 1D       		.uleb128 0x1d
 767 0335 6E00     		.ascii	"n\000"
 768 0337 01       		.byte	0x1
 769 0338 AC       		.byte	0xac
 770 0339 65000000 		.4byte	0x65
 771 033d C7000000 		.4byte	.LLST5
 772 0341 1E       		.uleb128 0x1e
 773 0342 14020000 		.4byte	.LASF41
 774 0346 01       		.byte	0x1
 775 0347 AD       		.byte	0xad
 776 0348 65000000 		.4byte	0x65
 777 034c E7000000 		.4byte	.LLST6
 778 0350 1F       		.uleb128 0x1f
 779 0351 25020000 		.4byte	.LASF51
 780 0355 01       		.byte	0x1
 781 0356 AE       		.byte	0xae
 782 0357 65000000 		.4byte	0x65
 783 035b 00       		.byte	0
 784 035c 00       		.byte	0
 785 035d 16       		.uleb128 0x16
 786 035e 01       		.byte	0x1
 787 035f DF000000 		.4byte	.LASF42
 788 0363 01       		.byte	0x1
 789 0364 C3       		.byte	0xc3
 790 0365 01       		.byte	0x1
 791 0366 00000000 		.4byte	.LFB122
 792 036a 2C000000 		.4byte	.LFE122
 793 036e 02       		.byte	0x2
 794 036f 7D       		.byte	0x7d
ARM GAS  /tmp/ccRU18dn.s 			page 15


 795 0370 00       		.sleb128 0
 796 0371 01       		.byte	0x1
 797 0372 95030000 		.4byte	0x395
 798 0376 1A       		.uleb128 0x1a
 799 0377 E6010000 		.4byte	.LASF39
 800 037b 01       		.byte	0x1
 801 037c C3       		.byte	0xc3
 802 037d 20020000 		.4byte	0x220
 803 0381 14010000 		.4byte	.LLST7
 804 0385 1A       		.uleb128 0x1a
 805 0386 0A000000 		.4byte	.LASF40
 806 038a 01       		.byte	0x1
 807 038b C3       		.byte	0xc3
 808 038c F3010000 		.4byte	0x1f3
 809 0390 35010000 		.4byte	.LLST8
 810 0394 00       		.byte	0
 811 0395 19       		.uleb128 0x19
 812 0396 01       		.byte	0x1
 813 0397 86020000 		.4byte	.LASF43
 814 039b 01       		.byte	0x1
 815 039c 4F       		.byte	0x4f
 816 039d 01       		.byte	0x1
 817 039e 00000000 		.4byte	.LFB119
 818 03a2 3A000000 		.4byte	.LFE119
 819 03a6 56010000 		.4byte	.LLST9
 820 03aa 01       		.byte	0x1
 821 03ab F8030000 		.4byte	0x3f8
 822 03af 1A       		.uleb128 0x1a
 823 03b0 E6010000 		.4byte	.LASF39
 824 03b4 01       		.byte	0x1
 825 03b5 4F       		.byte	0x4f
 826 03b6 20020000 		.4byte	0x220
 827 03ba 76010000 		.4byte	.LLST10
 828 03be 1D       		.uleb128 0x1d
 829 03bf 6900     		.ascii	"i\000"
 830 03c1 01       		.byte	0x1
 831 03c2 50       		.byte	0x50
 832 03c3 30000000 		.4byte	0x30
 833 03c7 D6010000 		.4byte	.LLST11
 834 03cb 1B       		.uleb128 0x1b
 835 03cc 14000000 		.4byte	.LVL20
 836 03d0 F3020000 		.4byte	0x2f3
 837 03d4 20       		.uleb128 0x20
 838 03d5 2E000000 		.4byte	.LVL23
 839 03d9 5D030000 		.4byte	0x35d
 840 03dd EE030000 		.4byte	0x3ee
 841 03e1 18       		.uleb128 0x18
 842 03e2 01       		.byte	0x1
 843 03e3 51       		.byte	0x51
 844 03e4 02       		.byte	0x2
 845 03e5 74       		.byte	0x74
 846 03e6 7F       		.sleb128 -1
 847 03e7 18       		.uleb128 0x18
 848 03e8 01       		.byte	0x1
 849 03e9 50       		.byte	0x50
 850 03ea 02       		.byte	0x2
 851 03eb 75       		.byte	0x75
ARM GAS  /tmp/ccRU18dn.s 			page 16


 852 03ec 00       		.sleb128 0
 853 03ed 00       		.byte	0
 854 03ee 1B       		.uleb128 0x1b
 855 03ef 38000000 		.4byte	.LVL25
 856 03f3 36040000 		.4byte	0x436
 857 03f7 00       		.byte	0
 858 03f8 21       		.uleb128 0x21
 859 03f9 77010000 		.4byte	.LASF44
 860 03fd 06       		.byte	0x6
 861 03fe 9806     		.2byte	0x698
 862 0400 BF000000 		.4byte	0xbf
 863 0404 01       		.byte	0x1
 864 0405 01       		.byte	0x1
 865 0406 22       		.uleb128 0x22
 866 0407 2A020000 		.4byte	.LASF45
 867 040b 01       		.byte	0x1
 868 040c 2B       		.byte	0x2b
 869 040d BF010000 		.4byte	0x1bf
 870 0411 01       		.byte	0x1
 871 0412 05       		.byte	0x5
 872 0413 03       		.byte	0x3
 873 0414 00000000 		.4byte	EXTD1
 874 0418 23       		.uleb128 0x23
 875 0419 01       		.byte	0x1
 876 041a 49020000 		.4byte	.LASF52
 877 041e 04       		.byte	0x4
 878 041f 8A       		.byte	0x8a
 879 0420 01       		.byte	0x1
 880 0421 01       		.byte	0x1
 881 0422 2C040000 		.4byte	0x42c
 882 0426 12       		.uleb128 0x12
 883 0427 20020000 		.4byte	0x220
 884 042b 00       		.byte	0
 885 042c 24       		.uleb128 0x24
 886 042d 01       		.byte	0x1
 887 042e A0000000 		.4byte	.LASF46
 888 0432 07       		.byte	0x7
 889 0433 A1       		.byte	0xa1
 890 0434 01       		.byte	0x1
 891 0435 01       		.byte	0x1
 892 0436 24       		.uleb128 0x24
 893 0437 01       		.byte	0x1
 894 0438 C7000000 		.4byte	.LASF47
 895 043c 07       		.byte	0x7
 896 043d A0       		.byte	0xa0
 897 043e 01       		.byte	0x1
 898 043f 01       		.byte	0x1
 899 0440 00       		.byte	0
 900              		.section	.debug_abbrev,"",%progbits
 901              	.Ldebug_abbrev0:
 902 0000 01       		.uleb128 0x1
 903 0001 11       		.uleb128 0x11
 904 0002 01       		.byte	0x1
 905 0003 25       		.uleb128 0x25
 906 0004 0E       		.uleb128 0xe
 907 0005 13       		.uleb128 0x13
 908 0006 0B       		.uleb128 0xb
ARM GAS  /tmp/ccRU18dn.s 			page 17


 909 0007 03       		.uleb128 0x3
 910 0008 0E       		.uleb128 0xe
 911 0009 1B       		.uleb128 0x1b
 912 000a 0E       		.uleb128 0xe
 913 000b 55       		.uleb128 0x55
 914 000c 06       		.uleb128 0x6
 915 000d 11       		.uleb128 0x11
 916 000e 01       		.uleb128 0x1
 917 000f 52       		.uleb128 0x52
 918 0010 01       		.uleb128 0x1
 919 0011 10       		.uleb128 0x10
 920 0012 06       		.uleb128 0x6
 921 0013 00       		.byte	0
 922 0014 00       		.byte	0
 923 0015 02       		.uleb128 0x2
 924 0016 24       		.uleb128 0x24
 925 0017 00       		.byte	0
 926 0018 0B       		.uleb128 0xb
 927 0019 0B       		.uleb128 0xb
 928 001a 3E       		.uleb128 0x3e
 929 001b 0B       		.uleb128 0xb
 930 001c 03       		.uleb128 0x3
 931 001d 08       		.uleb128 0x8
 932 001e 00       		.byte	0
 933 001f 00       		.byte	0
 934 0020 03       		.uleb128 0x3
 935 0021 24       		.uleb128 0x24
 936 0022 00       		.byte	0
 937 0023 0B       		.uleb128 0xb
 938 0024 0B       		.uleb128 0xb
 939 0025 3E       		.uleb128 0x3e
 940 0026 0B       		.uleb128 0xb
 941 0027 03       		.uleb128 0x3
 942 0028 0E       		.uleb128 0xe
 943 0029 00       		.byte	0
 944 002a 00       		.byte	0
 945 002b 04       		.uleb128 0x4
 946 002c 16       		.uleb128 0x16
 947 002d 00       		.byte	0
 948 002e 03       		.uleb128 0x3
 949 002f 0E       		.uleb128 0xe
 950 0030 3A       		.uleb128 0x3a
 951 0031 0B       		.uleb128 0xb
 952 0032 3B       		.uleb128 0x3b
 953 0033 0B       		.uleb128 0xb
 954 0034 49       		.uleb128 0x49
 955 0035 13       		.uleb128 0x13
 956 0036 00       		.byte	0
 957 0037 00       		.byte	0
 958 0038 05       		.uleb128 0x5
 959 0039 35       		.uleb128 0x35
 960 003a 00       		.byte	0
 961 003b 49       		.uleb128 0x49
 962 003c 13       		.uleb128 0x13
 963 003d 00       		.byte	0
 964 003e 00       		.byte	0
 965 003f 06       		.uleb128 0x6
ARM GAS  /tmp/ccRU18dn.s 			page 18


 966 0040 01       		.uleb128 0x1
 967 0041 01       		.byte	0x1
 968 0042 49       		.uleb128 0x49
 969 0043 13       		.uleb128 0x13
 970 0044 01       		.uleb128 0x1
 971 0045 13       		.uleb128 0x13
 972 0046 00       		.byte	0
 973 0047 00       		.byte	0
 974 0048 07       		.uleb128 0x7
 975 0049 21       		.uleb128 0x21
 976 004a 00       		.byte	0
 977 004b 49       		.uleb128 0x49
 978 004c 13       		.uleb128 0x13
 979 004d 2F       		.uleb128 0x2f
 980 004e 0B       		.uleb128 0xb
 981 004f 00       		.byte	0
 982 0050 00       		.byte	0
 983 0051 08       		.uleb128 0x8
 984 0052 13       		.uleb128 0x13
 985 0053 01       		.byte	0x1
 986 0054 0B       		.uleb128 0xb
 987 0055 0B       		.uleb128 0xb
 988 0056 3A       		.uleb128 0x3a
 989 0057 0B       		.uleb128 0xb
 990 0058 3B       		.uleb128 0x3b
 991 0059 05       		.uleb128 0x5
 992 005a 01       		.uleb128 0x1
 993 005b 13       		.uleb128 0x13
 994 005c 00       		.byte	0
 995 005d 00       		.byte	0
 996 005e 09       		.uleb128 0x9
 997 005f 0D       		.uleb128 0xd
 998 0060 00       		.byte	0
 999 0061 03       		.uleb128 0x3
 1000 0062 08       		.uleb128 0x8
 1001 0063 3A       		.uleb128 0x3a
 1002 0064 0B       		.uleb128 0xb
 1003 0065 3B       		.uleb128 0x3b
 1004 0066 05       		.uleb128 0x5
 1005 0067 49       		.uleb128 0x49
 1006 0068 13       		.uleb128 0x13
 1007 0069 38       		.uleb128 0x38
 1008 006a 0A       		.uleb128 0xa
 1009 006b 00       		.byte	0
 1010 006c 00       		.byte	0
 1011 006d 0A       		.uleb128 0xa
 1012 006e 0D       		.uleb128 0xd
 1013 006f 00       		.byte	0
 1014 0070 03       		.uleb128 0x3
 1015 0071 0E       		.uleb128 0xe
 1016 0072 3A       		.uleb128 0x3a
 1017 0073 0B       		.uleb128 0xb
 1018 0074 3B       		.uleb128 0x3b
 1019 0075 05       		.uleb128 0x5
 1020 0076 49       		.uleb128 0x49
 1021 0077 13       		.uleb128 0x13
 1022 0078 38       		.uleb128 0x38
ARM GAS  /tmp/ccRU18dn.s 			page 19


 1023 0079 0A       		.uleb128 0xa
 1024 007a 00       		.byte	0
 1025 007b 00       		.byte	0
 1026 007c 0B       		.uleb128 0xb
 1027 007d 16       		.uleb128 0x16
 1028 007e 00       		.byte	0
 1029 007f 03       		.uleb128 0x3
 1030 0080 0E       		.uleb128 0xe
 1031 0081 3A       		.uleb128 0x3a
 1032 0082 0B       		.uleb128 0xb
 1033 0083 3B       		.uleb128 0x3b
 1034 0084 05       		.uleb128 0x5
 1035 0085 49       		.uleb128 0x49
 1036 0086 13       		.uleb128 0x13
 1037 0087 00       		.byte	0
 1038 0088 00       		.byte	0
 1039 0089 0C       		.uleb128 0xc
 1040 008a 04       		.uleb128 0x4
 1041 008b 01       		.byte	0x1
 1042 008c 0B       		.uleb128 0xb
 1043 008d 0B       		.uleb128 0xb
 1044 008e 3A       		.uleb128 0x3a
 1045 008f 0B       		.uleb128 0xb
 1046 0090 3B       		.uleb128 0x3b
 1047 0091 0B       		.uleb128 0xb
 1048 0092 01       		.uleb128 0x1
 1049 0093 13       		.uleb128 0x13
 1050 0094 00       		.byte	0
 1051 0095 00       		.byte	0
 1052 0096 0D       		.uleb128 0xd
 1053 0097 28       		.uleb128 0x28
 1054 0098 00       		.byte	0
 1055 0099 03       		.uleb128 0x3
 1056 009a 0E       		.uleb128 0xe
 1057 009b 1C       		.uleb128 0x1c
 1058 009c 0D       		.uleb128 0xd
 1059 009d 00       		.byte	0
 1060 009e 00       		.byte	0
 1061 009f 0E       		.uleb128 0xe
 1062 00a0 13       		.uleb128 0x13
 1063 00a1 01       		.byte	0x1
 1064 00a2 03       		.uleb128 0x3
 1065 00a3 0E       		.uleb128 0xe
 1066 00a4 0B       		.uleb128 0xb
 1067 00a5 0B       		.uleb128 0xb
 1068 00a6 3A       		.uleb128 0x3a
 1069 00a7 0B       		.uleb128 0xb
 1070 00a8 3B       		.uleb128 0x3b
 1071 00a9 0B       		.uleb128 0xb
 1072 00aa 01       		.uleb128 0x1
 1073 00ab 13       		.uleb128 0x13
 1074 00ac 00       		.byte	0
 1075 00ad 00       		.byte	0
 1076 00ae 0F       		.uleb128 0xf
 1077 00af 0D       		.uleb128 0xd
 1078 00b0 00       		.byte	0
 1079 00b1 03       		.uleb128 0x3
ARM GAS  /tmp/ccRU18dn.s 			page 20


 1080 00b2 0E       		.uleb128 0xe
 1081 00b3 3A       		.uleb128 0x3a
 1082 00b4 0B       		.uleb128 0xb
 1083 00b5 3B       		.uleb128 0x3b
 1084 00b6 0B       		.uleb128 0xb
 1085 00b7 49       		.uleb128 0x49
 1086 00b8 13       		.uleb128 0x13
 1087 00b9 38       		.uleb128 0x38
 1088 00ba 0A       		.uleb128 0xa
 1089 00bb 00       		.byte	0
 1090 00bc 00       		.byte	0
 1091 00bd 10       		.uleb128 0x10
 1092 00be 0F       		.uleb128 0xf
 1093 00bf 00       		.byte	0
 1094 00c0 0B       		.uleb128 0xb
 1095 00c1 0B       		.uleb128 0xb
 1096 00c2 49       		.uleb128 0x49
 1097 00c3 13       		.uleb128 0x13
 1098 00c4 00       		.byte	0
 1099 00c5 00       		.byte	0
 1100 00c6 11       		.uleb128 0x11
 1101 00c7 15       		.uleb128 0x15
 1102 00c8 01       		.byte	0x1
 1103 00c9 27       		.uleb128 0x27
 1104 00ca 0C       		.uleb128 0xc
 1105 00cb 01       		.uleb128 0x1
 1106 00cc 13       		.uleb128 0x13
 1107 00cd 00       		.byte	0
 1108 00ce 00       		.byte	0
 1109 00cf 12       		.uleb128 0x12
 1110 00d0 05       		.uleb128 0x5
 1111 00d1 00       		.byte	0
 1112 00d2 49       		.uleb128 0x49
 1113 00d3 13       		.uleb128 0x13
 1114 00d4 00       		.byte	0
 1115 00d5 00       		.byte	0
 1116 00d6 13       		.uleb128 0x13
 1117 00d7 13       		.uleb128 0x13
 1118 00d8 01       		.byte	0x1
 1119 00d9 0B       		.uleb128 0xb
 1120 00da 0B       		.uleb128 0xb
 1121 00db 3A       		.uleb128 0x3a
 1122 00dc 0B       		.uleb128 0xb
 1123 00dd 3B       		.uleb128 0x3b
 1124 00de 0B       		.uleb128 0xb
 1125 00df 01       		.uleb128 0x1
 1126 00e0 13       		.uleb128 0x13
 1127 00e1 00       		.byte	0
 1128 00e2 00       		.byte	0
 1129 00e3 14       		.uleb128 0x14
 1130 00e4 0D       		.uleb128 0xd
 1131 00e5 00       		.byte	0
 1132 00e6 03       		.uleb128 0x3
 1133 00e7 08       		.uleb128 0x8
 1134 00e8 3A       		.uleb128 0x3a
 1135 00e9 0B       		.uleb128 0xb
 1136 00ea 3B       		.uleb128 0x3b
ARM GAS  /tmp/ccRU18dn.s 			page 21


 1137 00eb 0B       		.uleb128 0xb
 1138 00ec 49       		.uleb128 0x49
 1139 00ed 13       		.uleb128 0x13
 1140 00ee 38       		.uleb128 0x38
 1141 00ef 0A       		.uleb128 0xa
 1142 00f0 00       		.byte	0
 1143 00f1 00       		.byte	0
 1144 00f2 15       		.uleb128 0x15
 1145 00f3 26       		.uleb128 0x26
 1146 00f4 00       		.byte	0
 1147 00f5 49       		.uleb128 0x49
 1148 00f6 13       		.uleb128 0x13
 1149 00f7 00       		.byte	0
 1150 00f8 00       		.byte	0
 1151 00f9 16       		.uleb128 0x16
 1152 00fa 2E       		.uleb128 0x2e
 1153 00fb 01       		.byte	0x1
 1154 00fc 3F       		.uleb128 0x3f
 1155 00fd 0C       		.uleb128 0xc
 1156 00fe 03       		.uleb128 0x3
 1157 00ff 0E       		.uleb128 0xe
 1158 0100 3A       		.uleb128 0x3a
 1159 0101 0B       		.uleb128 0xb
 1160 0102 3B       		.uleb128 0x3b
 1161 0103 0B       		.uleb128 0xb
 1162 0104 27       		.uleb128 0x27
 1163 0105 0C       		.uleb128 0xc
 1164 0106 11       		.uleb128 0x11
 1165 0107 01       		.uleb128 0x1
 1166 0108 12       		.uleb128 0x12
 1167 0109 01       		.uleb128 0x1
 1168 010a 40       		.uleb128 0x40
 1169 010b 0A       		.uleb128 0xa
 1170 010c 9742     		.uleb128 0x2117
 1171 010e 0C       		.uleb128 0xc
 1172 010f 01       		.uleb128 0x1
 1173 0110 13       		.uleb128 0x13
 1174 0111 00       		.byte	0
 1175 0112 00       		.byte	0
 1176 0113 17       		.uleb128 0x17
 1177 0114 898201   		.uleb128 0x4109
 1178 0117 01       		.byte	0x1
 1179 0118 11       		.uleb128 0x11
 1180 0119 01       		.uleb128 0x1
 1181 011a 9542     		.uleb128 0x2115
 1182 011c 0C       		.uleb128 0xc
 1183 011d 31       		.uleb128 0x31
 1184 011e 13       		.uleb128 0x13
 1185 011f 00       		.byte	0
 1186 0120 00       		.byte	0
 1187 0121 18       		.uleb128 0x18
 1188 0122 8A8201   		.uleb128 0x410a
 1189 0125 00       		.byte	0
 1190 0126 02       		.uleb128 0x2
 1191 0127 0A       		.uleb128 0xa
 1192 0128 9142     		.uleb128 0x2111
 1193 012a 0A       		.uleb128 0xa
ARM GAS  /tmp/ccRU18dn.s 			page 22


 1194 012b 00       		.byte	0
 1195 012c 00       		.byte	0
 1196 012d 19       		.uleb128 0x19
 1197 012e 2E       		.uleb128 0x2e
 1198 012f 01       		.byte	0x1
 1199 0130 3F       		.uleb128 0x3f
 1200 0131 0C       		.uleb128 0xc
 1201 0132 03       		.uleb128 0x3
 1202 0133 0E       		.uleb128 0xe
 1203 0134 3A       		.uleb128 0x3a
 1204 0135 0B       		.uleb128 0xb
 1205 0136 3B       		.uleb128 0x3b
 1206 0137 0B       		.uleb128 0xb
 1207 0138 27       		.uleb128 0x27
 1208 0139 0C       		.uleb128 0xc
 1209 013a 11       		.uleb128 0x11
 1210 013b 01       		.uleb128 0x1
 1211 013c 12       		.uleb128 0x12
 1212 013d 01       		.uleb128 0x1
 1213 013e 40       		.uleb128 0x40
 1214 013f 06       		.uleb128 0x6
 1215 0140 9742     		.uleb128 0x2117
 1216 0142 0C       		.uleb128 0xc
 1217 0143 01       		.uleb128 0x1
 1218 0144 13       		.uleb128 0x13
 1219 0145 00       		.byte	0
 1220 0146 00       		.byte	0
 1221 0147 1A       		.uleb128 0x1a
 1222 0148 05       		.uleb128 0x5
 1223 0149 00       		.byte	0
 1224 014a 03       		.uleb128 0x3
 1225 014b 0E       		.uleb128 0xe
 1226 014c 3A       		.uleb128 0x3a
 1227 014d 0B       		.uleb128 0xb
 1228 014e 3B       		.uleb128 0x3b
 1229 014f 0B       		.uleb128 0xb
 1230 0150 49       		.uleb128 0x49
 1231 0151 13       		.uleb128 0x13
 1232 0152 02       		.uleb128 0x2
 1233 0153 06       		.uleb128 0x6
 1234 0154 00       		.byte	0
 1235 0155 00       		.byte	0
 1236 0156 1B       		.uleb128 0x1b
 1237 0157 898201   		.uleb128 0x4109
 1238 015a 00       		.byte	0
 1239 015b 11       		.uleb128 0x11
 1240 015c 01       		.uleb128 0x1
 1241 015d 31       		.uleb128 0x31
 1242 015e 13       		.uleb128 0x13
 1243 015f 00       		.byte	0
 1244 0160 00       		.byte	0
 1245 0161 1C       		.uleb128 0x1c
 1246 0162 0B       		.uleb128 0xb
 1247 0163 01       		.byte	0x1
 1248 0164 11       		.uleb128 0x11
 1249 0165 01       		.uleb128 0x1
 1250 0166 12       		.uleb128 0x12
ARM GAS  /tmp/ccRU18dn.s 			page 23


 1251 0167 01       		.uleb128 0x1
 1252 0168 00       		.byte	0
 1253 0169 00       		.byte	0
 1254 016a 1D       		.uleb128 0x1d
 1255 016b 34       		.uleb128 0x34
 1256 016c 00       		.byte	0
 1257 016d 03       		.uleb128 0x3
 1258 016e 08       		.uleb128 0x8
 1259 016f 3A       		.uleb128 0x3a
 1260 0170 0B       		.uleb128 0xb
 1261 0171 3B       		.uleb128 0x3b
 1262 0172 0B       		.uleb128 0xb
 1263 0173 49       		.uleb128 0x49
 1264 0174 13       		.uleb128 0x13
 1265 0175 02       		.uleb128 0x2
 1266 0176 06       		.uleb128 0x6
 1267 0177 00       		.byte	0
 1268 0178 00       		.byte	0
 1269 0179 1E       		.uleb128 0x1e
 1270 017a 34       		.uleb128 0x34
 1271 017b 00       		.byte	0
 1272 017c 03       		.uleb128 0x3
 1273 017d 0E       		.uleb128 0xe
 1274 017e 3A       		.uleb128 0x3a
 1275 017f 0B       		.uleb128 0xb
 1276 0180 3B       		.uleb128 0x3b
 1277 0181 0B       		.uleb128 0xb
 1278 0182 49       		.uleb128 0x49
 1279 0183 13       		.uleb128 0x13
 1280 0184 02       		.uleb128 0x2
 1281 0185 06       		.uleb128 0x6
 1282 0186 00       		.byte	0
 1283 0187 00       		.byte	0
 1284 0188 1F       		.uleb128 0x1f
 1285 0189 34       		.uleb128 0x34
 1286 018a 00       		.byte	0
 1287 018b 03       		.uleb128 0x3
 1288 018c 0E       		.uleb128 0xe
 1289 018d 3A       		.uleb128 0x3a
 1290 018e 0B       		.uleb128 0xb
 1291 018f 3B       		.uleb128 0x3b
 1292 0190 0B       		.uleb128 0xb
 1293 0191 49       		.uleb128 0x49
 1294 0192 13       		.uleb128 0x13
 1295 0193 00       		.byte	0
 1296 0194 00       		.byte	0
 1297 0195 20       		.uleb128 0x20
 1298 0196 898201   		.uleb128 0x4109
 1299 0199 01       		.byte	0x1
 1300 019a 11       		.uleb128 0x11
 1301 019b 01       		.uleb128 0x1
 1302 019c 31       		.uleb128 0x31
 1303 019d 13       		.uleb128 0x13
 1304 019e 01       		.uleb128 0x1
 1305 019f 13       		.uleb128 0x13
 1306 01a0 00       		.byte	0
 1307 01a1 00       		.byte	0
ARM GAS  /tmp/ccRU18dn.s 			page 24


 1308 01a2 21       		.uleb128 0x21
 1309 01a3 34       		.uleb128 0x34
 1310 01a4 00       		.byte	0
 1311 01a5 03       		.uleb128 0x3
 1312 01a6 0E       		.uleb128 0xe
 1313 01a7 3A       		.uleb128 0x3a
 1314 01a8 0B       		.uleb128 0xb
 1315 01a9 3B       		.uleb128 0x3b
 1316 01aa 05       		.uleb128 0x5
 1317 01ab 49       		.uleb128 0x49
 1318 01ac 13       		.uleb128 0x13
 1319 01ad 3F       		.uleb128 0x3f
 1320 01ae 0C       		.uleb128 0xc
 1321 01af 3C       		.uleb128 0x3c
 1322 01b0 0C       		.uleb128 0xc
 1323 01b1 00       		.byte	0
 1324 01b2 00       		.byte	0
 1325 01b3 22       		.uleb128 0x22
 1326 01b4 34       		.uleb128 0x34
 1327 01b5 00       		.byte	0
 1328 01b6 03       		.uleb128 0x3
 1329 01b7 0E       		.uleb128 0xe
 1330 01b8 3A       		.uleb128 0x3a
 1331 01b9 0B       		.uleb128 0xb
 1332 01ba 3B       		.uleb128 0x3b
 1333 01bb 0B       		.uleb128 0xb
 1334 01bc 49       		.uleb128 0x49
 1335 01bd 13       		.uleb128 0x13
 1336 01be 3F       		.uleb128 0x3f
 1337 01bf 0C       		.uleb128 0xc
 1338 01c0 02       		.uleb128 0x2
 1339 01c1 0A       		.uleb128 0xa
 1340 01c2 00       		.byte	0
 1341 01c3 00       		.byte	0
 1342 01c4 23       		.uleb128 0x23
 1343 01c5 2E       		.uleb128 0x2e
 1344 01c6 01       		.byte	0x1
 1345 01c7 3F       		.uleb128 0x3f
 1346 01c8 0C       		.uleb128 0xc
 1347 01c9 03       		.uleb128 0x3
 1348 01ca 0E       		.uleb128 0xe
 1349 01cb 3A       		.uleb128 0x3a
 1350 01cc 0B       		.uleb128 0xb
 1351 01cd 3B       		.uleb128 0x3b
 1352 01ce 0B       		.uleb128 0xb
 1353 01cf 27       		.uleb128 0x27
 1354 01d0 0C       		.uleb128 0xc
 1355 01d1 3C       		.uleb128 0x3c
 1356 01d2 0C       		.uleb128 0xc
 1357 01d3 01       		.uleb128 0x1
 1358 01d4 13       		.uleb128 0x13
 1359 01d5 00       		.byte	0
 1360 01d6 00       		.byte	0
 1361 01d7 24       		.uleb128 0x24
 1362 01d8 2E       		.uleb128 0x2e
 1363 01d9 00       		.byte	0
 1364 01da 3F       		.uleb128 0x3f
ARM GAS  /tmp/ccRU18dn.s 			page 25


 1365 01db 0C       		.uleb128 0xc
 1366 01dc 03       		.uleb128 0x3
 1367 01dd 0E       		.uleb128 0xe
 1368 01de 3A       		.uleb128 0x3a
 1369 01df 0B       		.uleb128 0xb
 1370 01e0 3B       		.uleb128 0x3b
 1371 01e1 0B       		.uleb128 0xb
 1372 01e2 27       		.uleb128 0x27
 1373 01e3 0C       		.uleb128 0xc
 1374 01e4 3C       		.uleb128 0x3c
 1375 01e5 0C       		.uleb128 0xc
 1376 01e6 00       		.byte	0
 1377 01e7 00       		.byte	0
 1378 01e8 00       		.byte	0
 1379              		.section	.debug_loc,"",%progbits
 1380              	.Ldebug_loc0:
 1381              	.LLST0:
 1382 0000 00000000 		.4byte	.LFB120
 1383 0004 02000000 		.4byte	.LCFI0
 1384 0008 0200     		.2byte	0x2
 1385 000a 7D       		.byte	0x7d
 1386 000b 00       		.sleb128 0
 1387 000c 02000000 		.4byte	.LCFI0
 1388 0010 24000000 		.4byte	.LFE120
 1389 0014 0200     		.2byte	0x2
 1390 0016 7D       		.byte	0x7d
 1391 0017 08       		.sleb128 8
 1392 0018 00000000 		.4byte	0
 1393 001c 00000000 		.4byte	0
 1394              	.LLST1:
 1395 0020 00000000 		.4byte	.LVL1
 1396 0024 08000000 		.4byte	.LVL2
 1397 0028 0100     		.2byte	0x1
 1398 002a 50       		.byte	0x50
 1399 002b 08000000 		.4byte	.LVL2
 1400 002f 1E000000 		.4byte	.LVL3
 1401 0033 0400     		.2byte	0x4
 1402 0035 F3       		.byte	0xf3
 1403 0036 01       		.uleb128 0x1
 1404 0037 50       		.byte	0x50
 1405 0038 9F       		.byte	0x9f
 1406 0039 1E000000 		.4byte	.LVL3
 1407 003d 21000000 		.4byte	.LVL4-1
 1408 0041 0100     		.2byte	0x1
 1409 0043 50       		.byte	0x50
 1410 0044 21000000 		.4byte	.LVL4-1
 1411 0048 24000000 		.4byte	.LFE120
 1412 004c 0400     		.2byte	0x4
 1413 004e F3       		.byte	0xf3
 1414 004f 01       		.uleb128 0x1
 1415 0050 50       		.byte	0x50
 1416 0051 9F       		.byte	0x9f
 1417 0052 00000000 		.4byte	0
 1418 0056 00000000 		.4byte	0
 1419              	.LLST2:
 1420 005a 00000000 		.4byte	.LFB121
 1421 005e 0A000000 		.4byte	.LCFI1
ARM GAS  /tmp/ccRU18dn.s 			page 26


 1422 0062 0200     		.2byte	0x2
 1423 0064 7D       		.byte	0x7d
 1424 0065 00       		.sleb128 0
 1425 0066 0A000000 		.4byte	.LCFI1
 1426 006a BE000000 		.4byte	.LFE121
 1427 006e 0200     		.2byte	0x2
 1428 0070 7D       		.byte	0x7d
 1429 0071 0C       		.sleb128 12
 1430 0072 00000000 		.4byte	0
 1431 0076 00000000 		.4byte	0
 1432              	.LLST3:
 1433 007a 00000000 		.4byte	.LVL5
 1434 007e 08000000 		.4byte	.LVL6
 1435 0082 0100     		.2byte	0x1
 1436 0084 50       		.byte	0x50
 1437 0085 08000000 		.4byte	.LVL6
 1438 0089 BE000000 		.4byte	.LFE121
 1439 008d 0400     		.2byte	0x4
 1440 008f F3       		.byte	0xf3
 1441 0090 01       		.uleb128 0x1
 1442 0091 50       		.byte	0x50
 1443 0092 9F       		.byte	0x9f
 1444 0093 00000000 		.4byte	0
 1445 0097 00000000 		.4byte	0
 1446              	.LLST4:
 1447 009b 00000000 		.4byte	.LVL5
 1448 009f 72000000 		.4byte	.LVL9
 1449 00a3 0100     		.2byte	0x1
 1450 00a5 51       		.byte	0x51
 1451 00a6 72000000 		.4byte	.LVL9
 1452 00aa 90000000 		.4byte	.LVL13
 1453 00ae 0400     		.2byte	0x4
 1454 00b0 F3       		.byte	0xf3
 1455 00b1 01       		.uleb128 0x1
 1456 00b2 51       		.byte	0x51
 1457 00b3 9F       		.byte	0x9f
 1458 00b4 90000000 		.4byte	.LVL13
 1459 00b8 BE000000 		.4byte	.LFE121
 1460 00bc 0100     		.2byte	0x1
 1461 00be 51       		.byte	0x51
 1462 00bf 00000000 		.4byte	0
 1463 00c3 00000000 		.4byte	0
 1464              	.LLST5:
 1465 00c7 5C000000 		.4byte	.LVL7
 1466 00cb 66000000 		.4byte	.LVL8
 1467 00cf 0100     		.2byte	0x1
 1468 00d1 50       		.byte	0x50
 1469 00d2 66000000 		.4byte	.LVL8
 1470 00d6 8C000000 		.4byte	.LVL12
 1471 00da 0300     		.2byte	0x3
 1472 00dc 70       		.byte	0x70
 1473 00dd 7E       		.sleb128 -2
 1474 00de 9F       		.byte	0x9f
 1475 00df 00000000 		.4byte	0
 1476 00e3 00000000 		.4byte	0
 1477              	.LLST6:
 1478 00e7 74000000 		.4byte	.LVL10
ARM GAS  /tmp/ccRU18dn.s 			page 27


 1479 00eb 86000000 		.4byte	.LVL11
 1480 00ef 0600     		.2byte	0x6
 1481 00f1 3F       		.byte	0x3f
 1482 00f2 71       		.byte	0x71
 1483 00f3 00       		.sleb128 0
 1484 00f4 24       		.byte	0x24
 1485 00f5 20       		.byte	0x20
 1486 00f6 9F       		.byte	0x9f
 1487 00f7 86000000 		.4byte	.LVL11
 1488 00fb 8C000000 		.4byte	.LVL12
 1489 00ff 0B00     		.2byte	0xb
 1490 0101 3F       		.byte	0x3f
 1491 0102 F3       		.byte	0xf3
 1492 0103 01       		.uleb128 0x1
 1493 0104 51       		.byte	0x51
 1494 0105 33       		.byte	0x33
 1495 0106 1A       		.byte	0x1a
 1496 0107 32       		.byte	0x32
 1497 0108 24       		.byte	0x24
 1498 0109 24       		.byte	0x24
 1499 010a 20       		.byte	0x20
 1500 010b 9F       		.byte	0x9f
 1501 010c 00000000 		.4byte	0
 1502 0110 00000000 		.4byte	0
 1503              	.LLST7:
 1504 0114 00000000 		.4byte	.LVL14
 1505 0118 0C000000 		.4byte	.LVL15
 1506 011c 0100     		.2byte	0x1
 1507 011e 50       		.byte	0x50
 1508 011f 0C000000 		.4byte	.LVL15
 1509 0123 2C000000 		.4byte	.LFE122
 1510 0127 0400     		.2byte	0x4
 1511 0129 F3       		.byte	0xf3
 1512 012a 01       		.uleb128 0x1
 1513 012b 50       		.byte	0x50
 1514 012c 9F       		.byte	0x9f
 1515 012d 00000000 		.4byte	0
 1516 0131 00000000 		.4byte	0
 1517              	.LLST8:
 1518 0135 00000000 		.4byte	.LVL14
 1519 0139 10000000 		.4byte	.LVL16
 1520 013d 0100     		.2byte	0x1
 1521 013f 51       		.byte	0x51
 1522 0140 10000000 		.4byte	.LVL16
 1523 0144 2C000000 		.4byte	.LFE122
 1524 0148 0400     		.2byte	0x4
 1525 014a F3       		.byte	0xf3
 1526 014b 01       		.uleb128 0x1
 1527 014c 51       		.byte	0x51
 1528 014d 9F       		.byte	0x9f
 1529 014e 00000000 		.4byte	0
 1530 0152 00000000 		.4byte	0
 1531              	.LLST9:
 1532 0156 00000000 		.4byte	.LFB119
 1533 015a 02000000 		.4byte	.LCFI2
 1534 015e 0200     		.2byte	0x2
 1535 0160 7D       		.byte	0x7d
ARM GAS  /tmp/ccRU18dn.s 			page 28


 1536 0161 00       		.sleb128 0
 1537 0162 02000000 		.4byte	.LCFI2
 1538 0166 3A000000 		.4byte	.LFE119
 1539 016a 0200     		.2byte	0x2
 1540 016c 7D       		.byte	0x7d
 1541 016d 10       		.sleb128 16
 1542 016e 00000000 		.4byte	0
 1543 0172 00000000 		.4byte	0
 1544              	.LLST10:
 1545 0176 00000000 		.4byte	.LVL17
 1546 017a 0A000000 		.4byte	.LVL18
 1547 017e 0100     		.2byte	0x1
 1548 0180 50       		.byte	0x50
 1549 0181 0A000000 		.4byte	.LVL18
 1550 0185 0E000000 		.4byte	.LVL19
 1551 0189 0100     		.2byte	0x1
 1552 018b 55       		.byte	0x55
 1553 018c 0E000000 		.4byte	.LVL19
 1554 0190 13000000 		.4byte	.LVL20-1
 1555 0194 0100     		.2byte	0x1
 1556 0196 50       		.byte	0x50
 1557 0197 13000000 		.4byte	.LVL20-1
 1558 019b 28000000 		.4byte	.LVL22
 1559 019f 0100     		.2byte	0x1
 1560 01a1 55       		.byte	0x55
 1561 01a2 28000000 		.4byte	.LVL22
 1562 01a6 2D000000 		.4byte	.LVL23-1
 1563 01aa 0100     		.2byte	0x1
 1564 01ac 50       		.byte	0x50
 1565 01ad 2D000000 		.4byte	.LVL23-1
 1566 01b1 34000000 		.4byte	.LVL24
 1567 01b5 0100     		.2byte	0x1
 1568 01b7 55       		.byte	0x55
 1569 01b8 34000000 		.4byte	.LVL24
 1570 01bc 37000000 		.4byte	.LVL25-1
 1571 01c0 0100     		.2byte	0x1
 1572 01c2 50       		.byte	0x50
 1573 01c3 37000000 		.4byte	.LVL25-1
 1574 01c7 3A000000 		.4byte	.LFE119
 1575 01cb 0100     		.2byte	0x1
 1576 01cd 55       		.byte	0x55
 1577 01ce 00000000 		.4byte	0
 1578 01d2 00000000 		.4byte	0
 1579              	.LLST11:
 1580 01d6 0A000000 		.4byte	.LVL18
 1581 01da 0E000000 		.4byte	.LVL19
 1582 01de 0200     		.2byte	0x2
 1583 01e0 30       		.byte	0x30
 1584 01e1 9F       		.byte	0x9f
 1585 01e2 14000000 		.4byte	.LVL20
 1586 01e6 18000000 		.4byte	.LVL21
 1587 01ea 0100     		.2byte	0x1
 1588 01ec 54       		.byte	0x54
 1589 01ed 2E000000 		.4byte	.LVL23
 1590 01f1 34000000 		.4byte	.LVL24
 1591 01f5 0100     		.2byte	0x1
 1592 01f7 54       		.byte	0x54
ARM GAS  /tmp/ccRU18dn.s 			page 29


 1593 01f8 00000000 		.4byte	0
 1594 01fc 00000000 		.4byte	0
 1595              		.section	.debug_aranges,"",%progbits
 1596 0000 3C000000 		.4byte	0x3c
 1597 0004 0200     		.2byte	0x2
 1598 0006 00000000 		.4byte	.Ldebug_info0
 1599 000a 04       		.byte	0x4
 1600 000b 00       		.byte	0
 1601 000c 0000     		.2byte	0
 1602 000e 0000     		.2byte	0
 1603 0010 00000000 		.4byte	.LFB118
 1604 0014 0C000000 		.4byte	.LFE118-.LFB118
 1605 0018 00000000 		.4byte	.LFB120
 1606 001c 24000000 		.4byte	.LFE120-.LFB120
 1607 0020 00000000 		.4byte	.LFB121
 1608 0024 BE000000 		.4byte	.LFE121-.LFB121
 1609 0028 00000000 		.4byte	.LFB122
 1610 002c 2C000000 		.4byte	.LFE122-.LFB122
 1611 0030 00000000 		.4byte	.LFB119
 1612 0034 3A000000 		.4byte	.LFE119-.LFB119
 1613 0038 00000000 		.4byte	0
 1614 003c 00000000 		.4byte	0
 1615              		.section	.debug_ranges,"",%progbits
 1616              	.Ldebug_ranges0:
 1617 0000 00000000 		.4byte	.LFB118
 1618 0004 0C000000 		.4byte	.LFE118
 1619 0008 00000000 		.4byte	.LFB120
 1620 000c 24000000 		.4byte	.LFE120
 1621 0010 00000000 		.4byte	.LFB121
 1622 0014 BE000000 		.4byte	.LFE121
 1623 0018 00000000 		.4byte	.LFB122
 1624 001c 2C000000 		.4byte	.LFE122
 1625 0020 00000000 		.4byte	.LFB119
 1626 0024 3A000000 		.4byte	.LFE119
 1627 0028 00000000 		.4byte	0
 1628 002c 00000000 		.4byte	0
 1629              		.section	.debug_line,"",%progbits
 1630              	.Ldebug_line0:
 1631 0000 1B020000 		.section	.debug_str,"MS",%progbits,1
 1631      02007D01 
 1631      00000201 
 1631      FB0E0D00 
 1631      01010101 
 1632              	.LASF27:
 1633 0000 45585444 		.ascii	"EXTDriver\000"
 1633      72697665 
 1633      7200
 1634              	.LASF40:
 1635 000a 6368616E 		.ascii	"channel\000"
 1635      6E656C00 
 1636              	.LASF36:
 1637 0012 6578745F 		.ascii	"ext_lld_init\000"
 1637      6C6C645F 
 1637      696E6974 
 1637      00
 1638              	.LASF50:
 1639 001f 2F686F6D 		.ascii	"/home/rob/Projects/stm32/src/rocket_tracks\000"
ARM GAS  /tmp/ccRU18dn.s 			page 30


 1639      652F726F 
 1639      622F5072 
 1639      6F6A6563 
 1639      74732F73 
 1640              	.LASF28:
 1641 004a 73746174 		.ascii	"state\000"
 1641      6500
 1642              	.LASF26:
 1643 0050 65787473 		.ascii	"extstate_t\000"
 1643      74617465 
 1643      5F7400
 1644              	.LASF33:
 1645 005b 45585443 		.ascii	"EXTChannelConfig\000"
 1645      68616E6E 
 1645      656C436F 
 1645      6E666967 
 1645      00
 1646              	.LASF23:
 1647 006c 4558545F 		.ascii	"EXT_UNINIT\000"
 1647      554E494E 
 1647      495400
 1648              	.LASF4:
 1649 0077 73686F72 		.ascii	"short unsigned int\000"
 1649      7420756E 
 1649      7369676E 
 1649      65642069 
 1649      6E7400
 1650              	.LASF34:
 1651 008a 6368616E 		.ascii	"channels\000"
 1651      6E656C73 
 1651      00
 1652              	.LASF30:
 1653 0093 65787063 		.ascii	"expchannel_t\000"
 1653      68616E6E 
 1653      656C5F74 
 1653      00
 1654              	.LASF46:
 1655 00a0 6578745F 		.ascii	"ext_lld_exti_irq_disable\000"
 1655      6C6C645F 
 1655      65787469 
 1655      5F697271 
 1655      5F646973 
 1656              	.LASF31:
 1657 00b9 65787463 		.ascii	"extcallback_t\000"
 1657      616C6C62 
 1657      61636B5F 
 1657      7400
 1658              	.LASF47:
 1659 00c7 6578745F 		.ascii	"ext_lld_exti_irq_enable\000"
 1659      6C6C645F 
 1659      65787469 
 1659      5F697271 
 1659      5F656E61 
 1660              	.LASF42:
 1661 00df 6578745F 		.ascii	"ext_lld_channel_disable\000"
 1661      6C6C645F 
 1661      6368616E 
ARM GAS  /tmp/ccRU18dn.s 			page 31


 1661      6E656C5F 
 1661      64697361 
 1662              	.LASF10:
 1663 00f7 6C6F6E67 		.ascii	"long long unsigned int\000"
 1663      206C6F6E 
 1663      6720756E 
 1663      7369676E 
 1663      65642069 
 1664              	.LASF21:
 1665 010e 434D5043 		.ascii	"CMPCR\000"
 1665      5200
 1666              	.LASF2:
 1667 0114 756E7369 		.ascii	"unsigned char\000"
 1667      676E6564 
 1667      20636861 
 1667      7200
 1668              	.LASF49:
 1669 0122 2E2E2F2E 		.ascii	"../../ChibiOS/os/hal/platforms/STM32/ext_lld.c\000"
 1669      2E2F4368 
 1669      6962694F 
 1669      532F6F73 
 1669      2F68616C 
 1670              	.LASF8:
 1671 0151 6C6F6E67 		.ascii	"long unsigned int\000"
 1671      20756E73 
 1671      69676E65 
 1671      6420696E 
 1671      7400
 1672              	.LASF18:
 1673 0163 4D454D52 		.ascii	"MEMRMP\000"
 1673      4D5000
 1674              	.LASF17:
 1675 016a 45585449 		.ascii	"EXTI_TypeDef\000"
 1675      5F547970 
 1675      65446566 
 1675      00
 1676              	.LASF44:
 1677 0177 49544D5F 		.ascii	"ITM_RxBuffer\000"
 1677      52784275 
 1677      66666572 
 1677      00
 1678              	.LASF14:
 1679 0184 52545352 		.ascii	"RTSR\000"
 1679      00
 1680              	.LASF29:
 1681 0189 636F6E66 		.ascii	"config\000"
 1681      696700
 1682              	.LASF35:
 1683 0190 45585443 		.ascii	"EXTConfig\000"
 1683      6F6E6669 
 1683      6700
 1684              	.LASF20:
 1685 019a 52455345 		.ascii	"RESERVED\000"
 1685      52564544 
 1685      00
 1686              	.LASF38:
 1687 01a3 6578745F 		.ascii	"ext_lld_channel_enable\000"
ARM GAS  /tmp/ccRU18dn.s 			page 32


 1687      6C6C645F 
 1687      6368616E 
 1687      6E656C5F 
 1687      656E6162 
 1688              	.LASF37:
 1689 01ba 6578745F 		.ascii	"ext_lld_stop\000"
 1689      6C6C645F 
 1689      73746F70 
 1689      00
 1690              	.LASF19:
 1691 01c7 45585449 		.ascii	"EXTICR\000"
 1691      435200
 1692              	.LASF25:
 1693 01ce 4558545F 		.ascii	"EXT_ACTIVE\000"
 1693      41435449 
 1693      564500
 1694              	.LASF0:
 1695 01d9 756E7369 		.ascii	"unsigned int\000"
 1695      676E6564 
 1695      20696E74 
 1695      00
 1696              	.LASF39:
 1697 01e6 65787470 		.ascii	"extp\000"
 1697      00
 1698              	.LASF13:
 1699 01eb 63686172 		.ascii	"char\000"
 1699      00
 1700              	.LASF32:
 1701 01f0 6D6F6465 		.ascii	"mode\000"
 1701      00
 1702              	.LASF6:
 1703 01f5 696E7433 		.ascii	"int32_t\000"
 1703      325F7400 
 1704              	.LASF12:
 1705 01fd 73697A65 		.ascii	"sizetype\000"
 1705      74797065 
 1705      00
 1706              	.LASF9:
 1707 0206 6C6F6E67 		.ascii	"long long int\000"
 1707      206C6F6E 
 1707      6720696E 
 1707      7400
 1708              	.LASF41:
 1709 0214 6D61736B 		.ascii	"mask\000"
 1709      00
 1710              	.LASF48:
 1711 0219 474E5520 		.ascii	"GNU C 4.7.2\000"
 1711      4320342E 
 1711      372E3200 
 1712              	.LASF51:
 1713 0225 706F7274 		.ascii	"port\000"
 1713      00
 1714              	.LASF45:
 1715 022a 45585444 		.ascii	"EXTD1\000"
 1715      3100
 1716              	.LASF3:
 1717 0230 73686F72 		.ascii	"short int\000"
ARM GAS  /tmp/ccRU18dn.s 			page 33


 1717      7420696E 
 1717      7400
 1718              	.LASF22:
 1719 023a 53595343 		.ascii	"SYSCFG_TypeDef\000"
 1719      46475F54 
 1719      79706544 
 1719      656600
 1720              	.LASF52:
 1721 0249 6578744F 		.ascii	"extObjectInit\000"
 1721      626A6563 
 1721      74496E69 
 1721      7400
 1722              	.LASF15:
 1723 0257 46545352 		.ascii	"FTSR\000"
 1723      00
 1724              	.LASF5:
 1725 025c 6C6F6E67 		.ascii	"long int\000"
 1725      20696E74 
 1725      00
 1726              	.LASF1:
 1727 0265 7369676E 		.ascii	"signed char\000"
 1727      65642063 
 1727      68617200 
 1728              	.LASF7:
 1729 0271 75696E74 		.ascii	"uint32_t\000"
 1729      33325F74 
 1729      00
 1730              	.LASF11:
 1731 027a 5F426F6F 		.ascii	"_Bool\000"
 1731      6C00
 1732              	.LASF16:
 1733 0280 53574945 		.ascii	"SWIER\000"
 1733      5200
 1734              	.LASF43:
 1735 0286 6578745F 		.ascii	"ext_lld_start\000"
 1735      6C6C645F 
 1735      73746172 
 1735      7400
 1736              	.LASF24:
 1737 0294 4558545F 		.ascii	"EXT_STOP\000"
 1737      53544F50 
 1737      00
 1738              		.ident	"GCC: (crosstool-NG 1.17.0 - PSAS ST32F4 GFE) 4.7.2"
ARM GAS  /tmp/ccRU18dn.s 			page 34


DEFINED SYMBOLS
                            *ABS*:0000000000000000 ext_lld.c
     /tmp/ccRU18dn.s:21     .text.ext_lld_init:0000000000000000 $t
     /tmp/ccRU18dn.s:27     .text.ext_lld_init:0000000000000000 ext_lld_init
     /tmp/ccRU18dn.s:344    .bss.EXTD1:0000000000000000 .LANCHOR0
     /tmp/ccRU18dn.s:46     .text.ext_lld_stop:0000000000000000 $t
     /tmp/ccRU18dn.s:52     .text.ext_lld_stop:0000000000000000 ext_lld_stop
     /tmp/ccRU18dn.s:91     .text.ext_lld_channel_enable:0000000000000000 $t
     /tmp/ccRU18dn.s:97     .text.ext_lld_channel_enable:0000000000000000 ext_lld_channel_enable
     /tmp/ccRU18dn.s:223    .text.ext_lld_channel_disable:0000000000000000 $t
     /tmp/ccRU18dn.s:229    .text.ext_lld_channel_disable:0000000000000000 ext_lld_channel_disable
     /tmp/ccRU18dn.s:267    .text.ext_lld_start:0000000000000000 $t
     /tmp/ccRU18dn.s:273    .text.ext_lld_start:0000000000000000 ext_lld_start
     /tmp/ccRU18dn.s:347    .bss.EXTD1:0000000000000000 EXTD1
     /tmp/ccRU18dn.s:343    .bss.EXTD1:0000000000000000 $d
                     .debug_frame:0000000000000010 $d

UNDEFINED SYMBOLS
extObjectInit
ext_lld_exti_irq_disable
ext_lld_exti_irq_enable
