ARM GAS  /tmp/ccHc3J5v.s 			page 1


   1              		.syntax unified
   2              		.cpu cortex-m4
   3              		.eabi_attribute 27, 3
   4              		.eabi_attribute 28, 1
   5              		.fpu fpv4-sp-d16
   6              		.eabi_attribute 20, 1
   7              		.eabi_attribute 21, 1
   8              		.eabi_attribute 23, 3
   9              		.eabi_attribute 24, 1
  10              		.eabi_attribute 25, 1
  11              		.eabi_attribute 26, 1
  12              		.eabi_attribute 30, 2
  13              		.eabi_attribute 34, 1
  14              		.eabi_attribute 18, 4
  15              		.thumb
  16              		.file	"hal_lld.c"
  17              		.text
  18              	.Ltext0:
  19              		.cfi_sections	.debug_frame
  20              		.section	.text.hal_lld_init,"ax",%progbits
  21              		.align	2
  22              		.p2align 4,,15
  23              		.global	hal_lld_init
  24              		.thumb
  25              		.thumb_func
  26              		.type	hal_lld_init, %function
  27              	hal_lld_init:
  28              	.LFB119:
  29              		.file 1 "../../ChibiOS/os/hal/platforms/STM32F4xx/hal_lld.c"
  30              		.loc 1 94 0
  31              		.cfi_startproc
  32              		@ args = 0, pretend = 0, frame = 0
  33              		@ frame_needed = 0, uses_anonymous_args = 0
  34              		@ link register save eliminated.
  35              		.loc 1 98 0
  36 0000 4FF46053 		mov	r3, #14336
  37 0004 C4F20203 		movt	r3, 16386
  38 0008 0022     		movs	r2, #0
  39 000a 1969     		ldr	r1, [r3, #16]
  40 000c 41F00101 		orr	r1, r1, #1
  41              		.loc 1 94 0
  42 0010 10B4     		push	{r4}
  43              	.LCFI0:
  44              		.cfi_def_cfa_offset 4
  45              		.cfi_offset 4, -4
  46              		.loc 1 98 0
  47 0012 1961     		str	r1, [r3, #16]
  48 0014 1A61     		str	r2, [r3, #16]
  49              		.loc 1 99 0
  50 0016 5969     		ldr	r1, [r3, #20]
  51 0018 41F00101 		orr	r1, r1, #1
  52 001c 5961     		str	r1, [r3, #20]
  53 001e 5A61     		str	r2, [r3, #20]
  54              		.loc 1 100 0
  55 0020 9969     		ldr	r1, [r3, #24]
  56 0022 41F00101 		orr	r1, r1, #1
  57 0026 9961     		str	r1, [r3, #24]
ARM GAS  /tmp/ccHc3J5v.s 			page 2


  58 0028 9A61     		str	r2, [r3, #24]
  59              		.loc 1 101 0
  60 002a 196A     		ldr	r1, [r3, #32]
  61 002c 1962     		str	r1, [r3, #32]
  62 002e 1A62     		str	r2, [r3, #32]
  63              		.loc 1 102 0
  64 0030 5C6A     		ldr	r4, [r3, #36]
  65              		.loc 1 105 0
  66 0032 4EF21001 		movw	r1, #57360
  67 0036 CEF20001 		movt	r1, 57344
  68              		.loc 1 102 0
  69 003a 44F00104 		orr	r4, r4, #1
  70 003e 5C62     		str	r4, [r3, #36]
  71              		.loc 1 112 0
  72 0040 4EF6F050 		movw	r0, #60912
  73              		.loc 1 105 0
  74 0044 44F29F14 		movw	r4, #16799
  75              		.loc 1 102 0
  76 0048 5A62     		str	r2, [r3, #36]
  77              		.loc 1 112 0
  78 004a CEF20000 		movt	r0, 57344
  79              		.loc 1 105 0
  80 004e 4C60     		str	r4, [r1, #4]
  81              		.loc 1 107 0
  82 0050 0724     		movs	r4, #7
  83              		.loc 1 106 0
  84 0052 8A60     		str	r2, [r1, #8]
  85              		.loc 1 107 0
  86 0054 0C60     		str	r4, [r1, #0]
  87              		.loc 1 112 0
  88 0056 C468     		ldr	r4, [r0, #12]
  89              		.loc 1 113 0
  90 0058 4FF48051 		mov	r1, #4096
  91 005c CEF20001 		movt	r1, 57344
  92              		.loc 1 112 0
  93 0060 44F08074 		orr	r4, r4, #16777216
  94 0064 C460     		str	r4, [r0, #12]
  95              		.loc 1 113 0
  96 0066 0868     		ldr	r0, [r1, #0]
  97 0068 40F00100 		orr	r0, r0, #1
  98 006c 0860     		str	r0, [r1, #0]
  99              		.loc 1 116 0
 100 006e 186C     		ldr	r0, [r3, #64]
 101              	.LBB4:
 102              	.LBB5:
 103              		.loc 1 52 0
 104 0070 4FF4E041 		mov	r1, #28672
 105 0074 C4F20001 		movt	r1, 16384
 106              	.LBE5:
 107              	.LBE4:
 108              		.loc 1 116 0
 109 0078 40F08050 		orr	r0, r0, #268435456
 110 007c 1864     		str	r0, [r3, #64]
 111              	.LBB7:
 112              	.LBB6:
 113              		.loc 1 52 0
 114 007e 0868     		ldr	r0, [r1, #0]
ARM GAS  /tmp/ccHc3J5v.s 			page 3


 115 0080 40F48070 		orr	r0, r0, #256
 116 0084 0860     		str	r0, [r1, #0]
 117              		.loc 1 55 0
 118 0086 196F     		ldr	r1, [r3, #112]
 119 0088 01F44071 		and	r1, r1, #768
 120 008c B1F5007F 		cmp	r1, #512
 121              		.loc 1 57 0
 122 0090 1EBF     		ittt	ne
 123 0092 4FF48031 		movne	r1, #65536
 124 0096 1967     		strne	r1, [r3, #112]
 125              		.loc 1 58 0
 126 0098 1A67     		strne	r2, [r3, #112]
 127              		.loc 1 71 0
 128 009a 4FF46053 		mov	r3, #14336
 129 009e C4F20203 		movt	r3, 16386
 130 00a2 1A6F     		ldr	r2, [r3, #112]
 131 00a4 1204     		lsls	r2, r2, #16
 132 00a6 07D4     		bmi	.L3
 133              		.loc 1 73 0
 134 00a8 1A6F     		ldr	r2, [r3, #112]
 135 00aa 42F40072 		orr	r2, r2, #512
 136 00ae 1A67     		str	r2, [r3, #112]
 137              		.loc 1 76 0
 138 00b0 1A6F     		ldr	r2, [r3, #112]
 139 00b2 42F40042 		orr	r2, r2, #32768
 140 00b6 1A67     		str	r2, [r3, #112]
 141              	.L3:
 142              	.LBE6:
 143              	.LBE7:
 144              		.loc 1 129 0
 145 00b8 10BC     		pop	{r4}
 146              		.loc 1 122 0
 147 00ba FFF7FEBF 		b	dmaInit
 148              	.LVL0:
 149              		.cfi_endproc
 150              	.LFE119:
 151              		.size	hal_lld_init, .-hal_lld_init
 152 00be 00BF     		.section	.text.stm32_clock_init,"ax",%progbits
 153              		.align	2
 154              		.p2align 4,,15
 155              		.global	stm32_clock_init
 156              		.thumb
 157              		.thumb_func
 158              		.type	stm32_clock_init, %function
 159              	stm32_clock_init:
 160              	.LFB120:
 161              		.loc 1 138 0
 162              		.cfi_startproc
 163              		@ args = 0, pretend = 0, frame = 0
 164              		@ frame_needed = 0, uses_anonymous_args = 0
 165              		@ link register save eliminated.
 166              		.loc 1 142 0
 167 0000 4FF46052 		mov	r2, #14336
 168 0004 C4F20202 		movt	r2, 16386
 169              		.loc 1 146 0
 170 0008 4FF4E043 		mov	r3, #28672
 171 000c C4F20003 		movt	r3, 16384
ARM GAS  /tmp/ccHc3J5v.s 			page 4


 172              		.loc 1 142 0
 173 0010 4FF08051 		mov	r1, #268435456
 174 0014 1164     		str	r1, [r2, #64]
 175              		.loc 1 146 0
 176 0016 4FF48041 		mov	r1, #16384
 177              		.loc 1 147 0
 178 001a 1A46     		mov	r2, r3
 179              		.loc 1 146 0
 180 001c 1960     		str	r1, [r3, #0]
 181              	.L9:
 182              		.loc 1 147 0 discriminator 1
 183 001e 5368     		ldr	r3, [r2, #4]
 184 0020 5904     		lsls	r1, r3, #17
 185 0022 FCD5     		bpl	.L9
 186              		.loc 1 155 0
 187 0024 4FF46053 		mov	r3, #14336
 188 0028 C4F20203 		movt	r3, 16386
 189              		.loc 1 156 0
 190 002c 1946     		mov	r1, r3
 191              		.loc 1 155 0
 192 002e 1A68     		ldr	r2, [r3, #0]
 193 0030 42F00102 		orr	r2, r2, #1
 194 0034 1A60     		str	r2, [r3, #0]
 195              	.L10:
 196              		.loc 1 156 0 discriminator 1
 197 0036 0A68     		ldr	r2, [r1, #0]
 198 0038 4FF46053 		mov	r3, #14336
 199 003c 9207     		lsls	r2, r2, #30
 200 003e C4F20203 		movt	r3, 16386
 201 0042 F8D5     		bpl	.L10
 202              		.loc 1 166 0
 203 0044 1A68     		ldr	r2, [r3, #0]
 204 0046 42F48032 		orr	r2, r2, #65536
 205 004a 1A60     		str	r2, [r3, #0]
 206              		.loc 1 168 0
 207 004c 1946     		mov	r1, r3
 208              	.L11:
 209              		.loc 1 168 0 is_stmt 0 discriminator 1
 210 004e 0A68     		ldr	r2, [r1, #0]
 211 0050 4FF46053 		mov	r3, #14336
 212 0054 9003     		lsls	r0, r2, #14
 213 0056 C4F20203 		movt	r3, 16386
 214 005a F8D5     		bpl	.L11
 215              		.loc 1 174 0 is_stmt 1
 216 005c 5A6F     		ldr	r2, [r3, #116]
 217 005e 42F00102 		orr	r2, r2, #1
 218 0062 5A67     		str	r2, [r3, #116]
 219              		.loc 1 175 0
 220 0064 1946     		mov	r1, r3
 221              	.L12:
 222              		.loc 1 175 0 is_stmt 0 discriminator 1
 223 0066 4A6F     		ldr	r2, [r1, #116]
 224 0068 4FF46053 		mov	r3, #14336
 225 006c 9207     		lsls	r2, r2, #30
 226 006e C4F20203 		movt	r3, 16386
 227 0072 F8D5     		bpl	.L12
 228              		.loc 1 192 0 is_stmt 1
ARM GAS  /tmp/ccHc3J5v.s 			page 5


 229 0074 45F20C42 		movw	r2, #21516
 230 0078 C0F24072 		movt	r2, 1856
 231 007c 5A60     		str	r2, [r3, #4]
 232              		.loc 1 194 0
 233 007e 1A68     		ldr	r2, [r3, #0]
 234 0080 42F08072 		orr	r2, r2, #16777216
 235 0084 1A60     		str	r2, [r3, #0]
 236              		.loc 1 195 0
 237 0086 1946     		mov	r1, r3
 238              	.L13:
 239              		.loc 1 195 0 is_stmt 0 discriminator 1
 240 0088 0A68     		ldr	r2, [r1, #0]
 241 008a 4FF46053 		mov	r3, #14336
 242 008e 9001     		lsls	r0, r2, #6
 243 0090 C4F20203 		movt	r3, 16386
 244 0094 F8D5     		bpl	.L13
 245              		.loc 1 208 0 is_stmt 1
 246 0096 9868     		ldr	r0, [r3, #8]
 247 0098 4FF41442 		mov	r2, #37888
 248              		.loc 1 221 0
 249 009c 4FF47051 		mov	r1, #15360
 250              		.loc 1 208 0
 251 00a0 C3F60802 		movt	r2, 14344
 252 00a4 0243     		orrs	r2, r2, r0
 253              		.loc 1 221 0
 254 00a6 C4F20201 		movt	r1, 16386
 255              		.loc 1 208 0
 256 00aa 9A60     		str	r2, [r3, #8]
 257              		.loc 1 221 0
 258 00ac 40F20572 		movw	r2, #1797
 259 00b0 0A60     		str	r2, [r1, #0]
 260              		.loc 1 227 0
 261 00b2 9A68     		ldr	r2, [r3, #8]
 262 00b4 42F00202 		orr	r2, r2, #2
 263 00b8 9A60     		str	r2, [r3, #8]
 264              	.L14:
 265              		.loc 1 228 0 discriminator 1
 266 00ba 9968     		ldr	r1, [r3, #8]
 267 00bc 01F00C01 		and	r1, r1, #12
 268 00c0 4FF46052 		mov	r2, #14336
 269 00c4 0829     		cmp	r1, #8
 270 00c6 C4F20202 		movt	r2, 16386
 271 00ca F6D1     		bne	.L14
 272              		.loc 1 235 0
 273 00cc 536C     		ldr	r3, [r2, #68]
 274 00ce 43F48043 		orr	r3, r3, #16384
 275 00d2 5364     		str	r3, [r2, #68]
 276 00d4 536E     		ldr	r3, [r2, #100]
 277 00d6 43F48043 		orr	r3, r3, #16384
 278 00da 5366     		str	r3, [r2, #100]
 279 00dc 7047     		bx	lr
 280              		.cfi_endproc
 281              	.LFE120:
 282              		.size	stm32_clock_init, .-stm32_clock_init
 283 00de 00BF     		.text
 284              	.Letext0:
 285              		.file 2 "/opt/psas/x-tools/stm32f407/arm-psas-eabi/bin/../lib/gcc/arm-psas-eabi/4.7.2/../../../../
ARM GAS  /tmp/ccHc3J5v.s 			page 6


 286              		.file 3 "../../ChibiOS/os/ports/common/ARMCMx/nvic.h"
 287              		.file 4 "../../ChibiOS/os/ports/common/ARMCMx/CMSIS/include/core_cm4.h"
 288              		.file 5 "../../ChibiOS/os/hal/platforms/STM32F4xx/stm32f4xx.h"
 289              		.file 6 "../../ChibiOS/os/hal/platforms/STM32F4xx/stm32_dma.h"
 290              		.section	.debug_info,"",%progbits
 291              	.Ldebug_info0:
 292 0000 DC040000 		.4byte	0x4dc
 293 0004 0200     		.2byte	0x2
 294 0006 00000000 		.4byte	.Ldebug_abbrev0
 295 000a 04       		.byte	0x4
 296 000b 01       		.uleb128 0x1
 297 000c B5010000 		.4byte	.LASF66
 298 0010 01       		.byte	0x1
 299 0011 85020000 		.4byte	.LASF67
 300 0015 51000000 		.4byte	.LASF68
 301 0019 18000000 		.4byte	.Ldebug_ranges0+0x18
 302 001d 00000000 		.4byte	0
 303 0021 00000000 		.4byte	0
 304 0025 00000000 		.4byte	.Ldebug_line0
 305 0029 02       		.uleb128 0x2
 306 002a 04       		.byte	0x4
 307 002b 05       		.byte	0x5
 308 002c 696E7400 		.ascii	"int\000"
 309 0030 03       		.uleb128 0x3
 310 0031 04       		.byte	0x4
 311 0032 07       		.byte	0x7
 312 0033 96010000 		.4byte	.LASF0
 313 0037 03       		.uleb128 0x3
 314 0038 01       		.byte	0x1
 315 0039 06       		.byte	0x6
 316 003a 6A010000 		.4byte	.LASF1
 317 003e 03       		.uleb128 0x3
 318 003f 01       		.byte	0x1
 319 0040 08       		.byte	0x8
 320 0041 54010000 		.4byte	.LASF2
 321 0045 03       		.uleb128 0x3
 322 0046 02       		.byte	0x2
 323 0047 05       		.byte	0x5
 324 0048 21000000 		.4byte	.LASF3
 325 004c 04       		.uleb128 0x4
 326 004d AC010000 		.4byte	.LASF5
 327 0051 02       		.byte	0x2
 328 0052 36       		.byte	0x36
 329 0053 57000000 		.4byte	0x57
 330 0057 03       		.uleb128 0x3
 331 0058 02       		.byte	0x2
 332 0059 07       		.byte	0x7
 333 005a F5010000 		.4byte	.LASF4
 334 005e 04       		.uleb128 0x4
 335 005f 1F020000 		.4byte	.LASF6
 336 0063 02       		.byte	0x2
 337 0064 4F       		.byte	0x4f
 338 0065 69000000 		.4byte	0x69
 339 0069 03       		.uleb128 0x3
 340 006a 04       		.byte	0x4
 341 006b 05       		.byte	0x5
 342 006c 11010000 		.4byte	.LASF7
ARM GAS  /tmp/ccHc3J5v.s 			page 7


 343 0070 04       		.uleb128 0x4
 344 0071 8D010000 		.4byte	.LASF8
 345 0075 02       		.byte	0x2
 346 0076 50       		.byte	0x50
 347 0077 7B000000 		.4byte	0x7b
 348 007b 03       		.uleb128 0x3
 349 007c 04       		.byte	0x4
 350 007d 07       		.byte	0x7
 351 007e C1010000 		.4byte	.LASF9
 352 0082 03       		.uleb128 0x3
 353 0083 08       		.byte	0x8
 354 0084 05       		.byte	0x5
 355 0085 F0000000 		.4byte	.LASF10
 356 0089 03       		.uleb128 0x3
 357 008a 08       		.byte	0x8
 358 008b 07       		.byte	0x7
 359 008c 76010000 		.4byte	.LASF11
 360 0090 03       		.uleb128 0x3
 361 0091 01       		.byte	0x1
 362 0092 02       		.byte	0x2
 363 0093 27020000 		.4byte	.LASF12
 364 0097 04       		.uleb128 0x4
 365 0098 E0000000 		.4byte	.LASF13
 366 009c 03       		.byte	0x3
 367 009d 33       		.byte	0x33
 368 009e A2000000 		.4byte	0xa2
 369 00a2 05       		.uleb128 0x5
 370 00a3 70000000 		.4byte	0x70
 371 00a7 03       		.uleb128 0x3
 372 00a8 04       		.byte	0x4
 373 00a9 07       		.byte	0x7
 374 00aa 2B000000 		.4byte	.LASF14
 375 00ae 06       		.uleb128 0x6
 376 00af 10       		.byte	0x10
 377 00b0 03       		.byte	0x3
 378 00b1 EA       		.byte	0xea
 379 00b2 EF000000 		.4byte	0xef
 380 00b6 07       		.uleb128 0x7
 381 00b7 0B010000 		.4byte	.LASF15
 382 00bb 03       		.byte	0x3
 383 00bc EB       		.byte	0xeb
 384 00bd 97000000 		.4byte	0x97
 385 00c1 02       		.byte	0x2
 386 00c2 23       		.byte	0x23
 387 00c3 00       		.uleb128 0
 388 00c4 07       		.uleb128 0x7
 389 00c5 B9000000 		.4byte	.LASF16
 390 00c9 03       		.byte	0x3
 391 00ca EC       		.byte	0xec
 392 00cb 97000000 		.4byte	0x97
 393 00cf 02       		.byte	0x2
 394 00d0 23       		.byte	0x23
 395 00d1 04       		.uleb128 0x4
 396 00d2 07       		.uleb128 0x7
 397 00d3 DA000000 		.4byte	.LASF17
 398 00d7 03       		.byte	0x3
 399 00d8 ED       		.byte	0xed
ARM GAS  /tmp/ccHc3J5v.s 			page 8


 400 00d9 97000000 		.4byte	0x97
 401 00dd 02       		.byte	0x2
 402 00de 23       		.byte	0x23
 403 00df 08       		.uleb128 0x8
 404 00e0 07       		.uleb128 0x7
 405 00e1 1B000000 		.4byte	.LASF18
 406 00e5 03       		.byte	0x3
 407 00e6 EE       		.byte	0xee
 408 00e7 97000000 		.4byte	0x97
 409 00eb 02       		.byte	0x2
 410 00ec 23       		.byte	0x23
 411 00ed 0C       		.uleb128 0xc
 412 00ee 00       		.byte	0
 413 00ef 04       		.uleb128 0x4
 414 00f0 17020000 		.4byte	.LASF19
 415 00f4 03       		.byte	0x3
 416 00f5 EF       		.byte	0xef
 417 00f6 AE000000 		.4byte	0xae
 418 00fa 06       		.uleb128 0x6
 419 00fb 20       		.byte	0x20
 420 00fc 03       		.byte	0x3
 421 00fd FF       		.byte	0xff
 422 00fe 7B010000 		.4byte	0x17b
 423 0102 08       		.uleb128 0x8
 424 0103 96000000 		.4byte	.LASF20
 425 0107 03       		.byte	0x3
 426 0108 0001     		.2byte	0x100
 427 010a 97000000 		.4byte	0x97
 428 010e 02       		.byte	0x2
 429 010f 23       		.byte	0x23
 430 0110 00       		.uleb128 0
 431 0111 08       		.uleb128 0x8
 432 0112 FE000000 		.4byte	.LASF21
 433 0116 03       		.byte	0x3
 434 0117 0101     		.2byte	0x101
 435 0119 97000000 		.4byte	0x97
 436 011d 02       		.byte	0x2
 437 011e 23       		.byte	0x23
 438 011f 04       		.uleb128 0x4
 439 0120 08       		.uleb128 0x8
 440 0121 AA000000 		.4byte	.LASF22
 441 0125 03       		.byte	0x3
 442 0126 0201     		.2byte	0x102
 443 0128 97000000 		.4byte	0x97
 444 012c 02       		.byte	0x2
 445 012d 23       		.byte	0x23
 446 012e 08       		.uleb128 0x8
 447 012f 08       		.uleb128 0x8
 448 0130 4D010000 		.4byte	.LASF23
 449 0134 03       		.byte	0x3
 450 0135 0301     		.2byte	0x103
 451 0137 97000000 		.4byte	0x97
 452 013b 02       		.byte	0x2
 453 013c 23       		.byte	0x23
 454 013d 0C       		.uleb128 0xc
 455 013e 08       		.uleb128 0x8
 456 013f B8020000 		.4byte	.LASF24
ARM GAS  /tmp/ccHc3J5v.s 			page 9


 457 0143 03       		.byte	0x3
 458 0144 0401     		.2byte	0x104
 459 0146 97000000 		.4byte	0x97
 460 014a 02       		.byte	0x2
 461 014b 23       		.byte	0x23
 462 014c 10       		.uleb128 0x10
 463 014d 08       		.uleb128 0x8
 464 014e C1020000 		.4byte	.LASF25
 465 0152 03       		.byte	0x3
 466 0153 0501     		.2byte	0x105
 467 0155 97000000 		.4byte	0x97
 468 0159 02       		.byte	0x2
 469 015a 23       		.byte	0x23
 470 015b 14       		.uleb128 0x14
 471 015c 08       		.uleb128 0x8
 472 015d 3E000000 		.4byte	.LASF26
 473 0161 03       		.byte	0x3
 474 0162 0601     		.2byte	0x106
 475 0164 97000000 		.4byte	0x97
 476 0168 02       		.byte	0x2
 477 0169 23       		.byte	0x23
 478 016a 18       		.uleb128 0x18
 479 016b 08       		.uleb128 0x8
 480 016c 39000000 		.4byte	.LASF27
 481 0170 03       		.byte	0x3
 482 0171 0701     		.2byte	0x107
 483 0173 97000000 		.4byte	0x97
 484 0177 02       		.byte	0x2
 485 0178 23       		.byte	0x23
 486 0179 1C       		.uleb128 0x1c
 487 017a 00       		.byte	0
 488 017b 09       		.uleb128 0x9
 489 017c 88000000 		.4byte	.LASF28
 490 0180 03       		.byte	0x3
 491 0181 0801     		.2byte	0x108
 492 0183 FA000000 		.4byte	0xfa
 493 0187 03       		.uleb128 0x3
 494 0188 01       		.byte	0x1
 495 0189 08       		.byte	0x8
 496 018a 12020000 		.4byte	.LASF29
 497 018e 0A       		.uleb128 0xa
 498 018f A2000000 		.4byte	0xa2
 499 0193 0B       		.uleb128 0xb
 500 0194 70000000 		.4byte	0x70
 501 0198 A3010000 		.4byte	0x1a3
 502 019c 0C       		.uleb128 0xc
 503 019d A7000000 		.4byte	0xa7
 504 01a1 01       		.byte	0x1
 505 01a2 00       		.byte	0
 506 01a3 0D       		.uleb128 0xd
 507 01a4 10       		.byte	0x10
 508 01a5 04       		.byte	0x4
 509 01a6 6002     		.2byte	0x260
 510 01a8 E9010000 		.4byte	0x1e9
 511 01ac 08       		.uleb128 0x8
 512 01ad 96000000 		.4byte	.LASF20
 513 01b1 04       		.byte	0x4
ARM GAS  /tmp/ccHc3J5v.s 			page 10


 514 01b2 6202     		.2byte	0x262
 515 01b4 A2000000 		.4byte	0xa2
 516 01b8 02       		.byte	0x2
 517 01b9 23       		.byte	0x23
 518 01ba 00       		.uleb128 0
 519 01bb 08       		.uleb128 0x8
 520 01bc C8020000 		.4byte	.LASF30
 521 01c0 04       		.byte	0x4
 522 01c1 6302     		.2byte	0x263
 523 01c3 A2000000 		.4byte	0xa2
 524 01c7 02       		.byte	0x2
 525 01c8 23       		.byte	0x23
 526 01c9 04       		.uleb128 0x4
 527 01ca 0E       		.uleb128 0xe
 528 01cb 56414C00 		.ascii	"VAL\000"
 529 01cf 04       		.byte	0x4
 530 01d0 6402     		.2byte	0x264
 531 01d2 A2000000 		.4byte	0xa2
 532 01d6 02       		.byte	0x2
 533 01d7 23       		.byte	0x23
 534 01d8 08       		.uleb128 0x8
 535 01d9 08       		.uleb128 0x8
 536 01da 05010000 		.4byte	.LASF31
 537 01de 04       		.byte	0x4
 538 01df 6502     		.2byte	0x265
 539 01e1 8E010000 		.4byte	0x18e
 540 01e5 02       		.byte	0x2
 541 01e6 23       		.byte	0x23
 542 01e7 0C       		.uleb128 0xc
 543 01e8 00       		.byte	0
 544 01e9 09       		.uleb128 0x9
 545 01ea E8010000 		.4byte	.LASF32
 546 01ee 04       		.byte	0x4
 547 01ef 6602     		.2byte	0x266
 548 01f1 A3010000 		.4byte	0x1a3
 549 01f5 05       		.uleb128 0x5
 550 01f6 5E000000 		.4byte	0x5e
 551 01fa 0D       		.uleb128 0xd
 552 01fb 18       		.byte	0x18
 553 01fc 05       		.byte	0x5
 554 01fd 4102     		.2byte	0x241
 555 01ff 5C020000 		.4byte	0x25c
 556 0203 0E       		.uleb128 0xe
 557 0204 41435200 		.ascii	"ACR\000"
 558 0208 05       		.byte	0x5
 559 0209 4302     		.2byte	0x243
 560 020b A2000000 		.4byte	0xa2
 561 020f 02       		.byte	0x2
 562 0210 23       		.byte	0x23
 563 0211 00       		.uleb128 0
 564 0212 08       		.uleb128 0x8
 565 0213 48010000 		.4byte	.LASF33
 566 0217 05       		.byte	0x5
 567 0218 4402     		.2byte	0x244
 568 021a A2000000 		.4byte	0xa2
 569 021e 02       		.byte	0x2
 570 021f 23       		.byte	0x23
ARM GAS  /tmp/ccHc3J5v.s 			page 11


 571 0220 04       		.uleb128 0x4
 572 0221 08       		.uleb128 0x8
 573 0222 E8000000 		.4byte	.LASF34
 574 0226 05       		.byte	0x5
 575 0227 4502     		.2byte	0x245
 576 0229 A2000000 		.4byte	0xa2
 577 022d 02       		.byte	0x2
 578 022e 23       		.byte	0x23
 579 022f 08       		.uleb128 0x8
 580 0230 0E       		.uleb128 0xe
 581 0231 535200   		.ascii	"SR\000"
 582 0234 05       		.byte	0x5
 583 0235 4602     		.2byte	0x246
 584 0237 A2000000 		.4byte	0xa2
 585 023b 02       		.byte	0x2
 586 023c 23       		.byte	0x23
 587 023d 0C       		.uleb128 0xc
 588 023e 0E       		.uleb128 0xe
 589 023f 435200   		.ascii	"CR\000"
 590 0242 05       		.byte	0x5
 591 0243 4702     		.2byte	0x247
 592 0245 A2000000 		.4byte	0xa2
 593 0249 02       		.byte	0x2
 594 024a 23       		.byte	0x23
 595 024b 10       		.uleb128 0x10
 596 024c 08       		.uleb128 0x8
 597 024d 0C030000 		.4byte	.LASF35
 598 0251 05       		.byte	0x5
 599 0252 4802     		.2byte	0x248
 600 0254 A2000000 		.4byte	0xa2
 601 0258 02       		.byte	0x2
 602 0259 23       		.byte	0x23
 603 025a 14       		.uleb128 0x14
 604 025b 00       		.byte	0
 605 025c 09       		.uleb128 0x9
 606 025d E7020000 		.4byte	.LASF36
 607 0261 05       		.byte	0x5
 608 0262 4902     		.2byte	0x249
 609 0264 FA010000 		.4byte	0x1fa
 610 0268 0D       		.uleb128 0xd
 611 0269 08       		.byte	0x8
 612 026a 05       		.byte	0x5
 613 026b D102     		.2byte	0x2d1
 614 026d 8F020000 		.4byte	0x28f
 615 0271 0E       		.uleb128 0xe
 616 0272 435200   		.ascii	"CR\000"
 617 0275 05       		.byte	0x5
 618 0276 D302     		.2byte	0x2d3
 619 0278 A2000000 		.4byte	0xa2
 620 027c 02       		.byte	0x2
 621 027d 23       		.byte	0x23
 622 027e 00       		.uleb128 0
 623 027f 0E       		.uleb128 0xe
 624 0280 43535200 		.ascii	"CSR\000"
 625 0284 05       		.byte	0x5
 626 0285 D402     		.2byte	0x2d4
 627 0287 A2000000 		.4byte	0xa2
ARM GAS  /tmp/ccHc3J5v.s 			page 12


 628 028b 02       		.byte	0x2
 629 028c 23       		.byte	0x23
 630 028d 04       		.uleb128 0x4
 631 028e 00       		.byte	0
 632 028f 09       		.uleb128 0x9
 633 0290 7C000000 		.4byte	.LASF37
 634 0294 05       		.byte	0x5
 635 0295 D502     		.2byte	0x2d5
 636 0297 68020000 		.4byte	0x268
 637 029b 0D       		.uleb128 0xd
 638 029c 88       		.byte	0x88
 639 029d 05       		.byte	0x5
 640 029e DB02     		.2byte	0x2db
 641 02a0 68040000 		.4byte	0x468
 642 02a4 0E       		.uleb128 0xe
 643 02a5 435200   		.ascii	"CR\000"
 644 02a8 05       		.byte	0x5
 645 02a9 DD02     		.2byte	0x2dd
 646 02ab A2000000 		.4byte	0xa2
 647 02af 02       		.byte	0x2
 648 02b0 23       		.byte	0x23
 649 02b1 00       		.uleb128 0
 650 02b2 08       		.uleb128 0x8
 651 02b3 E0010000 		.4byte	.LASF38
 652 02b7 05       		.byte	0x5
 653 02b8 DE02     		.2byte	0x2de
 654 02ba A2000000 		.4byte	0xa2
 655 02be 02       		.byte	0x2
 656 02bf 23       		.byte	0x23
 657 02c0 04       		.uleb128 0x4
 658 02c1 08       		.uleb128 0x8
 659 02c2 A5000000 		.4byte	.LASF39
 660 02c6 05       		.byte	0x5
 661 02c7 DF02     		.2byte	0x2df
 662 02c9 A2000000 		.4byte	0xa2
 663 02cd 02       		.byte	0x2
 664 02ce 23       		.byte	0x23
 665 02cf 08       		.uleb128 0x8
 666 02d0 0E       		.uleb128 0xe
 667 02d1 43495200 		.ascii	"CIR\000"
 668 02d5 05       		.byte	0x5
 669 02d6 E002     		.2byte	0x2e0
 670 02d8 A2000000 		.4byte	0xa2
 671 02dc 02       		.byte	0x2
 672 02dd 23       		.byte	0x23
 673 02de 0C       		.uleb128 0xc
 674 02df 08       		.uleb128 0x8
 675 02e0 CD020000 		.4byte	.LASF40
 676 02e4 05       		.byte	0x5
 677 02e5 E102     		.2byte	0x2e1
 678 02e7 A2000000 		.4byte	0xa2
 679 02eb 02       		.byte	0x2
 680 02ec 23       		.byte	0x23
 681 02ed 10       		.uleb128 0x10
 682 02ee 08       		.uleb128 0x8
 683 02ef A3010000 		.4byte	.LASF41
 684 02f3 05       		.byte	0x5
ARM GAS  /tmp/ccHc3J5v.s 			page 13


 685 02f4 E202     		.2byte	0x2e2
 686 02f6 A2000000 		.4byte	0xa2
 687 02fa 02       		.byte	0x2
 688 02fb 23       		.byte	0x23
 689 02fc 14       		.uleb128 0x14
 690 02fd 08       		.uleb128 0x8
 691 02fe DE020000 		.4byte	.LASF42
 692 0302 05       		.byte	0x5
 693 0303 E302     		.2byte	0x2e3
 694 0305 A2000000 		.4byte	0xa2
 695 0309 02       		.byte	0x2
 696 030a 23       		.byte	0x23
 697 030b 18       		.uleb128 0x18
 698 030c 08       		.uleb128 0x8
 699 030d 3F020000 		.4byte	.LASF43
 700 0311 05       		.byte	0x5
 701 0312 E402     		.2byte	0x2e4
 702 0314 70000000 		.4byte	0x70
 703 0318 02       		.byte	0x2
 704 0319 23       		.byte	0x23
 705 031a 1C       		.uleb128 0x1c
 706 031b 08       		.uleb128 0x8
 707 031c 0A000000 		.4byte	.LASF44
 708 0320 05       		.byte	0x5
 709 0321 E502     		.2byte	0x2e5
 710 0323 A2000000 		.4byte	0xa2
 711 0327 02       		.byte	0x2
 712 0328 23       		.byte	0x23
 713 0329 20       		.uleb128 0x20
 714 032a 08       		.uleb128 0x8
 715 032b 26010000 		.4byte	.LASF45
 716 032f 05       		.byte	0x5
 717 0330 E602     		.2byte	0x2e6
 718 0332 A2000000 		.4byte	0xa2
 719 0336 02       		.byte	0x2
 720 0337 23       		.byte	0x23
 721 0338 24       		.uleb128 0x24
 722 0339 08       		.uleb128 0x8
 723 033a 49020000 		.4byte	.LASF46
 724 033e 05       		.byte	0x5
 725 033f E702     		.2byte	0x2e7
 726 0341 93010000 		.4byte	0x193
 727 0345 02       		.byte	0x2
 728 0346 23       		.byte	0x23
 729 0347 28       		.uleb128 0x28
 730 0348 08       		.uleb128 0x8
 731 0349 D6020000 		.4byte	.LASF47
 732 034d 05       		.byte	0x5
 733 034e E802     		.2byte	0x2e8
 734 0350 A2000000 		.4byte	0xa2
 735 0354 02       		.byte	0x2
 736 0355 23       		.byte	0x23
 737 0356 30       		.uleb128 0x30
 738 0357 08       		.uleb128 0x8
 739 0358 13000000 		.4byte	.LASF48
 740 035c 05       		.byte	0x5
 741 035d E902     		.2byte	0x2e9
ARM GAS  /tmp/ccHc3J5v.s 			page 14


 742 035f A2000000 		.4byte	0xa2
 743 0363 02       		.byte	0x2
 744 0364 23       		.byte	0x23
 745 0365 34       		.uleb128 0x34
 746 0366 08       		.uleb128 0x8
 747 0367 40010000 		.4byte	.LASF49
 748 036b 05       		.byte	0x5
 749 036c EA02     		.2byte	0x2ea
 750 036e A2000000 		.4byte	0xa2
 751 0372 02       		.byte	0x2
 752 0373 23       		.byte	0x23
 753 0374 38       		.uleb128 0x38
 754 0375 08       		.uleb128 0x8
 755 0376 53020000 		.4byte	.LASF50
 756 037a 05       		.byte	0x5
 757 037b EB02     		.2byte	0x2eb
 758 037d 70000000 		.4byte	0x70
 759 0381 02       		.byte	0x2
 760 0382 23       		.byte	0x23
 761 0383 3C       		.uleb128 0x3c
 762 0384 08       		.uleb128 0x8
 763 0385 B1000000 		.4byte	.LASF51
 764 0389 05       		.byte	0x5
 765 038a EC02     		.2byte	0x2ec
 766 038c A2000000 		.4byte	0xa2
 767 0390 02       		.byte	0x2
 768 0391 23       		.byte	0x23
 769 0392 40       		.uleb128 0x40
 770 0393 08       		.uleb128 0x8
 771 0394 62010000 		.4byte	.LASF52
 772 0398 05       		.byte	0x5
 773 0399 ED02     		.2byte	0x2ed
 774 039b A2000000 		.4byte	0xa2
 775 039f 02       		.byte	0x2
 776 03a0 23       		.byte	0x23
 777 03a1 44       		.uleb128 0x44
 778 03a2 08       		.uleb128 0x8
 779 03a3 5D020000 		.4byte	.LASF53
 780 03a7 05       		.byte	0x5
 781 03a8 EE02     		.2byte	0x2ee
 782 03aa 93010000 		.4byte	0x193
 783 03ae 02       		.byte	0x2
 784 03af 23       		.byte	0x23
 785 03b0 48       		.uleb128 0x48
 786 03b1 08       		.uleb128 0x8
 787 03b2 00000000 		.4byte	.LASF54
 788 03b6 05       		.byte	0x5
 789 03b7 EF02     		.2byte	0x2ef
 790 03b9 A2000000 		.4byte	0xa2
 791 03bd 02       		.byte	0x2
 792 03be 23       		.byte	0x23
 793 03bf 50       		.uleb128 0x50
 794 03c0 08       		.uleb128 0x8
 795 03c1 2D020000 		.4byte	.LASF55
 796 03c5 05       		.byte	0x5
 797 03c6 F002     		.2byte	0x2f0
 798 03c8 A2000000 		.4byte	0xa2
ARM GAS  /tmp/ccHc3J5v.s 			page 15


 799 03cc 02       		.byte	0x2
 800 03cd 23       		.byte	0x23
 801 03ce 54       		.uleb128 0x54
 802 03cf 08       		.uleb128 0x8
 803 03d0 9B000000 		.4byte	.LASF56
 804 03d4 05       		.byte	0x5
 805 03d5 F102     		.2byte	0x2f1
 806 03d7 A2000000 		.4byte	0xa2
 807 03db 02       		.byte	0x2
 808 03dc 23       		.byte	0x23
 809 03dd 58       		.uleb128 0x58
 810 03de 08       		.uleb128 0x8
 811 03df 67020000 		.4byte	.LASF57
 812 03e3 05       		.byte	0x5
 813 03e4 F202     		.2byte	0x2f2
 814 03e6 70000000 		.4byte	0x70
 815 03ea 02       		.byte	0x2
 816 03eb 23       		.byte	0x23
 817 03ec 5C       		.uleb128 0x5c
 818 03ed 08       		.uleb128 0x8
 819 03ee 08020000 		.4byte	.LASF58
 820 03f2 05       		.byte	0x5
 821 03f3 F302     		.2byte	0x2f3
 822 03f5 A2000000 		.4byte	0xa2
 823 03f9 02       		.byte	0x2
 824 03fa 23       		.byte	0x23
 825 03fb 60       		.uleb128 0x60
 826 03fc 08       		.uleb128 0x8
 827 03fd 02030000 		.4byte	.LASF59
 828 0401 05       		.byte	0x5
 829 0402 F402     		.2byte	0x2f4
 830 0404 A2000000 		.4byte	0xa2
 831 0408 02       		.byte	0x2
 832 0409 23       		.byte	0x23
 833 040a 64       		.uleb128 0x64
 834 040b 08       		.uleb128 0x8
 835 040c 71020000 		.4byte	.LASF60
 836 0410 05       		.byte	0x5
 837 0411 F502     		.2byte	0x2f5
 838 0413 93010000 		.4byte	0x193
 839 0417 02       		.byte	0x2
 840 0418 23       		.byte	0x23
 841 0419 68       		.uleb128 0x68
 842 041a 08       		.uleb128 0x8
 843 041b 34000000 		.4byte	.LASF61
 844 041f 05       		.byte	0x5
 845 0420 F602     		.2byte	0x2f6
 846 0422 A2000000 		.4byte	0xa2
 847 0426 02       		.byte	0x2
 848 0427 23       		.byte	0x23
 849 0428 70       		.uleb128 0x70
 850 0429 0E       		.uleb128 0xe
 851 042a 43535200 		.ascii	"CSR\000"
 852 042e 05       		.byte	0x5
 853 042f F702     		.2byte	0x2f7
 854 0431 A2000000 		.4byte	0xa2
 855 0435 02       		.byte	0x2
ARM GAS  /tmp/ccHc3J5v.s 			page 16


 856 0436 23       		.byte	0x23
 857 0437 74       		.uleb128 0x74
 858 0438 08       		.uleb128 0x8
 859 0439 7B020000 		.4byte	.LASF62
 860 043d 05       		.byte	0x5
 861 043e F802     		.2byte	0x2f8
 862 0440 93010000 		.4byte	0x193
 863 0444 02       		.byte	0x2
 864 0445 23       		.byte	0x23
 865 0446 78       		.uleb128 0x78
 866 0447 08       		.uleb128 0x8
 867 0448 90000000 		.4byte	.LASF63
 868 044c 05       		.byte	0x5
 869 044d F902     		.2byte	0x2f9
 870 044f A2000000 		.4byte	0xa2
 871 0453 03       		.byte	0x3
 872 0454 23       		.byte	0x23
 873 0455 8001     		.uleb128 0x80
 874 0457 08       		.uleb128 0x8
 875 0458 46000000 		.4byte	.LASF64
 876 045c 05       		.byte	0x5
 877 045d FA02     		.2byte	0x2fa
 878 045f A2000000 		.4byte	0xa2
 879 0463 03       		.byte	0x3
 880 0464 23       		.byte	0x23
 881 0465 8401     		.uleb128 0x84
 882 0467 00       		.byte	0
 883 0468 09       		.uleb128 0x9
 884 0469 1A010000 		.4byte	.LASF65
 885 046d 05       		.byte	0x5
 886 046e FB02     		.2byte	0x2fb
 887 0470 9B020000 		.4byte	0x29b
 888 0474 0F       		.uleb128 0xf
 889 0475 BF000000 		.4byte	.LASF69
 890 0479 01       		.byte	0x1
 891 047a 31       		.byte	0x31
 892 047b 01       		.byte	0x1
 893 047c 01       		.byte	0x1
 894 047d 10       		.uleb128 0x10
 895 047e 01       		.byte	0x1
 896 047f D3010000 		.4byte	.LASF70
 897 0483 01       		.byte	0x1
 898 0484 5E       		.byte	0x5e
 899 0485 01       		.byte	0x1
 900 0486 00000000 		.4byte	.LFB119
 901 048a BE000000 		.4byte	.LFE119
 902 048e 00000000 		.4byte	.LLST0
 903 0492 01       		.byte	0x1
 904 0493 B1040000 		.4byte	0x4b1
 905 0497 11       		.uleb128 0x11
 906 0498 74040000 		.4byte	0x474
 907 049c 70000000 		.4byte	.LBB4
 908 04a0 00000000 		.4byte	.Ldebug_ranges0+0
 909 04a4 01       		.byte	0x1
 910 04a5 77       		.byte	0x77
 911 04a6 12       		.uleb128 0x12
 912 04a7 BE000000 		.4byte	.LVL0
ARM GAS  /tmp/ccHc3J5v.s 			page 17


 913 04ab 01       		.byte	0x1
 914 04ac D4040000 		.4byte	0x4d4
 915 04b0 00       		.byte	0
 916 04b1 13       		.uleb128 0x13
 917 04b2 01       		.byte	0x1
 918 04b3 2F010000 		.4byte	.LASF71
 919 04b7 01       		.byte	0x1
 920 04b8 8A       		.byte	0x8a
 921 04b9 01       		.byte	0x1
 922 04ba 00000000 		.4byte	.LFB120
 923 04be DE000000 		.4byte	.LFE120
 924 04c2 02       		.byte	0x2
 925 04c3 7D       		.byte	0x7d
 926 04c4 00       		.sleb128 0
 927 04c5 01       		.byte	0x1
 928 04c6 14       		.uleb128 0x14
 929 04c7 F5020000 		.4byte	.LASF72
 930 04cb 04       		.byte	0x4
 931 04cc 9806     		.2byte	0x698
 932 04ce F5010000 		.4byte	0x1f5
 933 04d2 01       		.byte	0x1
 934 04d3 01       		.byte	0x1
 935 04d4 15       		.uleb128 0x15
 936 04d5 01       		.byte	0x1
 937 04d6 37020000 		.4byte	.LASF73
 938 04da 06       		.byte	0x6
 939 04db C101     		.2byte	0x1c1
 940 04dd 01       		.byte	0x1
 941 04de 01       		.byte	0x1
 942 04df 00       		.byte	0
 943              		.section	.debug_abbrev,"",%progbits
 944              	.Ldebug_abbrev0:
 945 0000 01       		.uleb128 0x1
 946 0001 11       		.uleb128 0x11
 947 0002 01       		.byte	0x1
 948 0003 25       		.uleb128 0x25
 949 0004 0E       		.uleb128 0xe
 950 0005 13       		.uleb128 0x13
 951 0006 0B       		.uleb128 0xb
 952 0007 03       		.uleb128 0x3
 953 0008 0E       		.uleb128 0xe
 954 0009 1B       		.uleb128 0x1b
 955 000a 0E       		.uleb128 0xe
 956 000b 55       		.uleb128 0x55
 957 000c 06       		.uleb128 0x6
 958 000d 11       		.uleb128 0x11
 959 000e 01       		.uleb128 0x1
 960 000f 52       		.uleb128 0x52
 961 0010 01       		.uleb128 0x1
 962 0011 10       		.uleb128 0x10
 963 0012 06       		.uleb128 0x6
 964 0013 00       		.byte	0
 965 0014 00       		.byte	0
 966 0015 02       		.uleb128 0x2
 967 0016 24       		.uleb128 0x24
 968 0017 00       		.byte	0
 969 0018 0B       		.uleb128 0xb
ARM GAS  /tmp/ccHc3J5v.s 			page 18


 970 0019 0B       		.uleb128 0xb
 971 001a 3E       		.uleb128 0x3e
 972 001b 0B       		.uleb128 0xb
 973 001c 03       		.uleb128 0x3
 974 001d 08       		.uleb128 0x8
 975 001e 00       		.byte	0
 976 001f 00       		.byte	0
 977 0020 03       		.uleb128 0x3
 978 0021 24       		.uleb128 0x24
 979 0022 00       		.byte	0
 980 0023 0B       		.uleb128 0xb
 981 0024 0B       		.uleb128 0xb
 982 0025 3E       		.uleb128 0x3e
 983 0026 0B       		.uleb128 0xb
 984 0027 03       		.uleb128 0x3
 985 0028 0E       		.uleb128 0xe
 986 0029 00       		.byte	0
 987 002a 00       		.byte	0
 988 002b 04       		.uleb128 0x4
 989 002c 16       		.uleb128 0x16
 990 002d 00       		.byte	0
 991 002e 03       		.uleb128 0x3
 992 002f 0E       		.uleb128 0xe
 993 0030 3A       		.uleb128 0x3a
 994 0031 0B       		.uleb128 0xb
 995 0032 3B       		.uleb128 0x3b
 996 0033 0B       		.uleb128 0xb
 997 0034 49       		.uleb128 0x49
 998 0035 13       		.uleb128 0x13
 999 0036 00       		.byte	0
 1000 0037 00       		.byte	0
 1001 0038 05       		.uleb128 0x5
 1002 0039 35       		.uleb128 0x35
 1003 003a 00       		.byte	0
 1004 003b 49       		.uleb128 0x49
 1005 003c 13       		.uleb128 0x13
 1006 003d 00       		.byte	0
 1007 003e 00       		.byte	0
 1008 003f 06       		.uleb128 0x6
 1009 0040 13       		.uleb128 0x13
 1010 0041 01       		.byte	0x1
 1011 0042 0B       		.uleb128 0xb
 1012 0043 0B       		.uleb128 0xb
 1013 0044 3A       		.uleb128 0x3a
 1014 0045 0B       		.uleb128 0xb
 1015 0046 3B       		.uleb128 0x3b
 1016 0047 0B       		.uleb128 0xb
 1017 0048 01       		.uleb128 0x1
 1018 0049 13       		.uleb128 0x13
 1019 004a 00       		.byte	0
 1020 004b 00       		.byte	0
 1021 004c 07       		.uleb128 0x7
 1022 004d 0D       		.uleb128 0xd
 1023 004e 00       		.byte	0
 1024 004f 03       		.uleb128 0x3
 1025 0050 0E       		.uleb128 0xe
 1026 0051 3A       		.uleb128 0x3a
ARM GAS  /tmp/ccHc3J5v.s 			page 19


 1027 0052 0B       		.uleb128 0xb
 1028 0053 3B       		.uleb128 0x3b
 1029 0054 0B       		.uleb128 0xb
 1030 0055 49       		.uleb128 0x49
 1031 0056 13       		.uleb128 0x13
 1032 0057 38       		.uleb128 0x38
 1033 0058 0A       		.uleb128 0xa
 1034 0059 00       		.byte	0
 1035 005a 00       		.byte	0
 1036 005b 08       		.uleb128 0x8
 1037 005c 0D       		.uleb128 0xd
 1038 005d 00       		.byte	0
 1039 005e 03       		.uleb128 0x3
 1040 005f 0E       		.uleb128 0xe
 1041 0060 3A       		.uleb128 0x3a
 1042 0061 0B       		.uleb128 0xb
 1043 0062 3B       		.uleb128 0x3b
 1044 0063 05       		.uleb128 0x5
 1045 0064 49       		.uleb128 0x49
 1046 0065 13       		.uleb128 0x13
 1047 0066 38       		.uleb128 0x38
 1048 0067 0A       		.uleb128 0xa
 1049 0068 00       		.byte	0
 1050 0069 00       		.byte	0
 1051 006a 09       		.uleb128 0x9
 1052 006b 16       		.uleb128 0x16
 1053 006c 00       		.byte	0
 1054 006d 03       		.uleb128 0x3
 1055 006e 0E       		.uleb128 0xe
 1056 006f 3A       		.uleb128 0x3a
 1057 0070 0B       		.uleb128 0xb
 1058 0071 3B       		.uleb128 0x3b
 1059 0072 05       		.uleb128 0x5
 1060 0073 49       		.uleb128 0x49
 1061 0074 13       		.uleb128 0x13
 1062 0075 00       		.byte	0
 1063 0076 00       		.byte	0
 1064 0077 0A       		.uleb128 0xa
 1065 0078 26       		.uleb128 0x26
 1066 0079 00       		.byte	0
 1067 007a 49       		.uleb128 0x49
 1068 007b 13       		.uleb128 0x13
 1069 007c 00       		.byte	0
 1070 007d 00       		.byte	0
 1071 007e 0B       		.uleb128 0xb
 1072 007f 01       		.uleb128 0x1
 1073 0080 01       		.byte	0x1
 1074 0081 49       		.uleb128 0x49
 1075 0082 13       		.uleb128 0x13
 1076 0083 01       		.uleb128 0x1
 1077 0084 13       		.uleb128 0x13
 1078 0085 00       		.byte	0
 1079 0086 00       		.byte	0
 1080 0087 0C       		.uleb128 0xc
 1081 0088 21       		.uleb128 0x21
 1082 0089 00       		.byte	0
 1083 008a 49       		.uleb128 0x49
ARM GAS  /tmp/ccHc3J5v.s 			page 20


 1084 008b 13       		.uleb128 0x13
 1085 008c 2F       		.uleb128 0x2f
 1086 008d 0B       		.uleb128 0xb
 1087 008e 00       		.byte	0
 1088 008f 00       		.byte	0
 1089 0090 0D       		.uleb128 0xd
 1090 0091 13       		.uleb128 0x13
 1091 0092 01       		.byte	0x1
 1092 0093 0B       		.uleb128 0xb
 1093 0094 0B       		.uleb128 0xb
 1094 0095 3A       		.uleb128 0x3a
 1095 0096 0B       		.uleb128 0xb
 1096 0097 3B       		.uleb128 0x3b
 1097 0098 05       		.uleb128 0x5
 1098 0099 01       		.uleb128 0x1
 1099 009a 13       		.uleb128 0x13
 1100 009b 00       		.byte	0
 1101 009c 00       		.byte	0
 1102 009d 0E       		.uleb128 0xe
 1103 009e 0D       		.uleb128 0xd
 1104 009f 00       		.byte	0
 1105 00a0 03       		.uleb128 0x3
 1106 00a1 08       		.uleb128 0x8
 1107 00a2 3A       		.uleb128 0x3a
 1108 00a3 0B       		.uleb128 0xb
 1109 00a4 3B       		.uleb128 0x3b
 1110 00a5 05       		.uleb128 0x5
 1111 00a6 49       		.uleb128 0x49
 1112 00a7 13       		.uleb128 0x13
 1113 00a8 38       		.uleb128 0x38
 1114 00a9 0A       		.uleb128 0xa
 1115 00aa 00       		.byte	0
 1116 00ab 00       		.byte	0
 1117 00ac 0F       		.uleb128 0xf
 1118 00ad 2E       		.uleb128 0x2e
 1119 00ae 00       		.byte	0
 1120 00af 03       		.uleb128 0x3
 1121 00b0 0E       		.uleb128 0xe
 1122 00b1 3A       		.uleb128 0x3a
 1123 00b2 0B       		.uleb128 0xb
 1124 00b3 3B       		.uleb128 0x3b
 1125 00b4 0B       		.uleb128 0xb
 1126 00b5 27       		.uleb128 0x27
 1127 00b6 0C       		.uleb128 0xc
 1128 00b7 20       		.uleb128 0x20
 1129 00b8 0B       		.uleb128 0xb
 1130 00b9 00       		.byte	0
 1131 00ba 00       		.byte	0
 1132 00bb 10       		.uleb128 0x10
 1133 00bc 2E       		.uleb128 0x2e
 1134 00bd 01       		.byte	0x1
 1135 00be 3F       		.uleb128 0x3f
 1136 00bf 0C       		.uleb128 0xc
 1137 00c0 03       		.uleb128 0x3
 1138 00c1 0E       		.uleb128 0xe
 1139 00c2 3A       		.uleb128 0x3a
 1140 00c3 0B       		.uleb128 0xb
ARM GAS  /tmp/ccHc3J5v.s 			page 21


 1141 00c4 3B       		.uleb128 0x3b
 1142 00c5 0B       		.uleb128 0xb
 1143 00c6 27       		.uleb128 0x27
 1144 00c7 0C       		.uleb128 0xc
 1145 00c8 11       		.uleb128 0x11
 1146 00c9 01       		.uleb128 0x1
 1147 00ca 12       		.uleb128 0x12
 1148 00cb 01       		.uleb128 0x1
 1149 00cc 40       		.uleb128 0x40
 1150 00cd 06       		.uleb128 0x6
 1151 00ce 9742     		.uleb128 0x2117
 1152 00d0 0C       		.uleb128 0xc
 1153 00d1 01       		.uleb128 0x1
 1154 00d2 13       		.uleb128 0x13
 1155 00d3 00       		.byte	0
 1156 00d4 00       		.byte	0
 1157 00d5 11       		.uleb128 0x11
 1158 00d6 1D       		.uleb128 0x1d
 1159 00d7 00       		.byte	0
 1160 00d8 31       		.uleb128 0x31
 1161 00d9 13       		.uleb128 0x13
 1162 00da 52       		.uleb128 0x52
 1163 00db 01       		.uleb128 0x1
 1164 00dc 55       		.uleb128 0x55
 1165 00dd 06       		.uleb128 0x6
 1166 00de 58       		.uleb128 0x58
 1167 00df 0B       		.uleb128 0xb
 1168 00e0 59       		.uleb128 0x59
 1169 00e1 0B       		.uleb128 0xb
 1170 00e2 00       		.byte	0
 1171 00e3 00       		.byte	0
 1172 00e4 12       		.uleb128 0x12
 1173 00e5 898201   		.uleb128 0x4109
 1174 00e8 00       		.byte	0
 1175 00e9 11       		.uleb128 0x11
 1176 00ea 01       		.uleb128 0x1
 1177 00eb 9542     		.uleb128 0x2115
 1178 00ed 0C       		.uleb128 0xc
 1179 00ee 31       		.uleb128 0x31
 1180 00ef 13       		.uleb128 0x13
 1181 00f0 00       		.byte	0
 1182 00f1 00       		.byte	0
 1183 00f2 13       		.uleb128 0x13
 1184 00f3 2E       		.uleb128 0x2e
 1185 00f4 00       		.byte	0
 1186 00f5 3F       		.uleb128 0x3f
 1187 00f6 0C       		.uleb128 0xc
 1188 00f7 03       		.uleb128 0x3
 1189 00f8 0E       		.uleb128 0xe
 1190 00f9 3A       		.uleb128 0x3a
 1191 00fa 0B       		.uleb128 0xb
 1192 00fb 3B       		.uleb128 0x3b
 1193 00fc 0B       		.uleb128 0xb
 1194 00fd 27       		.uleb128 0x27
 1195 00fe 0C       		.uleb128 0xc
 1196 00ff 11       		.uleb128 0x11
 1197 0100 01       		.uleb128 0x1
ARM GAS  /tmp/ccHc3J5v.s 			page 22


 1198 0101 12       		.uleb128 0x12
 1199 0102 01       		.uleb128 0x1
 1200 0103 40       		.uleb128 0x40
 1201 0104 0A       		.uleb128 0xa
 1202 0105 9742     		.uleb128 0x2117
 1203 0107 0C       		.uleb128 0xc
 1204 0108 00       		.byte	0
 1205 0109 00       		.byte	0
 1206 010a 14       		.uleb128 0x14
 1207 010b 34       		.uleb128 0x34
 1208 010c 00       		.byte	0
 1209 010d 03       		.uleb128 0x3
 1210 010e 0E       		.uleb128 0xe
 1211 010f 3A       		.uleb128 0x3a
 1212 0110 0B       		.uleb128 0xb
 1213 0111 3B       		.uleb128 0x3b
 1214 0112 05       		.uleb128 0x5
 1215 0113 49       		.uleb128 0x49
 1216 0114 13       		.uleb128 0x13
 1217 0115 3F       		.uleb128 0x3f
 1218 0116 0C       		.uleb128 0xc
 1219 0117 3C       		.uleb128 0x3c
 1220 0118 0C       		.uleb128 0xc
 1221 0119 00       		.byte	0
 1222 011a 00       		.byte	0
 1223 011b 15       		.uleb128 0x15
 1224 011c 2E       		.uleb128 0x2e
 1225 011d 00       		.byte	0
 1226 011e 3F       		.uleb128 0x3f
 1227 011f 0C       		.uleb128 0xc
 1228 0120 03       		.uleb128 0x3
 1229 0121 0E       		.uleb128 0xe
 1230 0122 3A       		.uleb128 0x3a
 1231 0123 0B       		.uleb128 0xb
 1232 0124 3B       		.uleb128 0x3b
 1233 0125 05       		.uleb128 0x5
 1234 0126 27       		.uleb128 0x27
 1235 0127 0C       		.uleb128 0xc
 1236 0128 3C       		.uleb128 0x3c
 1237 0129 0C       		.uleb128 0xc
 1238 012a 00       		.byte	0
 1239 012b 00       		.byte	0
 1240 012c 00       		.byte	0
 1241              		.section	.debug_loc,"",%progbits
 1242              	.Ldebug_loc0:
 1243              	.LLST0:
 1244 0000 00000000 		.4byte	.LFB119
 1245 0004 12000000 		.4byte	.LCFI0
 1246 0008 0200     		.2byte	0x2
 1247 000a 7D       		.byte	0x7d
 1248 000b 00       		.sleb128 0
 1249 000c 12000000 		.4byte	.LCFI0
 1250 0010 BE000000 		.4byte	.LFE119
 1251 0014 0200     		.2byte	0x2
 1252 0016 7D       		.byte	0x7d
 1253 0017 04       		.sleb128 4
 1254 0018 00000000 		.4byte	0
ARM GAS  /tmp/ccHc3J5v.s 			page 23


 1255 001c 00000000 		.4byte	0
 1256              		.section	.debug_aranges,"",%progbits
 1257 0000 24000000 		.4byte	0x24
 1258 0004 0200     		.2byte	0x2
 1259 0006 00000000 		.4byte	.Ldebug_info0
 1260 000a 04       		.byte	0x4
 1261 000b 00       		.byte	0
 1262 000c 0000     		.2byte	0
 1263 000e 0000     		.2byte	0
 1264 0010 00000000 		.4byte	.LFB119
 1265 0014 BE000000 		.4byte	.LFE119-.LFB119
 1266 0018 00000000 		.4byte	.LFB120
 1267 001c DE000000 		.4byte	.LFE120-.LFB120
 1268 0020 00000000 		.4byte	0
 1269 0024 00000000 		.4byte	0
 1270              		.section	.debug_ranges,"",%progbits
 1271              	.Ldebug_ranges0:
 1272 0000 70000000 		.4byte	.LBB4
 1273 0004 78000000 		.4byte	.LBE4
 1274 0008 7E000000 		.4byte	.LBB7
 1275 000c B8000000 		.4byte	.LBE7
 1276 0010 00000000 		.4byte	0
 1277 0014 00000000 		.4byte	0
 1278 0018 00000000 		.4byte	.LFB119
 1279 001c BE000000 		.4byte	.LFE119
 1280 0020 00000000 		.4byte	.LFB120
 1281 0024 DE000000 		.4byte	.LFE120
 1282 0028 00000000 		.4byte	0
 1283 002c 00000000 		.4byte	0
 1284              		.section	.debug_line,"",%progbits
 1285              	.Ldebug_line0:
 1286 0000 FA010000 		.section	.debug_str,"MS",%progbits,1
 1286      02005201 
 1286      00000201 
 1286      FB0E0D00 
 1286      01010101 
 1287              	.LASF54:
 1288 0000 41484231 		.ascii	"AHB1LPENR\000"
 1288      4C50454E 
 1288      5200
 1289              	.LASF44:
 1290 000a 41504231 		.ascii	"APB1RSTR\000"
 1290      52535452 
 1290      00
 1291              	.LASF48:
 1292 0013 41484232 		.ascii	"AHB2ENR\000"
 1292      454E5200 
 1293              	.LASF18:
 1294 001b 44454D43 		.ascii	"DEMCR\000"
 1294      5200
 1295              	.LASF3:
 1296 0021 73686F72 		.ascii	"short int\000"
 1296      7420696E 
 1296      7400
 1297              	.LASF14:
 1298 002b 73697A65 		.ascii	"sizetype\000"
 1298      74797065 
ARM GAS  /tmp/ccHc3J5v.s 			page 24


 1298      00
 1299              	.LASF61:
 1300 0034 42444352 		.ascii	"BDCR\000"
 1300      00
 1301              	.LASF27:
 1302 0039 50435352 		.ascii	"PCSR\000"
 1302      00
 1303              	.LASF26:
 1304 003e 464F4C44 		.ascii	"FOLDCNT\000"
 1304      434E5400 
 1305              	.LASF64:
 1306 0046 504C4C49 		.ascii	"PLLI2SCFGR\000"
 1306      32534346 
 1306      475200
 1307              	.LASF68:
 1308 0051 2F686F6D 		.ascii	"/home/rob/Projects/stm32/src/rocket_tracks\000"
 1308      652F726F 
 1308      622F5072 
 1308      6F6A6563 
 1308      74732F73 
 1309              	.LASF37:
 1310 007c 5057525F 		.ascii	"PWR_TypeDef\000"
 1310      54797065 
 1310      44656600 
 1311              	.LASF28:
 1312 0088 434D785F 		.ascii	"CMx_DWT\000"
 1312      44575400 
 1313              	.LASF63:
 1314 0090 53534347 		.ascii	"SSCGR\000"
 1314      5200
 1315              	.LASF20:
 1316 0096 4354524C 		.ascii	"CTRL\000"
 1316      00
 1317              	.LASF56:
 1318 009b 41484233 		.ascii	"AHB3LPENR\000"
 1318      4C50454E 
 1318      5200
 1319              	.LASF39:
 1320 00a5 43464752 		.ascii	"CFGR\000"
 1320      00
 1321              	.LASF22:
 1322 00aa 43504943 		.ascii	"CPICNT\000"
 1322      4E5400
 1323              	.LASF51:
 1324 00b1 41504231 		.ascii	"APB1ENR\000"
 1324      454E5200 
 1325              	.LASF16:
 1326 00b9 44435253 		.ascii	"DCRSR\000"
 1326      5200
 1327              	.LASF69:
 1328 00bf 68616C5F 		.ascii	"hal_lld_backup_domain_init\000"
 1328      6C6C645F 
 1328      6261636B 
 1328      75705F64 
 1328      6F6D6169 
 1329              	.LASF17:
 1330 00da 44435244 		.ascii	"DCRDR\000"
ARM GAS  /tmp/ccHc3J5v.s 			page 25


 1330      5200
 1331              	.LASF13:
 1332 00e0 494F5245 		.ascii	"IOREG32\000"
 1332      47333200 
 1333              	.LASF34:
 1334 00e8 4F50544B 		.ascii	"OPTKEYR\000"
 1334      45595200 
 1335              	.LASF10:
 1336 00f0 6C6F6E67 		.ascii	"long long int\000"
 1336      206C6F6E 
 1336      6720696E 
 1336      7400
 1337              	.LASF21:
 1338 00fe 43594343 		.ascii	"CYCCNT\000"
 1338      4E5400
 1339              	.LASF31:
 1340 0105 43414C49 		.ascii	"CALIB\000"
 1340      4200
 1341              	.LASF15:
 1342 010b 44484353 		.ascii	"DHCSR\000"
 1342      5200
 1343              	.LASF7:
 1344 0111 6C6F6E67 		.ascii	"long int\000"
 1344      20696E74 
 1344      00
 1345              	.LASF65:
 1346 011a 5243435F 		.ascii	"RCC_TypeDef\000"
 1346      54797065 
 1346      44656600 
 1347              	.LASF45:
 1348 0126 41504232 		.ascii	"APB2RSTR\000"
 1348      52535452 
 1348      00
 1349              	.LASF71:
 1350 012f 73746D33 		.ascii	"stm32_clock_init\000"
 1350      325F636C 
 1350      6F636B5F 
 1350      696E6974 
 1350      00
 1351              	.LASF49:
 1352 0140 41484233 		.ascii	"AHB3ENR\000"
 1352      454E5200 
 1353              	.LASF33:
 1354 0148 4B455952 		.ascii	"KEYR\000"
 1354      00
 1355              	.LASF23:
 1356 014d 45584343 		.ascii	"EXCCNT\000"
 1356      4E5400
 1357              	.LASF2:
 1358 0154 756E7369 		.ascii	"unsigned char\000"
 1358      676E6564 
 1358      20636861 
 1358      7200
 1359              	.LASF52:
 1360 0162 41504232 		.ascii	"APB2ENR\000"
 1360      454E5200 
 1361              	.LASF1:
ARM GAS  /tmp/ccHc3J5v.s 			page 26


 1362 016a 7369676E 		.ascii	"signed char\000"
 1362      65642063 
 1362      68617200 
 1363              	.LASF11:
 1364 0176 6C6F6E67 		.ascii	"long long unsigned int\000"
 1364      206C6F6E 
 1364      6720756E 
 1364      7369676E 
 1364      65642069 
 1365              	.LASF8:
 1366 018d 75696E74 		.ascii	"uint32_t\000"
 1366      33325F74 
 1366      00
 1367              	.LASF0:
 1368 0196 756E7369 		.ascii	"unsigned int\000"
 1368      676E6564 
 1368      20696E74 
 1368      00
 1369              	.LASF41:
 1370 01a3 41484232 		.ascii	"AHB2RSTR\000"
 1370      52535452 
 1370      00
 1371              	.LASF5:
 1372 01ac 75696E74 		.ascii	"uint16_t\000"
 1372      31365F74 
 1372      00
 1373              	.LASF66:
 1374 01b5 474E5520 		.ascii	"GNU C 4.7.2\000"
 1374      4320342E 
 1374      372E3200 
 1375              	.LASF9:
 1376 01c1 6C6F6E67 		.ascii	"long unsigned int\000"
 1376      20756E73 
 1376      69676E65 
 1376      6420696E 
 1376      7400
 1377              	.LASF70:
 1378 01d3 68616C5F 		.ascii	"hal_lld_init\000"
 1378      6C6C645F 
 1378      696E6974 
 1378      00
 1379              	.LASF38:
 1380 01e0 504C4C43 		.ascii	"PLLCFGR\000"
 1380      46475200 
 1381              	.LASF32:
 1382 01e8 53797354 		.ascii	"SysTick_Type\000"
 1382      69636B5F 
 1382      54797065 
 1382      00
 1383              	.LASF4:
 1384 01f5 73686F72 		.ascii	"short unsigned int\000"
 1384      7420756E 
 1384      7369676E 
 1384      65642069 
 1384      6E7400
 1385              	.LASF58:
 1386 0208 41504231 		.ascii	"APB1LPENR\000"
ARM GAS  /tmp/ccHc3J5v.s 			page 27


 1386      4C50454E 
 1386      5200
 1387              	.LASF29:
 1388 0212 63686172 		.ascii	"char\000"
 1388      00
 1389              	.LASF19:
 1390 0217 434D785F 		.ascii	"CMx_SCS\000"
 1390      53435300 
 1391              	.LASF6:
 1392 021f 696E7433 		.ascii	"int32_t\000"
 1392      325F7400 
 1393              	.LASF12:
 1394 0227 5F426F6F 		.ascii	"_Bool\000"
 1394      6C00
 1395              	.LASF55:
 1396 022d 41484232 		.ascii	"AHB2LPENR\000"
 1396      4C50454E 
 1396      5200
 1397              	.LASF73:
 1398 0237 646D6149 		.ascii	"dmaInit\000"
 1398      6E697400 
 1399              	.LASF43:
 1400 023f 52455345 		.ascii	"RESERVED0\000"
 1400      52564544 
 1400      3000
 1401              	.LASF46:
 1402 0249 52455345 		.ascii	"RESERVED1\000"
 1402      52564544 
 1402      3100
 1403              	.LASF50:
 1404 0253 52455345 		.ascii	"RESERVED2\000"
 1404      52564544 
 1404      3200
 1405              	.LASF53:
 1406 025d 52455345 		.ascii	"RESERVED3\000"
 1406      52564544 
 1406      3300
 1407              	.LASF57:
 1408 0267 52455345 		.ascii	"RESERVED4\000"
 1408      52564544 
 1408      3400
 1409              	.LASF60:
 1410 0271 52455345 		.ascii	"RESERVED5\000"
 1410      52564544 
 1410      3500
 1411              	.LASF62:
 1412 027b 52455345 		.ascii	"RESERVED6\000"
 1412      52564544 
 1412      3600
 1413              	.LASF67:
 1414 0285 2E2E2F2E 		.ascii	"../../ChibiOS/os/hal/platforms/STM32F4xx/hal_lld.c\000"
 1414      2E2F4368 
 1414      6962694F 
 1414      532F6F73 
 1414      2F68616C 
 1415              	.LASF24:
 1416 02b8 534C4545 		.ascii	"SLEEPCNT\000"
ARM GAS  /tmp/ccHc3J5v.s 			page 28


 1416      50434E54 
 1416      00
 1417              	.LASF25:
 1418 02c1 4C535543 		.ascii	"LSUCNT\000"
 1418      4E5400
 1419              	.LASF30:
 1420 02c8 4C4F4144 		.ascii	"LOAD\000"
 1420      00
 1421              	.LASF40:
 1422 02cd 41484231 		.ascii	"AHB1RSTR\000"
 1422      52535452 
 1422      00
 1423              	.LASF47:
 1424 02d6 41484231 		.ascii	"AHB1ENR\000"
 1424      454E5200 
 1425              	.LASF42:
 1426 02de 41484233 		.ascii	"AHB3RSTR\000"
 1426      52535452 
 1426      00
 1427              	.LASF36:
 1428 02e7 464C4153 		.ascii	"FLASH_TypeDef\000"
 1428      485F5479 
 1428      70654465 
 1428      6600
 1429              	.LASF72:
 1430 02f5 49544D5F 		.ascii	"ITM_RxBuffer\000"
 1430      52784275 
 1430      66666572 
 1430      00
 1431              	.LASF59:
 1432 0302 41504232 		.ascii	"APB2LPENR\000"
 1432      4C50454E 
 1432      5200
 1433              	.LASF35:
 1434 030c 4F505443 		.ascii	"OPTCR\000"
 1434      5200
 1435              		.ident	"GCC: (crosstool-NG 1.17.0 - PSAS ST32F4 GFE) 4.7.2"
ARM GAS  /tmp/ccHc3J5v.s 			page 29


DEFINED SYMBOLS
                            *ABS*:0000000000000000 hal_lld.c
     /tmp/ccHc3J5v.s:21     .text.hal_lld_init:0000000000000000 $t
     /tmp/ccHc3J5v.s:27     .text.hal_lld_init:0000000000000000 hal_lld_init
     /tmp/ccHc3J5v.s:153    .text.stm32_clock_init:0000000000000000 $t
     /tmp/ccHc3J5v.s:159    .text.stm32_clock_init:0000000000000000 stm32_clock_init
                     .debug_frame:0000000000000010 $d

UNDEFINED SYMBOLS
dmaInit
