ARM GAS  /tmp/cc8iUDFS.s 			page 1


   1              		.syntax unified
   2              		.cpu cortex-m4
   3              		.eabi_attribute 27, 3
   4              		.eabi_attribute 28, 1
   5              		.fpu fpv4-sp-d16
   6              		.eabi_attribute 20, 1
   7              		.eabi_attribute 21, 1
   8              		.eabi_attribute 23, 3
   9              		.eabi_attribute 24, 1
  10              		.eabi_attribute 25, 1
  11              		.eabi_attribute 26, 1
  12              		.eabi_attribute 30, 2
  13              		.eabi_attribute 34, 1
  14              		.eabi_attribute 18, 4
  15              		.thumb
  16              		.file	"icu.c"
  17              		.text
  18              	.Ltext0:
  19              		.cfi_sections	.debug_frame
  20              	.Letext0:
  21              		.file 1 "/opt/psas/x-tools/stm32f407/arm-psas-eabi/bin/../lib/gcc/arm-psas-eabi/4.7.2/../../../../
  22              		.file 2 "../../ChibiOS/os/ports/common/ARMCMx/CMSIS/include/core_cm4.h"
  23              		.section	.debug_info,"",%progbits
  24              	.Ldebug_info0:
  25 0000 93000000 		.4byte	0x93
  26 0004 0200     		.2byte	0x2
  27 0006 00000000 		.4byte	.Ldebug_abbrev0
  28 000a 04       		.byte	0x4
  29 000b 01       		.uleb128 0x1
  30 000c 65000000 		.4byte	.LASF12
  31 0010 01       		.byte	0x1
  32 0011 46000000 		.4byte	.LASF13
  33 0015 0E000000 		.4byte	.LASF14
  34 0019 00000000 		.4byte	.Ldebug_line0
  35 001d 02       		.uleb128 0x2
  36 001e 04       		.byte	0x4
  37 001f 05       		.byte	0x5
  38 0020 696E7400 		.ascii	"int\000"
  39 0024 03       		.uleb128 0x3
  40 0025 04       		.byte	0x4
  41 0026 07       		.byte	0x7
  42 0027 39000000 		.4byte	.LASF0
  43 002b 03       		.uleb128 0x3
  44 002c 01       		.byte	0x1
  45 002d 06       		.byte	0x6
  46 002e DC000000 		.4byte	.LASF1
  47 0032 03       		.uleb128 0x3
  48 0033 01       		.byte	0x1
  49 0034 08       		.byte	0x8
  50 0035 AD000000 		.4byte	.LASF2
  51 0039 03       		.uleb128 0x3
  52 003a 02       		.byte	0x2
  53 003b 05       		.byte	0x5
  54 003c E8000000 		.4byte	.LASF3
  55 0040 03       		.uleb128 0x3
  56 0041 02       		.byte	0x2
  57 0042 07       		.byte	0x7
ARM GAS  /tmp/cc8iUDFS.s 			page 2


  58 0043 9A000000 		.4byte	.LASF4
  59 0047 04       		.uleb128 0x4
  60 0048 F2000000 		.4byte	.LASF15
  61 004c 01       		.byte	0x1
  62 004d 4F       		.byte	0x4f
  63 004e 52000000 		.4byte	0x52
  64 0052 03       		.uleb128 0x3
  65 0053 04       		.byte	0x4
  66 0054 05       		.byte	0x5
  67 0055 C0000000 		.4byte	.LASF5
  68 0059 03       		.uleb128 0x3
  69 005a 04       		.byte	0x4
  70 005b 07       		.byte	0x7
  71 005c 71000000 		.4byte	.LASF6
  72 0060 03       		.uleb128 0x3
  73 0061 08       		.byte	0x8
  74 0062 05       		.byte	0x5
  75 0063 00000000 		.4byte	.LASF7
  76 0067 03       		.uleb128 0x3
  77 0068 08       		.byte	0x8
  78 0069 07       		.byte	0x7
  79 006a 83000000 		.4byte	.LASF8
  80 006e 03       		.uleb128 0x3
  81 006f 01       		.byte	0x1
  82 0070 02       		.byte	0x2
  83 0071 C9000000 		.4byte	.LASF9
  84 0075 03       		.uleb128 0x3
  85 0076 04       		.byte	0x4
  86 0077 07       		.byte	0x7
  87 0078 FA000000 		.4byte	.LASF10
  88 007c 03       		.uleb128 0x3
  89 007d 01       		.byte	0x1
  90 007e 08       		.byte	0x8
  91 007f BB000000 		.4byte	.LASF11
  92 0083 05       		.uleb128 0x5
  93 0084 47000000 		.4byte	0x47
  94 0088 06       		.uleb128 0x6
  95 0089 CF000000 		.4byte	.LASF16
  96 008d 02       		.byte	0x2
  97 008e 9806     		.2byte	0x698
  98 0090 83000000 		.4byte	0x83
  99 0094 01       		.byte	0x1
 100 0095 01       		.byte	0x1
 101 0096 00       		.byte	0
 102              		.section	.debug_abbrev,"",%progbits
 103              	.Ldebug_abbrev0:
 104 0000 01       		.uleb128 0x1
 105 0001 11       		.uleb128 0x11
 106 0002 01       		.byte	0x1
 107 0003 25       		.uleb128 0x25
 108 0004 0E       		.uleb128 0xe
 109 0005 13       		.uleb128 0x13
 110 0006 0B       		.uleb128 0xb
 111 0007 03       		.uleb128 0x3
 112 0008 0E       		.uleb128 0xe
 113 0009 1B       		.uleb128 0x1b
 114 000a 0E       		.uleb128 0xe
ARM GAS  /tmp/cc8iUDFS.s 			page 3


 115 000b 10       		.uleb128 0x10
 116 000c 06       		.uleb128 0x6
 117 000d 00       		.byte	0
 118 000e 00       		.byte	0
 119 000f 02       		.uleb128 0x2
 120 0010 24       		.uleb128 0x24
 121 0011 00       		.byte	0
 122 0012 0B       		.uleb128 0xb
 123 0013 0B       		.uleb128 0xb
 124 0014 3E       		.uleb128 0x3e
 125 0015 0B       		.uleb128 0xb
 126 0016 03       		.uleb128 0x3
 127 0017 08       		.uleb128 0x8
 128 0018 00       		.byte	0
 129 0019 00       		.byte	0
 130 001a 03       		.uleb128 0x3
 131 001b 24       		.uleb128 0x24
 132 001c 00       		.byte	0
 133 001d 0B       		.uleb128 0xb
 134 001e 0B       		.uleb128 0xb
 135 001f 3E       		.uleb128 0x3e
 136 0020 0B       		.uleb128 0xb
 137 0021 03       		.uleb128 0x3
 138 0022 0E       		.uleb128 0xe
 139 0023 00       		.byte	0
 140 0024 00       		.byte	0
 141 0025 04       		.uleb128 0x4
 142 0026 16       		.uleb128 0x16
 143 0027 00       		.byte	0
 144 0028 03       		.uleb128 0x3
 145 0029 0E       		.uleb128 0xe
 146 002a 3A       		.uleb128 0x3a
 147 002b 0B       		.uleb128 0xb
 148 002c 3B       		.uleb128 0x3b
 149 002d 0B       		.uleb128 0xb
 150 002e 49       		.uleb128 0x49
 151 002f 13       		.uleb128 0x13
 152 0030 00       		.byte	0
 153 0031 00       		.byte	0
 154 0032 05       		.uleb128 0x5
 155 0033 35       		.uleb128 0x35
 156 0034 00       		.byte	0
 157 0035 49       		.uleb128 0x49
 158 0036 13       		.uleb128 0x13
 159 0037 00       		.byte	0
 160 0038 00       		.byte	0
 161 0039 06       		.uleb128 0x6
 162 003a 34       		.uleb128 0x34
 163 003b 00       		.byte	0
 164 003c 03       		.uleb128 0x3
 165 003d 0E       		.uleb128 0xe
 166 003e 3A       		.uleb128 0x3a
 167 003f 0B       		.uleb128 0xb
 168 0040 3B       		.uleb128 0x3b
 169 0041 05       		.uleb128 0x5
 170 0042 49       		.uleb128 0x49
 171 0043 13       		.uleb128 0x13
ARM GAS  /tmp/cc8iUDFS.s 			page 4


 172 0044 3F       		.uleb128 0x3f
 173 0045 0C       		.uleb128 0xc
 174 0046 3C       		.uleb128 0x3c
 175 0047 0C       		.uleb128 0xc
 176 0048 00       		.byte	0
 177 0049 00       		.byte	0
 178 004a 00       		.byte	0
 179              		.section	.debug_aranges,"",%progbits
 180 0000 14000000 		.4byte	0x14
 181 0004 0200     		.2byte	0x2
 182 0006 00000000 		.4byte	.Ldebug_info0
 183 000a 04       		.byte	0x4
 184 000b 00       		.byte	0
 185 000c 0000     		.2byte	0
 186 000e 0000     		.2byte	0
 187 0010 00000000 		.4byte	0
 188 0014 00000000 		.4byte	0
 189              		.section	.debug_line,"",%progbits
 190              	.Ldebug_line0:
 191 0000 D5000000 		.section	.debug_str,"MS",%progbits,1
 191      0200CF00 
 191      00000201 
 191      FB0E0D00 
 191      01010101 
 192              	.LASF7:
 193 0000 6C6F6E67 		.ascii	"long long int\000"
 193      206C6F6E 
 193      6720696E 
 193      7400
 194              	.LASF14:
 195 000e 2F686F6D 		.ascii	"/home/rob/Projects/stm32/src/rocket_tracks\000"
 195      652F726F 
 195      622F5072 
 195      6F6A6563 
 195      74732F73 
 196              	.LASF0:
 197 0039 756E7369 		.ascii	"unsigned int\000"
 197      676E6564 
 197      20696E74 
 197      00
 198              	.LASF13:
 199 0046 2E2E2F2E 		.ascii	"../../ChibiOS/os/hal/src/icu.c\000"
 199      2E2F4368 
 199      6962694F 
 199      532F6F73 
 199      2F68616C 
 200              	.LASF12:
 201 0065 474E5520 		.ascii	"GNU C 4.7.2\000"
 201      4320342E 
 201      372E3200 
 202              	.LASF6:
 203 0071 6C6F6E67 		.ascii	"long unsigned int\000"
 203      20756E73 
 203      69676E65 
 203      6420696E 
 203      7400
 204              	.LASF8:
ARM GAS  /tmp/cc8iUDFS.s 			page 5


 205 0083 6C6F6E67 		.ascii	"long long unsigned int\000"
 205      206C6F6E 
 205      6720756E 
 205      7369676E 
 205      65642069 
 206              	.LASF4:
 207 009a 73686F72 		.ascii	"short unsigned int\000"
 207      7420756E 
 207      7369676E 
 207      65642069 
 207      6E7400
 208              	.LASF2:
 209 00ad 756E7369 		.ascii	"unsigned char\000"
 209      676E6564 
 209      20636861 
 209      7200
 210              	.LASF11:
 211 00bb 63686172 		.ascii	"char\000"
 211      00
 212              	.LASF5:
 213 00c0 6C6F6E67 		.ascii	"long int\000"
 213      20696E74 
 213      00
 214              	.LASF9:
 215 00c9 5F426F6F 		.ascii	"_Bool\000"
 215      6C00
 216              	.LASF16:
 217 00cf 49544D5F 		.ascii	"ITM_RxBuffer\000"
 217      52784275 
 217      66666572 
 217      00
 218              	.LASF1:
 219 00dc 7369676E 		.ascii	"signed char\000"
 219      65642063 
 219      68617200 
 220              	.LASF3:
 221 00e8 73686F72 		.ascii	"short int\000"
 221      7420696E 
 221      7400
 222              	.LASF15:
 223 00f2 696E7433 		.ascii	"int32_t\000"
 223      325F7400 
 224              	.LASF10:
 225 00fa 73697A65 		.ascii	"sizetype\000"
 225      74797065 
 225      00
 226              		.ident	"GCC: (crosstool-NG 1.17.0 - PSAS ST32F4 GFE) 4.7.2"
ARM GAS  /tmp/cc8iUDFS.s 			page 6


DEFINED SYMBOLS
                            *ABS*:0000000000000000 icu.c

NO UNDEFINED SYMBOLS
