ARM GAS  /tmp/ccC4pYh6.s 			page 1


   1              		.syntax unified
   2              		.cpu cortex-m4
   3              		.eabi_attribute 27, 3
   4              		.eabi_attribute 28, 1
   5              		.fpu fpv4-sp-d16
   6              		.eabi_attribute 20, 1
   7              		.eabi_attribute 21, 1
   8              		.eabi_attribute 23, 3
   9              		.eabi_attribute 24, 1
  10              		.eabi_attribute 25, 1
  11              		.eabi_attribute 26, 1
  12              		.eabi_attribute 30, 2
  13              		.eabi_attribute 34, 1
  14              		.eabi_attribute 18, 4
  15              		.thumb
  16              		.file	"nvic.c"
  17              		.text
  18              	.Ltext0:
  19              		.cfi_sections	.debug_frame
  20              		.section	.text.nvicEnableVector,"ax",%progbits
  21              		.align	2
  22              		.p2align 4,,15
  23              		.global	nvicEnableVector
  24              		.thumb
  25              		.thumb_func
  26              		.type	nvicEnableVector, %function
  27              	nvicEnableVector:
  28              	.LFB7:
  29              		.file 1 "../../ChibiOS/os/ports/common/ARMCMx/nvic.c"
  30              		.loc 1 39 0
  31              		.cfi_startproc
  32              		@ args = 0, pretend = 0, frame = 0
  33              		@ frame_needed = 0, uses_anonymous_args = 0
  34              		@ link register save eliminated.
  35              	.LVL0:
  36 0000 F0B4     		push	{r4, r5, r6, r7}
  37              	.LCFI0:
  38              		.cfi_def_cfa_offset 16
  39              		.cfi_offset 4, -16
  40              		.cfi_offset 5, -12
  41              		.cfi_offset 6, -8
  42              		.cfi_offset 7, -4
  43              		.loc 1 42 0
  44 0002 4FF46143 		mov	r3, #57600
  45 0006 8408     		lsrs	r4, r0, #2
  46 0008 CEF20003 		movt	r3, 57344
  47 000c C034     		adds	r4, r4, #192
  48              		.loc 1 40 0
  49 000e 00F00305 		and	r5, r0, #3
  50              		.loc 1 42 0
  51 0012 53F82470 		ldr	r7, [r3, r4, lsl #2]
  52              		.loc 1 40 0
  53 0016 ED00     		lsls	r5, r5, #3
  54              	.LVL1:
  55              		.loc 1 42 0
  56 0018 FF26     		movs	r6, #255
  57              		.loc 1 43 0
ARM GAS  /tmp/ccC4pYh6.s 			page 2


  58 001a 4209     		lsrs	r2, r0, #5
  59              		.loc 1 42 0
  60 001c 06FA05F6 		lsl	r6, r6, r5
  61 0020 27EA0606 		bic	r6, r7, r6
  62 0024 01FA05F5 		lsl	r5, r1, r5
  63              	.LVL2:
  64              		.loc 1 43 0
  65 0028 00F01F00 		and	r0, r0, #31
  66              	.LVL3:
  67 002c 02F16007 		add	r7, r2, #96
  68 0030 0121     		movs	r1, #1
  69              	.LVL4:
  70 0032 01FA00F0 		lsl	r0, r1, r0
  71              		.loc 1 42 0
  72 0036 2E43     		orrs	r6, r6, r5
  73 0038 43F82460 		str	r6, [r3, r4, lsl #2]
  74              		.loc 1 43 0
  75 003c 43F82700 		str	r0, [r3, r7, lsl #2]
  76              		.loc 1 44 0
  77 0040 43F82200 		str	r0, [r3, r2, lsl #2]
  78              		.loc 1 45 0
  79 0044 F0BC     		pop	{r4, r5, r6, r7}
  80 0046 7047     		bx	lr
  81              		.cfi_endproc
  82              	.LFE7:
  83              		.size	nvicEnableVector, .-nvicEnableVector
  84 0048 AFF30080 		.section	.text.nvicDisableVector,"ax",%progbits
  84      AFF30080 
  85              		.align	2
  86              		.p2align 4,,15
  87              		.global	nvicDisableVector
  88              		.thumb
  89              		.thumb_func
  90              		.type	nvicDisableVector, %function
  91              	nvicDisableVector:
  92              	.LFB8:
  93              		.loc 1 53 0
  94              		.cfi_startproc
  95              		@ args = 0, pretend = 0, frame = 0
  96              		@ frame_needed = 0, uses_anonymous_args = 0
  97              		@ link register save eliminated.
  98              	.LVL5:
  99              		.loc 1 56 0
 100 0000 4109     		lsrs	r1, r0, #5
 101 0002 4FF46143 		mov	r3, #57600
 102              		.loc 1 53 0
 103 0006 10B4     		push	{r4}
 104              	.LCFI1:
 105              		.cfi_def_cfa_offset 4
 106              		.cfi_offset 4, -4
 107              		.loc 1 56 0
 108 0008 CEF20003 		movt	r3, 57344
 109 000c 00F01F02 		and	r2, r0, #31
 110 0010 2031     		adds	r1, r1, #32
 111 0012 0124     		movs	r4, #1
 112 0014 04FA02F4 		lsl	r4, r4, r2
 113              		.loc 1 57 0
ARM GAS  /tmp/ccC4pYh6.s 			page 3


 114 0018 8208     		lsrs	r2, r0, #2
 115              		.loc 1 56 0
 116 001a 43F82140 		str	r4, [r3, r1, lsl #2]
 117              		.loc 1 57 0
 118 001e C032     		adds	r2, r2, #192
 119              		.loc 1 54 0
 120 0020 00F00300 		and	r0, r0, #3
 121              	.LVL6:
 122              		.loc 1 57 0
 123 0024 53F82210 		ldr	r1, [r3, r2, lsl #2]
 124              		.loc 1 54 0
 125 0028 C000     		lsls	r0, r0, #3
 126              	.LVL7:
 127              		.loc 1 57 0
 128 002a FF24     		movs	r4, #255
 129 002c 04FA00F0 		lsl	r0, r4, r0
 130              	.LVL8:
 131 0030 21EA0000 		bic	r0, r1, r0
 132 0034 43F82200 		str	r0, [r3, r2, lsl #2]
 133              		.loc 1 58 0
 134 0038 10BC     		pop	{r4}
 135 003a 7047     		bx	lr
 136              		.cfi_endproc
 137              	.LFE8:
 138              		.size	nvicDisableVector, .-nvicDisableVector
 139 003c AFF30080 		.section	.text.nvicSetSystemHandlerPriority,"ax",%progbits
 140              		.align	2
 141              		.p2align 4,,15
 142              		.global	nvicSetSystemHandlerPriority
 143              		.thumb
 144              		.thumb_func
 145              		.type	nvicSetSystemHandlerPriority, %function
 146              	nvicSetSystemHandlerPriority:
 147              	.LFB9:
 148              		.loc 1 67 0
 149              		.cfi_startproc
 150              		@ args = 0, pretend = 0, frame = 0
 151              		@ frame_needed = 0, uses_anonymous_args = 0
 152              		@ link register save eliminated.
 153              	.LVL9:
 154              		.loc 1 70 0
 155 0000 8208     		lsrs	r2, r0, #2
 156 0002 4FF46D43 		mov	r3, #60672
 157 0006 CEF20003 		movt	r3, 57344
 158 000a 0632     		adds	r2, r2, #6
 159              		.loc 1 68 0
 160 000c 00F00300 		and	r0, r0, #3
 161              	.LVL10:
 162              		.loc 1 67 0
 163 0010 30B4     		push	{r4, r5}
 164              	.LCFI2:
 165              		.cfi_def_cfa_offset 8
 166              		.cfi_offset 4, -8
 167              		.cfi_offset 5, -4
 168              		.loc 1 68 0
 169 0012 C000     		lsls	r0, r0, #3
 170              	.LVL11:
ARM GAS  /tmp/ccC4pYh6.s 			page 4


 171              		.loc 1 70 0
 172 0014 53F82250 		ldr	r5, [r3, r2, lsl #2]
 173              		.loc 1 71 0
 174 0018 FF24     		movs	r4, #255
 175 001a 04FA00F4 		lsl	r4, r4, r0
 176              		.loc 1 70 0
 177 001e 25EA0404 		bic	r4, r5, r4
 178              		.loc 1 71 0
 179 0022 01FA00F1 		lsl	r1, r1, r0
 180              	.LVL12:
 181 0026 0C43     		orrs	r4, r4, r1
 182              		.loc 1 70 0
 183 0028 43F82240 		str	r4, [r3, r2, lsl #2]
 184              		.loc 1 72 0
 185 002c 30BC     		pop	{r4, r5}
 186 002e 7047     		bx	lr
 187              		.cfi_endproc
 188              	.LFE9:
 189              		.size	nvicSetSystemHandlerPriority, .-nvicSetSystemHandlerPriority
 190              		.text
 191              	.Letext0:
 192              		.file 2 "/opt/psas/x-tools/stm32f407/arm-psas-eabi/bin/../lib/gcc/arm-psas-eabi/4.7.2/../../../../
 193              		.file 3 "../../ChibiOS/os/ports/common/ARMCMx/nvic.h"
 194              		.section	.debug_info,"",%progbits
 195              	.Ldebug_info0:
 196 0000 51040000 		.4byte	0x451
 197 0004 0200     		.2byte	0x2
 198 0006 00000000 		.4byte	.Ldebug_abbrev0
 199 000a 04       		.byte	0x4
 200 000b 01       		.uleb128 0x1
 201 000c 8B010000 		.4byte	.LASF46
 202 0010 01       		.byte	0x1
 203 0011 00000000 		.4byte	.LASF47
 204 0015 31000000 		.4byte	.LASF48
 205 0019 00000000 		.4byte	.Ldebug_ranges0+0
 206 001d 00000000 		.4byte	0
 207 0021 00000000 		.4byte	0
 208 0025 00000000 		.4byte	.Ldebug_line0
 209 0029 02       		.uleb128 0x2
 210 002a 04       		.byte	0x4
 211 002b 05       		.byte	0x5
 212 002c 696E7400 		.ascii	"int\000"
 213 0030 03       		.uleb128 0x3
 214 0031 04       		.byte	0x4
 215 0032 07       		.byte	0x7
 216 0033 16010000 		.4byte	.LASF0
 217 0037 03       		.uleb128 0x3
 218 0038 01       		.byte	0x1
 219 0039 06       		.byte	0x6
 220 003a C4010000 		.4byte	.LASF1
 221 003e 03       		.uleb128 0x3
 222 003f 01       		.byte	0x1
 223 0040 08       		.byte	0x8
 224 0041 94000000 		.4byte	.LASF2
 225 0045 03       		.uleb128 0x3
 226 0046 02       		.byte	0x2
 227 0047 05       		.byte	0x5
ARM GAS  /tmp/ccC4pYh6.s 			page 5


 228 0048 0C010000 		.4byte	.LASF3
 229 004c 03       		.uleb128 0x3
 230 004d 02       		.byte	0x2
 231 004e 07       		.byte	0x7
 232 004f D2000000 		.4byte	.LASF4
 233 0053 03       		.uleb128 0x3
 234 0054 04       		.byte	0x4
 235 0055 05       		.byte	0x5
 236 0056 B6010000 		.4byte	.LASF5
 237 005a 04       		.uleb128 0x4
 238 005b AD010000 		.4byte	.LASF10
 239 005f 02       		.byte	0x2
 240 0060 50       		.byte	0x50
 241 0061 65000000 		.4byte	0x65
 242 0065 03       		.uleb128 0x3
 243 0066 04       		.byte	0x4
 244 0067 07       		.byte	0x7
 245 0068 EF000000 		.4byte	.LASF6
 246 006c 03       		.uleb128 0x3
 247 006d 08       		.byte	0x8
 248 006e 05       		.byte	0x5
 249 006f 72010000 		.4byte	.LASF7
 250 0073 03       		.uleb128 0x3
 251 0074 08       		.byte	0x8
 252 0075 07       		.byte	0x7
 253 0076 2D010000 		.4byte	.LASF8
 254 007a 03       		.uleb128 0x3
 255 007b 01       		.byte	0x1
 256 007c 02       		.byte	0x2
 257 007d 61000000 		.4byte	.LASF9
 258 0081 04       		.uleb128 0x4
 259 0082 8C000000 		.4byte	.LASF11
 260 0086 03       		.byte	0x3
 261 0087 33       		.byte	0x33
 262 0088 8C000000 		.4byte	0x8c
 263 008c 05       		.uleb128 0x5
 264 008d 5A000000 		.4byte	0x5a
 265 0091 06       		.uleb128 0x6
 266 0092 040E     		.2byte	0xe04
 267 0094 03       		.byte	0x3
 268 0095 63       		.byte	0x63
 269 0096 5C010000 		.4byte	0x15c
 270 009a 07       		.uleb128 0x7
 271 009b 97010000 		.4byte	.LASF12
 272 009f 03       		.byte	0x3
 273 00a0 64       		.byte	0x64
 274 00a1 73010000 		.4byte	0x173
 275 00a5 02       		.byte	0x2
 276 00a6 23       		.byte	0x23
 277 00a7 00       		.uleb128 0
 278 00a8 07       		.uleb128 0x7
 279 00a9 A2000000 		.4byte	.LASF13
 280 00ad 03       		.byte	0x3
 281 00ae 65       		.byte	0x65
 282 00af 88010000 		.4byte	0x188
 283 00b3 02       		.byte	0x2
 284 00b4 23       		.byte	0x23
ARM GAS  /tmp/ccC4pYh6.s 			page 6


 285 00b5 20       		.uleb128 0x20
 286 00b6 07       		.uleb128 0x7
 287 00b7 87000000 		.4byte	.LASF14
 288 00bb 03       		.byte	0x3
 289 00bc 66       		.byte	0x66
 290 00bd 8D010000 		.4byte	0x18d
 291 00c1 03       		.byte	0x3
 292 00c2 23       		.byte	0x23
 293 00c3 8001     		.uleb128 0x80
 294 00c5 07       		.uleb128 0x7
 295 00c6 AA000000 		.4byte	.LASF15
 296 00ca 03       		.byte	0x3
 297 00cb 67       		.byte	0x67
 298 00cc 92010000 		.4byte	0x192
 299 00d0 03       		.byte	0x3
 300 00d1 23       		.byte	0x23
 301 00d2 A001     		.uleb128 0xa0
 302 00d4 07       		.uleb128 0x7
 303 00d5 23010000 		.4byte	.LASF16
 304 00d9 03       		.byte	0x3
 305 00da 68       		.byte	0x68
 306 00db 97010000 		.4byte	0x197
 307 00df 03       		.byte	0x3
 308 00e0 23       		.byte	0x23
 309 00e1 8002     		.uleb128 0x100
 310 00e3 07       		.uleb128 0x7
 311 00e4 B2000000 		.4byte	.LASF17
 312 00e8 03       		.byte	0x3
 313 00e9 69       		.byte	0x69
 314 00ea 9C010000 		.4byte	0x19c
 315 00ee 03       		.byte	0x3
 316 00ef 23       		.byte	0x23
 317 00f0 A002     		.uleb128 0x120
 318 00f2 07       		.uleb128 0x7
 319 00f3 2C000000 		.4byte	.LASF18
 320 00f7 03       		.byte	0x3
 321 00f8 6A       		.byte	0x6a
 322 00f9 A1010000 		.4byte	0x1a1
 323 00fd 03       		.byte	0x3
 324 00fe 23       		.byte	0x23
 325 00ff 8003     		.uleb128 0x180
 326 0101 07       		.uleb128 0x7
 327 0102 BA000000 		.4byte	.LASF19
 328 0106 03       		.byte	0x3
 329 0107 6B       		.byte	0x6b
 330 0108 A6010000 		.4byte	0x1a6
 331 010c 03       		.byte	0x3
 332 010d 23       		.byte	0x23
 333 010e A003     		.uleb128 0x1a0
 334 0110 07       		.uleb128 0x7
 335 0111 ED010000 		.4byte	.LASF20
 336 0115 03       		.byte	0x3
 337 0116 6C       		.byte	0x6c
 338 0117 AB010000 		.4byte	0x1ab
 339 011b 03       		.byte	0x3
 340 011c 23       		.byte	0x23
 341 011d 8004     		.uleb128 0x200
ARM GAS  /tmp/ccC4pYh6.s 			page 7


 342 011f 07       		.uleb128 0x7
 343 0120 C2000000 		.4byte	.LASF21
 344 0124 03       		.byte	0x3
 345 0125 6D       		.byte	0x6d
 346 0126 C0010000 		.4byte	0x1c0
 347 012a 03       		.byte	0x3
 348 012b 23       		.byte	0x23
 349 012c A004     		.uleb128 0x220
 350 012e 08       		.uleb128 0x8
 351 012f 49505200 		.ascii	"IPR\000"
 352 0133 03       		.byte	0x3
 353 0134 6E       		.byte	0x6e
 354 0135 D5010000 		.4byte	0x1d5
 355 0139 03       		.byte	0x3
 356 013a 23       		.byte	0x23
 357 013b 8006     		.uleb128 0x300
 358 013d 07       		.uleb128 0x7
 359 013e CA000000 		.4byte	.LASF22
 360 0142 03       		.byte	0x3
 361 0143 6F       		.byte	0x6f
 362 0144 EB010000 		.4byte	0x1eb
 363 0148 03       		.byte	0x3
 364 0149 23       		.byte	0x23
 365 014a F007     		.uleb128 0x3f0
 366 014c 07       		.uleb128 0x7
 367 014d 07010000 		.4byte	.LASF23
 368 0151 03       		.byte	0x3
 369 0152 70       		.byte	0x70
 370 0153 81000000 		.4byte	0x81
 371 0157 03       		.byte	0x3
 372 0158 23       		.byte	0x23
 373 0159 801C     		.uleb128 0xe00
 374 015b 00       		.byte	0
 375 015c 09       		.uleb128 0x9
 376 015d 81000000 		.4byte	0x81
 377 0161 6C010000 		.4byte	0x16c
 378 0165 0A       		.uleb128 0xa
 379 0166 6C010000 		.4byte	0x16c
 380 016a 07       		.byte	0x7
 381 016b 00       		.byte	0
 382 016c 03       		.uleb128 0x3
 383 016d 04       		.byte	0x4
 384 016e 07       		.byte	0x7
 385 016f 69010000 		.4byte	.LASF24
 386 0173 05       		.uleb128 0x5
 387 0174 5C010000 		.4byte	0x15c
 388 0178 09       		.uleb128 0x9
 389 0179 81000000 		.4byte	0x81
 390 017d 88010000 		.4byte	0x188
 391 0181 0A       		.uleb128 0xa
 392 0182 6C010000 		.4byte	0x16c
 393 0186 17       		.byte	0x17
 394 0187 00       		.byte	0
 395 0188 05       		.uleb128 0x5
 396 0189 78010000 		.4byte	0x178
 397 018d 05       		.uleb128 0x5
 398 018e 5C010000 		.4byte	0x15c
ARM GAS  /tmp/ccC4pYh6.s 			page 8


 399 0192 05       		.uleb128 0x5
 400 0193 78010000 		.4byte	0x178
 401 0197 05       		.uleb128 0x5
 402 0198 5C010000 		.4byte	0x15c
 403 019c 05       		.uleb128 0x5
 404 019d 78010000 		.4byte	0x178
 405 01a1 05       		.uleb128 0x5
 406 01a2 5C010000 		.4byte	0x15c
 407 01a6 05       		.uleb128 0x5
 408 01a7 78010000 		.4byte	0x178
 409 01ab 05       		.uleb128 0x5
 410 01ac 5C010000 		.4byte	0x15c
 411 01b0 09       		.uleb128 0x9
 412 01b1 81000000 		.4byte	0x81
 413 01b5 C0010000 		.4byte	0x1c0
 414 01b9 0A       		.uleb128 0xa
 415 01ba 6C010000 		.4byte	0x16c
 416 01be 37       		.byte	0x37
 417 01bf 00       		.byte	0
 418 01c0 05       		.uleb128 0x5
 419 01c1 B0010000 		.4byte	0x1b0
 420 01c5 09       		.uleb128 0x9
 421 01c6 81000000 		.4byte	0x81
 422 01ca D5010000 		.4byte	0x1d5
 423 01ce 0A       		.uleb128 0xa
 424 01cf 6C010000 		.4byte	0x16c
 425 01d3 3B       		.byte	0x3b
 426 01d4 00       		.byte	0
 427 01d5 05       		.uleb128 0x5
 428 01d6 C5010000 		.4byte	0x1c5
 429 01da 09       		.uleb128 0x9
 430 01db 81000000 		.4byte	0x81
 431 01df EB010000 		.4byte	0x1eb
 432 01e3 0B       		.uleb128 0xb
 433 01e4 6C010000 		.4byte	0x16c
 434 01e8 8302     		.2byte	0x283
 435 01ea 00       		.byte	0
 436 01eb 05       		.uleb128 0x5
 437 01ec DA010000 		.4byte	0x1da
 438 01f0 04       		.uleb128 0x4
 439 01f1 79000000 		.4byte	.LASF25
 440 01f5 03       		.byte	0x3
 441 01f6 71       		.byte	0x71
 442 01f7 91000000 		.4byte	0x91
 443 01fb 0C       		.uleb128 0xc
 444 01fc 8C       		.byte	0x8c
 445 01fd 03       		.byte	0x3
 446 01fe 82       		.byte	0x82
 447 01ff 2B030000 		.4byte	0x32b
 448 0203 07       		.uleb128 0x7
 449 0204 80010000 		.4byte	.LASF26
 450 0208 03       		.byte	0x3
 451 0209 83       		.byte	0x83
 452 020a 81000000 		.4byte	0x81
 453 020e 02       		.byte	0x2
 454 020f 23       		.byte	0x23
 455 0210 00       		.uleb128 0
ARM GAS  /tmp/ccC4pYh6.s 			page 9


 456 0211 07       		.uleb128 0x7
 457 0212 44010000 		.4byte	.LASF27
 458 0216 03       		.byte	0x3
 459 0217 84       		.byte	0x84
 460 0218 81000000 		.4byte	0x81
 461 021c 02       		.byte	0x2
 462 021d 23       		.byte	0x23
 463 021e 04       		.uleb128 0x4
 464 021f 07       		.uleb128 0x7
 465 0220 82000000 		.4byte	.LASF28
 466 0224 03       		.byte	0x3
 467 0225 85       		.byte	0x85
 468 0226 81000000 		.4byte	0x81
 469 022a 02       		.byte	0x2
 470 022b 23       		.byte	0x23
 471 022c 08       		.uleb128 0x8
 472 022d 07       		.uleb128 0x7
 473 022e 56010000 		.4byte	.LASF29
 474 0232 03       		.byte	0x3
 475 0233 86       		.byte	0x86
 476 0234 81000000 		.4byte	0x81
 477 0238 02       		.byte	0x2
 478 0239 23       		.byte	0x23
 479 023a 0C       		.uleb128 0xc
 480 023b 08       		.uleb128 0x8
 481 023c 53435200 		.ascii	"SCR\000"
 482 0240 03       		.byte	0x3
 483 0241 87       		.byte	0x87
 484 0242 81000000 		.4byte	0x81
 485 0246 02       		.byte	0x2
 486 0247 23       		.byte	0x23
 487 0248 10       		.uleb128 0x10
 488 0249 08       		.uleb128 0x8
 489 024a 43435200 		.ascii	"CCR\000"
 490 024e 03       		.byte	0x3
 491 024f 88       		.byte	0x88
 492 0250 81000000 		.4byte	0x81
 493 0254 02       		.byte	0x2
 494 0255 23       		.byte	0x23
 495 0256 14       		.uleb128 0x14
 496 0257 07       		.uleb128 0x7
 497 0258 49010000 		.4byte	.LASF30
 498 025c 03       		.byte	0x3
 499 025d 89       		.byte	0x89
 500 025e 3B030000 		.4byte	0x33b
 501 0262 02       		.byte	0x2
 502 0263 23       		.byte	0x23
 503 0264 18       		.uleb128 0x18
 504 0265 07       		.uleb128 0x7
 505 0266 A7010000 		.4byte	.LASF31
 506 026a 03       		.byte	0x3
 507 026b 8A       		.byte	0x8a
 508 026c 81000000 		.4byte	0x81
 509 0270 02       		.byte	0x2
 510 0271 23       		.byte	0x23
 511 0272 24       		.uleb128 0x24
 512 0273 07       		.uleb128 0x7
ARM GAS  /tmp/ccC4pYh6.s 			page 10


 513 0274 E5000000 		.4byte	.LASF32
 514 0278 03       		.byte	0x3
 515 0279 8B       		.byte	0x8b
 516 027a 81000000 		.4byte	0x81
 517 027e 02       		.byte	0x2
 518 027f 23       		.byte	0x23
 519 0280 28       		.uleb128 0x28
 520 0281 07       		.uleb128 0x7
 521 0282 EA000000 		.4byte	.LASF33
 522 0286 03       		.byte	0x3
 523 0287 8C       		.byte	0x8c
 524 0288 81000000 		.4byte	0x81
 525 028c 02       		.byte	0x2
 526 028d 23       		.byte	0x23
 527 028e 2C       		.uleb128 0x2c
 528 028f 07       		.uleb128 0x7
 529 0290 28010000 		.4byte	.LASF34
 530 0294 03       		.byte	0x3
 531 0295 8D       		.byte	0x8d
 532 0296 81000000 		.4byte	0x81
 533 029a 02       		.byte	0x2
 534 029b 23       		.byte	0x23
 535 029c 30       		.uleb128 0x30
 536 029d 07       		.uleb128 0x7
 537 029e A1010000 		.4byte	.LASF35
 538 02a2 03       		.byte	0x3
 539 02a3 8E       		.byte	0x8e
 540 02a4 81000000 		.4byte	0x81
 541 02a8 02       		.byte	0x2
 542 02a9 23       		.byte	0x23
 543 02aa 34       		.uleb128 0x34
 544 02ab 07       		.uleb128 0x7
 545 02ac 5C010000 		.4byte	.LASF36
 546 02b0 03       		.byte	0x3
 547 02b1 8F       		.byte	0x8f
 548 02b2 81000000 		.4byte	0x81
 549 02b6 02       		.byte	0x2
 550 02b7 23       		.byte	0x23
 551 02b8 38       		.uleb128 0x38
 552 02b9 07       		.uleb128 0x7
 553 02ba 9C010000 		.4byte	.LASF37
 554 02be 03       		.byte	0x3
 555 02bf 90       		.byte	0x90
 556 02c0 81000000 		.4byte	0x81
 557 02c4 02       		.byte	0x2
 558 02c5 23       		.byte	0x23
 559 02c6 3C       		.uleb128 0x3c
 560 02c7 08       		.uleb128 0x8
 561 02c8 50465200 		.ascii	"PFR\000"
 562 02cc 03       		.byte	0x3
 563 02cd 91       		.byte	0x91
 564 02ce 50030000 		.4byte	0x350
 565 02d2 02       		.byte	0x2
 566 02d3 23       		.byte	0x23
 567 02d4 40       		.uleb128 0x40
 568 02d5 08       		.uleb128 0x8
 569 02d6 44465200 		.ascii	"DFR\000"
ARM GAS  /tmp/ccC4pYh6.s 			page 11


 570 02da 03       		.byte	0x3
 571 02db 92       		.byte	0x92
 572 02dc 81000000 		.4byte	0x81
 573 02e0 02       		.byte	0x2
 574 02e1 23       		.byte	0x23
 575 02e2 48       		.uleb128 0x48
 576 02e3 08       		.uleb128 0x8
 577 02e4 41445200 		.ascii	"ADR\000"
 578 02e8 03       		.byte	0x3
 579 02e9 93       		.byte	0x93
 580 02ea 81000000 		.4byte	0x81
 581 02ee 02       		.byte	0x2
 582 02ef 23       		.byte	0x23
 583 02f0 4C       		.uleb128 0x4c
 584 02f1 07       		.uleb128 0x7
 585 02f2 5C000000 		.4byte	.LASF38
 586 02f6 03       		.byte	0x3
 587 02f7 94       		.byte	0x94
 588 02f8 65030000 		.4byte	0x365
 589 02fc 02       		.byte	0x2
 590 02fd 23       		.byte	0x23
 591 02fe 50       		.uleb128 0x50
 592 02ff 08       		.uleb128 0x8
 593 0300 53415200 		.ascii	"SAR\000"
 594 0304 03       		.byte	0x3
 595 0305 95       		.byte	0x95
 596 0306 7A030000 		.4byte	0x37a
 597 030a 02       		.byte	0x2
 598 030b 23       		.byte	0x23
 599 030c 60       		.uleb128 0x60
 600 030d 07       		.uleb128 0x7
 601 030e A2000000 		.4byte	.LASF13
 602 0312 03       		.byte	0x3
 603 0313 96       		.byte	0x96
 604 0314 7F030000 		.4byte	0x37f
 605 0318 02       		.byte	0x2
 606 0319 23       		.byte	0x23
 607 031a 74       		.uleb128 0x74
 608 031b 07       		.uleb128 0x7
 609 031c 01010000 		.4byte	.LASF39
 610 0320 03       		.byte	0x3
 611 0321 97       		.byte	0x97
 612 0322 81000000 		.4byte	0x81
 613 0326 03       		.byte	0x3
 614 0327 23       		.byte	0x23
 615 0328 8801     		.uleb128 0x88
 616 032a 00       		.byte	0
 617 032b 09       		.uleb128 0x9
 618 032c 81000000 		.4byte	0x81
 619 0330 3B030000 		.4byte	0x33b
 620 0334 0A       		.uleb128 0xa
 621 0335 6C010000 		.4byte	0x16c
 622 0339 02       		.byte	0x2
 623 033a 00       		.byte	0
 624 033b 05       		.uleb128 0x5
 625 033c 2B030000 		.4byte	0x32b
 626 0340 09       		.uleb128 0x9
ARM GAS  /tmp/ccC4pYh6.s 			page 12


 627 0341 81000000 		.4byte	0x81
 628 0345 50030000 		.4byte	0x350
 629 0349 0A       		.uleb128 0xa
 630 034a 6C010000 		.4byte	0x16c
 631 034e 01       		.byte	0x1
 632 034f 00       		.byte	0
 633 0350 05       		.uleb128 0x5
 634 0351 40030000 		.4byte	0x340
 635 0355 09       		.uleb128 0x9
 636 0356 81000000 		.4byte	0x81
 637 035a 65030000 		.4byte	0x365
 638 035e 0A       		.uleb128 0xa
 639 035f 6C010000 		.4byte	0x16c
 640 0363 03       		.byte	0x3
 641 0364 00       		.byte	0
 642 0365 05       		.uleb128 0x5
 643 0366 55030000 		.4byte	0x355
 644 036a 09       		.uleb128 0x9
 645 036b 81000000 		.4byte	0x81
 646 036f 7A030000 		.4byte	0x37a
 647 0373 0A       		.uleb128 0xa
 648 0374 6C010000 		.4byte	0x16c
 649 0378 04       		.byte	0x4
 650 0379 00       		.byte	0
 651 037a 05       		.uleb128 0x5
 652 037b 6A030000 		.4byte	0x36a
 653 037f 05       		.uleb128 0x5
 654 0380 6A030000 		.4byte	0x36a
 655 0384 04       		.uleb128 0x4
 656 0385 4E010000 		.4byte	.LASF40
 657 0389 03       		.byte	0x3
 658 038a 98       		.byte	0x98
 659 038b FB010000 		.4byte	0x1fb
 660 038f 03       		.uleb128 0x3
 661 0390 01       		.byte	0x1
 662 0391 08       		.byte	0x8
 663 0392 86010000 		.4byte	.LASF41
 664 0396 0D       		.uleb128 0xd
 665 0397 01       		.byte	0x1
 666 0398 F2010000 		.4byte	.LASF43
 667 039c 01       		.byte	0x1
 668 039d 27       		.byte	0x27
 669 039e 01       		.byte	0x1
 670 039f 00000000 		.4byte	.LFB7
 671 03a3 48000000 		.4byte	.LFE7
 672 03a7 00000000 		.4byte	.LLST0
 673 03ab 01       		.byte	0x1
 674 03ac DB030000 		.4byte	0x3db
 675 03b0 0E       		.uleb128 0xe
 676 03b1 6E00     		.ascii	"n\000"
 677 03b3 01       		.byte	0x1
 678 03b4 27       		.byte	0x27
 679 03b5 5A000000 		.4byte	0x5a
 680 03b9 20000000 		.4byte	.LLST1
 681 03bd 0F       		.uleb128 0xf
 682 03be BF010000 		.4byte	.LASF42
 683 03c2 01       		.byte	0x1
ARM GAS  /tmp/ccC4pYh6.s 			page 13


 684 03c3 27       		.byte	0x27
 685 03c4 5A000000 		.4byte	0x5a
 686 03c8 41000000 		.4byte	.LLST2
 687 03cc 10       		.uleb128 0x10
 688 03cd 736800   		.ascii	"sh\000"
 689 03d0 01       		.byte	0x1
 690 03d1 28       		.byte	0x28
 691 03d2 30000000 		.4byte	0x30
 692 03d6 62000000 		.4byte	.LLST3
 693 03da 00       		.byte	0
 694 03db 0D       		.uleb128 0xd
 695 03dc 01       		.byte	0x1
 696 03dd 67000000 		.4byte	.LASF44
 697 03e1 01       		.byte	0x1
 698 03e2 35       		.byte	0x35
 699 03e3 01       		.byte	0x1
 700 03e4 00000000 		.4byte	.LFB8
 701 03e8 3C000000 		.4byte	.LFE8
 702 03ec A9000000 		.4byte	.LLST4
 703 03f0 01       		.byte	0x1
 704 03f1 11040000 		.4byte	0x411
 705 03f5 0E       		.uleb128 0xe
 706 03f6 6E00     		.ascii	"n\000"
 707 03f8 01       		.byte	0x1
 708 03f9 35       		.byte	0x35
 709 03fa 5A000000 		.4byte	0x5a
 710 03fe C9000000 		.4byte	.LLST5
 711 0402 10       		.uleb128 0x10
 712 0403 736800   		.ascii	"sh\000"
 713 0406 01       		.byte	0x1
 714 0407 36       		.byte	0x36
 715 0408 30000000 		.4byte	0x30
 716 040c EA000000 		.4byte	.LLST6
 717 0410 00       		.byte	0
 718 0411 11       		.uleb128 0x11
 719 0412 01       		.byte	0x1
 720 0413 D0010000 		.4byte	.LASF49
 721 0417 01       		.byte	0x1
 722 0418 43       		.byte	0x43
 723 0419 01       		.byte	0x1
 724 041a 00000000 		.4byte	.LFB9
 725 041e 30000000 		.4byte	.LFE9
 726 0422 32010000 		.4byte	.LLST7
 727 0426 01       		.byte	0x1
 728 0427 0F       		.uleb128 0xf
 729 0428 61010000 		.4byte	.LASF45
 730 042c 01       		.byte	0x1
 731 042d 43       		.byte	0x43
 732 042e 5A000000 		.4byte	0x5a
 733 0432 52010000 		.4byte	.LLST8
 734 0436 0F       		.uleb128 0xf
 735 0437 BF010000 		.4byte	.LASF42
 736 043b 01       		.byte	0x1
 737 043c 43       		.byte	0x43
 738 043d 5A000000 		.4byte	0x5a
 739 0441 73010000 		.4byte	.LLST9
 740 0445 10       		.uleb128 0x10
ARM GAS  /tmp/ccC4pYh6.s 			page 14


 741 0446 736800   		.ascii	"sh\000"
 742 0449 01       		.byte	0x1
 743 044a 44       		.byte	0x44
 744 044b 30000000 		.4byte	0x30
 745 044f 94010000 		.4byte	.LLST10
 746 0453 00       		.byte	0
 747 0454 00       		.byte	0
 748              		.section	.debug_abbrev,"",%progbits
 749              	.Ldebug_abbrev0:
 750 0000 01       		.uleb128 0x1
 751 0001 11       		.uleb128 0x11
 752 0002 01       		.byte	0x1
 753 0003 25       		.uleb128 0x25
 754 0004 0E       		.uleb128 0xe
 755 0005 13       		.uleb128 0x13
 756 0006 0B       		.uleb128 0xb
 757 0007 03       		.uleb128 0x3
 758 0008 0E       		.uleb128 0xe
 759 0009 1B       		.uleb128 0x1b
 760 000a 0E       		.uleb128 0xe
 761 000b 55       		.uleb128 0x55
 762 000c 06       		.uleb128 0x6
 763 000d 11       		.uleb128 0x11
 764 000e 01       		.uleb128 0x1
 765 000f 52       		.uleb128 0x52
 766 0010 01       		.uleb128 0x1
 767 0011 10       		.uleb128 0x10
 768 0012 06       		.uleb128 0x6
 769 0013 00       		.byte	0
 770 0014 00       		.byte	0
 771 0015 02       		.uleb128 0x2
 772 0016 24       		.uleb128 0x24
 773 0017 00       		.byte	0
 774 0018 0B       		.uleb128 0xb
 775 0019 0B       		.uleb128 0xb
 776 001a 3E       		.uleb128 0x3e
 777 001b 0B       		.uleb128 0xb
 778 001c 03       		.uleb128 0x3
 779 001d 08       		.uleb128 0x8
 780 001e 00       		.byte	0
 781 001f 00       		.byte	0
 782 0020 03       		.uleb128 0x3
 783 0021 24       		.uleb128 0x24
 784 0022 00       		.byte	0
 785 0023 0B       		.uleb128 0xb
 786 0024 0B       		.uleb128 0xb
 787 0025 3E       		.uleb128 0x3e
 788 0026 0B       		.uleb128 0xb
 789 0027 03       		.uleb128 0x3
 790 0028 0E       		.uleb128 0xe
 791 0029 00       		.byte	0
 792 002a 00       		.byte	0
 793 002b 04       		.uleb128 0x4
 794 002c 16       		.uleb128 0x16
 795 002d 00       		.byte	0
 796 002e 03       		.uleb128 0x3
 797 002f 0E       		.uleb128 0xe
ARM GAS  /tmp/ccC4pYh6.s 			page 15


 798 0030 3A       		.uleb128 0x3a
 799 0031 0B       		.uleb128 0xb
 800 0032 3B       		.uleb128 0x3b
 801 0033 0B       		.uleb128 0xb
 802 0034 49       		.uleb128 0x49
 803 0035 13       		.uleb128 0x13
 804 0036 00       		.byte	0
 805 0037 00       		.byte	0
 806 0038 05       		.uleb128 0x5
 807 0039 35       		.uleb128 0x35
 808 003a 00       		.byte	0
 809 003b 49       		.uleb128 0x49
 810 003c 13       		.uleb128 0x13
 811 003d 00       		.byte	0
 812 003e 00       		.byte	0
 813 003f 06       		.uleb128 0x6
 814 0040 13       		.uleb128 0x13
 815 0041 01       		.byte	0x1
 816 0042 0B       		.uleb128 0xb
 817 0043 05       		.uleb128 0x5
 818 0044 3A       		.uleb128 0x3a
 819 0045 0B       		.uleb128 0xb
 820 0046 3B       		.uleb128 0x3b
 821 0047 0B       		.uleb128 0xb
 822 0048 01       		.uleb128 0x1
 823 0049 13       		.uleb128 0x13
 824 004a 00       		.byte	0
 825 004b 00       		.byte	0
 826 004c 07       		.uleb128 0x7
 827 004d 0D       		.uleb128 0xd
 828 004e 00       		.byte	0
 829 004f 03       		.uleb128 0x3
 830 0050 0E       		.uleb128 0xe
 831 0051 3A       		.uleb128 0x3a
 832 0052 0B       		.uleb128 0xb
 833 0053 3B       		.uleb128 0x3b
 834 0054 0B       		.uleb128 0xb
 835 0055 49       		.uleb128 0x49
 836 0056 13       		.uleb128 0x13
 837 0057 38       		.uleb128 0x38
 838 0058 0A       		.uleb128 0xa
 839 0059 00       		.byte	0
 840 005a 00       		.byte	0
 841 005b 08       		.uleb128 0x8
 842 005c 0D       		.uleb128 0xd
 843 005d 00       		.byte	0
 844 005e 03       		.uleb128 0x3
 845 005f 08       		.uleb128 0x8
 846 0060 3A       		.uleb128 0x3a
 847 0061 0B       		.uleb128 0xb
 848 0062 3B       		.uleb128 0x3b
 849 0063 0B       		.uleb128 0xb
 850 0064 49       		.uleb128 0x49
 851 0065 13       		.uleb128 0x13
 852 0066 38       		.uleb128 0x38
 853 0067 0A       		.uleb128 0xa
 854 0068 00       		.byte	0
ARM GAS  /tmp/ccC4pYh6.s 			page 16


 855 0069 00       		.byte	0
 856 006a 09       		.uleb128 0x9
 857 006b 01       		.uleb128 0x1
 858 006c 01       		.byte	0x1
 859 006d 49       		.uleb128 0x49
 860 006e 13       		.uleb128 0x13
 861 006f 01       		.uleb128 0x1
 862 0070 13       		.uleb128 0x13
 863 0071 00       		.byte	0
 864 0072 00       		.byte	0
 865 0073 0A       		.uleb128 0xa
 866 0074 21       		.uleb128 0x21
 867 0075 00       		.byte	0
 868 0076 49       		.uleb128 0x49
 869 0077 13       		.uleb128 0x13
 870 0078 2F       		.uleb128 0x2f
 871 0079 0B       		.uleb128 0xb
 872 007a 00       		.byte	0
 873 007b 00       		.byte	0
 874 007c 0B       		.uleb128 0xb
 875 007d 21       		.uleb128 0x21
 876 007e 00       		.byte	0
 877 007f 49       		.uleb128 0x49
 878 0080 13       		.uleb128 0x13
 879 0081 2F       		.uleb128 0x2f
 880 0082 05       		.uleb128 0x5
 881 0083 00       		.byte	0
 882 0084 00       		.byte	0
 883 0085 0C       		.uleb128 0xc
 884 0086 13       		.uleb128 0x13
 885 0087 01       		.byte	0x1
 886 0088 0B       		.uleb128 0xb
 887 0089 0B       		.uleb128 0xb
 888 008a 3A       		.uleb128 0x3a
 889 008b 0B       		.uleb128 0xb
 890 008c 3B       		.uleb128 0x3b
 891 008d 0B       		.uleb128 0xb
 892 008e 01       		.uleb128 0x1
 893 008f 13       		.uleb128 0x13
 894 0090 00       		.byte	0
 895 0091 00       		.byte	0
 896 0092 0D       		.uleb128 0xd
 897 0093 2E       		.uleb128 0x2e
 898 0094 01       		.byte	0x1
 899 0095 3F       		.uleb128 0x3f
 900 0096 0C       		.uleb128 0xc
 901 0097 03       		.uleb128 0x3
 902 0098 0E       		.uleb128 0xe
 903 0099 3A       		.uleb128 0x3a
 904 009a 0B       		.uleb128 0xb
 905 009b 3B       		.uleb128 0x3b
 906 009c 0B       		.uleb128 0xb
 907 009d 27       		.uleb128 0x27
 908 009e 0C       		.uleb128 0xc
 909 009f 11       		.uleb128 0x11
 910 00a0 01       		.uleb128 0x1
 911 00a1 12       		.uleb128 0x12
ARM GAS  /tmp/ccC4pYh6.s 			page 17


 912 00a2 01       		.uleb128 0x1
 913 00a3 40       		.uleb128 0x40
 914 00a4 06       		.uleb128 0x6
 915 00a5 9742     		.uleb128 0x2117
 916 00a7 0C       		.uleb128 0xc
 917 00a8 01       		.uleb128 0x1
 918 00a9 13       		.uleb128 0x13
 919 00aa 00       		.byte	0
 920 00ab 00       		.byte	0
 921 00ac 0E       		.uleb128 0xe
 922 00ad 05       		.uleb128 0x5
 923 00ae 00       		.byte	0
 924 00af 03       		.uleb128 0x3
 925 00b0 08       		.uleb128 0x8
 926 00b1 3A       		.uleb128 0x3a
 927 00b2 0B       		.uleb128 0xb
 928 00b3 3B       		.uleb128 0x3b
 929 00b4 0B       		.uleb128 0xb
 930 00b5 49       		.uleb128 0x49
 931 00b6 13       		.uleb128 0x13
 932 00b7 02       		.uleb128 0x2
 933 00b8 06       		.uleb128 0x6
 934 00b9 00       		.byte	0
 935 00ba 00       		.byte	0
 936 00bb 0F       		.uleb128 0xf
 937 00bc 05       		.uleb128 0x5
 938 00bd 00       		.byte	0
 939 00be 03       		.uleb128 0x3
 940 00bf 0E       		.uleb128 0xe
 941 00c0 3A       		.uleb128 0x3a
 942 00c1 0B       		.uleb128 0xb
 943 00c2 3B       		.uleb128 0x3b
 944 00c3 0B       		.uleb128 0xb
 945 00c4 49       		.uleb128 0x49
 946 00c5 13       		.uleb128 0x13
 947 00c6 02       		.uleb128 0x2
 948 00c7 06       		.uleb128 0x6
 949 00c8 00       		.byte	0
 950 00c9 00       		.byte	0
 951 00ca 10       		.uleb128 0x10
 952 00cb 34       		.uleb128 0x34
 953 00cc 00       		.byte	0
 954 00cd 03       		.uleb128 0x3
 955 00ce 08       		.uleb128 0x8
 956 00cf 3A       		.uleb128 0x3a
 957 00d0 0B       		.uleb128 0xb
 958 00d1 3B       		.uleb128 0x3b
 959 00d2 0B       		.uleb128 0xb
 960 00d3 49       		.uleb128 0x49
 961 00d4 13       		.uleb128 0x13
 962 00d5 02       		.uleb128 0x2
 963 00d6 06       		.uleb128 0x6
 964 00d7 00       		.byte	0
 965 00d8 00       		.byte	0
 966 00d9 11       		.uleb128 0x11
 967 00da 2E       		.uleb128 0x2e
 968 00db 01       		.byte	0x1
ARM GAS  /tmp/ccC4pYh6.s 			page 18


 969 00dc 3F       		.uleb128 0x3f
 970 00dd 0C       		.uleb128 0xc
 971 00de 03       		.uleb128 0x3
 972 00df 0E       		.uleb128 0xe
 973 00e0 3A       		.uleb128 0x3a
 974 00e1 0B       		.uleb128 0xb
 975 00e2 3B       		.uleb128 0x3b
 976 00e3 0B       		.uleb128 0xb
 977 00e4 27       		.uleb128 0x27
 978 00e5 0C       		.uleb128 0xc
 979 00e6 11       		.uleb128 0x11
 980 00e7 01       		.uleb128 0x1
 981 00e8 12       		.uleb128 0x12
 982 00e9 01       		.uleb128 0x1
 983 00ea 40       		.uleb128 0x40
 984 00eb 06       		.uleb128 0x6
 985 00ec 9742     		.uleb128 0x2117
 986 00ee 0C       		.uleb128 0xc
 987 00ef 00       		.byte	0
 988 00f0 00       		.byte	0
 989 00f1 00       		.byte	0
 990              		.section	.debug_loc,"",%progbits
 991              	.Ldebug_loc0:
 992              	.LLST0:
 993 0000 00000000 		.4byte	.LFB7
 994 0004 02000000 		.4byte	.LCFI0
 995 0008 0200     		.2byte	0x2
 996 000a 7D       		.byte	0x7d
 997 000b 00       		.sleb128 0
 998 000c 02000000 		.4byte	.LCFI0
 999 0010 48000000 		.4byte	.LFE7
 1000 0014 0200     		.2byte	0x2
 1001 0016 7D       		.byte	0x7d
 1002 0017 10       		.sleb128 16
 1003 0018 00000000 		.4byte	0
 1004 001c 00000000 		.4byte	0
 1005              	.LLST1:
 1006 0020 00000000 		.4byte	.LVL0
 1007 0024 2C000000 		.4byte	.LVL3
 1008 0028 0100     		.2byte	0x1
 1009 002a 50       		.byte	0x50
 1010 002b 2C000000 		.4byte	.LVL3
 1011 002f 48000000 		.4byte	.LFE7
 1012 0033 0400     		.2byte	0x4
 1013 0035 F3       		.byte	0xf3
 1014 0036 01       		.uleb128 0x1
 1015 0037 50       		.byte	0x50
 1016 0038 9F       		.byte	0x9f
 1017 0039 00000000 		.4byte	0
 1018 003d 00000000 		.4byte	0
 1019              	.LLST2:
 1020 0041 00000000 		.4byte	.LVL0
 1021 0045 32000000 		.4byte	.LVL4
 1022 0049 0100     		.2byte	0x1
 1023 004b 51       		.byte	0x51
 1024 004c 32000000 		.4byte	.LVL4
 1025 0050 48000000 		.4byte	.LFE7
ARM GAS  /tmp/ccC4pYh6.s 			page 19


 1026 0054 0400     		.2byte	0x4
 1027 0056 F3       		.byte	0xf3
 1028 0057 01       		.uleb128 0x1
 1029 0058 51       		.byte	0x51
 1030 0059 9F       		.byte	0x9f
 1031 005a 00000000 		.4byte	0
 1032 005e 00000000 		.4byte	0
 1033              	.LLST3:
 1034 0062 00000000 		.4byte	.LVL0
 1035 0066 18000000 		.4byte	.LVL1
 1036 006a 0700     		.2byte	0x7
 1037 006c 70       		.byte	0x70
 1038 006d 00       		.sleb128 0
 1039 006e 33       		.byte	0x33
 1040 006f 1A       		.byte	0x1a
 1041 0070 33       		.byte	0x33
 1042 0071 24       		.byte	0x24
 1043 0072 9F       		.byte	0x9f
 1044 0073 18000000 		.4byte	.LVL1
 1045 0077 28000000 		.4byte	.LVL2
 1046 007b 0100     		.2byte	0x1
 1047 007d 55       		.byte	0x55
 1048 007e 28000000 		.4byte	.LVL2
 1049 0082 2C000000 		.4byte	.LVL3
 1050 0086 0700     		.2byte	0x7
 1051 0088 70       		.byte	0x70
 1052 0089 00       		.sleb128 0
 1053 008a 33       		.byte	0x33
 1054 008b 1A       		.byte	0x1a
 1055 008c 33       		.byte	0x33
 1056 008d 24       		.byte	0x24
 1057 008e 9F       		.byte	0x9f
 1058 008f 2C000000 		.4byte	.LVL3
 1059 0093 48000000 		.4byte	.LFE7
 1060 0097 0800     		.2byte	0x8
 1061 0099 F3       		.byte	0xf3
 1062 009a 01       		.uleb128 0x1
 1063 009b 50       		.byte	0x50
 1064 009c 33       		.byte	0x33
 1065 009d 1A       		.byte	0x1a
 1066 009e 33       		.byte	0x33
 1067 009f 24       		.byte	0x24
 1068 00a0 9F       		.byte	0x9f
 1069 00a1 00000000 		.4byte	0
 1070 00a5 00000000 		.4byte	0
 1071              	.LLST4:
 1072 00a9 00000000 		.4byte	.LFB8
 1073 00ad 08000000 		.4byte	.LCFI1
 1074 00b1 0200     		.2byte	0x2
 1075 00b3 7D       		.byte	0x7d
 1076 00b4 00       		.sleb128 0
 1077 00b5 08000000 		.4byte	.LCFI1
 1078 00b9 3C000000 		.4byte	.LFE8
 1079 00bd 0200     		.2byte	0x2
 1080 00bf 7D       		.byte	0x7d
 1081 00c0 04       		.sleb128 4
 1082 00c1 00000000 		.4byte	0
ARM GAS  /tmp/ccC4pYh6.s 			page 20


 1083 00c5 00000000 		.4byte	0
 1084              	.LLST5:
 1085 00c9 00000000 		.4byte	.LVL5
 1086 00cd 24000000 		.4byte	.LVL6
 1087 00d1 0100     		.2byte	0x1
 1088 00d3 50       		.byte	0x50
 1089 00d4 24000000 		.4byte	.LVL6
 1090 00d8 3C000000 		.4byte	.LFE8
 1091 00dc 0400     		.2byte	0x4
 1092 00de F3       		.byte	0xf3
 1093 00df 01       		.uleb128 0x1
 1094 00e0 50       		.byte	0x50
 1095 00e1 9F       		.byte	0x9f
 1096 00e2 00000000 		.4byte	0
 1097 00e6 00000000 		.4byte	0
 1098              	.LLST6:
 1099 00ea 00000000 		.4byte	.LVL5
 1100 00ee 24000000 		.4byte	.LVL6
 1101 00f2 0700     		.2byte	0x7
 1102 00f4 70       		.byte	0x70
 1103 00f5 00       		.sleb128 0
 1104 00f6 33       		.byte	0x33
 1105 00f7 1A       		.byte	0x1a
 1106 00f8 33       		.byte	0x33
 1107 00f9 24       		.byte	0x24
 1108 00fa 9F       		.byte	0x9f
 1109 00fb 24000000 		.4byte	.LVL6
 1110 00ff 2A000000 		.4byte	.LVL7
 1111 0103 0800     		.2byte	0x8
 1112 0105 F3       		.byte	0xf3
 1113 0106 01       		.uleb128 0x1
 1114 0107 50       		.byte	0x50
 1115 0108 33       		.byte	0x33
 1116 0109 1A       		.byte	0x1a
 1117 010a 33       		.byte	0x33
 1118 010b 24       		.byte	0x24
 1119 010c 9F       		.byte	0x9f
 1120 010d 2A000000 		.4byte	.LVL7
 1121 0111 30000000 		.4byte	.LVL8
 1122 0115 0100     		.2byte	0x1
 1123 0117 50       		.byte	0x50
 1124 0118 30000000 		.4byte	.LVL8
 1125 011c 3C000000 		.4byte	.LFE8
 1126 0120 0800     		.2byte	0x8
 1127 0122 F3       		.byte	0xf3
 1128 0123 01       		.uleb128 0x1
 1129 0124 50       		.byte	0x50
 1130 0125 33       		.byte	0x33
 1131 0126 1A       		.byte	0x1a
 1132 0127 33       		.byte	0x33
 1133 0128 24       		.byte	0x24
 1134 0129 9F       		.byte	0x9f
 1135 012a 00000000 		.4byte	0
 1136 012e 00000000 		.4byte	0
 1137              	.LLST7:
 1138 0132 00000000 		.4byte	.LFB9
 1139 0136 12000000 		.4byte	.LCFI2
ARM GAS  /tmp/ccC4pYh6.s 			page 21


 1140 013a 0200     		.2byte	0x2
 1141 013c 7D       		.byte	0x7d
 1142 013d 00       		.sleb128 0
 1143 013e 12000000 		.4byte	.LCFI2
 1144 0142 30000000 		.4byte	.LFE9
 1145 0146 0200     		.2byte	0x2
 1146 0148 7D       		.byte	0x7d
 1147 0149 08       		.sleb128 8
 1148 014a 00000000 		.4byte	0
 1149 014e 00000000 		.4byte	0
 1150              	.LLST8:
 1151 0152 00000000 		.4byte	.LVL9
 1152 0156 10000000 		.4byte	.LVL10
 1153 015a 0100     		.2byte	0x1
 1154 015c 50       		.byte	0x50
 1155 015d 10000000 		.4byte	.LVL10
 1156 0161 30000000 		.4byte	.LFE9
 1157 0165 0400     		.2byte	0x4
 1158 0167 F3       		.byte	0xf3
 1159 0168 01       		.uleb128 0x1
 1160 0169 50       		.byte	0x50
 1161 016a 9F       		.byte	0x9f
 1162 016b 00000000 		.4byte	0
 1163 016f 00000000 		.4byte	0
 1164              	.LLST9:
 1165 0173 00000000 		.4byte	.LVL9
 1166 0177 26000000 		.4byte	.LVL12
 1167 017b 0100     		.2byte	0x1
 1168 017d 51       		.byte	0x51
 1169 017e 26000000 		.4byte	.LVL12
 1170 0182 30000000 		.4byte	.LFE9
 1171 0186 0400     		.2byte	0x4
 1172 0188 F3       		.byte	0xf3
 1173 0189 01       		.uleb128 0x1
 1174 018a 51       		.byte	0x51
 1175 018b 9F       		.byte	0x9f
 1176 018c 00000000 		.4byte	0
 1177 0190 00000000 		.4byte	0
 1178              	.LLST10:
 1179 0194 00000000 		.4byte	.LVL9
 1180 0198 10000000 		.4byte	.LVL10
 1181 019c 0700     		.2byte	0x7
 1182 019e 70       		.byte	0x70
 1183 019f 00       		.sleb128 0
 1184 01a0 33       		.byte	0x33
 1185 01a1 1A       		.byte	0x1a
 1186 01a2 33       		.byte	0x33
 1187 01a3 24       		.byte	0x24
 1188 01a4 9F       		.byte	0x9f
 1189 01a5 10000000 		.4byte	.LVL10
 1190 01a9 14000000 		.4byte	.LVL11
 1191 01ad 0800     		.2byte	0x8
 1192 01af F3       		.byte	0xf3
 1193 01b0 01       		.uleb128 0x1
 1194 01b1 50       		.byte	0x50
 1195 01b2 33       		.byte	0x33
 1196 01b3 1A       		.byte	0x1a
ARM GAS  /tmp/ccC4pYh6.s 			page 22


 1197 01b4 33       		.byte	0x33
 1198 01b5 24       		.byte	0x24
 1199 01b6 9F       		.byte	0x9f
 1200 01b7 14000000 		.4byte	.LVL11
 1201 01bb 30000000 		.4byte	.LFE9
 1202 01bf 0100     		.2byte	0x1
 1203 01c1 50       		.byte	0x50
 1204 01c2 00000000 		.4byte	0
 1205 01c6 00000000 		.4byte	0
 1206              		.section	.debug_aranges,"",%progbits
 1207 0000 2C000000 		.4byte	0x2c
 1208 0004 0200     		.2byte	0x2
 1209 0006 00000000 		.4byte	.Ldebug_info0
 1210 000a 04       		.byte	0x4
 1211 000b 00       		.byte	0
 1212 000c 0000     		.2byte	0
 1213 000e 0000     		.2byte	0
 1214 0010 00000000 		.4byte	.LFB7
 1215 0014 48000000 		.4byte	.LFE7-.LFB7
 1216 0018 00000000 		.4byte	.LFB8
 1217 001c 3C000000 		.4byte	.LFE8-.LFB8
 1218 0020 00000000 		.4byte	.LFB9
 1219 0024 30000000 		.4byte	.LFE9-.LFB9
 1220 0028 00000000 		.4byte	0
 1221 002c 00000000 		.4byte	0
 1222              		.section	.debug_ranges,"",%progbits
 1223              	.Ldebug_ranges0:
 1224 0000 00000000 		.4byte	.LFB7
 1225 0004 48000000 		.4byte	.LFE7
 1226 0008 00000000 		.4byte	.LFB8
 1227 000c 3C000000 		.4byte	.LFE8
 1228 0010 00000000 		.4byte	.LFB9
 1229 0014 30000000 		.4byte	.LFE9
 1230 0018 00000000 		.4byte	0
 1231 001c 00000000 		.4byte	0
 1232              		.section	.debug_line,"",%progbits
 1233              	.Ldebug_line0:
 1234 0000 1C010000 		.section	.debug_str,"MS",%progbits,1
 1234      0200C700 
 1234      00000201 
 1234      FB0E0D00 
 1234      01010101 
 1235              	.LASF47:
 1236 0000 2E2E2F2E 		.ascii	"../../ChibiOS/os/ports/common/ARMCMx/nvic.c\000"
 1236      2E2F4368 
 1236      6962694F 
 1236      532F6F73 
 1236      2F706F72 
 1237              	.LASF18:
 1238 002c 49435052 		.ascii	"ICPR\000"
 1238      00
 1239              	.LASF48:
 1240 0031 2F686F6D 		.ascii	"/home/rob/Projects/stm32/src/rocket_tracks\000"
 1240      652F726F 
 1240      622F5072 
 1240      6F6A6563 
 1240      74732F73 
ARM GAS  /tmp/ccC4pYh6.s 			page 23


 1241              	.LASF38:
 1242 005c 4D4D4652 		.ascii	"MMFR\000"
 1242      00
 1243              	.LASF9:
 1244 0061 5F426F6F 		.ascii	"_Bool\000"
 1244      6C00
 1245              	.LASF44:
 1246 0067 6E766963 		.ascii	"nvicDisableVector\000"
 1246      44697361 
 1246      626C6556 
 1246      6563746F 
 1246      7200
 1247              	.LASF25:
 1248 0079 434D785F 		.ascii	"CMx_NVIC\000"
 1248      4E564943 
 1248      00
 1249              	.LASF28:
 1250 0082 56544F52 		.ascii	"VTOR\000"
 1250      00
 1251              	.LASF14:
 1252 0087 49434552 		.ascii	"ICER\000"
 1252      00
 1253              	.LASF11:
 1254 008c 494F5245 		.ascii	"IOREG32\000"
 1254      47333200 
 1255              	.LASF2:
 1256 0094 756E7369 		.ascii	"unsigned char\000"
 1256      676E6564 
 1256      20636861 
 1256      7200
 1257              	.LASF13:
 1258 00a2 756E7573 		.ascii	"unused1\000"
 1258      65643100 
 1259              	.LASF15:
 1260 00aa 756E7573 		.ascii	"unused2\000"
 1260      65643200 
 1261              	.LASF17:
 1262 00b2 756E7573 		.ascii	"unused3\000"
 1262      65643300 
 1263              	.LASF19:
 1264 00ba 756E7573 		.ascii	"unused4\000"
 1264      65643400 
 1265              	.LASF21:
 1266 00c2 756E7573 		.ascii	"unused5\000"
 1266      65643500 
 1267              	.LASF22:
 1268 00ca 756E7573 		.ascii	"unused6\000"
 1268      65643600 
 1269              	.LASF4:
 1270 00d2 73686F72 		.ascii	"short unsigned int\000"
 1270      7420756E 
 1270      7369676E 
 1270      65642069 
 1270      6E7400
 1271              	.LASF32:
 1272 00e5 43465352 		.ascii	"CFSR\000"
 1272      00
ARM GAS  /tmp/ccC4pYh6.s 			page 24


 1273              	.LASF33:
 1274 00ea 48465352 		.ascii	"HFSR\000"
 1274      00
 1275              	.LASF6:
 1276 00ef 6C6F6E67 		.ascii	"long unsigned int\000"
 1276      20756E73 
 1276      69676E65 
 1276      6420696E 
 1276      7400
 1277              	.LASF39:
 1278 0101 43504143 		.ascii	"CPACR\000"
 1278      5200
 1279              	.LASF23:
 1280 0107 53544952 		.ascii	"STIR\000"
 1280      00
 1281              	.LASF3:
 1282 010c 73686F72 		.ascii	"short int\000"
 1282      7420696E 
 1282      7400
 1283              	.LASF0:
 1284 0116 756E7369 		.ascii	"unsigned int\000"
 1284      676E6564 
 1284      20696E74 
 1284      00
 1285              	.LASF16:
 1286 0123 49535052 		.ascii	"ISPR\000"
 1286      00
 1287              	.LASF34:
 1288 0128 44465352 		.ascii	"DFSR\000"
 1288      00
 1289              	.LASF8:
 1290 012d 6C6F6E67 		.ascii	"long long unsigned int\000"
 1290      206C6F6E 
 1290      6720756E 
 1290      7369676E 
 1290      65642069 
 1291              	.LASF27:
 1292 0144 49435352 		.ascii	"ICSR\000"
 1292      00
 1293              	.LASF30:
 1294 0149 53485052 		.ascii	"SHPR\000"
 1294      00
 1295              	.LASF40:
 1296 014e 434D785F 		.ascii	"CMx_SCB\000"
 1296      53434200 
 1297              	.LASF29:
 1298 0156 41495243 		.ascii	"AIRCR\000"
 1298      5200
 1299              	.LASF36:
 1300 015c 42464152 		.ascii	"BFAR\000"
 1300      00
 1301              	.LASF45:
 1302 0161 68616E64 		.ascii	"handler\000"
 1302      6C657200 
 1303              	.LASF24:
 1304 0169 73697A65 		.ascii	"sizetype\000"
 1304      74797065 
ARM GAS  /tmp/ccC4pYh6.s 			page 25


 1304      00
 1305              	.LASF7:
 1306 0172 6C6F6E67 		.ascii	"long long int\000"
 1306      206C6F6E 
 1306      6720696E 
 1306      7400
 1307              	.LASF26:
 1308 0180 43505549 		.ascii	"CPUID\000"
 1308      4400
 1309              	.LASF41:
 1310 0186 63686172 		.ascii	"char\000"
 1310      00
 1311              	.LASF46:
 1312 018b 474E5520 		.ascii	"GNU C 4.7.2\000"
 1312      4320342E 
 1312      372E3200 
 1313              	.LASF12:
 1314 0197 49534552 		.ascii	"ISER\000"
 1314      00
 1315              	.LASF37:
 1316 019c 41465352 		.ascii	"AFSR\000"
 1316      00
 1317              	.LASF35:
 1318 01a1 4D4D4641 		.ascii	"MMFAR\000"
 1318      5200
 1319              	.LASF31:
 1320 01a7 53484353 		.ascii	"SHCSR\000"
 1320      5200
 1321              	.LASF10:
 1322 01ad 75696E74 		.ascii	"uint32_t\000"
 1322      33325F74 
 1322      00
 1323              	.LASF5:
 1324 01b6 6C6F6E67 		.ascii	"long int\000"
 1324      20696E74 
 1324      00
 1325              	.LASF42:
 1326 01bf 7072696F 		.ascii	"prio\000"
 1326      00
 1327              	.LASF1:
 1328 01c4 7369676E 		.ascii	"signed char\000"
 1328      65642063 
 1328      68617200 
 1329              	.LASF49:
 1330 01d0 6E766963 		.ascii	"nvicSetSystemHandlerPriority\000"
 1330      53657453 
 1330      79737465 
 1330      6D48616E 
 1330      646C6572 
 1331              	.LASF20:
 1332 01ed 49414252 		.ascii	"IABR\000"
 1332      00
 1333              	.LASF43:
 1334 01f2 6E766963 		.ascii	"nvicEnableVector\000"
 1334      456E6162 
 1334      6C655665 
 1334      63746F72 
ARM GAS  /tmp/ccC4pYh6.s 			page 26


 1334      00
 1335              		.ident	"GCC: (crosstool-NG 1.17.0 - PSAS ST32F4 GFE) 4.7.2"
ARM GAS  /tmp/ccC4pYh6.s 			page 27


DEFINED SYMBOLS
                            *ABS*:0000000000000000 nvic.c
     /tmp/ccC4pYh6.s:21     .text.nvicEnableVector:0000000000000000 $t
     /tmp/ccC4pYh6.s:27     .text.nvicEnableVector:0000000000000000 nvicEnableVector
     /tmp/ccC4pYh6.s:85     .text.nvicDisableVector:0000000000000000 $t
     /tmp/ccC4pYh6.s:91     .text.nvicDisableVector:0000000000000000 nvicDisableVector
     /tmp/ccC4pYh6.s:140    .text.nvicSetSystemHandlerPriority:0000000000000000 $t
     /tmp/ccC4pYh6.s:146    .text.nvicSetSystemHandlerPriority:0000000000000000 nvicSetSystemHandlerPriority
                     .debug_frame:0000000000000010 $d

NO UNDEFINED SYMBOLS
