ARM GAS  /tmp/cc2kd6Kf.s 			page 1


   1              		.syntax unified
   2              		.cpu cortex-m4
   3              		.eabi_attribute 27, 3
   4              		.eabi_attribute 28, 1
   5              		.fpu fpv4-sp-d16
   6              		.eabi_attribute 20, 1
   7              		.eabi_attribute 21, 1
   8              		.eabi_attribute 23, 3
   9              		.eabi_attribute 24, 1
  10              		.eabi_attribute 25, 1
  11              		.eabi_attribute 26, 1
  12              		.eabi_attribute 30, 2
  13              		.eabi_attribute 34, 1
  14              		.eabi_attribute 18, 4
  15              		.thumb
  16              		.file	"pal_lld.c"
  17              		.text
  18              	.Ltext0:
  19              		.cfi_sections	.debug_frame
  20              		.section	.text._pal_lld_init,"ax",%progbits
  21              		.align	2
  22              		.p2align 4,,15
  23              		.global	_pal_lld_init
  24              		.thumb
  25              		.thumb_func
  26              		.type	_pal_lld_init, %function
  27              	_pal_lld_init:
  28              	.LFB119:
  29              		.file 1 "../../ChibiOS/os/hal/platforms/STM32/GPIOv2/pal_lld.c"
  30              		.loc 1 104 0
  31              		.cfi_startproc
  32              		@ args = 0, pretend = 0, frame = 0
  33              		@ frame_needed = 0, uses_anonymous_args = 0
  34              		@ link register save eliminated.
  35              	.LVL0:
  36              		.loc 1 117 0
  37 0000 4FF46053 		mov	r3, #14336
  38 0004 C4F20203 		movt	r3, 16386
  39 0008 1A6B     		ldr	r2, [r3, #48]
  40 000a 6FEA5222 		mvn	r2, r2, lsr #9
  41 000e 6FEA4222 		mvn	r2, r2, lsl #9
  42 0012 1A63     		str	r2, [r3, #48]
  43              		.loc 1 118 0
  44 0014 1A6D     		ldr	r2, [r3, #80]
  45 0016 6FEA5222 		mvn	r2, r2, lsr #9
  46 001a 6FEA4222 		mvn	r2, r2, lsl #9
  47 001e 1A65     		str	r2, [r3, #80]
  48              	.LVL1:
  49              	.LBB20:
  50              	.LBB21:
  51              		.loc 1 79 0
  52 0020 0023     		movs	r3, #0
  53 0022 4168     		ldr	r1, [r0, #4]
  54 0024 C4F20203 		movt	r3, 16386
  55              	.LBE21:
  56              	.LBE20:
  57              	.LBB23:
ARM GAS  /tmp/cc2kd6Kf.s 			page 2


  58              	.LBB24:
  59 0028 4FF48062 		mov	r2, #1024
  60              	.LBE24:
  61              	.LBE23:
  62              	.LBB27:
  63              	.LBB22:
  64 002c 5960     		str	r1, [r3, #4]
  65              		.loc 1 80 0
  66 002e 8168     		ldr	r1, [r0, #8]
  67 0030 9960     		str	r1, [r3, #8]
  68              		.loc 1 81 0
  69 0032 C168     		ldr	r1, [r0, #12]
  70 0034 D960     		str	r1, [r3, #12]
  71              		.loc 1 82 0
  72 0036 0169     		ldr	r1, [r0, #16]
  73 0038 5961     		str	r1, [r3, #20]
  74              		.loc 1 83 0
  75 003a 4169     		ldr	r1, [r0, #20]
  76 003c 1962     		str	r1, [r3, #32]
  77              		.loc 1 84 0
  78 003e 8169     		ldr	r1, [r0, #24]
  79 0040 5962     		str	r1, [r3, #36]
  80              		.loc 1 85 0
  81 0042 0168     		ldr	r1, [r0, #0]
  82 0044 1960     		str	r1, [r3, #0]
  83              	.LVL2:
  84              	.LBE22:
  85              	.LBE27:
  86              	.LBB28:
  87              	.LBB25:
  88              		.loc 1 79 0
  89 0046 016A     		ldr	r1, [r0, #32]
  90 0048 C4F20202 		movt	r2, 16386
  91              	.LBE25:
  92              	.LBE28:
  93              	.LBB29:
  94              	.LBB30:
  95 004c 4FF40063 		mov	r3, #2048
  96              	.LBE30:
  97              	.LBE29:
  98              	.LBB33:
  99              	.LBB26:
 100 0050 5160     		str	r1, [r2, #4]
 101              		.loc 1 80 0
 102 0052 416A     		ldr	r1, [r0, #36]
 103 0054 9160     		str	r1, [r2, #8]
 104              		.loc 1 81 0
 105 0056 816A     		ldr	r1, [r0, #40]
 106 0058 D160     		str	r1, [r2, #12]
 107              		.loc 1 82 0
 108 005a C16A     		ldr	r1, [r0, #44]
 109 005c 5161     		str	r1, [r2, #20]
 110              		.loc 1 83 0
 111 005e 016B     		ldr	r1, [r0, #48]
 112 0060 1162     		str	r1, [r2, #32]
 113              		.loc 1 84 0
 114 0062 416B     		ldr	r1, [r0, #52]
ARM GAS  /tmp/cc2kd6Kf.s 			page 3


 115 0064 5162     		str	r1, [r2, #36]
 116              		.loc 1 85 0
 117 0066 C169     		ldr	r1, [r0, #28]
 118 0068 1160     		str	r1, [r2, #0]
 119              	.LVL3:
 120              	.LBE26:
 121              	.LBE33:
 122              	.LBB34:
 123              	.LBB31:
 124              		.loc 1 79 0
 125 006a C4F20203 		movt	r3, 16386
 126 006e C26B     		ldr	r2, [r0, #60]
 127 0070 5A60     		str	r2, [r3, #4]
 128              		.loc 1 80 0
 129 0072 026C     		ldr	r2, [r0, #64]
 130 0074 9A60     		str	r2, [r3, #8]
 131              		.loc 1 81 0
 132 0076 426C     		ldr	r2, [r0, #68]
 133 0078 DA60     		str	r2, [r3, #12]
 134              		.loc 1 82 0
 135 007a 826C     		ldr	r2, [r0, #72]
 136 007c 5A61     		str	r2, [r3, #20]
 137              		.loc 1 83 0
 138 007e C26C     		ldr	r2, [r0, #76]
 139 0080 1A62     		str	r2, [r3, #32]
 140              		.loc 1 84 0
 141 0082 026D     		ldr	r2, [r0, #80]
 142 0084 5A62     		str	r2, [r3, #36]
 143              		.loc 1 85 0
 144 0086 816B     		ldr	r1, [r0, #56]
 145              	.LBE31:
 146              	.LBE34:
 147              	.LBB35:
 148              	.LBB36:
 149              		.loc 1 79 0
 150 0088 4FF44062 		mov	r2, #3072
 151              	.LBE36:
 152              	.LBE35:
 153              	.LBB39:
 154              	.LBB32:
 155              		.loc 1 85 0
 156 008c 1960     		str	r1, [r3, #0]
 157              	.LVL4:
 158              	.LBE32:
 159              	.LBE39:
 160              	.LBB40:
 161              	.LBB37:
 162              		.loc 1 79 0
 163 008e 816D     		ldr	r1, [r0, #88]
 164 0090 C4F20202 		movt	r2, 16386
 165              	.LBE37:
 166              	.LBE40:
 167              	.LBB41:
 168              	.LBB42:
 169 0094 4FF48053 		mov	r3, #4096
 170              	.LBE42:
 171              	.LBE41:
ARM GAS  /tmp/cc2kd6Kf.s 			page 4


 172              	.LBB45:
 173              	.LBB38:
 174 0098 5160     		str	r1, [r2, #4]
 175              		.loc 1 80 0
 176 009a C16D     		ldr	r1, [r0, #92]
 177 009c 9160     		str	r1, [r2, #8]
 178              		.loc 1 81 0
 179 009e 016E     		ldr	r1, [r0, #96]
 180 00a0 D160     		str	r1, [r2, #12]
 181              		.loc 1 82 0
 182 00a2 416E     		ldr	r1, [r0, #100]
 183 00a4 5161     		str	r1, [r2, #20]
 184              		.loc 1 83 0
 185 00a6 816E     		ldr	r1, [r0, #104]
 186 00a8 1162     		str	r1, [r2, #32]
 187              		.loc 1 84 0
 188 00aa C16E     		ldr	r1, [r0, #108]
 189 00ac 5162     		str	r1, [r2, #36]
 190              		.loc 1 85 0
 191 00ae 416D     		ldr	r1, [r0, #84]
 192 00b0 1160     		str	r1, [r2, #0]
 193              	.LVL5:
 194              	.LBE38:
 195              	.LBE45:
 196              	.LBB46:
 197              	.LBB43:
 198              		.loc 1 79 0
 199 00b2 C4F20203 		movt	r3, 16386
 200 00b6 426F     		ldr	r2, [r0, #116]
 201 00b8 5A60     		str	r2, [r3, #4]
 202              		.loc 1 80 0
 203 00ba 826F     		ldr	r2, [r0, #120]
 204 00bc 9A60     		str	r2, [r3, #8]
 205              		.loc 1 81 0
 206 00be C26F     		ldr	r2, [r0, #124]
 207 00c0 DA60     		str	r2, [r3, #12]
 208              		.loc 1 82 0
 209 00c2 D0F88020 		ldr	r2, [r0, #128]
 210 00c6 5A61     		str	r2, [r3, #20]
 211              		.loc 1 83 0
 212 00c8 D0F88420 		ldr	r2, [r0, #132]
 213 00cc 1A62     		str	r2, [r3, #32]
 214              		.loc 1 84 0
 215 00ce D0F88820 		ldr	r2, [r0, #136]
 216 00d2 5A62     		str	r2, [r3, #36]
 217              		.loc 1 85 0
 218 00d4 016F     		ldr	r1, [r0, #112]
 219              	.LBE43:
 220              	.LBE46:
 221              	.LBB47:
 222              	.LBB48:
 223              		.loc 1 79 0
 224 00d6 4FF4A052 		mov	r2, #5120
 225              	.LBE48:
 226              	.LBE47:
 227              	.LBB51:
 228              	.LBB44:
ARM GAS  /tmp/cc2kd6Kf.s 			page 5


 229              		.loc 1 85 0
 230 00da 1960     		str	r1, [r3, #0]
 231              	.LVL6:
 232              	.LBE44:
 233              	.LBE51:
 234              	.LBB52:
 235              	.LBB49:
 236              		.loc 1 79 0
 237 00dc D0F89010 		ldr	r1, [r0, #144]
 238 00e0 C4F20202 		movt	r2, 16386
 239              	.LBE49:
 240              	.LBE52:
 241              	.LBB53:
 242              	.LBB54:
 243 00e4 4FF4C053 		mov	r3, #6144
 244              	.LBE54:
 245              	.LBE53:
 246              	.LBB58:
 247              	.LBB50:
 248 00e8 5160     		str	r1, [r2, #4]
 249              		.loc 1 80 0
 250 00ea D0F89410 		ldr	r1, [r0, #148]
 251 00ee 9160     		str	r1, [r2, #8]
 252              		.loc 1 81 0
 253 00f0 D0F89810 		ldr	r1, [r0, #152]
 254 00f4 D160     		str	r1, [r2, #12]
 255              		.loc 1 82 0
 256 00f6 D0F89C10 		ldr	r1, [r0, #156]
 257 00fa 5161     		str	r1, [r2, #20]
 258              		.loc 1 83 0
 259 00fc D0F8A010 		ldr	r1, [r0, #160]
 260 0100 1162     		str	r1, [r2, #32]
 261              		.loc 1 84 0
 262 0102 D0F8A410 		ldr	r1, [r0, #164]
 263 0106 5162     		str	r1, [r2, #36]
 264              		.loc 1 85 0
 265 0108 D0F88C10 		ldr	r1, [r0, #140]
 266 010c 1160     		str	r1, [r2, #0]
 267              	.LVL7:
 268              	.LBE50:
 269              	.LBE58:
 270              	.LBB59:
 271              	.LBB55:
 272              		.loc 1 79 0
 273 010e D0F8AC10 		ldr	r1, [r0, #172]
 274 0112 C4F20203 		movt	r3, 16386
 275              	.LBE55:
 276              	.LBE59:
 277              	.LBB60:
 278              	.LBB61:
 279 0116 4FF4E052 		mov	r2, #7168
 280              	.LBE61:
 281              	.LBE60:
 282              	.LBB65:
 283              	.LBB56:
 284 011a 5960     		str	r1, [r3, #4]
 285              		.loc 1 80 0
ARM GAS  /tmp/cc2kd6Kf.s 			page 6


 286 011c D0F8B010 		ldr	r1, [r0, #176]
 287 0120 9960     		str	r1, [r3, #8]
 288              		.loc 1 81 0
 289 0122 D0F8B410 		ldr	r1, [r0, #180]
 290 0126 D960     		str	r1, [r3, #12]
 291              		.loc 1 82 0
 292 0128 D0F8B810 		ldr	r1, [r0, #184]
 293 012c 5961     		str	r1, [r3, #20]
 294              		.loc 1 83 0
 295 012e D0F8BC10 		ldr	r1, [r0, #188]
 296 0132 1962     		str	r1, [r3, #32]
 297              		.loc 1 84 0
 298 0134 D0F8C010 		ldr	r1, [r0, #192]
 299 0138 5962     		str	r1, [r3, #36]
 300              		.loc 1 85 0
 301 013a D0F8A810 		ldr	r1, [r0, #168]
 302              	.LBE56:
 303              	.LBE65:
 304              	.LBB66:
 305              	.LBB62:
 306              		.loc 1 79 0
 307 013e C4F20202 		movt	r2, 16386
 308              	.LBE62:
 309              	.LBE66:
 310              	.LBB67:
 311              	.LBB57:
 312              		.loc 1 85 0
 313 0142 1960     		str	r1, [r3, #0]
 314              	.LVL8:
 315              	.LBE57:
 316              	.LBE67:
 317              	.LBB68:
 318              	.LBB63:
 319              		.loc 1 79 0
 320 0144 D0F8C830 		ldr	r3, [r0, #200]
 321 0148 5360     		str	r3, [r2, #4]
 322              		.loc 1 80 0
 323 014a D0F8CC30 		ldr	r3, [r0, #204]
 324 014e 9360     		str	r3, [r2, #8]
 325              		.loc 1 81 0
 326 0150 D0F8D030 		ldr	r3, [r0, #208]
 327 0154 D360     		str	r3, [r2, #12]
 328              		.loc 1 82 0
 329 0156 D0F8D430 		ldr	r3, [r0, #212]
 330 015a 5361     		str	r3, [r2, #20]
 331              		.loc 1 83 0
 332 015c D0F8D830 		ldr	r3, [r0, #216]
 333 0160 1362     		str	r3, [r2, #32]
 334              		.loc 1 84 0
 335 0162 D0F8DC30 		ldr	r3, [r0, #220]
 336 0166 5362     		str	r3, [r2, #36]
 337              		.loc 1 85 0
 338 0168 D0F8C410 		ldr	r1, [r0, #196]
 339              	.LBE63:
 340              	.LBE68:
 341              	.LBB69:
 342              	.LBB70:
ARM GAS  /tmp/cc2kd6Kf.s 			page 7


 343              		.loc 1 79 0
 344 016c 4FF40053 		mov	r3, #8192
 345              	.LBE70:
 346              	.LBE69:
 347              	.LBB72:
 348              	.LBB64:
 349              		.loc 1 85 0
 350 0170 1160     		str	r1, [r2, #0]
 351              	.LVL9:
 352              	.LBE64:
 353              	.LBE72:
 354              	.LBB73:
 355              	.LBB71:
 356              		.loc 1 79 0
 357 0172 D0F8E420 		ldr	r2, [r0, #228]
 358 0176 C4F20203 		movt	r3, 16386
 359 017a 5A60     		str	r2, [r3, #4]
 360              		.loc 1 80 0
 361 017c D0F8E820 		ldr	r2, [r0, #232]
 362 0180 9A60     		str	r2, [r3, #8]
 363              		.loc 1 81 0
 364 0182 D0F8EC20 		ldr	r2, [r0, #236]
 365 0186 DA60     		str	r2, [r3, #12]
 366              		.loc 1 82 0
 367 0188 D0F8F020 		ldr	r2, [r0, #240]
 368 018c 5A61     		str	r2, [r3, #20]
 369              		.loc 1 83 0
 370 018e D0F8F420 		ldr	r2, [r0, #244]
 371 0192 1A62     		str	r2, [r3, #32]
 372              		.loc 1 84 0
 373 0194 D0F8F820 		ldr	r2, [r0, #248]
 374 0198 5A62     		str	r2, [r3, #36]
 375              		.loc 1 85 0
 376 019a D0F8E020 		ldr	r2, [r0, #224]
 377 019e 1A60     		str	r2, [r3, #0]
 378 01a0 7047     		bx	lr
 379              	.LBE71:
 380              	.LBE73:
 381              		.cfi_endproc
 382              	.LFE119:
 383              		.size	_pal_lld_init, .-_pal_lld_init
 384 01a2 00BFAFF3 		.section	.text._pal_lld_setgroupmode,"ax",%progbits
 384      0080AFF3 
 384      0080AFF3 
 384      0080
 385              		.align	2
 386              		.p2align 4,,15
 387              		.global	_pal_lld_setgroupmode
 388              		.thumb
 389              		.thumb_func
 390              		.type	_pal_lld_setgroupmode, %function
 391              	_pal_lld_setgroupmode:
 392              	.LFB120:
 393              		.loc 1 161 0
 394              		.cfi_startproc
 395              		@ args = 0, pretend = 0, frame = 0
 396              		@ frame_needed = 0, uses_anonymous_args = 0
ARM GAS  /tmp/cc2kd6Kf.s 			page 8


 397              		@ link register save eliminated.
 398              	.LVL10:
 399 0000 2DE9F00F 		push	{r4, r5, r6, r7, r8, r9, sl, fp}
 400              	.LCFI0:
 401              		.cfi_def_cfa_offset 32
 402              		.cfi_offset 4, -32
 403              		.cfi_offset 5, -28
 404              		.cfi_offset 6, -24
 405              		.cfi_offset 7, -20
 406              		.cfi_offset 8, -16
 407              		.cfi_offset 9, -12
 408              		.cfi_offset 10, -8
 409              		.cfi_offset 11, -4
 410              		.loc 1 168 0
 411 0004 0023     		movs	r3, #0
 412              		.loc 1 163 0
 413 0006 02F00307 		and	r7, r2, #3
 414              	.LVL11:
 415              		.loc 1 164 0
 416 000a C2F38006 		ubfx	r6, r2, #2, #1
 417              	.LVL12:
 418              		.loc 1 165 0
 419 000e C2F3C105 		ubfx	r5, r2, #3, #2
 420              	.LVL13:
 421              		.loc 1 166 0
 422 0012 C2F34114 		ubfx	r4, r2, #5, #2
 423              	.LVL14:
 424              	.LBB74:
 425              		.loc 1 174 0
 426 0016 4FF00F09 		mov	r9, #15
 427              	.LBE74:
 428              		.loc 1 167 0
 429 001a C2F3C312 		ubfx	r2, r2, #7, #4
 430              	.LVL15:
 431              	.LBB75:
 432              		.loc 1 179 0
 433 001e 4FF0010A 		mov	sl, #1
 434 0022 04E0     		b	.L7
 435              	.LVL16:
 436              	.L12:
 437              	.LBE75:
 438              		.loc 1 189 0
 439 0024 7600     		lsls	r6, r6, #1
 440              	.LVL17:
 441              		.loc 1 190 0
 442 0026 AD00     		lsls	r5, r5, #2
 443              	.LVL18:
 444              		.loc 1 191 0
 445 0028 A400     		lsls	r4, r4, #2
 446              	.LVL19:
 447              		.loc 1 192 0
 448 002a BF00     		lsls	r7, r7, #2
 449              	.LVL20:
 450              		.loc 1 193 0
 451 002c 0133     		adds	r3, r3, #1
 452              	.LVL21:
 453              	.L7:
ARM GAS  /tmp/cc2kd6Kf.s 			page 9


 454              	.LBB76:
 455              		.loc 1 173 0
 456 002e 03F0070C 		and	ip, r3, #7
 457 0032 4FEA8C0C 		lsl	ip, ip, #2
 458              	.LBE76:
 459              		.loc 1 170 0
 460 0036 11F0010F 		tst	r1, #1
 461              	.LBB77:
 462              		.loc 1 173 0
 463 003a 02FA0CF8 		lsl	r8, r2, ip
 464              	.LVL22:
 465              		.loc 1 174 0
 466 003e 09FA0CFC 		lsl	ip, r9, ip
 467              	.LVL23:
 468              	.LBE77:
 469              		.loc 1 170 0
 470 0042 3CD0     		beq	.L3
 471              	.LVL24:
 472              	.LBB78:
 473              		.loc 1 175 0
 474 0044 072B     		cmp	r3, #7
 475              		.loc 1 176 0
 476 0046 95BF     		itete	ls
 477 0048 D0F820B0 		ldrls	fp, [r0, #32]
 478              		.loc 1 178 0
 479 004c D0F824B0 		ldrhi	fp, [r0, #36]
 480              		.loc 1 176 0
 481 0050 2BEA0C0C 		bicls	ip, fp, ip
 482              	.LVL25:
 483              		.loc 1 178 0
 484 0054 2BEA0C0C 		bichi	ip, fp, ip
 485              		.loc 1 176 0
 486 0058 95BF     		itete	ls
 487 005a 4CEA0808 		orrls	r8, ip, r8
 488              	.LVL26:
 489              		.loc 1 178 0
 490 005e 4CEA0808 		orrhi	r8, ip, r8
 491              		.loc 1 176 0
 492 0062 C0F82080 		strls	r8, [r0, #32]
 493              		.loc 1 178 0
 494 0066 C0F82480 		strhi	r8, [r0, #36]
 495              		.loc 1 180 0
 496 006a D0F804C0 		ldr	ip, [r0, #4]
 497              		.loc 1 179 0
 498 006e 0AFA03F8 		lsl	r8, sl, r3
 499              		.loc 1 180 0
 500 0072 2CEA080C 		bic	ip, ip, r8
 501 0076 4CEA060C 		orr	ip, ip, r6
 502 007a C0F804C0 		str	ip, [r0, #4]
 503              	.LVL27:
 504              		.loc 1 181 0
 505 007e 4FF0030B 		mov	fp, #3
 506              		.loc 1 159 0
 507 0082 4FEA430C 		lsl	ip, r3, #1
 508              		.loc 1 182 0
 509 0086 D0F80880 		ldr	r8, [r0, #8]
 510              		.loc 1 181 0
ARM GAS  /tmp/cc2kd6Kf.s 			page 10


 511 008a 0BFA0CFC 		lsl	ip, fp, ip
 512              	.LVL28:
 513              		.loc 1 182 0
 514 008e 6FEA0C0C 		mvn	ip, ip
 515              	.LVL29:
 516 0092 0CEA0808 		and	r8, ip, r8
 517 0096 48EA0508 		orr	r8, r8, r5
 518 009a C0F80880 		str	r8, [r0, #8]
 519              		.loc 1 183 0
 520 009e D0F80C80 		ldr	r8, [r0, #12]
 521 00a2 0CEA0808 		and	r8, ip, r8
 522 00a6 48EA0408 		orr	r8, r8, r4
 523 00aa C0F80C80 		str	r8, [r0, #12]
 524              		.loc 1 184 0
 525 00ae D0F80080 		ldr	r8, [r0, #0]
 526 00b2 0CEA080C 		and	ip, ip, r8
 527              	.LVL30:
 528 00b6 4CEA070C 		orr	ip, ip, r7
 529 00ba C0F800C0 		str	ip, [r0, #0]
 530              	.LVL31:
 531              	.L3:
 532              	.LBE78:
 533              		.loc 1 187 0
 534 00be 4908     		lsrs	r1, r1, #1
 535              	.LVL32:
 536 00c0 B0D1     		bne	.L12
 537              		.loc 1 195 0
 538 00c2 BDE8F00F 		pop	{r4, r5, r6, r7, r8, r9, sl, fp}
 539 00c6 7047     		bx	lr
 540              		.cfi_endproc
 541              	.LFE120:
 542              		.size	_pal_lld_setgroupmode, .-_pal_lld_setgroupmode
 543 00c8 AFF30080 		.text
 543      AFF30080 
 544              	.Letext0:
 545              		.file 2 "/opt/psas/x-tools/stm32f407/arm-psas-eabi/bin/../lib/gcc/arm-psas-eabi/4.7.2/../../../../
 546              		.file 3 "../../ChibiOS/os/hal/platforms/STM32F4xx/stm32f4xx.h"
 547              		.file 4 "../../ChibiOS/os/hal/platforms/STM32/GPIOv2/pal_lld.h"
 548              		.file 5 "../../ChibiOS/os/ports/common/ARMCMx/CMSIS/include/core_cm4.h"
 549              		.section	.debug_info,"",%progbits
 550              	.Ldebug_info0:
 551 0000 47070000 		.4byte	0x747
 552 0004 0200     		.2byte	0x2
 553 0006 00000000 		.4byte	.Ldebug_abbrev0
 554 000a 04       		.byte	0x4
 555 000b 01       		.uleb128 0x1
 556 000c D8010000 		.4byte	.LASF82
 557 0010 01       		.byte	0x1
 558 0011 1E030000 		.4byte	.LASF83
 559 0015 99000000 		.4byte	.LASF84
 560 0019 50010000 		.4byte	.Ldebug_ranges0+0x150
 561 001d 00000000 		.4byte	0
 562 0021 00000000 		.4byte	0
 563 0025 00000000 		.4byte	.Ldebug_line0
 564 0029 02       		.uleb128 0x2
 565 002a 04       		.byte	0x4
 566 002b 05       		.byte	0x5
ARM GAS  /tmp/cc2kd6Kf.s 			page 11


 567 002c 696E7400 		.ascii	"int\000"
 568 0030 03       		.uleb128 0x3
 569 0031 04       		.byte	0x4
 570 0032 07       		.byte	0x7
 571 0033 07030000 		.4byte	.LASF0
 572 0037 03       		.uleb128 0x3
 573 0038 01       		.byte	0x1
 574 0039 06       		.byte	0x6
 575 003a 93010000 		.4byte	.LASF1
 576 003e 03       		.uleb128 0x3
 577 003f 01       		.byte	0x1
 578 0040 08       		.byte	0x8
 579 0041 7D010000 		.4byte	.LASF2
 580 0045 03       		.uleb128 0x3
 581 0046 02       		.byte	0x2
 582 0047 05       		.byte	0x5
 583 0048 60000000 		.4byte	.LASF3
 584 004c 04       		.uleb128 0x4
 585 004d CF010000 		.4byte	.LASF5
 586 0051 02       		.byte	0x2
 587 0052 36       		.byte	0x36
 588 0053 57000000 		.4byte	0x57
 589 0057 03       		.uleb128 0x3
 590 0058 02       		.byte	0x2
 591 0059 07       		.byte	0x7
 592 005a 08020000 		.4byte	.LASF4
 593 005e 04       		.uleb128 0x4
 594 005f 2A020000 		.4byte	.LASF6
 595 0063 02       		.byte	0x2
 596 0064 4F       		.byte	0x4f
 597 0065 69000000 		.4byte	0x69
 598 0069 03       		.uleb128 0x3
 599 006a 04       		.byte	0x4
 600 006b 05       		.byte	0x5
 601 006c 33010000 		.4byte	.LASF7
 602 0070 04       		.uleb128 0x4
 603 0071 B6010000 		.4byte	.LASF8
 604 0075 02       		.byte	0x2
 605 0076 50       		.byte	0x50
 606 0077 7B000000 		.4byte	0x7b
 607 007b 03       		.uleb128 0x3
 608 007c 04       		.byte	0x4
 609 007d 07       		.byte	0x7
 610 007e E4010000 		.4byte	.LASF9
 611 0082 03       		.uleb128 0x3
 612 0083 08       		.byte	0x8
 613 0084 05       		.byte	0x5
 614 0085 17010000 		.4byte	.LASF10
 615 0089 03       		.uleb128 0x3
 616 008a 08       		.byte	0x8
 617 008b 07       		.byte	0x7
 618 008c 9F010000 		.4byte	.LASF11
 619 0090 03       		.uleb128 0x3
 620 0091 01       		.byte	0x1
 621 0092 02       		.byte	0x2
 622 0093 3C020000 		.4byte	.LASF12
 623 0097 05       		.uleb128 0x5
ARM GAS  /tmp/cc2kd6Kf.s 			page 12


 624 0098 70000000 		.4byte	0x70
 625 009c 03       		.uleb128 0x3
 626 009d 04       		.byte	0x4
 627 009e 07       		.byte	0x7
 628 009f 73000000 		.4byte	.LASF13
 629 00a3 03       		.uleb128 0x3
 630 00a4 01       		.byte	0x1
 631 00a5 08       		.byte	0x8
 632 00a6 25020000 		.4byte	.LASF14
 633 00aa 06       		.uleb128 0x6
 634 00ab 70000000 		.4byte	0x70
 635 00af BA000000 		.4byte	0xba
 636 00b3 07       		.uleb128 0x7
 637 00b4 9C000000 		.4byte	0x9c
 638 00b8 01       		.byte	0x1
 639 00b9 00       		.byte	0
 640 00ba 05       		.uleb128 0x5
 641 00bb 5E000000 		.4byte	0x5e
 642 00bf 08       		.uleb128 0x8
 643 00c0 88       		.byte	0x88
 644 00c1 03       		.byte	0x3
 645 00c2 DB02     		.2byte	0x2db
 646 00c4 8C020000 		.4byte	0x28c
 647 00c8 09       		.uleb128 0x9
 648 00c9 435200   		.ascii	"CR\000"
 649 00cc 03       		.byte	0x3
 650 00cd DD02     		.2byte	0x2dd
 651 00cf 97000000 		.4byte	0x97
 652 00d3 02       		.byte	0x2
 653 00d4 23       		.byte	0x23
 654 00d5 00       		.uleb128 0
 655 00d6 0A       		.uleb128 0xa
 656 00d7 FB010000 		.4byte	.LASF15
 657 00db 03       		.byte	0x3
 658 00dc DE02     		.2byte	0x2de
 659 00de 97000000 		.4byte	0x97
 660 00e2 02       		.byte	0x2
 661 00e3 23       		.byte	0x23
 662 00e4 04       		.uleb128 0x4
 663 00e5 0A       		.uleb128 0xa
 664 00e6 14030000 		.4byte	.LASF16
 665 00ea 03       		.byte	0x3
 666 00eb DF02     		.2byte	0x2df
 667 00ed 97000000 		.4byte	0x97
 668 00f1 02       		.byte	0x2
 669 00f2 23       		.byte	0x23
 670 00f3 08       		.uleb128 0x8
 671 00f4 09       		.uleb128 0x9
 672 00f5 43495200 		.ascii	"CIR\000"
 673 00f9 03       		.byte	0x3
 674 00fa E002     		.2byte	0x2e0
 675 00fc 97000000 		.4byte	0x97
 676 0100 02       		.byte	0x2
 677 0101 23       		.byte	0x23
 678 0102 0C       		.uleb128 0xc
 679 0103 0A       		.uleb128 0xa
 680 0104 CD020000 		.4byte	.LASF17
ARM GAS  /tmp/cc2kd6Kf.s 			page 13


 681 0108 03       		.byte	0x3
 682 0109 E102     		.2byte	0x2e1
 683 010b 97000000 		.4byte	0x97
 684 010f 02       		.byte	0x2
 685 0110 23       		.byte	0x23
 686 0111 10       		.uleb128 0x10
 687 0112 0A       		.uleb128 0xa
 688 0113 C6010000 		.4byte	.LASF18
 689 0117 03       		.byte	0x3
 690 0118 E202     		.2byte	0x2e2
 691 011a 97000000 		.4byte	0x97
 692 011e 02       		.byte	0x2
 693 011f 23       		.byte	0x23
 694 0120 14       		.uleb128 0x14
 695 0121 0A       		.uleb128 0xa
 696 0122 E3020000 		.4byte	.LASF19
 697 0126 03       		.byte	0x3
 698 0127 E302     		.2byte	0x2e3
 699 0129 97000000 		.4byte	0x97
 700 012d 02       		.byte	0x2
 701 012e 23       		.byte	0x23
 702 012f 18       		.uleb128 0x18
 703 0130 0A       		.uleb128 0xa
 704 0131 5D020000 		.4byte	.LASF20
 705 0135 03       		.byte	0x3
 706 0136 E402     		.2byte	0x2e4
 707 0138 70000000 		.4byte	0x70
 708 013c 02       		.byte	0x2
 709 013d 23       		.byte	0x23
 710 013e 1C       		.uleb128 0x1c
 711 013f 0A       		.uleb128 0xa
 712 0140 27000000 		.4byte	.LASF21
 713 0144 03       		.byte	0x3
 714 0145 E502     		.2byte	0x2e5
 715 0147 97000000 		.4byte	0x97
 716 014b 02       		.byte	0x2
 717 014c 23       		.byte	0x23
 718 014d 20       		.uleb128 0x20
 719 014e 0A       		.uleb128 0xa
 720 014f 55010000 		.4byte	.LASF22
 721 0153 03       		.byte	0x3
 722 0154 E602     		.2byte	0x2e6
 723 0156 97000000 		.4byte	0x97
 724 015a 02       		.byte	0x2
 725 015b 23       		.byte	0x23
 726 015c 24       		.uleb128 0x24
 727 015d 0A       		.uleb128 0xa
 728 015e 67020000 		.4byte	.LASF23
 729 0162 03       		.byte	0x3
 730 0163 E702     		.2byte	0x2e7
 731 0165 AA000000 		.4byte	0xaa
 732 0169 02       		.byte	0x2
 733 016a 23       		.byte	0x23
 734 016b 28       		.uleb128 0x28
 735 016c 0A       		.uleb128 0xa
 736 016d AA020000 		.4byte	.LASF24
 737 0171 03       		.byte	0x3
ARM GAS  /tmp/cc2kd6Kf.s 			page 14


 738 0172 E802     		.2byte	0x2e8
 739 0174 97000000 		.4byte	0x97
 740 0178 02       		.byte	0x2
 741 0179 23       		.byte	0x23
 742 017a 30       		.uleb128 0x30
 743 017b 0A       		.uleb128 0xa
 744 017c 30000000 		.4byte	.LASF25
 745 0180 03       		.byte	0x3
 746 0181 E902     		.2byte	0x2e9
 747 0183 97000000 		.4byte	0x97
 748 0187 02       		.byte	0x2
 749 0188 23       		.byte	0x23
 750 0189 34       		.uleb128 0x34
 751 018a 0A       		.uleb128 0xa
 752 018b 07010000 		.4byte	.LASF26
 753 018f 03       		.byte	0x3
 754 0190 EA02     		.2byte	0x2ea
 755 0192 97000000 		.4byte	0x97
 756 0196 02       		.byte	0x2
 757 0197 23       		.byte	0x23
 758 0198 38       		.uleb128 0x38
 759 0199 0A       		.uleb128 0xa
 760 019a 71020000 		.4byte	.LASF27
 761 019e 03       		.byte	0x3
 762 019f EB02     		.2byte	0x2eb
 763 01a1 70000000 		.4byte	0x70
 764 01a5 02       		.byte	0x2
 765 01a6 23       		.byte	0x23
 766 01a7 3C       		.uleb128 0x3c
 767 01a8 0A       		.uleb128 0xa
 768 01a9 EB000000 		.4byte	.LASF28
 769 01ad 03       		.byte	0x3
 770 01ae EC02     		.2byte	0x2ec
 771 01b0 97000000 		.4byte	0x97
 772 01b4 02       		.byte	0x2
 773 01b5 23       		.byte	0x23
 774 01b6 40       		.uleb128 0x40
 775 01b7 0A       		.uleb128 0xa
 776 01b8 8B010000 		.4byte	.LASF29
 777 01bc 03       		.byte	0x3
 778 01bd ED02     		.2byte	0x2ed
 779 01bf 97000000 		.4byte	0x97
 780 01c3 02       		.byte	0x2
 781 01c4 23       		.byte	0x23
 782 01c5 44       		.uleb128 0x44
 783 01c6 0A       		.uleb128 0xa
 784 01c7 7B020000 		.4byte	.LASF30
 785 01cb 03       		.byte	0x3
 786 01cc EE02     		.2byte	0x2ee
 787 01ce AA000000 		.4byte	0xaa
 788 01d2 02       		.byte	0x2
 789 01d3 23       		.byte	0x23
 790 01d4 48       		.uleb128 0x48
 791 01d5 0A       		.uleb128 0xa
 792 01d6 00000000 		.4byte	.LASF31
 793 01da 03       		.byte	0x3
 794 01db EF02     		.2byte	0x2ef
ARM GAS  /tmp/cc2kd6Kf.s 			page 15


 795 01dd 97000000 		.4byte	0x97
 796 01e1 02       		.byte	0x2
 797 01e2 23       		.byte	0x23
 798 01e3 50       		.uleb128 0x50
 799 01e4 0A       		.uleb128 0xa
 800 01e5 47020000 		.4byte	.LASF32
 801 01e9 03       		.byte	0x3
 802 01ea F002     		.2byte	0x2f0
 803 01ec 97000000 		.4byte	0x97
 804 01f0 02       		.byte	0x2
 805 01f1 23       		.byte	0x23
 806 01f2 54       		.uleb128 0x54
 807 01f3 0A       		.uleb128 0xa
 808 01f4 D1000000 		.4byte	.LASF33
 809 01f8 03       		.byte	0x3
 810 01f9 F102     		.2byte	0x2f1
 811 01fb 97000000 		.4byte	0x97
 812 01ff 02       		.byte	0x2
 813 0200 23       		.byte	0x23
 814 0201 58       		.uleb128 0x58
 815 0202 0A       		.uleb128 0xa
 816 0203 85020000 		.4byte	.LASF34
 817 0207 03       		.byte	0x3
 818 0208 F202     		.2byte	0x2f2
 819 020a 70000000 		.4byte	0x70
 820 020e 02       		.byte	0x2
 821 020f 23       		.byte	0x23
 822 0210 5C       		.uleb128 0x5c
 823 0211 0A       		.uleb128 0xa
 824 0212 1B020000 		.4byte	.LASF35
 825 0216 03       		.byte	0x3
 826 0217 F302     		.2byte	0x2f3
 827 0219 97000000 		.4byte	0x97
 828 021d 02       		.byte	0x2
 829 021e 23       		.byte	0x23
 830 021f 60       		.uleb128 0x60
 831 0220 0A       		.uleb128 0xa
 832 0221 54030000 		.4byte	.LASF36
 833 0225 03       		.byte	0x3
 834 0226 F402     		.2byte	0x2f4
 835 0228 97000000 		.4byte	0x97
 836 022c 02       		.byte	0x2
 837 022d 23       		.byte	0x23
 838 022e 64       		.uleb128 0x64
 839 022f 0A       		.uleb128 0xa
 840 0230 8F020000 		.4byte	.LASF37
 841 0234 03       		.byte	0x3
 842 0235 F502     		.2byte	0x2f5
 843 0237 AA000000 		.4byte	0xaa
 844 023b 02       		.byte	0x2
 845 023c 23       		.byte	0x23
 846 023d 68       		.uleb128 0x68
 847 023e 0A       		.uleb128 0xa
 848 023f 7C000000 		.4byte	.LASF38
 849 0243 03       		.byte	0x3
 850 0244 F602     		.2byte	0x2f6
 851 0246 97000000 		.4byte	0x97
ARM GAS  /tmp/cc2kd6Kf.s 			page 16


 852 024a 02       		.byte	0x2
 853 024b 23       		.byte	0x23
 854 024c 70       		.uleb128 0x70
 855 024d 09       		.uleb128 0x9
 856 024e 43535200 		.ascii	"CSR\000"
 857 0252 03       		.byte	0x3
 858 0253 F702     		.2byte	0x2f7
 859 0255 97000000 		.4byte	0x97
 860 0259 02       		.byte	0x2
 861 025a 23       		.byte	0x23
 862 025b 74       		.uleb128 0x74
 863 025c 0A       		.uleb128 0xa
 864 025d 99020000 		.4byte	.LASF39
 865 0261 03       		.byte	0x3
 866 0262 F802     		.2byte	0x2f8
 867 0264 AA000000 		.4byte	0xaa
 868 0268 02       		.byte	0x2
 869 0269 23       		.byte	0x23
 870 026a 78       		.uleb128 0x78
 871 026b 0A       		.uleb128 0xa
 872 026c C4000000 		.4byte	.LASF40
 873 0270 03       		.byte	0x3
 874 0271 F902     		.2byte	0x2f9
 875 0273 97000000 		.4byte	0x97
 876 0277 03       		.byte	0x3
 877 0278 23       		.byte	0x23
 878 0279 8001     		.uleb128 0x80
 879 027b 0A       		.uleb128 0xa
 880 027c 88000000 		.4byte	.LASF41
 881 0280 03       		.byte	0x3
 882 0281 FA02     		.2byte	0x2fa
 883 0283 97000000 		.4byte	0x97
 884 0287 03       		.byte	0x3
 885 0288 23       		.byte	0x23
 886 0289 8401     		.uleb128 0x84
 887 028b 00       		.byte	0
 888 028c 0B       		.uleb128 0xb
 889 028d 43010000 		.4byte	.LASF42
 890 0291 03       		.byte	0x3
 891 0292 FB02     		.2byte	0x2fb
 892 0294 BF000000 		.4byte	0xbf
 893 0298 0C       		.uleb128 0xc
 894 0299 04       		.byte	0x4
 895 029a 04       		.byte	0x4
 896 029b 96       		.byte	0x96
 897 029c BD020000 		.4byte	0x2bd
 898 02a0 0D       		.uleb128 0xd
 899 02a1 73657400 		.ascii	"set\000"
 900 02a5 04       		.byte	0x4
 901 02a6 97       		.byte	0x97
 902 02a7 4C000000 		.4byte	0x4c
 903 02ab 02       		.byte	0x2
 904 02ac 23       		.byte	0x23
 905 02ad 00       		.uleb128 0
 906 02ae 0E       		.uleb128 0xe
 907 02af 5E010000 		.4byte	.LASF43
 908 02b3 04       		.byte	0x4
ARM GAS  /tmp/cc2kd6Kf.s 			page 17


 909 02b4 98       		.byte	0x98
 910 02b5 4C000000 		.4byte	0x4c
 911 02b9 02       		.byte	0x2
 912 02ba 23       		.byte	0x23
 913 02bb 02       		.uleb128 0x2
 914 02bc 00       		.byte	0
 915 02bd 0F       		.uleb128 0xf
 916 02be 04       		.byte	0x4
 917 02bf 04       		.byte	0x4
 918 02c0 94       		.byte	0x94
 919 02c1 D8020000 		.4byte	0x2d8
 920 02c5 10       		.uleb128 0x10
 921 02c6 5700     		.ascii	"W\000"
 922 02c8 04       		.byte	0x4
 923 02c9 95       		.byte	0x95
 924 02ca 70000000 		.4byte	0x70
 925 02ce 10       		.uleb128 0x10
 926 02cf 4800     		.ascii	"H\000"
 927 02d1 04       		.byte	0x4
 928 02d2 99       		.byte	0x99
 929 02d3 98020000 		.4byte	0x298
 930 02d7 00       		.byte	0
 931 02d8 0C       		.uleb128 0xc
 932 02d9 28       		.byte	0x28
 933 02da 04       		.byte	0x4
 934 02db 8C       		.byte	0x8c
 935 02dc 6D030000 		.4byte	0x36d
 936 02e0 0E       		.uleb128 0xe
 937 02e1 4F010000 		.4byte	.LASF44
 938 02e5 04       		.byte	0x4
 939 02e6 8E       		.byte	0x8e
 940 02e7 97000000 		.4byte	0x97
 941 02eb 02       		.byte	0x2
 942 02ec 23       		.byte	0x23
 943 02ed 00       		.uleb128 0
 944 02ee 0E       		.uleb128 0xe
 945 02ef 00010000 		.4byte	.LASF45
 946 02f3 04       		.byte	0x4
 947 02f4 8F       		.byte	0x8f
 948 02f5 97000000 		.4byte	0x97
 949 02f9 02       		.byte	0x2
 950 02fa 23       		.byte	0x23
 951 02fb 04       		.uleb128 0x4
 952 02fc 0E       		.uleb128 0xe
 953 02fd 0F010000 		.4byte	.LASF46
 954 0301 04       		.byte	0x4
 955 0302 90       		.byte	0x90
 956 0303 97000000 		.4byte	0x97
 957 0307 02       		.byte	0x2
 958 0308 23       		.byte	0x23
 959 0309 08       		.uleb128 0x8
 960 030a 0E       		.uleb128 0xe
 961 030b 25010000 		.4byte	.LASF47
 962 030f 04       		.byte	0x4
 963 0310 91       		.byte	0x91
 964 0311 97000000 		.4byte	0x97
 965 0315 02       		.byte	0x2
ARM GAS  /tmp/cc2kd6Kf.s 			page 18


 966 0316 23       		.byte	0x23
 967 0317 0C       		.uleb128 0xc
 968 0318 0D       		.uleb128 0xd
 969 0319 49445200 		.ascii	"IDR\000"
 970 031d 04       		.byte	0x4
 971 031e 92       		.byte	0x92
 972 031f 97000000 		.4byte	0x97
 973 0323 02       		.byte	0x2
 974 0324 23       		.byte	0x23
 975 0325 10       		.uleb128 0x10
 976 0326 0D       		.uleb128 0xd
 977 0327 4F445200 		.ascii	"ODR\000"
 978 032b 04       		.byte	0x4
 979 032c 93       		.byte	0x93
 980 032d 97000000 		.4byte	0x97
 981 0331 02       		.byte	0x2
 982 0332 23       		.byte	0x23
 983 0333 14       		.uleb128 0x14
 984 0334 0E       		.uleb128 0xe
 985 0335 5E030000 		.4byte	.LASF48
 986 0339 04       		.byte	0x4
 987 033a 9A       		.byte	0x9a
 988 033b 6D030000 		.4byte	0x36d
 989 033f 02       		.byte	0x2
 990 0340 23       		.byte	0x23
 991 0341 18       		.uleb128 0x18
 992 0342 0E       		.uleb128 0xe
 993 0343 19030000 		.4byte	.LASF49
 994 0347 04       		.byte	0x4
 995 0348 9B       		.byte	0x9b
 996 0349 97000000 		.4byte	0x97
 997 034d 02       		.byte	0x2
 998 034e 23       		.byte	0x23
 999 034f 1C       		.uleb128 0x1c
 1000 0350 0E       		.uleb128 0xe
 1001 0351 03020000 		.4byte	.LASF50
 1002 0355 04       		.byte	0x4
 1003 0356 9C       		.byte	0x9c
 1004 0357 97000000 		.4byte	0x97
 1005 035b 02       		.byte	0x2
 1006 035c 23       		.byte	0x23
 1007 035d 20       		.uleb128 0x20
 1008 035e 0E       		.uleb128 0xe
 1009 035f F6010000 		.4byte	.LASF51
 1010 0363 04       		.byte	0x4
 1011 0364 9D       		.byte	0x9d
 1012 0365 97000000 		.4byte	0x97
 1013 0369 02       		.byte	0x2
 1014 036a 23       		.byte	0x23
 1015 036b 24       		.uleb128 0x24
 1016 036c 00       		.byte	0
 1017 036d 05       		.uleb128 0x5
 1018 036e BD020000 		.4byte	0x2bd
 1019 0372 04       		.uleb128 0x4
 1020 0373 D6020000 		.4byte	.LASF52
 1021 0377 04       		.byte	0x4
 1022 0378 9E       		.byte	0x9e
ARM GAS  /tmp/cc2kd6Kf.s 			page 19


 1023 0379 D8020000 		.4byte	0x2d8
 1024 037d 0C       		.uleb128 0xc
 1025 037e 1C       		.byte	0x1c
 1026 037f 04       		.byte	0x4
 1027 0380 A3       		.byte	0xa3
 1028 0381 E8030000 		.4byte	0x3e8
 1029 0385 0E       		.uleb128 0xe
 1030 0386 C7020000 		.4byte	.LASF53
 1031 038a 04       		.byte	0x4
 1032 038b A5       		.byte	0xa5
 1033 038c 70000000 		.4byte	0x70
 1034 0390 02       		.byte	0x2
 1035 0391 23       		.byte	0x23
 1036 0392 00       		.uleb128 0
 1037 0393 0E       		.uleb128 0xe
 1038 0394 BF010000 		.4byte	.LASF54
 1039 0398 04       		.byte	0x4
 1040 0399 A7       		.byte	0xa7
 1041 039a 70000000 		.4byte	0x70
 1042 039e 02       		.byte	0x2
 1043 039f 23       		.byte	0x23
 1044 03a0 04       		.uleb128 0x4
 1045 03a1 0E       		.uleb128 0xe
 1046 03a2 2B010000 		.4byte	.LASF55
 1047 03a6 04       		.byte	0x4
 1048 03a7 A9       		.byte	0xa9
 1049 03a8 70000000 		.4byte	0x70
 1050 03ac 02       		.byte	0x2
 1051 03ad 23       		.byte	0x23
 1052 03ae 08       		.uleb128 0x8
 1053 03af 0E       		.uleb128 0xe
 1054 03b0 B7020000 		.4byte	.LASF56
 1055 03b4 04       		.byte	0x4
 1056 03b5 AB       		.byte	0xab
 1057 03b6 70000000 		.4byte	0x70
 1058 03ba 02       		.byte	0x2
 1059 03bb 23       		.byte	0x23
 1060 03bc 0C       		.uleb128 0xc
 1061 03bd 0D       		.uleb128 0xd
 1062 03be 6F647200 		.ascii	"odr\000"
 1063 03c2 04       		.byte	0x4
 1064 03c3 AD       		.byte	0xad
 1065 03c4 70000000 		.4byte	0x70
 1066 03c8 02       		.byte	0x2
 1067 03c9 23       		.byte	0x23
 1068 03ca 10       		.uleb128 0x10
 1069 03cb 0E       		.uleb128 0xe
 1070 03cc C2020000 		.4byte	.LASF57
 1071 03d0 04       		.byte	0x4
 1072 03d1 AF       		.byte	0xaf
 1073 03d2 70000000 		.4byte	0x70
 1074 03d6 02       		.byte	0x2
 1075 03d7 23       		.byte	0x23
 1076 03d8 14       		.uleb128 0x14
 1077 03d9 0E       		.uleb128 0xe
 1078 03da BD020000 		.4byte	.LASF58
 1079 03de 04       		.byte	0x4
ARM GAS  /tmp/cc2kd6Kf.s 			page 20


 1080 03df B1       		.byte	0xb1
 1081 03e0 70000000 		.4byte	0x70
 1082 03e4 02       		.byte	0x2
 1083 03e5 23       		.byte	0x23
 1084 03e6 18       		.uleb128 0x18
 1085 03e7 00       		.byte	0
 1086 03e8 04       		.uleb128 0x4
 1087 03e9 38000000 		.4byte	.LASF59
 1088 03ed 04       		.byte	0x4
 1089 03ee B2       		.byte	0xb2
 1090 03ef 7D030000 		.4byte	0x37d
 1091 03f3 0C       		.uleb128 0xc
 1092 03f4 FC       		.byte	0xfc
 1093 03f5 04       		.byte	0x4
 1094 03f6 BB       		.byte	0xbb
 1095 03f7 7E040000 		.4byte	0x47e
 1096 03fb 0E       		.uleb128 0xe
 1097 03fc 6B010000 		.4byte	.LASF60
 1098 0400 04       		.byte	0x4
 1099 0401 BD       		.byte	0xbd
 1100 0402 E8030000 		.4byte	0x3e8
 1101 0406 02       		.byte	0x2
 1102 0407 23       		.byte	0x23
 1103 0408 00       		.uleb128 0
 1104 0409 0E       		.uleb128 0xe
 1105 040a CA000000 		.4byte	.LASF61
 1106 040e 04       		.byte	0x4
 1107 040f BF       		.byte	0xbf
 1108 0410 E8030000 		.4byte	0x3e8
 1109 0414 02       		.byte	0x2
 1110 0415 23       		.byte	0x23
 1111 0416 1C       		.uleb128 0x1c
 1112 0417 0E       		.uleb128 0xe
 1113 0418 0A000000 		.4byte	.LASF62
 1114 041c 04       		.byte	0x4
 1115 041d C1       		.byte	0xc1
 1116 041e E8030000 		.4byte	0x3e8
 1117 0422 02       		.byte	0x2
 1118 0423 23       		.byte	0x23
 1119 0424 38       		.uleb128 0x38
 1120 0425 0E       		.uleb128 0xe
 1121 0426 3C010000 		.4byte	.LASF63
 1122 042a 04       		.byte	0x4
 1123 042b C3       		.byte	0xc3
 1124 042c E8030000 		.4byte	0x3e8
 1125 0430 02       		.byte	0x2
 1126 0431 23       		.byte	0x23
 1127 0432 54       		.uleb128 0x54
 1128 0433 0E       		.uleb128 0xe
 1129 0434 56020000 		.4byte	.LASF64
 1130 0438 04       		.byte	0x4
 1131 0439 C6       		.byte	0xc6
 1132 043a E8030000 		.4byte	0x3e8
 1133 043e 02       		.byte	0x2
 1134 043f 23       		.byte	0x23
 1135 0440 70       		.uleb128 0x70
 1136 0441 0E       		.uleb128 0xe
ARM GAS  /tmp/cc2kd6Kf.s 			page 21


 1137 0442 4B000000 		.4byte	.LASF65
 1138 0446 04       		.byte	0x4
 1139 0447 CA       		.byte	0xca
 1140 0448 E8030000 		.4byte	0x3e8
 1141 044c 03       		.byte	0x3
 1142 044d 23       		.byte	0x23
 1143 044e 8C01     		.uleb128 0x8c
 1144 0450 0E       		.uleb128 0xe
 1145 0451 64010000 		.4byte	.LASF66
 1146 0455 04       		.byte	0x4
 1147 0456 CE       		.byte	0xce
 1148 0457 E8030000 		.4byte	0x3e8
 1149 045b 03       		.byte	0x3
 1150 045c 23       		.byte	0x23
 1151 045d A801     		.uleb128 0xa8
 1152 045f 0E       		.uleb128 0xe
 1153 0460 A3020000 		.4byte	.LASF67
 1154 0464 04       		.byte	0x4
 1155 0465 D2       		.byte	0xd2
 1156 0466 E8030000 		.4byte	0x3e8
 1157 046a 03       		.byte	0x3
 1158 046b 23       		.byte	0x23
 1159 046c C401     		.uleb128 0xc4
 1160 046e 0E       		.uleb128 0xe
 1161 046f 81000000 		.4byte	.LASF68
 1162 0473 04       		.byte	0x4
 1163 0474 D6       		.byte	0xd6
 1164 0475 E8030000 		.4byte	0x3e8
 1165 0479 03       		.byte	0x3
 1166 047a 23       		.byte	0x23
 1167 047b E001     		.uleb128 0xe0
 1168 047d 00       		.byte	0
 1169 047e 04       		.uleb128 0x4
 1170 047f 32020000 		.4byte	.LASF69
 1171 0483 04       		.byte	0x4
 1172 0484 D8       		.byte	0xd8
 1173 0485 F3030000 		.4byte	0x3f3
 1174 0489 04       		.uleb128 0x4
 1175 048a F3000000 		.4byte	.LASF70
 1176 048e 04       		.byte	0x4
 1177 048f E8       		.byte	0xe8
 1178 0490 70000000 		.4byte	0x70
 1179 0494 04       		.uleb128 0x4
 1180 0495 E2000000 		.4byte	.LASF71
 1181 0499 04       		.byte	0x4
 1182 049a ED       		.byte	0xed
 1183 049b 70000000 		.4byte	0x70
 1184 049f 04       		.uleb128 0x4
 1185 04a0 72010000 		.4byte	.LASF72
 1186 04a4 04       		.byte	0x4
 1187 04a5 F5       		.byte	0xf5
 1188 04a6 AA040000 		.4byte	0x4aa
 1189 04aa 11       		.uleb128 0x11
 1190 04ab 04       		.byte	0x4
 1191 04ac 72030000 		.4byte	0x372
 1192 04b0 12       		.uleb128 0x12
 1193 04b1 6A000000 		.4byte	.LASF85
ARM GAS  /tmp/cc2kd6Kf.s 			page 22


 1194 04b5 01       		.byte	0x1
 1195 04b6 4D       		.byte	0x4d
 1196 04b7 01       		.byte	0x1
 1197 04b8 01       		.byte	0x1
 1198 04b9 D4040000 		.4byte	0x4d4
 1199 04bd 13       		.uleb128 0x13
 1200 04be 93000000 		.4byte	.LASF73
 1201 04c2 01       		.byte	0x1
 1202 04c3 4D       		.byte	0x4d
 1203 04c4 AA040000 		.4byte	0x4aa
 1204 04c8 13       		.uleb128 0x13
 1205 04c9 DB000000 		.4byte	.LASF74
 1206 04cd 01       		.byte	0x1
 1207 04ce 4D       		.byte	0x4d
 1208 04cf D4040000 		.4byte	0x4d4
 1209 04d3 00       		.byte	0
 1210 04d4 11       		.uleb128 0x11
 1211 04d5 04       		.byte	0x4
 1212 04d6 DA040000 		.4byte	0x4da
 1213 04da 14       		.uleb128 0x14
 1214 04db E8030000 		.4byte	0x3e8
 1215 04df 15       		.uleb128 0x15
 1216 04e0 01       		.byte	0x1
 1217 04e1 52000000 		.4byte	.LASF75
 1218 04e5 01       		.byte	0x1
 1219 04e6 68       		.byte	0x68
 1220 04e7 01       		.byte	0x1
 1221 04e8 00000000 		.4byte	.LFB119
 1222 04ec A2010000 		.4byte	.LFE119
 1223 04f0 02       		.byte	0x2
 1224 04f1 7D       		.byte	0x7d
 1225 04f2 00       		.sleb128 0
 1226 04f3 01       		.byte	0x1
 1227 04f4 5C060000 		.4byte	0x65c
 1228 04f8 16       		.uleb128 0x16
 1229 04f9 DB000000 		.4byte	.LASF74
 1230 04fd 01       		.byte	0x1
 1231 04fe 68       		.byte	0x68
 1232 04ff 5C060000 		.4byte	0x65c
 1233 0503 01       		.byte	0x1
 1234 0504 50       		.byte	0x50
 1235 0505 17       		.uleb128 0x17
 1236 0506 B0040000 		.4byte	0x4b0
 1237 050a 20000000 		.4byte	.LBB20
 1238 050e 00000000 		.4byte	.Ldebug_ranges0+0
 1239 0512 01       		.byte	0x1
 1240 0513 7C       		.byte	0x7c
 1241 0514 29050000 		.4byte	0x529
 1242 0518 18       		.uleb128 0x18
 1243 0519 C8040000 		.4byte	0x4c8
 1244 051d 01       		.byte	0x1
 1245 051e 50       		.byte	0x50
 1246 051f 19       		.uleb128 0x19
 1247 0520 BD040000 		.4byte	0x4bd
 1248 0524 00000240 		.4byte	0x40020000
 1249 0528 00       		.byte	0
 1250 0529 17       		.uleb128 0x17
ARM GAS  /tmp/cc2kd6Kf.s 			page 23


 1251 052a B0040000 		.4byte	0x4b0
 1252 052e 28000000 		.4byte	.LBB23
 1253 0532 18000000 		.4byte	.Ldebug_ranges0+0x18
 1254 0536 01       		.byte	0x1
 1255 0537 7D       		.byte	0x7d
 1256 0538 4F050000 		.4byte	0x54f
 1257 053c 18       		.uleb128 0x18
 1258 053d C8040000 		.4byte	0x4c8
 1259 0541 03       		.byte	0x3
 1260 0542 70       		.byte	0x70
 1261 0543 1C       		.sleb128 28
 1262 0544 9F       		.byte	0x9f
 1263 0545 19       		.uleb128 0x19
 1264 0546 BD040000 		.4byte	0x4bd
 1265 054a 00040240 		.4byte	0x40020400
 1266 054e 00       		.byte	0
 1267 054f 17       		.uleb128 0x17
 1268 0550 B0040000 		.4byte	0x4b0
 1269 0554 4C000000 		.4byte	.LBB29
 1270 0558 38000000 		.4byte	.Ldebug_ranges0+0x38
 1271 055c 01       		.byte	0x1
 1272 055d 7E       		.byte	0x7e
 1273 055e 75050000 		.4byte	0x575
 1274 0562 18       		.uleb128 0x18
 1275 0563 C8040000 		.4byte	0x4c8
 1276 0567 03       		.byte	0x3
 1277 0568 70       		.byte	0x70
 1278 0569 38       		.sleb128 56
 1279 056a 9F       		.byte	0x9f
 1280 056b 19       		.uleb128 0x19
 1281 056c BD040000 		.4byte	0x4bd
 1282 0570 00080240 		.4byte	0x40020800
 1283 0574 00       		.byte	0
 1284 0575 17       		.uleb128 0x17
 1285 0576 B0040000 		.4byte	0x4b0
 1286 057a 88000000 		.4byte	.LBB35
 1287 057e 58000000 		.4byte	.Ldebug_ranges0+0x58
 1288 0582 01       		.byte	0x1
 1289 0583 7F       		.byte	0x7f
 1290 0584 9C050000 		.4byte	0x59c
 1291 0588 18       		.uleb128 0x18
 1292 0589 C8040000 		.4byte	0x4c8
 1293 058d 04       		.byte	0x4
 1294 058e 70       		.byte	0x70
 1295 058f D400     		.sleb128 84
 1296 0591 9F       		.byte	0x9f
 1297 0592 19       		.uleb128 0x19
 1298 0593 BD040000 		.4byte	0x4bd
 1299 0597 000C0240 		.4byte	0x40020c00
 1300 059b 00       		.byte	0
 1301 059c 17       		.uleb128 0x17
 1302 059d B0040000 		.4byte	0x4b0
 1303 05a1 94000000 		.4byte	.LBB41
 1304 05a5 78000000 		.4byte	.Ldebug_ranges0+0x78
 1305 05a9 01       		.byte	0x1
 1306 05aa 81       		.byte	0x81
 1307 05ab C3050000 		.4byte	0x5c3
ARM GAS  /tmp/cc2kd6Kf.s 			page 24


 1308 05af 18       		.uleb128 0x18
 1309 05b0 C8040000 		.4byte	0x4c8
 1310 05b4 04       		.byte	0x4
 1311 05b5 70       		.byte	0x70
 1312 05b6 F000     		.sleb128 112
 1313 05b8 9F       		.byte	0x9f
 1314 05b9 19       		.uleb128 0x19
 1315 05ba BD040000 		.4byte	0x4bd
 1316 05be 00100240 		.4byte	0x40021000
 1317 05c2 00       		.byte	0
 1318 05c3 17       		.uleb128 0x17
 1319 05c4 B0040000 		.4byte	0x4b0
 1320 05c8 D6000000 		.4byte	.LBB47
 1321 05cc 98000000 		.4byte	.Ldebug_ranges0+0x98
 1322 05d0 01       		.byte	0x1
 1323 05d1 84       		.byte	0x84
 1324 05d2 EA050000 		.4byte	0x5ea
 1325 05d6 18       		.uleb128 0x18
 1326 05d7 C8040000 		.4byte	0x4c8
 1327 05db 04       		.byte	0x4
 1328 05dc 70       		.byte	0x70
 1329 05dd 8C01     		.sleb128 140
 1330 05df 9F       		.byte	0x9f
 1331 05e0 19       		.uleb128 0x19
 1332 05e1 BD040000 		.4byte	0x4bd
 1333 05e5 00140240 		.4byte	0x40021400
 1334 05e9 00       		.byte	0
 1335 05ea 17       		.uleb128 0x17
 1336 05eb B0040000 		.4byte	0x4b0
 1337 05ef E4000000 		.4byte	.LBB53
 1338 05f3 B8000000 		.4byte	.Ldebug_ranges0+0xb8
 1339 05f7 01       		.byte	0x1
 1340 05f8 87       		.byte	0x87
 1341 05f9 11060000 		.4byte	0x611
 1342 05fd 18       		.uleb128 0x18
 1343 05fe C8040000 		.4byte	0x4c8
 1344 0602 04       		.byte	0x4
 1345 0603 70       		.byte	0x70
 1346 0604 A801     		.sleb128 168
 1347 0606 9F       		.byte	0x9f
 1348 0607 19       		.uleb128 0x19
 1349 0608 BD040000 		.4byte	0x4bd
 1350 060c 00180240 		.4byte	0x40021800
 1351 0610 00       		.byte	0
 1352 0611 17       		.uleb128 0x17
 1353 0612 B0040000 		.4byte	0x4b0
 1354 0616 16010000 		.4byte	.LBB60
 1355 061a E0000000 		.4byte	.Ldebug_ranges0+0xe0
 1356 061e 01       		.byte	0x1
 1357 061f 8A       		.byte	0x8a
 1358 0620 38060000 		.4byte	0x638
 1359 0624 18       		.uleb128 0x18
 1360 0625 C8040000 		.4byte	0x4c8
 1361 0629 04       		.byte	0x4
 1362 062a 70       		.byte	0x70
 1363 062b C401     		.sleb128 196
 1364 062d 9F       		.byte	0x9f
ARM GAS  /tmp/cc2kd6Kf.s 			page 25


 1365 062e 19       		.uleb128 0x19
 1366 062f BD040000 		.4byte	0x4bd
 1367 0633 001C0240 		.4byte	0x40021c00
 1368 0637 00       		.byte	0
 1369 0638 1A       		.uleb128 0x1a
 1370 0639 B0040000 		.4byte	0x4b0
 1371 063d 6C010000 		.4byte	.LBB69
 1372 0641 08010000 		.4byte	.Ldebug_ranges0+0x108
 1373 0645 01       		.byte	0x1
 1374 0646 8D       		.byte	0x8d
 1375 0647 18       		.uleb128 0x18
 1376 0648 C8040000 		.4byte	0x4c8
 1377 064c 04       		.byte	0x4
 1378 064d 70       		.byte	0x70
 1379 064e E001     		.sleb128 224
 1380 0650 9F       		.byte	0x9f
 1381 0651 19       		.uleb128 0x19
 1382 0652 BD040000 		.4byte	0x4bd
 1383 0656 00200240 		.4byte	0x40022000
 1384 065a 00       		.byte	0
 1385 065b 00       		.byte	0
 1386 065c 11       		.uleb128 0x11
 1387 065d 04       		.byte	0x4
 1388 065e 62060000 		.4byte	0x662
 1389 0662 14       		.uleb128 0x14
 1390 0663 7E040000 		.4byte	0x47e
 1391 0667 1B       		.uleb128 0x1b
 1392 0668 01       		.byte	0x1
 1393 0669 11000000 		.4byte	.LASF76
 1394 066d 01       		.byte	0x1
 1395 066e 9F       		.byte	0x9f
 1396 066f 01       		.byte	0x1
 1397 0670 00000000 		.4byte	.LFB120
 1398 0674 C8000000 		.4byte	.LFE120
 1399 0678 00000000 		.4byte	.LLST0
 1400 067c 01       		.byte	0x1
 1401 067d 3C070000 		.4byte	0x73c
 1402 0681 16       		.uleb128 0x16
 1403 0682 51020000 		.4byte	.LASF77
 1404 0686 01       		.byte	0x1
 1405 0687 9F       		.byte	0x9f
 1406 0688 9F040000 		.4byte	0x49f
 1407 068c 01       		.byte	0x1
 1408 068d 50       		.byte	0x50
 1409 068e 1C       		.uleb128 0x1c
 1410 068f B2020000 		.4byte	.LASF78
 1411 0693 01       		.byte	0x1
 1412 0694 A0       		.byte	0xa0
 1413 0695 89040000 		.4byte	0x489
 1414 0699 20000000 		.4byte	.LLST1
 1415 069d 1C       		.uleb128 0x1c
 1416 069e 42020000 		.4byte	.LASF79
 1417 06a2 01       		.byte	0x1
 1418 06a3 A1       		.byte	0xa1
 1419 06a4 94040000 		.4byte	0x494
 1420 06a8 4D000000 		.4byte	.LLST2
 1421 06ac 1D       		.uleb128 0x1d
ARM GAS  /tmp/cc2kd6Kf.s 			page 26


 1422 06ad C7020000 		.4byte	.LASF53
 1423 06b1 01       		.byte	0x1
 1424 06b2 A3       		.byte	0xa3
 1425 06b3 70000000 		.4byte	0x70
 1426 06b7 01       		.byte	0x1
 1427 06b8 57       		.byte	0x57
 1428 06b9 1D       		.uleb128 0x1d
 1429 06ba BF010000 		.4byte	.LASF54
 1430 06be 01       		.byte	0x1
 1431 06bf A4       		.byte	0xa4
 1432 06c0 70000000 		.4byte	0x70
 1433 06c4 01       		.byte	0x1
 1434 06c5 56       		.byte	0x56
 1435 06c6 1D       		.uleb128 0x1d
 1436 06c7 2B010000 		.4byte	.LASF55
 1437 06cb 01       		.byte	0x1
 1438 06cc A5       		.byte	0xa5
 1439 06cd 70000000 		.4byte	0x70
 1440 06d1 01       		.byte	0x1
 1441 06d2 55       		.byte	0x55
 1442 06d3 1D       		.uleb128 0x1d
 1443 06d4 B7020000 		.4byte	.LASF56
 1444 06d8 01       		.byte	0x1
 1445 06d9 A6       		.byte	0xa6
 1446 06da 70000000 		.4byte	0x70
 1447 06de 01       		.byte	0x1
 1448 06df 54       		.byte	0x54
 1449 06e0 1D       		.uleb128 0x1d
 1450 06e1 EC020000 		.4byte	.LASF80
 1451 06e5 01       		.byte	0x1
 1452 06e6 A7       		.byte	0xa7
 1453 06e7 70000000 		.4byte	0x70
 1454 06eb 01       		.byte	0x1
 1455 06ec 52       		.byte	0x52
 1456 06ed 1E       		.uleb128 0x1e
 1457 06ee 62697400 		.ascii	"bit\000"
 1458 06f2 01       		.byte	0x1
 1459 06f3 A8       		.byte	0xa8
 1460 06f4 70000000 		.4byte	0x70
 1461 06f8 6E000000 		.4byte	.LLST3
 1462 06fc 1F       		.uleb128 0x1f
 1463 06fd 20010000 		.4byte	.Ldebug_ranges0+0x120
 1464 0701 20       		.uleb128 0x20
 1465 0702 FE020000 		.4byte	.LASF81
 1466 0706 01       		.byte	0x1
 1467 0707 AB       		.byte	0xab
 1468 0708 70000000 		.4byte	0x70
 1469 070c 8D000000 		.4byte	.LLST4
 1470 0710 1E       		.uleb128 0x1e
 1471 0711 6D3100   		.ascii	"m1\000"
 1472 0714 01       		.byte	0x1
 1473 0715 AB       		.byte	0xab
 1474 0716 70000000 		.4byte	0x70
 1475 071a C8000000 		.4byte	.LLST5
 1476 071e 1E       		.uleb128 0x1e
 1477 071f 6D3200   		.ascii	"m2\000"
 1478 0722 01       		.byte	0x1
ARM GAS  /tmp/cc2kd6Kf.s 			page 27


 1479 0723 AB       		.byte	0xab
 1480 0724 70000000 		.4byte	0x70
 1481 0728 DF000000 		.4byte	.LLST6
 1482 072c 1E       		.uleb128 0x1e
 1483 072d 6D3400   		.ascii	"m4\000"
 1484 0730 01       		.byte	0x1
 1485 0731 AB       		.byte	0xab
 1486 0732 70000000 		.4byte	0x70
 1487 0736 22010000 		.4byte	.LLST7
 1488 073a 00       		.byte	0
 1489 073b 00       		.byte	0
 1490 073c 21       		.uleb128 0x21
 1491 073d F1020000 		.4byte	.LASF86
 1492 0741 05       		.byte	0x5
 1493 0742 9806     		.2byte	0x698
 1494 0744 BA000000 		.4byte	0xba
 1495 0748 01       		.byte	0x1
 1496 0749 01       		.byte	0x1
 1497 074a 00       		.byte	0
 1498              		.section	.debug_abbrev,"",%progbits
 1499              	.Ldebug_abbrev0:
 1500 0000 01       		.uleb128 0x1
 1501 0001 11       		.uleb128 0x11
 1502 0002 01       		.byte	0x1
 1503 0003 25       		.uleb128 0x25
 1504 0004 0E       		.uleb128 0xe
 1505 0005 13       		.uleb128 0x13
 1506 0006 0B       		.uleb128 0xb
 1507 0007 03       		.uleb128 0x3
 1508 0008 0E       		.uleb128 0xe
 1509 0009 1B       		.uleb128 0x1b
 1510 000a 0E       		.uleb128 0xe
 1511 000b 55       		.uleb128 0x55
 1512 000c 06       		.uleb128 0x6
 1513 000d 11       		.uleb128 0x11
 1514 000e 01       		.uleb128 0x1
 1515 000f 52       		.uleb128 0x52
 1516 0010 01       		.uleb128 0x1
 1517 0011 10       		.uleb128 0x10
 1518 0012 06       		.uleb128 0x6
 1519 0013 00       		.byte	0
 1520 0014 00       		.byte	0
 1521 0015 02       		.uleb128 0x2
 1522 0016 24       		.uleb128 0x24
 1523 0017 00       		.byte	0
 1524 0018 0B       		.uleb128 0xb
 1525 0019 0B       		.uleb128 0xb
 1526 001a 3E       		.uleb128 0x3e
 1527 001b 0B       		.uleb128 0xb
 1528 001c 03       		.uleb128 0x3
 1529 001d 08       		.uleb128 0x8
 1530 001e 00       		.byte	0
 1531 001f 00       		.byte	0
 1532 0020 03       		.uleb128 0x3
 1533 0021 24       		.uleb128 0x24
 1534 0022 00       		.byte	0
 1535 0023 0B       		.uleb128 0xb
ARM GAS  /tmp/cc2kd6Kf.s 			page 28


 1536 0024 0B       		.uleb128 0xb
 1537 0025 3E       		.uleb128 0x3e
 1538 0026 0B       		.uleb128 0xb
 1539 0027 03       		.uleb128 0x3
 1540 0028 0E       		.uleb128 0xe
 1541 0029 00       		.byte	0
 1542 002a 00       		.byte	0
 1543 002b 04       		.uleb128 0x4
 1544 002c 16       		.uleb128 0x16
 1545 002d 00       		.byte	0
 1546 002e 03       		.uleb128 0x3
 1547 002f 0E       		.uleb128 0xe
 1548 0030 3A       		.uleb128 0x3a
 1549 0031 0B       		.uleb128 0xb
 1550 0032 3B       		.uleb128 0x3b
 1551 0033 0B       		.uleb128 0xb
 1552 0034 49       		.uleb128 0x49
 1553 0035 13       		.uleb128 0x13
 1554 0036 00       		.byte	0
 1555 0037 00       		.byte	0
 1556 0038 05       		.uleb128 0x5
 1557 0039 35       		.uleb128 0x35
 1558 003a 00       		.byte	0
 1559 003b 49       		.uleb128 0x49
 1560 003c 13       		.uleb128 0x13
 1561 003d 00       		.byte	0
 1562 003e 00       		.byte	0
 1563 003f 06       		.uleb128 0x6
 1564 0040 01       		.uleb128 0x1
 1565 0041 01       		.byte	0x1
 1566 0042 49       		.uleb128 0x49
 1567 0043 13       		.uleb128 0x13
 1568 0044 01       		.uleb128 0x1
 1569 0045 13       		.uleb128 0x13
 1570 0046 00       		.byte	0
 1571 0047 00       		.byte	0
 1572 0048 07       		.uleb128 0x7
 1573 0049 21       		.uleb128 0x21
 1574 004a 00       		.byte	0
 1575 004b 49       		.uleb128 0x49
 1576 004c 13       		.uleb128 0x13
 1577 004d 2F       		.uleb128 0x2f
 1578 004e 0B       		.uleb128 0xb
 1579 004f 00       		.byte	0
 1580 0050 00       		.byte	0
 1581 0051 08       		.uleb128 0x8
 1582 0052 13       		.uleb128 0x13
 1583 0053 01       		.byte	0x1
 1584 0054 0B       		.uleb128 0xb
 1585 0055 0B       		.uleb128 0xb
 1586 0056 3A       		.uleb128 0x3a
 1587 0057 0B       		.uleb128 0xb
 1588 0058 3B       		.uleb128 0x3b
 1589 0059 05       		.uleb128 0x5
 1590 005a 01       		.uleb128 0x1
 1591 005b 13       		.uleb128 0x13
 1592 005c 00       		.byte	0
ARM GAS  /tmp/cc2kd6Kf.s 			page 29


 1593 005d 00       		.byte	0
 1594 005e 09       		.uleb128 0x9
 1595 005f 0D       		.uleb128 0xd
 1596 0060 00       		.byte	0
 1597 0061 03       		.uleb128 0x3
 1598 0062 08       		.uleb128 0x8
 1599 0063 3A       		.uleb128 0x3a
 1600 0064 0B       		.uleb128 0xb
 1601 0065 3B       		.uleb128 0x3b
 1602 0066 05       		.uleb128 0x5
 1603 0067 49       		.uleb128 0x49
 1604 0068 13       		.uleb128 0x13
 1605 0069 38       		.uleb128 0x38
 1606 006a 0A       		.uleb128 0xa
 1607 006b 00       		.byte	0
 1608 006c 00       		.byte	0
 1609 006d 0A       		.uleb128 0xa
 1610 006e 0D       		.uleb128 0xd
 1611 006f 00       		.byte	0
 1612 0070 03       		.uleb128 0x3
 1613 0071 0E       		.uleb128 0xe
 1614 0072 3A       		.uleb128 0x3a
 1615 0073 0B       		.uleb128 0xb
 1616 0074 3B       		.uleb128 0x3b
 1617 0075 05       		.uleb128 0x5
 1618 0076 49       		.uleb128 0x49
 1619 0077 13       		.uleb128 0x13
 1620 0078 38       		.uleb128 0x38
 1621 0079 0A       		.uleb128 0xa
 1622 007a 00       		.byte	0
 1623 007b 00       		.byte	0
 1624 007c 0B       		.uleb128 0xb
 1625 007d 16       		.uleb128 0x16
 1626 007e 00       		.byte	0
 1627 007f 03       		.uleb128 0x3
 1628 0080 0E       		.uleb128 0xe
 1629 0081 3A       		.uleb128 0x3a
 1630 0082 0B       		.uleb128 0xb
 1631 0083 3B       		.uleb128 0x3b
 1632 0084 05       		.uleb128 0x5
 1633 0085 49       		.uleb128 0x49
 1634 0086 13       		.uleb128 0x13
 1635 0087 00       		.byte	0
 1636 0088 00       		.byte	0
 1637 0089 0C       		.uleb128 0xc
 1638 008a 13       		.uleb128 0x13
 1639 008b 01       		.byte	0x1
 1640 008c 0B       		.uleb128 0xb
 1641 008d 0B       		.uleb128 0xb
 1642 008e 3A       		.uleb128 0x3a
 1643 008f 0B       		.uleb128 0xb
 1644 0090 3B       		.uleb128 0x3b
 1645 0091 0B       		.uleb128 0xb
 1646 0092 01       		.uleb128 0x1
 1647 0093 13       		.uleb128 0x13
 1648 0094 00       		.byte	0
 1649 0095 00       		.byte	0
ARM GAS  /tmp/cc2kd6Kf.s 			page 30


 1650 0096 0D       		.uleb128 0xd
 1651 0097 0D       		.uleb128 0xd
 1652 0098 00       		.byte	0
 1653 0099 03       		.uleb128 0x3
 1654 009a 08       		.uleb128 0x8
 1655 009b 3A       		.uleb128 0x3a
 1656 009c 0B       		.uleb128 0xb
 1657 009d 3B       		.uleb128 0x3b
 1658 009e 0B       		.uleb128 0xb
 1659 009f 49       		.uleb128 0x49
 1660 00a0 13       		.uleb128 0x13
 1661 00a1 38       		.uleb128 0x38
 1662 00a2 0A       		.uleb128 0xa
 1663 00a3 00       		.byte	0
 1664 00a4 00       		.byte	0
 1665 00a5 0E       		.uleb128 0xe
 1666 00a6 0D       		.uleb128 0xd
 1667 00a7 00       		.byte	0
 1668 00a8 03       		.uleb128 0x3
 1669 00a9 0E       		.uleb128 0xe
 1670 00aa 3A       		.uleb128 0x3a
 1671 00ab 0B       		.uleb128 0xb
 1672 00ac 3B       		.uleb128 0x3b
 1673 00ad 0B       		.uleb128 0xb
 1674 00ae 49       		.uleb128 0x49
 1675 00af 13       		.uleb128 0x13
 1676 00b0 38       		.uleb128 0x38
 1677 00b1 0A       		.uleb128 0xa
 1678 00b2 00       		.byte	0
 1679 00b3 00       		.byte	0
 1680 00b4 0F       		.uleb128 0xf
 1681 00b5 17       		.uleb128 0x17
 1682 00b6 01       		.byte	0x1
 1683 00b7 0B       		.uleb128 0xb
 1684 00b8 0B       		.uleb128 0xb
 1685 00b9 3A       		.uleb128 0x3a
 1686 00ba 0B       		.uleb128 0xb
 1687 00bb 3B       		.uleb128 0x3b
 1688 00bc 0B       		.uleb128 0xb
 1689 00bd 01       		.uleb128 0x1
 1690 00be 13       		.uleb128 0x13
 1691 00bf 00       		.byte	0
 1692 00c0 00       		.byte	0
 1693 00c1 10       		.uleb128 0x10
 1694 00c2 0D       		.uleb128 0xd
 1695 00c3 00       		.byte	0
 1696 00c4 03       		.uleb128 0x3
 1697 00c5 08       		.uleb128 0x8
 1698 00c6 3A       		.uleb128 0x3a
 1699 00c7 0B       		.uleb128 0xb
 1700 00c8 3B       		.uleb128 0x3b
 1701 00c9 0B       		.uleb128 0xb
 1702 00ca 49       		.uleb128 0x49
 1703 00cb 13       		.uleb128 0x13
 1704 00cc 00       		.byte	0
 1705 00cd 00       		.byte	0
 1706 00ce 11       		.uleb128 0x11
ARM GAS  /tmp/cc2kd6Kf.s 			page 31


 1707 00cf 0F       		.uleb128 0xf
 1708 00d0 00       		.byte	0
 1709 00d1 0B       		.uleb128 0xb
 1710 00d2 0B       		.uleb128 0xb
 1711 00d3 49       		.uleb128 0x49
 1712 00d4 13       		.uleb128 0x13
 1713 00d5 00       		.byte	0
 1714 00d6 00       		.byte	0
 1715 00d7 12       		.uleb128 0x12
 1716 00d8 2E       		.uleb128 0x2e
 1717 00d9 01       		.byte	0x1
 1718 00da 03       		.uleb128 0x3
 1719 00db 0E       		.uleb128 0xe
 1720 00dc 3A       		.uleb128 0x3a
 1721 00dd 0B       		.uleb128 0xb
 1722 00de 3B       		.uleb128 0x3b
 1723 00df 0B       		.uleb128 0xb
 1724 00e0 27       		.uleb128 0x27
 1725 00e1 0C       		.uleb128 0xc
 1726 00e2 20       		.uleb128 0x20
 1727 00e3 0B       		.uleb128 0xb
 1728 00e4 01       		.uleb128 0x1
 1729 00e5 13       		.uleb128 0x13
 1730 00e6 00       		.byte	0
 1731 00e7 00       		.byte	0
 1732 00e8 13       		.uleb128 0x13
 1733 00e9 05       		.uleb128 0x5
 1734 00ea 00       		.byte	0
 1735 00eb 03       		.uleb128 0x3
 1736 00ec 0E       		.uleb128 0xe
 1737 00ed 3A       		.uleb128 0x3a
 1738 00ee 0B       		.uleb128 0xb
 1739 00ef 3B       		.uleb128 0x3b
 1740 00f0 0B       		.uleb128 0xb
 1741 00f1 49       		.uleb128 0x49
 1742 00f2 13       		.uleb128 0x13
 1743 00f3 00       		.byte	0
 1744 00f4 00       		.byte	0
 1745 00f5 14       		.uleb128 0x14
 1746 00f6 26       		.uleb128 0x26
 1747 00f7 00       		.byte	0
 1748 00f8 49       		.uleb128 0x49
 1749 00f9 13       		.uleb128 0x13
 1750 00fa 00       		.byte	0
 1751 00fb 00       		.byte	0
 1752 00fc 15       		.uleb128 0x15
 1753 00fd 2E       		.uleb128 0x2e
 1754 00fe 01       		.byte	0x1
 1755 00ff 3F       		.uleb128 0x3f
 1756 0100 0C       		.uleb128 0xc
 1757 0101 03       		.uleb128 0x3
 1758 0102 0E       		.uleb128 0xe
 1759 0103 3A       		.uleb128 0x3a
 1760 0104 0B       		.uleb128 0xb
 1761 0105 3B       		.uleb128 0x3b
 1762 0106 0B       		.uleb128 0xb
 1763 0107 27       		.uleb128 0x27
ARM GAS  /tmp/cc2kd6Kf.s 			page 32


 1764 0108 0C       		.uleb128 0xc
 1765 0109 11       		.uleb128 0x11
 1766 010a 01       		.uleb128 0x1
 1767 010b 12       		.uleb128 0x12
 1768 010c 01       		.uleb128 0x1
 1769 010d 40       		.uleb128 0x40
 1770 010e 0A       		.uleb128 0xa
 1771 010f 9742     		.uleb128 0x2117
 1772 0111 0C       		.uleb128 0xc
 1773 0112 01       		.uleb128 0x1
 1774 0113 13       		.uleb128 0x13
 1775 0114 00       		.byte	0
 1776 0115 00       		.byte	0
 1777 0116 16       		.uleb128 0x16
 1778 0117 05       		.uleb128 0x5
 1779 0118 00       		.byte	0
 1780 0119 03       		.uleb128 0x3
 1781 011a 0E       		.uleb128 0xe
 1782 011b 3A       		.uleb128 0x3a
 1783 011c 0B       		.uleb128 0xb
 1784 011d 3B       		.uleb128 0x3b
 1785 011e 0B       		.uleb128 0xb
 1786 011f 49       		.uleb128 0x49
 1787 0120 13       		.uleb128 0x13
 1788 0121 02       		.uleb128 0x2
 1789 0122 0A       		.uleb128 0xa
 1790 0123 00       		.byte	0
 1791 0124 00       		.byte	0
 1792 0125 17       		.uleb128 0x17
 1793 0126 1D       		.uleb128 0x1d
 1794 0127 01       		.byte	0x1
 1795 0128 31       		.uleb128 0x31
 1796 0129 13       		.uleb128 0x13
 1797 012a 52       		.uleb128 0x52
 1798 012b 01       		.uleb128 0x1
 1799 012c 55       		.uleb128 0x55
 1800 012d 06       		.uleb128 0x6
 1801 012e 58       		.uleb128 0x58
 1802 012f 0B       		.uleb128 0xb
 1803 0130 59       		.uleb128 0x59
 1804 0131 0B       		.uleb128 0xb
 1805 0132 01       		.uleb128 0x1
 1806 0133 13       		.uleb128 0x13
 1807 0134 00       		.byte	0
 1808 0135 00       		.byte	0
 1809 0136 18       		.uleb128 0x18
 1810 0137 05       		.uleb128 0x5
 1811 0138 00       		.byte	0
 1812 0139 31       		.uleb128 0x31
 1813 013a 13       		.uleb128 0x13
 1814 013b 02       		.uleb128 0x2
 1815 013c 0A       		.uleb128 0xa
 1816 013d 00       		.byte	0
 1817 013e 00       		.byte	0
 1818 013f 19       		.uleb128 0x19
 1819 0140 05       		.uleb128 0x5
 1820 0141 00       		.byte	0
ARM GAS  /tmp/cc2kd6Kf.s 			page 33


 1821 0142 31       		.uleb128 0x31
 1822 0143 13       		.uleb128 0x13
 1823 0144 1C       		.uleb128 0x1c
 1824 0145 06       		.uleb128 0x6
 1825 0146 00       		.byte	0
 1826 0147 00       		.byte	0
 1827 0148 1A       		.uleb128 0x1a
 1828 0149 1D       		.uleb128 0x1d
 1829 014a 01       		.byte	0x1
 1830 014b 31       		.uleb128 0x31
 1831 014c 13       		.uleb128 0x13
 1832 014d 52       		.uleb128 0x52
 1833 014e 01       		.uleb128 0x1
 1834 014f 55       		.uleb128 0x55
 1835 0150 06       		.uleb128 0x6
 1836 0151 58       		.uleb128 0x58
 1837 0152 0B       		.uleb128 0xb
 1838 0153 59       		.uleb128 0x59
 1839 0154 0B       		.uleb128 0xb
 1840 0155 00       		.byte	0
 1841 0156 00       		.byte	0
 1842 0157 1B       		.uleb128 0x1b
 1843 0158 2E       		.uleb128 0x2e
 1844 0159 01       		.byte	0x1
 1845 015a 3F       		.uleb128 0x3f
 1846 015b 0C       		.uleb128 0xc
 1847 015c 03       		.uleb128 0x3
 1848 015d 0E       		.uleb128 0xe
 1849 015e 3A       		.uleb128 0x3a
 1850 015f 0B       		.uleb128 0xb
 1851 0160 3B       		.uleb128 0x3b
 1852 0161 0B       		.uleb128 0xb
 1853 0162 27       		.uleb128 0x27
 1854 0163 0C       		.uleb128 0xc
 1855 0164 11       		.uleb128 0x11
 1856 0165 01       		.uleb128 0x1
 1857 0166 12       		.uleb128 0x12
 1858 0167 01       		.uleb128 0x1
 1859 0168 40       		.uleb128 0x40
 1860 0169 06       		.uleb128 0x6
 1861 016a 9742     		.uleb128 0x2117
 1862 016c 0C       		.uleb128 0xc
 1863 016d 01       		.uleb128 0x1
 1864 016e 13       		.uleb128 0x13
 1865 016f 00       		.byte	0
 1866 0170 00       		.byte	0
 1867 0171 1C       		.uleb128 0x1c
 1868 0172 05       		.uleb128 0x5
 1869 0173 00       		.byte	0
 1870 0174 03       		.uleb128 0x3
 1871 0175 0E       		.uleb128 0xe
 1872 0176 3A       		.uleb128 0x3a
 1873 0177 0B       		.uleb128 0xb
 1874 0178 3B       		.uleb128 0x3b
 1875 0179 0B       		.uleb128 0xb
 1876 017a 49       		.uleb128 0x49
 1877 017b 13       		.uleb128 0x13
ARM GAS  /tmp/cc2kd6Kf.s 			page 34


 1878 017c 02       		.uleb128 0x2
 1879 017d 06       		.uleb128 0x6
 1880 017e 00       		.byte	0
 1881 017f 00       		.byte	0
 1882 0180 1D       		.uleb128 0x1d
 1883 0181 34       		.uleb128 0x34
 1884 0182 00       		.byte	0
 1885 0183 03       		.uleb128 0x3
 1886 0184 0E       		.uleb128 0xe
 1887 0185 3A       		.uleb128 0x3a
 1888 0186 0B       		.uleb128 0xb
 1889 0187 3B       		.uleb128 0x3b
 1890 0188 0B       		.uleb128 0xb
 1891 0189 49       		.uleb128 0x49
 1892 018a 13       		.uleb128 0x13
 1893 018b 02       		.uleb128 0x2
 1894 018c 0A       		.uleb128 0xa
 1895 018d 00       		.byte	0
 1896 018e 00       		.byte	0
 1897 018f 1E       		.uleb128 0x1e
 1898 0190 34       		.uleb128 0x34
 1899 0191 00       		.byte	0
 1900 0192 03       		.uleb128 0x3
 1901 0193 08       		.uleb128 0x8
 1902 0194 3A       		.uleb128 0x3a
 1903 0195 0B       		.uleb128 0xb
 1904 0196 3B       		.uleb128 0x3b
 1905 0197 0B       		.uleb128 0xb
 1906 0198 49       		.uleb128 0x49
 1907 0199 13       		.uleb128 0x13
 1908 019a 02       		.uleb128 0x2
 1909 019b 06       		.uleb128 0x6
 1910 019c 00       		.byte	0
 1911 019d 00       		.byte	0
 1912 019e 1F       		.uleb128 0x1f
 1913 019f 0B       		.uleb128 0xb
 1914 01a0 01       		.byte	0x1
 1915 01a1 55       		.uleb128 0x55
 1916 01a2 06       		.uleb128 0x6
 1917 01a3 00       		.byte	0
 1918 01a4 00       		.byte	0
 1919 01a5 20       		.uleb128 0x20
 1920 01a6 34       		.uleb128 0x34
 1921 01a7 00       		.byte	0
 1922 01a8 03       		.uleb128 0x3
 1923 01a9 0E       		.uleb128 0xe
 1924 01aa 3A       		.uleb128 0x3a
 1925 01ab 0B       		.uleb128 0xb
 1926 01ac 3B       		.uleb128 0x3b
 1927 01ad 0B       		.uleb128 0xb
 1928 01ae 49       		.uleb128 0x49
 1929 01af 13       		.uleb128 0x13
 1930 01b0 02       		.uleb128 0x2
 1931 01b1 06       		.uleb128 0x6
 1932 01b2 00       		.byte	0
 1933 01b3 00       		.byte	0
 1934 01b4 21       		.uleb128 0x21
ARM GAS  /tmp/cc2kd6Kf.s 			page 35


 1935 01b5 34       		.uleb128 0x34
 1936 01b6 00       		.byte	0
 1937 01b7 03       		.uleb128 0x3
 1938 01b8 0E       		.uleb128 0xe
 1939 01b9 3A       		.uleb128 0x3a
 1940 01ba 0B       		.uleb128 0xb
 1941 01bb 3B       		.uleb128 0x3b
 1942 01bc 05       		.uleb128 0x5
 1943 01bd 49       		.uleb128 0x49
 1944 01be 13       		.uleb128 0x13
 1945 01bf 3F       		.uleb128 0x3f
 1946 01c0 0C       		.uleb128 0xc
 1947 01c1 3C       		.uleb128 0x3c
 1948 01c2 0C       		.uleb128 0xc
 1949 01c3 00       		.byte	0
 1950 01c4 00       		.byte	0
 1951 01c5 00       		.byte	0
 1952              		.section	.debug_loc,"",%progbits
 1953              	.Ldebug_loc0:
 1954              	.LLST0:
 1955 0000 00000000 		.4byte	.LFB120
 1956 0004 04000000 		.4byte	.LCFI0
 1957 0008 0200     		.2byte	0x2
 1958 000a 7D       		.byte	0x7d
 1959 000b 00       		.sleb128 0
 1960 000c 04000000 		.4byte	.LCFI0
 1961 0010 C8000000 		.4byte	.LFE120
 1962 0014 0200     		.2byte	0x2
 1963 0016 7D       		.byte	0x7d
 1964 0017 20       		.sleb128 32
 1965 0018 00000000 		.4byte	0
 1966 001c 00000000 		.4byte	0
 1967              	.LLST1:
 1968 0020 00000000 		.4byte	.LVL10
 1969 0024 BE000000 		.4byte	.LVL31
 1970 0028 0100     		.2byte	0x1
 1971 002a 51       		.byte	0x51
 1972 002b BE000000 		.4byte	.LVL31
 1973 002f C0000000 		.4byte	.LVL32
 1974 0033 0500     		.2byte	0x5
 1975 0035 71       		.byte	0x71
 1976 0036 00       		.sleb128 0
 1977 0037 31       		.byte	0x31
 1978 0038 25       		.byte	0x25
 1979 0039 9F       		.byte	0x9f
 1980 003a C0000000 		.4byte	.LVL32
 1981 003e C8000000 		.4byte	.LFE120
 1982 0042 0100     		.2byte	0x1
 1983 0044 51       		.byte	0x51
 1984 0045 00000000 		.4byte	0
 1985 0049 00000000 		.4byte	0
 1986              	.LLST2:
 1987 004d 00000000 		.4byte	.LVL10
 1988 0051 1E000000 		.4byte	.LVL15
 1989 0055 0100     		.2byte	0x1
 1990 0057 52       		.byte	0x52
 1991 0058 1E000000 		.4byte	.LVL15
ARM GAS  /tmp/cc2kd6Kf.s 			page 36


 1992 005c C8000000 		.4byte	.LFE120
 1993 0060 0400     		.2byte	0x4
 1994 0062 F3       		.byte	0xf3
 1995 0063 01       		.uleb128 0x1
 1996 0064 52       		.byte	0x52
 1997 0065 9F       		.byte	0x9f
 1998 0066 00000000 		.4byte	0
 1999 006a 00000000 		.4byte	0
 2000              	.LLST3:
 2001 006e 1E000000 		.4byte	.LVL15
 2002 0072 24000000 		.4byte	.LVL16
 2003 0076 0200     		.2byte	0x2
 2004 0078 30       		.byte	0x30
 2005 0079 9F       		.byte	0x9f
 2006 007a 24000000 		.4byte	.LVL16
 2007 007e C8000000 		.4byte	.LFE120
 2008 0082 0100     		.2byte	0x1
 2009 0084 53       		.byte	0x53
 2010 0085 00000000 		.4byte	0
 2011 0089 00000000 		.4byte	0
 2012              	.LLST4:
 2013 008d 24000000 		.4byte	.LVL16
 2014 0091 2E000000 		.4byte	.LVL21
 2015 0095 0A00     		.2byte	0xa
 2016 0097 72       		.byte	0x72
 2017 0098 00       		.sleb128 0
 2018 0099 73       		.byte	0x73
 2019 009a 00       		.sleb128 0
 2020 009b 37       		.byte	0x37
 2021 009c 1A       		.byte	0x1a
 2022 009d 32       		.byte	0x32
 2023 009e 24       		.byte	0x24
 2024 009f 24       		.byte	0x24
 2025 00a0 9F       		.byte	0x9f
 2026 00a1 3E000000 		.4byte	.LVL22
 2027 00a5 5E000000 		.4byte	.LVL26
 2028 00a9 0100     		.2byte	0x1
 2029 00ab 58       		.byte	0x58
 2030 00ac 5E000000 		.4byte	.LVL26
 2031 00b0 C8000000 		.4byte	.LFE120
 2032 00b4 0A00     		.2byte	0xa
 2033 00b6 72       		.byte	0x72
 2034 00b7 00       		.sleb128 0
 2035 00b8 73       		.byte	0x73
 2036 00b9 00       		.sleb128 0
 2037 00ba 37       		.byte	0x37
 2038 00bb 1A       		.byte	0x1a
 2039 00bc 32       		.byte	0x32
 2040 00bd 24       		.byte	0x24
 2041 00be 24       		.byte	0x24
 2042 00bf 9F       		.byte	0x9f
 2043 00c0 00000000 		.4byte	0
 2044 00c4 00000000 		.4byte	0
 2045              	.LLST5:
 2046 00c8 44000000 		.4byte	.LVL24
 2047 00cc BE000000 		.4byte	.LVL31
 2048 00d0 0500     		.2byte	0x5
ARM GAS  /tmp/cc2kd6Kf.s 			page 37


 2049 00d2 31       		.byte	0x31
 2050 00d3 73       		.byte	0x73
 2051 00d4 00       		.sleb128 0
 2052 00d5 24       		.byte	0x24
 2053 00d6 9F       		.byte	0x9f
 2054 00d7 00000000 		.4byte	0
 2055 00db 00000000 		.4byte	0
 2056              	.LLST6:
 2057 00df 7E000000 		.4byte	.LVL27
 2058 00e3 8E000000 		.4byte	.LVL28
 2059 00e7 0700     		.2byte	0x7
 2060 00e9 33       		.byte	0x33
 2061 00ea 73       		.byte	0x73
 2062 00eb 00       		.sleb128 0
 2063 00ec 31       		.byte	0x31
 2064 00ed 24       		.byte	0x24
 2065 00ee 24       		.byte	0x24
 2066 00ef 9F       		.byte	0x9f
 2067 00f0 8E000000 		.4byte	.LVL28
 2068 00f4 92000000 		.4byte	.LVL29
 2069 00f8 0100     		.2byte	0x1
 2070 00fa 5C       		.byte	0x5c
 2071 00fb 92000000 		.4byte	.LVL29
 2072 00ff B6000000 		.4byte	.LVL30
 2073 0103 0400     		.2byte	0x4
 2074 0105 7C       		.byte	0x7c
 2075 0106 00       		.sleb128 0
 2076 0107 20       		.byte	0x20
 2077 0108 9F       		.byte	0x9f
 2078 0109 B6000000 		.4byte	.LVL30
 2079 010d BE000000 		.4byte	.LVL31
 2080 0111 0700     		.2byte	0x7
 2081 0113 33       		.byte	0x33
 2082 0114 73       		.byte	0x73
 2083 0115 00       		.sleb128 0
 2084 0116 31       		.byte	0x31
 2085 0117 24       		.byte	0x24
 2086 0118 24       		.byte	0x24
 2087 0119 9F       		.byte	0x9f
 2088 011a 00000000 		.4byte	0
 2089 011e 00000000 		.4byte	0
 2090              	.LLST7:
 2091 0122 24000000 		.4byte	.LVL16
 2092 0126 2E000000 		.4byte	.LVL21
 2093 012a 0A00     		.2byte	0xa
 2094 012c 79       		.byte	0x79
 2095 012d 00       		.sleb128 0
 2096 012e 73       		.byte	0x73
 2097 012f 00       		.sleb128 0
 2098 0130 37       		.byte	0x37
 2099 0131 1A       		.byte	0x1a
 2100 0132 32       		.byte	0x32
 2101 0133 24       		.byte	0x24
 2102 0134 24       		.byte	0x24
 2103 0135 9F       		.byte	0x9f
 2104 0136 42000000 		.4byte	.LVL23
 2105 013a 54000000 		.4byte	.LVL25
ARM GAS  /tmp/cc2kd6Kf.s 			page 38


 2106 013e 0100     		.2byte	0x1
 2107 0140 5C       		.byte	0x5c
 2108 0141 54000000 		.4byte	.LVL25
 2109 0145 C8000000 		.4byte	.LFE120
 2110 0149 0A00     		.2byte	0xa
 2111 014b 79       		.byte	0x79
 2112 014c 00       		.sleb128 0
 2113 014d 73       		.byte	0x73
 2114 014e 00       		.sleb128 0
 2115 014f 37       		.byte	0x37
 2116 0150 1A       		.byte	0x1a
 2117 0151 32       		.byte	0x32
 2118 0152 24       		.byte	0x24
 2119 0153 24       		.byte	0x24
 2120 0154 9F       		.byte	0x9f
 2121 0155 00000000 		.4byte	0
 2122 0159 00000000 		.4byte	0
 2123              		.section	.debug_aranges,"",%progbits
 2124 0000 24000000 		.4byte	0x24
 2125 0004 0200     		.2byte	0x2
 2126 0006 00000000 		.4byte	.Ldebug_info0
 2127 000a 04       		.byte	0x4
 2128 000b 00       		.byte	0
 2129 000c 0000     		.2byte	0
 2130 000e 0000     		.2byte	0
 2131 0010 00000000 		.4byte	.LFB119
 2132 0014 A2010000 		.4byte	.LFE119-.LFB119
 2133 0018 00000000 		.4byte	.LFB120
 2134 001c C8000000 		.4byte	.LFE120-.LFB120
 2135 0020 00000000 		.4byte	0
 2136 0024 00000000 		.4byte	0
 2137              		.section	.debug_ranges,"",%progbits
 2138              	.Ldebug_ranges0:
 2139 0000 20000000 		.4byte	.LBB20
 2140 0004 28000000 		.4byte	.LBE20
 2141 0008 2C000000 		.4byte	.LBB27
 2142 000c 46000000 		.4byte	.LBE27
 2143 0010 00000000 		.4byte	0
 2144 0014 00000000 		.4byte	0
 2145 0018 28000000 		.4byte	.LBB23
 2146 001c 2C000000 		.4byte	.LBE23
 2147 0020 46000000 		.4byte	.LBB28
 2148 0024 4C000000 		.4byte	.LBE28
 2149 0028 50000000 		.4byte	.LBB33
 2150 002c 6A000000 		.4byte	.LBE33
 2151 0030 00000000 		.4byte	0
 2152 0034 00000000 		.4byte	0
 2153 0038 4C000000 		.4byte	.LBB29
 2154 003c 50000000 		.4byte	.LBE29
 2155 0040 6A000000 		.4byte	.LBB34
 2156 0044 88000000 		.4byte	.LBE34
 2157 0048 8C000000 		.4byte	.LBB39
 2158 004c 8E000000 		.4byte	.LBE39
 2159 0050 00000000 		.4byte	0
 2160 0054 00000000 		.4byte	0
 2161 0058 88000000 		.4byte	.LBB35
 2162 005c 8C000000 		.4byte	.LBE35
ARM GAS  /tmp/cc2kd6Kf.s 			page 39


 2163 0060 8E000000 		.4byte	.LBB40
 2164 0064 94000000 		.4byte	.LBE40
 2165 0068 98000000 		.4byte	.LBB45
 2166 006c B2000000 		.4byte	.LBE45
 2167 0070 00000000 		.4byte	0
 2168 0074 00000000 		.4byte	0
 2169 0078 94000000 		.4byte	.LBB41
 2170 007c 98000000 		.4byte	.LBE41
 2171 0080 B2000000 		.4byte	.LBB46
 2172 0084 D6000000 		.4byte	.LBE46
 2173 0088 DA000000 		.4byte	.LBB51
 2174 008c DC000000 		.4byte	.LBE51
 2175 0090 00000000 		.4byte	0
 2176 0094 00000000 		.4byte	0
 2177 0098 D6000000 		.4byte	.LBB47
 2178 009c DA000000 		.4byte	.LBE47
 2179 00a0 DC000000 		.4byte	.LBB52
 2180 00a4 E4000000 		.4byte	.LBE52
 2181 00a8 E8000000 		.4byte	.LBB58
 2182 00ac 0E010000 		.4byte	.LBE58
 2183 00b0 00000000 		.4byte	0
 2184 00b4 00000000 		.4byte	0
 2185 00b8 E4000000 		.4byte	.LBB53
 2186 00bc E8000000 		.4byte	.LBE53
 2187 00c0 0E010000 		.4byte	.LBB59
 2188 00c4 16010000 		.4byte	.LBE59
 2189 00c8 1A010000 		.4byte	.LBB65
 2190 00cc 3E010000 		.4byte	.LBE65
 2191 00d0 42010000 		.4byte	.LBB67
 2192 00d4 44010000 		.4byte	.LBE67
 2193 00d8 00000000 		.4byte	0
 2194 00dc 00000000 		.4byte	0
 2195 00e0 16010000 		.4byte	.LBB60
 2196 00e4 1A010000 		.4byte	.LBE60
 2197 00e8 3E010000 		.4byte	.LBB66
 2198 00ec 42010000 		.4byte	.LBE66
 2199 00f0 44010000 		.4byte	.LBB68
 2200 00f4 6C010000 		.4byte	.LBE68
 2201 00f8 70010000 		.4byte	.LBB72
 2202 00fc 72010000 		.4byte	.LBE72
 2203 0100 00000000 		.4byte	0
 2204 0104 00000000 		.4byte	0
 2205 0108 6C010000 		.4byte	.LBB69
 2206 010c 70010000 		.4byte	.LBE69
 2207 0110 72010000 		.4byte	.LBB73
 2208 0114 A2010000 		.4byte	.LBE73
 2209 0118 00000000 		.4byte	0
 2210 011c 00000000 		.4byte	0
 2211 0120 16000000 		.4byte	.LBB74
 2212 0124 1A000000 		.4byte	.LBE74
 2213 0128 1E000000 		.4byte	.LBB75
 2214 012c 24000000 		.4byte	.LBE75
 2215 0130 2E000000 		.4byte	.LBB76
 2216 0134 36000000 		.4byte	.LBE76
 2217 0138 3A000000 		.4byte	.LBB77
 2218 013c 42000000 		.4byte	.LBE77
 2219 0140 44000000 		.4byte	.LBB78
ARM GAS  /tmp/cc2kd6Kf.s 			page 40


 2220 0144 BE000000 		.4byte	.LBE78
 2221 0148 00000000 		.4byte	0
 2222 014c 00000000 		.4byte	0
 2223 0150 00000000 		.4byte	.LFB119
 2224 0154 A2010000 		.4byte	.LFE119
 2225 0158 00000000 		.4byte	.LFB120
 2226 015c C8000000 		.4byte	.LFE120
 2227 0160 00000000 		.4byte	0
 2228 0164 00000000 		.4byte	0
 2229              		.section	.debug_line,"",%progbits
 2230              	.Ldebug_line0:
 2231 0000 0B020000 		.section	.debug_str,"MS",%progbits,1
 2231      02004D01 
 2231      00000201 
 2231      FB0E0D00 
 2231      01010101 
 2232              	.LASF31:
 2233 0000 41484231 		.ascii	"AHB1LPENR\000"
 2233      4C50454E 
 2233      5200
 2234              	.LASF62:
 2235 000a 50434461 		.ascii	"PCData\000"
 2235      746100
 2236              	.LASF76:
 2237 0011 5F70616C 		.ascii	"_pal_lld_setgroupmode\000"
 2237      5F6C6C64 
 2237      5F736574 
 2237      67726F75 
 2237      706D6F64 
 2238              	.LASF21:
 2239 0027 41504231 		.ascii	"APB1RSTR\000"
 2239      52535452 
 2239      00
 2240              	.LASF25:
 2241 0030 41484232 		.ascii	"AHB2ENR\000"
 2241      454E5200 
 2242              	.LASF59:
 2243 0038 73746D33 		.ascii	"stm32_gpio_setup_t\000"
 2243      325F6770 
 2243      696F5F73 
 2243      65747570 
 2243      5F7400
 2244              	.LASF65:
 2245 004b 50464461 		.ascii	"PFData\000"
 2245      746100
 2246              	.LASF75:
 2247 0052 5F70616C 		.ascii	"_pal_lld_init\000"
 2247      5F6C6C64 
 2247      5F696E69 
 2247      7400
 2248              	.LASF3:
 2249 0060 73686F72 		.ascii	"short int\000"
 2249      7420696E 
 2249      7400
 2250              	.LASF85:
 2251 006a 696E6974 		.ascii	"initgpio\000"
 2251      6770696F 
ARM GAS  /tmp/cc2kd6Kf.s 			page 41


 2251      00
 2252              	.LASF13:
 2253 0073 73697A65 		.ascii	"sizetype\000"
 2253      74797065 
 2253      00
 2254              	.LASF38:
 2255 007c 42444352 		.ascii	"BDCR\000"
 2255      00
 2256              	.LASF68:
 2257 0081 50494461 		.ascii	"PIData\000"
 2257      746100
 2258              	.LASF41:
 2259 0088 504C4C49 		.ascii	"PLLI2SCFGR\000"
 2259      32534346 
 2259      475200
 2260              	.LASF73:
 2261 0093 6770696F 		.ascii	"gpiop\000"
 2261      7000
 2262              	.LASF84:
 2263 0099 2F686F6D 		.ascii	"/home/rob/Projects/stm32/src/rocket_tracks\000"
 2263      652F726F 
 2263      622F5072 
 2263      6F6A6563 
 2263      74732F73 
 2264              	.LASF40:
 2265 00c4 53534347 		.ascii	"SSCGR\000"
 2265      5200
 2266              	.LASF61:
 2267 00ca 50424461 		.ascii	"PBData\000"
 2267      746100
 2268              	.LASF33:
 2269 00d1 41484233 		.ascii	"AHB3LPENR\000"
 2269      4C50454E 
 2269      5200
 2270              	.LASF74:
 2271 00db 636F6E66 		.ascii	"config\000"
 2271      696700
 2272              	.LASF71:
 2273 00e2 696F6D6F 		.ascii	"iomode_t\000"
 2273      64655F74 
 2273      00
 2274              	.LASF28:
 2275 00eb 41504231 		.ascii	"APB1ENR\000"
 2275      454E5200 
 2276              	.LASF70:
 2277 00f3 696F706F 		.ascii	"ioportmask_t\000"
 2277      72746D61 
 2277      736B5F74 
 2277      00
 2278              	.LASF45:
 2279 0100 4F545950 		.ascii	"OTYPER\000"
 2279      455200
 2280              	.LASF26:
 2281 0107 41484233 		.ascii	"AHB3ENR\000"
 2281      454E5200 
 2282              	.LASF46:
 2283 010f 4F535045 		.ascii	"OSPEEDR\000"
ARM GAS  /tmp/cc2kd6Kf.s 			page 42


 2283      45445200 
 2284              	.LASF10:
 2285 0117 6C6F6E67 		.ascii	"long long int\000"
 2285      206C6F6E 
 2285      6720696E 
 2285      7400
 2286              	.LASF47:
 2287 0125 50555044 		.ascii	"PUPDR\000"
 2287      5200
 2288              	.LASF55:
 2289 012b 6F737065 		.ascii	"ospeedr\000"
 2289      65647200 
 2290              	.LASF7:
 2291 0133 6C6F6E67 		.ascii	"long int\000"
 2291      20696E74 
 2291      00
 2292              	.LASF63:
 2293 013c 50444461 		.ascii	"PDData\000"
 2293      746100
 2294              	.LASF42:
 2295 0143 5243435F 		.ascii	"RCC_TypeDef\000"
 2295      54797065 
 2295      44656600 
 2296              	.LASF44:
 2297 014f 4D4F4445 		.ascii	"MODER\000"
 2297      5200
 2298              	.LASF22:
 2299 0155 41504232 		.ascii	"APB2RSTR\000"
 2299      52535452 
 2299      00
 2300              	.LASF43:
 2301 015e 636C6561 		.ascii	"clear\000"
 2301      7200
 2302              	.LASF66:
 2303 0164 50474461 		.ascii	"PGData\000"
 2303      746100
 2304              	.LASF60:
 2305 016b 50414461 		.ascii	"PAData\000"
 2305      746100
 2306              	.LASF72:
 2307 0172 696F706F 		.ascii	"ioportid_t\000"
 2307      72746964 
 2307      5F7400
 2308              	.LASF2:
 2309 017d 756E7369 		.ascii	"unsigned char\000"
 2309      676E6564 
 2309      20636861 
 2309      7200
 2310              	.LASF29:
 2311 018b 41504232 		.ascii	"APB2ENR\000"
 2311      454E5200 
 2312              	.LASF1:
 2313 0193 7369676E 		.ascii	"signed char\000"
 2313      65642063 
 2313      68617200 
 2314              	.LASF11:
 2315 019f 6C6F6E67 		.ascii	"long long unsigned int\000"
ARM GAS  /tmp/cc2kd6Kf.s 			page 43


 2315      206C6F6E 
 2315      6720756E 
 2315      7369676E 
 2315      65642069 
 2316              	.LASF8:
 2317 01b6 75696E74 		.ascii	"uint32_t\000"
 2317      33325F74 
 2317      00
 2318              	.LASF54:
 2319 01bf 6F747970 		.ascii	"otyper\000"
 2319      657200
 2320              	.LASF18:
 2321 01c6 41484232 		.ascii	"AHB2RSTR\000"
 2321      52535452 
 2321      00
 2322              	.LASF5:
 2323 01cf 75696E74 		.ascii	"uint16_t\000"
 2323      31365F74 
 2323      00
 2324              	.LASF82:
 2325 01d8 474E5520 		.ascii	"GNU C 4.7.2\000"
 2325      4320342E 
 2325      372E3200 
 2326              	.LASF9:
 2327 01e4 6C6F6E67 		.ascii	"long unsigned int\000"
 2327      20756E73 
 2327      69676E65 
 2327      6420696E 
 2327      7400
 2328              	.LASF51:
 2329 01f6 41465248 		.ascii	"AFRH\000"
 2329      00
 2330              	.LASF15:
 2331 01fb 504C4C43 		.ascii	"PLLCFGR\000"
 2331      46475200 
 2332              	.LASF50:
 2333 0203 4146524C 		.ascii	"AFRL\000"
 2333      00
 2334              	.LASF4:
 2335 0208 73686F72 		.ascii	"short unsigned int\000"
 2335      7420756E 
 2335      7369676E 
 2335      65642069 
 2335      6E7400
 2336              	.LASF35:
 2337 021b 41504231 		.ascii	"APB1LPENR\000"
 2337      4C50454E 
 2337      5200
 2338              	.LASF14:
 2339 0225 63686172 		.ascii	"char\000"
 2339      00
 2340              	.LASF6:
 2341 022a 696E7433 		.ascii	"int32_t\000"
 2341      325F7400 
 2342              	.LASF69:
 2343 0232 50414C43 		.ascii	"PALConfig\000"
 2343      6F6E6669 
ARM GAS  /tmp/cc2kd6Kf.s 			page 44


 2343      6700
 2344              	.LASF12:
 2345 023c 5F426F6F 		.ascii	"_Bool\000"
 2345      6C00
 2346              	.LASF79:
 2347 0242 6D6F6465 		.ascii	"mode\000"
 2347      00
 2348              	.LASF32:
 2349 0247 41484232 		.ascii	"AHB2LPENR\000"
 2349      4C50454E 
 2349      5200
 2350              	.LASF77:
 2351 0251 706F7274 		.ascii	"port\000"
 2351      00
 2352              	.LASF64:
 2353 0256 50454461 		.ascii	"PEData\000"
 2353      746100
 2354              	.LASF20:
 2355 025d 52455345 		.ascii	"RESERVED0\000"
 2355      52564544 
 2355      3000
 2356              	.LASF23:
 2357 0267 52455345 		.ascii	"RESERVED1\000"
 2357      52564544 
 2357      3100
 2358              	.LASF27:
 2359 0271 52455345 		.ascii	"RESERVED2\000"
 2359      52564544 
 2359      3200
 2360              	.LASF30:
 2361 027b 52455345 		.ascii	"RESERVED3\000"
 2361      52564544 
 2361      3300
 2362              	.LASF34:
 2363 0285 52455345 		.ascii	"RESERVED4\000"
 2363      52564544 
 2363      3400
 2364              	.LASF37:
 2365 028f 52455345 		.ascii	"RESERVED5\000"
 2365      52564544 
 2365      3500
 2366              	.LASF39:
 2367 0299 52455345 		.ascii	"RESERVED6\000"
 2367      52564544 
 2367      3600
 2368              	.LASF67:
 2369 02a3 50484461 		.ascii	"PHData\000"
 2369      746100
 2370              	.LASF24:
 2371 02aa 41484231 		.ascii	"AHB1ENR\000"
 2371      454E5200 
 2372              	.LASF78:
 2373 02b2 6D61736B 		.ascii	"mask\000"
 2373      00
 2374              	.LASF56:
 2375 02b7 70757064 		.ascii	"pupdr\000"
 2375      7200
ARM GAS  /tmp/cc2kd6Kf.s 			page 45


 2376              	.LASF58:
 2377 02bd 61667268 		.ascii	"afrh\000"
 2377      00
 2378              	.LASF57:
 2379 02c2 6166726C 		.ascii	"afrl\000"
 2379      00
 2380              	.LASF53:
 2381 02c7 6D6F6465 		.ascii	"moder\000"
 2381      7200
 2382              	.LASF17:
 2383 02cd 41484231 		.ascii	"AHB1RSTR\000"
 2383      52535452 
 2383      00
 2384              	.LASF52:
 2385 02d6 4750494F 		.ascii	"GPIO_TypeDef\000"
 2385      5F547970 
 2385      65446566 
 2385      00
 2386              	.LASF19:
 2387 02e3 41484233 		.ascii	"AHB3RSTR\000"
 2387      52535452 
 2387      00
 2388              	.LASF80:
 2389 02ec 616C7472 		.ascii	"altr\000"
 2389      00
 2390              	.LASF86:
 2391 02f1 49544D5F 		.ascii	"ITM_RxBuffer\000"
 2391      52784275 
 2391      66666572 
 2391      00
 2392              	.LASF81:
 2393 02fe 616C7472 		.ascii	"altrmask\000"
 2393      6D61736B 
 2393      00
 2394              	.LASF0:
 2395 0307 756E7369 		.ascii	"unsigned int\000"
 2395      676E6564 
 2395      20696E74 
 2395      00
 2396              	.LASF16:
 2397 0314 43464752 		.ascii	"CFGR\000"
 2397      00
 2398              	.LASF49:
 2399 0319 4C434B52 		.ascii	"LCKR\000"
 2399      00
 2400              	.LASF83:
 2401 031e 2E2E2F2E 		.ascii	"../../ChibiOS/os/hal/platforms/STM32/GPIOv2/pal_lld"
 2401      2E2F4368 
 2401      6962694F 
 2401      532F6F73 
 2401      2F68616C 
 2402 0351 2E6300   		.ascii	".c\000"
 2403              	.LASF36:
 2404 0354 41504232 		.ascii	"APB2LPENR\000"
 2404      4C50454E 
 2404      5200
 2405              	.LASF48:
ARM GAS  /tmp/cc2kd6Kf.s 			page 46


 2406 035e 42535252 		.ascii	"BSRR\000"
 2406      00
 2407              		.ident	"GCC: (crosstool-NG 1.17.0 - PSAS ST32F4 GFE) 4.7.2"
ARM GAS  /tmp/cc2kd6Kf.s 			page 47


DEFINED SYMBOLS
                            *ABS*:0000000000000000 pal_lld.c
     /tmp/cc2kd6Kf.s:21     .text._pal_lld_init:0000000000000000 $t
     /tmp/cc2kd6Kf.s:27     .text._pal_lld_init:0000000000000000 _pal_lld_init
     /tmp/cc2kd6Kf.s:385    .text._pal_lld_setgroupmode:0000000000000000 $t
     /tmp/cc2kd6Kf.s:391    .text._pal_lld_setgroupmode:0000000000000000 _pal_lld_setgroupmode
                     .debug_frame:0000000000000010 $d

NO UNDEFINED SYMBOLS
