ARM GAS  /tmp/ccWz1mH4.s 			page 1


   1              		.syntax unified
   2              		.cpu cortex-m4
   3              		.eabi_attribute 27, 3
   4              		.eabi_attribute 28, 1
   5              		.fpu fpv4-sp-d16
   6              		.eabi_attribute 20, 1
   7              		.eabi_attribute 21, 1
   8              		.eabi_attribute 23, 3
   9              		.eabi_attribute 24, 1
  10              		.eabi_attribute 25, 1
  11              		.eabi_attribute 26, 1
  12              		.eabi_attribute 30, 2
  13              		.eabi_attribute 34, 1
  14              		.eabi_attribute 18, 4
  15              		.thumb
  16              		.file	"board.c"
  17              		.text
  18              	.Ltext0:
  19              		.cfi_sections	.debug_frame
  20              		.section	.text.__early_init,"ax",%progbits
  21              		.align	2
  22              		.p2align 4,,15
  23              		.global	__early_init
  24              		.thumb
  25              		.thumb_func
  26              		.type	__early_init, %function
  27              	__early_init:
  28              	.LFB118:
  29              		.file 1 "./boards/OLIMEX_STM32_E407/board.c"
  30              		.loc 1 58 0
  31              		.cfi_startproc
  32              		@ args = 0, pretend = 0, frame = 0
  33              		@ frame_needed = 0, uses_anonymous_args = 0
  34              		@ link register save eliminated.
  35              		.loc 1 61 0
  36              		.loc 1 60 0
  37 0000 FFF7FEBF 		b	stm32_clock_init
  38              	.LVL0:
  39              		.cfi_endproc
  40              	.LFE118:
  41              		.size	__early_init, .-__early_init
  42 0004 AFF30080 		.section	.text.boardInit,"ax",%progbits
  42      AFF30080 
  42      AFF30080 
  43              		.align	2
  44              		.p2align 4,,15
  45              		.global	boardInit
  46              		.thumb
  47              		.thumb_func
  48              		.type	boardInit, %function
  49              	boardInit:
  50              	.LFB119:
  51              		.loc 1 111 0
  52              		.cfi_startproc
  53              		@ args = 0, pretend = 0, frame = 0
  54              		@ frame_needed = 0, uses_anonymous_args = 0
  55              		@ link register save eliminated.
ARM GAS  /tmp/ccWz1mH4.s 			page 2


  56 0000 7047     		bx	lr
  57              		.cfi_endproc
  58              	.LFE119:
  59              		.size	boardInit, .-boardInit
  60              		.global	pal_default_config
  61 0002 00BFAFF3 		.section	.rodata.pal_default_config,"a",%progbits
  61      0080AFF3 
  61      0080AFF3 
  61      0080
  62              		.align	2
  63              		.type	pal_default_config, %object
  64              		.size	pal_default_config, 252
  65              	pal_default_config:
  66 0000 28A6A1AA 		.word	-1432246744
  67 0004 00000000 		.word	0
  68 0008 FFFFFFFF 		.word	-1
  69 000c 00010820 		.word	537395456
  70 0010 FFFF0000 		.word	65535
  71 0014 B00B00B0 		.word	-1342174288
  72 0018 00AA0A00 		.word	698880
  73 001c 814A2AA2 		.word	-1574286719
  74 0020 00030000 		.word	768
  75 0024 FFFFFFFF 		.word	-1
  76 0028 00544008 		.word	138433536
  77 002c FFFF0000 		.word	65535
  78 0030 00000000 		.word	0
  79 0034 44050CCC 		.word	-871627452
  80 0038 A8AAAA06 		.word	111848104
  81 003c 00000000 		.word	0
  82 0040 FFFFFFFF 		.word	-1
  83 0044 01000000 		.word	1
  84 0048 FFFF0000 		.word	65535
  85 004c B055BB88 		.word	-2000988752
  86 0050 CCCC0C00 		.word	838860
  87 0054 20005101 		.word	22085664
  88 0058 00000000 		.word	0
  89 005c FFFFFFFF 		.word	-1
  90 0060 45555555 		.word	1431655749
  91 0064 FFFF0000 		.word	65535
  92 0068 000C0000 		.word	3072
  93 006c 00000000 		.word	0
  94 0070 10000000 		.word	16
  95 0074 00000000 		.word	0
  96 0078 FFFFFFFF 		.word	-1
  97 007c 55555555 		.word	1431655765
  98 0080 FFFF0000 		.word	65535
  99 0084 00000000 		.word	0
 100 0088 00000000 		.word	0
 101 008c 00000000 		.word	0
 102 0090 00000000 		.word	0
 103 0094 FFFFFFFF 		.word	-1
 104 0098 55551555 		.word	1427461461
 105 009c FFFF0000 		.word	65535
 106 00a0 44000000 		.word	68
 107 00a4 00000000 		.word	0
 108 00a8 00009028 		.word	680525824
 109 00ac 00000000 		.word	0
ARM GAS  /tmp/ccWz1mH4.s 			page 3


 110 00b0 FFFFFFFF 		.word	-1
 111 00b4 55550541 		.word	1090868565
 112 00b8 FFFF0000 		.word	65535
 113 00bc 00000000 		.word	0
 114 00c0 00B0B00B 		.word	196128768
 115 00c4 00000000 		.word	0
 116 00c8 00000000 		.word	0
 117 00cc FFFFFFFF 		.word	-1
 118 00d0 50555555 		.word	1431655760
 119 00d4 FFFF0000 		.word	65535
 120 00d8 00000000 		.word	0
 121 00dc 00000000 		.word	0
 122 00e0 00000000 		.word	0
 123 00e4 00000000 		.word	0
 124 00e8 FFFFFFFF 		.word	-1
 125 00ec 55555555 		.word	1431655765
 126 00f0 FFFF0000 		.word	65535
 127 00f4 00000000 		.word	0
 128 00f8 00000000 		.word	0
 129              		.text
 130              	.Letext0:
 131              		.file 2 "/home/david/toolchains/psas/x-tools/stm32f407/arm-psas-eabi/bin/../lib/gcc/arm-psas-eabi/
 132              		.file 3 "../../ChibiOS/os/hal/platforms/STM32/GPIOv2/pal_lld.h"
 133              		.file 4 "../../ChibiOS/os/ports/common/ARMCMx/CMSIS/include/core_cm4.h"
 134              		.file 5 "../../ChibiOS/os/hal/platforms/STM32F4xx/hal_lld.h"
 135              		.section	.debug_info,"",%progbits
 136              	.Ldebug_info0:
 137 0000 0A020000 		.4byte	0x20a
 138 0004 0200     		.2byte	0x2
 139 0006 00000000 		.4byte	.Ldebug_abbrev0
 140 000a 04       		.byte	0x4
 141 000b 01       		.uleb128 0x1
 142 000c 84010000 		.4byte	.LASF32
 143 0010 01       		.byte	0x1
 144 0011 72000000 		.4byte	.LASF33
 145 0015 1C000000 		.4byte	.LASF34
 146 0019 00000000 		.4byte	.Ldebug_ranges0+0
 147 001d 00000000 		.4byte	0
 148 0021 00000000 		.4byte	0
 149 0025 00000000 		.4byte	.Ldebug_line0
 150 0029 02       		.uleb128 0x2
 151 002a 04       		.byte	0x4
 152 002b 05       		.byte	0x5
 153 002c 696E7400 		.ascii	"int\000"
 154 0030 03       		.uleb128 0x3
 155 0031 04       		.byte	0x4
 156 0032 07       		.byte	0x7
 157 0033 5E000000 		.4byte	.LASF0
 158 0037 03       		.uleb128 0x3
 159 0038 01       		.byte	0x1
 160 0039 06       		.byte	0x6
 161 003a BE010000 		.4byte	.LASF1
 162 003e 03       		.uleb128 0x3
 163 003f 01       		.byte	0x1
 164 0040 08       		.byte	0x8
 165 0041 BA000000 		.4byte	.LASF2
 166 0045 03       		.uleb128 0x3
ARM GAS  /tmp/ccWz1mH4.s 			page 4


 167 0046 02       		.byte	0x2
 168 0047 05       		.byte	0x5
 169 0048 97010000 		.4byte	.LASF3
 170 004c 03       		.uleb128 0x3
 171 004d 02       		.byte	0x2
 172 004e 07       		.byte	0x7
 173 004f 4B000000 		.4byte	.LASF4
 174 0053 04       		.uleb128 0x4
 175 0054 6B010000 		.4byte	.LASF6
 176 0058 02       		.byte	0x2
 177 0059 4F       		.byte	0x4f
 178 005a 5E000000 		.4byte	0x5e
 179 005e 03       		.uleb128 0x3
 180 005f 04       		.byte	0x4
 181 0060 05       		.byte	0x5
 182 0061 AF010000 		.4byte	.LASF5
 183 0065 04       		.uleb128 0x4
 184 0066 03010000 		.4byte	.LASF7
 185 006a 02       		.byte	0x2
 186 006b 50       		.byte	0x50
 187 006c 70000000 		.4byte	0x70
 188 0070 03       		.uleb128 0x3
 189 0071 04       		.byte	0x4
 190 0072 07       		.byte	0x7
 191 0073 EC000000 		.4byte	.LASF8
 192 0077 03       		.uleb128 0x3
 193 0078 08       		.byte	0x8
 194 0079 05       		.byte	0x5
 195 007a 00000000 		.4byte	.LASF9
 196 007e 03       		.uleb128 0x3
 197 007f 08       		.byte	0x8
 198 0080 07       		.byte	0x7
 199 0081 9C000000 		.4byte	.LASF10
 200 0085 03       		.uleb128 0x3
 201 0086 04       		.byte	0x4
 202 0087 07       		.byte	0x7
 203 0088 73010000 		.4byte	.LASF11
 204 008c 03       		.uleb128 0x3
 205 008d 01       		.byte	0x1
 206 008e 08       		.byte	0x8
 207 008f 4F010000 		.4byte	.LASF12
 208 0093 05       		.uleb128 0x5
 209 0094 53000000 		.4byte	0x53
 210 0098 06       		.uleb128 0x6
 211 0099 1C       		.byte	0x1c
 212 009a 03       		.byte	0x3
 213 009b A7       		.byte	0xa7
 214 009c 03010000 		.4byte	0x103
 215 00a0 07       		.uleb128 0x7
 216 00a1 B8010000 		.4byte	.LASF13
 217 00a5 03       		.byte	0x3
 218 00a6 A9       		.byte	0xa9
 219 00a7 65000000 		.4byte	0x65
 220 00ab 02       		.byte	0x2
 221 00ac 23       		.byte	0x23
 222 00ad 00       		.uleb128 0
 223 00ae 07       		.uleb128 0x7
ARM GAS  /tmp/ccWz1mH4.s 			page 5


 224 00af 6B000000 		.4byte	.LASF14
 225 00b3 03       		.byte	0x3
 226 00b4 AB       		.byte	0xab
 227 00b5 65000000 		.4byte	0x65
 228 00b9 02       		.byte	0x2
 229 00ba 23       		.byte	0x23
 230 00bb 04       		.uleb128 0x4
 231 00bc 07       		.uleb128 0x7
 232 00bd 7C010000 		.4byte	.LASF15
 233 00c1 03       		.byte	0x3
 234 00c2 AD       		.byte	0xad
 235 00c3 65000000 		.4byte	0x65
 236 00c7 02       		.byte	0x2
 237 00c8 23       		.byte	0x23
 238 00c9 08       		.uleb128 0x8
 239 00ca 07       		.uleb128 0x7
 240 00cb 3B010000 		.4byte	.LASF16
 241 00cf 03       		.byte	0x3
 242 00d0 AF       		.byte	0xaf
 243 00d1 65000000 		.4byte	0x65
 244 00d5 02       		.byte	0x2
 245 00d6 23       		.byte	0x23
 246 00d7 0C       		.uleb128 0xc
 247 00d8 08       		.uleb128 0x8
 248 00d9 6F647200 		.ascii	"odr\000"
 249 00dd 03       		.byte	0x3
 250 00de B1       		.byte	0xb1
 251 00df 65000000 		.4byte	0x65
 252 00e3 02       		.byte	0x2
 253 00e4 23       		.byte	0x23
 254 00e5 10       		.uleb128 0x10
 255 00e6 07       		.uleb128 0x7
 256 00e7 0C010000 		.4byte	.LASF17
 257 00eb 03       		.byte	0x3
 258 00ec B3       		.byte	0xb3
 259 00ed 65000000 		.4byte	0x65
 260 00f1 02       		.byte	0x2
 261 00f2 23       		.byte	0x23
 262 00f3 14       		.uleb128 0x14
 263 00f4 07       		.uleb128 0x7
 264 00f5 FE000000 		.4byte	.LASF18
 265 00f9 03       		.byte	0x3
 266 00fa B5       		.byte	0xb5
 267 00fb 65000000 		.4byte	0x65
 268 00ff 02       		.byte	0x2
 269 0100 23       		.byte	0x23
 270 0101 18       		.uleb128 0x18
 271 0102 00       		.byte	0
 272 0103 04       		.uleb128 0x4
 273 0104 C8000000 		.4byte	.LASF19
 274 0108 03       		.byte	0x3
 275 0109 B6       		.byte	0xb6
 276 010a 98000000 		.4byte	0x98
 277 010e 06       		.uleb128 0x6
 278 010f FC       		.byte	0xfc
 279 0110 03       		.byte	0x3
 280 0111 BF       		.byte	0xbf
ARM GAS  /tmp/ccWz1mH4.s 			page 6


 281 0112 99010000 		.4byte	0x199
 282 0116 07       		.uleb128 0x7
 283 0117 A8010000 		.4byte	.LASF20
 284 011b 03       		.byte	0x3
 285 011c C1       		.byte	0xc1
 286 011d 03010000 		.4byte	0x103
 287 0121 02       		.byte	0x2
 288 0122 23       		.byte	0x23
 289 0123 00       		.uleb128 0
 290 0124 07       		.uleb128 0x7
 291 0125 48010000 		.4byte	.LASF21
 292 0129 03       		.byte	0x3
 293 012a C3       		.byte	0xc3
 294 012b 03010000 		.4byte	0x103
 295 012f 02       		.byte	0x2
 296 0130 23       		.byte	0x23
 297 0131 1C       		.uleb128 0x1c
 298 0132 07       		.uleb128 0x7
 299 0133 A1010000 		.4byte	.LASF22
 300 0137 03       		.byte	0x3
 301 0138 C5       		.byte	0xc5
 302 0139 03010000 		.4byte	0x103
 303 013d 02       		.byte	0x2
 304 013e 23       		.byte	0x23
 305 013f 38       		.uleb128 0x38
 306 0140 07       		.uleb128 0x7
 307 0141 15000000 		.4byte	.LASF23
 308 0145 03       		.byte	0x3
 309 0146 C7       		.byte	0xc7
 310 0147 03010000 		.4byte	0x103
 311 014b 02       		.byte	0x2
 312 014c 23       		.byte	0x23
 313 014d 54       		.uleb128 0x54
 314 014e 07       		.uleb128 0x7
 315 014f B3000000 		.4byte	.LASF24
 316 0153 03       		.byte	0x3
 317 0154 CA       		.byte	0xca
 318 0155 03010000 		.4byte	0x103
 319 0159 02       		.byte	0x2
 320 015a 23       		.byte	0x23
 321 015b 70       		.uleb128 0x70
 322 015c 07       		.uleb128 0x7
 323 015d 41010000 		.4byte	.LASF25
 324 0161 03       		.byte	0x3
 325 0162 CE       		.byte	0xce
 326 0163 03010000 		.4byte	0x103
 327 0167 03       		.byte	0x3
 328 0168 23       		.byte	0x23
 329 0169 8C01     		.uleb128 0x8c
 330 016b 07       		.uleb128 0x7
 331 016c 90010000 		.4byte	.LASF26
 332 0170 03       		.byte	0x3
 333 0171 D2       		.byte	0xd2
 334 0172 03010000 		.4byte	0x103
 335 0176 03       		.byte	0x3
 336 0177 23       		.byte	0x23
 337 0178 A801     		.uleb128 0xa8
ARM GAS  /tmp/ccWz1mH4.s 			page 7


 338 017a 07       		.uleb128 0x7
 339 017b 0E000000 		.4byte	.LASF27
 340 017f 03       		.byte	0x3
 341 0180 D6       		.byte	0xd6
 342 0181 03010000 		.4byte	0x103
 343 0185 03       		.byte	0x3
 344 0186 23       		.byte	0x23
 345 0187 C401     		.uleb128 0xc4
 346 0189 07       		.uleb128 0x7
 347 018a 95000000 		.4byte	.LASF28
 348 018e 03       		.byte	0x3
 349 018f DA       		.byte	0xda
 350 0190 03010000 		.4byte	0x103
 351 0194 03       		.byte	0x3
 352 0195 23       		.byte	0x23
 353 0196 E001     		.uleb128 0xe0
 354 0198 00       		.byte	0
 355 0199 04       		.uleb128 0x4
 356 019a 1E010000 		.4byte	.LASF29
 357 019e 03       		.byte	0x3
 358 019f DC       		.byte	0xdc
 359 01a0 0E010000 		.4byte	0x10e
 360 01a4 09       		.uleb128 0x9
 361 01a5 01       		.byte	0x1
 362 01a6 5E010000 		.4byte	.LASF35
 363 01aa 01       		.byte	0x1
 364 01ab 3A       		.byte	0x3a
 365 01ac 01       		.byte	0x1
 366 01ad 00000000 		.4byte	.LFB118
 367 01b1 04000000 		.4byte	.LFE118
 368 01b5 02       		.byte	0x2
 369 01b6 7D       		.byte	0x7d
 370 01b7 00       		.sleb128 0
 371 01b8 01       		.byte	0x1
 372 01b9 C8010000 		.4byte	0x1c8
 373 01bd 0A       		.uleb128 0xa
 374 01be 04000000 		.4byte	.LVL0
 375 01c2 01       		.byte	0x1
 376 01c3 02020000 		.4byte	0x202
 377 01c7 00       		.byte	0
 378 01c8 0B       		.uleb128 0xb
 379 01c9 01       		.byte	0x1
 380 01ca 54010000 		.4byte	.LASF36
 381 01ce 01       		.byte	0x1
 382 01cf 6F       		.byte	0x6f
 383 01d0 01       		.byte	0x1
 384 01d1 00000000 		.4byte	.LFB119
 385 01d5 02000000 		.4byte	.LFE119
 386 01d9 02       		.byte	0x2
 387 01da 7D       		.byte	0x7d
 388 01db 00       		.sleb128 0
 389 01dc 01       		.byte	0x1
 390 01dd 0C       		.uleb128 0xc
 391 01de 11010000 		.4byte	.LASF30
 392 01e2 04       		.byte	0x4
 393 01e3 9806     		.2byte	0x698
 394 01e5 93000000 		.4byte	0x93
ARM GAS  /tmp/ccWz1mH4.s 			page 8


 395 01e9 01       		.byte	0x1
 396 01ea 01       		.byte	0x1
 397 01eb 0D       		.uleb128 0xd
 398 01ec 28010000 		.4byte	.LASF31
 399 01f0 01       		.byte	0x1
 400 01f1 1E       		.byte	0x1e
 401 01f2 FD010000 		.4byte	0x1fd
 402 01f6 01       		.byte	0x1
 403 01f7 05       		.byte	0x5
 404 01f8 03       		.byte	0x3
 405 01f9 00000000 		.4byte	pal_default_config
 406 01fd 0E       		.uleb128 0xe
 407 01fe 99010000 		.4byte	0x199
 408 0202 0F       		.uleb128 0xf
 409 0203 01       		.byte	0x1
 410 0204 DB000000 		.4byte	.LASF37
 411 0208 05       		.byte	0x5
 412 0209 1906     		.2byte	0x619
 413 020b 01       		.byte	0x1
 414 020c 01       		.byte	0x1
 415 020d 00       		.byte	0
 416              		.section	.debug_abbrev,"",%progbits
 417              	.Ldebug_abbrev0:
 418 0000 01       		.uleb128 0x1
 419 0001 11       		.uleb128 0x11
 420 0002 01       		.byte	0x1
 421 0003 25       		.uleb128 0x25
 422 0004 0E       		.uleb128 0xe
 423 0005 13       		.uleb128 0x13
 424 0006 0B       		.uleb128 0xb
 425 0007 03       		.uleb128 0x3
 426 0008 0E       		.uleb128 0xe
 427 0009 1B       		.uleb128 0x1b
 428 000a 0E       		.uleb128 0xe
 429 000b 55       		.uleb128 0x55
 430 000c 06       		.uleb128 0x6
 431 000d 11       		.uleb128 0x11
 432 000e 01       		.uleb128 0x1
 433 000f 52       		.uleb128 0x52
 434 0010 01       		.uleb128 0x1
 435 0011 10       		.uleb128 0x10
 436 0012 06       		.uleb128 0x6
 437 0013 00       		.byte	0
 438 0014 00       		.byte	0
 439 0015 02       		.uleb128 0x2
 440 0016 24       		.uleb128 0x24
 441 0017 00       		.byte	0
 442 0018 0B       		.uleb128 0xb
 443 0019 0B       		.uleb128 0xb
 444 001a 3E       		.uleb128 0x3e
 445 001b 0B       		.uleb128 0xb
 446 001c 03       		.uleb128 0x3
 447 001d 08       		.uleb128 0x8
 448 001e 00       		.byte	0
 449 001f 00       		.byte	0
 450 0020 03       		.uleb128 0x3
 451 0021 24       		.uleb128 0x24
ARM GAS  /tmp/ccWz1mH4.s 			page 9


 452 0022 00       		.byte	0
 453 0023 0B       		.uleb128 0xb
 454 0024 0B       		.uleb128 0xb
 455 0025 3E       		.uleb128 0x3e
 456 0026 0B       		.uleb128 0xb
 457 0027 03       		.uleb128 0x3
 458 0028 0E       		.uleb128 0xe
 459 0029 00       		.byte	0
 460 002a 00       		.byte	0
 461 002b 04       		.uleb128 0x4
 462 002c 16       		.uleb128 0x16
 463 002d 00       		.byte	0
 464 002e 03       		.uleb128 0x3
 465 002f 0E       		.uleb128 0xe
 466 0030 3A       		.uleb128 0x3a
 467 0031 0B       		.uleb128 0xb
 468 0032 3B       		.uleb128 0x3b
 469 0033 0B       		.uleb128 0xb
 470 0034 49       		.uleb128 0x49
 471 0035 13       		.uleb128 0x13
 472 0036 00       		.byte	0
 473 0037 00       		.byte	0
 474 0038 05       		.uleb128 0x5
 475 0039 35       		.uleb128 0x35
 476 003a 00       		.byte	0
 477 003b 49       		.uleb128 0x49
 478 003c 13       		.uleb128 0x13
 479 003d 00       		.byte	0
 480 003e 00       		.byte	0
 481 003f 06       		.uleb128 0x6
 482 0040 13       		.uleb128 0x13
 483 0041 01       		.byte	0x1
 484 0042 0B       		.uleb128 0xb
 485 0043 0B       		.uleb128 0xb
 486 0044 3A       		.uleb128 0x3a
 487 0045 0B       		.uleb128 0xb
 488 0046 3B       		.uleb128 0x3b
 489 0047 0B       		.uleb128 0xb
 490 0048 01       		.uleb128 0x1
 491 0049 13       		.uleb128 0x13
 492 004a 00       		.byte	0
 493 004b 00       		.byte	0
 494 004c 07       		.uleb128 0x7
 495 004d 0D       		.uleb128 0xd
 496 004e 00       		.byte	0
 497 004f 03       		.uleb128 0x3
 498 0050 0E       		.uleb128 0xe
 499 0051 3A       		.uleb128 0x3a
 500 0052 0B       		.uleb128 0xb
 501 0053 3B       		.uleb128 0x3b
 502 0054 0B       		.uleb128 0xb
 503 0055 49       		.uleb128 0x49
 504 0056 13       		.uleb128 0x13
 505 0057 38       		.uleb128 0x38
 506 0058 0A       		.uleb128 0xa
 507 0059 00       		.byte	0
 508 005a 00       		.byte	0
ARM GAS  /tmp/ccWz1mH4.s 			page 10


 509 005b 08       		.uleb128 0x8
 510 005c 0D       		.uleb128 0xd
 511 005d 00       		.byte	0
 512 005e 03       		.uleb128 0x3
 513 005f 08       		.uleb128 0x8
 514 0060 3A       		.uleb128 0x3a
 515 0061 0B       		.uleb128 0xb
 516 0062 3B       		.uleb128 0x3b
 517 0063 0B       		.uleb128 0xb
 518 0064 49       		.uleb128 0x49
 519 0065 13       		.uleb128 0x13
 520 0066 38       		.uleb128 0x38
 521 0067 0A       		.uleb128 0xa
 522 0068 00       		.byte	0
 523 0069 00       		.byte	0
 524 006a 09       		.uleb128 0x9
 525 006b 2E       		.uleb128 0x2e
 526 006c 01       		.byte	0x1
 527 006d 3F       		.uleb128 0x3f
 528 006e 0C       		.uleb128 0xc
 529 006f 03       		.uleb128 0x3
 530 0070 0E       		.uleb128 0xe
 531 0071 3A       		.uleb128 0x3a
 532 0072 0B       		.uleb128 0xb
 533 0073 3B       		.uleb128 0x3b
 534 0074 0B       		.uleb128 0xb
 535 0075 27       		.uleb128 0x27
 536 0076 0C       		.uleb128 0xc
 537 0077 11       		.uleb128 0x11
 538 0078 01       		.uleb128 0x1
 539 0079 12       		.uleb128 0x12
 540 007a 01       		.uleb128 0x1
 541 007b 40       		.uleb128 0x40
 542 007c 0A       		.uleb128 0xa
 543 007d 9742     		.uleb128 0x2117
 544 007f 0C       		.uleb128 0xc
 545 0080 01       		.uleb128 0x1
 546 0081 13       		.uleb128 0x13
 547 0082 00       		.byte	0
 548 0083 00       		.byte	0
 549 0084 0A       		.uleb128 0xa
 550 0085 898201   		.uleb128 0x4109
 551 0088 00       		.byte	0
 552 0089 11       		.uleb128 0x11
 553 008a 01       		.uleb128 0x1
 554 008b 9542     		.uleb128 0x2115
 555 008d 0C       		.uleb128 0xc
 556 008e 31       		.uleb128 0x31
 557 008f 13       		.uleb128 0x13
 558 0090 00       		.byte	0
 559 0091 00       		.byte	0
 560 0092 0B       		.uleb128 0xb
 561 0093 2E       		.uleb128 0x2e
 562 0094 00       		.byte	0
 563 0095 3F       		.uleb128 0x3f
 564 0096 0C       		.uleb128 0xc
 565 0097 03       		.uleb128 0x3
ARM GAS  /tmp/ccWz1mH4.s 			page 11


 566 0098 0E       		.uleb128 0xe
 567 0099 3A       		.uleb128 0x3a
 568 009a 0B       		.uleb128 0xb
 569 009b 3B       		.uleb128 0x3b
 570 009c 0B       		.uleb128 0xb
 571 009d 27       		.uleb128 0x27
 572 009e 0C       		.uleb128 0xc
 573 009f 11       		.uleb128 0x11
 574 00a0 01       		.uleb128 0x1
 575 00a1 12       		.uleb128 0x12
 576 00a2 01       		.uleb128 0x1
 577 00a3 40       		.uleb128 0x40
 578 00a4 0A       		.uleb128 0xa
 579 00a5 9742     		.uleb128 0x2117
 580 00a7 0C       		.uleb128 0xc
 581 00a8 00       		.byte	0
 582 00a9 00       		.byte	0
 583 00aa 0C       		.uleb128 0xc
 584 00ab 34       		.uleb128 0x34
 585 00ac 00       		.byte	0
 586 00ad 03       		.uleb128 0x3
 587 00ae 0E       		.uleb128 0xe
 588 00af 3A       		.uleb128 0x3a
 589 00b0 0B       		.uleb128 0xb
 590 00b1 3B       		.uleb128 0x3b
 591 00b2 05       		.uleb128 0x5
 592 00b3 49       		.uleb128 0x49
 593 00b4 13       		.uleb128 0x13
 594 00b5 3F       		.uleb128 0x3f
 595 00b6 0C       		.uleb128 0xc
 596 00b7 3C       		.uleb128 0x3c
 597 00b8 0C       		.uleb128 0xc
 598 00b9 00       		.byte	0
 599 00ba 00       		.byte	0
 600 00bb 0D       		.uleb128 0xd
 601 00bc 34       		.uleb128 0x34
 602 00bd 00       		.byte	0
 603 00be 03       		.uleb128 0x3
 604 00bf 0E       		.uleb128 0xe
 605 00c0 3A       		.uleb128 0x3a
 606 00c1 0B       		.uleb128 0xb
 607 00c2 3B       		.uleb128 0x3b
 608 00c3 0B       		.uleb128 0xb
 609 00c4 49       		.uleb128 0x49
 610 00c5 13       		.uleb128 0x13
 611 00c6 3F       		.uleb128 0x3f
 612 00c7 0C       		.uleb128 0xc
 613 00c8 02       		.uleb128 0x2
 614 00c9 0A       		.uleb128 0xa
 615 00ca 00       		.byte	0
 616 00cb 00       		.byte	0
 617 00cc 0E       		.uleb128 0xe
 618 00cd 26       		.uleb128 0x26
 619 00ce 00       		.byte	0
 620 00cf 49       		.uleb128 0x49
 621 00d0 13       		.uleb128 0x13
 622 00d1 00       		.byte	0
ARM GAS  /tmp/ccWz1mH4.s 			page 12


 623 00d2 00       		.byte	0
 624 00d3 0F       		.uleb128 0xf
 625 00d4 2E       		.uleb128 0x2e
 626 00d5 00       		.byte	0
 627 00d6 3F       		.uleb128 0x3f
 628 00d7 0C       		.uleb128 0xc
 629 00d8 03       		.uleb128 0x3
 630 00d9 0E       		.uleb128 0xe
 631 00da 3A       		.uleb128 0x3a
 632 00db 0B       		.uleb128 0xb
 633 00dc 3B       		.uleb128 0x3b
 634 00dd 05       		.uleb128 0x5
 635 00de 27       		.uleb128 0x27
 636 00df 0C       		.uleb128 0xc
 637 00e0 3C       		.uleb128 0x3c
 638 00e1 0C       		.uleb128 0xc
 639 00e2 00       		.byte	0
 640 00e3 00       		.byte	0
 641 00e4 00       		.byte	0
 642              		.section	.debug_aranges,"",%progbits
 643 0000 24000000 		.4byte	0x24
 644 0004 0200     		.2byte	0x2
 645 0006 00000000 		.4byte	.Ldebug_info0
 646 000a 04       		.byte	0x4
 647 000b 00       		.byte	0
 648 000c 0000     		.2byte	0
 649 000e 0000     		.2byte	0
 650 0010 00000000 		.4byte	.LFB118
 651 0014 04000000 		.4byte	.LFE118-.LFB118
 652 0018 00000000 		.4byte	.LFB119
 653 001c 02000000 		.4byte	.LFE119-.LFB119
 654 0020 00000000 		.4byte	0
 655 0024 00000000 		.4byte	0
 656              		.section	.debug_ranges,"",%progbits
 657              	.Ldebug_ranges0:
 658 0000 00000000 		.4byte	.LFB118
 659 0004 04000000 		.4byte	.LFE118
 660 0008 00000000 		.4byte	.LFB119
 661 000c 02000000 		.4byte	.LFE119
 662 0010 00000000 		.4byte	0
 663 0014 00000000 		.4byte	0
 664              		.section	.debug_line,"",%progbits
 665              	.Ldebug_line0:
 666 0000 9D010000 		.section	.debug_str,"MS",%progbits,1
 666      02007601 
 666      00000201 
 666      FB0E0D00 
 666      01010101 
 667              	.LASF9:
 668 0000 6C6F6E67 		.ascii	"long long int\000"
 668      206C6F6E 
 668      6720696E 
 668      7400
 669              	.LASF27:
 670 000e 50484461 		.ascii	"PHData\000"
 670      746100
 671              	.LASF23:
ARM GAS  /tmp/ccWz1mH4.s 			page 13


 672 0015 50444461 		.ascii	"PDData\000"
 672      746100
 673              	.LASF34:
 674 001c 2F686F6D 		.ascii	"/home/david/Projects/stm32/src/pressure_sensor\000"
 674      652F6461 
 674      7669642F 
 674      50726F6A 
 674      65637473 
 675              	.LASF4:
 676 004b 73686F72 		.ascii	"short unsigned int\000"
 676      7420756E 
 676      7369676E 
 676      65642069 
 676      6E7400
 677              	.LASF0:
 678 005e 756E7369 		.ascii	"unsigned int\000"
 678      676E6564 
 678      20696E74 
 678      00
 679              	.LASF14:
 680 006b 6F747970 		.ascii	"otyper\000"
 680      657200
 681              	.LASF33:
 682 0072 2E2F626F 		.ascii	"./boards/OLIMEX_STM32_E407/board.c\000"
 682      61726473 
 682      2F4F4C49 
 682      4D45585F 
 682      53544D33 
 683              	.LASF28:
 684 0095 50494461 		.ascii	"PIData\000"
 684      746100
 685              	.LASF10:
 686 009c 6C6F6E67 		.ascii	"long long unsigned int\000"
 686      206C6F6E 
 686      6720756E 
 686      7369676E 
 686      65642069 
 687              	.LASF24:
 688 00b3 50454461 		.ascii	"PEData\000"
 688      746100
 689              	.LASF2:
 690 00ba 756E7369 		.ascii	"unsigned char\000"
 690      676E6564 
 690      20636861 
 690      7200
 691              	.LASF19:
 692 00c8 73746D33 		.ascii	"stm32_gpio_setup_t\000"
 692      325F6770 
 692      696F5F73 
 692      65747570 
 692      5F7400
 693              	.LASF37:
 694 00db 73746D33 		.ascii	"stm32_clock_init\000"
 694      325F636C 
 694      6F636B5F 
 694      696E6974 
 694      00
ARM GAS  /tmp/ccWz1mH4.s 			page 14


 695              	.LASF8:
 696 00ec 6C6F6E67 		.ascii	"long unsigned int\000"
 696      20756E73 
 696      69676E65 
 696      6420696E 
 696      7400
 697              	.LASF18:
 698 00fe 61667268 		.ascii	"afrh\000"
 698      00
 699              	.LASF7:
 700 0103 75696E74 		.ascii	"uint32_t\000"
 700      33325F74 
 700      00
 701              	.LASF17:
 702 010c 6166726C 		.ascii	"afrl\000"
 702      00
 703              	.LASF30:
 704 0111 49544D5F 		.ascii	"ITM_RxBuffer\000"
 704      52784275 
 704      66666572 
 704      00
 705              	.LASF29:
 706 011e 50414C43 		.ascii	"PALConfig\000"
 706      6F6E6669 
 706      6700
 707              	.LASF31:
 708 0128 70616C5F 		.ascii	"pal_default_config\000"
 708      64656661 
 708      756C745F 
 708      636F6E66 
 708      696700
 709              	.LASF16:
 710 013b 70757064 		.ascii	"pupdr\000"
 710      7200
 711              	.LASF25:
 712 0141 50464461 		.ascii	"PFData\000"
 712      746100
 713              	.LASF21:
 714 0148 50424461 		.ascii	"PBData\000"
 714      746100
 715              	.LASF12:
 716 014f 63686172 		.ascii	"char\000"
 716      00
 717              	.LASF36:
 718 0154 626F6172 		.ascii	"boardInit\000"
 718      64496E69 
 718      7400
 719              	.LASF35:
 720 015e 5F5F6561 		.ascii	"__early_init\000"
 720      726C795F 
 720      696E6974 
 720      00
 721              	.LASF6:
 722 016b 696E7433 		.ascii	"int32_t\000"
 722      325F7400 
 723              	.LASF11:
 724 0173 73697A65 		.ascii	"sizetype\000"
ARM GAS  /tmp/ccWz1mH4.s 			page 15


 724      74797065 
 724      00
 725              	.LASF15:
 726 017c 6F737065 		.ascii	"ospeedr\000"
 726      65647200 
 727              	.LASF32:
 728 0184 474E5520 		.ascii	"GNU C 4.7.2\000"
 728      4320342E 
 728      372E3200 
 729              	.LASF26:
 730 0190 50474461 		.ascii	"PGData\000"
 730      746100
 731              	.LASF3:
 732 0197 73686F72 		.ascii	"short int\000"
 732      7420696E 
 732      7400
 733              	.LASF22:
 734 01a1 50434461 		.ascii	"PCData\000"
 734      746100
 735              	.LASF20:
 736 01a8 50414461 		.ascii	"PAData\000"
 736      746100
 737              	.LASF5:
 738 01af 6C6F6E67 		.ascii	"long int\000"
 738      20696E74 
 738      00
 739              	.LASF13:
 740 01b8 6D6F6465 		.ascii	"moder\000"
 740      7200
 741              	.LASF1:
 742 01be 7369676E 		.ascii	"signed char\000"
 742      65642063 
 742      68617200 
 743              		.ident	"GCC: (crosstool-NG 1.17.0 - PSAS ST32F4 GFE) 4.7.2"
ARM GAS  /tmp/ccWz1mH4.s 			page 16


DEFINED SYMBOLS
                            *ABS*:0000000000000000 board.c
     /tmp/ccWz1mH4.s:21     .text.__early_init:0000000000000000 $t
     /tmp/ccWz1mH4.s:27     .text.__early_init:0000000000000000 __early_init
     /tmp/ccWz1mH4.s:43     .text.boardInit:0000000000000000 $t
     /tmp/ccWz1mH4.s:49     .text.boardInit:0000000000000000 boardInit
     /tmp/ccWz1mH4.s:65     .rodata.pal_default_config:0000000000000000 pal_default_config
     /tmp/ccWz1mH4.s:62     .rodata.pal_default_config:0000000000000000 $d
                     .debug_frame:0000000000000010 $d

UNDEFINED SYMBOLS
stm32_clock_init
