ARM GAS  /tmp/ccTsFZoR.s 			page 1


   1              		.syntax unified
   2              		.cpu cortex-m4
   3              		.eabi_attribute 27, 3
   4              		.eabi_attribute 28, 1
   5              		.fpu fpv4-sp-d16
   6              		.eabi_attribute 20, 1
   7              		.eabi_attribute 21, 1
   8              		.eabi_attribute 23, 3
   9              		.eabi_attribute 24, 1
  10              		.eabi_attribute 25, 1
  11              		.eabi_attribute 26, 1
  12              		.eabi_attribute 30, 2
  13              		.eabi_attribute 34, 1
  14              		.eabi_attribute 18, 4
  15              		.thumb
  16              		.file	"chcore_v7m.c"
  17              		.text
  18              	.Ltext0:
  19              		.cfi_sections	.debug_frame
  20              		.section	.text._port_switch_from_isr,"ax",%progbits
  21              		.align	2
  22              		.p2align 4,,15
  23              		.global	_port_switch_from_isr
  24              		.thumb
  25              		.thumb_func
  26              		.type	_port_switch_from_isr, %function
  27              	_port_switch_from_isr:
  28              	.LFB11:
  29              		.file 1 "../../ChibiOS/os/ports/GCC/ARMCMx/chcore_v7m.c"
  30              		.loc 1 200 0
  31              		.cfi_startproc
  32              		@ Naked Function: prologue and epilogue provided by programmer.
  33              		@ args = 0, pretend = 0, frame = 0
  34              		@ frame_needed = 0, uses_anonymous_args = 0
  35              		.loc 1 202 0
  36 0000 FFF7FEFF 		bl	dbg_check_lock
  37              	.LVL0:
  38              		.loc 1 203 0
  39 0004 FFF7FEFF 		bl	chSchDoReschedule
  40              	.LVL1:
  41              		.loc 1 204 0
  42 0008 FFF7FEFF 		bl	dbg_check_unlock
  43              	.LVL2:
  44              		.loc 1 205 0
  45              	@ 205 "../../ChibiOS/os/ports/GCC/ARMCMx/chcore_v7m.c" 1
  46              		_port_exit_from_isr:
  47              	@ 0 "" 2
  48              		.loc 1 207 0
  49              	@ 207 "../../ChibiOS/os/ports/GCC/ARMCMx/chcore_v7m.c" 1
  50 000c 00DF     		svc     #0
  51              	@ 0 "" 2
  52              		.loc 1 214 0
  53              		.thumb
  54              		.cfi_endproc
  55              	.LFE11:
  56              		.size	_port_switch_from_isr, .-_port_switch_from_isr
  57 000e 00BF     		.section	.text.SVCallVector,"ax",%progbits
ARM GAS  /tmp/ccTsFZoR.s 			page 2


  58              		.align	2
  59              		.p2align 4,,15
  60              		.global	SVCallVector
  61              		.thumb
  62              		.thumb_func
  63              		.type	SVCallVector, %function
  64              	SVCallVector:
  65              	.LFB8:
  66              		.loc 1 58 0
  67              		.cfi_startproc
  68              		@ args = 0, pretend = 0, frame = 0
  69              		@ frame_needed = 0, uses_anonymous_args = 0
  70              		@ link register save eliminated.
  71              		.loc 1 62 0
  72              	@ 62 "../../ChibiOS/os/ports/GCC/ARMCMx/chcore_v7m.c" 1
  73 0000 EFF30983 		mrs     r3, PSP
  74              	@ 0 "" 2
  75              	.LVL3:
  76              		.loc 1 66 0
  77              		.thumb
  78 0004 2033     		adds	r3, r3, #32
  79              	.LVL4:
  80              		.loc 1 73 0
  81              	@ 73 "../../ChibiOS/os/ports/GCC/ARMCMx/chcore_v7m.c" 1
  82 0006 83F30988 		msr     PSP, r3
  83              	@ 0 "" 2
  84              		.thumb
  85              	.LBB2:
  86              		.loc 1 74 0
  87 000a 0023     		movs	r3, #0
  88              	.LVL5:
  89              	@ 74 "../../ChibiOS/os/ports/GCC/ARMCMx/chcore_v7m.c" 1
  90 000c 83F31188 		msr     BASEPRI, r3
  91              	@ 0 "" 2
  92              	.LVL6:
  93              		.thumb
  94 0010 7047     		bx	lr
  95              	.LBE2:
  96              		.cfi_endproc
  97              	.LFE8:
  98              		.size	SVCallVector, .-SVCallVector
  99 0012 00BFAFF3 		.section	.text._port_init,"ax",%progbits
  99      0080AFF3 
  99      0080AFF3 
  99      0080
 100              		.align	2
 101              		.p2align 4,,15
 102              		.global	_port_init
 103              		.thumb
 104              		.thumb_func
 105              		.type	_port_init, %function
 106              	_port_init:
 107              	.LFB9:
 108              		.loc 1 111 0
 109              		.cfi_startproc
 110              		@ args = 0, pretend = 0, frame = 0
 111              		@ frame_needed = 0, uses_anonymous_args = 0
ARM GAS  /tmp/ccTsFZoR.s 			page 3


 112 0000 08B5     		push	{r3, lr}
 113              	.LCFI0:
 114              		.cfi_def_cfa_offset 8
 115              		.cfi_offset 3, -8
 116              		.cfi_offset 14, -4
 117              		.loc 1 114 0
 118 0002 4FF46D43 		mov	r3, #60672
 119 0006 CEF20003 		movt	r3, 57344
 120              		.loc 1 115 0
 121 000a 4FF44072 		mov	r2, #768
 122 000e C0F2FA52 		movt	r2, 1530
 123              		.loc 1 114 0
 124 0012 0021     		movs	r1, #0
 125 0014 9960     		str	r1, [r3, #8]
 126              		.loc 1 118 0
 127 0016 0720     		movs	r0, #7
 128 0018 1021     		movs	r1, #16
 129              		.loc 1 115 0
 130 001a DA60     		str	r2, [r3, #12]
 131              		.loc 1 118 0
 132 001c FFF7FEFF 		bl	nvicSetSystemHandlerPriority
 133              	.LVL7:
 134              		.loc 1 120 0
 135 0020 0A20     		movs	r0, #10
 136 0022 4FF40071 		mov	r1, #512
 137 0026 FFF7FEFF 		bl	nvicSetSystemHandlerPriority
 138              	.LVL8:
 139              		.loc 1 122 0
 140 002a 0B20     		movs	r0, #11
 141 002c 8021     		movs	r1, #128
 142              		.loc 1 124 0
 143 002e BDE80840 		pop	{r3, lr}
 144              		.loc 1 122 0
 145 0032 FFF7FEBF 		b	nvicSetSystemHandlerPriority
 146              	.LVL9:
 147              		.cfi_endproc
 148              	.LFE9:
 149              		.size	_port_init, .-_port_init
 150 0036 00BFAFF3 		.section	.text._port_irq_epilogue,"ax",%progbits
 150      0080AFF3 
 150      0080
 151              		.align	2
 152              		.p2align 4,,15
 153              		.global	_port_irq_epilogue
 154              		.thumb
 155              		.thumb_func
 156              		.type	_port_irq_epilogue, %function
 157              	_port_irq_epilogue:
 158              	.LFB10:
 159              		.loc 1 141 0
 160              		.cfi_startproc
 161              		@ args = 0, pretend = 0, frame = 0
 162              		@ frame_needed = 0, uses_anonymous_args = 0
 163              		@ link register save eliminated.
 164              	.LBB3:
 165              		.loc 1 143 0
 166 0000 2023     		movs	r3, #32
ARM GAS  /tmp/ccTsFZoR.s 			page 4


 167              	.LVL10:
 168              	@ 143 "../../ChibiOS/os/ports/GCC/ARMCMx/chcore_v7m.c" 1
 169 0002 83F31188 		msr     BASEPRI, r3
 170              	@ 0 "" 2
 171              	.LVL11:
 172              		.thumb
 173              	.LBE3:
 174              		.loc 1 144 0
 175 0006 4FF46D43 		mov	r3, #60672
 176              	.LVL12:
 177 000a CEF20003 		movt	r3, 57344
 178 000e 5B68     		ldr	r3, [r3, #4]
 179 0010 13F40063 		ands	r3, r3, #2048
 180 0014 1AD0     		beq	.L5
 181              	.LBB4:
 182              		.loc 1 148 0
 183              	@ 148 "../../ChibiOS/os/ports/GCC/ARMCMx/chcore_v7m.c" 1
 184 0016 EFF30983 		mrs     r3, PSP
 185              	@ 0 "" 2
 186              	.LVL13:
 187              		.loc 1 152 0
 188              		.thumb
 189 001a A3F12002 		sub	r2, r3, #32
 190              	.LVL14:
 191              		.loc 1 153 0
 192              	@ 153 "../../ChibiOS/os/ports/GCC/ARMCMx/chcore_v7m.c" 1
 193 001e 82F30988 		msr     PSP, r2
 194              	@ 0 "" 2
 195              		.loc 1 158 0
 196              		.thumb
 197 0022 1149     		ldr	r1, .L12
 198              		.loc 1 154 0
 199 0024 4FF08070 		mov	r0, #16777216
 200              		.loc 1 158 0
 201 0028 8A69     		ldr	r2, [r1, #24]
 202              	.LVL15:
 203              		.loc 1 154 0
 204 002a 43F8040C 		str	r0, [r3, #-4]
 205              		.loc 1 158 0
 206 002e 92F82300 		ldrb	r0, [r2, #35]	@ zero_extendqisi2
 207 0032 0968     		ldr	r1, [r1, #0]
 208 0034 9268     		ldr	r2, [r2, #8]
 209 0036 8968     		ldr	r1, [r1, #8]
 210 0038 58B1     		cbz	r0, .L6
 211              		.loc 1 158 0 is_stmt 0 discriminator 1
 212 003a 9142     		cmp	r1, r2
 213 003c 94BF     		ite	ls
 214 003e 0022     		movls	r2, #0
 215 0040 0122     		movhi	r2, #1
 216 0042 62B1     		cbz	r2, .L8
 217              	.L11:
 218              		.loc 1 160 0 is_stmt 1
 219 0044 094A     		ldr	r2, .L12+4
 220 0046 43F8082C 		str	r2, [r3, #-8]
 221 004a 7047     		bx	lr
 222              	.LVL16:
 223              	.L5:
ARM GAS  /tmp/ccTsFZoR.s 			page 5


 224              	.LBE4:
 225              	.LBB5:
 226              		.loc 1 190 0
 227              	@ 190 "../../ChibiOS/os/ports/GCC/ARMCMx/chcore_v7m.c" 1
 228 004c 83F31188 		msr     BASEPRI, r3
 229              	@ 0 "" 2
 230              	.LVL17:
 231              		.thumb
 232 0050 7047     		bx	lr
 233              	.LVL18:
 234              	.L6:
 235              	.LBE5:
 236              	.LBB6:
 237              		.loc 1 158 0 discriminator 2
 238 0052 9142     		cmp	r1, r2
 239 0054 34BF     		ite	cc
 240 0056 0022     		movcc	r2, #0
 241 0058 0122     		movcs	r2, #1
 242 005a 002A     		cmp	r2, #0
 243 005c F2D1     		bne	.L11
 244              	.L8:
 245              		.loc 1 169 0
 246 005e 044A     		ldr	r2, .L12+8
 247 0060 43F8082C 		str	r2, [r3, #-8]
 248 0064 7047     		bx	lr
 249              	.L13:
 250 0066 00BF     		.align	2
 251              	.L12:
 252 0068 00000000 		.word	rlist
 253 006c 00000000 		.word	_port_switch_from_isr
 254 0070 0C000000 		.word	_port_exit_from_isr
 255              	.LBE6:
 256              		.cfi_endproc
 257              	.LFE10:
 258              		.size	_port_irq_epilogue, .-_port_irq_epilogue
 259 0074 AFF30080 		.section	.text.SysTickVector,"ax",%progbits
 259      AFF30080 
 259      AFF30080 
 260              		.align	2
 261              		.p2align 4,,15
 262              		.global	SysTickVector
 263              		.thumb
 264              		.thumb_func
 265              		.type	SysTickVector, %function
 266              	SysTickVector:
 267              	.LFB7:
 268              		.loc 1 40 0
 269              		.cfi_startproc
 270              		@ args = 0, pretend = 0, frame = 0
 271              		@ frame_needed = 0, uses_anonymous_args = 0
 272 0000 08B5     		push	{r3, lr}
 273              	.LCFI1:
 274              		.cfi_def_cfa_offset 8
 275              		.cfi_offset 3, -8
 276              		.cfi_offset 14, -4
 277              		.loc 1 42 0
 278 0002 FFF7FEFF 		bl	dbg_check_enter_isr
ARM GAS  /tmp/ccTsFZoR.s 			page 6


 279              	.LVL19:
 280              	.LBB7:
 281              		.loc 1 44 0
 282 0006 2023     		movs	r3, #32
 283              	.LVL20:
 284              	@ 44 "../../ChibiOS/os/ports/GCC/ARMCMx/chcore_v7m.c" 1
 285 0008 83F31188 		msr     BASEPRI, r3
 286              	@ 0 "" 2
 287              	.LVL21:
 288              		.thumb
 289              	.LBE7:
 290 000c FFF7FEFF 		bl	dbg_check_lock_from_isr
 291              	.LVL22:
 292              		.loc 1 45 0
 293 0010 FFF7FEFF 		bl	chSysTimerHandlerI
 294              	.LVL23:
 295              		.loc 1 46 0
 296 0014 FFF7FEFF 		bl	dbg_check_unlock_from_isr
 297              	.LVL24:
 298              	.LBB8:
 299 0018 0023     		movs	r3, #0
 300              	.LVL25:
 301              	@ 46 "../../ChibiOS/os/ports/GCC/ARMCMx/chcore_v7m.c" 1
 302 001a 83F31188 		msr     BASEPRI, r3
 303              	@ 0 "" 2
 304              	.LVL26:
 305              		.thumb
 306              	.LBE8:
 307              		.loc 1 48 0
 308 001e FFF7FEFF 		bl	dbg_check_leave_isr
 309              	.LVL27:
 310              		.loc 1 49 0
 311 0022 BDE80840 		pop	{r3, lr}
 312              		.loc 1 48 0
 313 0026 FFF7FEBF 		b	_port_irq_epilogue
 314              	.LVL28:
 315              		.cfi_endproc
 316              	.LFE7:
 317              		.size	SysTickVector, .-SysTickVector
 318 002a 00BFAFF3 		.section	.text._port_switch,"ax",%progbits
 318      0080
 319              		.align	2
 320              		.p2align 4,,15
 321              		.global	_port_switch
 322              		.thumb
 323              		.thumb_func
 324              		.type	_port_switch, %function
 325              	_port_switch:
 326              	.LFB12:
 327              		.loc 1 229 0
 328              		.cfi_startproc
 329              		@ Naked Function: prologue and epilogue provided by programmer.
 330              		@ args = 0, pretend = 0, frame = 0
 331              		@ frame_needed = 0, uses_anonymous_args = 0
 332              	.LVL29:
 333              		.loc 1 231 0
 334              	@ 231 "../../ChibiOS/os/ports/GCC/ARMCMx/chcore_v7m.c" 1
ARM GAS  /tmp/ccTsFZoR.s 			page 7


 335 0000 2DE9F04F 		push    {r4, r5, r6, r7, r8, r9, r10, r11, lr}
 336              	@ 0 "" 2
 337              		.loc 1 237 0
 338              	@ 237 "../../ChibiOS/os/ports/GCC/ARMCMx/chcore_v7m.c" 1
 339 0004 C1F80CD0 		str     sp, [r1, #12]                          
 340 0008 D0F80CD0 		ldr     sp, [r0, #12]
 341              	@ 0 "" 2
 342              		.loc 1 243 0
 343              	@ 243 "../../ChibiOS/os/ports/GCC/ARMCMx/chcore_v7m.c" 1
 344 000c BDE8F08F 		pop     {r4, r5, r6, r7, r8, r9, r10, r11, pc}
 345              	@ 0 "" 2
 346              		.loc 1 245 0
 347              		.thumb
 348              		.cfi_endproc
 349              	.LFE12:
 350              		.size	_port_switch, .-_port_switch
 351              		.section	.text._port_thread_start,"ax",%progbits
 352              		.align	2
 353              		.p2align 4,,15
 354              		.global	_port_thread_start
 355              		.thumb
 356              		.thumb_func
 357              		.type	_port_thread_start, %function
 358              	_port_thread_start:
 359              	.LFB13:
 360              		.loc 1 252 0
 361              		.cfi_startproc
 362              		@ args = 0, pretend = 0, frame = 0
 363              		@ frame_needed = 0, uses_anonymous_args = 0
 364 0000 08B5     		push	{r3, lr}
 365              	.LCFI2:
 366              		.cfi_def_cfa_offset 8
 367              		.cfi_offset 3, -8
 368              		.cfi_offset 14, -4
 369              		.loc 1 254 0
 370 0002 FFF7FEFF 		bl	dbg_check_unlock
 371              	.LVL30:
 372              	.LBB9:
 373 0006 0023     		movs	r3, #0
 374              	.LVL31:
 375              	@ 254 "../../ChibiOS/os/ports/GCC/ARMCMx/chcore_v7m.c" 1
 376 0008 83F31188 		msr     BASEPRI, r3
 377              	@ 0 "" 2
 378              	.LVL32:
 379              		.thumb
 380              	.LBE9:
 381              		.loc 1 255 0
 382              	@ 255 "../../ChibiOS/os/ports/GCC/ARMCMx/chcore_v7m.c" 1
 383 000c 2846     		mov     r0, r5                                 
 384 000e A047     		blx     r4                                     
 385 0010 FFF7FEFF 		bl      chThdExit
 386              	@ 0 "" 2
 387              		.thumb
 388 0014 08BD     		pop	{r3, pc}
 389              		.cfi_endproc
 390              	.LFE13:
 391              		.size	_port_thread_start, .-_port_thread_start
ARM GAS  /tmp/ccTsFZoR.s 			page 8


 392              		.text
 393              	.Letext0:
 394              		.file 2 "/home/david/toolchains/psas/x-tools/stm32f407/arm-psas-eabi/bin/../lib/gcc/arm-psas-eabi/
 395              		.file 3 "../../ChibiOS/os/ports/GCC/ARMCMx/chtypes.h"
 396              		.file 4 "../../ChibiOS/os/kernel/include/chlists.h"
 397              		.file 5 "../../ChibiOS/os/kernel/include/chthreads.h"
 398              		.file 6 "../../ChibiOS/os/ports/GCC/ARMCMx/chcore_v7m.h"
 399              		.file 7 "../../ChibiOS/os/ports/common/ARMCMx/nvic.h"
 400              		.file 8 "../../ChibiOS/os/kernel/include/chschd.h"
 401              		.file 9 "../../ChibiOS/os/kernel/include/chmtx.h"
 402              		.file 10 "../../ChibiOS/os/kernel/include/chdebug.h"
 403              		.file 11 "../../ChibiOS/os/kernel/include/chsys.h"
 404              		.section	.debug_info,"",%progbits
 405              	.Ldebug_info0:
 406 0000 3B090000 		.4byte	0x93b
 407 0004 0200     		.2byte	0x2
 408 0006 00000000 		.4byte	.Ldebug_abbrev0
 409 000a 04       		.byte	0x4
 410 000b 01       		.uleb128 0x1
 411 000c B1020000 		.4byte	.LASF101
 412 0010 01       		.byte	0x1
 413 0011 00000000 		.4byte	.LASF102
 414 0015 9B000000 		.4byte	.LASF103
 415 0019 18000000 		.4byte	.Ldebug_ranges0+0x18
 416 001d 00000000 		.4byte	0
 417 0021 00000000 		.4byte	0
 418 0025 00000000 		.4byte	.Ldebug_line0
 419 0029 02       		.uleb128 0x2
 420 002a 04       		.byte	0x4
 421 002b 05       		.byte	0x5
 422 002c 696E7400 		.ascii	"int\000"
 423 0030 03       		.uleb128 0x3
 424 0031 04       		.byte	0x4
 425 0032 07       		.byte	0x7
 426 0033 A9010000 		.4byte	.LASF0
 427 0037 03       		.uleb128 0x3
 428 0038 01       		.byte	0x1
 429 0039 06       		.byte	0x6
 430 003a CA000000 		.4byte	.LASF1
 431 003e 04       		.uleb128 0x4
 432 003f 14040000 		.4byte	.LASF5
 433 0043 02       		.byte	0x2
 434 0044 2A       		.byte	0x2a
 435 0045 49000000 		.4byte	0x49
 436 0049 03       		.uleb128 0x3
 437 004a 01       		.byte	0x1
 438 004b 08       		.byte	0x8
 439 004c 04030000 		.4byte	.LASF2
 440 0050 03       		.uleb128 0x3
 441 0051 02       		.byte	0x2
 442 0052 05       		.byte	0x5
 443 0053 22030000 		.4byte	.LASF3
 444 0057 03       		.uleb128 0x3
 445 0058 02       		.byte	0x2
 446 0059 07       		.byte	0x7
 447 005a 06020000 		.4byte	.LASF4
 448 005e 04       		.uleb128 0x4
ARM GAS  /tmp/ccTsFZoR.s 			page 9


 449 005f FC020000 		.4byte	.LASF6
 450 0063 02       		.byte	0x2
 451 0064 4F       		.byte	0x4f
 452 0065 69000000 		.4byte	0x69
 453 0069 03       		.uleb128 0x3
 454 006a 04       		.byte	0x4
 455 006b 05       		.byte	0x5
 456 006c 0A010000 		.4byte	.LASF7
 457 0070 04       		.uleb128 0x4
 458 0071 72030000 		.4byte	.LASF8
 459 0075 02       		.byte	0x2
 460 0076 50       		.byte	0x50
 461 0077 7B000000 		.4byte	0x7b
 462 007b 03       		.uleb128 0x3
 463 007c 04       		.byte	0x4
 464 007d 07       		.byte	0x7
 465 007e D1010000 		.4byte	.LASF9
 466 0082 03       		.uleb128 0x3
 467 0083 08       		.byte	0x8
 468 0084 05       		.byte	0x5
 469 0085 2F010000 		.4byte	.LASF10
 470 0089 04       		.uleb128 0x4
 471 008a 3C000000 		.4byte	.LASF11
 472 008e 02       		.byte	0x2
 473 008f 78       		.byte	0x78
 474 0090 94000000 		.4byte	0x94
 475 0094 03       		.uleb128 0x3
 476 0095 08       		.byte	0x8
 477 0096 07       		.byte	0x7
 478 0097 6E000000 		.4byte	.LASF12
 479 009b 04       		.uleb128 0x4
 480 009c 48020000 		.4byte	.LASF13
 481 00a0 03       		.byte	0x3
 482 00a1 28       		.byte	0x28
 483 00a2 3E000000 		.4byte	0x3e
 484 00a6 04       		.uleb128 0x4
 485 00a7 13010000 		.4byte	.LASF14
 486 00ab 03       		.byte	0x3
 487 00ac 29       		.byte	0x29
 488 00ad 3E000000 		.4byte	0x3e
 489 00b1 04       		.uleb128 0x4
 490 00b2 E0020000 		.4byte	.LASF15
 491 00b6 03       		.byte	0x3
 492 00b7 2A       		.byte	0x2a
 493 00b8 3E000000 		.4byte	0x3e
 494 00bc 04       		.uleb128 0x4
 495 00bd 00010000 		.4byte	.LASF16
 496 00c1 03       		.byte	0x3
 497 00c2 2B       		.byte	0x2b
 498 00c3 3E000000 		.4byte	0x3e
 499 00c7 04       		.uleb128 0x4
 500 00c8 F4020000 		.4byte	.LASF17
 501 00cc 03       		.byte	0x3
 502 00cd 2C       		.byte	0x2c
 503 00ce 70000000 		.4byte	0x70
 504 00d2 04       		.uleb128 0x4
 505 00d3 1E020000 		.4byte	.LASF18
ARM GAS  /tmp/ccTsFZoR.s 			page 10


 506 00d7 03       		.byte	0x3
 507 00d8 2D       		.byte	0x2d
 508 00d9 5E000000 		.4byte	0x5e
 509 00dd 04       		.uleb128 0x4
 510 00de 5C020000 		.4byte	.LASF19
 511 00e2 03       		.byte	0x3
 512 00e3 2F       		.byte	0x2f
 513 00e4 70000000 		.4byte	0x70
 514 00e8 04       		.uleb128 0x4
 515 00e9 A4030000 		.4byte	.LASF20
 516 00ed 03       		.byte	0x3
 517 00ee 31       		.byte	0x31
 518 00ef 70000000 		.4byte	0x70
 519 00f3 04       		.uleb128 0x4
 520 00f4 60030000 		.4byte	.LASF21
 521 00f8 04       		.byte	0x4
 522 00f9 23       		.byte	0x23
 523 00fa FE000000 		.4byte	0xfe
 524 00fe 05       		.uleb128 0x5
 525 00ff 60030000 		.4byte	.LASF21
 526 0103 4C       		.byte	0x4c
 527 0104 05       		.byte	0x5
 528 0105 57       		.byte	0x57
 529 0106 31020000 		.4byte	0x231
 530 010a 06       		.uleb128 0x6
 531 010b 51030000 		.4byte	.LASF22
 532 010f 05       		.byte	0x5
 533 0110 58       		.byte	0x58
 534 0111 56020000 		.4byte	0x256
 535 0115 02       		.byte	0x2
 536 0116 23       		.byte	0x23
 537 0117 00       		.uleb128 0
 538 0118 06       		.uleb128 0x6
 539 0119 ED020000 		.4byte	.LASF23
 540 011d 05       		.byte	0x5
 541 011e 5A       		.byte	0x5a
 542 011f 56020000 		.4byte	0x256
 543 0123 02       		.byte	0x2
 544 0124 23       		.byte	0x23
 545 0125 04       		.uleb128 0x4
 546 0126 06       		.uleb128 0x6
 547 0127 94000000 		.4byte	.LASF24
 548 012b 05       		.byte	0x5
 549 012c 5C       		.byte	0x5c
 550 012d C7000000 		.4byte	0xc7
 551 0131 02       		.byte	0x2
 552 0132 23       		.byte	0x23
 553 0133 08       		.uleb128 0x8
 554 0134 06       		.uleb128 0x6
 555 0135 60040000 		.4byte	.LASF25
 556 0139 05       		.byte	0x5
 557 013a 5D       		.byte	0x5d
 558 013b A7030000 		.4byte	0x3a7
 559 013f 02       		.byte	0x2
 560 0140 23       		.byte	0x23
 561 0141 0C       		.uleb128 0xc
 562 0142 06       		.uleb128 0x6
ARM GAS  /tmp/ccTsFZoR.s 			page 11


 563 0143 3D010000 		.4byte	.LASF26
 564 0147 05       		.byte	0x5
 565 0148 5F       		.byte	0x5f
 566 0149 56020000 		.4byte	0x256
 567 014d 02       		.byte	0x2
 568 014e 23       		.byte	0x23
 569 014f 10       		.uleb128 0x10
 570 0150 06       		.uleb128 0x6
 571 0151 96020000 		.4byte	.LASF27
 572 0155 05       		.byte	0x5
 573 0156 60       		.byte	0x60
 574 0157 56020000 		.4byte	0x256
 575 015b 02       		.byte	0x2
 576 015c 23       		.byte	0x23
 577 015d 14       		.uleb128 0x14
 578 015e 06       		.uleb128 0x6
 579 015f 46040000 		.4byte	.LASF28
 580 0163 05       		.byte	0x5
 581 0164 67       		.byte	0x67
 582 0165 5F060000 		.4byte	0x65f
 583 0169 02       		.byte	0x2
 584 016a 23       		.byte	0x23
 585 016b 18       		.uleb128 0x18
 586 016c 06       		.uleb128 0x6
 587 016d 9E010000 		.4byte	.LASF29
 588 0171 05       		.byte	0x5
 589 0172 6D       		.byte	0x6d
 590 0173 71060000 		.4byte	0x671
 591 0177 02       		.byte	0x2
 592 0178 23       		.byte	0x23
 593 0179 1C       		.uleb128 0x1c
 594 017a 06       		.uleb128 0x6
 595 017b 2C030000 		.4byte	.LASF30
 596 017f 05       		.byte	0x5
 597 0180 72       		.byte	0x72
 598 0181 A6000000 		.4byte	0xa6
 599 0185 02       		.byte	0x2
 600 0186 23       		.byte	0x23
 601 0187 20       		.uleb128 0x20
 602 0188 06       		.uleb128 0x6
 603 0189 58030000 		.4byte	.LASF31
 604 018d 05       		.byte	0x5
 605 018e 76       		.byte	0x76
 606 018f 9B000000 		.4byte	0x9b
 607 0193 02       		.byte	0x2
 608 0194 23       		.byte	0x23
 609 0195 21       		.uleb128 0x21
 610 0196 06       		.uleb128 0x6
 611 0197 F8030000 		.4byte	.LASF32
 612 019b 05       		.byte	0x5
 613 019c 7B       		.byte	0x7b
 614 019d B1000000 		.4byte	0xb1
 615 01a1 02       		.byte	0x2
 616 01a2 23       		.byte	0x23
 617 01a3 22       		.uleb128 0x22
 618 01a4 06       		.uleb128 0x6
 619 01a5 34030000 		.4byte	.LASF33
ARM GAS  /tmp/ccTsFZoR.s 			page 12


 620 01a9 05       		.byte	0x5
 621 01aa 81       		.byte	0x81
 622 01ab BC000000 		.4byte	0xbc
 623 01af 02       		.byte	0x2
 624 01b0 23       		.byte	0x23
 625 01b1 23       		.uleb128 0x23
 626 01b2 06       		.uleb128 0x6
 627 01b3 C6030000 		.4byte	.LASF34
 628 01b7 05       		.byte	0x5
 629 01b8 88       		.byte	0x88
 630 01b9 75050000 		.4byte	0x575
 631 01bd 02       		.byte	0x2
 632 01be 23       		.byte	0x23
 633 01bf 24       		.uleb128 0x24
 634 01c0 07       		.uleb128 0x7
 635 01c1 705F7500 		.ascii	"p_u\000"
 636 01c5 05       		.byte	0x5
 637 01c6 AD       		.byte	0xad
 638 01c7 2A060000 		.4byte	0x62a
 639 01cb 02       		.byte	0x2
 640 01cc 23       		.byte	0x23
 641 01cd 28       		.uleb128 0x28
 642 01ce 06       		.uleb128 0x6
 643 01cf 66040000 		.4byte	.LASF35
 644 01d3 05       		.byte	0x5
 645 01d4 B2       		.byte	0xb2
 646 01d5 7E020000 		.4byte	0x27e
 647 01d9 02       		.byte	0x2
 648 01da 23       		.byte	0x23
 649 01db 2C       		.uleb128 0x2c
 650 01dc 06       		.uleb128 0x6
 651 01dd ED030000 		.4byte	.LASF36
 652 01e1 05       		.byte	0x5
 653 01e2 B8       		.byte	0xb8
 654 01e3 5C020000 		.4byte	0x25c
 655 01e7 02       		.byte	0x2
 656 01e8 23       		.byte	0x23
 657 01e9 30       		.uleb128 0x30
 658 01ea 06       		.uleb128 0x6
 659 01eb 2F000000 		.4byte	.LASF37
 660 01ef 05       		.byte	0x5
 661 01f0 BC       		.byte	0xbc
 662 01f1 D2000000 		.4byte	0xd2
 663 01f5 02       		.byte	0x2
 664 01f6 23       		.byte	0x23
 665 01f7 38       		.uleb128 0x38
 666 01f8 06       		.uleb128 0x6
 667 01f9 67030000 		.4byte	.LASF38
 668 01fd 05       		.byte	0x5
 669 01fe C2       		.byte	0xc2
 670 01ff DD000000 		.4byte	0xdd
 671 0203 02       		.byte	0x2
 672 0204 23       		.byte	0x23
 673 0205 3C       		.uleb128 0x3c
 674 0206 06       		.uleb128 0x6
 675 0207 18030000 		.4byte	.LASF39
 676 020b 05       		.byte	0x5
ARM GAS  /tmp/ccTsFZoR.s 			page 13


 677 020c C9       		.byte	0xc9
 678 020d 77060000 		.4byte	0x677
 679 0211 02       		.byte	0x2
 680 0212 23       		.byte	0x23
 681 0213 40       		.uleb128 0x40
 682 0214 06       		.uleb128 0x6
 683 0215 AE030000 		.4byte	.LASF40
 684 0219 05       		.byte	0x5
 685 021a CD       		.byte	0xcd
 686 021b C7000000 		.4byte	0xc7
 687 021f 02       		.byte	0x2
 688 0220 23       		.byte	0x23
 689 0221 44       		.uleb128 0x44
 690 0222 06       		.uleb128 0x6
 691 0223 F0000000 		.4byte	.LASF41
 692 0227 05       		.byte	0x5
 693 0228 D3       		.byte	0xd3
 694 0229 94020000 		.4byte	0x294
 695 022d 02       		.byte	0x2
 696 022e 23       		.byte	0x23
 697 022f 48       		.uleb128 0x48
 698 0230 00       		.byte	0
 699 0231 08       		.uleb128 0x8
 700 0232 08       		.byte	0x8
 701 0233 04       		.byte	0x4
 702 0234 5A       		.byte	0x5a
 703 0235 56020000 		.4byte	0x256
 704 0239 06       		.uleb128 0x6
 705 023a 51030000 		.4byte	.LASF22
 706 023e 04       		.byte	0x4
 707 023f 5B       		.byte	0x5b
 708 0240 56020000 		.4byte	0x256
 709 0244 02       		.byte	0x2
 710 0245 23       		.byte	0x23
 711 0246 00       		.uleb128 0
 712 0247 06       		.uleb128 0x6
 713 0248 ED020000 		.4byte	.LASF23
 714 024c 04       		.byte	0x4
 715 024d 5D       		.byte	0x5d
 716 024e 56020000 		.4byte	0x256
 717 0252 02       		.byte	0x2
 718 0253 23       		.byte	0x23
 719 0254 04       		.uleb128 0x4
 720 0255 00       		.byte	0
 721 0256 09       		.uleb128 0x9
 722 0257 04       		.byte	0x4
 723 0258 F3000000 		.4byte	0xf3
 724 025c 04       		.uleb128 0x4
 725 025d A4020000 		.4byte	.LASF42
 726 0261 04       		.byte	0x4
 727 0262 5F       		.byte	0x5f
 728 0263 31020000 		.4byte	0x231
 729 0267 08       		.uleb128 0x8
 730 0268 04       		.byte	0x4
 731 0269 04       		.byte	0x4
 732 026a 64       		.byte	0x64
 733 026b 7E020000 		.4byte	0x27e
ARM GAS  /tmp/ccTsFZoR.s 			page 14


 734 026f 06       		.uleb128 0x6
 735 0270 51030000 		.4byte	.LASF22
 736 0274 04       		.byte	0x4
 737 0275 66       		.byte	0x66
 738 0276 56020000 		.4byte	0x256
 739 027a 02       		.byte	0x2
 740 027b 23       		.byte	0x23
 741 027c 00       		.uleb128 0
 742 027d 00       		.byte	0
 743 027e 04       		.uleb128 0x4
 744 027f 50020000 		.4byte	.LASF43
 745 0283 04       		.byte	0x4
 746 0284 69       		.byte	0x69
 747 0285 67020000 		.4byte	0x267
 748 0289 04       		.uleb128 0x4
 749 028a 6F010000 		.4byte	.LASF44
 750 028e 06       		.byte	0x6
 751 028f DE       		.byte	0xde
 752 0290 94020000 		.4byte	0x294
 753 0294 0A       		.uleb128 0xa
 754 0295 04       		.byte	0x4
 755 0296 04       		.uleb128 0x4
 756 0297 6E020000 		.4byte	.LASF45
 757 029b 06       		.byte	0x6
 758 029c E4       		.byte	0xe4
 759 029d 89000000 		.4byte	0x89
 760 02a1 05       		.uleb128 0x5
 761 02a2 BD010000 		.4byte	.LASF46
 762 02a6 20       		.byte	0x20
 763 02a7 06       		.byte	0x6
 764 02a8 E6       		.byte	0xe6
 765 02a9 19030000 		.4byte	0x319
 766 02ad 07       		.uleb128 0x7
 767 02ae 723000   		.ascii	"r0\000"
 768 02b1 06       		.byte	0x6
 769 02b2 E7       		.byte	0xe7
 770 02b3 89020000 		.4byte	0x289
 771 02b7 02       		.byte	0x2
 772 02b8 23       		.byte	0x23
 773 02b9 00       		.uleb128 0
 774 02ba 07       		.uleb128 0x7
 775 02bb 723100   		.ascii	"r1\000"
 776 02be 06       		.byte	0x6
 777 02bf E8       		.byte	0xe8
 778 02c0 89020000 		.4byte	0x289
 779 02c4 02       		.byte	0x2
 780 02c5 23       		.byte	0x23
 781 02c6 04       		.uleb128 0x4
 782 02c7 07       		.uleb128 0x7
 783 02c8 723200   		.ascii	"r2\000"
 784 02cb 06       		.byte	0x6
 785 02cc E9       		.byte	0xe9
 786 02cd 89020000 		.4byte	0x289
 787 02d1 02       		.byte	0x2
 788 02d2 23       		.byte	0x23
 789 02d3 08       		.uleb128 0x8
 790 02d4 07       		.uleb128 0x7
ARM GAS  /tmp/ccTsFZoR.s 			page 15


 791 02d5 723300   		.ascii	"r3\000"
 792 02d8 06       		.byte	0x6
 793 02d9 EA       		.byte	0xea
 794 02da 89020000 		.4byte	0x289
 795 02de 02       		.byte	0x2
 796 02df 23       		.byte	0x23
 797 02e0 0C       		.uleb128 0xc
 798 02e1 07       		.uleb128 0x7
 799 02e2 72313200 		.ascii	"r12\000"
 800 02e6 06       		.byte	0x6
 801 02e7 EB       		.byte	0xeb
 802 02e8 89020000 		.4byte	0x289
 803 02ec 02       		.byte	0x2
 804 02ed 23       		.byte	0x23
 805 02ee 10       		.uleb128 0x10
 806 02ef 06       		.uleb128 0x6
 807 02f0 B6010000 		.4byte	.LASF47
 808 02f4 06       		.byte	0x6
 809 02f5 EC       		.byte	0xec
 810 02f6 89020000 		.4byte	0x289
 811 02fa 02       		.byte	0x2
 812 02fb 23       		.byte	0x23
 813 02fc 14       		.uleb128 0x14
 814 02fd 07       		.uleb128 0x7
 815 02fe 706300   		.ascii	"pc\000"
 816 0301 06       		.byte	0x6
 817 0302 ED       		.byte	0xed
 818 0303 89020000 		.4byte	0x289
 819 0307 02       		.byte	0x2
 820 0308 23       		.byte	0x23
 821 0309 18       		.uleb128 0x18
 822 030a 06       		.uleb128 0x6
 823 030b 3E030000 		.4byte	.LASF48
 824 030f 06       		.byte	0x6
 825 0310 EE       		.byte	0xee
 826 0311 89020000 		.4byte	0x289
 827 0315 02       		.byte	0x2
 828 0316 23       		.byte	0x23
 829 0317 1C       		.uleb128 0x1c
 830 0318 00       		.byte	0
 831 0319 0B       		.uleb128 0xb
 832 031a E6030000 		.4byte	.LASF49
 833 031e 24       		.byte	0x24
 834 031f 06       		.byte	0x6
 835 0320 0501     		.2byte	0x105
 836 0322 A7030000 		.4byte	0x3a7
 837 0326 0C       		.uleb128 0xc
 838 0327 723400   		.ascii	"r4\000"
 839 032a 06       		.byte	0x6
 840 032b 1801     		.2byte	0x118
 841 032d 89020000 		.4byte	0x289
 842 0331 02       		.byte	0x2
 843 0332 23       		.byte	0x23
 844 0333 00       		.uleb128 0
 845 0334 0C       		.uleb128 0xc
 846 0335 723500   		.ascii	"r5\000"
 847 0338 06       		.byte	0x6
ARM GAS  /tmp/ccTsFZoR.s 			page 16


 848 0339 1901     		.2byte	0x119
 849 033b 89020000 		.4byte	0x289
 850 033f 02       		.byte	0x2
 851 0340 23       		.byte	0x23
 852 0341 04       		.uleb128 0x4
 853 0342 0C       		.uleb128 0xc
 854 0343 723600   		.ascii	"r6\000"
 855 0346 06       		.byte	0x6
 856 0347 1A01     		.2byte	0x11a
 857 0349 89020000 		.4byte	0x289
 858 034d 02       		.byte	0x2
 859 034e 23       		.byte	0x23
 860 034f 08       		.uleb128 0x8
 861 0350 0C       		.uleb128 0xc
 862 0351 723700   		.ascii	"r7\000"
 863 0354 06       		.byte	0x6
 864 0355 1B01     		.2byte	0x11b
 865 0357 89020000 		.4byte	0x289
 866 035b 02       		.byte	0x2
 867 035c 23       		.byte	0x23
 868 035d 0C       		.uleb128 0xc
 869 035e 0C       		.uleb128 0xc
 870 035f 723800   		.ascii	"r8\000"
 871 0362 06       		.byte	0x6
 872 0363 1C01     		.2byte	0x11c
 873 0365 89020000 		.4byte	0x289
 874 0369 02       		.byte	0x2
 875 036a 23       		.byte	0x23
 876 036b 10       		.uleb128 0x10
 877 036c 0C       		.uleb128 0xc
 878 036d 723900   		.ascii	"r9\000"
 879 0370 06       		.byte	0x6
 880 0371 1D01     		.2byte	0x11d
 881 0373 89020000 		.4byte	0x289
 882 0377 02       		.byte	0x2
 883 0378 23       		.byte	0x23
 884 0379 14       		.uleb128 0x14
 885 037a 0C       		.uleb128 0xc
 886 037b 72313000 		.ascii	"r10\000"
 887 037f 06       		.byte	0x6
 888 0380 1E01     		.2byte	0x11e
 889 0382 89020000 		.4byte	0x289
 890 0386 02       		.byte	0x2
 891 0387 23       		.byte	0x23
 892 0388 18       		.uleb128 0x18
 893 0389 0C       		.uleb128 0xc
 894 038a 72313100 		.ascii	"r11\000"
 895 038e 06       		.byte	0x6
 896 038f 1F01     		.2byte	0x11f
 897 0391 89020000 		.4byte	0x289
 898 0395 02       		.byte	0x2
 899 0396 23       		.byte	0x23
 900 0397 1C       		.uleb128 0x1c
 901 0398 0C       		.uleb128 0xc
 902 0399 6C7200   		.ascii	"lr\000"
 903 039c 06       		.byte	0x6
 904 039d 2001     		.2byte	0x120
ARM GAS  /tmp/ccTsFZoR.s 			page 17


 905 039f 89020000 		.4byte	0x289
 906 03a3 02       		.byte	0x2
 907 03a4 23       		.byte	0x23
 908 03a5 20       		.uleb128 0x20
 909 03a6 00       		.byte	0
 910 03a7 0B       		.uleb128 0xb
 911 03a8 FE010000 		.4byte	.LASF50
 912 03ac 04       		.byte	0x4
 913 03ad 06       		.byte	0x6
 914 03ae 2A01     		.2byte	0x12a
 915 03b0 C4030000 		.4byte	0x3c4
 916 03b4 0C       		.uleb128 0xc
 917 03b5 72313300 		.ascii	"r13\000"
 918 03b9 06       		.byte	0x6
 919 03ba 2B01     		.2byte	0x12b
 920 03bc C4030000 		.4byte	0x3c4
 921 03c0 02       		.byte	0x2
 922 03c1 23       		.byte	0x23
 923 03c2 00       		.uleb128 0
 924 03c3 00       		.byte	0
 925 03c4 09       		.uleb128 0x9
 926 03c5 04       		.byte	0x4
 927 03c6 19030000 		.4byte	0x319
 928 03ca 04       		.uleb128 0x4
 929 03cb 95030000 		.4byte	.LASF51
 930 03cf 07       		.byte	0x7
 931 03d0 33       		.byte	0x33
 932 03d1 D5030000 		.4byte	0x3d5
 933 03d5 0D       		.uleb128 0xd
 934 03d6 70000000 		.4byte	0x70
 935 03da 03       		.uleb128 0x3
 936 03db 04       		.byte	0x4
 937 03dc 07       		.byte	0x7
 938 03dd 79020000 		.4byte	.LASF52
 939 03e1 08       		.uleb128 0x8
 940 03e2 8C       		.byte	0x8c
 941 03e3 07       		.byte	0x7
 942 03e4 82       		.byte	0x82
 943 03e5 11050000 		.4byte	0x511
 944 03e9 06       		.uleb128 0x6
 945 03ea 8E000000 		.4byte	.LASF53
 946 03ee 07       		.byte	0x7
 947 03ef 83       		.byte	0x83
 948 03f0 CA030000 		.4byte	0x3ca
 949 03f4 02       		.byte	0x2
 950 03f5 23       		.byte	0x23
 951 03f6 00       		.uleb128 0
 952 03f7 06       		.uleb128 0x6
 953 03f8 19020000 		.4byte	.LASF54
 954 03fc 07       		.byte	0x7
 955 03fd 84       		.byte	0x84
 956 03fe CA030000 		.4byte	0x3ca
 957 0402 02       		.byte	0x2
 958 0403 23       		.byte	0x23
 959 0404 04       		.uleb128 0x4
 960 0405 06       		.uleb128 0x6
 961 0406 E3010000 		.4byte	.LASF55
ARM GAS  /tmp/ccTsFZoR.s 			page 18


 962 040a 07       		.byte	0x7
 963 040b 85       		.byte	0x85
 964 040c CA030000 		.4byte	0x3ca
 965 0410 02       		.byte	0x2
 966 0411 23       		.byte	0x23
 967 0412 08       		.uleb128 0x8
 968 0413 06       		.uleb128 0x6
 969 0414 24020000 		.4byte	.LASF56
 970 0418 07       		.byte	0x7
 971 0419 86       		.byte	0x86
 972 041a CA030000 		.4byte	0x3ca
 973 041e 02       		.byte	0x2
 974 041f 23       		.byte	0x23
 975 0420 0C       		.uleb128 0xc
 976 0421 07       		.uleb128 0x7
 977 0422 53435200 		.ascii	"SCR\000"
 978 0426 07       		.byte	0x7
 979 0427 87       		.byte	0x87
 980 0428 CA030000 		.4byte	0x3ca
 981 042c 02       		.byte	0x2
 982 042d 23       		.byte	0x23
 983 042e 10       		.uleb128 0x10
 984 042f 07       		.uleb128 0x7
 985 0430 43435200 		.ascii	"CCR\000"
 986 0434 07       		.byte	0x7
 987 0435 88       		.byte	0x88
 988 0436 CA030000 		.4byte	0x3ca
 989 043a 02       		.byte	0x2
 990 043b 23       		.byte	0x23
 991 043c 14       		.uleb128 0x14
 992 043d 06       		.uleb128 0x6
 993 043e CD030000 		.4byte	.LASF57
 994 0442 07       		.byte	0x7
 995 0443 89       		.byte	0x89
 996 0444 21050000 		.4byte	0x521
 997 0448 02       		.byte	0x2
 998 0449 23       		.byte	0x23
 999 044a 18       		.uleb128 0x18
 1000 044b 06       		.uleb128 0x6
 1001 044c 12030000 		.4byte	.LASF58
 1002 0450 07       		.byte	0x7
 1003 0451 8A       		.byte	0x8a
 1004 0452 CA030000 		.4byte	0x3ca
 1005 0456 02       		.byte	0x2
 1006 0457 23       		.byte	0x23
 1007 0458 24       		.uleb128 0x24
 1008 0459 06       		.uleb128 0x6
 1009 045a 91020000 		.4byte	.LASF59
 1010 045e 07       		.byte	0x7
 1011 045f 8B       		.byte	0x8b
 1012 0460 CA030000 		.4byte	0x3ca
 1013 0464 02       		.byte	0x2
 1014 0465 23       		.byte	0x23
 1015 0466 28       		.uleb128 0x28
 1016 0467 06       		.uleb128 0x6
 1017 0468 53040000 		.4byte	.LASF60
 1018 046c 07       		.byte	0x7
ARM GAS  /tmp/ccTsFZoR.s 			page 19


 1019 046d 8C       		.byte	0x8c
 1020 046e CA030000 		.4byte	0x3ca
 1021 0472 02       		.byte	0x2
 1022 0473 23       		.byte	0x23
 1023 0474 2C       		.uleb128 0x2c
 1024 0475 06       		.uleb128 0x6
 1025 0476 2A020000 		.4byte	.LASF61
 1026 047a 07       		.byte	0x7
 1027 047b 8D       		.byte	0x8d
 1028 047c CA030000 		.4byte	0x3ca
 1029 0480 02       		.byte	0x2
 1030 0481 23       		.byte	0x23
 1031 0482 30       		.uleb128 0x30
 1032 0483 06       		.uleb128 0x6
 1033 0484 2F020000 		.4byte	.LASF62
 1034 0488 07       		.byte	0x7
 1035 0489 8E       		.byte	0x8e
 1036 048a CA030000 		.4byte	0x3ca
 1037 048e 02       		.byte	0x2
 1038 048f 23       		.byte	0x23
 1039 0490 34       		.uleb128 0x34
 1040 0491 06       		.uleb128 0x6
 1041 0492 45010000 		.4byte	.LASF63
 1042 0496 07       		.byte	0x7
 1043 0497 8F       		.byte	0x8f
 1044 0498 CA030000 		.4byte	0x3ca
 1045 049c 02       		.byte	0x2
 1046 049d 23       		.byte	0x23
 1047 049e 38       		.uleb128 0x38
 1048 049f 06       		.uleb128 0x6
 1049 04a0 83030000 		.4byte	.LASF64
 1050 04a4 07       		.byte	0x7
 1051 04a5 90       		.byte	0x90
 1052 04a6 CA030000 		.4byte	0x3ca
 1053 04aa 02       		.byte	0x2
 1054 04ab 23       		.byte	0x23
 1055 04ac 3C       		.uleb128 0x3c
 1056 04ad 07       		.uleb128 0x7
 1057 04ae 50465200 		.ascii	"PFR\000"
 1058 04b2 07       		.byte	0x7
 1059 04b3 91       		.byte	0x91
 1060 04b4 36050000 		.4byte	0x536
 1061 04b8 02       		.byte	0x2
 1062 04b9 23       		.byte	0x23
 1063 04ba 40       		.uleb128 0x40
 1064 04bb 07       		.uleb128 0x7
 1065 04bc 44465200 		.ascii	"DFR\000"
 1066 04c0 07       		.byte	0x7
 1067 04c1 92       		.byte	0x92
 1068 04c2 CA030000 		.4byte	0x3ca
 1069 04c6 02       		.byte	0x2
 1070 04c7 23       		.byte	0x23
 1071 04c8 48       		.uleb128 0x48
 1072 04c9 07       		.uleb128 0x7
 1073 04ca 41445200 		.ascii	"ADR\000"
 1074 04ce 07       		.byte	0x7
 1075 04cf 93       		.byte	0x93
ARM GAS  /tmp/ccTsFZoR.s 			page 20


 1076 04d0 CA030000 		.4byte	0x3ca
 1077 04d4 02       		.byte	0x2
 1078 04d5 23       		.byte	0x23
 1079 04d6 4C       		.uleb128 0x4c
 1080 04d7 06       		.uleb128 0x6
 1081 04d8 09040000 		.4byte	.LASF65
 1082 04dc 07       		.byte	0x7
 1083 04dd 94       		.byte	0x94
 1084 04de 4B050000 		.4byte	0x54b
 1085 04e2 02       		.byte	0x2
 1086 04e3 23       		.byte	0x23
 1087 04e4 50       		.uleb128 0x50
 1088 04e5 07       		.uleb128 0x7
 1089 04e6 53415200 		.ascii	"SAR\000"
 1090 04ea 07       		.byte	0x7
 1091 04eb 95       		.byte	0x95
 1092 04ec 60050000 		.4byte	0x560
 1093 04f0 02       		.byte	0x2
 1094 04f1 23       		.byte	0x23
 1095 04f2 60       		.uleb128 0x60
 1096 04f3 06       		.uleb128 0x6
 1097 04f4 88030000 		.4byte	.LASF66
 1098 04f8 07       		.byte	0x7
 1099 04f9 96       		.byte	0x96
 1100 04fa 65050000 		.4byte	0x565
 1101 04fe 02       		.byte	0x2
 1102 04ff 23       		.byte	0x23
 1103 0500 74       		.uleb128 0x74
 1104 0501 06       		.uleb128 0x6
 1105 0502 4D040000 		.4byte	.LASF67
 1106 0506 07       		.byte	0x7
 1107 0507 97       		.byte	0x97
 1108 0508 CA030000 		.4byte	0x3ca
 1109 050c 03       		.byte	0x3
 1110 050d 23       		.byte	0x23
 1111 050e 8801     		.uleb128 0x88
 1112 0510 00       		.byte	0
 1113 0511 0E       		.uleb128 0xe
 1114 0512 CA030000 		.4byte	0x3ca
 1115 0516 21050000 		.4byte	0x521
 1116 051a 0F       		.uleb128 0xf
 1117 051b DA030000 		.4byte	0x3da
 1118 051f 02       		.byte	0x2
 1119 0520 00       		.byte	0
 1120 0521 0D       		.uleb128 0xd
 1121 0522 11050000 		.4byte	0x511
 1122 0526 0E       		.uleb128 0xe
 1123 0527 CA030000 		.4byte	0x3ca
 1124 052b 36050000 		.4byte	0x536
 1125 052f 0F       		.uleb128 0xf
 1126 0530 DA030000 		.4byte	0x3da
 1127 0534 01       		.byte	0x1
 1128 0535 00       		.byte	0
 1129 0536 0D       		.uleb128 0xd
 1130 0537 26050000 		.4byte	0x526
 1131 053b 0E       		.uleb128 0xe
 1132 053c CA030000 		.4byte	0x3ca
ARM GAS  /tmp/ccTsFZoR.s 			page 21


 1133 0540 4B050000 		.4byte	0x54b
 1134 0544 0F       		.uleb128 0xf
 1135 0545 DA030000 		.4byte	0x3da
 1136 0549 03       		.byte	0x3
 1137 054a 00       		.byte	0
 1138 054b 0D       		.uleb128 0xd
 1139 054c 3B050000 		.4byte	0x53b
 1140 0550 0E       		.uleb128 0xe
 1141 0551 CA030000 		.4byte	0x3ca
 1142 0555 60050000 		.4byte	0x560
 1143 0559 0F       		.uleb128 0xf
 1144 055a DA030000 		.4byte	0x3da
 1145 055e 04       		.byte	0x4
 1146 055f 00       		.byte	0
 1147 0560 0D       		.uleb128 0xd
 1148 0561 50050000 		.4byte	0x550
 1149 0565 0D       		.uleb128 0xd
 1150 0566 50050000 		.4byte	0x550
 1151 056a 04       		.uleb128 0x4
 1152 056b 45000000 		.4byte	.LASF68
 1153 056f 07       		.byte	0x7
 1154 0570 98       		.byte	0x98
 1155 0571 E1030000 		.4byte	0x3e1
 1156 0575 0D       		.uleb128 0xd
 1157 0576 E8000000 		.4byte	0xe8
 1158 057a 08       		.uleb128 0x8
 1159 057b 1C       		.byte	0x1c
 1160 057c 08       		.byte	0x8
 1161 057d 57       		.byte	0x57
 1162 057e D7050000 		.4byte	0x5d7
 1163 0582 06       		.uleb128 0x6
 1164 0583 7B030000 		.4byte	.LASF69
 1165 0587 08       		.byte	0x8
 1166 0588 58       		.byte	0x58
 1167 0589 5C020000 		.4byte	0x25c
 1168 058d 02       		.byte	0x2
 1169 058e 23       		.byte	0x23
 1170 058f 00       		.uleb128 0
 1171 0590 06       		.uleb128 0x6
 1172 0591 43030000 		.4byte	.LASF70
 1173 0595 08       		.byte	0x8
 1174 0596 59       		.byte	0x59
 1175 0597 C7000000 		.4byte	0xc7
 1176 059b 02       		.byte	0x2
 1177 059c 23       		.byte	0x23
 1178 059d 08       		.uleb128 0x8
 1179 059e 06       		.uleb128 0x6
 1180 059f 9E020000 		.4byte	.LASF71
 1181 05a3 08       		.byte	0x8
 1182 05a4 5B       		.byte	0x5b
 1183 05a5 A7030000 		.4byte	0x3a7
 1184 05a9 02       		.byte	0x2
 1185 05aa 23       		.byte	0x23
 1186 05ab 0C       		.uleb128 0xc
 1187 05ac 06       		.uleb128 0x6
 1188 05ad 4A010000 		.4byte	.LASF72
 1189 05b1 08       		.byte	0x8
ARM GAS  /tmp/ccTsFZoR.s 			page 22


 1190 05b2 5E       		.byte	0x5e
 1191 05b3 56020000 		.4byte	0x256
 1192 05b7 02       		.byte	0x2
 1193 05b8 23       		.byte	0x23
 1194 05b9 10       		.uleb128 0x10
 1195 05ba 06       		.uleb128 0x6
 1196 05bb C7020000 		.4byte	.LASF73
 1197 05bf 08       		.byte	0x8
 1198 05c0 5F       		.byte	0x5f
 1199 05c1 56020000 		.4byte	0x256
 1200 05c5 02       		.byte	0x2
 1201 05c6 23       		.byte	0x23
 1202 05c7 14       		.uleb128 0x14
 1203 05c8 06       		.uleb128 0x6
 1204 05c9 BD020000 		.4byte	.LASF74
 1205 05cd 08       		.byte	0x8
 1206 05ce 62       		.byte	0x62
 1207 05cf 56020000 		.4byte	0x256
 1208 05d3 02       		.byte	0x2
 1209 05d4 23       		.byte	0x23
 1210 05d5 18       		.uleb128 0x18
 1211 05d6 00       		.byte	0
 1212 05d7 04       		.uleb128 0x4
 1213 05d8 FF030000 		.4byte	.LASF75
 1214 05dc 08       		.byte	0x8
 1215 05dd 64       		.byte	0x64
 1216 05de 7A050000 		.4byte	0x57a
 1217 05e2 05       		.uleb128 0x5
 1218 05e3 68020000 		.4byte	.LASF76
 1219 05e7 10       		.byte	0x10
 1220 05e8 09       		.byte	0x9
 1221 05e9 25       		.byte	0x25
 1222 05ea 19060000 		.4byte	0x619
 1223 05ee 06       		.uleb128 0x6
 1224 05ef F8000000 		.4byte	.LASF77
 1225 05f3 09       		.byte	0x9
 1226 05f4 26       		.byte	0x26
 1227 05f5 5C020000 		.4byte	0x25c
 1228 05f9 02       		.byte	0x2
 1229 05fa 23       		.byte	0x23
 1230 05fb 00       		.uleb128 0
 1231 05fc 06       		.uleb128 0x6
 1232 05fd 58040000 		.4byte	.LASF78
 1233 0601 09       		.byte	0x9
 1234 0602 28       		.byte	0x28
 1235 0603 56020000 		.4byte	0x256
 1236 0607 02       		.byte	0x2
 1237 0608 23       		.byte	0x23
 1238 0609 08       		.uleb128 0x8
 1239 060a 06       		.uleb128 0x6
 1240 060b 9D030000 		.4byte	.LASF79
 1241 060f 09       		.byte	0x9
 1242 0610 2A       		.byte	0x2a
 1243 0611 19060000 		.4byte	0x619
 1244 0615 02       		.byte	0x2
 1245 0616 23       		.byte	0x23
 1246 0617 0C       		.uleb128 0xc
ARM GAS  /tmp/ccTsFZoR.s 			page 23


 1247 0618 00       		.byte	0
 1248 0619 09       		.uleb128 0x9
 1249 061a 04       		.byte	0x4
 1250 061b E2050000 		.4byte	0x5e2
 1251 061f 04       		.uleb128 0x4
 1252 0620 68020000 		.4byte	.LASF76
 1253 0624 09       		.byte	0x9
 1254 0625 2C       		.byte	0x2c
 1255 0626 E2050000 		.4byte	0x5e2
 1256 062a 10       		.uleb128 0x10
 1257 062b 04       		.byte	0x4
 1258 062c 05       		.byte	0x5
 1259 062d 8F       		.byte	0x8f
 1260 062e 5F060000 		.4byte	0x65f
 1261 0632 11       		.uleb128 0x11
 1262 0633 35000000 		.4byte	.LASF80
 1263 0637 05       		.byte	0x5
 1264 0638 96       		.byte	0x96
 1265 0639 D2000000 		.4byte	0xd2
 1266 063d 11       		.uleb128 0x11
 1267 063e 85000000 		.4byte	.LASF81
 1268 0642 05       		.byte	0x5
 1269 0643 9D       		.byte	0x9d
 1270 0644 D2000000 		.4byte	0xd2
 1271 0648 11       		.uleb128 0x11
 1272 0649 3F040000 		.4byte	.LASF82
 1273 064d 05       		.byte	0x5
 1274 064e A4       		.byte	0xa4
 1275 064f 94020000 		.4byte	0x294
 1276 0653 11       		.uleb128 0x11
 1277 0654 4A030000 		.4byte	.LASF83
 1278 0658 05       		.byte	0x5
 1279 0659 AB       		.byte	0xab
 1280 065a DD000000 		.4byte	0xdd
 1281 065e 00       		.byte	0
 1282 065f 09       		.uleb128 0x9
 1283 0660 04       		.byte	0x4
 1284 0661 65060000 		.4byte	0x665
 1285 0665 12       		.uleb128 0x12
 1286 0666 6A060000 		.4byte	0x66a
 1287 066a 03       		.uleb128 0x3
 1288 066b 01       		.byte	0x1
 1289 066c 08       		.byte	0x8
 1290 066d 90030000 		.4byte	.LASF84
 1291 0671 09       		.uleb128 0x9
 1292 0672 04       		.byte	0x4
 1293 0673 96020000 		.4byte	0x296
 1294 0677 09       		.uleb128 0x9
 1295 0678 04       		.byte	0x4
 1296 0679 1F060000 		.4byte	0x61f
 1297 067d 13       		.uleb128 0x13
 1298 067e 01       		.byte	0x1
 1299 067f E8010000 		.4byte	.LASF85
 1300 0683 01       		.byte	0x1
 1301 0684 C8       		.byte	0xc8
 1302 0685 01       		.byte	0x1
 1303 0686 00000000 		.4byte	.LFB11
ARM GAS  /tmp/ccTsFZoR.s 			page 24


 1304 068a 0E000000 		.4byte	.LFE11
 1305 068e 02       		.byte	0x2
 1306 068f 7D       		.byte	0x7d
 1307 0690 00       		.sleb128 0
 1308 0691 01       		.byte	0x1
 1309 0692 B2060000 		.4byte	0x6b2
 1310 0696 14       		.uleb128 0x14
 1311 0697 04000000 		.4byte	.LVL0
 1312 069b D4080000 		.4byte	0x8d4
 1313 069f 14       		.uleb128 0x14
 1314 06a0 08000000 		.4byte	.LVL1
 1315 06a4 DE080000 		.4byte	0x8de
 1316 06a8 14       		.uleb128 0x14
 1317 06a9 0C000000 		.4byte	.LVL2
 1318 06ad E8080000 		.4byte	0x8e8
 1319 06b1 00       		.byte	0
 1320 06b2 13       		.uleb128 0x13
 1321 06b3 01       		.byte	0x1
 1322 06b4 B9030000 		.4byte	.LASF86
 1323 06b8 01       		.byte	0x1
 1324 06b9 3A       		.byte	0x3a
 1325 06ba 01       		.byte	0x1
 1326 06bb 00000000 		.4byte	.LFB8
 1327 06bf 12000000 		.4byte	.LFE8
 1328 06c3 02       		.byte	0x2
 1329 06c4 7D       		.byte	0x7d
 1330 06c5 00       		.sleb128 0
 1331 06c6 01       		.byte	0x1
 1332 06c7 F4060000 		.4byte	0x6f4
 1333 06cb 15       		.uleb128 0x15
 1334 06cc E8020000 		.4byte	.LASF87
 1335 06d0 01       		.byte	0x1
 1336 06d1 3B       		.byte	0x3b
 1337 06d2 F4060000 		.4byte	0x6f4
 1338 06d6 00000000 		.4byte	.LLST0
 1339 06da 16       		.uleb128 0x16
 1340 06db 0A000000 		.4byte	.LBB2
 1341 06df 12000000 		.4byte	.LBE2
 1342 06e3 17       		.uleb128 0x17
 1343 06e4 746D7000 		.ascii	"tmp\000"
 1344 06e8 01       		.byte	0x1
 1345 06e9 4A       		.byte	0x4a
 1346 06ea 70000000 		.4byte	0x70
 1347 06ee 20000000 		.4byte	.LLST1
 1348 06f2 00       		.byte	0
 1349 06f3 00       		.byte	0
 1350 06f4 09       		.uleb128 0x9
 1351 06f5 04       		.byte	0x4
 1352 06f6 A1020000 		.4byte	0x2a1
 1353 06fa 18       		.uleb128 0x18
 1354 06fb 01       		.byte	0x1
 1355 06fc 1C040000 		.4byte	.LASF88
 1356 0700 01       		.byte	0x1
 1357 0701 6F       		.byte	0x6f
 1358 0702 01       		.byte	0x1
 1359 0703 00000000 		.4byte	.LFB9
 1360 0707 36000000 		.4byte	.LFE9
ARM GAS  /tmp/ccTsFZoR.s 			page 25


 1361 070b 33000000 		.4byte	.LLST2
 1362 070f 01       		.byte	0x1
 1363 0710 5D070000 		.4byte	0x75d
 1364 0714 19       		.uleb128 0x19
 1365 0715 20000000 		.4byte	.LVL7
 1366 0719 F2080000 		.4byte	0x8f2
 1367 071d 2C070000 		.4byte	0x72c
 1368 0721 1A       		.uleb128 0x1a
 1369 0722 01       		.byte	0x1
 1370 0723 51       		.byte	0x51
 1371 0724 01       		.byte	0x1
 1372 0725 40       		.byte	0x40
 1373 0726 1A       		.uleb128 0x1a
 1374 0727 01       		.byte	0x1
 1375 0728 50       		.byte	0x50
 1376 0729 01       		.byte	0x1
 1377 072a 37       		.byte	0x37
 1378 072b 00       		.byte	0
 1379 072c 19       		.uleb128 0x19
 1380 072d 2A000000 		.4byte	.LVL8
 1381 0731 F2080000 		.4byte	0x8f2
 1382 0735 46070000 		.4byte	0x746
 1383 0739 1A       		.uleb128 0x1a
 1384 073a 01       		.byte	0x1
 1385 073b 51       		.byte	0x51
 1386 073c 03       		.byte	0x3
 1387 073d 0A       		.byte	0xa
 1388 073e 0002     		.2byte	0x200
 1389 0740 1A       		.uleb128 0x1a
 1390 0741 01       		.byte	0x1
 1391 0742 50       		.byte	0x50
 1392 0743 01       		.byte	0x1
 1393 0744 3A       		.byte	0x3a
 1394 0745 00       		.byte	0
 1395 0746 1B       		.uleb128 0x1b
 1396 0747 36000000 		.4byte	.LVL9
 1397 074b 01       		.byte	0x1
 1398 074c F2080000 		.4byte	0x8f2
 1399 0750 1A       		.uleb128 0x1a
 1400 0751 01       		.byte	0x1
 1401 0752 51       		.byte	0x51
 1402 0753 02       		.byte	0x2
 1403 0754 08       		.byte	0x8
 1404 0755 80       		.byte	0x80
 1405 0756 1A       		.uleb128 0x1a
 1406 0757 01       		.byte	0x1
 1407 0758 50       		.byte	0x50
 1408 0759 01       		.byte	0x1
 1409 075a 3B       		.byte	0x3b
 1410 075b 00       		.byte	0
 1411 075c 00       		.byte	0
 1412 075d 13       		.uleb128 0x13
 1413 075e 01       		.byte	0x1
 1414 075f 35020000 		.4byte	.LASF89
 1415 0763 01       		.byte	0x1
 1416 0764 8D       		.byte	0x8d
 1417 0765 01       		.byte	0x1
ARM GAS  /tmp/ccTsFZoR.s 			page 26


 1418 0766 00000000 		.4byte	.LFB10
 1419 076a 74000000 		.4byte	.LFE10
 1420 076e 02       		.byte	0x2
 1421 076f 7D       		.byte	0x7d
 1422 0770 00       		.sleb128 0
 1423 0771 01       		.byte	0x1
 1424 0772 C6070000 		.4byte	0x7c6
 1425 0776 1C       		.uleb128 0x1c
 1426 0777 00000000 		.4byte	.LBB3
 1427 077b 06000000 		.4byte	.LBE3
 1428 077f 93070000 		.4byte	0x793
 1429 0783 17       		.uleb128 0x17
 1430 0784 746D7000 		.ascii	"tmp\000"
 1431 0788 01       		.byte	0x1
 1432 0789 8F       		.byte	0x8f
 1433 078a 70000000 		.4byte	0x70
 1434 078e 53000000 		.4byte	.LLST3
 1435 0792 00       		.byte	0
 1436 0793 1D       		.uleb128 0x1d
 1437 0794 00000000 		.4byte	.Ldebug_ranges0+0
 1438 0798 AC070000 		.4byte	0x7ac
 1439 079c 15       		.uleb128 0x15
 1440 079d E8020000 		.4byte	.LASF87
 1441 07a1 01       		.byte	0x1
 1442 07a2 91       		.byte	0x91
 1443 07a3 F4060000 		.4byte	0x6f4
 1444 07a7 66000000 		.4byte	.LLST4
 1445 07ab 00       		.byte	0
 1446 07ac 16       		.uleb128 0x16
 1447 07ad 4C000000 		.4byte	.LBB5
 1448 07b1 52000000 		.4byte	.LBE5
 1449 07b5 17       		.uleb128 0x17
 1450 07b6 746D7000 		.ascii	"tmp\000"
 1451 07ba 01       		.byte	0x1
 1452 07bb BE       		.byte	0xbe
 1453 07bc 70000000 		.4byte	0x70
 1454 07c0 A0000000 		.4byte	.LLST5
 1455 07c4 00       		.byte	0
 1456 07c5 00       		.byte	0
 1457 07c6 18       		.uleb128 0x18
 1458 07c7 01       		.byte	0x1
 1459 07c8 60000000 		.4byte	.LASF90
 1460 07cc 01       		.byte	0x1
 1461 07cd 28       		.byte	0x28
 1462 07ce 01       		.byte	0x1
 1463 07cf 00000000 		.4byte	.LFB7
 1464 07d3 2A000000 		.4byte	.LFE7
 1465 07d7 B3000000 		.4byte	.LLST6
 1466 07db 01       		.byte	0x1
 1467 07dc 52080000 		.4byte	0x852
 1468 07e0 1C       		.uleb128 0x1c
 1469 07e1 06000000 		.4byte	.LBB7
 1470 07e5 0C000000 		.4byte	.LBE7
 1471 07e9 FD070000 		.4byte	0x7fd
 1472 07ed 17       		.uleb128 0x17
 1473 07ee 746D7000 		.ascii	"tmp\000"
 1474 07f2 01       		.byte	0x1
ARM GAS  /tmp/ccTsFZoR.s 			page 27


 1475 07f3 2C       		.byte	0x2c
 1476 07f4 70000000 		.4byte	0x70
 1477 07f8 D3000000 		.4byte	.LLST7
 1478 07fc 00       		.byte	0
 1479 07fd 1C       		.uleb128 0x1c
 1480 07fe 18000000 		.4byte	.LBB8
 1481 0802 1E000000 		.4byte	.LBE8
 1482 0806 1A080000 		.4byte	0x81a
 1483 080a 17       		.uleb128 0x17
 1484 080b 746D7000 		.ascii	"tmp\000"
 1485 080f 01       		.byte	0x1
 1486 0810 2E       		.byte	0x2e
 1487 0811 70000000 		.4byte	0x70
 1488 0815 E6000000 		.4byte	.LLST8
 1489 0819 00       		.byte	0
 1490 081a 14       		.uleb128 0x14
 1491 081b 06000000 		.4byte	.LVL19
 1492 081f 0C090000 		.4byte	0x90c
 1493 0823 14       		.uleb128 0x14
 1494 0824 10000000 		.4byte	.LVL22
 1495 0828 16090000 		.4byte	0x916
 1496 082c 14       		.uleb128 0x14
 1497 082d 14000000 		.4byte	.LVL23
 1498 0831 20090000 		.4byte	0x920
 1499 0835 14       		.uleb128 0x14
 1500 0836 18000000 		.4byte	.LVL24
 1501 083a 2A090000 		.4byte	0x92a
 1502 083e 14       		.uleb128 0x14
 1503 083f 22000000 		.4byte	.LVL27
 1504 0843 34090000 		.4byte	0x934
 1505 0847 1E       		.uleb128 0x1e
 1506 0848 2A000000 		.4byte	.LVL28
 1507 084c 01       		.byte	0x1
 1508 084d 5D070000 		.4byte	0x75d
 1509 0851 00       		.byte	0
 1510 0852 13       		.uleb128 0x13
 1511 0853 01       		.byte	0x1
 1512 0854 C4010000 		.4byte	.LASF91
 1513 0858 01       		.byte	0x1
 1514 0859 E5       		.byte	0xe5
 1515 085a 01       		.byte	0x1
 1516 085b 00000000 		.4byte	.LFB12
 1517 085f 10000000 		.4byte	.LFE12
 1518 0863 02       		.byte	0x2
 1519 0864 7D       		.byte	0x7d
 1520 0865 00       		.sleb128 0
 1521 0866 01       		.byte	0x1
 1522 0867 86080000 		.4byte	0x886
 1523 086b 1F       		.uleb128 0x1f
 1524 086c 6E747000 		.ascii	"ntp\000"
 1525 0870 01       		.byte	0x1
 1526 0871 E5       		.byte	0xe5
 1527 0872 56020000 		.4byte	0x256
 1528 0876 01       		.byte	0x1
 1529 0877 50       		.byte	0x50
 1530 0878 1F       		.uleb128 0x1f
 1531 0879 6F747000 		.ascii	"otp\000"
ARM GAS  /tmp/ccTsFZoR.s 			page 28


 1532 087d 01       		.byte	0x1
 1533 087e E5       		.byte	0xe5
 1534 087f 56020000 		.4byte	0x256
 1535 0883 01       		.byte	0x1
 1536 0884 51       		.byte	0x51
 1537 0885 00       		.byte	0
 1538 0886 18       		.uleb128 0x18
 1539 0887 01       		.byte	0x1
 1540 0888 1C010000 		.4byte	.LASF92
 1541 088c 01       		.byte	0x1
 1542 088d FC       		.byte	0xfc
 1543 088e 01       		.byte	0x1
 1544 088f 00000000 		.4byte	.LFB13
 1545 0893 16000000 		.4byte	.LFE13
 1546 0897 F9000000 		.4byte	.LLST9
 1547 089b 01       		.byte	0x1
 1548 089c C7080000 		.4byte	0x8c7
 1549 08a0 1C       		.uleb128 0x1c
 1550 08a1 06000000 		.4byte	.LBB9
 1551 08a5 0C000000 		.4byte	.LBE9
 1552 08a9 BD080000 		.4byte	0x8bd
 1553 08ad 17       		.uleb128 0x17
 1554 08ae 746D7000 		.ascii	"tmp\000"
 1555 08b2 01       		.byte	0x1
 1556 08b3 FE       		.byte	0xfe
 1557 08b4 70000000 		.4byte	0x70
 1558 08b8 19010000 		.4byte	.LLST10
 1559 08bc 00       		.byte	0
 1560 08bd 14       		.uleb128 0x14
 1561 08be 06000000 		.4byte	.LVL30
 1562 08c2 E8080000 		.4byte	0x8e8
 1563 08c6 00       		.byte	0
 1564 08c7 20       		.uleb128 0x20
 1565 08c8 0E040000 		.4byte	.LASF104
 1566 08cc 08       		.byte	0x8
 1567 08cd 68       		.byte	0x68
 1568 08ce D7050000 		.4byte	0x5d7
 1569 08d2 01       		.byte	0x1
 1570 08d3 01       		.byte	0x1
 1571 08d4 21       		.uleb128 0x21
 1572 08d5 01       		.byte	0x1
 1573 08d6 82020000 		.4byte	.LASF93
 1574 08da 0A       		.byte	0xa
 1575 08db E0       		.byte	0xe0
 1576 08dc 01       		.byte	0x1
 1577 08dd 01       		.byte	0x1
 1578 08de 21       		.uleb128 0x21
 1579 08df 01       		.byte	0x1
 1580 08e0 78010000 		.4byte	.LASF94
 1581 08e4 08       		.byte	0x8
 1582 08e5 A1       		.byte	0xa1
 1583 08e6 01       		.byte	0x1
 1584 08e7 01       		.byte	0x1
 1585 08e8 21       		.uleb128 0x21
 1586 08e9 01       		.byte	0x1
 1587 08ea CF020000 		.4byte	.LASF95
 1588 08ee 0A       		.byte	0xa
ARM GAS  /tmp/ccTsFZoR.s 			page 29


 1589 08ef E1       		.byte	0xe1
 1590 08f0 01       		.byte	0x1
 1591 08f1 01       		.byte	0x1
 1592 08f2 22       		.uleb128 0x22
 1593 08f3 01       		.byte	0x1
 1594 08f4 52010000 		.4byte	.LASF105
 1595 08f8 07       		.byte	0x7
 1596 08f9 1E01     		.2byte	0x11e
 1597 08fb 01       		.byte	0x1
 1598 08fc 01       		.byte	0x1
 1599 08fd 0C090000 		.4byte	0x90c
 1600 0901 23       		.uleb128 0x23
 1601 0902 70000000 		.4byte	0x70
 1602 0906 23       		.uleb128 0x23
 1603 0907 70000000 		.4byte	0x70
 1604 090b 00       		.byte	0
 1605 090c 21       		.uleb128 0x21
 1606 090d 01       		.byte	0x1
 1607 090e 8A010000 		.4byte	.LASF96
 1608 0912 0A       		.byte	0xa
 1609 0913 E4       		.byte	0xe4
 1610 0914 01       		.byte	0x1
 1611 0915 01       		.byte	0x1
 1612 0916 21       		.uleb128 0x21
 1613 0917 01       		.byte	0x1
 1614 0918 27040000 		.4byte	.LASF97
 1615 091c 0A       		.byte	0xa
 1616 091d E2       		.byte	0xe2
 1617 091e 01       		.byte	0x1
 1618 091f 01       		.byte	0x1
 1619 0920 21       		.uleb128 0x21
 1620 0921 01       		.byte	0x1
 1621 0922 4D000000 		.4byte	.LASF98
 1622 0926 0B       		.byte	0xb
 1623 0927 F0       		.byte	0xf0
 1624 0928 01       		.byte	0x1
 1625 0929 01       		.byte	0x1
 1626 092a 21       		.uleb128 0x21
 1627 092b 01       		.byte	0x1
 1628 092c D6000000 		.4byte	.LASF99
 1629 0930 0A       		.byte	0xa
 1630 0931 E3       		.byte	0xe3
 1631 0932 01       		.byte	0x1
 1632 0933 01       		.byte	0x1
 1633 0934 21       		.uleb128 0x21
 1634 0935 01       		.byte	0x1
 1635 0936 D2030000 		.4byte	.LASF100
 1636 093a 0A       		.byte	0xa
 1637 093b E5       		.byte	0xe5
 1638 093c 01       		.byte	0x1
 1639 093d 01       		.byte	0x1
 1640 093e 00       		.byte	0
 1641              		.section	.debug_abbrev,"",%progbits
 1642              	.Ldebug_abbrev0:
 1643 0000 01       		.uleb128 0x1
 1644 0001 11       		.uleb128 0x11
 1645 0002 01       		.byte	0x1
ARM GAS  /tmp/ccTsFZoR.s 			page 30


 1646 0003 25       		.uleb128 0x25
 1647 0004 0E       		.uleb128 0xe
 1648 0005 13       		.uleb128 0x13
 1649 0006 0B       		.uleb128 0xb
 1650 0007 03       		.uleb128 0x3
 1651 0008 0E       		.uleb128 0xe
 1652 0009 1B       		.uleb128 0x1b
 1653 000a 0E       		.uleb128 0xe
 1654 000b 55       		.uleb128 0x55
 1655 000c 06       		.uleb128 0x6
 1656 000d 11       		.uleb128 0x11
 1657 000e 01       		.uleb128 0x1
 1658 000f 52       		.uleb128 0x52
 1659 0010 01       		.uleb128 0x1
 1660 0011 10       		.uleb128 0x10
 1661 0012 06       		.uleb128 0x6
 1662 0013 00       		.byte	0
 1663 0014 00       		.byte	0
 1664 0015 02       		.uleb128 0x2
 1665 0016 24       		.uleb128 0x24
 1666 0017 00       		.byte	0
 1667 0018 0B       		.uleb128 0xb
 1668 0019 0B       		.uleb128 0xb
 1669 001a 3E       		.uleb128 0x3e
 1670 001b 0B       		.uleb128 0xb
 1671 001c 03       		.uleb128 0x3
 1672 001d 08       		.uleb128 0x8
 1673 001e 00       		.byte	0
 1674 001f 00       		.byte	0
 1675 0020 03       		.uleb128 0x3
 1676 0021 24       		.uleb128 0x24
 1677 0022 00       		.byte	0
 1678 0023 0B       		.uleb128 0xb
 1679 0024 0B       		.uleb128 0xb
 1680 0025 3E       		.uleb128 0x3e
 1681 0026 0B       		.uleb128 0xb
 1682 0027 03       		.uleb128 0x3
 1683 0028 0E       		.uleb128 0xe
 1684 0029 00       		.byte	0
 1685 002a 00       		.byte	0
 1686 002b 04       		.uleb128 0x4
 1687 002c 16       		.uleb128 0x16
 1688 002d 00       		.byte	0
 1689 002e 03       		.uleb128 0x3
 1690 002f 0E       		.uleb128 0xe
 1691 0030 3A       		.uleb128 0x3a
 1692 0031 0B       		.uleb128 0xb
 1693 0032 3B       		.uleb128 0x3b
 1694 0033 0B       		.uleb128 0xb
 1695 0034 49       		.uleb128 0x49
 1696 0035 13       		.uleb128 0x13
 1697 0036 00       		.byte	0
 1698 0037 00       		.byte	0
 1699 0038 05       		.uleb128 0x5
 1700 0039 13       		.uleb128 0x13
 1701 003a 01       		.byte	0x1
 1702 003b 03       		.uleb128 0x3
ARM GAS  /tmp/ccTsFZoR.s 			page 31


 1703 003c 0E       		.uleb128 0xe
 1704 003d 0B       		.uleb128 0xb
 1705 003e 0B       		.uleb128 0xb
 1706 003f 3A       		.uleb128 0x3a
 1707 0040 0B       		.uleb128 0xb
 1708 0041 3B       		.uleb128 0x3b
 1709 0042 0B       		.uleb128 0xb
 1710 0043 01       		.uleb128 0x1
 1711 0044 13       		.uleb128 0x13
 1712 0045 00       		.byte	0
 1713 0046 00       		.byte	0
 1714 0047 06       		.uleb128 0x6
 1715 0048 0D       		.uleb128 0xd
 1716 0049 00       		.byte	0
 1717 004a 03       		.uleb128 0x3
 1718 004b 0E       		.uleb128 0xe
 1719 004c 3A       		.uleb128 0x3a
 1720 004d 0B       		.uleb128 0xb
 1721 004e 3B       		.uleb128 0x3b
 1722 004f 0B       		.uleb128 0xb
 1723 0050 49       		.uleb128 0x49
 1724 0051 13       		.uleb128 0x13
 1725 0052 38       		.uleb128 0x38
 1726 0053 0A       		.uleb128 0xa
 1727 0054 00       		.byte	0
 1728 0055 00       		.byte	0
 1729 0056 07       		.uleb128 0x7
 1730 0057 0D       		.uleb128 0xd
 1731 0058 00       		.byte	0
 1732 0059 03       		.uleb128 0x3
 1733 005a 08       		.uleb128 0x8
 1734 005b 3A       		.uleb128 0x3a
 1735 005c 0B       		.uleb128 0xb
 1736 005d 3B       		.uleb128 0x3b
 1737 005e 0B       		.uleb128 0xb
 1738 005f 49       		.uleb128 0x49
 1739 0060 13       		.uleb128 0x13
 1740 0061 38       		.uleb128 0x38
 1741 0062 0A       		.uleb128 0xa
 1742 0063 00       		.byte	0
 1743 0064 00       		.byte	0
 1744 0065 08       		.uleb128 0x8
 1745 0066 13       		.uleb128 0x13
 1746 0067 01       		.byte	0x1
 1747 0068 0B       		.uleb128 0xb
 1748 0069 0B       		.uleb128 0xb
 1749 006a 3A       		.uleb128 0x3a
 1750 006b 0B       		.uleb128 0xb
 1751 006c 3B       		.uleb128 0x3b
 1752 006d 0B       		.uleb128 0xb
 1753 006e 01       		.uleb128 0x1
 1754 006f 13       		.uleb128 0x13
 1755 0070 00       		.byte	0
 1756 0071 00       		.byte	0
 1757 0072 09       		.uleb128 0x9
 1758 0073 0F       		.uleb128 0xf
 1759 0074 00       		.byte	0
ARM GAS  /tmp/ccTsFZoR.s 			page 32


 1760 0075 0B       		.uleb128 0xb
 1761 0076 0B       		.uleb128 0xb
 1762 0077 49       		.uleb128 0x49
 1763 0078 13       		.uleb128 0x13
 1764 0079 00       		.byte	0
 1765 007a 00       		.byte	0
 1766 007b 0A       		.uleb128 0xa
 1767 007c 0F       		.uleb128 0xf
 1768 007d 00       		.byte	0
 1769 007e 0B       		.uleb128 0xb
 1770 007f 0B       		.uleb128 0xb
 1771 0080 00       		.byte	0
 1772 0081 00       		.byte	0
 1773 0082 0B       		.uleb128 0xb
 1774 0083 13       		.uleb128 0x13
 1775 0084 01       		.byte	0x1
 1776 0085 03       		.uleb128 0x3
 1777 0086 0E       		.uleb128 0xe
 1778 0087 0B       		.uleb128 0xb
 1779 0088 0B       		.uleb128 0xb
 1780 0089 3A       		.uleb128 0x3a
 1781 008a 0B       		.uleb128 0xb
 1782 008b 3B       		.uleb128 0x3b
 1783 008c 05       		.uleb128 0x5
 1784 008d 01       		.uleb128 0x1
 1785 008e 13       		.uleb128 0x13
 1786 008f 00       		.byte	0
 1787 0090 00       		.byte	0
 1788 0091 0C       		.uleb128 0xc
 1789 0092 0D       		.uleb128 0xd
 1790 0093 00       		.byte	0
 1791 0094 03       		.uleb128 0x3
 1792 0095 08       		.uleb128 0x8
 1793 0096 3A       		.uleb128 0x3a
 1794 0097 0B       		.uleb128 0xb
 1795 0098 3B       		.uleb128 0x3b
 1796 0099 05       		.uleb128 0x5
 1797 009a 49       		.uleb128 0x49
 1798 009b 13       		.uleb128 0x13
 1799 009c 38       		.uleb128 0x38
 1800 009d 0A       		.uleb128 0xa
 1801 009e 00       		.byte	0
 1802 009f 00       		.byte	0
 1803 00a0 0D       		.uleb128 0xd
 1804 00a1 35       		.uleb128 0x35
 1805 00a2 00       		.byte	0
 1806 00a3 49       		.uleb128 0x49
 1807 00a4 13       		.uleb128 0x13
 1808 00a5 00       		.byte	0
 1809 00a6 00       		.byte	0
 1810 00a7 0E       		.uleb128 0xe
 1811 00a8 01       		.uleb128 0x1
 1812 00a9 01       		.byte	0x1
 1813 00aa 49       		.uleb128 0x49
 1814 00ab 13       		.uleb128 0x13
 1815 00ac 01       		.uleb128 0x1
 1816 00ad 13       		.uleb128 0x13
ARM GAS  /tmp/ccTsFZoR.s 			page 33


 1817 00ae 00       		.byte	0
 1818 00af 00       		.byte	0
 1819 00b0 0F       		.uleb128 0xf
 1820 00b1 21       		.uleb128 0x21
 1821 00b2 00       		.byte	0
 1822 00b3 49       		.uleb128 0x49
 1823 00b4 13       		.uleb128 0x13
 1824 00b5 2F       		.uleb128 0x2f
 1825 00b6 0B       		.uleb128 0xb
 1826 00b7 00       		.byte	0
 1827 00b8 00       		.byte	0
 1828 00b9 10       		.uleb128 0x10
 1829 00ba 17       		.uleb128 0x17
 1830 00bb 01       		.byte	0x1
 1831 00bc 0B       		.uleb128 0xb
 1832 00bd 0B       		.uleb128 0xb
 1833 00be 3A       		.uleb128 0x3a
 1834 00bf 0B       		.uleb128 0xb
 1835 00c0 3B       		.uleb128 0x3b
 1836 00c1 0B       		.uleb128 0xb
 1837 00c2 01       		.uleb128 0x1
 1838 00c3 13       		.uleb128 0x13
 1839 00c4 00       		.byte	0
 1840 00c5 00       		.byte	0
 1841 00c6 11       		.uleb128 0x11
 1842 00c7 0D       		.uleb128 0xd
 1843 00c8 00       		.byte	0
 1844 00c9 03       		.uleb128 0x3
 1845 00ca 0E       		.uleb128 0xe
 1846 00cb 3A       		.uleb128 0x3a
 1847 00cc 0B       		.uleb128 0xb
 1848 00cd 3B       		.uleb128 0x3b
 1849 00ce 0B       		.uleb128 0xb
 1850 00cf 49       		.uleb128 0x49
 1851 00d0 13       		.uleb128 0x13
 1852 00d1 00       		.byte	0
 1853 00d2 00       		.byte	0
 1854 00d3 12       		.uleb128 0x12
 1855 00d4 26       		.uleb128 0x26
 1856 00d5 00       		.byte	0
 1857 00d6 49       		.uleb128 0x49
 1858 00d7 13       		.uleb128 0x13
 1859 00d8 00       		.byte	0
 1860 00d9 00       		.byte	0
 1861 00da 13       		.uleb128 0x13
 1862 00db 2E       		.uleb128 0x2e
 1863 00dc 01       		.byte	0x1
 1864 00dd 3F       		.uleb128 0x3f
 1865 00de 0C       		.uleb128 0xc
 1866 00df 03       		.uleb128 0x3
 1867 00e0 0E       		.uleb128 0xe
 1868 00e1 3A       		.uleb128 0x3a
 1869 00e2 0B       		.uleb128 0xb
 1870 00e3 3B       		.uleb128 0x3b
 1871 00e4 0B       		.uleb128 0xb
 1872 00e5 27       		.uleb128 0x27
 1873 00e6 0C       		.uleb128 0xc
ARM GAS  /tmp/ccTsFZoR.s 			page 34


 1874 00e7 11       		.uleb128 0x11
 1875 00e8 01       		.uleb128 0x1
 1876 00e9 12       		.uleb128 0x12
 1877 00ea 01       		.uleb128 0x1
 1878 00eb 40       		.uleb128 0x40
 1879 00ec 0A       		.uleb128 0xa
 1880 00ed 9742     		.uleb128 0x2117
 1881 00ef 0C       		.uleb128 0xc
 1882 00f0 01       		.uleb128 0x1
 1883 00f1 13       		.uleb128 0x13
 1884 00f2 00       		.byte	0
 1885 00f3 00       		.byte	0
 1886 00f4 14       		.uleb128 0x14
 1887 00f5 898201   		.uleb128 0x4109
 1888 00f8 00       		.byte	0
 1889 00f9 11       		.uleb128 0x11
 1890 00fa 01       		.uleb128 0x1
 1891 00fb 31       		.uleb128 0x31
 1892 00fc 13       		.uleb128 0x13
 1893 00fd 00       		.byte	0
 1894 00fe 00       		.byte	0
 1895 00ff 15       		.uleb128 0x15
 1896 0100 34       		.uleb128 0x34
 1897 0101 00       		.byte	0
 1898 0102 03       		.uleb128 0x3
 1899 0103 0E       		.uleb128 0xe
 1900 0104 3A       		.uleb128 0x3a
 1901 0105 0B       		.uleb128 0xb
 1902 0106 3B       		.uleb128 0x3b
 1903 0107 0B       		.uleb128 0xb
 1904 0108 49       		.uleb128 0x49
 1905 0109 13       		.uleb128 0x13
 1906 010a 02       		.uleb128 0x2
 1907 010b 06       		.uleb128 0x6
 1908 010c 00       		.byte	0
 1909 010d 00       		.byte	0
 1910 010e 16       		.uleb128 0x16
 1911 010f 0B       		.uleb128 0xb
 1912 0110 01       		.byte	0x1
 1913 0111 11       		.uleb128 0x11
 1914 0112 01       		.uleb128 0x1
 1915 0113 12       		.uleb128 0x12
 1916 0114 01       		.uleb128 0x1
 1917 0115 00       		.byte	0
 1918 0116 00       		.byte	0
 1919 0117 17       		.uleb128 0x17
 1920 0118 34       		.uleb128 0x34
 1921 0119 00       		.byte	0
 1922 011a 03       		.uleb128 0x3
 1923 011b 08       		.uleb128 0x8
 1924 011c 3A       		.uleb128 0x3a
 1925 011d 0B       		.uleb128 0xb
 1926 011e 3B       		.uleb128 0x3b
 1927 011f 0B       		.uleb128 0xb
 1928 0120 49       		.uleb128 0x49
 1929 0121 13       		.uleb128 0x13
 1930 0122 02       		.uleb128 0x2
ARM GAS  /tmp/ccTsFZoR.s 			page 35


 1931 0123 06       		.uleb128 0x6
 1932 0124 00       		.byte	0
 1933 0125 00       		.byte	0
 1934 0126 18       		.uleb128 0x18
 1935 0127 2E       		.uleb128 0x2e
 1936 0128 01       		.byte	0x1
 1937 0129 3F       		.uleb128 0x3f
 1938 012a 0C       		.uleb128 0xc
 1939 012b 03       		.uleb128 0x3
 1940 012c 0E       		.uleb128 0xe
 1941 012d 3A       		.uleb128 0x3a
 1942 012e 0B       		.uleb128 0xb
 1943 012f 3B       		.uleb128 0x3b
 1944 0130 0B       		.uleb128 0xb
 1945 0131 27       		.uleb128 0x27
 1946 0132 0C       		.uleb128 0xc
 1947 0133 11       		.uleb128 0x11
 1948 0134 01       		.uleb128 0x1
 1949 0135 12       		.uleb128 0x12
 1950 0136 01       		.uleb128 0x1
 1951 0137 40       		.uleb128 0x40
 1952 0138 06       		.uleb128 0x6
 1953 0139 9742     		.uleb128 0x2117
 1954 013b 0C       		.uleb128 0xc
 1955 013c 01       		.uleb128 0x1
 1956 013d 13       		.uleb128 0x13
 1957 013e 00       		.byte	0
 1958 013f 00       		.byte	0
 1959 0140 19       		.uleb128 0x19
 1960 0141 898201   		.uleb128 0x4109
 1961 0144 01       		.byte	0x1
 1962 0145 11       		.uleb128 0x11
 1963 0146 01       		.uleb128 0x1
 1964 0147 31       		.uleb128 0x31
 1965 0148 13       		.uleb128 0x13
 1966 0149 01       		.uleb128 0x1
 1967 014a 13       		.uleb128 0x13
 1968 014b 00       		.byte	0
 1969 014c 00       		.byte	0
 1970 014d 1A       		.uleb128 0x1a
 1971 014e 8A8201   		.uleb128 0x410a
 1972 0151 00       		.byte	0
 1973 0152 02       		.uleb128 0x2
 1974 0153 0A       		.uleb128 0xa
 1975 0154 9142     		.uleb128 0x2111
 1976 0156 0A       		.uleb128 0xa
 1977 0157 00       		.byte	0
 1978 0158 00       		.byte	0
 1979 0159 1B       		.uleb128 0x1b
 1980 015a 898201   		.uleb128 0x4109
 1981 015d 01       		.byte	0x1
 1982 015e 11       		.uleb128 0x11
 1983 015f 01       		.uleb128 0x1
 1984 0160 9542     		.uleb128 0x2115
 1985 0162 0C       		.uleb128 0xc
 1986 0163 31       		.uleb128 0x31
 1987 0164 13       		.uleb128 0x13
ARM GAS  /tmp/ccTsFZoR.s 			page 36


 1988 0165 00       		.byte	0
 1989 0166 00       		.byte	0
 1990 0167 1C       		.uleb128 0x1c
 1991 0168 0B       		.uleb128 0xb
 1992 0169 01       		.byte	0x1
 1993 016a 11       		.uleb128 0x11
 1994 016b 01       		.uleb128 0x1
 1995 016c 12       		.uleb128 0x12
 1996 016d 01       		.uleb128 0x1
 1997 016e 01       		.uleb128 0x1
 1998 016f 13       		.uleb128 0x13
 1999 0170 00       		.byte	0
 2000 0171 00       		.byte	0
 2001 0172 1D       		.uleb128 0x1d
 2002 0173 0B       		.uleb128 0xb
 2003 0174 01       		.byte	0x1
 2004 0175 55       		.uleb128 0x55
 2005 0176 06       		.uleb128 0x6
 2006 0177 01       		.uleb128 0x1
 2007 0178 13       		.uleb128 0x13
 2008 0179 00       		.byte	0
 2009 017a 00       		.byte	0
 2010 017b 1E       		.uleb128 0x1e
 2011 017c 898201   		.uleb128 0x4109
 2012 017f 00       		.byte	0
 2013 0180 11       		.uleb128 0x11
 2014 0181 01       		.uleb128 0x1
 2015 0182 9542     		.uleb128 0x2115
 2016 0184 0C       		.uleb128 0xc
 2017 0185 31       		.uleb128 0x31
 2018 0186 13       		.uleb128 0x13
 2019 0187 00       		.byte	0
 2020 0188 00       		.byte	0
 2021 0189 1F       		.uleb128 0x1f
 2022 018a 05       		.uleb128 0x5
 2023 018b 00       		.byte	0
 2024 018c 03       		.uleb128 0x3
 2025 018d 08       		.uleb128 0x8
 2026 018e 3A       		.uleb128 0x3a
 2027 018f 0B       		.uleb128 0xb
 2028 0190 3B       		.uleb128 0x3b
 2029 0191 0B       		.uleb128 0xb
 2030 0192 49       		.uleb128 0x49
 2031 0193 13       		.uleb128 0x13
 2032 0194 02       		.uleb128 0x2
 2033 0195 0A       		.uleb128 0xa
 2034 0196 00       		.byte	0
 2035 0197 00       		.byte	0
 2036 0198 20       		.uleb128 0x20
 2037 0199 34       		.uleb128 0x34
 2038 019a 00       		.byte	0
 2039 019b 03       		.uleb128 0x3
 2040 019c 0E       		.uleb128 0xe
 2041 019d 3A       		.uleb128 0x3a
 2042 019e 0B       		.uleb128 0xb
 2043 019f 3B       		.uleb128 0x3b
 2044 01a0 0B       		.uleb128 0xb
ARM GAS  /tmp/ccTsFZoR.s 			page 37


 2045 01a1 49       		.uleb128 0x49
 2046 01a2 13       		.uleb128 0x13
 2047 01a3 3F       		.uleb128 0x3f
 2048 01a4 0C       		.uleb128 0xc
 2049 01a5 3C       		.uleb128 0x3c
 2050 01a6 0C       		.uleb128 0xc
 2051 01a7 00       		.byte	0
 2052 01a8 00       		.byte	0
 2053 01a9 21       		.uleb128 0x21
 2054 01aa 2E       		.uleb128 0x2e
 2055 01ab 00       		.byte	0
 2056 01ac 3F       		.uleb128 0x3f
 2057 01ad 0C       		.uleb128 0xc
 2058 01ae 03       		.uleb128 0x3
 2059 01af 0E       		.uleb128 0xe
 2060 01b0 3A       		.uleb128 0x3a
 2061 01b1 0B       		.uleb128 0xb
 2062 01b2 3B       		.uleb128 0x3b
 2063 01b3 0B       		.uleb128 0xb
 2064 01b4 27       		.uleb128 0x27
 2065 01b5 0C       		.uleb128 0xc
 2066 01b6 3C       		.uleb128 0x3c
 2067 01b7 0C       		.uleb128 0xc
 2068 01b8 00       		.byte	0
 2069 01b9 00       		.byte	0
 2070 01ba 22       		.uleb128 0x22
 2071 01bb 2E       		.uleb128 0x2e
 2072 01bc 01       		.byte	0x1
 2073 01bd 3F       		.uleb128 0x3f
 2074 01be 0C       		.uleb128 0xc
 2075 01bf 03       		.uleb128 0x3
 2076 01c0 0E       		.uleb128 0xe
 2077 01c1 3A       		.uleb128 0x3a
 2078 01c2 0B       		.uleb128 0xb
 2079 01c3 3B       		.uleb128 0x3b
 2080 01c4 05       		.uleb128 0x5
 2081 01c5 27       		.uleb128 0x27
 2082 01c6 0C       		.uleb128 0xc
 2083 01c7 3C       		.uleb128 0x3c
 2084 01c8 0C       		.uleb128 0xc
 2085 01c9 01       		.uleb128 0x1
 2086 01ca 13       		.uleb128 0x13
 2087 01cb 00       		.byte	0
 2088 01cc 00       		.byte	0
 2089 01cd 23       		.uleb128 0x23
 2090 01ce 05       		.uleb128 0x5
 2091 01cf 00       		.byte	0
 2092 01d0 49       		.uleb128 0x49
 2093 01d1 13       		.uleb128 0x13
 2094 01d2 00       		.byte	0
 2095 01d3 00       		.byte	0
 2096 01d4 00       		.byte	0
 2097              		.section	.debug_loc,"",%progbits
 2098              	.Ldebug_loc0:
 2099              	.LLST0:
 2100 0000 04000000 		.4byte	.LVL3
 2101 0004 06000000 		.4byte	.LVL4
ARM GAS  /tmp/ccTsFZoR.s 			page 38


 2102 0008 0300     		.2byte	0x3
 2103 000a 73       		.byte	0x73
 2104 000b 20       		.sleb128 32
 2105 000c 9F       		.byte	0x9f
 2106 000d 06000000 		.4byte	.LVL4
 2107 0011 0C000000 		.4byte	.LVL5
 2108 0015 0100     		.2byte	0x1
 2109 0017 53       		.byte	0x53
 2110 0018 00000000 		.4byte	0
 2111 001c 00000000 		.4byte	0
 2112              	.LLST1:
 2113 0020 10000000 		.4byte	.LVL6
 2114 0024 12000000 		.4byte	.LFE8
 2115 0028 0100     		.2byte	0x1
 2116 002a 53       		.byte	0x53
 2117 002b 00000000 		.4byte	0
 2118 002f 00000000 		.4byte	0
 2119              	.LLST2:
 2120 0033 00000000 		.4byte	.LFB9
 2121 0037 02000000 		.4byte	.LCFI0
 2122 003b 0200     		.2byte	0x2
 2123 003d 7D       		.byte	0x7d
 2124 003e 00       		.sleb128 0
 2125 003f 02000000 		.4byte	.LCFI0
 2126 0043 36000000 		.4byte	.LFE9
 2127 0047 0200     		.2byte	0x2
 2128 0049 7D       		.byte	0x7d
 2129 004a 08       		.sleb128 8
 2130 004b 00000000 		.4byte	0
 2131 004f 00000000 		.4byte	0
 2132              	.LLST3:
 2133 0053 06000000 		.4byte	.LVL11
 2134 0057 0A000000 		.4byte	.LVL12
 2135 005b 0100     		.2byte	0x1
 2136 005d 53       		.byte	0x53
 2137 005e 00000000 		.4byte	0
 2138 0062 00000000 		.4byte	0
 2139              	.LLST4:
 2140 0066 1A000000 		.4byte	.LVL13
 2141 006a 1E000000 		.4byte	.LVL14
 2142 006e 0300     		.2byte	0x3
 2143 0070 73       		.byte	0x73
 2144 0071 60       		.sleb128 -32
 2145 0072 9F       		.byte	0x9f
 2146 0073 1E000000 		.4byte	.LVL14
 2147 0077 2A000000 		.4byte	.LVL15
 2148 007b 0100     		.2byte	0x1
 2149 007d 52       		.byte	0x52
 2150 007e 2A000000 		.4byte	.LVL15
 2151 0082 4C000000 		.4byte	.LVL16
 2152 0086 0300     		.2byte	0x3
 2153 0088 73       		.byte	0x73
 2154 0089 60       		.sleb128 -32
 2155 008a 9F       		.byte	0x9f
 2156 008b 52000000 		.4byte	.LVL18
 2157 008f 74000000 		.4byte	.LFE10
 2158 0093 0300     		.2byte	0x3
ARM GAS  /tmp/ccTsFZoR.s 			page 39


 2159 0095 73       		.byte	0x73
 2160 0096 60       		.sleb128 -32
 2161 0097 9F       		.byte	0x9f
 2162 0098 00000000 		.4byte	0
 2163 009c 00000000 		.4byte	0
 2164              	.LLST5:
 2165 00a0 50000000 		.4byte	.LVL17
 2166 00a4 52000000 		.4byte	.LVL18
 2167 00a8 0100     		.2byte	0x1
 2168 00aa 53       		.byte	0x53
 2169 00ab 00000000 		.4byte	0
 2170 00af 00000000 		.4byte	0
 2171              	.LLST6:
 2172 00b3 00000000 		.4byte	.LFB7
 2173 00b7 02000000 		.4byte	.LCFI1
 2174 00bb 0200     		.2byte	0x2
 2175 00bd 7D       		.byte	0x7d
 2176 00be 00       		.sleb128 0
 2177 00bf 02000000 		.4byte	.LCFI1
 2178 00c3 2A000000 		.4byte	.LFE7
 2179 00c7 0200     		.2byte	0x2
 2180 00c9 7D       		.byte	0x7d
 2181 00ca 08       		.sleb128 8
 2182 00cb 00000000 		.4byte	0
 2183 00cf 00000000 		.4byte	0
 2184              	.LLST7:
 2185 00d3 0C000000 		.4byte	.LVL21
 2186 00d7 0F000000 		.4byte	.LVL22-1
 2187 00db 0100     		.2byte	0x1
 2188 00dd 53       		.byte	0x53
 2189 00de 00000000 		.4byte	0
 2190 00e2 00000000 		.4byte	0
 2191              	.LLST8:
 2192 00e6 1E000000 		.4byte	.LVL26
 2193 00ea 21000000 		.4byte	.LVL27-1
 2194 00ee 0100     		.2byte	0x1
 2195 00f0 53       		.byte	0x53
 2196 00f1 00000000 		.4byte	0
 2197 00f5 00000000 		.4byte	0
 2198              	.LLST9:
 2199 00f9 00000000 		.4byte	.LFB13
 2200 00fd 02000000 		.4byte	.LCFI2
 2201 0101 0200     		.2byte	0x2
 2202 0103 7D       		.byte	0x7d
 2203 0104 00       		.sleb128 0
 2204 0105 02000000 		.4byte	.LCFI2
 2205 0109 16000000 		.4byte	.LFE13
 2206 010d 0200     		.2byte	0x2
 2207 010f 7D       		.byte	0x7d
 2208 0110 08       		.sleb128 8
 2209 0111 00000000 		.4byte	0
 2210 0115 00000000 		.4byte	0
 2211              	.LLST10:
 2212 0119 0C000000 		.4byte	.LVL32
 2213 011d 16000000 		.4byte	.LFE13
 2214 0121 0100     		.2byte	0x1
 2215 0123 53       		.byte	0x53
ARM GAS  /tmp/ccTsFZoR.s 			page 40


 2216 0124 00000000 		.4byte	0
 2217 0128 00000000 		.4byte	0
 2218              		.section	.debug_aranges,"",%progbits
 2219 0000 4C000000 		.4byte	0x4c
 2220 0004 0200     		.2byte	0x2
 2221 0006 00000000 		.4byte	.Ldebug_info0
 2222 000a 04       		.byte	0x4
 2223 000b 00       		.byte	0
 2224 000c 0000     		.2byte	0
 2225 000e 0000     		.2byte	0
 2226 0010 00000000 		.4byte	.LFB11
 2227 0014 0E000000 		.4byte	.LFE11-.LFB11
 2228 0018 00000000 		.4byte	.LFB8
 2229 001c 12000000 		.4byte	.LFE8-.LFB8
 2230 0020 00000000 		.4byte	.LFB9
 2231 0024 36000000 		.4byte	.LFE9-.LFB9
 2232 0028 00000000 		.4byte	.LFB10
 2233 002c 74000000 		.4byte	.LFE10-.LFB10
 2234 0030 00000000 		.4byte	.LFB7
 2235 0034 2A000000 		.4byte	.LFE7-.LFB7
 2236 0038 00000000 		.4byte	.LFB12
 2237 003c 10000000 		.4byte	.LFE12-.LFB12
 2238 0040 00000000 		.4byte	.LFB13
 2239 0044 16000000 		.4byte	.LFE13-.LFB13
 2240 0048 00000000 		.4byte	0
 2241 004c 00000000 		.4byte	0
 2242              		.section	.debug_ranges,"",%progbits
 2243              	.Ldebug_ranges0:
 2244 0000 16000000 		.4byte	.LBB4
 2245 0004 4C000000 		.4byte	.LBE4
 2246 0008 52000000 		.4byte	.LBB6
 2247 000c 74000000 		.4byte	.LBE6
 2248 0010 00000000 		.4byte	0
 2249 0014 00000000 		.4byte	0
 2250 0018 00000000 		.4byte	.LFB11
 2251 001c 0E000000 		.4byte	.LFE11
 2252 0020 00000000 		.4byte	.LFB8
 2253 0024 12000000 		.4byte	.LFE8
 2254 0028 00000000 		.4byte	.LFB9
 2255 002c 36000000 		.4byte	.LFE9
 2256 0030 00000000 		.4byte	.LFB10
 2257 0034 74000000 		.4byte	.LFE10
 2258 0038 00000000 		.4byte	.LFB7
 2259 003c 2A000000 		.4byte	.LFE7
 2260 0040 00000000 		.4byte	.LFB12
 2261 0044 10000000 		.4byte	.LFE12
 2262 0048 00000000 		.4byte	.LFB13
 2263 004c 16000000 		.4byte	.LFE13
 2264 0050 00000000 		.4byte	0
 2265 0054 00000000 		.4byte	0
 2266              		.section	.debug_line,"",%progbits
 2267              	.Ldebug_line0:
 2268 0000 41020000 		.section	.debug_str,"MS",%progbits,1
 2268      02008901 
 2268      00000201 
 2268      FB0E0D00 
 2268      01010101 
ARM GAS  /tmp/ccTsFZoR.s 			page 41


 2269              	.LASF102:
 2270 0000 2E2E2F2E 		.ascii	"../../ChibiOS/os/ports/GCC/ARMCMx/chcore_v7m.c\000"
 2270      2E2F4368 
 2270      6962694F 
 2270      532F6F73 
 2270      2F706F72 
 2271              	.LASF37:
 2272 002f 705F6D73 		.ascii	"p_msg\000"
 2272      6700
 2273              	.LASF80:
 2274 0035 7264796D 		.ascii	"rdymsg\000"
 2274      736700
 2275              	.LASF11:
 2276 003c 75696E74 		.ascii	"uint64_t\000"
 2276      36345F74 
 2276      00
 2277              	.LASF68:
 2278 0045 434D785F 		.ascii	"CMx_SCB\000"
 2278      53434200 
 2279              	.LASF98:
 2280 004d 63685379 		.ascii	"chSysTimerHandlerI\000"
 2280      7354696D 
 2280      65724861 
 2280      6E646C65 
 2280      724900
 2281              	.LASF90:
 2282 0060 53797354 		.ascii	"SysTickVector\000"
 2282      69636B56 
 2282      6563746F 
 2282      7200
 2283              	.LASF12:
 2284 006e 6C6F6E67 		.ascii	"long long unsigned int\000"
 2284      206C6F6E 
 2284      6720756E 
 2284      7369676E 
 2284      65642069 
 2285              	.LASF81:
 2286 0085 65786974 		.ascii	"exitcode\000"
 2286      636F6465 
 2286      00
 2287              	.LASF53:
 2288 008e 43505549 		.ascii	"CPUID\000"
 2288      4400
 2289              	.LASF24:
 2290 0094 705F7072 		.ascii	"p_prio\000"
 2290      696F00
 2291              	.LASF103:
 2292 009b 2F686F6D 		.ascii	"/home/david/Projects/stm32/src/pressure_sensor\000"
 2292      652F6461 
 2292      7669642F 
 2292      50726F6A 
 2292      65637473 
 2293              	.LASF1:
 2294 00ca 7369676E 		.ascii	"signed char\000"
 2294      65642063 
 2294      68617200 
 2295              	.LASF99:
ARM GAS  /tmp/ccTsFZoR.s 			page 42


 2296 00d6 6462675F 		.ascii	"dbg_check_unlock_from_isr\000"
 2296      63686563 
 2296      6B5F756E 
 2296      6C6F636B 
 2296      5F66726F 
 2297              	.LASF41:
 2298 00f0 705F6D70 		.ascii	"p_mpool\000"
 2298      6F6F6C00 
 2299              	.LASF77:
 2300 00f8 6D5F7175 		.ascii	"m_queue\000"
 2300      65756500 
 2301              	.LASF16:
 2302 0100 74736C69 		.ascii	"tslices_t\000"
 2302      6365735F 
 2302      7400
 2303              	.LASF7:
 2304 010a 6C6F6E67 		.ascii	"long int\000"
 2304      20696E74 
 2304      00
 2305              	.LASF14:
 2306 0113 74737461 		.ascii	"tstate_t\000"
 2306      74655F74 
 2306      00
 2307              	.LASF92:
 2308 011c 5F706F72 		.ascii	"_port_thread_start\000"
 2308      745F7468 
 2308      72656164 
 2308      5F737461 
 2308      727400
 2309              	.LASF10:
 2310 012f 6C6F6E67 		.ascii	"long long int\000"
 2310      206C6F6E 
 2310      6720696E 
 2310      7400
 2311              	.LASF26:
 2312 013d 705F6E65 		.ascii	"p_newer\000"
 2312      77657200 
 2313              	.LASF63:
 2314 0145 42464152 		.ascii	"BFAR\000"
 2314      00
 2315              	.LASF72:
 2316 014a 725F6E65 		.ascii	"r_newer\000"
 2316      77657200 
 2317              	.LASF105:
 2318 0152 6E766963 		.ascii	"nvicSetSystemHandlerPriority\000"
 2318      53657453 
 2318      79737465 
 2318      6D48616E 
 2318      646C6572 
 2319              	.LASF44:
 2320 016f 72656761 		.ascii	"regarm_t\000"
 2320      726D5F74 
 2320      00
 2321              	.LASF94:
 2322 0178 63685363 		.ascii	"chSchDoReschedule\000"
 2322      68446F52 
 2322      65736368 
ARM GAS  /tmp/ccTsFZoR.s 			page 43


 2322      6564756C 
 2322      6500
 2323              	.LASF96:
 2324 018a 6462675F 		.ascii	"dbg_check_enter_isr\000"
 2324      63686563 
 2324      6B5F656E 
 2324      7465725F 
 2324      69737200 
 2325              	.LASF29:
 2326 019e 705F7374 		.ascii	"p_stklimit\000"
 2326      6B6C696D 
 2326      697400
 2327              	.LASF0:
 2328 01a9 756E7369 		.ascii	"unsigned int\000"
 2328      676E6564 
 2328      20696E74 
 2328      00
 2329              	.LASF47:
 2330 01b6 6C725F74 		.ascii	"lr_thd\000"
 2330      686400
 2331              	.LASF46:
 2332 01bd 65787463 		.ascii	"extctx\000"
 2332      747800
 2333              	.LASF91:
 2334 01c4 5F706F72 		.ascii	"_port_switch\000"
 2334      745F7377 
 2334      69746368 
 2334      00
 2335              	.LASF9:
 2336 01d1 6C6F6E67 		.ascii	"long unsigned int\000"
 2336      20756E73 
 2336      69676E65 
 2336      6420696E 
 2336      7400
 2337              	.LASF55:
 2338 01e3 56544F52 		.ascii	"VTOR\000"
 2338      00
 2339              	.LASF85:
 2340 01e8 5F706F72 		.ascii	"_port_switch_from_isr\000"
 2340      745F7377 
 2340      69746368 
 2340      5F66726F 
 2340      6D5F6973 
 2341              	.LASF50:
 2342 01fe 636F6E74 		.ascii	"context\000"
 2342      65787400 
 2343              	.LASF4:
 2344 0206 73686F72 		.ascii	"short unsigned int\000"
 2344      7420756E 
 2344      7369676E 
 2344      65642069 
 2344      6E7400
 2345              	.LASF54:
 2346 0219 49435352 		.ascii	"ICSR\000"
 2346      00
 2347              	.LASF18:
 2348 021e 6D73675F 		.ascii	"msg_t\000"
ARM GAS  /tmp/ccTsFZoR.s 			page 44


 2348      7400
 2349              	.LASF56:
 2350 0224 41495243 		.ascii	"AIRCR\000"
 2350      5200
 2351              	.LASF61:
 2352 022a 44465352 		.ascii	"DFSR\000"
 2352      00
 2353              	.LASF62:
 2354 022f 4D4D4641 		.ascii	"MMFAR\000"
 2354      5200
 2355              	.LASF89:
 2356 0235 5F706F72 		.ascii	"_port_irq_epilogue\000"
 2356      745F6972 
 2356      715F6570 
 2356      696C6F67 
 2356      756500
 2357              	.LASF13:
 2358 0248 746D6F64 		.ascii	"tmode_t\000"
 2358      655F7400 
 2359              	.LASF43:
 2360 0250 54687265 		.ascii	"ThreadsList\000"
 2360      6164734C 
 2360      69737400 
 2361              	.LASF19:
 2362 025c 6576656E 		.ascii	"eventmask_t\000"
 2362      746D6173 
 2362      6B5F7400 
 2363              	.LASF76:
 2364 0268 4D757465 		.ascii	"Mutex\000"
 2364      7800
 2365              	.LASF45:
 2366 026e 73746B61 		.ascii	"stkalign_t\000"
 2366      6C69676E 
 2366      5F7400
 2367              	.LASF52:
 2368 0279 73697A65 		.ascii	"sizetype\000"
 2368      74797065 
 2368      00
 2369              	.LASF93:
 2370 0282 6462675F 		.ascii	"dbg_check_lock\000"
 2370      63686563 
 2370      6B5F6C6F 
 2370      636B00
 2371              	.LASF59:
 2372 0291 43465352 		.ascii	"CFSR\000"
 2372      00
 2373              	.LASF27:
 2374 0296 705F6F6C 		.ascii	"p_older\000"
 2374      64657200 
 2375              	.LASF71:
 2376 029e 725F6374 		.ascii	"r_ctx\000"
 2376      7800
 2377              	.LASF42:
 2378 02a4 54687265 		.ascii	"ThreadsQueue\000"
 2378      61647351 
 2378      75657565 
 2378      00
ARM GAS  /tmp/ccTsFZoR.s 			page 45


 2379              	.LASF101:
 2380 02b1 474E5520 		.ascii	"GNU C 4.7.2\000"
 2380      4320342E 
 2380      372E3200 
 2381              	.LASF74:
 2382 02bd 725F6375 		.ascii	"r_current\000"
 2382      7272656E 
 2382      7400
 2383              	.LASF73:
 2384 02c7 725F6F6C 		.ascii	"r_older\000"
 2384      64657200 
 2385              	.LASF95:
 2386 02cf 6462675F 		.ascii	"dbg_check_unlock\000"
 2386      63686563 
 2386      6B5F756E 
 2386      6C6F636B 
 2386      00
 2387              	.LASF15:
 2388 02e0 74726566 		.ascii	"trefs_t\000"
 2388      735F7400 
 2389              	.LASF87:
 2390 02e8 63747870 		.ascii	"ctxp\000"
 2390      00
 2391              	.LASF23:
 2392 02ed 705F7072 		.ascii	"p_prev\000"
 2392      657600
 2393              	.LASF17:
 2394 02f4 74707269 		.ascii	"tprio_t\000"
 2394      6F5F7400 
 2395              	.LASF6:
 2396 02fc 696E7433 		.ascii	"int32_t\000"
 2396      325F7400 
 2397              	.LASF2:
 2398 0304 756E7369 		.ascii	"unsigned char\000"
 2398      676E6564 
 2398      20636861 
 2398      7200
 2399              	.LASF58:
 2400 0312 53484353 		.ascii	"SHCSR\000"
 2400      5200
 2401              	.LASF39:
 2402 0318 705F6D74 		.ascii	"p_mtxlist\000"
 2402      786C6973 
 2402      7400
 2403              	.LASF3:
 2404 0322 73686F72 		.ascii	"short int\000"
 2404      7420696E 
 2404      7400
 2405              	.LASF30:
 2406 032c 705F7374 		.ascii	"p_state\000"
 2406      61746500 
 2407              	.LASF33:
 2408 0334 705F7072 		.ascii	"p_preempt\000"
 2408      65656D70 
 2408      7400
 2409              	.LASF48:
 2410 033e 78707372 		.ascii	"xpsr\000"
ARM GAS  /tmp/ccTsFZoR.s 			page 46


 2410      00
 2411              	.LASF70:
 2412 0343 725F7072 		.ascii	"r_prio\000"
 2412      696F00
 2413              	.LASF83:
 2414 034a 65776D61 		.ascii	"ewmask\000"
 2414      736B00
 2415              	.LASF22:
 2416 0351 705F6E65 		.ascii	"p_next\000"
 2416      787400
 2417              	.LASF31:
 2418 0358 705F666C 		.ascii	"p_flags\000"
 2418      61677300 
 2419              	.LASF21:
 2420 0360 54687265 		.ascii	"Thread\000"
 2420      616400
 2421              	.LASF38:
 2422 0367 705F6570 		.ascii	"p_epending\000"
 2422      656E6469 
 2422      6E6700
 2423              	.LASF8:
 2424 0372 75696E74 		.ascii	"uint32_t\000"
 2424      33325F74 
 2424      00
 2425              	.LASF69:
 2426 037b 725F7175 		.ascii	"r_queue\000"
 2426      65756500 
 2427              	.LASF64:
 2428 0383 41465352 		.ascii	"AFSR\000"
 2428      00
 2429              	.LASF66:
 2430 0388 756E7573 		.ascii	"unused1\000"
 2430      65643100 
 2431              	.LASF84:
 2432 0390 63686172 		.ascii	"char\000"
 2432      00
 2433              	.LASF51:
 2434 0395 494F5245 		.ascii	"IOREG32\000"
 2434      47333200 
 2435              	.LASF79:
 2436 039d 6D5F6E65 		.ascii	"m_next\000"
 2436      787400
 2437              	.LASF20:
 2438 03a4 73797374 		.ascii	"systime_t\000"
 2438      696D655F 
 2438      7400
 2439              	.LASF40:
 2440 03ae 705F7265 		.ascii	"p_realprio\000"
 2440      616C7072 
 2440      696F00
 2441              	.LASF86:
 2442 03b9 53564361 		.ascii	"SVCallVector\000"
 2442      6C6C5665 
 2442      63746F72 
 2442      00
 2443              	.LASF34:
 2444 03c6 705F7469 		.ascii	"p_time\000"
ARM GAS  /tmp/ccTsFZoR.s 			page 47


 2444      6D6500
 2445              	.LASF57:
 2446 03cd 53485052 		.ascii	"SHPR\000"
 2446      00
 2447              	.LASF100:
 2448 03d2 6462675F 		.ascii	"dbg_check_leave_isr\000"
 2448      63686563 
 2448      6B5F6C65 
 2448      6176655F 
 2448      69737200 
 2449              	.LASF49:
 2450 03e6 696E7463 		.ascii	"intctx\000"
 2450      747800
 2451              	.LASF36:
 2452 03ed 705F6D73 		.ascii	"p_msgqueue\000"
 2452      67717565 
 2452      756500
 2453              	.LASF32:
 2454 03f8 705F7265 		.ascii	"p_refs\000"
 2454      667300
 2455              	.LASF75:
 2456 03ff 52656164 		.ascii	"ReadyList\000"
 2456      794C6973 
 2456      7400
 2457              	.LASF65:
 2458 0409 4D4D4652 		.ascii	"MMFR\000"
 2458      00
 2459              	.LASF104:
 2460 040e 726C6973 		.ascii	"rlist\000"
 2460      7400
 2461              	.LASF5:
 2462 0414 75696E74 		.ascii	"uint8_t\000"
 2462      385F7400 
 2463              	.LASF88:
 2464 041c 5F706F72 		.ascii	"_port_init\000"
 2464      745F696E 
 2464      697400
 2465              	.LASF97:
 2466 0427 6462675F 		.ascii	"dbg_check_lock_from_isr\000"
 2466      63686563 
 2466      6B5F6C6F 
 2466      636B5F66 
 2466      726F6D5F 
 2467              	.LASF82:
 2468 043f 77746F62 		.ascii	"wtobjp\000"
 2468      6A7000
 2469              	.LASF28:
 2470 0446 705F6E61 		.ascii	"p_name\000"
 2470      6D6500
 2471              	.LASF67:
 2472 044d 43504143 		.ascii	"CPACR\000"
 2472      5200
 2473              	.LASF60:
 2474 0453 48465352 		.ascii	"HFSR\000"
 2474      00
 2475              	.LASF78:
 2476 0458 6D5F6F77 		.ascii	"m_owner\000"
ARM GAS  /tmp/ccTsFZoR.s 			page 48


 2476      6E657200 
 2477              	.LASF25:
 2478 0460 705F6374 		.ascii	"p_ctx\000"
 2478      7800
 2479              	.LASF35:
 2480 0466 705F7761 		.ascii	"p_waiting\000"
 2480      6974696E 
 2480      6700
 2481              		.ident	"GCC: (crosstool-NG 1.17.0 - PSAS ST32F4 GFE) 4.7.2"
ARM GAS  /tmp/ccTsFZoR.s 			page 49


DEFINED SYMBOLS
                            *ABS*:0000000000000000 chcore_v7m.c
     /tmp/ccTsFZoR.s:21     .text._port_switch_from_isr:0000000000000000 $t
     /tmp/ccTsFZoR.s:27     .text._port_switch_from_isr:0000000000000000 _port_switch_from_isr
     /tmp/ccTsFZoR.s:46     .text._port_switch_from_isr:000000000000000c _port_exit_from_isr
     /tmp/ccTsFZoR.s:58     .text.SVCallVector:0000000000000000 $t
     /tmp/ccTsFZoR.s:64     .text.SVCallVector:0000000000000000 SVCallVector
     /tmp/ccTsFZoR.s:100    .text._port_init:0000000000000000 $t
     /tmp/ccTsFZoR.s:106    .text._port_init:0000000000000000 _port_init
     /tmp/ccTsFZoR.s:151    .text._port_irq_epilogue:0000000000000000 $t
     /tmp/ccTsFZoR.s:157    .text._port_irq_epilogue:0000000000000000 _port_irq_epilogue
     /tmp/ccTsFZoR.s:252    .text._port_irq_epilogue:0000000000000068 $d
     /tmp/ccTsFZoR.s:260    .text.SysTickVector:0000000000000000 $t
     /tmp/ccTsFZoR.s:266    .text.SysTickVector:0000000000000000 SysTickVector
     /tmp/ccTsFZoR.s:319    .text._port_switch:0000000000000000 $t
     /tmp/ccTsFZoR.s:325    .text._port_switch:0000000000000000 _port_switch
     /tmp/ccTsFZoR.s:352    .text._port_thread_start:0000000000000000 $t
     /tmp/ccTsFZoR.s:358    .text._port_thread_start:0000000000000000 _port_thread_start
                     .debug_frame:0000000000000010 $d
     /tmp/ccTsFZoR.s:259    .text._port_irq_epilogue:0000000000000074 $t

UNDEFINED SYMBOLS
dbg_check_lock
chSchDoReschedule
dbg_check_unlock
nvicSetSystemHandlerPriority
rlist
dbg_check_enter_isr
dbg_check_lock_from_isr
chSysTimerHandlerI
dbg_check_unlock_from_isr
dbg_check_leave_isr
chThdExit
