ARM GAS  /tmp/ccmUJEC1.s 			page 1


   1              		.syntax unified
   2              		.cpu cortex-m4
   3              		.eabi_attribute 27, 3
   4              		.eabi_attribute 28, 1
   5              		.fpu fpv4-sp-d16
   6              		.eabi_attribute 20, 1
   7              		.eabi_attribute 21, 1
   8              		.eabi_attribute 23, 3
   9              		.eabi_attribute 24, 1
  10              		.eabi_attribute 25, 1
  11              		.eabi_attribute 26, 1
  12              		.eabi_attribute 30, 2
  13              		.eabi_attribute 34, 1
  14              		.eabi_attribute 18, 4
  15              		.thumb
  16              		.file	"chcore.c"
  17              		.text
  18              	.Ltext0:
  19              		.cfi_sections	.debug_frame
  20              		.section	.text.port_halt,"ax",%progbits
  21              		.align	2
  22              		.p2align 4,,15
  23              		.weak	port_halt
  24              		.thumb
  25              		.thumb_func
  26              		.type	port_halt, %function
  27              	port_halt:
  28              	.LFB7:
  29              		.file 1 "../../ChibiOS/os/ports/GCC/ARMCMx/chcore.c"
  30              		.loc 1 39 0
  31              		.cfi_startproc
  32              		@ args = 0, pretend = 0, frame = 0
  33              		@ frame_needed = 0, uses_anonymous_args = 0
  34              		@ link register save eliminated.
  35              		.loc 1 41 0
  36              	@ 41 "../../ChibiOS/os/ports/GCC/ARMCMx/chcore.c" 1
  37 0000 72B6     		cpsid   i
  38              	@ 0 "" 2
  39              		.thumb
  40              	.L2:
  41 0002 FEE7     		b	.L2
  42              		.cfi_endproc
  43              	.LFE7:
  44              		.size	port_halt, .-port_halt
  45 0004 AFF30080 		.text
  45      AFF30080 
  45      AFF30080 
  46              	.Letext0:
  47              		.section	.debug_info,"",%progbits
  48              	.Ldebug_info0:
  49 0000 8F000000 		.4byte	0x8f
  50 0004 0200     		.2byte	0x2
  51 0006 00000000 		.4byte	.Ldebug_abbrev0
  52 000a 04       		.byte	0x4
  53 000b 01       		.uleb128 0x1
  54 000c 1B000000 		.4byte	.LASF11
  55 0010 01       		.byte	0x1
ARM GAS  /tmp/ccmUJEC1.s 			page 2


  56 0011 92000000 		.4byte	.LASF12
  57 0015 50000000 		.4byte	.LASF13
  58 0019 00000000 		.4byte	.Ldebug_ranges0+0
  59 001d 00000000 		.4byte	0
  60 0021 00000000 		.4byte	0
  61 0025 00000000 		.4byte	.Ldebug_line0
  62 0029 02       		.uleb128 0x2
  63 002a 04       		.byte	0x4
  64 002b 05       		.byte	0x5
  65 002c 696E7400 		.ascii	"int\000"
  66 0030 03       		.uleb128 0x3
  67 0031 04       		.byte	0x4
  68 0032 07       		.byte	0x7
  69 0033 0E000000 		.4byte	.LASF0
  70 0037 03       		.uleb128 0x3
  71 0038 01       		.byte	0x1
  72 0039 06       		.byte	0x6
  73 003a D9000000 		.4byte	.LASF1
  74 003e 03       		.uleb128 0x3
  75 003f 01       		.byte	0x1
  76 0040 08       		.byte	0x8
  77 0041 7F000000 		.4byte	.LASF2
  78 0045 03       		.uleb128 0x3
  79 0046 02       		.byte	0x2
  80 0047 05       		.byte	0x5
  81 0048 EF000000 		.4byte	.LASF3
  82 004c 03       		.uleb128 0x3
  83 004d 02       		.byte	0x2
  84 004e 07       		.byte	0x7
  85 004f C6000000 		.4byte	.LASF4
  86 0053 03       		.uleb128 0x3
  87 0054 04       		.byte	0x4
  88 0055 05       		.byte	0x5
  89 0056 BD000000 		.4byte	.LASF5
  90 005a 03       		.uleb128 0x3
  91 005b 04       		.byte	0x4
  92 005c 07       		.byte	0x7
  93 005d 27000000 		.4byte	.LASF6
  94 0061 03       		.uleb128 0x3
  95 0062 08       		.byte	0x8
  96 0063 05       		.byte	0x5
  97 0064 00000000 		.4byte	.LASF7
  98 0068 03       		.uleb128 0x3
  99 0069 08       		.byte	0x8
 100 006a 07       		.byte	0x7
 101 006b 39000000 		.4byte	.LASF8
 102 006f 03       		.uleb128 0x3
 103 0070 04       		.byte	0x4
 104 0071 07       		.byte	0x7
 105 0072 F9000000 		.4byte	.LASF9
 106 0076 03       		.uleb128 0x3
 107 0077 01       		.byte	0x1
 108 0078 08       		.byte	0x8
 109 0079 8D000000 		.4byte	.LASF10
 110 007d 04       		.uleb128 0x4
 111 007e 01       		.byte	0x1
 112 007f E5000000 		.4byte	.LASF14
ARM GAS  /tmp/ccmUJEC1.s 			page 3


 113 0083 01       		.byte	0x1
 114 0084 27       		.byte	0x27
 115 0085 01       		.byte	0x1
 116 0086 00000000 		.4byte	.LFB7
 117 008a 04000000 		.4byte	.LFE7
 118 008e 02       		.byte	0x2
 119 008f 7D       		.byte	0x7d
 120 0090 00       		.sleb128 0
 121 0091 01       		.byte	0x1
 122 0092 00       		.byte	0
 123              		.section	.debug_abbrev,"",%progbits
 124              	.Ldebug_abbrev0:
 125 0000 01       		.uleb128 0x1
 126 0001 11       		.uleb128 0x11
 127 0002 01       		.byte	0x1
 128 0003 25       		.uleb128 0x25
 129 0004 0E       		.uleb128 0xe
 130 0005 13       		.uleb128 0x13
 131 0006 0B       		.uleb128 0xb
 132 0007 03       		.uleb128 0x3
 133 0008 0E       		.uleb128 0xe
 134 0009 1B       		.uleb128 0x1b
 135 000a 0E       		.uleb128 0xe
 136 000b 55       		.uleb128 0x55
 137 000c 06       		.uleb128 0x6
 138 000d 11       		.uleb128 0x11
 139 000e 01       		.uleb128 0x1
 140 000f 52       		.uleb128 0x52
 141 0010 01       		.uleb128 0x1
 142 0011 10       		.uleb128 0x10
 143 0012 06       		.uleb128 0x6
 144 0013 00       		.byte	0
 145 0014 00       		.byte	0
 146 0015 02       		.uleb128 0x2
 147 0016 24       		.uleb128 0x24
 148 0017 00       		.byte	0
 149 0018 0B       		.uleb128 0xb
 150 0019 0B       		.uleb128 0xb
 151 001a 3E       		.uleb128 0x3e
 152 001b 0B       		.uleb128 0xb
 153 001c 03       		.uleb128 0x3
 154 001d 08       		.uleb128 0x8
 155 001e 00       		.byte	0
 156 001f 00       		.byte	0
 157 0020 03       		.uleb128 0x3
 158 0021 24       		.uleb128 0x24
 159 0022 00       		.byte	0
 160 0023 0B       		.uleb128 0xb
 161 0024 0B       		.uleb128 0xb
 162 0025 3E       		.uleb128 0x3e
 163 0026 0B       		.uleb128 0xb
 164 0027 03       		.uleb128 0x3
 165 0028 0E       		.uleb128 0xe
 166 0029 00       		.byte	0
 167 002a 00       		.byte	0
 168 002b 04       		.uleb128 0x4
 169 002c 2E       		.uleb128 0x2e
ARM GAS  /tmp/ccmUJEC1.s 			page 4


 170 002d 00       		.byte	0
 171 002e 3F       		.uleb128 0x3f
 172 002f 0C       		.uleb128 0xc
 173 0030 03       		.uleb128 0x3
 174 0031 0E       		.uleb128 0xe
 175 0032 3A       		.uleb128 0x3a
 176 0033 0B       		.uleb128 0xb
 177 0034 3B       		.uleb128 0x3b
 178 0035 0B       		.uleb128 0xb
 179 0036 27       		.uleb128 0x27
 180 0037 0C       		.uleb128 0xc
 181 0038 11       		.uleb128 0x11
 182 0039 01       		.uleb128 0x1
 183 003a 12       		.uleb128 0x12
 184 003b 01       		.uleb128 0x1
 185 003c 40       		.uleb128 0x40
 186 003d 0A       		.uleb128 0xa
 187 003e 9742     		.uleb128 0x2117
 188 0040 0C       		.uleb128 0xc
 189 0041 00       		.byte	0
 190 0042 00       		.byte	0
 191 0043 00       		.byte	0
 192              		.section	.debug_aranges,"",%progbits
 193 0000 1C000000 		.4byte	0x1c
 194 0004 0200     		.2byte	0x2
 195 0006 00000000 		.4byte	.Ldebug_info0
 196 000a 04       		.byte	0x4
 197 000b 00       		.byte	0
 198 000c 0000     		.2byte	0
 199 000e 0000     		.2byte	0
 200 0010 00000000 		.4byte	.LFB7
 201 0014 04000000 		.4byte	.LFE7-.LFB7
 202 0018 00000000 		.4byte	0
 203 001c 00000000 		.4byte	0
 204              		.section	.debug_ranges,"",%progbits
 205              	.Ldebug_ranges0:
 206 0000 00000000 		.4byte	.LFB7
 207 0004 04000000 		.4byte	.LFE7
 208 0008 00000000 		.4byte	0
 209 000c 00000000 		.4byte	0
 210              		.section	.debug_line,"",%progbits
 211              	.Ldebug_line0:
 212 0000 57000000 		.section	.debug_str,"MS",%progbits,1
 212      02004100 
 212      00000201 
 212      FB0E0D00 
 212      01010101 
 213              	.LASF7:
 214 0000 6C6F6E67 		.ascii	"long long int\000"
 214      206C6F6E 
 214      6720696E 
 214      7400
 215              	.LASF0:
 216 000e 756E7369 		.ascii	"unsigned int\000"
 216      676E6564 
 216      20696E74 
 216      00
ARM GAS  /tmp/ccmUJEC1.s 			page 5


 217              	.LASF11:
 218 001b 474E5520 		.ascii	"GNU C 4.7.2\000"
 218      4320342E 
 218      372E3200 
 219              	.LASF6:
 220 0027 6C6F6E67 		.ascii	"long unsigned int\000"
 220      20756E73 
 220      69676E65 
 220      6420696E 
 220      7400
 221              	.LASF8:
 222 0039 6C6F6E67 		.ascii	"long long unsigned int\000"
 222      206C6F6E 
 222      6720756E 
 222      7369676E 
 222      65642069 
 223              	.LASF13:
 224 0050 2F686F6D 		.ascii	"/home/david/Projects/stm32/src/pressure_sensor\000"
 224      652F6461 
 224      7669642F 
 224      50726F6A 
 224      65637473 
 225              	.LASF2:
 226 007f 756E7369 		.ascii	"unsigned char\000"
 226      676E6564 
 226      20636861 
 226      7200
 227              	.LASF10:
 228 008d 63686172 		.ascii	"char\000"
 228      00
 229              	.LASF12:
 230 0092 2E2E2F2E 		.ascii	"../../ChibiOS/os/ports/GCC/ARMCMx/chcore.c\000"
 230      2E2F4368 
 230      6962694F 
 230      532F6F73 
 230      2F706F72 
 231              	.LASF5:
 232 00bd 6C6F6E67 		.ascii	"long int\000"
 232      20696E74 
 232      00
 233              	.LASF4:
 234 00c6 73686F72 		.ascii	"short unsigned int\000"
 234      7420756E 
 234      7369676E 
 234      65642069 
 234      6E7400
 235              	.LASF1:
 236 00d9 7369676E 		.ascii	"signed char\000"
 236      65642063 
 236      68617200 
 237              	.LASF14:
 238 00e5 706F7274 		.ascii	"port_halt\000"
 238      5F68616C 
 238      7400
 239              	.LASF3:
 240 00ef 73686F72 		.ascii	"short int\000"
 240      7420696E 
ARM GAS  /tmp/ccmUJEC1.s 			page 6


 240      7400
 241              	.LASF9:
 242 00f9 73697A65 		.ascii	"sizetype\000"
 242      74797065 
 242      00
 243              		.ident	"GCC: (crosstool-NG 1.17.0 - PSAS ST32F4 GFE) 4.7.2"
ARM GAS  /tmp/ccmUJEC1.s 			page 7


DEFINED SYMBOLS
                            *ABS*:0000000000000000 chcore.c
     /tmp/ccmUJEC1.s:21     .text.port_halt:0000000000000000 $t
     /tmp/ccmUJEC1.s:27     .text.port_halt:0000000000000000 port_halt
                     .debug_frame:0000000000000010 $d

NO UNDEFINED SYMBOLS
