ARM GAS  /tmp/ccblQE5v.s 			page 1


   1              		.syntax unified
   2              		.cpu cortex-m4
   3              		.eabi_attribute 27, 3
   4              		.eabi_attribute 28, 1
   5              		.fpu fpv4-sp-d16
   6              		.eabi_attribute 20, 1
   7              		.eabi_attribute 21, 1
   8              		.eabi_attribute 23, 3
   9              		.eabi_attribute 24, 1
  10              		.eabi_attribute 25, 1
  11              		.eabi_attribute 26, 1
  12              		.eabi_attribute 30, 2
  13              		.eabi_attribute 34, 1
  14              		.eabi_attribute 18, 4
  15              		.thumb
  16              		.file	"chmsg.c"
  17              		.text
  18              	.Ltext0:
  19              		.cfi_sections	.debug_frame
  20              		.section	.text.chMsgSend,"ax",%progbits
  21              		.align	2
  22              		.p2align 4,,15
  23              		.global	chMsgSend
  24              		.thumb
  25              		.thumb_func
  26              		.type	chMsgSend, %function
  27              	chMsgSend:
  28              	.LFB7:
  29              		.file 1 "../../ChibiOS/os/kernel/src/chmsg.c"
  30              		.loc 1 68 0
  31              		.cfi_startproc
  32              		@ args = 0, pretend = 0, frame = 0
  33              		@ frame_needed = 0, uses_anonymous_args = 0
  34              	.LVL0:
  35              		.loc 1 69 0
  36 0000 154B     		ldr	r3, .L7
  37              		.loc 1 68 0
  38 0002 70B5     		push	{r4, r5, r6, lr}
  39              	.LCFI0:
  40              		.cfi_def_cfa_offset 16
  41              		.cfi_offset 4, -16
  42              		.cfi_offset 5, -12
  43              		.cfi_offset 6, -8
  44              		.cfi_offset 14, -4
  45              		.loc 1 71 0
  46 0004 0546     		mov	r5, r0
  47              		.loc 1 68 0
  48 0006 0E46     		mov	r6, r1
  49              		.loc 1 69 0
  50 0008 9C69     		ldr	r4, [r3, #24]
  51              	.LVL1:
  52              		.loc 1 71 0
  53 000a 00B3     		cbz	r0, .L5
  54              	.LVL2:
  55              	.L2:
  56              	.LBB10:
  57              		.loc 1 73 0
ARM GAS  /tmp/ccblQE5v.s 			page 2


  58 000c 2023     		movs	r3, #32
  59              	.LVL3:
  60              	@ 73 "../../ChibiOS/os/kernel/src/chmsg.c" 1
  61 000e 83F31188 		msr     BASEPRI, r3
  62              	@ 0 "" 2
  63              	.LVL4:
  64              		.thumb
  65              	.LBE10:
  66 0012 FFF7FEFF 		bl	dbg_check_lock
  67              	.LVL5:
  68              		.loc 1 75 0
  69 0016 05F13002 		add	r2, r5, #48
  70 001a A262     		str	r2, [r4, #40]
  71              	.LVL6:
  72              		.loc 1 77 0
  73 001c 95F82010 		ldrb	r1, [r5, #32]	@ zero_extendqisi2
  74              	.LBB11:
  75              	.LBB12:
  76              		.file 2 "../../ChibiOS/os/kernel/include/chinline.h"
  77              		.loc 2 48 0
  78 0020 6B6B     		ldr	r3, [r5, #52]
  79              		.loc 2 47 0
  80 0022 2260     		str	r2, [r4, #0]
  81              	.LBE12:
  82              	.LBE11:
  83              		.loc 1 77 0
  84 0024 0C29     		cmp	r1, #12
  85              		.loc 1 74 0
  86 0026 A663     		str	r6, [r4, #56]
  87              	.LBB14:
  88              	.LBB13:
  89              		.loc 2 48 0
  90 0028 6360     		str	r3, [r4, #4]
  91              		.loc 2 49 0
  92 002a 6C63     		str	r4, [r5, #52]
  93 002c 1C60     		str	r4, [r3, #0]
  94              	.LBE13:
  95              	.LBE14:
  96              		.loc 1 77 0
  97 002e 0AD0     		beq	.L6
  98              	.LVL7:
  99              	.L3:
 100              		.loc 1 79 0
 101 0030 0A20     		movs	r0, #10
 102 0032 FFF7FEFF 		bl	chSchGoSleepS
 103              	.LVL8:
 104              		.loc 1 80 0
 105 0036 A46A     		ldr	r4, [r4, #40]
 106              	.LVL9:
 107              		.loc 1 81 0
 108 0038 FFF7FEFF 		bl	dbg_check_unlock
 109              	.LVL10:
 110              	.LBB15:
 111 003c 0023     		movs	r3, #0
 112              	.LVL11:
 113              	@ 81 "../../ChibiOS/os/kernel/src/chmsg.c" 1
 114 003e 83F31188 		msr     BASEPRI, r3
ARM GAS  /tmp/ccblQE5v.s 			page 3


 115              	@ 0 "" 2
 116              	.LVL12:
 117              		.thumb
 118              	.LBE15:
 119              		.loc 1 83 0
 120 0042 2046     		mov	r0, r4
 121 0044 70BD     		pop	{r4, r5, r6, pc}
 122              	.LVL13:
 123              	.L6:
 124              		.loc 1 78 0
 125 0046 2846     		mov	r0, r5
 126 0048 FFF7FEFF 		bl	chSchReadyI
 127              	.LVL14:
 128 004c F0E7     		b	.L3
 129              	.LVL15:
 130              	.L5:
 131              		.loc 1 71 0 discriminator 1
 132 004e 0348     		ldr	r0, .L7+4
 133              	.LVL16:
 134 0050 FFF7FEFF 		bl	chDbgPanic
 135              	.LVL17:
 136 0054 DAE7     		b	.L2
 137              	.L8:
 138 0056 00BF     		.align	2
 139              	.L7:
 140 0058 00000000 		.word	rlist
 141 005c 00000000 		.word	.LC0
 142              		.cfi_endproc
 143              	.LFE7:
 144              		.size	chMsgSend, .-chMsgSend
 145              		.section	.text.chMsgWait,"ax",%progbits
 146              		.align	2
 147              		.p2align 4,,15
 148              		.global	chMsgWait
 149              		.thumb
 150              		.thumb_func
 151              		.type	chMsgWait, %function
 152              	chMsgWait:
 153              	.LFB8:
 154              		.loc 1 99 0
 155              		.cfi_startproc
 156              		@ args = 0, pretend = 0, frame = 0
 157              		@ frame_needed = 0, uses_anonymous_args = 0
 158 0000 38B5     		push	{r3, r4, r5, lr}
 159              	.LCFI1:
 160              		.cfi_def_cfa_offset 16
 161              		.cfi_offset 3, -16
 162              		.cfi_offset 4, -12
 163              		.cfi_offset 5, -8
 164              		.cfi_offset 14, -4
 165              	.LBB16:
 166              		.loc 1 102 0
 167 0002 2023     		movs	r3, #32
 168              	.LVL18:
 169              	@ 102 "../../ChibiOS/os/kernel/src/chmsg.c" 1
 170 0004 83F31188 		msr     BASEPRI, r3
 171              	@ 0 "" 2
ARM GAS  /tmp/ccblQE5v.s 			page 4


 172              	.LVL19:
 173              		.thumb
 174              	.LBE16:
 175              		.loc 1 103 0
 176 0008 0E4D     		ldr	r5, .L12
 177              		.loc 1 102 0
 178 000a FFF7FEFF 		bl	dbg_check_lock
 179              	.LVL20:
 180              		.loc 1 103 0
 181 000e AA69     		ldr	r2, [r5, #24]
 182 0010 1346     		mov	r3, r2
 183 0012 53F8304F 		ldr	r4, [r3, #48]!
 184 0016 9C42     		cmp	r4, r3
 185 0018 0CD0     		beq	.L11
 186              	.L10:
 187              	.LVL21:
 188              	.LBB17:
 189              	.LBB18:
 190              		.loc 2 55 0
 191 001a 2168     		ldr	r1, [r4, #0]
 192 001c 1163     		str	r1, [r2, #48]
 193 001e 4B60     		str	r3, [r1, #4]
 194              	.LBE18:
 195              	.LBE17:
 196              		.loc 1 106 0
 197 0020 0B23     		movs	r3, #11
 198 0022 84F82030 		strb	r3, [r4, #32]
 199              		.loc 1 107 0
 200 0026 FFF7FEFF 		bl	dbg_check_unlock
 201              	.LVL22:
 202              	.LBB19:
 203 002a 0023     		movs	r3, #0
 204              	.LVL23:
 205              	@ 107 "../../ChibiOS/os/kernel/src/chmsg.c" 1
 206 002c 83F31188 		msr     BASEPRI, r3
 207              	@ 0 "" 2
 208              	.LVL24:
 209              		.thumb
 210              	.LBE19:
 211              		.loc 1 109 0
 212 0030 2046     		mov	r0, r4
 213 0032 38BD     		pop	{r3, r4, r5, pc}
 214              	.LVL25:
 215              	.L11:
 216              		.loc 1 104 0
 217 0034 0C20     		movs	r0, #12
 218 0036 FFF7FEFF 		bl	chSchGoSleepS
 219              	.LVL26:
 220 003a AA69     		ldr	r2, [r5, #24]
 221 003c 1346     		mov	r3, r2
 222 003e 53F8304F 		ldr	r4, [r3, #48]!
 223 0042 EAE7     		b	.L10
 224              	.L13:
 225              		.align	2
 226              	.L12:
 227 0044 00000000 		.word	rlist
 228              		.cfi_endproc
ARM GAS  /tmp/ccblQE5v.s 			page 5


 229              	.LFE8:
 230              		.size	chMsgWait, .-chMsgWait
 231 0048 AFF30080 		.section	.text.chMsgRelease,"ax",%progbits
 231      AFF30080 
 232              		.align	2
 233              		.p2align 4,,15
 234              		.global	chMsgRelease
 235              		.thumb
 236              		.thumb_func
 237              		.type	chMsgRelease, %function
 238              	chMsgRelease:
 239              	.LFB9:
 240              		.loc 1 121 0
 241              		.cfi_startproc
 242              		@ args = 0, pretend = 0, frame = 0
 243              		@ frame_needed = 0, uses_anonymous_args = 0
 244              	.LVL27:
 245 0000 38B5     		push	{r3, r4, r5, lr}
 246              	.LCFI2:
 247              		.cfi_def_cfa_offset 16
 248              		.cfi_offset 3, -16
 249              		.cfi_offset 4, -12
 250              		.cfi_offset 5, -8
 251              		.cfi_offset 14, -4
 252              		.loc 1 121 0
 253 0002 0446     		mov	r4, r0
 254 0004 0D46     		mov	r5, r1
 255              	.LBB20:
 256              		.loc 1 123 0
 257 0006 2023     		movs	r3, #32
 258              	.LVL28:
 259              	@ 123 "../../ChibiOS/os/kernel/src/chmsg.c" 1
 260 0008 83F31188 		msr     BASEPRI, r3
 261              	@ 0 "" 2
 262              	.LVL29:
 263              		.thumb
 264              	.LBE20:
 265 000c FFF7FEFF 		bl	dbg_check_lock
 266              	.LVL30:
 267              		.loc 1 124 0
 268 0010 94F82030 		ldrb	r3, [r4, #32]	@ zero_extendqisi2
 269 0014 0B2B     		cmp	r3, #11
 270 0016 02D0     		beq	.L15
 271              		.loc 1 124 0 is_stmt 0 discriminator 1
 272 0018 0648     		ldr	r0, .L19
 273 001a FFF7FEFF 		bl	chDbgPanic
 274              	.LVL31:
 275              	.L15:
 276              		.loc 1 126 0 is_stmt 1
 277 001e 2046     		mov	r0, r4
 278 0020 2946     		mov	r1, r5
 279 0022 FFF7FEFF 		bl	chSchWakeupS
 280              	.LVL32:
 281              		.loc 1 127 0
 282 0026 FFF7FEFF 		bl	dbg_check_unlock
 283              	.LVL33:
 284              	.LBB21:
ARM GAS  /tmp/ccblQE5v.s 			page 6


 285 002a 0023     		movs	r3, #0
 286              	.LVL34:
 287              	@ 127 "../../ChibiOS/os/kernel/src/chmsg.c" 1
 288 002c 83F31188 		msr     BASEPRI, r3
 289              	@ 0 "" 2
 290              	.LVL35:
 291              		.thumb
 292 0030 38BD     		pop	{r3, r4, r5, pc}
 293              	.L20:
 294 0032 00BF     		.align	2
 295              	.L19:
 296 0034 10000000 		.word	.LC1
 297              	.LBE21:
 298              		.cfi_endproc
 299              	.LFE9:
 300              		.size	chMsgRelease, .-chMsgRelease
 301 0038 AFF30080 		.section	.rodata.str1.4,"aMS",%progbits,1
 301      AFF30080 
 302              		.align	2
 303              	.LC0:
 304 0000 2263684D 		.ascii	"\"chMsgSend\"()\000"
 304      73675365 
 304      6E642228 
 304      2900
 305 000e 0000     		.space	2
 306              	.LC1:
 307 0010 63684D73 		.ascii	"chMsgRelease(), #1\000"
 307      6752656C 
 307      65617365 
 307      28292C20 
 307      233100
 308 0023 00       		.text
 309              	.Letext0:
 310              		.file 3 "/home/david/toolchains/psas/x-tools/stm32f407/arm-psas-eabi/bin/../lib/gcc/arm-psas-eabi/
 311              		.file 4 "../../ChibiOS/os/ports/GCC/ARMCMx/chtypes.h"
 312              		.file 5 "../../ChibiOS/os/kernel/include/chlists.h"
 313              		.file 6 "../../ChibiOS/os/kernel/include/chthreads.h"
 314              		.file 7 "../../ChibiOS/os/ports/GCC/ARMCMx/chcore_v7m.h"
 315              		.file 8 "../../ChibiOS/os/kernel/include/chschd.h"
 316              		.file 9 "../../ChibiOS/os/kernel/include/chmtx.h"
 317              		.file 10 "../../ChibiOS/os/kernel/include/chdebug.h"
 318              		.section	.debug_info,"",%progbits
 319              	.Ldebug_info0:
 320 0000 84070000 		.4byte	0x784
 321 0004 0200     		.2byte	0x2
 322 0006 00000000 		.4byte	.Ldebug_abbrev0
 323 000a 04       		.byte	0x4
 324 000b 01       		.uleb128 0x1
 325 000c C0010000 		.4byte	.LASF71
 326 0010 01       		.byte	0x1
 327 0011 4E000000 		.4byte	.LASF72
 328 0015 72000000 		.4byte	.LASF73
 329 0019 18000000 		.4byte	.Ldebug_ranges0+0x18
 330 001d 00000000 		.4byte	0
 331 0021 00000000 		.4byte	0
 332 0025 00000000 		.4byte	.Ldebug_line0
 333 0029 02       		.uleb128 0x2
ARM GAS  /tmp/ccblQE5v.s 			page 7


 334 002a 04       		.byte	0x4
 335 002b 05       		.byte	0x5
 336 002c 696E7400 		.ascii	"int\000"
 337 0030 03       		.uleb128 0x3
 338 0031 04       		.byte	0x4
 339 0032 07       		.byte	0x7
 340 0033 15010000 		.4byte	.LASF0
 341 0037 03       		.uleb128 0x3
 342 0038 01       		.byte	0x1
 343 0039 06       		.byte	0x6
 344 003a A1000000 		.4byte	.LASF1
 345 003e 04       		.uleb128 0x4
 346 003f 1D030000 		.4byte	.LASF5
 347 0043 03       		.byte	0x3
 348 0044 2A       		.byte	0x2a
 349 0045 49000000 		.4byte	0x49
 350 0049 03       		.uleb128 0x3
 351 004a 01       		.byte	0x1
 352 004b 08       		.byte	0x8
 353 004c 0E020000 		.4byte	.LASF2
 354 0050 03       		.uleb128 0x3
 355 0051 02       		.byte	0x2
 356 0052 05       		.byte	0x5
 357 0053 26020000 		.4byte	.LASF3
 358 0057 03       		.uleb128 0x3
 359 0058 02       		.byte	0x2
 360 0059 07       		.byte	0x7
 361 005a 3C010000 		.4byte	.LASF4
 362 005e 04       		.uleb128 0x4
 363 005f 06020000 		.4byte	.LASF6
 364 0063 03       		.byte	0x3
 365 0064 4F       		.byte	0x4f
 366 0065 69000000 		.4byte	0x69
 367 0069 03       		.uleb128 0x3
 368 006a 04       		.byte	0x4
 369 006b 05       		.byte	0x5
 370 006c C7000000 		.4byte	.LASF7
 371 0070 04       		.uleb128 0x4
 372 0071 8C020000 		.4byte	.LASF8
 373 0075 03       		.byte	0x3
 374 0076 50       		.byte	0x50
 375 0077 7B000000 		.4byte	0x7b
 376 007b 03       		.uleb128 0x3
 377 007c 04       		.byte	0x4
 378 007d 07       		.byte	0x7
 379 007e 22010000 		.4byte	.LASF9
 380 0082 03       		.uleb128 0x3
 381 0083 08       		.byte	0x8
 382 0084 05       		.byte	0x5
 383 0085 E3000000 		.4byte	.LASF10
 384 0089 04       		.uleb128 0x4
 385 008a 25000000 		.4byte	.LASF11
 386 008e 03       		.byte	0x3
 387 008f 78       		.byte	0x78
 388 0090 94000000 		.4byte	0x94
 389 0094 03       		.uleb128 0x3
 390 0095 08       		.byte	0x8
ARM GAS  /tmp/ccblQE5v.s 			page 8


 391 0096 07       		.byte	0x7
 392 0097 2E000000 		.4byte	.LASF12
 393 009b 04       		.uleb128 0x4
 394 009c 55010000 		.4byte	.LASF13
 395 00a0 04       		.byte	0x4
 396 00a1 28       		.byte	0x28
 397 00a2 3E000000 		.4byte	0x3e
 398 00a6 04       		.uleb128 0x4
 399 00a7 DA000000 		.4byte	.LASF14
 400 00ab 04       		.byte	0x4
 401 00ac 29       		.byte	0x29
 402 00ad 3E000000 		.4byte	0x3e
 403 00b1 04       		.uleb128 0x4
 404 00b2 EF010000 		.4byte	.LASF15
 405 00b6 04       		.byte	0x4
 406 00b7 2A       		.byte	0x2a
 407 00b8 3E000000 		.4byte	0x3e
 408 00bc 04       		.uleb128 0x4
 409 00bd BD000000 		.4byte	.LASF16
 410 00c1 04       		.byte	0x4
 411 00c2 2B       		.byte	0x2b
 412 00c3 3E000000 		.4byte	0x3e
 413 00c7 04       		.uleb128 0x4
 414 00c8 FE010000 		.4byte	.LASF17
 415 00cc 04       		.byte	0x4
 416 00cd 2C       		.byte	0x2c
 417 00ce 70000000 		.4byte	0x70
 418 00d2 04       		.uleb128 0x4
 419 00d3 4F010000 		.4byte	.LASF18
 420 00d7 04       		.byte	0x4
 421 00d8 2D       		.byte	0x2d
 422 00d9 5E000000 		.4byte	0x5e
 423 00dd 04       		.uleb128 0x4
 424 00de 69010000 		.4byte	.LASF19
 425 00e2 04       		.byte	0x4
 426 00e3 2F       		.byte	0x2f
 427 00e4 70000000 		.4byte	0x70
 428 00e8 04       		.uleb128 0x4
 429 00e9 C1020000 		.4byte	.LASF20
 430 00ed 04       		.byte	0x4
 431 00ee 31       		.byte	0x31
 432 00ef 70000000 		.4byte	0x70
 433 00f3 04       		.uleb128 0x4
 434 00f4 5F020000 		.4byte	.LASF21
 435 00f8 05       		.byte	0x5
 436 00f9 23       		.byte	0x23
 437 00fa FE000000 		.4byte	0xfe
 438 00fe 05       		.uleb128 0x5
 439 00ff 5F020000 		.4byte	.LASF21
 440 0103 4C       		.byte	0x4c
 441 0104 06       		.byte	0x6
 442 0105 57       		.byte	0x57
 443 0106 31020000 		.4byte	0x231
 444 010a 06       		.uleb128 0x6
 445 010b 50020000 		.4byte	.LASF22
 446 010f 06       		.byte	0x6
 447 0110 58       		.byte	0x58
ARM GAS  /tmp/ccblQE5v.s 			page 9


 448 0111 56020000 		.4byte	0x256
 449 0115 02       		.byte	0x2
 450 0116 23       		.byte	0x23
 451 0117 00       		.uleb128 0
 452 0118 06       		.uleb128 0x6
 453 0119 F7010000 		.4byte	.LASF23
 454 011d 06       		.byte	0x6
 455 011e 5A       		.byte	0x5a
 456 011f 56020000 		.4byte	0x256
 457 0123 02       		.byte	0x2
 458 0124 23       		.byte	0x23
 459 0125 04       		.uleb128 0x4
 460 0126 06       		.uleb128 0x6
 461 0127 9E010000 		.4byte	.LASF24
 462 012b 06       		.byte	0x6
 463 012c 5C       		.byte	0x5c
 464 012d C7000000 		.4byte	0xc7
 465 0131 02       		.byte	0x2
 466 0132 23       		.byte	0x23
 467 0133 08       		.uleb128 0x8
 468 0134 06       		.uleb128 0x6
 469 0135 3B030000 		.4byte	.LASF25
 470 0139 06       		.byte	0x6
 471 013a 5D       		.byte	0x5d
 472 013b 2F030000 		.4byte	0x32f
 473 013f 02       		.byte	0x2
 474 0140 23       		.byte	0x23
 475 0141 0C       		.uleb128 0xc
 476 0142 06       		.uleb128 0x6
 477 0143 F1000000 		.4byte	.LASF26
 478 0147 06       		.byte	0x6
 479 0148 5F       		.byte	0x5f
 480 0149 56020000 		.4byte	0x256
 481 014d 02       		.byte	0x2
 482 014e 23       		.byte	0x23
 483 014f 10       		.uleb128 0x10
 484 0150 06       		.uleb128 0x6
 485 0151 A5010000 		.4byte	.LASF27
 486 0155 06       		.byte	0x6
 487 0156 60       		.byte	0x60
 488 0157 56020000 		.4byte	0x256
 489 015b 02       		.byte	0x2
 490 015c 23       		.byte	0x23
 491 015d 14       		.uleb128 0x14
 492 015e 06       		.uleb128 0x6
 493 015f 2C030000 		.4byte	.LASF28
 494 0163 06       		.byte	0x6
 495 0164 67       		.byte	0x67
 496 0165 43040000 		.4byte	0x443
 497 0169 02       		.byte	0x2
 498 016a 23       		.byte	0x23
 499 016b 18       		.uleb128 0x18
 500 016c 06       		.uleb128 0x6
 501 016d 0A010000 		.4byte	.LASF29
 502 0171 06       		.byte	0x6
 503 0172 6D       		.byte	0x6d
 504 0173 55040000 		.4byte	0x455
ARM GAS  /tmp/ccblQE5v.s 			page 10


 505 0177 02       		.byte	0x2
 506 0178 23       		.byte	0x23
 507 0179 1C       		.uleb128 0x1c
 508 017a 06       		.uleb128 0x6
 509 017b 30020000 		.4byte	.LASF30
 510 017f 06       		.byte	0x6
 511 0180 72       		.byte	0x72
 512 0181 A6000000 		.4byte	0xa6
 513 0185 02       		.byte	0x2
 514 0186 23       		.byte	0x23
 515 0187 20       		.uleb128 0x20
 516 0188 06       		.uleb128 0x6
 517 0189 57020000 		.4byte	.LASF31
 518 018d 06       		.byte	0x6
 519 018e 76       		.byte	0x76
 520 018f 9B000000 		.4byte	0x9b
 521 0193 02       		.byte	0x2
 522 0194 23       		.byte	0x23
 523 0195 21       		.uleb128 0x21
 524 0196 06       		.uleb128 0x6
 525 0197 06030000 		.4byte	.LASF32
 526 019b 06       		.byte	0x6
 527 019c 7B       		.byte	0x7b
 528 019d B1000000 		.4byte	0xb1
 529 01a1 02       		.byte	0x2
 530 01a2 23       		.byte	0x23
 531 01a3 22       		.uleb128 0x22
 532 01a4 06       		.uleb128 0x6
 533 01a5 38020000 		.4byte	.LASF33
 534 01a9 06       		.byte	0x6
 535 01aa 81       		.byte	0x81
 536 01ab BC000000 		.4byte	0xbc
 537 01af 02       		.byte	0x2
 538 01b0 23       		.byte	0x23
 539 01b1 23       		.uleb128 0x23
 540 01b2 06       		.uleb128 0x6
 541 01b3 D6020000 		.4byte	.LASF34
 542 01b7 06       		.byte	0x6
 543 01b8 88       		.byte	0x88
 544 01b9 59030000 		.4byte	0x359
 545 01bd 02       		.byte	0x2
 546 01be 23       		.byte	0x23
 547 01bf 24       		.uleb128 0x24
 548 01c0 07       		.uleb128 0x7
 549 01c1 705F7500 		.ascii	"p_u\000"
 550 01c5 06       		.byte	0x6
 551 01c6 AD       		.byte	0xad
 552 01c7 0E040000 		.4byte	0x40e
 553 01cb 02       		.byte	0x2
 554 01cc 23       		.byte	0x23
 555 01cd 28       		.uleb128 0x28
 556 01ce 06       		.uleb128 0x6
 557 01cf 41030000 		.4byte	.LASF35
 558 01d3 06       		.byte	0x6
 559 01d4 B2       		.byte	0xb2
 560 01d5 7E020000 		.4byte	0x27e
 561 01d9 02       		.byte	0x2
ARM GAS  /tmp/ccblQE5v.s 			page 11


 562 01da 23       		.byte	0x23
 563 01db 2C       		.uleb128 0x2c
 564 01dc 06       		.uleb128 0x6
 565 01dd E4020000 		.4byte	.LASF36
 566 01e1 06       		.byte	0x6
 567 01e2 B8       		.byte	0xb8
 568 01e3 5C020000 		.4byte	0x25c
 569 01e7 02       		.byte	0x2
 570 01e8 23       		.byte	0x23
 571 01e9 30       		.uleb128 0x30
 572 01ea 06       		.uleb128 0x6
 573 01eb 00000000 		.4byte	.LASF37
 574 01ef 06       		.byte	0x6
 575 01f0 BC       		.byte	0xbc
 576 01f1 D2000000 		.4byte	0xd2
 577 01f5 02       		.byte	0x2
 578 01f6 23       		.byte	0x23
 579 01f7 38       		.uleb128 0x38
 580 01f8 06       		.uleb128 0x6
 581 01f9 81020000 		.4byte	.LASF38
 582 01fd 06       		.byte	0x6
 583 01fe C2       		.byte	0xc2
 584 01ff DD000000 		.4byte	0xdd
 585 0203 02       		.byte	0x2
 586 0204 23       		.byte	0x23
 587 0205 3C       		.uleb128 0x3c
 588 0206 06       		.uleb128 0x6
 589 0207 1C020000 		.4byte	.LASF39
 590 020b 06       		.byte	0x6
 591 020c C9       		.byte	0xc9
 592 020d 5B040000 		.4byte	0x45b
 593 0211 02       		.byte	0x2
 594 0212 23       		.byte	0x23
 595 0213 40       		.uleb128 0x40
 596 0214 06       		.uleb128 0x6
 597 0215 CB020000 		.4byte	.LASF40
 598 0219 06       		.byte	0x6
 599 021a CD       		.byte	0xcd
 600 021b C7000000 		.4byte	0xc7
 601 021f 02       		.byte	0x2
 602 0220 23       		.byte	0x23
 603 0221 44       		.uleb128 0x44
 604 0222 06       		.uleb128 0x6
 605 0223 AD000000 		.4byte	.LASF41
 606 0227 06       		.byte	0x6
 607 0228 D3       		.byte	0xd3
 608 0229 94020000 		.4byte	0x294
 609 022d 02       		.byte	0x2
 610 022e 23       		.byte	0x23
 611 022f 48       		.uleb128 0x48
 612 0230 00       		.byte	0
 613 0231 08       		.uleb128 0x8
 614 0232 08       		.byte	0x8
 615 0233 05       		.byte	0x5
 616 0234 5A       		.byte	0x5a
 617 0235 56020000 		.4byte	0x256
 618 0239 06       		.uleb128 0x6
ARM GAS  /tmp/ccblQE5v.s 			page 12


 619 023a 50020000 		.4byte	.LASF22
 620 023e 05       		.byte	0x5
 621 023f 5B       		.byte	0x5b
 622 0240 56020000 		.4byte	0x256
 623 0244 02       		.byte	0x2
 624 0245 23       		.byte	0x23
 625 0246 00       		.uleb128 0
 626 0247 06       		.uleb128 0x6
 627 0248 F7010000 		.4byte	.LASF23
 628 024c 05       		.byte	0x5
 629 024d 5D       		.byte	0x5d
 630 024e 56020000 		.4byte	0x256
 631 0252 02       		.byte	0x2
 632 0253 23       		.byte	0x23
 633 0254 04       		.uleb128 0x4
 634 0255 00       		.byte	0
 635 0256 09       		.uleb128 0x9
 636 0257 04       		.byte	0x4
 637 0258 F3000000 		.4byte	0xf3
 638 025c 04       		.uleb128 0x4
 639 025d B3010000 		.4byte	.LASF42
 640 0261 05       		.byte	0x5
 641 0262 5F       		.byte	0x5f
 642 0263 31020000 		.4byte	0x231
 643 0267 08       		.uleb128 0x8
 644 0268 04       		.byte	0x4
 645 0269 05       		.byte	0x5
 646 026a 64       		.byte	0x64
 647 026b 7E020000 		.4byte	0x27e
 648 026f 06       		.uleb128 0x6
 649 0270 50020000 		.4byte	.LASF22
 650 0274 05       		.byte	0x5
 651 0275 66       		.byte	0x66
 652 0276 56020000 		.4byte	0x256
 653 027a 02       		.byte	0x2
 654 027b 23       		.byte	0x23
 655 027c 00       		.uleb128 0
 656 027d 00       		.byte	0
 657 027e 04       		.uleb128 0x4
 658 027f 5D010000 		.4byte	.LASF43
 659 0283 05       		.byte	0x5
 660 0284 69       		.byte	0x69
 661 0285 67020000 		.4byte	0x267
 662 0289 04       		.uleb128 0x4
 663 028a 01010000 		.4byte	.LASF44
 664 028e 07       		.byte	0x7
 665 028f DE       		.byte	0xde
 666 0290 94020000 		.4byte	0x294
 667 0294 0A       		.uleb128 0xa
 668 0295 04       		.byte	0x4
 669 0296 04       		.uleb128 0x4
 670 0297 7B010000 		.4byte	.LASF45
 671 029b 07       		.byte	0x7
 672 029c E4       		.byte	0xe4
 673 029d 89000000 		.4byte	0x89
 674 02a1 0B       		.uleb128 0xb
 675 02a2 DD020000 		.4byte	.LASF46
ARM GAS  /tmp/ccblQE5v.s 			page 13


 676 02a6 24       		.byte	0x24
 677 02a7 07       		.byte	0x7
 678 02a8 0501     		.2byte	0x105
 679 02aa 2F030000 		.4byte	0x32f
 680 02ae 0C       		.uleb128 0xc
 681 02af 723400   		.ascii	"r4\000"
 682 02b2 07       		.byte	0x7
 683 02b3 1801     		.2byte	0x118
 684 02b5 89020000 		.4byte	0x289
 685 02b9 02       		.byte	0x2
 686 02ba 23       		.byte	0x23
 687 02bb 00       		.uleb128 0
 688 02bc 0C       		.uleb128 0xc
 689 02bd 723500   		.ascii	"r5\000"
 690 02c0 07       		.byte	0x7
 691 02c1 1901     		.2byte	0x119
 692 02c3 89020000 		.4byte	0x289
 693 02c7 02       		.byte	0x2
 694 02c8 23       		.byte	0x23
 695 02c9 04       		.uleb128 0x4
 696 02ca 0C       		.uleb128 0xc
 697 02cb 723600   		.ascii	"r6\000"
 698 02ce 07       		.byte	0x7
 699 02cf 1A01     		.2byte	0x11a
 700 02d1 89020000 		.4byte	0x289
 701 02d5 02       		.byte	0x2
 702 02d6 23       		.byte	0x23
 703 02d7 08       		.uleb128 0x8
 704 02d8 0C       		.uleb128 0xc
 705 02d9 723700   		.ascii	"r7\000"
 706 02dc 07       		.byte	0x7
 707 02dd 1B01     		.2byte	0x11b
 708 02df 89020000 		.4byte	0x289
 709 02e3 02       		.byte	0x2
 710 02e4 23       		.byte	0x23
 711 02e5 0C       		.uleb128 0xc
 712 02e6 0C       		.uleb128 0xc
 713 02e7 723800   		.ascii	"r8\000"
 714 02ea 07       		.byte	0x7
 715 02eb 1C01     		.2byte	0x11c
 716 02ed 89020000 		.4byte	0x289
 717 02f1 02       		.byte	0x2
 718 02f2 23       		.byte	0x23
 719 02f3 10       		.uleb128 0x10
 720 02f4 0C       		.uleb128 0xc
 721 02f5 723900   		.ascii	"r9\000"
 722 02f8 07       		.byte	0x7
 723 02f9 1D01     		.2byte	0x11d
 724 02fb 89020000 		.4byte	0x289
 725 02ff 02       		.byte	0x2
 726 0300 23       		.byte	0x23
 727 0301 14       		.uleb128 0x14
 728 0302 0C       		.uleb128 0xc
 729 0303 72313000 		.ascii	"r10\000"
 730 0307 07       		.byte	0x7
 731 0308 1E01     		.2byte	0x11e
 732 030a 89020000 		.4byte	0x289
ARM GAS  /tmp/ccblQE5v.s 			page 14


 733 030e 02       		.byte	0x2
 734 030f 23       		.byte	0x23
 735 0310 18       		.uleb128 0x18
 736 0311 0C       		.uleb128 0xc
 737 0312 72313100 		.ascii	"r11\000"
 738 0316 07       		.byte	0x7
 739 0317 1F01     		.2byte	0x11f
 740 0319 89020000 		.4byte	0x289
 741 031d 02       		.byte	0x2
 742 031e 23       		.byte	0x23
 743 031f 1C       		.uleb128 0x1c
 744 0320 0C       		.uleb128 0xc
 745 0321 6C7200   		.ascii	"lr\000"
 746 0324 07       		.byte	0x7
 747 0325 2001     		.2byte	0x120
 748 0327 89020000 		.4byte	0x289
 749 032b 02       		.byte	0x2
 750 032c 23       		.byte	0x23
 751 032d 20       		.uleb128 0x20
 752 032e 00       		.byte	0
 753 032f 0B       		.uleb128 0xb
 754 0330 34010000 		.4byte	.LASF47
 755 0334 04       		.byte	0x4
 756 0335 07       		.byte	0x7
 757 0336 2A01     		.2byte	0x12a
 758 0338 4C030000 		.4byte	0x34c
 759 033c 0C       		.uleb128 0xc
 760 033d 72313300 		.ascii	"r13\000"
 761 0341 07       		.byte	0x7
 762 0342 2B01     		.2byte	0x12b
 763 0344 4C030000 		.4byte	0x34c
 764 0348 02       		.byte	0x2
 765 0349 23       		.byte	0x23
 766 034a 00       		.uleb128 0
 767 034b 00       		.byte	0
 768 034c 09       		.uleb128 0x9
 769 034d 04       		.byte	0x4
 770 034e A1020000 		.4byte	0x2a1
 771 0352 03       		.uleb128 0x3
 772 0353 04       		.byte	0x4
 773 0354 07       		.byte	0x7
 774 0355 86010000 		.4byte	.LASF48
 775 0359 0D       		.uleb128 0xd
 776 035a E8000000 		.4byte	0xe8
 777 035e 08       		.uleb128 0x8
 778 035f 1C       		.byte	0x1c
 779 0360 08       		.byte	0x8
 780 0361 57       		.byte	0x57
 781 0362 BB030000 		.4byte	0x3bb
 782 0366 06       		.uleb128 0x6
 783 0367 95020000 		.4byte	.LASF49
 784 036b 08       		.byte	0x8
 785 036c 58       		.byte	0x58
 786 036d 5C020000 		.4byte	0x25c
 787 0371 02       		.byte	0x2
 788 0372 23       		.byte	0x23
 789 0373 00       		.uleb128 0
ARM GAS  /tmp/ccblQE5v.s 			page 15


 790 0374 06       		.uleb128 0x6
 791 0375 42020000 		.4byte	.LASF50
 792 0379 08       		.byte	0x8
 793 037a 59       		.byte	0x59
 794 037b C7000000 		.4byte	0xc7
 795 037f 02       		.byte	0x2
 796 0380 23       		.byte	0x23
 797 0381 08       		.uleb128 0x8
 798 0382 06       		.uleb128 0x6
 799 0383 AD010000 		.4byte	.LASF51
 800 0387 08       		.byte	0x8
 801 0388 5B       		.byte	0x5b
 802 0389 2F030000 		.4byte	0x32f
 803 038d 02       		.byte	0x2
 804 038e 23       		.byte	0x23
 805 038f 0C       		.uleb128 0xc
 806 0390 06       		.uleb128 0x6
 807 0391 F9000000 		.4byte	.LASF52
 808 0395 08       		.byte	0x8
 809 0396 5E       		.byte	0x5e
 810 0397 56020000 		.4byte	0x256
 811 039b 02       		.byte	0x2
 812 039c 23       		.byte	0x23
 813 039d 10       		.uleb128 0x10
 814 039e 06       		.uleb128 0x6
 815 039f D6010000 		.4byte	.LASF53
 816 03a3 08       		.byte	0x8
 817 03a4 5F       		.byte	0x5f
 818 03a5 56020000 		.4byte	0x256
 819 03a9 02       		.byte	0x2
 820 03aa 23       		.byte	0x23
 821 03ab 14       		.uleb128 0x14
 822 03ac 06       		.uleb128 0x6
 823 03ad CC010000 		.4byte	.LASF54
 824 03b1 08       		.byte	0x8
 825 03b2 62       		.byte	0x62
 826 03b3 56020000 		.4byte	0x256
 827 03b7 02       		.byte	0x2
 828 03b8 23       		.byte	0x23
 829 03b9 18       		.uleb128 0x18
 830 03ba 00       		.byte	0
 831 03bb 04       		.uleb128 0x4
 832 03bc 0D030000 		.4byte	.LASF55
 833 03c0 08       		.byte	0x8
 834 03c1 64       		.byte	0x64
 835 03c2 5E030000 		.4byte	0x35e
 836 03c6 05       		.uleb128 0x5
 837 03c7 75010000 		.4byte	.LASF56
 838 03cb 10       		.byte	0x10
 839 03cc 09       		.byte	0x9
 840 03cd 25       		.byte	0x25
 841 03ce FD030000 		.4byte	0x3fd
 842 03d2 06       		.uleb128 0x6
 843 03d3 B5000000 		.4byte	.LASF57
 844 03d7 09       		.byte	0x9
 845 03d8 26       		.byte	0x26
 846 03d9 5C020000 		.4byte	0x25c
ARM GAS  /tmp/ccblQE5v.s 			page 16


 847 03dd 02       		.byte	0x2
 848 03de 23       		.byte	0x23
 849 03df 00       		.uleb128 0
 850 03e0 06       		.uleb128 0x6
 851 03e1 33030000 		.4byte	.LASF58
 852 03e5 09       		.byte	0x9
 853 03e6 28       		.byte	0x28
 854 03e7 56020000 		.4byte	0x256
 855 03eb 02       		.byte	0x2
 856 03ec 23       		.byte	0x23
 857 03ed 08       		.uleb128 0x8
 858 03ee 06       		.uleb128 0x6
 859 03ef BA020000 		.4byte	.LASF59
 860 03f3 09       		.byte	0x9
 861 03f4 2A       		.byte	0x2a
 862 03f5 FD030000 		.4byte	0x3fd
 863 03f9 02       		.byte	0x2
 864 03fa 23       		.byte	0x23
 865 03fb 0C       		.uleb128 0xc
 866 03fc 00       		.byte	0
 867 03fd 09       		.uleb128 0x9
 868 03fe 04       		.byte	0x4
 869 03ff C6030000 		.4byte	0x3c6
 870 0403 04       		.uleb128 0x4
 871 0404 75010000 		.4byte	.LASF56
 872 0408 09       		.byte	0x9
 873 0409 2C       		.byte	0x2c
 874 040a C6030000 		.4byte	0x3c6
 875 040e 0E       		.uleb128 0xe
 876 040f 04       		.byte	0x4
 877 0410 06       		.byte	0x6
 878 0411 8F       		.byte	0x8f
 879 0412 43040000 		.4byte	0x443
 880 0416 0F       		.uleb128 0xf
 881 0417 1E000000 		.4byte	.LASF60
 882 041b 06       		.byte	0x6
 883 041c 96       		.byte	0x96
 884 041d D2000000 		.4byte	0xd2
 885 0421 0F       		.uleb128 0xf
 886 0422 45000000 		.4byte	.LASF61
 887 0426 06       		.byte	0x6
 888 0427 9D       		.byte	0x9d
 889 0428 D2000000 		.4byte	0xd2
 890 042c 0F       		.uleb128 0xf
 891 042d 25030000 		.4byte	.LASF62
 892 0431 06       		.byte	0x6
 893 0432 A4       		.byte	0xa4
 894 0433 94020000 		.4byte	0x294
 895 0437 0F       		.uleb128 0xf
 896 0438 49020000 		.4byte	.LASF63
 897 043c 06       		.byte	0x6
 898 043d AB       		.byte	0xab
 899 043e DD000000 		.4byte	0xdd
 900 0442 00       		.byte	0
 901 0443 09       		.uleb128 0x9
 902 0444 04       		.byte	0x4
 903 0445 49040000 		.4byte	0x449
ARM GAS  /tmp/ccblQE5v.s 			page 17


 904 0449 10       		.uleb128 0x10
 905 044a 4E040000 		.4byte	0x44e
 906 044e 03       		.uleb128 0x3
 907 044f 01       		.byte	0x1
 908 0450 08       		.byte	0x8
 909 0451 A9020000 		.4byte	.LASF64
 910 0455 09       		.uleb128 0x9
 911 0456 04       		.byte	0x4
 912 0457 96020000 		.4byte	0x296
 913 045b 09       		.uleb128 0x9
 914 045c 04       		.byte	0x4
 915 045d 03040000 		.4byte	0x403
 916 0461 11       		.uleb128 0x11
 917 0462 06000000 		.4byte	.LASF74
 918 0466 02       		.byte	0x2
 919 0467 2D       		.byte	0x2d
 920 0468 01       		.byte	0x1
 921 0469 03       		.byte	0x3
 922 046a 84040000 		.4byte	0x484
 923 046e 12       		.uleb128 0x12
 924 046f 747000   		.ascii	"tp\000"
 925 0472 02       		.byte	0x2
 926 0473 2D       		.byte	0x2d
 927 0474 56020000 		.4byte	0x256
 928 0478 12       		.uleb128 0x12
 929 0479 74717000 		.ascii	"tqp\000"
 930 047d 02       		.byte	0x2
 931 047e 2D       		.byte	0x2d
 932 047f 84040000 		.4byte	0x484
 933 0483 00       		.byte	0
 934 0484 09       		.uleb128 0x9
 935 0485 04       		.byte	0x4
 936 0486 5C020000 		.4byte	0x25c
 937 048a 13       		.uleb128 0x13
 938 048b AE020000 		.4byte	.LASF75
 939 048f 02       		.byte	0x2
 940 0490 34       		.byte	0x34
 941 0491 01       		.byte	0x1
 942 0492 56020000 		.4byte	0x256
 943 0496 03       		.byte	0x3
 944 0497 B1040000 		.4byte	0x4b1
 945 049b 12       		.uleb128 0x12
 946 049c 74717000 		.ascii	"tqp\000"
 947 04a0 02       		.byte	0x2
 948 04a1 34       		.byte	0x34
 949 04a2 84040000 		.4byte	0x484
 950 04a6 14       		.uleb128 0x14
 951 04a7 747000   		.ascii	"tp\000"
 952 04aa 02       		.byte	0x2
 953 04ab 35       		.byte	0x35
 954 04ac 56020000 		.4byte	0x256
 955 04b0 00       		.byte	0
 956 04b1 15       		.uleb128 0x15
 957 04b2 01       		.byte	0x1
 958 04b3 D0000000 		.4byte	.LASF65
 959 04b7 01       		.byte	0x1
 960 04b8 44       		.byte	0x44
ARM GAS  /tmp/ccblQE5v.s 			page 18


 961 04b9 01       		.byte	0x1
 962 04ba D2000000 		.4byte	0xd2
 963 04be 00000000 		.4byte	.LFB7
 964 04c2 60000000 		.4byte	.LFE7
 965 04c6 00000000 		.4byte	.LLST0
 966 04ca 01       		.byte	0x1
 967 04cb A8050000 		.4byte	0x5a8
 968 04cf 16       		.uleb128 0x16
 969 04d0 747000   		.ascii	"tp\000"
 970 04d3 01       		.byte	0x1
 971 04d4 44       		.byte	0x44
 972 04d5 56020000 		.4byte	0x256
 973 04d9 20000000 		.4byte	.LLST1
 974 04dd 16       		.uleb128 0x16
 975 04de 6D736700 		.ascii	"msg\000"
 976 04e2 01       		.byte	0x1
 977 04e3 44       		.byte	0x44
 978 04e4 D2000000 		.4byte	0xd2
 979 04e8 54000000 		.4byte	.LLST2
 980 04ec 17       		.uleb128 0x17
 981 04ed 63747000 		.ascii	"ctp\000"
 982 04f1 01       		.byte	0x1
 983 04f2 45       		.byte	0x45
 984 04f3 56020000 		.4byte	0x256
 985 04f7 9E000000 		.4byte	.LLST3
 986 04fb 18       		.uleb128 0x18
 987 04fc 0C000000 		.4byte	.LBB10
 988 0500 12000000 		.4byte	.LBE10
 989 0504 18050000 		.4byte	0x518
 990 0508 17       		.uleb128 0x17
 991 0509 746D7000 		.ascii	"tmp\000"
 992 050d 01       		.byte	0x1
 993 050e 49       		.byte	0x49
 994 050f 70000000 		.4byte	0x70
 995 0513 BC000000 		.4byte	.LLST4
 996 0517 00       		.byte	0
 997 0518 19       		.uleb128 0x19
 998 0519 61040000 		.4byte	0x461
 999 051d 20000000 		.4byte	.LBB11
 1000 0521 00000000 		.4byte	.Ldebug_ranges0+0
 1001 0525 01       		.byte	0x1
 1002 0526 4C       		.byte	0x4c
 1003 0527 3E050000 		.4byte	0x53e
 1004 052b 1A       		.uleb128 0x1a
 1005 052c 78040000 		.4byte	0x478
 1006 0530 CF000000 		.4byte	.LLST5
 1007 0534 1A       		.uleb128 0x1a
 1008 0535 6E040000 		.4byte	0x46e
 1009 0539 07010000 		.4byte	.LLST6
 1010 053d 00       		.byte	0
 1011 053e 18       		.uleb128 0x18
 1012 053f 3C000000 		.4byte	.LBB15
 1013 0543 42000000 		.4byte	.LBE15
 1014 0547 5B050000 		.4byte	0x55b
 1015 054b 17       		.uleb128 0x17
 1016 054c 746D7000 		.ascii	"tmp\000"
 1017 0550 01       		.byte	0x1
ARM GAS  /tmp/ccblQE5v.s 			page 19


 1018 0551 51       		.byte	0x51
 1019 0552 70000000 		.4byte	0x70
 1020 0556 25010000 		.4byte	.LLST7
 1021 055a 00       		.byte	0
 1022 055b 1B       		.uleb128 0x1b
 1023 055c 16000000 		.4byte	.LVL5
 1024 0560 1E070000 		.4byte	0x71e
 1025 0564 1C       		.uleb128 0x1c
 1026 0565 36000000 		.4byte	.LVL8
 1027 0569 28070000 		.4byte	0x728
 1028 056d 77050000 		.4byte	0x577
 1029 0571 1D       		.uleb128 0x1d
 1030 0572 01       		.byte	0x1
 1031 0573 50       		.byte	0x50
 1032 0574 01       		.byte	0x1
 1033 0575 3A       		.byte	0x3a
 1034 0576 00       		.byte	0
 1035 0577 1B       		.uleb128 0x1b
 1036 0578 3C000000 		.4byte	.LVL10
 1037 057c 3C070000 		.4byte	0x73c
 1038 0580 1C       		.uleb128 0x1c
 1039 0581 4C000000 		.4byte	.LVL14
 1040 0585 46070000 		.4byte	0x746
 1041 0589 94050000 		.4byte	0x594
 1042 058d 1D       		.uleb128 0x1d
 1043 058e 01       		.byte	0x1
 1044 058f 50       		.byte	0x50
 1045 0590 02       		.byte	0x2
 1046 0591 75       		.byte	0x75
 1047 0592 00       		.sleb128 0
 1048 0593 00       		.byte	0
 1049 0594 1E       		.uleb128 0x1e
 1050 0595 54000000 		.4byte	.LVL17
 1051 0599 5E070000 		.4byte	0x75e
 1052 059d 1D       		.uleb128 0x1d
 1053 059e 01       		.byte	0x1
 1054 059f 50       		.byte	0x50
 1055 05a0 05       		.byte	0x5
 1056 05a1 03       		.byte	0x3
 1057 05a2 00000000 		.4byte	.LC0
 1058 05a6 00       		.byte	0
 1059 05a7 00       		.byte	0
 1060 05a8 15       		.uleb128 0x15
 1061 05a9 01       		.byte	0x1
 1062 05aa FC020000 		.4byte	.LASF66
 1063 05ae 01       		.byte	0x1
 1064 05af 63       		.byte	0x63
 1065 05b0 01       		.byte	0x1
 1066 05b1 56020000 		.4byte	0x256
 1067 05b5 00000000 		.4byte	.LFB8
 1068 05b9 48000000 		.4byte	.LFE8
 1069 05bd 38010000 		.4byte	.LLST8
 1070 05c1 01       		.byte	0x1
 1071 05c2 5C060000 		.4byte	0x65c
 1072 05c6 14       		.uleb128 0x14
 1073 05c7 747000   		.ascii	"tp\000"
 1074 05ca 01       		.byte	0x1
ARM GAS  /tmp/ccblQE5v.s 			page 20


 1075 05cb 64       		.byte	0x64
 1076 05cc 56020000 		.4byte	0x256
 1077 05d0 18       		.uleb128 0x18
 1078 05d1 02000000 		.4byte	.LBB16
 1079 05d5 08000000 		.4byte	.LBE16
 1080 05d9 ED050000 		.4byte	0x5ed
 1081 05dd 17       		.uleb128 0x17
 1082 05de 746D7000 		.ascii	"tmp\000"
 1083 05e2 01       		.byte	0x1
 1084 05e3 66       		.byte	0x66
 1085 05e4 70000000 		.4byte	0x70
 1086 05e8 58010000 		.4byte	.LLST9
 1087 05ec 00       		.byte	0
 1088 05ed 1F       		.uleb128 0x1f
 1089 05ee 8A040000 		.4byte	0x48a
 1090 05f2 1A000000 		.4byte	.LBB17
 1091 05f6 20000000 		.4byte	.LBE17
 1092 05fa 01       		.byte	0x1
 1093 05fb 69       		.byte	0x69
 1094 05fc 1D060000 		.4byte	0x61d
 1095 0600 1A       		.uleb128 0x1a
 1096 0601 9B040000 		.4byte	0x49b
 1097 0605 6B010000 		.4byte	.LLST10
 1098 0609 20       		.uleb128 0x20
 1099 060a 1A000000 		.4byte	.LBB18
 1100 060e 20000000 		.4byte	.LBE18
 1101 0612 21       		.uleb128 0x21
 1102 0613 A6040000 		.4byte	0x4a6
 1103 0617 80010000 		.4byte	.LLST11
 1104 061b 00       		.byte	0
 1105 061c 00       		.byte	0
 1106 061d 18       		.uleb128 0x18
 1107 061e 2A000000 		.4byte	.LBB19
 1108 0622 30000000 		.4byte	.LBE19
 1109 0626 3A060000 		.4byte	0x63a
 1110 062a 17       		.uleb128 0x17
 1111 062b 746D7000 		.ascii	"tmp\000"
 1112 062f 01       		.byte	0x1
 1113 0630 6B       		.byte	0x6b
 1114 0631 70000000 		.4byte	0x70
 1115 0635 93010000 		.4byte	.LLST12
 1116 0639 00       		.byte	0
 1117 063a 1B       		.uleb128 0x1b
 1118 063b 0E000000 		.4byte	.LVL20
 1119 063f 1E070000 		.4byte	0x71e
 1120 0643 1B       		.uleb128 0x1b
 1121 0644 2A000000 		.4byte	.LVL22
 1122 0648 3C070000 		.4byte	0x73c
 1123 064c 1E       		.uleb128 0x1e
 1124 064d 3A000000 		.4byte	.LVL26
 1125 0651 28070000 		.4byte	0x728
 1126 0655 1D       		.uleb128 0x1d
 1127 0656 01       		.byte	0x1
 1128 0657 50       		.byte	0x50
 1129 0658 01       		.byte	0x1
 1130 0659 3C       		.byte	0x3c
 1131 065a 00       		.byte	0
ARM GAS  /tmp/ccblQE5v.s 			page 21


 1132 065b 00       		.byte	0
 1133 065c 22       		.uleb128 0x22
 1134 065d 01       		.byte	0x1
 1135 065e 66020000 		.4byte	.LASF76
 1136 0662 01       		.byte	0x1
 1137 0663 79       		.byte	0x79
 1138 0664 01       		.byte	0x1
 1139 0665 00000000 		.4byte	.LFB9
 1140 0669 38000000 		.4byte	.LFE9
 1141 066d A6010000 		.4byte	.LLST13
 1142 0671 01       		.byte	0x1
 1143 0672 11070000 		.4byte	0x711
 1144 0676 16       		.uleb128 0x16
 1145 0677 747000   		.ascii	"tp\000"
 1146 067a 01       		.byte	0x1
 1147 067b 79       		.byte	0x79
 1148 067c 56020000 		.4byte	0x256
 1149 0680 C6010000 		.4byte	.LLST14
 1150 0684 16       		.uleb128 0x16
 1151 0685 6D736700 		.ascii	"msg\000"
 1152 0689 01       		.byte	0x1
 1153 068a 79       		.byte	0x79
 1154 068b D2000000 		.4byte	0xd2
 1155 068f E4010000 		.4byte	.LLST15
 1156 0693 18       		.uleb128 0x18
 1157 0694 06000000 		.4byte	.LBB20
 1158 0698 0C000000 		.4byte	.LBE20
 1159 069c B0060000 		.4byte	0x6b0
 1160 06a0 17       		.uleb128 0x17
 1161 06a1 746D7000 		.ascii	"tmp\000"
 1162 06a5 01       		.byte	0x1
 1163 06a6 7B       		.byte	0x7b
 1164 06a7 70000000 		.4byte	0x70
 1165 06ab 02020000 		.4byte	.LLST16
 1166 06af 00       		.byte	0
 1167 06b0 18       		.uleb128 0x18
 1168 06b1 2A000000 		.4byte	.LBB21
 1169 06b5 38000000 		.4byte	.LBE21
 1170 06b9 CD060000 		.4byte	0x6cd
 1171 06bd 17       		.uleb128 0x17
 1172 06be 746D7000 		.ascii	"tmp\000"
 1173 06c2 01       		.byte	0x1
 1174 06c3 7F       		.byte	0x7f
 1175 06c4 70000000 		.4byte	0x70
 1176 06c8 15020000 		.4byte	.LLST17
 1177 06cc 00       		.byte	0
 1178 06cd 1B       		.uleb128 0x1b
 1179 06ce 10000000 		.4byte	.LVL30
 1180 06d2 1E070000 		.4byte	0x71e
 1181 06d6 1C       		.uleb128 0x1c
 1182 06d7 1E000000 		.4byte	.LVL31
 1183 06db 5E070000 		.4byte	0x75e
 1184 06df ED060000 		.4byte	0x6ed
 1185 06e3 1D       		.uleb128 0x1d
 1186 06e4 01       		.byte	0x1
 1187 06e5 50       		.byte	0x50
 1188 06e6 05       		.byte	0x5
ARM GAS  /tmp/ccblQE5v.s 			page 22


 1189 06e7 03       		.byte	0x3
 1190 06e8 10000000 		.4byte	.LC1
 1191 06ec 00       		.byte	0
 1192 06ed 1C       		.uleb128 0x1c
 1193 06ee 26000000 		.4byte	.LVL32
 1194 06f2 72070000 		.4byte	0x772
 1195 06f6 07070000 		.4byte	0x707
 1196 06fa 1D       		.uleb128 0x1d
 1197 06fb 01       		.byte	0x1
 1198 06fc 51       		.byte	0x51
 1199 06fd 02       		.byte	0x2
 1200 06fe 75       		.byte	0x75
 1201 06ff 00       		.sleb128 0
 1202 0700 1D       		.uleb128 0x1d
 1203 0701 01       		.byte	0x1
 1204 0702 50       		.byte	0x50
 1205 0703 02       		.byte	0x2
 1206 0704 74       		.byte	0x74
 1207 0705 00       		.sleb128 0
 1208 0706 00       		.byte	0
 1209 0707 1B       		.uleb128 0x1b
 1210 0708 2A000000 		.4byte	.LVL33
 1211 070c 3C070000 		.4byte	0x73c
 1212 0710 00       		.byte	0
 1213 0711 23       		.uleb128 0x23
 1214 0712 17030000 		.4byte	.LASF77
 1215 0716 08       		.byte	0x8
 1216 0717 68       		.byte	0x68
 1217 0718 BB030000 		.4byte	0x3bb
 1218 071c 01       		.byte	0x1
 1219 071d 01       		.byte	0x1
 1220 071e 24       		.uleb128 0x24
 1221 071f 01       		.byte	0x1
 1222 0720 8F010000 		.4byte	.LASF67
 1223 0724 0A       		.byte	0xa
 1224 0725 E0       		.byte	0xe0
 1225 0726 01       		.byte	0x1
 1226 0727 01       		.byte	0x1
 1227 0728 25       		.uleb128 0x25
 1228 0729 01       		.byte	0x1
 1229 072a 73020000 		.4byte	.LASF69
 1230 072e 08       		.byte	0x8
 1231 072f 8C       		.byte	0x8c
 1232 0730 01       		.byte	0x1
 1233 0731 01       		.byte	0x1
 1234 0732 3C070000 		.4byte	0x73c
 1235 0736 26       		.uleb128 0x26
 1236 0737 A6000000 		.4byte	0xa6
 1237 073b 00       		.byte	0
 1238 073c 24       		.uleb128 0x24
 1239 073d 01       		.byte	0x1
 1240 073e DE010000 		.4byte	.LASF68
 1241 0742 0A       		.byte	0xa
 1242 0743 E1       		.byte	0xe1
 1243 0744 01       		.byte	0x1
 1244 0745 01       		.byte	0x1
 1245 0746 27       		.uleb128 0x27
ARM GAS  /tmp/ccblQE5v.s 			page 23


 1246 0747 01       		.byte	0x1
 1247 0748 9D020000 		.4byte	.LASF78
 1248 074c 08       		.byte	0x8
 1249 074d 89       		.byte	0x89
 1250 074e 01       		.byte	0x1
 1251 074f 56020000 		.4byte	0x256
 1252 0753 01       		.byte	0x1
 1253 0754 5E070000 		.4byte	0x75e
 1254 0758 26       		.uleb128 0x26
 1255 0759 56020000 		.4byte	0x256
 1256 075d 00       		.byte	0
 1257 075e 25       		.uleb128 0x25
 1258 075f 01       		.byte	0x1
 1259 0760 13000000 		.4byte	.LASF70
 1260 0764 0A       		.byte	0xa
 1261 0765 EF       		.byte	0xef
 1262 0766 01       		.byte	0x1
 1263 0767 01       		.byte	0x1
 1264 0768 72070000 		.4byte	0x772
 1265 076c 26       		.uleb128 0x26
 1266 076d 43040000 		.4byte	0x443
 1267 0771 00       		.byte	0
 1268 0772 28       		.uleb128 0x28
 1269 0773 01       		.byte	0x1
 1270 0774 EF020000 		.4byte	.LASF79
 1271 0778 08       		.byte	0x8
 1272 0779 92       		.byte	0x92
 1273 077a 01       		.byte	0x1
 1274 077b 01       		.byte	0x1
 1275 077c 26       		.uleb128 0x26
 1276 077d 56020000 		.4byte	0x256
 1277 0781 26       		.uleb128 0x26
 1278 0782 D2000000 		.4byte	0xd2
 1279 0786 00       		.byte	0
 1280 0787 00       		.byte	0
 1281              		.section	.debug_abbrev,"",%progbits
 1282              	.Ldebug_abbrev0:
 1283 0000 01       		.uleb128 0x1
 1284 0001 11       		.uleb128 0x11
 1285 0002 01       		.byte	0x1
 1286 0003 25       		.uleb128 0x25
 1287 0004 0E       		.uleb128 0xe
 1288 0005 13       		.uleb128 0x13
 1289 0006 0B       		.uleb128 0xb
 1290 0007 03       		.uleb128 0x3
 1291 0008 0E       		.uleb128 0xe
 1292 0009 1B       		.uleb128 0x1b
 1293 000a 0E       		.uleb128 0xe
 1294 000b 55       		.uleb128 0x55
 1295 000c 06       		.uleb128 0x6
 1296 000d 11       		.uleb128 0x11
 1297 000e 01       		.uleb128 0x1
 1298 000f 52       		.uleb128 0x52
 1299 0010 01       		.uleb128 0x1
 1300 0011 10       		.uleb128 0x10
 1301 0012 06       		.uleb128 0x6
 1302 0013 00       		.byte	0
ARM GAS  /tmp/ccblQE5v.s 			page 24


 1303 0014 00       		.byte	0
 1304 0015 02       		.uleb128 0x2
 1305 0016 24       		.uleb128 0x24
 1306 0017 00       		.byte	0
 1307 0018 0B       		.uleb128 0xb
 1308 0019 0B       		.uleb128 0xb
 1309 001a 3E       		.uleb128 0x3e
 1310 001b 0B       		.uleb128 0xb
 1311 001c 03       		.uleb128 0x3
 1312 001d 08       		.uleb128 0x8
 1313 001e 00       		.byte	0
 1314 001f 00       		.byte	0
 1315 0020 03       		.uleb128 0x3
 1316 0021 24       		.uleb128 0x24
 1317 0022 00       		.byte	0
 1318 0023 0B       		.uleb128 0xb
 1319 0024 0B       		.uleb128 0xb
 1320 0025 3E       		.uleb128 0x3e
 1321 0026 0B       		.uleb128 0xb
 1322 0027 03       		.uleb128 0x3
 1323 0028 0E       		.uleb128 0xe
 1324 0029 00       		.byte	0
 1325 002a 00       		.byte	0
 1326 002b 04       		.uleb128 0x4
 1327 002c 16       		.uleb128 0x16
 1328 002d 00       		.byte	0
 1329 002e 03       		.uleb128 0x3
 1330 002f 0E       		.uleb128 0xe
 1331 0030 3A       		.uleb128 0x3a
 1332 0031 0B       		.uleb128 0xb
 1333 0032 3B       		.uleb128 0x3b
 1334 0033 0B       		.uleb128 0xb
 1335 0034 49       		.uleb128 0x49
 1336 0035 13       		.uleb128 0x13
 1337 0036 00       		.byte	0
 1338 0037 00       		.byte	0
 1339 0038 05       		.uleb128 0x5
 1340 0039 13       		.uleb128 0x13
 1341 003a 01       		.byte	0x1
 1342 003b 03       		.uleb128 0x3
 1343 003c 0E       		.uleb128 0xe
 1344 003d 0B       		.uleb128 0xb
 1345 003e 0B       		.uleb128 0xb
 1346 003f 3A       		.uleb128 0x3a
 1347 0040 0B       		.uleb128 0xb
 1348 0041 3B       		.uleb128 0x3b
 1349 0042 0B       		.uleb128 0xb
 1350 0043 01       		.uleb128 0x1
 1351 0044 13       		.uleb128 0x13
 1352 0045 00       		.byte	0
 1353 0046 00       		.byte	0
 1354 0047 06       		.uleb128 0x6
 1355 0048 0D       		.uleb128 0xd
 1356 0049 00       		.byte	0
 1357 004a 03       		.uleb128 0x3
 1358 004b 0E       		.uleb128 0xe
 1359 004c 3A       		.uleb128 0x3a
ARM GAS  /tmp/ccblQE5v.s 			page 25


 1360 004d 0B       		.uleb128 0xb
 1361 004e 3B       		.uleb128 0x3b
 1362 004f 0B       		.uleb128 0xb
 1363 0050 49       		.uleb128 0x49
 1364 0051 13       		.uleb128 0x13
 1365 0052 38       		.uleb128 0x38
 1366 0053 0A       		.uleb128 0xa
 1367 0054 00       		.byte	0
 1368 0055 00       		.byte	0
 1369 0056 07       		.uleb128 0x7
 1370 0057 0D       		.uleb128 0xd
 1371 0058 00       		.byte	0
 1372 0059 03       		.uleb128 0x3
 1373 005a 08       		.uleb128 0x8
 1374 005b 3A       		.uleb128 0x3a
 1375 005c 0B       		.uleb128 0xb
 1376 005d 3B       		.uleb128 0x3b
 1377 005e 0B       		.uleb128 0xb
 1378 005f 49       		.uleb128 0x49
 1379 0060 13       		.uleb128 0x13
 1380 0061 38       		.uleb128 0x38
 1381 0062 0A       		.uleb128 0xa
 1382 0063 00       		.byte	0
 1383 0064 00       		.byte	0
 1384 0065 08       		.uleb128 0x8
 1385 0066 13       		.uleb128 0x13
 1386 0067 01       		.byte	0x1
 1387 0068 0B       		.uleb128 0xb
 1388 0069 0B       		.uleb128 0xb
 1389 006a 3A       		.uleb128 0x3a
 1390 006b 0B       		.uleb128 0xb
 1391 006c 3B       		.uleb128 0x3b
 1392 006d 0B       		.uleb128 0xb
 1393 006e 01       		.uleb128 0x1
 1394 006f 13       		.uleb128 0x13
 1395 0070 00       		.byte	0
 1396 0071 00       		.byte	0
 1397 0072 09       		.uleb128 0x9
 1398 0073 0F       		.uleb128 0xf
 1399 0074 00       		.byte	0
 1400 0075 0B       		.uleb128 0xb
 1401 0076 0B       		.uleb128 0xb
 1402 0077 49       		.uleb128 0x49
 1403 0078 13       		.uleb128 0x13
 1404 0079 00       		.byte	0
 1405 007a 00       		.byte	0
 1406 007b 0A       		.uleb128 0xa
 1407 007c 0F       		.uleb128 0xf
 1408 007d 00       		.byte	0
 1409 007e 0B       		.uleb128 0xb
 1410 007f 0B       		.uleb128 0xb
 1411 0080 00       		.byte	0
 1412 0081 00       		.byte	0
 1413 0082 0B       		.uleb128 0xb
 1414 0083 13       		.uleb128 0x13
 1415 0084 01       		.byte	0x1
 1416 0085 03       		.uleb128 0x3
ARM GAS  /tmp/ccblQE5v.s 			page 26


 1417 0086 0E       		.uleb128 0xe
 1418 0087 0B       		.uleb128 0xb
 1419 0088 0B       		.uleb128 0xb
 1420 0089 3A       		.uleb128 0x3a
 1421 008a 0B       		.uleb128 0xb
 1422 008b 3B       		.uleb128 0x3b
 1423 008c 05       		.uleb128 0x5
 1424 008d 01       		.uleb128 0x1
 1425 008e 13       		.uleb128 0x13
 1426 008f 00       		.byte	0
 1427 0090 00       		.byte	0
 1428 0091 0C       		.uleb128 0xc
 1429 0092 0D       		.uleb128 0xd
 1430 0093 00       		.byte	0
 1431 0094 03       		.uleb128 0x3
 1432 0095 08       		.uleb128 0x8
 1433 0096 3A       		.uleb128 0x3a
 1434 0097 0B       		.uleb128 0xb
 1435 0098 3B       		.uleb128 0x3b
 1436 0099 05       		.uleb128 0x5
 1437 009a 49       		.uleb128 0x49
 1438 009b 13       		.uleb128 0x13
 1439 009c 38       		.uleb128 0x38
 1440 009d 0A       		.uleb128 0xa
 1441 009e 00       		.byte	0
 1442 009f 00       		.byte	0
 1443 00a0 0D       		.uleb128 0xd
 1444 00a1 35       		.uleb128 0x35
 1445 00a2 00       		.byte	0
 1446 00a3 49       		.uleb128 0x49
 1447 00a4 13       		.uleb128 0x13
 1448 00a5 00       		.byte	0
 1449 00a6 00       		.byte	0
 1450 00a7 0E       		.uleb128 0xe
 1451 00a8 17       		.uleb128 0x17
 1452 00a9 01       		.byte	0x1
 1453 00aa 0B       		.uleb128 0xb
 1454 00ab 0B       		.uleb128 0xb
 1455 00ac 3A       		.uleb128 0x3a
 1456 00ad 0B       		.uleb128 0xb
 1457 00ae 3B       		.uleb128 0x3b
 1458 00af 0B       		.uleb128 0xb
 1459 00b0 01       		.uleb128 0x1
 1460 00b1 13       		.uleb128 0x13
 1461 00b2 00       		.byte	0
 1462 00b3 00       		.byte	0
 1463 00b4 0F       		.uleb128 0xf
 1464 00b5 0D       		.uleb128 0xd
 1465 00b6 00       		.byte	0
 1466 00b7 03       		.uleb128 0x3
 1467 00b8 0E       		.uleb128 0xe
 1468 00b9 3A       		.uleb128 0x3a
 1469 00ba 0B       		.uleb128 0xb
 1470 00bb 3B       		.uleb128 0x3b
 1471 00bc 0B       		.uleb128 0xb
 1472 00bd 49       		.uleb128 0x49
 1473 00be 13       		.uleb128 0x13
ARM GAS  /tmp/ccblQE5v.s 			page 27


 1474 00bf 00       		.byte	0
 1475 00c0 00       		.byte	0
 1476 00c1 10       		.uleb128 0x10
 1477 00c2 26       		.uleb128 0x26
 1478 00c3 00       		.byte	0
 1479 00c4 49       		.uleb128 0x49
 1480 00c5 13       		.uleb128 0x13
 1481 00c6 00       		.byte	0
 1482 00c7 00       		.byte	0
 1483 00c8 11       		.uleb128 0x11
 1484 00c9 2E       		.uleb128 0x2e
 1485 00ca 01       		.byte	0x1
 1486 00cb 03       		.uleb128 0x3
 1487 00cc 0E       		.uleb128 0xe
 1488 00cd 3A       		.uleb128 0x3a
 1489 00ce 0B       		.uleb128 0xb
 1490 00cf 3B       		.uleb128 0x3b
 1491 00d0 0B       		.uleb128 0xb
 1492 00d1 27       		.uleb128 0x27
 1493 00d2 0C       		.uleb128 0xc
 1494 00d3 20       		.uleb128 0x20
 1495 00d4 0B       		.uleb128 0xb
 1496 00d5 01       		.uleb128 0x1
 1497 00d6 13       		.uleb128 0x13
 1498 00d7 00       		.byte	0
 1499 00d8 00       		.byte	0
 1500 00d9 12       		.uleb128 0x12
 1501 00da 05       		.uleb128 0x5
 1502 00db 00       		.byte	0
 1503 00dc 03       		.uleb128 0x3
 1504 00dd 08       		.uleb128 0x8
 1505 00de 3A       		.uleb128 0x3a
 1506 00df 0B       		.uleb128 0xb
 1507 00e0 3B       		.uleb128 0x3b
 1508 00e1 0B       		.uleb128 0xb
 1509 00e2 49       		.uleb128 0x49
 1510 00e3 13       		.uleb128 0x13
 1511 00e4 00       		.byte	0
 1512 00e5 00       		.byte	0
 1513 00e6 13       		.uleb128 0x13
 1514 00e7 2E       		.uleb128 0x2e
 1515 00e8 01       		.byte	0x1
 1516 00e9 03       		.uleb128 0x3
 1517 00ea 0E       		.uleb128 0xe
 1518 00eb 3A       		.uleb128 0x3a
 1519 00ec 0B       		.uleb128 0xb
 1520 00ed 3B       		.uleb128 0x3b
 1521 00ee 0B       		.uleb128 0xb
 1522 00ef 27       		.uleb128 0x27
 1523 00f0 0C       		.uleb128 0xc
 1524 00f1 49       		.uleb128 0x49
 1525 00f2 13       		.uleb128 0x13
 1526 00f3 20       		.uleb128 0x20
 1527 00f4 0B       		.uleb128 0xb
 1528 00f5 01       		.uleb128 0x1
 1529 00f6 13       		.uleb128 0x13
 1530 00f7 00       		.byte	0
ARM GAS  /tmp/ccblQE5v.s 			page 28


 1531 00f8 00       		.byte	0
 1532 00f9 14       		.uleb128 0x14
 1533 00fa 34       		.uleb128 0x34
 1534 00fb 00       		.byte	0
 1535 00fc 03       		.uleb128 0x3
 1536 00fd 08       		.uleb128 0x8
 1537 00fe 3A       		.uleb128 0x3a
 1538 00ff 0B       		.uleb128 0xb
 1539 0100 3B       		.uleb128 0x3b
 1540 0101 0B       		.uleb128 0xb
 1541 0102 49       		.uleb128 0x49
 1542 0103 13       		.uleb128 0x13
 1543 0104 00       		.byte	0
 1544 0105 00       		.byte	0
 1545 0106 15       		.uleb128 0x15
 1546 0107 2E       		.uleb128 0x2e
 1547 0108 01       		.byte	0x1
 1548 0109 3F       		.uleb128 0x3f
 1549 010a 0C       		.uleb128 0xc
 1550 010b 03       		.uleb128 0x3
 1551 010c 0E       		.uleb128 0xe
 1552 010d 3A       		.uleb128 0x3a
 1553 010e 0B       		.uleb128 0xb
 1554 010f 3B       		.uleb128 0x3b
 1555 0110 0B       		.uleb128 0xb
 1556 0111 27       		.uleb128 0x27
 1557 0112 0C       		.uleb128 0xc
 1558 0113 49       		.uleb128 0x49
 1559 0114 13       		.uleb128 0x13
 1560 0115 11       		.uleb128 0x11
 1561 0116 01       		.uleb128 0x1
 1562 0117 12       		.uleb128 0x12
 1563 0118 01       		.uleb128 0x1
 1564 0119 40       		.uleb128 0x40
 1565 011a 06       		.uleb128 0x6
 1566 011b 9742     		.uleb128 0x2117
 1567 011d 0C       		.uleb128 0xc
 1568 011e 01       		.uleb128 0x1
 1569 011f 13       		.uleb128 0x13
 1570 0120 00       		.byte	0
 1571 0121 00       		.byte	0
 1572 0122 16       		.uleb128 0x16
 1573 0123 05       		.uleb128 0x5
 1574 0124 00       		.byte	0
 1575 0125 03       		.uleb128 0x3
 1576 0126 08       		.uleb128 0x8
 1577 0127 3A       		.uleb128 0x3a
 1578 0128 0B       		.uleb128 0xb
 1579 0129 3B       		.uleb128 0x3b
 1580 012a 0B       		.uleb128 0xb
 1581 012b 49       		.uleb128 0x49
 1582 012c 13       		.uleb128 0x13
 1583 012d 02       		.uleb128 0x2
 1584 012e 06       		.uleb128 0x6
 1585 012f 00       		.byte	0
 1586 0130 00       		.byte	0
 1587 0131 17       		.uleb128 0x17
ARM GAS  /tmp/ccblQE5v.s 			page 29


 1588 0132 34       		.uleb128 0x34
 1589 0133 00       		.byte	0
 1590 0134 03       		.uleb128 0x3
 1591 0135 08       		.uleb128 0x8
 1592 0136 3A       		.uleb128 0x3a
 1593 0137 0B       		.uleb128 0xb
 1594 0138 3B       		.uleb128 0x3b
 1595 0139 0B       		.uleb128 0xb
 1596 013a 49       		.uleb128 0x49
 1597 013b 13       		.uleb128 0x13
 1598 013c 02       		.uleb128 0x2
 1599 013d 06       		.uleb128 0x6
 1600 013e 00       		.byte	0
 1601 013f 00       		.byte	0
 1602 0140 18       		.uleb128 0x18
 1603 0141 0B       		.uleb128 0xb
 1604 0142 01       		.byte	0x1
 1605 0143 11       		.uleb128 0x11
 1606 0144 01       		.uleb128 0x1
 1607 0145 12       		.uleb128 0x12
 1608 0146 01       		.uleb128 0x1
 1609 0147 01       		.uleb128 0x1
 1610 0148 13       		.uleb128 0x13
 1611 0149 00       		.byte	0
 1612 014a 00       		.byte	0
 1613 014b 19       		.uleb128 0x19
 1614 014c 1D       		.uleb128 0x1d
 1615 014d 01       		.byte	0x1
 1616 014e 31       		.uleb128 0x31
 1617 014f 13       		.uleb128 0x13
 1618 0150 52       		.uleb128 0x52
 1619 0151 01       		.uleb128 0x1
 1620 0152 55       		.uleb128 0x55
 1621 0153 06       		.uleb128 0x6
 1622 0154 58       		.uleb128 0x58
 1623 0155 0B       		.uleb128 0xb
 1624 0156 59       		.uleb128 0x59
 1625 0157 0B       		.uleb128 0xb
 1626 0158 01       		.uleb128 0x1
 1627 0159 13       		.uleb128 0x13
 1628 015a 00       		.byte	0
 1629 015b 00       		.byte	0
 1630 015c 1A       		.uleb128 0x1a
 1631 015d 05       		.uleb128 0x5
 1632 015e 00       		.byte	0
 1633 015f 31       		.uleb128 0x31
 1634 0160 13       		.uleb128 0x13
 1635 0161 02       		.uleb128 0x2
 1636 0162 06       		.uleb128 0x6
 1637 0163 00       		.byte	0
 1638 0164 00       		.byte	0
 1639 0165 1B       		.uleb128 0x1b
 1640 0166 898201   		.uleb128 0x4109
 1641 0169 00       		.byte	0
 1642 016a 11       		.uleb128 0x11
 1643 016b 01       		.uleb128 0x1
 1644 016c 31       		.uleb128 0x31
ARM GAS  /tmp/ccblQE5v.s 			page 30


 1645 016d 13       		.uleb128 0x13
 1646 016e 00       		.byte	0
 1647 016f 00       		.byte	0
 1648 0170 1C       		.uleb128 0x1c
 1649 0171 898201   		.uleb128 0x4109
 1650 0174 01       		.byte	0x1
 1651 0175 11       		.uleb128 0x11
 1652 0176 01       		.uleb128 0x1
 1653 0177 31       		.uleb128 0x31
 1654 0178 13       		.uleb128 0x13
 1655 0179 01       		.uleb128 0x1
 1656 017a 13       		.uleb128 0x13
 1657 017b 00       		.byte	0
 1658 017c 00       		.byte	0
 1659 017d 1D       		.uleb128 0x1d
 1660 017e 8A8201   		.uleb128 0x410a
 1661 0181 00       		.byte	0
 1662 0182 02       		.uleb128 0x2
 1663 0183 0A       		.uleb128 0xa
 1664 0184 9142     		.uleb128 0x2111
 1665 0186 0A       		.uleb128 0xa
 1666 0187 00       		.byte	0
 1667 0188 00       		.byte	0
 1668 0189 1E       		.uleb128 0x1e
 1669 018a 898201   		.uleb128 0x4109
 1670 018d 01       		.byte	0x1
 1671 018e 11       		.uleb128 0x11
 1672 018f 01       		.uleb128 0x1
 1673 0190 31       		.uleb128 0x31
 1674 0191 13       		.uleb128 0x13
 1675 0192 00       		.byte	0
 1676 0193 00       		.byte	0
 1677 0194 1F       		.uleb128 0x1f
 1678 0195 1D       		.uleb128 0x1d
 1679 0196 01       		.byte	0x1
 1680 0197 31       		.uleb128 0x31
 1681 0198 13       		.uleb128 0x13
 1682 0199 11       		.uleb128 0x11
 1683 019a 01       		.uleb128 0x1
 1684 019b 12       		.uleb128 0x12
 1685 019c 01       		.uleb128 0x1
 1686 019d 58       		.uleb128 0x58
 1687 019e 0B       		.uleb128 0xb
 1688 019f 59       		.uleb128 0x59
 1689 01a0 0B       		.uleb128 0xb
 1690 01a1 01       		.uleb128 0x1
 1691 01a2 13       		.uleb128 0x13
 1692 01a3 00       		.byte	0
 1693 01a4 00       		.byte	0
 1694 01a5 20       		.uleb128 0x20
 1695 01a6 0B       		.uleb128 0xb
 1696 01a7 01       		.byte	0x1
 1697 01a8 11       		.uleb128 0x11
 1698 01a9 01       		.uleb128 0x1
 1699 01aa 12       		.uleb128 0x12
 1700 01ab 01       		.uleb128 0x1
 1701 01ac 00       		.byte	0
ARM GAS  /tmp/ccblQE5v.s 			page 31


 1702 01ad 00       		.byte	0
 1703 01ae 21       		.uleb128 0x21
 1704 01af 34       		.uleb128 0x34
 1705 01b0 00       		.byte	0
 1706 01b1 31       		.uleb128 0x31
 1707 01b2 13       		.uleb128 0x13
 1708 01b3 02       		.uleb128 0x2
 1709 01b4 06       		.uleb128 0x6
 1710 01b5 00       		.byte	0
 1711 01b6 00       		.byte	0
 1712 01b7 22       		.uleb128 0x22
 1713 01b8 2E       		.uleb128 0x2e
 1714 01b9 01       		.byte	0x1
 1715 01ba 3F       		.uleb128 0x3f
 1716 01bb 0C       		.uleb128 0xc
 1717 01bc 03       		.uleb128 0x3
 1718 01bd 0E       		.uleb128 0xe
 1719 01be 3A       		.uleb128 0x3a
 1720 01bf 0B       		.uleb128 0xb
 1721 01c0 3B       		.uleb128 0x3b
 1722 01c1 0B       		.uleb128 0xb
 1723 01c2 27       		.uleb128 0x27
 1724 01c3 0C       		.uleb128 0xc
 1725 01c4 11       		.uleb128 0x11
 1726 01c5 01       		.uleb128 0x1
 1727 01c6 12       		.uleb128 0x12
 1728 01c7 01       		.uleb128 0x1
 1729 01c8 40       		.uleb128 0x40
 1730 01c9 06       		.uleb128 0x6
 1731 01ca 9742     		.uleb128 0x2117
 1732 01cc 0C       		.uleb128 0xc
 1733 01cd 01       		.uleb128 0x1
 1734 01ce 13       		.uleb128 0x13
 1735 01cf 00       		.byte	0
 1736 01d0 00       		.byte	0
 1737 01d1 23       		.uleb128 0x23
 1738 01d2 34       		.uleb128 0x34
 1739 01d3 00       		.byte	0
 1740 01d4 03       		.uleb128 0x3
 1741 01d5 0E       		.uleb128 0xe
 1742 01d6 3A       		.uleb128 0x3a
 1743 01d7 0B       		.uleb128 0xb
 1744 01d8 3B       		.uleb128 0x3b
 1745 01d9 0B       		.uleb128 0xb
 1746 01da 49       		.uleb128 0x49
 1747 01db 13       		.uleb128 0x13
 1748 01dc 3F       		.uleb128 0x3f
 1749 01dd 0C       		.uleb128 0xc
 1750 01de 3C       		.uleb128 0x3c
 1751 01df 0C       		.uleb128 0xc
 1752 01e0 00       		.byte	0
 1753 01e1 00       		.byte	0
 1754 01e2 24       		.uleb128 0x24
 1755 01e3 2E       		.uleb128 0x2e
 1756 01e4 00       		.byte	0
 1757 01e5 3F       		.uleb128 0x3f
 1758 01e6 0C       		.uleb128 0xc
ARM GAS  /tmp/ccblQE5v.s 			page 32


 1759 01e7 03       		.uleb128 0x3
 1760 01e8 0E       		.uleb128 0xe
 1761 01e9 3A       		.uleb128 0x3a
 1762 01ea 0B       		.uleb128 0xb
 1763 01eb 3B       		.uleb128 0x3b
 1764 01ec 0B       		.uleb128 0xb
 1765 01ed 27       		.uleb128 0x27
 1766 01ee 0C       		.uleb128 0xc
 1767 01ef 3C       		.uleb128 0x3c
 1768 01f0 0C       		.uleb128 0xc
 1769 01f1 00       		.byte	0
 1770 01f2 00       		.byte	0
 1771 01f3 25       		.uleb128 0x25
 1772 01f4 2E       		.uleb128 0x2e
 1773 01f5 01       		.byte	0x1
 1774 01f6 3F       		.uleb128 0x3f
 1775 01f7 0C       		.uleb128 0xc
 1776 01f8 03       		.uleb128 0x3
 1777 01f9 0E       		.uleb128 0xe
 1778 01fa 3A       		.uleb128 0x3a
 1779 01fb 0B       		.uleb128 0xb
 1780 01fc 3B       		.uleb128 0x3b
 1781 01fd 0B       		.uleb128 0xb
 1782 01fe 27       		.uleb128 0x27
 1783 01ff 0C       		.uleb128 0xc
 1784 0200 3C       		.uleb128 0x3c
 1785 0201 0C       		.uleb128 0xc
 1786 0202 01       		.uleb128 0x1
 1787 0203 13       		.uleb128 0x13
 1788 0204 00       		.byte	0
 1789 0205 00       		.byte	0
 1790 0206 26       		.uleb128 0x26
 1791 0207 05       		.uleb128 0x5
 1792 0208 00       		.byte	0
 1793 0209 49       		.uleb128 0x49
 1794 020a 13       		.uleb128 0x13
 1795 020b 00       		.byte	0
 1796 020c 00       		.byte	0
 1797 020d 27       		.uleb128 0x27
 1798 020e 2E       		.uleb128 0x2e
 1799 020f 01       		.byte	0x1
 1800 0210 3F       		.uleb128 0x3f
 1801 0211 0C       		.uleb128 0xc
 1802 0212 03       		.uleb128 0x3
 1803 0213 0E       		.uleb128 0xe
 1804 0214 3A       		.uleb128 0x3a
 1805 0215 0B       		.uleb128 0xb
 1806 0216 3B       		.uleb128 0x3b
 1807 0217 0B       		.uleb128 0xb
 1808 0218 27       		.uleb128 0x27
 1809 0219 0C       		.uleb128 0xc
 1810 021a 49       		.uleb128 0x49
 1811 021b 13       		.uleb128 0x13
 1812 021c 3C       		.uleb128 0x3c
 1813 021d 0C       		.uleb128 0xc
 1814 021e 01       		.uleb128 0x1
 1815 021f 13       		.uleb128 0x13
ARM GAS  /tmp/ccblQE5v.s 			page 33


 1816 0220 00       		.byte	0
 1817 0221 00       		.byte	0
 1818 0222 28       		.uleb128 0x28
 1819 0223 2E       		.uleb128 0x2e
 1820 0224 01       		.byte	0x1
 1821 0225 3F       		.uleb128 0x3f
 1822 0226 0C       		.uleb128 0xc
 1823 0227 03       		.uleb128 0x3
 1824 0228 0E       		.uleb128 0xe
 1825 0229 3A       		.uleb128 0x3a
 1826 022a 0B       		.uleb128 0xb
 1827 022b 3B       		.uleb128 0x3b
 1828 022c 0B       		.uleb128 0xb
 1829 022d 27       		.uleb128 0x27
 1830 022e 0C       		.uleb128 0xc
 1831 022f 3C       		.uleb128 0x3c
 1832 0230 0C       		.uleb128 0xc
 1833 0231 00       		.byte	0
 1834 0232 00       		.byte	0
 1835 0233 00       		.byte	0
 1836              		.section	.debug_loc,"",%progbits
 1837              	.Ldebug_loc0:
 1838              	.LLST0:
 1839 0000 00000000 		.4byte	.LFB7
 1840 0004 04000000 		.4byte	.LCFI0
 1841 0008 0200     		.2byte	0x2
 1842 000a 7D       		.byte	0x7d
 1843 000b 00       		.sleb128 0
 1844 000c 04000000 		.4byte	.LCFI0
 1845 0010 60000000 		.4byte	.LFE7
 1846 0014 0200     		.2byte	0x2
 1847 0016 7D       		.byte	0x7d
 1848 0017 10       		.sleb128 16
 1849 0018 00000000 		.4byte	0
 1850 001c 00000000 		.4byte	0
 1851              	.LLST1:
 1852 0020 00000000 		.4byte	.LVL0
 1853 0024 0C000000 		.4byte	.LVL2
 1854 0028 0100     		.2byte	0x1
 1855 002a 50       		.byte	0x50
 1856 002b 0C000000 		.4byte	.LVL2
 1857 002f 4E000000 		.4byte	.LVL15
 1858 0033 0100     		.2byte	0x1
 1859 0035 55       		.byte	0x55
 1860 0036 4E000000 		.4byte	.LVL15
 1861 003a 50000000 		.4byte	.LVL16
 1862 003e 0100     		.2byte	0x1
 1863 0040 50       		.byte	0x50
 1864 0041 50000000 		.4byte	.LVL16
 1865 0045 60000000 		.4byte	.LFE7
 1866 0049 0100     		.2byte	0x1
 1867 004b 55       		.byte	0x55
 1868 004c 00000000 		.4byte	0
 1869 0050 00000000 		.4byte	0
 1870              	.LLST2:
 1871 0054 00000000 		.4byte	.LVL0
 1872 0058 0C000000 		.4byte	.LVL2
ARM GAS  /tmp/ccblQE5v.s 			page 34


 1873 005c 0100     		.2byte	0x1
 1874 005e 51       		.byte	0x51
 1875 005f 0C000000 		.4byte	.LVL2
 1876 0063 38000000 		.4byte	.LVL9
 1877 0067 0100     		.2byte	0x1
 1878 0069 56       		.byte	0x56
 1879 006a 38000000 		.4byte	.LVL9
 1880 006e 46000000 		.4byte	.LVL13
 1881 0072 0100     		.2byte	0x1
 1882 0074 54       		.byte	0x54
 1883 0075 46000000 		.4byte	.LVL13
 1884 0079 4E000000 		.4byte	.LVL15
 1885 007d 0100     		.2byte	0x1
 1886 007f 56       		.byte	0x56
 1887 0080 4E000000 		.4byte	.LVL15
 1888 0084 53000000 		.4byte	.LVL17-1
 1889 0088 0100     		.2byte	0x1
 1890 008a 51       		.byte	0x51
 1891 008b 53000000 		.4byte	.LVL17-1
 1892 008f 60000000 		.4byte	.LFE7
 1893 0093 0100     		.2byte	0x1
 1894 0095 56       		.byte	0x56
 1895 0096 00000000 		.4byte	0
 1896 009a 00000000 		.4byte	0
 1897              	.LLST3:
 1898 009e 0A000000 		.4byte	.LVL1
 1899 00a2 38000000 		.4byte	.LVL9
 1900 00a6 0100     		.2byte	0x1
 1901 00a8 54       		.byte	0x54
 1902 00a9 46000000 		.4byte	.LVL13
 1903 00ad 60000000 		.4byte	.LFE7
 1904 00b1 0100     		.2byte	0x1
 1905 00b3 54       		.byte	0x54
 1906 00b4 00000000 		.4byte	0
 1907 00b8 00000000 		.4byte	0
 1908              	.LLST4:
 1909 00bc 12000000 		.4byte	.LVL4
 1910 00c0 15000000 		.4byte	.LVL5-1
 1911 00c4 0100     		.2byte	0x1
 1912 00c6 53       		.byte	0x53
 1913 00c7 00000000 		.4byte	0
 1914 00cb 00000000 		.4byte	0
 1915              	.LLST5:
 1916 00cf 1C000000 		.4byte	.LVL6
 1917 00d3 30000000 		.4byte	.LVL7
 1918 00d7 0100     		.2byte	0x1
 1919 00d9 52       		.byte	0x52
 1920 00da 30000000 		.4byte	.LVL7
 1921 00de 46000000 		.4byte	.LVL13
 1922 00e2 0300     		.2byte	0x3
 1923 00e4 75       		.byte	0x75
 1924 00e5 30       		.sleb128 48
 1925 00e6 9F       		.byte	0x9f
 1926 00e7 46000000 		.4byte	.LVL13
 1927 00eb 4B000000 		.4byte	.LVL14-1
 1928 00ef 0100     		.2byte	0x1
 1929 00f1 52       		.byte	0x52
ARM GAS  /tmp/ccblQE5v.s 			page 35


 1930 00f2 4B000000 		.4byte	.LVL14-1
 1931 00f6 4E000000 		.4byte	.LVL15
 1932 00fa 0300     		.2byte	0x3
 1933 00fc 75       		.byte	0x75
 1934 00fd 30       		.sleb128 48
 1935 00fe 9F       		.byte	0x9f
 1936 00ff 00000000 		.4byte	0
 1937 0103 00000000 		.4byte	0
 1938              	.LLST6:
 1939 0107 1C000000 		.4byte	.LVL6
 1940 010b 38000000 		.4byte	.LVL9
 1941 010f 0100     		.2byte	0x1
 1942 0111 54       		.byte	0x54
 1943 0112 46000000 		.4byte	.LVL13
 1944 0116 4E000000 		.4byte	.LVL15
 1945 011a 0100     		.2byte	0x1
 1946 011c 54       		.byte	0x54
 1947 011d 00000000 		.4byte	0
 1948 0121 00000000 		.4byte	0
 1949              	.LLST7:
 1950 0125 42000000 		.4byte	.LVL12
 1951 0129 46000000 		.4byte	.LVL13
 1952 012d 0100     		.2byte	0x1
 1953 012f 53       		.byte	0x53
 1954 0130 00000000 		.4byte	0
 1955 0134 00000000 		.4byte	0
 1956              	.LLST8:
 1957 0138 00000000 		.4byte	.LFB8
 1958 013c 02000000 		.4byte	.LCFI1
 1959 0140 0200     		.2byte	0x2
 1960 0142 7D       		.byte	0x7d
 1961 0143 00       		.sleb128 0
 1962 0144 02000000 		.4byte	.LCFI1
 1963 0148 48000000 		.4byte	.LFE8
 1964 014c 0200     		.2byte	0x2
 1965 014e 7D       		.byte	0x7d
 1966 014f 10       		.sleb128 16
 1967 0150 00000000 		.4byte	0
 1968 0154 00000000 		.4byte	0
 1969              	.LLST9:
 1970 0158 08000000 		.4byte	.LVL19
 1971 015c 0D000000 		.4byte	.LVL20-1
 1972 0160 0100     		.2byte	0x1
 1973 0162 53       		.byte	0x53
 1974 0163 00000000 		.4byte	0
 1975 0167 00000000 		.4byte	0
 1976              	.LLST10:
 1977 016b 1A000000 		.4byte	.LVL21
 1978 016f 29000000 		.4byte	.LVL22-1
 1979 0173 0300     		.2byte	0x3
 1980 0175 72       		.byte	0x72
 1981 0176 30       		.sleb128 48
 1982 0177 9F       		.byte	0x9f
 1983 0178 00000000 		.4byte	0
 1984 017c 00000000 		.4byte	0
 1985              	.LLST11:
 1986 0180 1A000000 		.4byte	.LVL21
ARM GAS  /tmp/ccblQE5v.s 			page 36


 1987 0184 34000000 		.4byte	.LVL25
 1988 0188 0100     		.2byte	0x1
 1989 018a 54       		.byte	0x54
 1990 018b 00000000 		.4byte	0
 1991 018f 00000000 		.4byte	0
 1992              	.LLST12:
 1993 0193 30000000 		.4byte	.LVL24
 1994 0197 34000000 		.4byte	.LVL25
 1995 019b 0100     		.2byte	0x1
 1996 019d 53       		.byte	0x53
 1997 019e 00000000 		.4byte	0
 1998 01a2 00000000 		.4byte	0
 1999              	.LLST13:
 2000 01a6 00000000 		.4byte	.LFB9
 2001 01aa 02000000 		.4byte	.LCFI2
 2002 01ae 0200     		.2byte	0x2
 2003 01b0 7D       		.byte	0x7d
 2004 01b1 00       		.sleb128 0
 2005 01b2 02000000 		.4byte	.LCFI2
 2006 01b6 38000000 		.4byte	.LFE9
 2007 01ba 0200     		.2byte	0x2
 2008 01bc 7D       		.byte	0x7d
 2009 01bd 10       		.sleb128 16
 2010 01be 00000000 		.4byte	0
 2011 01c2 00000000 		.4byte	0
 2012              	.LLST14:
 2013 01c6 00000000 		.4byte	.LVL27
 2014 01ca 0F000000 		.4byte	.LVL30-1
 2015 01ce 0100     		.2byte	0x1
 2016 01d0 50       		.byte	0x50
 2017 01d1 0F000000 		.4byte	.LVL30-1
 2018 01d5 38000000 		.4byte	.LFE9
 2019 01d9 0100     		.2byte	0x1
 2020 01db 54       		.byte	0x54
 2021 01dc 00000000 		.4byte	0
 2022 01e0 00000000 		.4byte	0
 2023              	.LLST15:
 2024 01e4 00000000 		.4byte	.LVL27
 2025 01e8 0F000000 		.4byte	.LVL30-1
 2026 01ec 0100     		.2byte	0x1
 2027 01ee 51       		.byte	0x51
 2028 01ef 0F000000 		.4byte	.LVL30-1
 2029 01f3 38000000 		.4byte	.LFE9
 2030 01f7 0100     		.2byte	0x1
 2031 01f9 55       		.byte	0x55
 2032 01fa 00000000 		.4byte	0
 2033 01fe 00000000 		.4byte	0
 2034              	.LLST16:
 2035 0202 0C000000 		.4byte	.LVL29
 2036 0206 0F000000 		.4byte	.LVL30-1
 2037 020a 0100     		.2byte	0x1
 2038 020c 53       		.byte	0x53
 2039 020d 00000000 		.4byte	0
 2040 0211 00000000 		.4byte	0
 2041              	.LLST17:
 2042 0215 30000000 		.4byte	.LVL35
 2043 0219 38000000 		.4byte	.LFE9
ARM GAS  /tmp/ccblQE5v.s 			page 37


 2044 021d 0100     		.2byte	0x1
 2045 021f 53       		.byte	0x53
 2046 0220 00000000 		.4byte	0
 2047 0224 00000000 		.4byte	0
 2048              		.section	.debug_aranges,"",%progbits
 2049 0000 2C000000 		.4byte	0x2c
 2050 0004 0200     		.2byte	0x2
 2051 0006 00000000 		.4byte	.Ldebug_info0
 2052 000a 04       		.byte	0x4
 2053 000b 00       		.byte	0
 2054 000c 0000     		.2byte	0
 2055 000e 0000     		.2byte	0
 2056 0010 00000000 		.4byte	.LFB7
 2057 0014 60000000 		.4byte	.LFE7-.LFB7
 2058 0018 00000000 		.4byte	.LFB8
 2059 001c 48000000 		.4byte	.LFE8-.LFB8
 2060 0020 00000000 		.4byte	.LFB9
 2061 0024 38000000 		.4byte	.LFE9-.LFB9
 2062 0028 00000000 		.4byte	0
 2063 002c 00000000 		.4byte	0
 2064              		.section	.debug_ranges,"",%progbits
 2065              	.Ldebug_ranges0:
 2066 0000 20000000 		.4byte	.LBB11
 2067 0004 24000000 		.4byte	.LBE11
 2068 0008 28000000 		.4byte	.LBB14
 2069 000c 2E000000 		.4byte	.LBE14
 2070 0010 00000000 		.4byte	0
 2071 0014 00000000 		.4byte	0
 2072 0018 00000000 		.4byte	.LFB7
 2073 001c 60000000 		.4byte	.LFE7
 2074 0020 00000000 		.4byte	.LFB8
 2075 0024 48000000 		.4byte	.LFE8
 2076 0028 00000000 		.4byte	.LFB9
 2077 002c 38000000 		.4byte	.LFE9
 2078 0030 00000000 		.4byte	0
 2079 0034 00000000 		.4byte	0
 2080              		.section	.debug_line,"",%progbits
 2081              	.Ldebug_line0:
 2082 0000 F3010000 		.section	.debug_str,"MS",%progbits,1
 2082      02007401 
 2082      00000201 
 2082      FB0E0D00 
 2082      01010101 
 2083              	.LASF37:
 2084 0000 705F6D73 		.ascii	"p_msg\000"
 2084      6700
 2085              	.LASF74:
 2086 0006 71756575 		.ascii	"queue_insert\000"
 2086      655F696E 
 2086      73657274 
 2086      00
 2087              	.LASF70:
 2088 0013 63684462 		.ascii	"chDbgPanic\000"
 2088      6750616E 
 2088      696300
 2089              	.LASF60:
 2090 001e 7264796D 		.ascii	"rdymsg\000"
ARM GAS  /tmp/ccblQE5v.s 			page 38


 2090      736700
 2091              	.LASF11:
 2092 0025 75696E74 		.ascii	"uint64_t\000"
 2092      36345F74 
 2092      00
 2093              	.LASF12:
 2094 002e 6C6F6E67 		.ascii	"long long unsigned int\000"
 2094      206C6F6E 
 2094      6720756E 
 2094      7369676E 
 2094      65642069 
 2095              	.LASF61:
 2096 0045 65786974 		.ascii	"exitcode\000"
 2096      636F6465 
 2096      00
 2097              	.LASF72:
 2098 004e 2E2E2F2E 		.ascii	"../../ChibiOS/os/kernel/src/chmsg.c\000"
 2098      2E2F4368 
 2098      6962694F 
 2098      532F6F73 
 2098      2F6B6572 
 2099              	.LASF73:
 2100 0072 2F686F6D 		.ascii	"/home/david/Projects/stm32/src/pressure_sensor\000"
 2100      652F6461 
 2100      7669642F 
 2100      50726F6A 
 2100      65637473 
 2101              	.LASF1:
 2102 00a1 7369676E 		.ascii	"signed char\000"
 2102      65642063 
 2102      68617200 
 2103              	.LASF41:
 2104 00ad 705F6D70 		.ascii	"p_mpool\000"
 2104      6F6F6C00 
 2105              	.LASF57:
 2106 00b5 6D5F7175 		.ascii	"m_queue\000"
 2106      65756500 
 2107              	.LASF16:
 2108 00bd 74736C69 		.ascii	"tslices_t\000"
 2108      6365735F 
 2108      7400
 2109              	.LASF7:
 2110 00c7 6C6F6E67 		.ascii	"long int\000"
 2110      20696E74 
 2110      00
 2111              	.LASF65:
 2112 00d0 63684D73 		.ascii	"chMsgSend\000"
 2112      6753656E 
 2112      6400
 2113              	.LASF14:
 2114 00da 74737461 		.ascii	"tstate_t\000"
 2114      74655F74 
 2114      00
 2115              	.LASF10:
 2116 00e3 6C6F6E67 		.ascii	"long long int\000"
 2116      206C6F6E 
 2116      6720696E 
ARM GAS  /tmp/ccblQE5v.s 			page 39


 2116      7400
 2117              	.LASF26:
 2118 00f1 705F6E65 		.ascii	"p_newer\000"
 2118      77657200 
 2119              	.LASF52:
 2120 00f9 725F6E65 		.ascii	"r_newer\000"
 2120      77657200 
 2121              	.LASF44:
 2122 0101 72656761 		.ascii	"regarm_t\000"
 2122      726D5F74 
 2122      00
 2123              	.LASF29:
 2124 010a 705F7374 		.ascii	"p_stklimit\000"
 2124      6B6C696D 
 2124      697400
 2125              	.LASF0:
 2126 0115 756E7369 		.ascii	"unsigned int\000"
 2126      676E6564 
 2126      20696E74 
 2126      00
 2127              	.LASF9:
 2128 0122 6C6F6E67 		.ascii	"long unsigned int\000"
 2128      20756E73 
 2128      69676E65 
 2128      6420696E 
 2128      7400
 2129              	.LASF47:
 2130 0134 636F6E74 		.ascii	"context\000"
 2130      65787400 
 2131              	.LASF4:
 2132 013c 73686F72 		.ascii	"short unsigned int\000"
 2132      7420756E 
 2132      7369676E 
 2132      65642069 
 2132      6E7400
 2133              	.LASF18:
 2134 014f 6D73675F 		.ascii	"msg_t\000"
 2134      7400
 2135              	.LASF13:
 2136 0155 746D6F64 		.ascii	"tmode_t\000"
 2136      655F7400 
 2137              	.LASF43:
 2138 015d 54687265 		.ascii	"ThreadsList\000"
 2138      6164734C 
 2138      69737400 
 2139              	.LASF19:
 2140 0169 6576656E 		.ascii	"eventmask_t\000"
 2140      746D6173 
 2140      6B5F7400 
 2141              	.LASF56:
 2142 0175 4D757465 		.ascii	"Mutex\000"
 2142      7800
 2143              	.LASF45:
 2144 017b 73746B61 		.ascii	"stkalign_t\000"
 2144      6C69676E 
 2144      5F7400
 2145              	.LASF48:
ARM GAS  /tmp/ccblQE5v.s 			page 40


 2146 0186 73697A65 		.ascii	"sizetype\000"
 2146      74797065 
 2146      00
 2147              	.LASF67:
 2148 018f 6462675F 		.ascii	"dbg_check_lock\000"
 2148      63686563 
 2148      6B5F6C6F 
 2148      636B00
 2149              	.LASF24:
 2150 019e 705F7072 		.ascii	"p_prio\000"
 2150      696F00
 2151              	.LASF27:
 2152 01a5 705F6F6C 		.ascii	"p_older\000"
 2152      64657200 
 2153              	.LASF51:
 2154 01ad 725F6374 		.ascii	"r_ctx\000"
 2154      7800
 2155              	.LASF42:
 2156 01b3 54687265 		.ascii	"ThreadsQueue\000"
 2156      61647351 
 2156      75657565 
 2156      00
 2157              	.LASF71:
 2158 01c0 474E5520 		.ascii	"GNU C 4.7.2\000"
 2158      4320342E 
 2158      372E3200 
 2159              	.LASF54:
 2160 01cc 725F6375 		.ascii	"r_current\000"
 2160      7272656E 
 2160      7400
 2161              	.LASF53:
 2162 01d6 725F6F6C 		.ascii	"r_older\000"
 2162      64657200 
 2163              	.LASF68:
 2164 01de 6462675F 		.ascii	"dbg_check_unlock\000"
 2164      63686563 
 2164      6B5F756E 
 2164      6C6F636B 
 2164      00
 2165              	.LASF15:
 2166 01ef 74726566 		.ascii	"trefs_t\000"
 2166      735F7400 
 2167              	.LASF23:
 2168 01f7 705F7072 		.ascii	"p_prev\000"
 2168      657600
 2169              	.LASF17:
 2170 01fe 74707269 		.ascii	"tprio_t\000"
 2170      6F5F7400 
 2171              	.LASF6:
 2172 0206 696E7433 		.ascii	"int32_t\000"
 2172      325F7400 
 2173              	.LASF2:
 2174 020e 756E7369 		.ascii	"unsigned char\000"
 2174      676E6564 
 2174      20636861 
 2174      7200
 2175              	.LASF39:
ARM GAS  /tmp/ccblQE5v.s 			page 41


 2176 021c 705F6D74 		.ascii	"p_mtxlist\000"
 2176      786C6973 
 2176      7400
 2177              	.LASF3:
 2178 0226 73686F72 		.ascii	"short int\000"
 2178      7420696E 
 2178      7400
 2179              	.LASF30:
 2180 0230 705F7374 		.ascii	"p_state\000"
 2180      61746500 
 2181              	.LASF33:
 2182 0238 705F7072 		.ascii	"p_preempt\000"
 2182      65656D70 
 2182      7400
 2183              	.LASF50:
 2184 0242 725F7072 		.ascii	"r_prio\000"
 2184      696F00
 2185              	.LASF63:
 2186 0249 65776D61 		.ascii	"ewmask\000"
 2186      736B00
 2187              	.LASF22:
 2188 0250 705F6E65 		.ascii	"p_next\000"
 2188      787400
 2189              	.LASF31:
 2190 0257 705F666C 		.ascii	"p_flags\000"
 2190      61677300 
 2191              	.LASF21:
 2192 025f 54687265 		.ascii	"Thread\000"
 2192      616400
 2193              	.LASF76:
 2194 0266 63684D73 		.ascii	"chMsgRelease\000"
 2194      6752656C 
 2194      65617365 
 2194      00
 2195              	.LASF69:
 2196 0273 63685363 		.ascii	"chSchGoSleepS\000"
 2196      68476F53 
 2196      6C656570 
 2196      5300
 2197              	.LASF38:
 2198 0281 705F6570 		.ascii	"p_epending\000"
 2198      656E6469 
 2198      6E6700
 2199              	.LASF8:
 2200 028c 75696E74 		.ascii	"uint32_t\000"
 2200      33325F74 
 2200      00
 2201              	.LASF49:
 2202 0295 725F7175 		.ascii	"r_queue\000"
 2202      65756500 
 2203              	.LASF78:
 2204 029d 63685363 		.ascii	"chSchReadyI\000"
 2204      68526561 
 2204      64794900 
 2205              	.LASF64:
 2206 02a9 63686172 		.ascii	"char\000"
 2206      00
ARM GAS  /tmp/ccblQE5v.s 			page 42


 2207              	.LASF75:
 2208 02ae 6669666F 		.ascii	"fifo_remove\000"
 2208      5F72656D 
 2208      6F766500 
 2209              	.LASF59:
 2210 02ba 6D5F6E65 		.ascii	"m_next\000"
 2210      787400
 2211              	.LASF20:
 2212 02c1 73797374 		.ascii	"systime_t\000"
 2212      696D655F 
 2212      7400
 2213              	.LASF40:
 2214 02cb 705F7265 		.ascii	"p_realprio\000"
 2214      616C7072 
 2214      696F00
 2215              	.LASF34:
 2216 02d6 705F7469 		.ascii	"p_time\000"
 2216      6D6500
 2217              	.LASF46:
 2218 02dd 696E7463 		.ascii	"intctx\000"
 2218      747800
 2219              	.LASF36:
 2220 02e4 705F6D73 		.ascii	"p_msgqueue\000"
 2220      67717565 
 2220      756500
 2221              	.LASF79:
 2222 02ef 63685363 		.ascii	"chSchWakeupS\000"
 2222      6857616B 
 2222      65757053 
 2222      00
 2223              	.LASF66:
 2224 02fc 63684D73 		.ascii	"chMsgWait\000"
 2224      67576169 
 2224      7400
 2225              	.LASF32:
 2226 0306 705F7265 		.ascii	"p_refs\000"
 2226      667300
 2227              	.LASF55:
 2228 030d 52656164 		.ascii	"ReadyList\000"
 2228      794C6973 
 2228      7400
 2229              	.LASF77:
 2230 0317 726C6973 		.ascii	"rlist\000"
 2230      7400
 2231              	.LASF5:
 2232 031d 75696E74 		.ascii	"uint8_t\000"
 2232      385F7400 
 2233              	.LASF62:
 2234 0325 77746F62 		.ascii	"wtobjp\000"
 2234      6A7000
 2235              	.LASF28:
 2236 032c 705F6E61 		.ascii	"p_name\000"
 2236      6D6500
 2237              	.LASF58:
 2238 0333 6D5F6F77 		.ascii	"m_owner\000"
 2238      6E657200 
 2239              	.LASF25:
ARM GAS  /tmp/ccblQE5v.s 			page 43


 2240 033b 705F6374 		.ascii	"p_ctx\000"
 2240      7800
 2241              	.LASF35:
 2242 0341 705F7761 		.ascii	"p_waiting\000"
 2242      6974696E 
 2242      6700
 2243              		.ident	"GCC: (crosstool-NG 1.17.0 - PSAS ST32F4 GFE) 4.7.2"
ARM GAS  /tmp/ccblQE5v.s 			page 44


DEFINED SYMBOLS
                            *ABS*:0000000000000000 chmsg.c
     /tmp/ccblQE5v.s:21     .text.chMsgSend:0000000000000000 $t
     /tmp/ccblQE5v.s:27     .text.chMsgSend:0000000000000000 chMsgSend
     /tmp/ccblQE5v.s:140    .text.chMsgSend:0000000000000058 $d
     /tmp/ccblQE5v.s:146    .text.chMsgWait:0000000000000000 $t
     /tmp/ccblQE5v.s:152    .text.chMsgWait:0000000000000000 chMsgWait
     /tmp/ccblQE5v.s:227    .text.chMsgWait:0000000000000044 $d
     /tmp/ccblQE5v.s:232    .text.chMsgRelease:0000000000000000 $t
     /tmp/ccblQE5v.s:238    .text.chMsgRelease:0000000000000000 chMsgRelease
     /tmp/ccblQE5v.s:296    .text.chMsgRelease:0000000000000034 $d
     /tmp/ccblQE5v.s:302    .rodata.str1.4:0000000000000000 $d
                     .debug_frame:0000000000000010 $d
     /tmp/ccblQE5v.s:231    .text.chMsgWait:0000000000000048 $t
     /tmp/ccblQE5v.s:301    .text.chMsgRelease:0000000000000038 $t

UNDEFINED SYMBOLS
dbg_check_lock
chSchGoSleepS
dbg_check_unlock
chSchReadyI
chDbgPanic
rlist
chSchWakeupS
