ARM GAS  /tmp/cc3220fI.s 			page 1


   1              		.syntax unified
   2              		.cpu cortex-m4
   3              		.eabi_attribute 27, 3
   4              		.eabi_attribute 28, 1
   5              		.fpu fpv4-sp-d16
   6              		.eabi_attribute 20, 1
   7              		.eabi_attribute 21, 1
   8              		.eabi_attribute 23, 3
   9              		.eabi_attribute 24, 1
  10              		.eabi_attribute 25, 1
  11              		.eabi_attribute 26, 1
  12              		.eabi_attribute 30, 2
  13              		.eabi_attribute 34, 1
  14              		.eabi_attribute 18, 4
  15              		.thumb
  16              		.file	"chregistry.c"
  17              		.text
  18              	.Ltext0:
  19              		.cfi_sections	.debug_frame
  20              		.section	.text.chRegFirstThread,"ax",%progbits
  21              		.align	2
  22              		.p2align 4,,15
  23              		.global	chRegFirstThread
  24              		.thumb
  25              		.thumb_func
  26              		.type	chRegFirstThread, %function
  27              	chRegFirstThread:
  28              	.LFB7:
  29              		.file 1 "../../ChibiOS/os/kernel/src/chregistry.c"
  30              		.loc 1 110 0
  31              		.cfi_startproc
  32              		@ args = 0, pretend = 0, frame = 0
  33              		@ frame_needed = 0, uses_anonymous_args = 0
  34 0000 10B5     		push	{r4, lr}
  35              	.LCFI0:
  36              		.cfi_def_cfa_offset 8
  37              		.cfi_offset 4, -8
  38              		.cfi_offset 14, -4
  39              	.LBB2:
  40              		.loc 1 113 0
  41 0002 2023     		movs	r3, #32
  42              	.LVL0:
  43              	@ 113 "../../ChibiOS/os/kernel/src/chregistry.c" 1
  44 0004 83F31188 		msr     BASEPRI, r3
  45              	@ 0 "" 2
  46              	.LVL1:
  47              		.thumb
  48              	.LBE2:
  49 0008 FFF7FEFF 		bl	dbg_check_lock
  50              	.LVL2:
  51              		.loc 1 114 0
  52 000c 40F20003 		movw	r3, #:lower16:rlist
  53 0010 C0F20003 		movt	r3, #:upper16:rlist
  54 0014 1C69     		ldr	r4, [r3, #16]
  55              	.LVL3:
  56              		.loc 1 116 0
  57 0016 94F82230 		ldrb	r3, [r4, #34]	@ zero_extendqisi2
ARM GAS  /tmp/cc3220fI.s 			page 2


  58 001a 0133     		adds	r3, r3, #1
  59 001c 84F82230 		strb	r3, [r4, #34]
  60              		.loc 1 118 0
  61 0020 FFF7FEFF 		bl	dbg_check_unlock
  62              	.LVL4:
  63              	.LBB3:
  64 0024 0023     		movs	r3, #0
  65              	.LVL5:
  66              	@ 118 "../../ChibiOS/os/kernel/src/chregistry.c" 1
  67 0026 83F31188 		msr     BASEPRI, r3
  68              	@ 0 "" 2
  69              	.LVL6:
  70              		.thumb
  71              	.LBE3:
  72              		.loc 1 120 0
  73 002a 2046     		mov	r0, r4
  74 002c 10BD     		pop	{r4, pc}
  75              		.cfi_endproc
  76              	.LFE7:
  77              		.size	chRegFirstThread, .-chRegFirstThread
  78 002e 00BF     		.section	.text.chRegNextThread,"ax",%progbits
  79              		.align	2
  80              		.p2align 4,,15
  81              		.global	chRegNextThread
  82              		.thumb
  83              		.thumb_func
  84              		.type	chRegNextThread, %function
  85              	chRegNextThread:
  86              	.LFB8:
  87              		.loc 1 133 0
  88              		.cfi_startproc
  89              		@ args = 0, pretend = 0, frame = 0
  90              		@ frame_needed = 0, uses_anonymous_args = 0
  91              	.LVL7:
  92 0000 38B5     		push	{r3, r4, r5, lr}
  93              	.LCFI1:
  94              		.cfi_def_cfa_offset 16
  95              		.cfi_offset 3, -16
  96              		.cfi_offset 4, -12
  97              		.cfi_offset 5, -8
  98              		.cfi_offset 14, -4
  99              		.loc 1 133 0
 100 0002 0546     		mov	r5, r0
 101              	.LBB4:
 102              		.loc 1 136 0
 103 0004 2023     		movs	r3, #32
 104              	.LVL8:
 105              	@ 136 "../../ChibiOS/os/kernel/src/chregistry.c" 1
 106 0006 83F31188 		msr     BASEPRI, r3
 107              	@ 0 "" 2
 108              	.LVL9:
 109              		.thumb
 110              	.LBE4:
 111 000a FFF7FEFF 		bl	dbg_check_lock
 112              	.LVL10:
 113              		.loc 1 137 0
 114 000e 2C69     		ldr	r4, [r5, #16]
ARM GAS  /tmp/cc3220fI.s 			page 3


 115              	.LVL11:
 116              		.loc 1 138 0
 117 0010 0D4B     		ldr	r3, .L8
 118 0012 9C42     		cmp	r4, r3
 119 0014 16D0     		beq	.L5
 120              		.loc 1 142 0
 121 0016 94F82230 		ldrb	r3, [r4, #34]	@ zero_extendqisi2
 122 001a FF2B     		cmp	r3, #255
 123 001c 0CD0     		beq	.L7
 124              	.L4:
 125              		.loc 1 144 0
 126 001e 0133     		adds	r3, r3, #1
 127 0020 84F82230 		strb	r3, [r4, #34]
 128              	.LVL12:
 129              	.L3:
 130              		.loc 1 147 0
 131 0024 FFF7FEFF 		bl	dbg_check_unlock
 132              	.LVL13:
 133              	.LBB5:
 134 0028 0023     		movs	r3, #0
 135              	.LVL14:
 136              	@ 147 "../../ChibiOS/os/kernel/src/chregistry.c" 1
 137 002a 83F31188 		msr     BASEPRI, r3
 138              	@ 0 "" 2
 139              	.LVL15:
 140              		.thumb
 141              	.LBE5:
 142              		.loc 1 149 0
 143 002e 2846     		mov	r0, r5
 144 0030 FFF7FEFF 		bl	chThdRelease
 145              	.LVL16:
 146              		.loc 1 152 0
 147 0034 2046     		mov	r0, r4
 148 0036 38BD     		pop	{r3, r4, r5, pc}
 149              	.L7:
 150              		.loc 1 142 0 discriminator 1
 151 0038 0448     		ldr	r0, .L8+4
 152 003a FFF7FEFF 		bl	chDbgPanic
 153              	.LVL17:
 154 003e 94F82230 		ldrb	r3, [r4, #34]	@ zero_extendqisi2
 155 0042 ECE7     		b	.L4
 156              	.L5:
 157              		.loc 1 139 0
 158 0044 0024     		movs	r4, #0
 159              	.LVL18:
 160 0046 EDE7     		b	.L3
 161              	.L9:
 162              		.align	2
 163              	.L8:
 164 0048 00000000 		.word	rlist
 165 004c 00000000 		.word	.LC0
 166              		.cfi_endproc
 167              	.LFE8:
 168              		.size	chRegNextThread, .-chRegNextThread
 169              		.global	ch_debug
 170              		.section	.rodata.ch_debug,"a",%progbits
 171              		.align	2
ARM GAS  /tmp/cc3220fI.s 			page 4


 172              		.type	ch_debug, %object
 173              		.size	ch_debug, 22
 174              	ch_debug:
 175 0000 6D61696E 		.ascii	"main"
 176 0004 00       		.byte	0
 177 0005 16       		.byte	22
 178 0006 4211     		.short	4418
 179 0008 04       		.byte	4
 180 0009 04       		.byte	4
 181 000a 4C       		.byte	76
 182 000b 08       		.byte	8
 183 000c 0C       		.byte	12
 184 000d 10       		.byte	16
 185 000e 14       		.byte	20
 186 000f 18       		.byte	24
 187 0010 1C       		.byte	28
 188 0011 20       		.byte	32
 189 0012 21       		.byte	33
 190 0013 22       		.byte	34
 191 0014 23       		.byte	35
 192 0015 24       		.byte	36
 193 0016 0000     		.section	.rodata.str1.4,"aMS",%progbits,1
 194              		.align	2
 195              	.LC0:
 196 0000 63685265 		.ascii	"chRegNextThread(), #1\000"
 196      674E6578 
 196      74546872 
 196      65616428 
 196      292C2023 
 197 0016 0000     		.text
 198              	.Letext0:
 199              		.file 2 "/home/david/toolchains/psas/x-tools/stm32f407/arm-psas-eabi/bin/../lib/gcc/arm-psas-eabi/
 200              		.file 3 "/home/david/toolchains/psas/x-tools/stm32f407/arm-psas-eabi/bin/../lib/gcc/arm-psas-eabi/
 201              		.file 4 "../../ChibiOS/os/ports/GCC/ARMCMx/chtypes.h"
 202              		.file 5 "../../ChibiOS/os/kernel/include/chlists.h"
 203              		.file 6 "../../ChibiOS/os/kernel/include/chthreads.h"
 204              		.file 7 "../../ChibiOS/os/ports/GCC/ARMCMx/chcore_v7m.h"
 205              		.file 8 "../../ChibiOS/os/kernel/include/chschd.h"
 206              		.file 9 "../../ChibiOS/os/kernel/include/chmtx.h"
 207              		.file 10 "../../ChibiOS/os/kernel/include/chregistry.h"
 208              		.file 11 "../../ChibiOS/os/kernel/include/chdebug.h"
 209              		.file 12 "../../ChibiOS/os/kernel/include/chdynamic.h"
 210              		.section	.debug_info,"",%progbits
 211              	.Ldebug_info0:
 212 0000 16070000 		.4byte	0x716
 213 0004 0200     		.2byte	0x2
 214 0006 00000000 		.4byte	.Ldebug_abbrev0
 215 000a 04       		.byte	0x4
 216 000b 01       		.uleb128 0x1
 217 000c 69020000 		.4byte	.LASF92
 218 0010 01       		.byte	0x1
 219 0011 CE010000 		.4byte	.LASF93
 220 0015 88000000 		.4byte	.LASF94
 221 0019 00000000 		.4byte	.Ldebug_ranges0+0
 222 001d 00000000 		.4byte	0
 223 0021 00000000 		.4byte	0
 224 0025 00000000 		.4byte	.Ldebug_line0
ARM GAS  /tmp/cc3220fI.s 			page 5


 225 0029 02       		.uleb128 0x2
 226 002a 04       		.byte	0x4
 227 002b 05       		.byte	0x5
 228 002c 696E7400 		.ascii	"int\000"
 229 0030 03       		.uleb128 0x3
 230 0031 13000000 		.4byte	.LASF2
 231 0035 02       		.byte	0x2
 232 0036 D5       		.byte	0xd5
 233 0037 3B000000 		.4byte	0x3b
 234 003b 04       		.uleb128 0x4
 235 003c 04       		.byte	0x4
 236 003d 07       		.byte	0x7
 237 003e 51010000 		.4byte	.LASF0
 238 0042 04       		.uleb128 0x4
 239 0043 01       		.byte	0x1
 240 0044 06       		.byte	0x6
 241 0045 B7000000 		.4byte	.LASF1
 242 0049 03       		.uleb128 0x3
 243 004a E3030000 		.4byte	.LASF3
 244 004e 03       		.byte	0x3
 245 004f 2A       		.byte	0x2a
 246 0050 54000000 		.4byte	0x54
 247 0054 04       		.uleb128 0x4
 248 0055 01       		.byte	0x1
 249 0056 08       		.byte	0x8
 250 0057 C2020000 		.4byte	.LASF4
 251 005b 04       		.uleb128 0x4
 252 005c 02       		.byte	0x2
 253 005d 05       		.byte	0x5
 254 005e DA020000 		.4byte	.LASF5
 255 0062 03       		.uleb128 0x3
 256 0063 1A010000 		.4byte	.LASF6
 257 0067 03       		.byte	0x3
 258 0068 36       		.byte	0x36
 259 0069 6D000000 		.4byte	0x6d
 260 006d 04       		.uleb128 0x4
 261 006e 02       		.byte	0x2
 262 006f 07       		.byte	0x7
 263 0070 8F010000 		.4byte	.LASF7
 264 0074 03       		.uleb128 0x3
 265 0075 BA020000 		.4byte	.LASF8
 266 0079 03       		.byte	0x3
 267 007a 4F       		.byte	0x4f
 268 007b 7F000000 		.4byte	0x7f
 269 007f 04       		.uleb128 0x4
 270 0080 04       		.byte	0x4
 271 0081 05       		.byte	0x5
 272 0082 FA000000 		.4byte	.LASF9
 273 0086 03       		.uleb128 0x3
 274 0087 5A030000 		.4byte	.LASF10
 275 008b 03       		.byte	0x3
 276 008c 50       		.byte	0x50
 277 008d 91000000 		.4byte	0x91
 278 0091 04       		.uleb128 0x4
 279 0092 04       		.byte	0x4
 280 0093 07       		.byte	0x7
 281 0094 5E010000 		.4byte	.LASF11
ARM GAS  /tmp/cc3220fI.s 			page 6


 282 0098 04       		.uleb128 0x4
 283 0099 08       		.byte	0x8
 284 009a 05       		.byte	0x5
 285 009b 0C010000 		.4byte	.LASF12
 286 009f 03       		.uleb128 0x3
 287 00a0 21000000 		.4byte	.LASF13
 288 00a4 03       		.byte	0x3
 289 00a5 78       		.byte	0x78
 290 00a6 AA000000 		.4byte	0xaa
 291 00aa 04       		.uleb128 0x4
 292 00ab 08       		.byte	0x8
 293 00ac 07       		.byte	0x7
 294 00ad 2A000000 		.4byte	.LASF14
 295 00b1 03       		.uleb128 0x3
 296 00b2 A8010000 		.4byte	.LASF15
 297 00b6 04       		.byte	0x4
 298 00b7 28       		.byte	0x28
 299 00b8 49000000 		.4byte	0x49
 300 00bc 03       		.uleb128 0x3
 301 00bd 03010000 		.4byte	.LASF16
 302 00c1 04       		.byte	0x4
 303 00c2 29       		.byte	0x29
 304 00c3 49000000 		.4byte	0x49
 305 00c7 03       		.uleb128 0x3
 306 00c8 98020000 		.4byte	.LASF17
 307 00cc 04       		.byte	0x4
 308 00cd 2A       		.byte	0x2a
 309 00ce 49000000 		.4byte	0x49
 310 00d2 03       		.uleb128 0x3
 311 00d3 F0000000 		.4byte	.LASF18
 312 00d7 04       		.byte	0x4
 313 00d8 2B       		.byte	0x2b
 314 00d9 49000000 		.4byte	0x49
 315 00dd 03       		.uleb128 0x3
 316 00de B2020000 		.4byte	.LASF19
 317 00e2 04       		.byte	0x4
 318 00e3 2C       		.byte	0x2c
 319 00e4 86000000 		.4byte	0x86
 320 00e8 03       		.uleb128 0x3
 321 00e9 A2010000 		.4byte	.LASF20
 322 00ed 04       		.byte	0x4
 323 00ee 2D       		.byte	0x2d
 324 00ef 74000000 		.4byte	0x74
 325 00f3 03       		.uleb128 0x3
 326 00f4 BC010000 		.4byte	.LASF21
 327 00f8 04       		.byte	0x4
 328 00f9 2F       		.byte	0x2f
 329 00fa 86000000 		.4byte	0x86
 330 00fe 03       		.uleb128 0x3
 331 00ff 93030000 		.4byte	.LASF22
 332 0103 04       		.byte	0x4
 333 0104 31       		.byte	0x31
 334 0105 86000000 		.4byte	0x86
 335 0109 03       		.uleb128 0x3
 336 010a 3B030000 		.4byte	.LASF23
 337 010e 05       		.byte	0x5
 338 010f 23       		.byte	0x23
ARM GAS  /tmp/cc3220fI.s 			page 7


 339 0110 14010000 		.4byte	0x114
 340 0114 05       		.uleb128 0x5
 341 0115 3B030000 		.4byte	.LASF23
 342 0119 4C       		.byte	0x4c
 343 011a 06       		.byte	0x6
 344 011b 57       		.byte	0x57
 345 011c 47020000 		.4byte	0x247
 346 0120 06       		.uleb128 0x6
 347 0121 10030000 		.4byte	.LASF24
 348 0125 06       		.byte	0x6
 349 0126 58       		.byte	0x58
 350 0127 6C020000 		.4byte	0x26c
 351 012b 02       		.byte	0x2
 352 012c 23       		.byte	0x23
 353 012d 00       		.uleb128 0
 354 012e 06       		.uleb128 0x6
 355 012f AB020000 		.4byte	.LASF25
 356 0133 06       		.byte	0x6
 357 0134 5A       		.byte	0x5a
 358 0135 6C020000 		.4byte	0x26c
 359 0139 02       		.byte	0x2
 360 013a 23       		.byte	0x23
 361 013b 04       		.uleb128 0x4
 362 013c 06       		.uleb128 0x6
 363 013d 74000000 		.4byte	.LASF26
 364 0141 06       		.byte	0x6
 365 0142 5C       		.byte	0x5c
 366 0143 DD000000 		.4byte	0xdd
 367 0147 02       		.byte	0x2
 368 0148 23       		.byte	0x23
 369 0149 08       		.uleb128 0x8
 370 014a 06       		.uleb128 0x6
 371 014b 0C040000 		.4byte	.LASF27
 372 014f 06       		.byte	0x6
 373 0150 5D       		.byte	0x5d
 374 0151 45030000 		.4byte	0x345
 375 0155 02       		.byte	0x2
 376 0156 23       		.byte	0x23
 377 0157 0C       		.uleb128 0xc
 378 0158 06       		.uleb128 0x6
 379 0159 2D010000 		.4byte	.LASF28
 380 015d 06       		.byte	0x6
 381 015e 5F       		.byte	0x5f
 382 015f 6C020000 		.4byte	0x26c
 383 0163 02       		.byte	0x2
 384 0164 23       		.byte	0x23
 385 0165 10       		.uleb128 0x10
 386 0166 06       		.uleb128 0x6
 387 0167 46020000 		.4byte	.LASF29
 388 016b 06       		.byte	0x6
 389 016c 60       		.byte	0x60
 390 016d 6C020000 		.4byte	0x26c
 391 0171 02       		.byte	0x2
 392 0172 23       		.byte	0x23
 393 0173 14       		.uleb128 0x14
 394 0174 06       		.uleb128 0x6
 395 0175 F2030000 		.4byte	.LASF30
ARM GAS  /tmp/cc3220fI.s 			page 8


 396 0179 06       		.byte	0x6
 397 017a 67       		.byte	0x67
 398 017b 59040000 		.4byte	0x459
 399 017f 02       		.byte	0x2
 400 0180 23       		.byte	0x23
 401 0181 18       		.uleb128 0x18
 402 0182 06       		.uleb128 0x6
 403 0183 46010000 		.4byte	.LASF31
 404 0187 06       		.byte	0x6
 405 0188 6D       		.byte	0x6d
 406 0189 6B040000 		.4byte	0x46b
 407 018d 02       		.byte	0x2
 408 018e 23       		.byte	0x23
 409 018f 1C       		.uleb128 0x1c
 410 0190 06       		.uleb128 0x6
 411 0191 E4020000 		.4byte	.LASF32
 412 0195 06       		.byte	0x6
 413 0196 72       		.byte	0x72
 414 0197 BC000000 		.4byte	0xbc
 415 019b 02       		.byte	0x2
 416 019c 23       		.byte	0x23
 417 019d 20       		.uleb128 0x20
 418 019e 06       		.uleb128 0x6
 419 019f 26030000 		.4byte	.LASF33
 420 01a3 06       		.byte	0x6
 421 01a4 76       		.byte	0x76
 422 01a5 B1000000 		.4byte	0xb1
 423 01a9 02       		.byte	0x2
 424 01aa 23       		.byte	0x23
 425 01ab 21       		.uleb128 0x21
 426 01ac 06       		.uleb128 0x6
 427 01ad CC030000 		.4byte	.LASF34
 428 01b1 06       		.byte	0x6
 429 01b2 7B       		.byte	0x7b
 430 01b3 C7000000 		.4byte	0xc7
 431 01b7 02       		.byte	0x2
 432 01b8 23       		.byte	0x23
 433 01b9 22       		.uleb128 0x22
 434 01ba 06       		.uleb128 0x6
 435 01bb EC020000 		.4byte	.LASF35
 436 01bf 06       		.byte	0x6
 437 01c0 81       		.byte	0x81
 438 01c1 D2000000 		.4byte	0xd2
 439 01c5 02       		.byte	0x2
 440 01c6 23       		.byte	0x23
 441 01c7 23       		.uleb128 0x23
 442 01c8 06       		.uleb128 0x6
 443 01c9 A8030000 		.4byte	.LASF36
 444 01cd 06       		.byte	0x6
 445 01ce 88       		.byte	0x88
 446 01cf 6F030000 		.4byte	0x36f
 447 01d3 02       		.byte	0x2
 448 01d4 23       		.byte	0x23
 449 01d5 24       		.uleb128 0x24
 450 01d6 07       		.uleb128 0x7
 451 01d7 705F7500 		.ascii	"p_u\000"
 452 01db 06       		.byte	0x6
ARM GAS  /tmp/cc3220fI.s 			page 9


 453 01dc AD       		.byte	0xad
 454 01dd 24040000 		.4byte	0x424
 455 01e1 02       		.byte	0x2
 456 01e2 23       		.byte	0x23
 457 01e3 28       		.uleb128 0x28
 458 01e4 06       		.uleb128 0x6
 459 01e5 12040000 		.4byte	.LASF37
 460 01e9 06       		.byte	0x6
 461 01ea B2       		.byte	0xb2
 462 01eb 94020000 		.4byte	0x294
 463 01ef 02       		.byte	0x2
 464 01f0 23       		.byte	0x23
 465 01f1 2C       		.uleb128 0x2c
 466 01f2 06       		.uleb128 0x6
 467 01f3 B6030000 		.4byte	.LASF38
 468 01f7 06       		.byte	0x6
 469 01f8 B8       		.byte	0xb8
 470 01f9 72020000 		.4byte	0x272
 471 01fd 02       		.byte	0x2
 472 01fe 23       		.byte	0x23
 473 01ff 30       		.uleb128 0x30
 474 0200 06       		.uleb128 0x6
 475 0201 0D000000 		.4byte	.LASF39
 476 0205 06       		.byte	0x6
 477 0206 BC       		.byte	0xbc
 478 0207 E8000000 		.4byte	0xe8
 479 020b 02       		.byte	0x2
 480 020c 23       		.byte	0x23
 481 020d 38       		.uleb128 0x38
 482 020e 06       		.uleb128 0x6
 483 020f 4F030000 		.4byte	.LASF40
 484 0213 06       		.byte	0x6
 485 0214 C2       		.byte	0xc2
 486 0215 F3000000 		.4byte	0xf3
 487 0219 02       		.byte	0x2
 488 021a 23       		.byte	0x23
 489 021b 3C       		.uleb128 0x3c
 490 021c 06       		.uleb128 0x6
 491 021d D0020000 		.4byte	.LASF41
 492 0221 06       		.byte	0x6
 493 0222 C9       		.byte	0xc9
 494 0223 71040000 		.4byte	0x471
 495 0227 02       		.byte	0x2
 496 0228 23       		.byte	0x23
 497 0229 40       		.uleb128 0x40
 498 022a 06       		.uleb128 0x6
 499 022b 9D030000 		.4byte	.LASF42
 500 022f 06       		.byte	0x6
 501 0230 CD       		.byte	0xcd
 502 0231 DD000000 		.4byte	0xdd
 503 0235 02       		.byte	0x2
 504 0236 23       		.byte	0x23
 505 0237 44       		.uleb128 0x44
 506 0238 06       		.uleb128 0x6
 507 0239 E0000000 		.4byte	.LASF43
 508 023d 06       		.byte	0x6
 509 023e D3       		.byte	0xd3
ARM GAS  /tmp/cc3220fI.s 			page 10


 510 023f AA020000 		.4byte	0x2aa
 511 0243 02       		.byte	0x2
 512 0244 23       		.byte	0x23
 513 0245 48       		.uleb128 0x48
 514 0246 00       		.byte	0
 515 0247 08       		.uleb128 0x8
 516 0248 08       		.byte	0x8
 517 0249 05       		.byte	0x5
 518 024a 5A       		.byte	0x5a
 519 024b 6C020000 		.4byte	0x26c
 520 024f 06       		.uleb128 0x6
 521 0250 10030000 		.4byte	.LASF24
 522 0254 05       		.byte	0x5
 523 0255 5B       		.byte	0x5b
 524 0256 6C020000 		.4byte	0x26c
 525 025a 02       		.byte	0x2
 526 025b 23       		.byte	0x23
 527 025c 00       		.uleb128 0
 528 025d 06       		.uleb128 0x6
 529 025e AB020000 		.4byte	.LASF25
 530 0262 05       		.byte	0x5
 531 0263 5D       		.byte	0x5d
 532 0264 6C020000 		.4byte	0x26c
 533 0268 02       		.byte	0x2
 534 0269 23       		.byte	0x23
 535 026a 04       		.uleb128 0x4
 536 026b 00       		.byte	0
 537 026c 09       		.uleb128 0x9
 538 026d 04       		.byte	0x4
 539 026e 09010000 		.4byte	0x109
 540 0272 03       		.uleb128 0x3
 541 0273 54020000 		.4byte	.LASF44
 542 0277 05       		.byte	0x5
 543 0278 5F       		.byte	0x5f
 544 0279 47020000 		.4byte	0x247
 545 027d 08       		.uleb128 0x8
 546 027e 04       		.byte	0x4
 547 027f 05       		.byte	0x5
 548 0280 64       		.byte	0x64
 549 0281 94020000 		.4byte	0x294
 550 0285 06       		.uleb128 0x6
 551 0286 10030000 		.4byte	.LASF24
 552 028a 05       		.byte	0x5
 553 028b 66       		.byte	0x66
 554 028c 6C020000 		.4byte	0x26c
 555 0290 02       		.byte	0x2
 556 0291 23       		.byte	0x23
 557 0292 00       		.uleb128 0
 558 0293 00       		.byte	0
 559 0294 03       		.uleb128 0x3
 560 0295 B0010000 		.4byte	.LASF45
 561 0299 05       		.byte	0x5
 562 029a 69       		.byte	0x69
 563 029b 7D020000 		.4byte	0x27d
 564 029f 03       		.uleb128 0x3
 565 02a0 3D010000 		.4byte	.LASF46
 566 02a4 07       		.byte	0x7
ARM GAS  /tmp/cc3220fI.s 			page 11


 567 02a5 DE       		.byte	0xde
 568 02a6 AA020000 		.4byte	0x2aa
 569 02aa 0A       		.uleb128 0xa
 570 02ab 04       		.byte	0x4
 571 02ac 03       		.uleb128 0x3
 572 02ad F7010000 		.4byte	.LASF47
 573 02b1 07       		.byte	0x7
 574 02b2 E4       		.byte	0xe4
 575 02b3 9F000000 		.4byte	0x9f
 576 02b7 0B       		.uleb128 0xb
 577 02b8 AF030000 		.4byte	.LASF48
 578 02bc 24       		.byte	0x24
 579 02bd 07       		.byte	0x7
 580 02be 0501     		.2byte	0x105
 581 02c0 45030000 		.4byte	0x345
 582 02c4 0C       		.uleb128 0xc
 583 02c5 723400   		.ascii	"r4\000"
 584 02c8 07       		.byte	0x7
 585 02c9 1801     		.2byte	0x118
 586 02cb 9F020000 		.4byte	0x29f
 587 02cf 02       		.byte	0x2
 588 02d0 23       		.byte	0x23
 589 02d1 00       		.uleb128 0
 590 02d2 0C       		.uleb128 0xc
 591 02d3 723500   		.ascii	"r5\000"
 592 02d6 07       		.byte	0x7
 593 02d7 1901     		.2byte	0x119
 594 02d9 9F020000 		.4byte	0x29f
 595 02dd 02       		.byte	0x2
 596 02de 23       		.byte	0x23
 597 02df 04       		.uleb128 0x4
 598 02e0 0C       		.uleb128 0xc
 599 02e1 723600   		.ascii	"r6\000"
 600 02e4 07       		.byte	0x7
 601 02e5 1A01     		.2byte	0x11a
 602 02e7 9F020000 		.4byte	0x29f
 603 02eb 02       		.byte	0x2
 604 02ec 23       		.byte	0x23
 605 02ed 08       		.uleb128 0x8
 606 02ee 0C       		.uleb128 0xc
 607 02ef 723700   		.ascii	"r7\000"
 608 02f2 07       		.byte	0x7
 609 02f3 1B01     		.2byte	0x11b
 610 02f5 9F020000 		.4byte	0x29f
 611 02f9 02       		.byte	0x2
 612 02fa 23       		.byte	0x23
 613 02fb 0C       		.uleb128 0xc
 614 02fc 0C       		.uleb128 0xc
 615 02fd 723800   		.ascii	"r8\000"
 616 0300 07       		.byte	0x7
 617 0301 1C01     		.2byte	0x11c
 618 0303 9F020000 		.4byte	0x29f
 619 0307 02       		.byte	0x2
 620 0308 23       		.byte	0x23
 621 0309 10       		.uleb128 0x10
 622 030a 0C       		.uleb128 0xc
 623 030b 723900   		.ascii	"r9\000"
ARM GAS  /tmp/cc3220fI.s 			page 12


 624 030e 07       		.byte	0x7
 625 030f 1D01     		.2byte	0x11d
 626 0311 9F020000 		.4byte	0x29f
 627 0315 02       		.byte	0x2
 628 0316 23       		.byte	0x23
 629 0317 14       		.uleb128 0x14
 630 0318 0C       		.uleb128 0xc
 631 0319 72313000 		.ascii	"r10\000"
 632 031d 07       		.byte	0x7
 633 031e 1E01     		.2byte	0x11e
 634 0320 9F020000 		.4byte	0x29f
 635 0324 02       		.byte	0x2
 636 0325 23       		.byte	0x23
 637 0326 18       		.uleb128 0x18
 638 0327 0C       		.uleb128 0xc
 639 0328 72313100 		.ascii	"r11\000"
 640 032c 07       		.byte	0x7
 641 032d 1F01     		.2byte	0x11f
 642 032f 9F020000 		.4byte	0x29f
 643 0333 02       		.byte	0x2
 644 0334 23       		.byte	0x23
 645 0335 1C       		.uleb128 0x1c
 646 0336 0C       		.uleb128 0xc
 647 0337 6C7200   		.ascii	"lr\000"
 648 033a 07       		.byte	0x7
 649 033b 2001     		.2byte	0x120
 650 033d 9F020000 		.4byte	0x29f
 651 0341 02       		.byte	0x2
 652 0342 23       		.byte	0x23
 653 0343 20       		.uleb128 0x20
 654 0344 00       		.byte	0
 655 0345 0B       		.uleb128 0xb
 656 0346 87010000 		.4byte	.LASF49
 657 034a 04       		.byte	0x4
 658 034b 07       		.byte	0x7
 659 034c 2A01     		.2byte	0x12a
 660 034e 62030000 		.4byte	0x362
 661 0352 0C       		.uleb128 0xc
 662 0353 72313300 		.ascii	"r13\000"
 663 0357 07       		.byte	0x7
 664 0358 2B01     		.2byte	0x12b
 665 035a 62030000 		.4byte	0x362
 666 035e 02       		.byte	0x2
 667 035f 23       		.byte	0x23
 668 0360 00       		.uleb128 0
 669 0361 00       		.byte	0
 670 0362 09       		.uleb128 0x9
 671 0363 04       		.byte	0x4
 672 0364 B7020000 		.4byte	0x2b7
 673 0368 04       		.uleb128 0x4
 674 0369 04       		.byte	0x4
 675 036a 07       		.byte	0x7
 676 036b 16020000 		.4byte	.LASF50
 677 036f 0D       		.uleb128 0xd
 678 0370 FE000000 		.4byte	0xfe
 679 0374 08       		.uleb128 0x8
 680 0375 1C       		.byte	0x1c
ARM GAS  /tmp/cc3220fI.s 			page 13


 681 0376 08       		.byte	0x8
 682 0377 57       		.byte	0x57
 683 0378 D1030000 		.4byte	0x3d1
 684 037c 06       		.uleb128 0x6
 685 037d 6F030000 		.4byte	.LASF51
 686 0381 08       		.byte	0x8
 687 0382 58       		.byte	0x58
 688 0383 72020000 		.4byte	0x272
 689 0387 02       		.byte	0x2
 690 0388 23       		.byte	0x23
 691 0389 00       		.uleb128 0
 692 038a 06       		.uleb128 0x6
 693 038b 02030000 		.4byte	.LASF52
 694 038f 08       		.byte	0x8
 695 0390 59       		.byte	0x59
 696 0391 DD000000 		.4byte	0xdd
 697 0395 02       		.byte	0x2
 698 0396 23       		.byte	0x23
 699 0397 08       		.uleb128 0x8
 700 0398 06       		.uleb128 0x6
 701 0399 4E020000 		.4byte	.LASF53
 702 039d 08       		.byte	0x8
 703 039e 5B       		.byte	0x5b
 704 039f 45030000 		.4byte	0x345
 705 03a3 02       		.byte	0x2
 706 03a4 23       		.byte	0x23
 707 03a5 0C       		.uleb128 0xc
 708 03a6 06       		.uleb128 0x6
 709 03a7 35010000 		.4byte	.LASF54
 710 03ab 08       		.byte	0x8
 711 03ac 5E       		.byte	0x5e
 712 03ad 6C020000 		.4byte	0x26c
 713 03b1 02       		.byte	0x2
 714 03b2 23       		.byte	0x23
 715 03b3 10       		.uleb128 0x10
 716 03b4 06       		.uleb128 0x6
 717 03b5 7F020000 		.4byte	.LASF55
 718 03b9 08       		.byte	0x8
 719 03ba 5F       		.byte	0x5f
 720 03bb 6C020000 		.4byte	0x26c
 721 03bf 02       		.byte	0x2
 722 03c0 23       		.byte	0x23
 723 03c1 14       		.uleb128 0x14
 724 03c2 06       		.uleb128 0x6
 725 03c3 75020000 		.4byte	.LASF56
 726 03c7 08       		.byte	0x8
 727 03c8 62       		.byte	0x62
 728 03c9 6C020000 		.4byte	0x26c
 729 03cd 02       		.byte	0x2
 730 03ce 23       		.byte	0x23
 731 03cf 18       		.uleb128 0x18
 732 03d0 00       		.byte	0
 733 03d1 03       		.uleb128 0x3
 734 03d2 D3030000 		.4byte	.LASF57
 735 03d6 08       		.byte	0x8
 736 03d7 64       		.byte	0x64
 737 03d8 74030000 		.4byte	0x374
ARM GAS  /tmp/cc3220fI.s 			page 14


 738 03dc 05       		.uleb128 0x5
 739 03dd C8010000 		.4byte	.LASF58
 740 03e1 10       		.byte	0x10
 741 03e2 09       		.byte	0x9
 742 03e3 25       		.byte	0x25
 743 03e4 13040000 		.4byte	0x413
 744 03e8 06       		.uleb128 0x6
 745 03e9 E8000000 		.4byte	.LASF59
 746 03ed 09       		.byte	0x9
 747 03ee 26       		.byte	0x26
 748 03ef 72020000 		.4byte	0x272
 749 03f3 02       		.byte	0x2
 750 03f4 23       		.byte	0x23
 751 03f5 00       		.uleb128 0
 752 03f6 06       		.uleb128 0x6
 753 03f7 04040000 		.4byte	.LASF60
 754 03fb 09       		.byte	0x9
 755 03fc 28       		.byte	0x28
 756 03fd 6C020000 		.4byte	0x26c
 757 0401 02       		.byte	0x2
 758 0402 23       		.byte	0x23
 759 0403 08       		.uleb128 0x8
 760 0404 06       		.uleb128 0x6
 761 0405 8C030000 		.4byte	.LASF61
 762 0409 09       		.byte	0x9
 763 040a 2A       		.byte	0x2a
 764 040b 13040000 		.4byte	0x413
 765 040f 02       		.byte	0x2
 766 0410 23       		.byte	0x23
 767 0411 0C       		.uleb128 0xc
 768 0412 00       		.byte	0
 769 0413 09       		.uleb128 0x9
 770 0414 04       		.byte	0x4
 771 0415 DC030000 		.4byte	0x3dc
 772 0419 03       		.uleb128 0x3
 773 041a C8010000 		.4byte	.LASF58
 774 041e 09       		.byte	0x9
 775 041f 2C       		.byte	0x2c
 776 0420 DC030000 		.4byte	0x3dc
 777 0424 0E       		.uleb128 0xe
 778 0425 04       		.byte	0x4
 779 0426 06       		.byte	0x6
 780 0427 8F       		.byte	0x8f
 781 0428 59040000 		.4byte	0x459
 782 042c 0F       		.uleb128 0xf
 783 042d 1A000000 		.4byte	.LASF62
 784 0431 06       		.byte	0x6
 785 0432 96       		.byte	0x96
 786 0433 E8000000 		.4byte	0xe8
 787 0437 0F       		.uleb128 0xf
 788 0438 4F000000 		.4byte	.LASF63
 789 043c 06       		.byte	0x6
 790 043d 9D       		.byte	0x9d
 791 043e E8000000 		.4byte	0xe8
 792 0442 0F       		.uleb128 0xf
 793 0443 EB030000 		.4byte	.LASF64
 794 0447 06       		.byte	0x6
ARM GAS  /tmp/cc3220fI.s 			page 15


 795 0448 A4       		.byte	0xa4
 796 0449 AA020000 		.4byte	0x2aa
 797 044d 0F       		.uleb128 0xf
 798 044e 09030000 		.4byte	.LASF65
 799 0452 06       		.byte	0x6
 800 0453 AB       		.byte	0xab
 801 0454 F3000000 		.4byte	0xf3
 802 0458 00       		.byte	0
 803 0459 09       		.uleb128 0x9
 804 045a 04       		.byte	0x4
 805 045b 5F040000 		.4byte	0x45f
 806 045f 10       		.uleb128 0x10
 807 0460 64040000 		.4byte	0x464
 808 0464 04       		.uleb128 0x4
 809 0465 01       		.byte	0x1
 810 0466 08       		.byte	0x8
 811 0467 77030000 		.4byte	.LASF66
 812 046b 09       		.uleb128 0x9
 813 046c 04       		.byte	0x4
 814 046d AC020000 		.4byte	0x2ac
 815 0471 09       		.uleb128 0x9
 816 0472 04       		.byte	0x4
 817 0473 19040000 		.4byte	0x419
 818 0477 08       		.uleb128 0x8
 819 0478 16       		.byte	0x16
 820 0479 0A       		.byte	0xa
 821 047a 25       		.byte	0x25
 822 047b 7C050000 		.4byte	0x57c
 823 047f 06       		.uleb128 0x6
 824 0480 79010000 		.4byte	.LASF67
 825 0484 0A       		.byte	0xa
 826 0485 26       		.byte	0x26
 827 0486 7C050000 		.4byte	0x57c
 828 048a 02       		.byte	0x2
 829 048b 23       		.byte	0x23
 830 048c 00       		.uleb128 0
 831 048d 06       		.uleb128 0x6
 832 048e 02020000 		.4byte	.LASF68
 833 0492 0A       		.byte	0xa
 834 0493 27       		.byte	0x27
 835 0494 49000000 		.4byte	0x49
 836 0498 02       		.byte	0x2
 837 0499 23       		.byte	0x23
 838 049a 04       		.uleb128 0x4
 839 049b 06       		.uleb128 0x6
 840 049c 61020000 		.4byte	.LASF69
 841 04a0 0A       		.byte	0xa
 842 04a1 28       		.byte	0x28
 843 04a2 49000000 		.4byte	0x49
 844 04a6 02       		.byte	0x2
 845 04a7 23       		.byte	0x23
 846 04a8 05       		.uleb128 0x5
 847 04a9 06       		.uleb128 0x6
 848 04aa F9030000 		.4byte	.LASF70
 849 04ae 0A       		.byte	0xa
 850 04af 29       		.byte	0x29
 851 04b0 62000000 		.4byte	0x62
ARM GAS  /tmp/cc3220fI.s 			page 16


 852 04b4 02       		.byte	0x2
 853 04b5 23       		.byte	0x23
 854 04b6 06       		.uleb128 0x6
 855 04b7 06       		.uleb128 0x6
 856 04b8 A0020000 		.4byte	.LASF71
 857 04bc 0A       		.byte	0xa
 858 04bd 2A       		.byte	0x2a
 859 04be 49000000 		.4byte	0x49
 860 04c2 02       		.byte	0x2
 861 04c3 23       		.byte	0x23
 862 04c4 08       		.uleb128 0x8
 863 04c5 06       		.uleb128 0x6
 864 04c6 2E020000 		.4byte	.LASF72
 865 04ca 0A       		.byte	0xa
 866 04cb 2B       		.byte	0x2b
 867 04cc 49000000 		.4byte	0x49
 868 04d0 02       		.byte	0x2
 869 04d1 23       		.byte	0x23
 870 04d2 09       		.uleb128 0x9
 871 04d3 06       		.uleb128 0x6
 872 04d4 41000000 		.4byte	.LASF73
 873 04d8 0A       		.byte	0xa
 874 04d9 2C       		.byte	0x2c
 875 04da 49000000 		.4byte	0x49
 876 04de 02       		.byte	0x2
 877 04df 23       		.byte	0x23
 878 04e0 0A       		.uleb128 0xa
 879 04e1 06       		.uleb128 0x6
 880 04e2 63030000 		.4byte	.LASF74
 881 04e6 0A       		.byte	0xa
 882 04e7 2D       		.byte	0x2d
 883 04e8 49000000 		.4byte	0x49
 884 04ec 02       		.byte	0x2
 885 04ed 23       		.byte	0x23
 886 04ee 0B       		.uleb128 0xb
 887 04ef 06       		.uleb128 0x6
 888 04f0 C1030000 		.4byte	.LASF75
 889 04f4 0A       		.byte	0xa
 890 04f5 2E       		.byte	0x2e
 891 04f6 49000000 		.4byte	0x49
 892 04fa 02       		.byte	0x2
 893 04fb 23       		.byte	0x23
 894 04fc 0C       		.uleb128 0xc
 895 04fd 06       		.uleb128 0x6
 896 04fe 42030000 		.4byte	.LASF76
 897 0502 0A       		.byte	0xa
 898 0503 2F       		.byte	0x2f
 899 0504 49000000 		.4byte	0x49
 900 0508 02       		.byte	0x2
 901 0509 23       		.byte	0x23
 902 050a 0D       		.uleb128 0xd
 903 050b 06       		.uleb128 0x6
 904 050c 00000000 		.4byte	.LASF77
 905 0510 0A       		.byte	0xa
 906 0511 30       		.byte	0x30
 907 0512 49000000 		.4byte	0x49
 908 0516 02       		.byte	0x2
ARM GAS  /tmp/cc3220fI.s 			page 17


 909 0517 23       		.byte	0x23
 910 0518 0E       		.uleb128 0xe
 911 0519 06       		.uleb128 0x6
 912 051a 3A020000 		.4byte	.LASF78
 913 051e 0A       		.byte	0xa
 914 051f 31       		.byte	0x31
 915 0520 49000000 		.4byte	0x49
 916 0524 02       		.byte	0x2
 917 0525 23       		.byte	0x23
 918 0526 0F       		.uleb128 0xf
 919 0527 06       		.uleb128 0x6
 920 0528 C3000000 		.4byte	.LASF79
 921 052c 0A       		.byte	0xa
 922 052d 32       		.byte	0x32
 923 052e 49000000 		.4byte	0x49
 924 0532 02       		.byte	0x2
 925 0533 23       		.byte	0x23
 926 0534 10       		.uleb128 0x10
 927 0535 06       		.uleb128 0x6
 928 0536 7B000000 		.4byte	.LASF80
 929 053a 0A       		.byte	0xa
 930 053b 34       		.byte	0x34
 931 053c 49000000 		.4byte	0x49
 932 0540 02       		.byte	0x2
 933 0541 23       		.byte	0x23
 934 0542 11       		.uleb128 0x11
 935 0543 06       		.uleb128 0x6
 936 0544 D3000000 		.4byte	.LASF81
 937 0548 0A       		.byte	0xa
 938 0549 35       		.byte	0x35
 939 054a 49000000 		.4byte	0x49
 940 054e 02       		.byte	0x2
 941 054f 23       		.byte	0x23
 942 0550 12       		.uleb128 0x12
 943 0551 06       		.uleb128 0x6
 944 0552 0A020000 		.4byte	.LASF82
 945 0556 0A       		.byte	0xa
 946 0557 36       		.byte	0x36
 947 0558 49000000 		.4byte	0x49
 948 055c 02       		.byte	0x2
 949 055d 23       		.byte	0x23
 950 055e 13       		.uleb128 0x13
 951 055f 06       		.uleb128 0x6
 952 0560 17030000 		.4byte	.LASF83
 953 0564 0A       		.byte	0xa
 954 0565 37       		.byte	0x37
 955 0566 49000000 		.4byte	0x49
 956 056a 02       		.byte	0x2
 957 056b 23       		.byte	0x23
 958 056c 14       		.uleb128 0x14
 959 056d 06       		.uleb128 0x6
 960 056e F6020000 		.4byte	.LASF84
 961 0572 0A       		.byte	0xa
 962 0573 39       		.byte	0x39
 963 0574 49000000 		.4byte	0x49
 964 0578 02       		.byte	0x2
 965 0579 23       		.byte	0x23
ARM GAS  /tmp/cc3220fI.s 			page 18


 966 057a 15       		.uleb128 0x15
 967 057b 00       		.byte	0
 968 057c 11       		.uleb128 0x11
 969 057d 64040000 		.4byte	0x464
 970 0581 8C050000 		.4byte	0x58c
 971 0585 12       		.uleb128 0x12
 972 0586 68030000 		.4byte	0x368
 973 058a 03       		.byte	0x3
 974 058b 00       		.byte	0
 975 058c 03       		.uleb128 0x3
 976 058d 23010000 		.4byte	.LASF85
 977 0591 0A       		.byte	0xa
 978 0592 3A       		.byte	0x3a
 979 0593 77040000 		.4byte	0x477
 980 0597 13       		.uleb128 0x13
 981 0598 01       		.byte	0x1
 982 0599 63000000 		.4byte	.LASF86
 983 059d 01       		.byte	0x1
 984 059e 6E       		.byte	0x6e
 985 059f 01       		.byte	0x1
 986 05a0 6C020000 		.4byte	0x26c
 987 05a4 00000000 		.4byte	.LFB7
 988 05a8 2E000000 		.4byte	.LFE7
 989 05ac 00000000 		.4byte	.LLST0
 990 05b0 01       		.byte	0x1
 991 05b1 0E060000 		.4byte	0x60e
 992 05b5 14       		.uleb128 0x14
 993 05b6 747000   		.ascii	"tp\000"
 994 05b9 01       		.byte	0x1
 995 05ba 6F       		.byte	0x6f
 996 05bb 6C020000 		.4byte	0x26c
 997 05bf 01       		.byte	0x1
 998 05c0 54       		.byte	0x54
 999 05c1 15       		.uleb128 0x15
 1000 05c2 02000000 		.4byte	.LBB2
 1001 05c6 08000000 		.4byte	.LBE2
 1002 05ca DE050000 		.4byte	0x5de
 1003 05ce 16       		.uleb128 0x16
 1004 05cf 746D7000 		.ascii	"tmp\000"
 1005 05d3 01       		.byte	0x1
 1006 05d4 71       		.byte	0x71
 1007 05d5 86000000 		.4byte	0x86
 1008 05d9 20000000 		.4byte	.LLST1
 1009 05dd 00       		.byte	0
 1010 05de 15       		.uleb128 0x15
 1011 05df 24000000 		.4byte	.LBB3
 1012 05e3 2A000000 		.4byte	.LBE3
 1013 05e7 FB050000 		.4byte	0x5fb
 1014 05eb 16       		.uleb128 0x16
 1015 05ec 746D7000 		.ascii	"tmp\000"
 1016 05f0 01       		.byte	0x1
 1017 05f1 76       		.byte	0x76
 1018 05f2 86000000 		.4byte	0x86
 1019 05f6 33000000 		.4byte	.LLST2
 1020 05fa 00       		.byte	0
 1021 05fb 17       		.uleb128 0x17
 1022 05fc 0C000000 		.4byte	.LVL2
ARM GAS  /tmp/cc3220fI.s 			page 19


 1023 0600 E1060000 		.4byte	0x6e1
 1024 0604 17       		.uleb128 0x17
 1025 0605 24000000 		.4byte	.LVL4
 1026 0609 EB060000 		.4byte	0x6eb
 1027 060d 00       		.byte	0
 1028 060e 13       		.uleb128 0x13
 1029 060f 01       		.byte	0x1
 1030 0610 7C030000 		.4byte	.LASF87
 1031 0614 01       		.byte	0x1
 1032 0615 85       		.byte	0x85
 1033 0616 01       		.byte	0x1
 1034 0617 6C020000 		.4byte	0x26c
 1035 061b 00000000 		.4byte	.LFB8
 1036 061f 50000000 		.4byte	.LFE8
 1037 0623 46000000 		.4byte	.LLST3
 1038 0627 01       		.byte	0x1
 1039 0628 BD060000 		.4byte	0x6bd
 1040 062c 18       		.uleb128 0x18
 1041 062d 747000   		.ascii	"tp\000"
 1042 0630 01       		.byte	0x1
 1043 0631 85       		.byte	0x85
 1044 0632 6C020000 		.4byte	0x26c
 1045 0636 66000000 		.4byte	.LLST4
 1046 063a 16       		.uleb128 0x16
 1047 063b 6E747000 		.ascii	"ntp\000"
 1048 063f 01       		.byte	0x1
 1049 0640 86       		.byte	0x86
 1050 0641 6C020000 		.4byte	0x26c
 1051 0645 84000000 		.4byte	.LLST5
 1052 0649 15       		.uleb128 0x15
 1053 064a 04000000 		.4byte	.LBB4
 1054 064e 0A000000 		.4byte	.LBE4
 1055 0652 66060000 		.4byte	0x666
 1056 0656 16       		.uleb128 0x16
 1057 0657 746D7000 		.ascii	"tmp\000"
 1058 065b 01       		.byte	0x1
 1059 065c 88       		.byte	0x88
 1060 065d 86000000 		.4byte	0x86
 1061 0661 A3000000 		.4byte	.LLST6
 1062 0665 00       		.byte	0
 1063 0666 15       		.uleb128 0x15
 1064 0667 28000000 		.4byte	.LBB5
 1065 066b 2E000000 		.4byte	.LBE5
 1066 066f 83060000 		.4byte	0x683
 1067 0673 16       		.uleb128 0x16
 1068 0674 746D7000 		.ascii	"tmp\000"
 1069 0678 01       		.byte	0x1
 1070 0679 93       		.byte	0x93
 1071 067a 86000000 		.4byte	0x86
 1072 067e B6000000 		.4byte	.LLST7
 1073 0682 00       		.byte	0
 1074 0683 17       		.uleb128 0x17
 1075 0684 0E000000 		.4byte	.LVL10
 1076 0688 E1060000 		.4byte	0x6e1
 1077 068c 17       		.uleb128 0x17
 1078 068d 28000000 		.4byte	.LVL13
 1079 0691 EB060000 		.4byte	0x6eb
ARM GAS  /tmp/cc3220fI.s 			page 20


 1080 0695 19       		.uleb128 0x19
 1081 0696 34000000 		.4byte	.LVL16
 1082 069a F5060000 		.4byte	0x6f5
 1083 069e A9060000 		.4byte	0x6a9
 1084 06a2 1A       		.uleb128 0x1a
 1085 06a3 01       		.byte	0x1
 1086 06a4 50       		.byte	0x50
 1087 06a5 02       		.byte	0x2
 1088 06a6 75       		.byte	0x75
 1089 06a7 00       		.sleb128 0
 1090 06a8 00       		.byte	0
 1091 06a9 1B       		.uleb128 0x1b
 1092 06aa 3E000000 		.4byte	.LVL17
 1093 06ae 09070000 		.4byte	0x709
 1094 06b2 1A       		.uleb128 0x1a
 1095 06b3 01       		.byte	0x1
 1096 06b4 50       		.byte	0x50
 1097 06b5 05       		.byte	0x5
 1098 06b6 03       		.byte	0x3
 1099 06b7 00000000 		.4byte	.LC0
 1100 06bb 00       		.byte	0
 1101 06bc 00       		.byte	0
 1102 06bd 1C       		.uleb128 0x1c
 1103 06be DD030000 		.4byte	.LASF88
 1104 06c2 08       		.byte	0x8
 1105 06c3 68       		.byte	0x68
 1106 06c4 D1030000 		.4byte	0x3d1
 1107 06c8 01       		.byte	0x1
 1108 06c9 01       		.byte	0x1
 1109 06ca 1D       		.uleb128 0x1d
 1110 06cb 70010000 		.4byte	.LASF89
 1111 06cf 01       		.byte	0x1
 1112 06d0 3B       		.byte	0x3b
 1113 06d1 DC060000 		.4byte	0x6dc
 1114 06d5 01       		.byte	0x1
 1115 06d6 05       		.byte	0x5
 1116 06d7 03       		.byte	0x3
 1117 06d8 00000000 		.4byte	ch_debug
 1118 06dc 10       		.uleb128 0x10
 1119 06dd 8C050000 		.4byte	0x58c
 1120 06e1 1E       		.uleb128 0x1e
 1121 06e2 01       		.byte	0x1
 1122 06e3 1F020000 		.4byte	.LASF90
 1123 06e7 0B       		.byte	0xb
 1124 06e8 E0       		.byte	0xe0
 1125 06e9 01       		.byte	0x1
 1126 06ea 01       		.byte	0x1
 1127 06eb 1E       		.uleb128 0x1e
 1128 06ec 01       		.byte	0x1
 1129 06ed 87020000 		.4byte	.LASF91
 1130 06f1 0B       		.byte	0xb
 1131 06f2 E1       		.byte	0xe1
 1132 06f3 01       		.byte	0x1
 1133 06f4 01       		.byte	0x1
 1134 06f5 1F       		.uleb128 0x1f
 1135 06f6 01       		.byte	0x1
 1136 06f7 2E030000 		.4byte	.LASF95
ARM GAS  /tmp/cc3220fI.s 			page 21


 1137 06fb 0C       		.byte	0xc
 1138 06fc 33       		.byte	0x33
 1139 06fd 01       		.byte	0x1
 1140 06fe 01       		.byte	0x1
 1141 06ff 09070000 		.4byte	0x709
 1142 0703 20       		.uleb128 0x20
 1143 0704 6C020000 		.4byte	0x26c
 1144 0708 00       		.byte	0
 1145 0709 21       		.uleb128 0x21
 1146 070a 01       		.byte	0x1
 1147 070b 58000000 		.4byte	.LASF96
 1148 070f 0B       		.byte	0xb
 1149 0710 EF       		.byte	0xef
 1150 0711 01       		.byte	0x1
 1151 0712 01       		.byte	0x1
 1152 0713 20       		.uleb128 0x20
 1153 0714 59040000 		.4byte	0x459
 1154 0718 00       		.byte	0
 1155 0719 00       		.byte	0
 1156              		.section	.debug_abbrev,"",%progbits
 1157              	.Ldebug_abbrev0:
 1158 0000 01       		.uleb128 0x1
 1159 0001 11       		.uleb128 0x11
 1160 0002 01       		.byte	0x1
 1161 0003 25       		.uleb128 0x25
 1162 0004 0E       		.uleb128 0xe
 1163 0005 13       		.uleb128 0x13
 1164 0006 0B       		.uleb128 0xb
 1165 0007 03       		.uleb128 0x3
 1166 0008 0E       		.uleb128 0xe
 1167 0009 1B       		.uleb128 0x1b
 1168 000a 0E       		.uleb128 0xe
 1169 000b 55       		.uleb128 0x55
 1170 000c 06       		.uleb128 0x6
 1171 000d 11       		.uleb128 0x11
 1172 000e 01       		.uleb128 0x1
 1173 000f 52       		.uleb128 0x52
 1174 0010 01       		.uleb128 0x1
 1175 0011 10       		.uleb128 0x10
 1176 0012 06       		.uleb128 0x6
 1177 0013 00       		.byte	0
 1178 0014 00       		.byte	0
 1179 0015 02       		.uleb128 0x2
 1180 0016 24       		.uleb128 0x24
 1181 0017 00       		.byte	0
 1182 0018 0B       		.uleb128 0xb
 1183 0019 0B       		.uleb128 0xb
 1184 001a 3E       		.uleb128 0x3e
 1185 001b 0B       		.uleb128 0xb
 1186 001c 03       		.uleb128 0x3
 1187 001d 08       		.uleb128 0x8
 1188 001e 00       		.byte	0
 1189 001f 00       		.byte	0
 1190 0020 03       		.uleb128 0x3
 1191 0021 16       		.uleb128 0x16
 1192 0022 00       		.byte	0
 1193 0023 03       		.uleb128 0x3
ARM GAS  /tmp/cc3220fI.s 			page 22


 1194 0024 0E       		.uleb128 0xe
 1195 0025 3A       		.uleb128 0x3a
 1196 0026 0B       		.uleb128 0xb
 1197 0027 3B       		.uleb128 0x3b
 1198 0028 0B       		.uleb128 0xb
 1199 0029 49       		.uleb128 0x49
 1200 002a 13       		.uleb128 0x13
 1201 002b 00       		.byte	0
 1202 002c 00       		.byte	0
 1203 002d 04       		.uleb128 0x4
 1204 002e 24       		.uleb128 0x24
 1205 002f 00       		.byte	0
 1206 0030 0B       		.uleb128 0xb
 1207 0031 0B       		.uleb128 0xb
 1208 0032 3E       		.uleb128 0x3e
 1209 0033 0B       		.uleb128 0xb
 1210 0034 03       		.uleb128 0x3
 1211 0035 0E       		.uleb128 0xe
 1212 0036 00       		.byte	0
 1213 0037 00       		.byte	0
 1214 0038 05       		.uleb128 0x5
 1215 0039 13       		.uleb128 0x13
 1216 003a 01       		.byte	0x1
 1217 003b 03       		.uleb128 0x3
 1218 003c 0E       		.uleb128 0xe
 1219 003d 0B       		.uleb128 0xb
 1220 003e 0B       		.uleb128 0xb
 1221 003f 3A       		.uleb128 0x3a
 1222 0040 0B       		.uleb128 0xb
 1223 0041 3B       		.uleb128 0x3b
 1224 0042 0B       		.uleb128 0xb
 1225 0043 01       		.uleb128 0x1
 1226 0044 13       		.uleb128 0x13
 1227 0045 00       		.byte	0
 1228 0046 00       		.byte	0
 1229 0047 06       		.uleb128 0x6
 1230 0048 0D       		.uleb128 0xd
 1231 0049 00       		.byte	0
 1232 004a 03       		.uleb128 0x3
 1233 004b 0E       		.uleb128 0xe
 1234 004c 3A       		.uleb128 0x3a
 1235 004d 0B       		.uleb128 0xb
 1236 004e 3B       		.uleb128 0x3b
 1237 004f 0B       		.uleb128 0xb
 1238 0050 49       		.uleb128 0x49
 1239 0051 13       		.uleb128 0x13
 1240 0052 38       		.uleb128 0x38
 1241 0053 0A       		.uleb128 0xa
 1242 0054 00       		.byte	0
 1243 0055 00       		.byte	0
 1244 0056 07       		.uleb128 0x7
 1245 0057 0D       		.uleb128 0xd
 1246 0058 00       		.byte	0
 1247 0059 03       		.uleb128 0x3
 1248 005a 08       		.uleb128 0x8
 1249 005b 3A       		.uleb128 0x3a
 1250 005c 0B       		.uleb128 0xb
ARM GAS  /tmp/cc3220fI.s 			page 23


 1251 005d 3B       		.uleb128 0x3b
 1252 005e 0B       		.uleb128 0xb
 1253 005f 49       		.uleb128 0x49
 1254 0060 13       		.uleb128 0x13
 1255 0061 38       		.uleb128 0x38
 1256 0062 0A       		.uleb128 0xa
 1257 0063 00       		.byte	0
 1258 0064 00       		.byte	0
 1259 0065 08       		.uleb128 0x8
 1260 0066 13       		.uleb128 0x13
 1261 0067 01       		.byte	0x1
 1262 0068 0B       		.uleb128 0xb
 1263 0069 0B       		.uleb128 0xb
 1264 006a 3A       		.uleb128 0x3a
 1265 006b 0B       		.uleb128 0xb
 1266 006c 3B       		.uleb128 0x3b
 1267 006d 0B       		.uleb128 0xb
 1268 006e 01       		.uleb128 0x1
 1269 006f 13       		.uleb128 0x13
 1270 0070 00       		.byte	0
 1271 0071 00       		.byte	0
 1272 0072 09       		.uleb128 0x9
 1273 0073 0F       		.uleb128 0xf
 1274 0074 00       		.byte	0
 1275 0075 0B       		.uleb128 0xb
 1276 0076 0B       		.uleb128 0xb
 1277 0077 49       		.uleb128 0x49
 1278 0078 13       		.uleb128 0x13
 1279 0079 00       		.byte	0
 1280 007a 00       		.byte	0
 1281 007b 0A       		.uleb128 0xa
 1282 007c 0F       		.uleb128 0xf
 1283 007d 00       		.byte	0
 1284 007e 0B       		.uleb128 0xb
 1285 007f 0B       		.uleb128 0xb
 1286 0080 00       		.byte	0
 1287 0081 00       		.byte	0
 1288 0082 0B       		.uleb128 0xb
 1289 0083 13       		.uleb128 0x13
 1290 0084 01       		.byte	0x1
 1291 0085 03       		.uleb128 0x3
 1292 0086 0E       		.uleb128 0xe
 1293 0087 0B       		.uleb128 0xb
 1294 0088 0B       		.uleb128 0xb
 1295 0089 3A       		.uleb128 0x3a
 1296 008a 0B       		.uleb128 0xb
 1297 008b 3B       		.uleb128 0x3b
 1298 008c 05       		.uleb128 0x5
 1299 008d 01       		.uleb128 0x1
 1300 008e 13       		.uleb128 0x13
 1301 008f 00       		.byte	0
 1302 0090 00       		.byte	0
 1303 0091 0C       		.uleb128 0xc
 1304 0092 0D       		.uleb128 0xd
 1305 0093 00       		.byte	0
 1306 0094 03       		.uleb128 0x3
 1307 0095 08       		.uleb128 0x8
ARM GAS  /tmp/cc3220fI.s 			page 24


 1308 0096 3A       		.uleb128 0x3a
 1309 0097 0B       		.uleb128 0xb
 1310 0098 3B       		.uleb128 0x3b
 1311 0099 05       		.uleb128 0x5
 1312 009a 49       		.uleb128 0x49
 1313 009b 13       		.uleb128 0x13
 1314 009c 38       		.uleb128 0x38
 1315 009d 0A       		.uleb128 0xa
 1316 009e 00       		.byte	0
 1317 009f 00       		.byte	0
 1318 00a0 0D       		.uleb128 0xd
 1319 00a1 35       		.uleb128 0x35
 1320 00a2 00       		.byte	0
 1321 00a3 49       		.uleb128 0x49
 1322 00a4 13       		.uleb128 0x13
 1323 00a5 00       		.byte	0
 1324 00a6 00       		.byte	0
 1325 00a7 0E       		.uleb128 0xe
 1326 00a8 17       		.uleb128 0x17
 1327 00a9 01       		.byte	0x1
 1328 00aa 0B       		.uleb128 0xb
 1329 00ab 0B       		.uleb128 0xb
 1330 00ac 3A       		.uleb128 0x3a
 1331 00ad 0B       		.uleb128 0xb
 1332 00ae 3B       		.uleb128 0x3b
 1333 00af 0B       		.uleb128 0xb
 1334 00b0 01       		.uleb128 0x1
 1335 00b1 13       		.uleb128 0x13
 1336 00b2 00       		.byte	0
 1337 00b3 00       		.byte	0
 1338 00b4 0F       		.uleb128 0xf
 1339 00b5 0D       		.uleb128 0xd
 1340 00b6 00       		.byte	0
 1341 00b7 03       		.uleb128 0x3
 1342 00b8 0E       		.uleb128 0xe
 1343 00b9 3A       		.uleb128 0x3a
 1344 00ba 0B       		.uleb128 0xb
 1345 00bb 3B       		.uleb128 0x3b
 1346 00bc 0B       		.uleb128 0xb
 1347 00bd 49       		.uleb128 0x49
 1348 00be 13       		.uleb128 0x13
 1349 00bf 00       		.byte	0
 1350 00c0 00       		.byte	0
 1351 00c1 10       		.uleb128 0x10
 1352 00c2 26       		.uleb128 0x26
 1353 00c3 00       		.byte	0
 1354 00c4 49       		.uleb128 0x49
 1355 00c5 13       		.uleb128 0x13
 1356 00c6 00       		.byte	0
 1357 00c7 00       		.byte	0
 1358 00c8 11       		.uleb128 0x11
 1359 00c9 01       		.uleb128 0x1
 1360 00ca 01       		.byte	0x1
 1361 00cb 49       		.uleb128 0x49
 1362 00cc 13       		.uleb128 0x13
 1363 00cd 01       		.uleb128 0x1
 1364 00ce 13       		.uleb128 0x13
ARM GAS  /tmp/cc3220fI.s 			page 25


 1365 00cf 00       		.byte	0
 1366 00d0 00       		.byte	0
 1367 00d1 12       		.uleb128 0x12
 1368 00d2 21       		.uleb128 0x21
 1369 00d3 00       		.byte	0
 1370 00d4 49       		.uleb128 0x49
 1371 00d5 13       		.uleb128 0x13
 1372 00d6 2F       		.uleb128 0x2f
 1373 00d7 0B       		.uleb128 0xb
 1374 00d8 00       		.byte	0
 1375 00d9 00       		.byte	0
 1376 00da 13       		.uleb128 0x13
 1377 00db 2E       		.uleb128 0x2e
 1378 00dc 01       		.byte	0x1
 1379 00dd 3F       		.uleb128 0x3f
 1380 00de 0C       		.uleb128 0xc
 1381 00df 03       		.uleb128 0x3
 1382 00e0 0E       		.uleb128 0xe
 1383 00e1 3A       		.uleb128 0x3a
 1384 00e2 0B       		.uleb128 0xb
 1385 00e3 3B       		.uleb128 0x3b
 1386 00e4 0B       		.uleb128 0xb
 1387 00e5 27       		.uleb128 0x27
 1388 00e6 0C       		.uleb128 0xc
 1389 00e7 49       		.uleb128 0x49
 1390 00e8 13       		.uleb128 0x13
 1391 00e9 11       		.uleb128 0x11
 1392 00ea 01       		.uleb128 0x1
 1393 00eb 12       		.uleb128 0x12
 1394 00ec 01       		.uleb128 0x1
 1395 00ed 40       		.uleb128 0x40
 1396 00ee 06       		.uleb128 0x6
 1397 00ef 9742     		.uleb128 0x2117
 1398 00f1 0C       		.uleb128 0xc
 1399 00f2 01       		.uleb128 0x1
 1400 00f3 13       		.uleb128 0x13
 1401 00f4 00       		.byte	0
 1402 00f5 00       		.byte	0
 1403 00f6 14       		.uleb128 0x14
 1404 00f7 34       		.uleb128 0x34
 1405 00f8 00       		.byte	0
 1406 00f9 03       		.uleb128 0x3
 1407 00fa 08       		.uleb128 0x8
 1408 00fb 3A       		.uleb128 0x3a
 1409 00fc 0B       		.uleb128 0xb
 1410 00fd 3B       		.uleb128 0x3b
 1411 00fe 0B       		.uleb128 0xb
 1412 00ff 49       		.uleb128 0x49
 1413 0100 13       		.uleb128 0x13
 1414 0101 02       		.uleb128 0x2
 1415 0102 0A       		.uleb128 0xa
 1416 0103 00       		.byte	0
 1417 0104 00       		.byte	0
 1418 0105 15       		.uleb128 0x15
 1419 0106 0B       		.uleb128 0xb
 1420 0107 01       		.byte	0x1
 1421 0108 11       		.uleb128 0x11
ARM GAS  /tmp/cc3220fI.s 			page 26


 1422 0109 01       		.uleb128 0x1
 1423 010a 12       		.uleb128 0x12
 1424 010b 01       		.uleb128 0x1
 1425 010c 01       		.uleb128 0x1
 1426 010d 13       		.uleb128 0x13
 1427 010e 00       		.byte	0
 1428 010f 00       		.byte	0
 1429 0110 16       		.uleb128 0x16
 1430 0111 34       		.uleb128 0x34
 1431 0112 00       		.byte	0
 1432 0113 03       		.uleb128 0x3
 1433 0114 08       		.uleb128 0x8
 1434 0115 3A       		.uleb128 0x3a
 1435 0116 0B       		.uleb128 0xb
 1436 0117 3B       		.uleb128 0x3b
 1437 0118 0B       		.uleb128 0xb
 1438 0119 49       		.uleb128 0x49
 1439 011a 13       		.uleb128 0x13
 1440 011b 02       		.uleb128 0x2
 1441 011c 06       		.uleb128 0x6
 1442 011d 00       		.byte	0
 1443 011e 00       		.byte	0
 1444 011f 17       		.uleb128 0x17
 1445 0120 898201   		.uleb128 0x4109
 1446 0123 00       		.byte	0
 1447 0124 11       		.uleb128 0x11
 1448 0125 01       		.uleb128 0x1
 1449 0126 31       		.uleb128 0x31
 1450 0127 13       		.uleb128 0x13
 1451 0128 00       		.byte	0
 1452 0129 00       		.byte	0
 1453 012a 18       		.uleb128 0x18
 1454 012b 05       		.uleb128 0x5
 1455 012c 00       		.byte	0
 1456 012d 03       		.uleb128 0x3
 1457 012e 08       		.uleb128 0x8
 1458 012f 3A       		.uleb128 0x3a
 1459 0130 0B       		.uleb128 0xb
 1460 0131 3B       		.uleb128 0x3b
 1461 0132 0B       		.uleb128 0xb
 1462 0133 49       		.uleb128 0x49
 1463 0134 13       		.uleb128 0x13
 1464 0135 02       		.uleb128 0x2
 1465 0136 06       		.uleb128 0x6
 1466 0137 00       		.byte	0
 1467 0138 00       		.byte	0
 1468 0139 19       		.uleb128 0x19
 1469 013a 898201   		.uleb128 0x4109
 1470 013d 01       		.byte	0x1
 1471 013e 11       		.uleb128 0x11
 1472 013f 01       		.uleb128 0x1
 1473 0140 31       		.uleb128 0x31
 1474 0141 13       		.uleb128 0x13
 1475 0142 01       		.uleb128 0x1
 1476 0143 13       		.uleb128 0x13
 1477 0144 00       		.byte	0
 1478 0145 00       		.byte	0
ARM GAS  /tmp/cc3220fI.s 			page 27


 1479 0146 1A       		.uleb128 0x1a
 1480 0147 8A8201   		.uleb128 0x410a
 1481 014a 00       		.byte	0
 1482 014b 02       		.uleb128 0x2
 1483 014c 0A       		.uleb128 0xa
 1484 014d 9142     		.uleb128 0x2111
 1485 014f 0A       		.uleb128 0xa
 1486 0150 00       		.byte	0
 1487 0151 00       		.byte	0
 1488 0152 1B       		.uleb128 0x1b
 1489 0153 898201   		.uleb128 0x4109
 1490 0156 01       		.byte	0x1
 1491 0157 11       		.uleb128 0x11
 1492 0158 01       		.uleb128 0x1
 1493 0159 31       		.uleb128 0x31
 1494 015a 13       		.uleb128 0x13
 1495 015b 00       		.byte	0
 1496 015c 00       		.byte	0
 1497 015d 1C       		.uleb128 0x1c
 1498 015e 34       		.uleb128 0x34
 1499 015f 00       		.byte	0
 1500 0160 03       		.uleb128 0x3
 1501 0161 0E       		.uleb128 0xe
 1502 0162 3A       		.uleb128 0x3a
 1503 0163 0B       		.uleb128 0xb
 1504 0164 3B       		.uleb128 0x3b
 1505 0165 0B       		.uleb128 0xb
 1506 0166 49       		.uleb128 0x49
 1507 0167 13       		.uleb128 0x13
 1508 0168 3F       		.uleb128 0x3f
 1509 0169 0C       		.uleb128 0xc
 1510 016a 3C       		.uleb128 0x3c
 1511 016b 0C       		.uleb128 0xc
 1512 016c 00       		.byte	0
 1513 016d 00       		.byte	0
 1514 016e 1D       		.uleb128 0x1d
 1515 016f 34       		.uleb128 0x34
 1516 0170 00       		.byte	0
 1517 0171 03       		.uleb128 0x3
 1518 0172 0E       		.uleb128 0xe
 1519 0173 3A       		.uleb128 0x3a
 1520 0174 0B       		.uleb128 0xb
 1521 0175 3B       		.uleb128 0x3b
 1522 0176 0B       		.uleb128 0xb
 1523 0177 49       		.uleb128 0x49
 1524 0178 13       		.uleb128 0x13
 1525 0179 3F       		.uleb128 0x3f
 1526 017a 0C       		.uleb128 0xc
 1527 017b 02       		.uleb128 0x2
 1528 017c 0A       		.uleb128 0xa
 1529 017d 00       		.byte	0
 1530 017e 00       		.byte	0
 1531 017f 1E       		.uleb128 0x1e
 1532 0180 2E       		.uleb128 0x2e
 1533 0181 00       		.byte	0
 1534 0182 3F       		.uleb128 0x3f
 1535 0183 0C       		.uleb128 0xc
ARM GAS  /tmp/cc3220fI.s 			page 28


 1536 0184 03       		.uleb128 0x3
 1537 0185 0E       		.uleb128 0xe
 1538 0186 3A       		.uleb128 0x3a
 1539 0187 0B       		.uleb128 0xb
 1540 0188 3B       		.uleb128 0x3b
 1541 0189 0B       		.uleb128 0xb
 1542 018a 27       		.uleb128 0x27
 1543 018b 0C       		.uleb128 0xc
 1544 018c 3C       		.uleb128 0x3c
 1545 018d 0C       		.uleb128 0xc
 1546 018e 00       		.byte	0
 1547 018f 00       		.byte	0
 1548 0190 1F       		.uleb128 0x1f
 1549 0191 2E       		.uleb128 0x2e
 1550 0192 01       		.byte	0x1
 1551 0193 3F       		.uleb128 0x3f
 1552 0194 0C       		.uleb128 0xc
 1553 0195 03       		.uleb128 0x3
 1554 0196 0E       		.uleb128 0xe
 1555 0197 3A       		.uleb128 0x3a
 1556 0198 0B       		.uleb128 0xb
 1557 0199 3B       		.uleb128 0x3b
 1558 019a 0B       		.uleb128 0xb
 1559 019b 27       		.uleb128 0x27
 1560 019c 0C       		.uleb128 0xc
 1561 019d 3C       		.uleb128 0x3c
 1562 019e 0C       		.uleb128 0xc
 1563 019f 01       		.uleb128 0x1
 1564 01a0 13       		.uleb128 0x13
 1565 01a1 00       		.byte	0
 1566 01a2 00       		.byte	0
 1567 01a3 20       		.uleb128 0x20
 1568 01a4 05       		.uleb128 0x5
 1569 01a5 00       		.byte	0
 1570 01a6 49       		.uleb128 0x49
 1571 01a7 13       		.uleb128 0x13
 1572 01a8 00       		.byte	0
 1573 01a9 00       		.byte	0
 1574 01aa 21       		.uleb128 0x21
 1575 01ab 2E       		.uleb128 0x2e
 1576 01ac 01       		.byte	0x1
 1577 01ad 3F       		.uleb128 0x3f
 1578 01ae 0C       		.uleb128 0xc
 1579 01af 03       		.uleb128 0x3
 1580 01b0 0E       		.uleb128 0xe
 1581 01b1 3A       		.uleb128 0x3a
 1582 01b2 0B       		.uleb128 0xb
 1583 01b3 3B       		.uleb128 0x3b
 1584 01b4 0B       		.uleb128 0xb
 1585 01b5 27       		.uleb128 0x27
 1586 01b6 0C       		.uleb128 0xc
 1587 01b7 3C       		.uleb128 0x3c
 1588 01b8 0C       		.uleb128 0xc
 1589 01b9 00       		.byte	0
 1590 01ba 00       		.byte	0
 1591 01bb 00       		.byte	0
 1592              		.section	.debug_loc,"",%progbits
ARM GAS  /tmp/cc3220fI.s 			page 29


 1593              	.Ldebug_loc0:
 1594              	.LLST0:
 1595 0000 00000000 		.4byte	.LFB7
 1596 0004 02000000 		.4byte	.LCFI0
 1597 0008 0200     		.2byte	0x2
 1598 000a 7D       		.byte	0x7d
 1599 000b 00       		.sleb128 0
 1600 000c 02000000 		.4byte	.LCFI0
 1601 0010 2E000000 		.4byte	.LFE7
 1602 0014 0200     		.2byte	0x2
 1603 0016 7D       		.byte	0x7d
 1604 0017 08       		.sleb128 8
 1605 0018 00000000 		.4byte	0
 1606 001c 00000000 		.4byte	0
 1607              	.LLST1:
 1608 0020 08000000 		.4byte	.LVL1
 1609 0024 0B000000 		.4byte	.LVL2-1
 1610 0028 0100     		.2byte	0x1
 1611 002a 53       		.byte	0x53
 1612 002b 00000000 		.4byte	0
 1613 002f 00000000 		.4byte	0
 1614              	.LLST2:
 1615 0033 2A000000 		.4byte	.LVL6
 1616 0037 2E000000 		.4byte	.LFE7
 1617 003b 0100     		.2byte	0x1
 1618 003d 53       		.byte	0x53
 1619 003e 00000000 		.4byte	0
 1620 0042 00000000 		.4byte	0
 1621              	.LLST3:
 1622 0046 00000000 		.4byte	.LFB8
 1623 004a 02000000 		.4byte	.LCFI1
 1624 004e 0200     		.2byte	0x2
 1625 0050 7D       		.byte	0x7d
 1626 0051 00       		.sleb128 0
 1627 0052 02000000 		.4byte	.LCFI1
 1628 0056 50000000 		.4byte	.LFE8
 1629 005a 0200     		.2byte	0x2
 1630 005c 7D       		.byte	0x7d
 1631 005d 10       		.sleb128 16
 1632 005e 00000000 		.4byte	0
 1633 0062 00000000 		.4byte	0
 1634              	.LLST4:
 1635 0066 00000000 		.4byte	.LVL7
 1636 006a 0D000000 		.4byte	.LVL10-1
 1637 006e 0100     		.2byte	0x1
 1638 0070 50       		.byte	0x50
 1639 0071 0D000000 		.4byte	.LVL10-1
 1640 0075 50000000 		.4byte	.LFE8
 1641 0079 0100     		.2byte	0x1
 1642 007b 55       		.byte	0x55
 1643 007c 00000000 		.4byte	0
 1644 0080 00000000 		.4byte	0
 1645              	.LLST5:
 1646 0084 10000000 		.4byte	.LVL11
 1647 0088 46000000 		.4byte	.LVL18
 1648 008c 0100     		.2byte	0x1
 1649 008e 54       		.byte	0x54
ARM GAS  /tmp/cc3220fI.s 			page 30


 1650 008f 46000000 		.4byte	.LVL18
 1651 0093 50000000 		.4byte	.LFE8
 1652 0097 0200     		.2byte	0x2
 1653 0099 75       		.byte	0x75
 1654 009a 10       		.sleb128 16
 1655 009b 00000000 		.4byte	0
 1656 009f 00000000 		.4byte	0
 1657              	.LLST6:
 1658 00a3 0A000000 		.4byte	.LVL9
 1659 00a7 0D000000 		.4byte	.LVL10-1
 1660 00ab 0100     		.2byte	0x1
 1661 00ad 53       		.byte	0x53
 1662 00ae 00000000 		.4byte	0
 1663 00b2 00000000 		.4byte	0
 1664              	.LLST7:
 1665 00b6 2E000000 		.4byte	.LVL15
 1666 00ba 33000000 		.4byte	.LVL16-1
 1667 00be 0100     		.2byte	0x1
 1668 00c0 53       		.byte	0x53
 1669 00c1 00000000 		.4byte	0
 1670 00c5 00000000 		.4byte	0
 1671              		.section	.debug_aranges,"",%progbits
 1672 0000 24000000 		.4byte	0x24
 1673 0004 0200     		.2byte	0x2
 1674 0006 00000000 		.4byte	.Ldebug_info0
 1675 000a 04       		.byte	0x4
 1676 000b 00       		.byte	0
 1677 000c 0000     		.2byte	0
 1678 000e 0000     		.2byte	0
 1679 0010 00000000 		.4byte	.LFB7
 1680 0014 2E000000 		.4byte	.LFE7-.LFB7
 1681 0018 00000000 		.4byte	.LFB8
 1682 001c 50000000 		.4byte	.LFE8-.LFB8
 1683 0020 00000000 		.4byte	0
 1684 0024 00000000 		.4byte	0
 1685              		.section	.debug_ranges,"",%progbits
 1686              	.Ldebug_ranges0:
 1687 0000 00000000 		.4byte	.LFB7
 1688 0004 2E000000 		.4byte	.LFE7
 1689 0008 00000000 		.4byte	.LFB8
 1690 000c 50000000 		.4byte	.LFE8
 1691 0010 00000000 		.4byte	0
 1692 0014 00000000 		.4byte	0
 1693              		.section	.debug_line,"",%progbits
 1694              	.Ldebug_line0:
 1695 0000 39020000 		.section	.debug_str,"MS",%progbits,1
 1695      0200FD01 
 1695      00000201 
 1695      FB0E0D00 
 1695      01010101 
 1696              	.LASF77:
 1697 0000 63665F6F 		.ascii	"cf_off_older\000"
 1697      66665F6F 
 1697      6C646572 
 1697      00
 1698              	.LASF39:
 1699 000d 705F6D73 		.ascii	"p_msg\000"
ARM GAS  /tmp/cc3220fI.s 			page 31


 1699      6700
 1700              	.LASF2:
 1701 0013 73697A65 		.ascii	"size_t\000"
 1701      5F7400
 1702              	.LASF62:
 1703 001a 7264796D 		.ascii	"rdymsg\000"
 1703      736700
 1704              	.LASF13:
 1705 0021 75696E74 		.ascii	"uint64_t\000"
 1705      36345F74 
 1705      00
 1706              	.LASF14:
 1707 002a 6C6F6E67 		.ascii	"long long unsigned int\000"
 1707      206C6F6E 
 1707      6720756E 
 1707      7369676E 
 1707      65642069 
 1708              	.LASF73:
 1709 0041 63685F74 		.ascii	"ch_threadsize\000"
 1709      68726561 
 1709      6473697A 
 1709      6500
 1710              	.LASF63:
 1711 004f 65786974 		.ascii	"exitcode\000"
 1711      636F6465 
 1711      00
 1712              	.LASF96:
 1713 0058 63684462 		.ascii	"chDbgPanic\000"
 1713      6750616E 
 1713      696300
 1714              	.LASF86:
 1715 0063 63685265 		.ascii	"chRegFirstThread\000"
 1715      67466972 
 1715      73745468 
 1715      72656164 
 1715      00
 1716              	.LASF26:
 1717 0074 705F7072 		.ascii	"p_prio\000"
 1717      696F00
 1718              	.LASF80:
 1719 007b 63665F6F 		.ascii	"cf_off_state\000"
 1719      66665F73 
 1719      74617465 
 1719      00
 1720              	.LASF94:
 1721 0088 2F686F6D 		.ascii	"/home/david/Projects/stm32/src/pressure_sensor\000"
 1721      652F6461 
 1721      7669642F 
 1721      50726F6A 
 1721      65637473 
 1722              	.LASF1:
 1723 00b7 7369676E 		.ascii	"signed char\000"
 1723      65642063 
 1723      68617200 
 1724              	.LASF79:
 1725 00c3 63665F6F 		.ascii	"cf_off_stklimit\000"
 1725      66665F73 
ARM GAS  /tmp/cc3220fI.s 			page 32


 1725      746B6C69 
 1725      6D697400 
 1726              	.LASF81:
 1727 00d3 63665F6F 		.ascii	"cf_off_flags\000"
 1727      66665F66 
 1727      6C616773 
 1727      00
 1728              	.LASF43:
 1729 00e0 705F6D70 		.ascii	"p_mpool\000"
 1729      6F6F6C00 
 1730              	.LASF59:
 1731 00e8 6D5F7175 		.ascii	"m_queue\000"
 1731      65756500 
 1732              	.LASF18:
 1733 00f0 74736C69 		.ascii	"tslices_t\000"
 1733      6365735F 
 1733      7400
 1734              	.LASF9:
 1735 00fa 6C6F6E67 		.ascii	"long int\000"
 1735      20696E74 
 1735      00
 1736              	.LASF16:
 1737 0103 74737461 		.ascii	"tstate_t\000"
 1737      74655F74 
 1737      00
 1738              	.LASF12:
 1739 010c 6C6F6E67 		.ascii	"long long int\000"
 1739      206C6F6E 
 1739      6720696E 
 1739      7400
 1740              	.LASF6:
 1741 011a 75696E74 		.ascii	"uint16_t\000"
 1741      31365F74 
 1741      00
 1742              	.LASF85:
 1743 0123 63686465 		.ascii	"chdebug_t\000"
 1743      6275675F 
 1743      7400
 1744              	.LASF28:
 1745 012d 705F6E65 		.ascii	"p_newer\000"
 1745      77657200 
 1746              	.LASF54:
 1747 0135 725F6E65 		.ascii	"r_newer\000"
 1747      77657200 
 1748              	.LASF46:
 1749 013d 72656761 		.ascii	"regarm_t\000"
 1749      726D5F74 
 1749      00
 1750              	.LASF31:
 1751 0146 705F7374 		.ascii	"p_stklimit\000"
 1751      6B6C696D 
 1751      697400
 1752              	.LASF0:
 1753 0151 756E7369 		.ascii	"unsigned int\000"
 1753      676E6564 
 1753      20696E74 
 1753      00
ARM GAS  /tmp/cc3220fI.s 			page 33


 1754              	.LASF11:
 1755 015e 6C6F6E67 		.ascii	"long unsigned int\000"
 1755      20756E73 
 1755      69676E65 
 1755      6420696E 
 1755      7400
 1756              	.LASF89:
 1757 0170 63685F64 		.ascii	"ch_debug\000"
 1757      65627567 
 1757      00
 1758              	.LASF67:
 1759 0179 63685F69 		.ascii	"ch_identifier\000"
 1759      64656E74 
 1759      69666965 
 1759      7200
 1760              	.LASF49:
 1761 0187 636F6E74 		.ascii	"context\000"
 1761      65787400 
 1762              	.LASF7:
 1763 018f 73686F72 		.ascii	"short unsigned int\000"
 1763      7420756E 
 1763      7369676E 
 1763      65642069 
 1763      6E7400
 1764              	.LASF20:
 1765 01a2 6D73675F 		.ascii	"msg_t\000"
 1765      7400
 1766              	.LASF15:
 1767 01a8 746D6F64 		.ascii	"tmode_t\000"
 1767      655F7400 
 1768              	.LASF45:
 1769 01b0 54687265 		.ascii	"ThreadsList\000"
 1769      6164734C 
 1769      69737400 
 1770              	.LASF21:
 1771 01bc 6576656E 		.ascii	"eventmask_t\000"
 1771      746D6173 
 1771      6B5F7400 
 1772              	.LASF58:
 1773 01c8 4D757465 		.ascii	"Mutex\000"
 1773      7800
 1774              	.LASF93:
 1775 01ce 2E2E2F2E 		.ascii	"../../ChibiOS/os/kernel/src/chregistry.c\000"
 1775      2E2F4368 
 1775      6962694F 
 1775      532F6F73 
 1775      2F6B6572 
 1776              	.LASF47:
 1777 01f7 73746B61 		.ascii	"stkalign_t\000"
 1777      6C69676E 
 1777      5F7400
 1778              	.LASF68:
 1779 0202 63685F7A 		.ascii	"ch_zero\000"
 1779      65726F00 
 1780              	.LASF82:
 1781 020a 63665F6F 		.ascii	"cf_off_refs\000"
 1781      66665F72 
ARM GAS  /tmp/cc3220fI.s 			page 34


 1781      65667300 
 1782              	.LASF50:
 1783 0216 73697A65 		.ascii	"sizetype\000"
 1783      74797065 
 1783      00
 1784              	.LASF90:
 1785 021f 6462675F 		.ascii	"dbg_check_lock\000"
 1785      63686563 
 1785      6B5F6C6F 
 1785      636B00
 1786              	.LASF72:
 1787 022e 63685F74 		.ascii	"ch_timesize\000"
 1787      696D6573 
 1787      697A6500 
 1788              	.LASF78:
 1789 023a 63665F6F 		.ascii	"cf_off_name\000"
 1789      66665F6E 
 1789      616D6500 
 1790              	.LASF29:
 1791 0246 705F6F6C 		.ascii	"p_older\000"
 1791      64657200 
 1792              	.LASF53:
 1793 024e 725F6374 		.ascii	"r_ctx\000"
 1793      7800
 1794              	.LASF44:
 1795 0254 54687265 		.ascii	"ThreadsQueue\000"
 1795      61647351 
 1795      75657565 
 1795      00
 1796              	.LASF69:
 1797 0261 63685F73 		.ascii	"ch_size\000"
 1797      697A6500 
 1798              	.LASF92:
 1799 0269 474E5520 		.ascii	"GNU C 4.7.2\000"
 1799      4320342E 
 1799      372E3200 
 1800              	.LASF56:
 1801 0275 725F6375 		.ascii	"r_current\000"
 1801      7272656E 
 1801      7400
 1802              	.LASF55:
 1803 027f 725F6F6C 		.ascii	"r_older\000"
 1803      64657200 
 1804              	.LASF91:
 1805 0287 6462675F 		.ascii	"dbg_check_unlock\000"
 1805      63686563 
 1805      6B5F756E 
 1805      6C6F636B 
 1805      00
 1806              	.LASF17:
 1807 0298 74726566 		.ascii	"trefs_t\000"
 1807      735F7400 
 1808              	.LASF71:
 1809 02a0 63685F70 		.ascii	"ch_ptrsize\000"
 1809      74727369 
 1809      7A6500
 1810              	.LASF25:
ARM GAS  /tmp/cc3220fI.s 			page 35


 1811 02ab 705F7072 		.ascii	"p_prev\000"
 1811      657600
 1812              	.LASF19:
 1813 02b2 74707269 		.ascii	"tprio_t\000"
 1813      6F5F7400 
 1814              	.LASF8:
 1815 02ba 696E7433 		.ascii	"int32_t\000"
 1815      325F7400 
 1816              	.LASF4:
 1817 02c2 756E7369 		.ascii	"unsigned char\000"
 1817      676E6564 
 1817      20636861 
 1817      7200
 1818              	.LASF41:
 1819 02d0 705F6D74 		.ascii	"p_mtxlist\000"
 1819      786C6973 
 1819      7400
 1820              	.LASF5:
 1821 02da 73686F72 		.ascii	"short int\000"
 1821      7420696E 
 1821      7400
 1822              	.LASF32:
 1823 02e4 705F7374 		.ascii	"p_state\000"
 1823      61746500 
 1824              	.LASF35:
 1825 02ec 705F7072 		.ascii	"p_preempt\000"
 1825      65656D70 
 1825      7400
 1826              	.LASF84:
 1827 02f6 63665F6F 		.ascii	"cf_off_time\000"
 1827      66665F74 
 1827      696D6500 
 1828              	.LASF52:
 1829 0302 725F7072 		.ascii	"r_prio\000"
 1829      696F00
 1830              	.LASF65:
 1831 0309 65776D61 		.ascii	"ewmask\000"
 1831      736B00
 1832              	.LASF24:
 1833 0310 705F6E65 		.ascii	"p_next\000"
 1833      787400
 1834              	.LASF83:
 1835 0317 63665F6F 		.ascii	"cf_off_preempt\000"
 1835      66665F70 
 1835      7265656D 
 1835      707400
 1836              	.LASF33:
 1837 0326 705F666C 		.ascii	"p_flags\000"
 1837      61677300 
 1838              	.LASF95:
 1839 032e 63685468 		.ascii	"chThdRelease\000"
 1839      6452656C 
 1839      65617365 
 1839      00
 1840              	.LASF23:
 1841 033b 54687265 		.ascii	"Thread\000"
 1841      616400
ARM GAS  /tmp/cc3220fI.s 			page 36


 1842              	.LASF76:
 1843 0342 63665F6F 		.ascii	"cf_off_newer\000"
 1843      66665F6E 
 1843      65776572 
 1843      00
 1844              	.LASF40:
 1845 034f 705F6570 		.ascii	"p_epending\000"
 1845      656E6469 
 1845      6E6700
 1846              	.LASF10:
 1847 035a 75696E74 		.ascii	"uint32_t\000"
 1847      33325F74 
 1847      00
 1848              	.LASF74:
 1849 0363 63665F6F 		.ascii	"cf_off_prio\000"
 1849      66665F70 
 1849      72696F00 
 1850              	.LASF51:
 1851 036f 725F7175 		.ascii	"r_queue\000"
 1851      65756500 
 1852              	.LASF66:
 1853 0377 63686172 		.ascii	"char\000"
 1853      00
 1854              	.LASF87:
 1855 037c 63685265 		.ascii	"chRegNextThread\000"
 1855      674E6578 
 1855      74546872 
 1855      65616400 
 1856              	.LASF61:
 1857 038c 6D5F6E65 		.ascii	"m_next\000"
 1857      787400
 1858              	.LASF22:
 1859 0393 73797374 		.ascii	"systime_t\000"
 1859      696D655F 
 1859      7400
 1860              	.LASF42:
 1861 039d 705F7265 		.ascii	"p_realprio\000"
 1861      616C7072 
 1861      696F00
 1862              	.LASF36:
 1863 03a8 705F7469 		.ascii	"p_time\000"
 1863      6D6500
 1864              	.LASF48:
 1865 03af 696E7463 		.ascii	"intctx\000"
 1865      747800
 1866              	.LASF38:
 1867 03b6 705F6D73 		.ascii	"p_msgqueue\000"
 1867      67717565 
 1867      756500
 1868              	.LASF75:
 1869 03c1 63665F6F 		.ascii	"cf_off_ctx\000"
 1869      66665F63 
 1869      747800
 1870              	.LASF34:
 1871 03cc 705F7265 		.ascii	"p_refs\000"
 1871      667300
 1872              	.LASF57:
ARM GAS  /tmp/cc3220fI.s 			page 37


 1873 03d3 52656164 		.ascii	"ReadyList\000"
 1873      794C6973 
 1873      7400
 1874              	.LASF88:
 1875 03dd 726C6973 		.ascii	"rlist\000"
 1875      7400
 1876              	.LASF3:
 1877 03e3 75696E74 		.ascii	"uint8_t\000"
 1877      385F7400 
 1878              	.LASF64:
 1879 03eb 77746F62 		.ascii	"wtobjp\000"
 1879      6A7000
 1880              	.LASF30:
 1881 03f2 705F6E61 		.ascii	"p_name\000"
 1881      6D6500
 1882              	.LASF70:
 1883 03f9 63685F76 		.ascii	"ch_version\000"
 1883      65727369 
 1883      6F6E00
 1884              	.LASF60:
 1885 0404 6D5F6F77 		.ascii	"m_owner\000"
 1885      6E657200 
 1886              	.LASF27:
 1887 040c 705F6374 		.ascii	"p_ctx\000"
 1887      7800
 1888              	.LASF37:
 1889 0412 705F7761 		.ascii	"p_waiting\000"
 1889      6974696E 
 1889      6700
 1890              		.ident	"GCC: (crosstool-NG 1.17.0 - PSAS ST32F4 GFE) 4.7.2"
ARM GAS  /tmp/cc3220fI.s 			page 38


DEFINED SYMBOLS
                            *ABS*:0000000000000000 chregistry.c
     /tmp/cc3220fI.s:21     .text.chRegFirstThread:0000000000000000 $t
     /tmp/cc3220fI.s:27     .text.chRegFirstThread:0000000000000000 chRegFirstThread
     /tmp/cc3220fI.s:79     .text.chRegNextThread:0000000000000000 $t
     /tmp/cc3220fI.s:85     .text.chRegNextThread:0000000000000000 chRegNextThread
     /tmp/cc3220fI.s:164    .text.chRegNextThread:0000000000000048 $d
     /tmp/cc3220fI.s:174    .rodata.ch_debug:0000000000000000 ch_debug
     /tmp/cc3220fI.s:171    .rodata.ch_debug:0000000000000000 $d
     /tmp/cc3220fI.s:194    .rodata.str1.4:0000000000000000 $d
                     .debug_frame:0000000000000010 $d

UNDEFINED SYMBOLS
dbg_check_lock
rlist
dbg_check_unlock
chThdRelease
chDbgPanic
