ARM GAS  /tmp/ccsCkrYV.s 			page 1


   1              		.syntax unified
   2              		.cpu cortex-m4
   3              		.eabi_attribute 27, 3
   4              		.eabi_attribute 28, 1
   5              		.fpu fpv4-sp-d16
   6              		.eabi_attribute 20, 1
   7              		.eabi_attribute 21, 1
   8              		.eabi_attribute 23, 3
   9              		.eabi_attribute 24, 1
  10              		.eabi_attribute 25, 1
  11              		.eabi_attribute 26, 1
  12              		.eabi_attribute 30, 2
  13              		.eabi_attribute 34, 1
  14              		.eabi_attribute 18, 4
  15              		.thumb
  16              		.file	"crt0.c"
  17              		.text
  18              	.Ltext0:
  19              		.cfi_sections	.debug_frame
  20              		.section	.text.__early_init,"ax",%progbits
  21              		.align	2
  22              		.p2align 4,,15
  23              		.weak	__early_init
  24              		.thumb
  25              		.thumb_func
  26              		.type	__early_init, %function
  27              	__early_init:
  28              	.LFB0:
  29              		.file 1 "../../ChibiOS/os/ports/GCC/ARMCMx/crt0.c"
  30              		.loc 1 227 0
  31              		.cfi_startproc
  32              		@ args = 0, pretend = 0, frame = 0
  33              		@ frame_needed = 0, uses_anonymous_args = 0
  34              		@ link register save eliminated.
  35 0000 7047     		bx	lr
  36              		.cfi_endproc
  37              	.LFE0:
  38              		.size	__early_init, .-__early_init
  39 0002 00BFAFF3 		.section	.text.__late_init,"ax",%progbits
  39      0080AFF3 
  39      0080AFF3 
  39      0080
  40              		.align	2
  41              		.p2align 4,,15
  42              		.weak	__late_init
  43              		.thumb
  44              		.thumb_func
  45              		.type	__late_init, %function
  46              	__late_init:
  47              	.LFB1:
  48              		.loc 1 239 0
  49              		.cfi_startproc
  50              		@ args = 0, pretend = 0, frame = 0
  51              		@ frame_needed = 0, uses_anonymous_args = 0
  52              		@ link register save eliminated.
  53 0000 7047     		bx	lr
  54              		.cfi_endproc
ARM GAS  /tmp/ccsCkrYV.s 			page 2


  55              	.LFE1:
  56              		.size	__late_init, .-__late_init
  57 0002 00BFAFF3 		.section	.text._default_exit,"ax",%progbits
  57      0080AFF3 
  57      0080AFF3 
  57      0080
  58              		.align	2
  59              		.p2align 4,,15
  60              		.weak	_default_exit
  61              		.thumb
  62              		.thumb_func
  63              		.type	_default_exit, %function
  64              	_default_exit:
  65              	.LFB2:
  66              		.loc 1 250 0
  67              		.cfi_startproc
  68              		@ Naked Function: prologue and epilogue provided by programmer.
  69              		@ args = 0, pretend = 0, frame = 0
  70              		@ frame_needed = 0, uses_anonymous_args = 0
  71              	.L4:
  72 0000 FEE7     		b	.L4
  73              		.cfi_endproc
  74              	.LFE2:
  75              		.size	_default_exit, .-_default_exit
  76 0002 00BFAFF3 		.section	.text.ResetHandler,"ax",%progbits
  76      0080AFF3 
  76      0080AFF3 
  76      0080
  77              		.align	2
  78              		.p2align 4,,15
  79              		.global	ResetHandler
  80              		.thumb
  81              		.thumb_func
  82              		.type	ResetHandler, %function
  83              	ResetHandler:
  84              	.LFB3:
  85              		.loc 1 261 0
  86              		.cfi_startproc
  87              		@ Naked Function: prologue and epilogue provided by programmer.
  88              		@ args = 0, pretend = 0, frame = 0
  89              		@ frame_needed = 0, uses_anonymous_args = 0
  90              		.loc 1 267 0
  91              	@ 267 "../../ChibiOS/os/ports/GCC/ARMCMx/crt0.c" 1
  92 0000 72B6     		cpsid   i
  93              	@ 0 "" 2
  94              		.loc 1 268 0
  95              		.thumb
  96 0002 3748     		ldr	r0, .L32
  97              	.LVL0:
  98              		.loc 1 269 0
  99              	@ 269 "../../ChibiOS/os/ports/GCC/ARMCMx/crt0.c" 1
 100 0004 80F30988 		msr     PSP, r0
 101              	@ 0 "" 2
 102              	.LVL1:
 103              		.loc 1 289 0
 104              		.thumb
 105 0008 0223     		movs	r3, #2
ARM GAS  /tmp/ccsCkrYV.s 			page 3


 106              	@ 289 "../../ChibiOS/os/ports/GCC/ARMCMx/crt0.c" 1
 107 000a 83F31488 		msr     CONTROL, r3
 108              	@ 0 "" 2
 109              		.loc 1 290 0
 110              	@ 290 "../../ChibiOS/os/ports/GCC/ARMCMx/crt0.c" 1
 111 000e BFF36F8F 		isb
 112              	@ 0 "" 2
 113              	.LVL2:
 114              		.thumb
 115              	.LBB2:
 116              		.loc 1 294 0
 117 0012 344A     		ldr	r2, .L32+4
 118 0014 344B     		ldr	r3, .L32+8
 119 0016 9A42     		cmp	r2, r3
 120 0018 0BD2     		bcs	.L10
 121              	.LBE2:
 122              	.LBB3:
 123              		.loc 1 261 0
 124 001a D143     		mvns	r1, r2
 125 001c C918     		adds	r1, r1, r3
 126 001e 21F00301 		bic	r1, r1, #3
 127 0022 131F     		subs	r3, r2, #4
 128 0024 8918     		adds	r1, r1, r2
 129              	.LBE3:
 130              	.LBB4:
 131              		.loc 1 294 0
 132 0026 4FF05532 		mov	r2, #1431655765
 133              	.LVL3:
 134              	.L9:
 135              		.loc 1 294 0 is_stmt 0 discriminator 2
 136 002a 43F8042F 		str	r2, [r3, #4]!
 137 002e 8B42     		cmp	r3, r1
 138 0030 FBD1     		bne	.L9
 139              	.L10:
 140              	.LVL4:
 141              	.LBE4:
 142              	.LBB5:
 143              		.loc 1 297 0 is_stmt 1
 144 0032 2E4A     		ldr	r2, .L32+12
 145 0034 8242     		cmp	r2, r0
 146 0036 0CD2     		bcs	.L8
 147              	.LBE5:
 148              	.LBB6:
 149              		.loc 1 261 0
 150 0038 2D49     		ldr	r1, .L32+16
 151 003a 131D     		adds	r3, r2, #4
 152 003c C91A     		subs	r1, r1, r3
 153 003e 21F00301 		bic	r1, r1, #3
 154 0042 131F     		subs	r3, r2, #4
 155 0044 8918     		adds	r1, r1, r2
 156              	.LBE6:
 157              	.LBB7:
 158              		.loc 1 297 0
 159 0046 4FF05532 		mov	r2, #1431655765
 160              	.LVL5:
 161              	.L13:
 162              		.loc 1 297 0 is_stmt 0 discriminator 2
ARM GAS  /tmp/ccsCkrYV.s 			page 4


 163 004a 43F8042F 		str	r2, [r3, #4]!
 164 004e 8B42     		cmp	r3, r1
 165 0050 FBD1     		bne	.L13
 166              	.L8:
 167              	.LBE7:
 168              		.loc 1 303 0 is_stmt 1
 169 0052 FFF7FEFF 		bl	__early_init
 170              	.LVL6:
 171              	.LBB8:
 172              		.loc 1 312 0
 173 0056 2749     		ldr	r1, .L32+20
 174 0058 274B     		ldr	r3, .L32+24
 175 005a 9942     		cmp	r1, r3
 176 005c 0BD2     		bcs	.L12
 177              	.LBE8:
 178              	.LBB9:
 179              		.loc 1 261 0
 180 005e C843     		mvns	r0, r1
 181 0060 C018     		adds	r0, r0, r3
 182 0062 20F00300 		bic	r0, r0, #3
 183 0066 254C     		ldr	r4, .L32+28
 184 0068 0430     		adds	r0, r0, #4
 185              	.LBE9:
 186 006a 0023     		movs	r3, #0
 187              	.LVL7:
 188              	.L16:
 189              	.LBB10:
 190              		.loc 1 313 0
 191 006c 1A59     		ldr	r2, [r3, r4]
 192 006e 5A50     		str	r2, [r3, r1]
 193 0070 0433     		adds	r3, r3, #4
 194              		.loc 1 312 0
 195 0072 8342     		cmp	r3, r0
 196 0074 FAD1     		bne	.L16
 197              	.L12:
 198              	.LVL8:
 199              	.LBE10:
 200              	.LBB11:
 201              		.loc 1 319 0
 202 0076 224A     		ldr	r2, .L32+32
 203 0078 224B     		ldr	r3, .L32+36
 204 007a 9A42     		cmp	r2, r3
 205 007c 0AD2     		bcs	.L15
 206              	.LBE11:
 207              	.LBB12:
 208              		.loc 1 261 0
 209 007e D143     		mvns	r1, r2
 210 0080 C918     		adds	r1, r1, r3
 211 0082 21F00301 		bic	r1, r1, #3
 212 0086 131F     		subs	r3, r2, #4
 213 0088 8918     		adds	r1, r1, r2
 214              	.LBE12:
 215              	.LBB13:
 216              		.loc 1 319 0
 217 008a 0022     		movs	r2, #0
 218              	.LVL9:
 219              	.L19:
ARM GAS  /tmp/ccsCkrYV.s 			page 5


 220              		.loc 1 319 0 is_stmt 0 discriminator 2
 221 008c 43F8042F 		str	r2, [r3, #4]!
 222 0090 8B42     		cmp	r3, r1
 223 0092 FBD1     		bne	.L19
 224              	.L15:
 225              	.LBE13:
 226              		.loc 1 323 0 is_stmt 1
 227 0094 FFF7FEFF 		bl	__late_init
 228              	.LVL10:
 229              	.LBB14:
 230              		.loc 1 329 0
 231 0098 1B4D     		ldr	r5, .L32+40
 232 009a 1C4B     		ldr	r3, .L32+44
 233 009c 9D42     		cmp	r5, r3
 234 009e 0BD2     		bcs	.L18
 235              	.LBE14:
 236              	.LBB15:
 237              		.loc 1 261 0
 238 00a0 EE43     		mvns	r6, r5
 239 00a2 F618     		adds	r6, r6, r3
 240 00a4 B608     		lsrs	r6, r6, #2
 241 00a6 043D     		subs	r5, r5, #4
 242 00a8 0136     		adds	r6, r6, #1
 243              	.LBE15:
 244 00aa 0024     		movs	r4, #0
 245              	.LVL11:
 246              	.L22:
 247              	.LBB16:
 248              		.loc 1 330 0
 249 00ac 55F8043F 		ldr	r3, [r5, #4]!
 250 00b0 0134     		adds	r4, r4, #1
 251 00b2 9847     		blx	r3
 252              	.LVL12:
 253              		.loc 1 329 0
 254 00b4 B442     		cmp	r4, r6
 255 00b6 F9D1     		bne	.L22
 256              	.L18:
 257              	.LBE16:
 258              		.loc 1 337 0
 259 00b8 FFF7FEFF 		bl	main
 260              	.LVL13:
 261              	.LBB17:
 262              		.loc 1 343 0
 263 00bc 144D     		ldr	r5, .L32+48
 264 00be 154B     		ldr	r3, .L32+52
 265 00c0 9D42     		cmp	r5, r3
 266 00c2 0BD2     		bcs	.L21
 267              	.LBE17:
 268              		.loc 1 261 0
 269 00c4 EE43     		mvns	r6, r5
 270 00c6 F618     		adds	r6, r6, r3
 271 00c8 B608     		lsrs	r6, r6, #2
 272 00ca 043D     		subs	r5, r5, #4
 273 00cc 0136     		adds	r6, r6, #1
 274 00ce 0024     		movs	r4, #0
 275              	.LVL14:
 276              	.L23:
ARM GAS  /tmp/ccsCkrYV.s 			page 6


 277              	.LBB18:
 278              		.loc 1 344 0
 279 00d0 55F8043F 		ldr	r3, [r5, #4]!
 280 00d4 0134     		adds	r4, r4, #1
 281 00d6 9847     		blx	r3
 282              	.LVL15:
 283              		.loc 1 343 0
 284 00d8 B442     		cmp	r4, r6
 285 00da F9D1     		bne	.L23
 286              	.L21:
 287              	.LBE18:
 288              		.loc 1 351 0
 289 00dc FFF7FEFF 		bl	_default_exit
 290              	.LVL16:
 291              		.loc 1 352 0
 292              	.L33:
 293              		.align	2
 294              	.L32:
 295 00e0 00000000 		.word	__process_stack_end__
 296 00e4 00000000 		.word	__main_stack_base__
 297 00e8 00000000 		.word	__main_stack_end__
 298 00ec 00000000 		.word	__process_stack_base__
 299 00f0 03000000 		.word	__process_stack_end__+3
 300 00f4 00000000 		.word	_data
 301 00f8 00000000 		.word	_edata
 302 00fc 00000000 		.word	_textdata
 303 0100 00000000 		.word	_bss_start
 304 0104 00000000 		.word	_bss_end
 305 0108 00000000 		.word	__init_array_start
 306 010c 00000000 		.word	__init_array_end
 307 0110 00000000 		.word	__fini_array_start
 308 0114 00000000 		.word	__fini_array_end
 309              		.cfi_endproc
 310              	.LFE3:
 311              		.size	ResetHandler, .-ResetHandler
 312 0118 AFF30080 		.text
 312      AFF30080 
 313              	.Letext0:
 314              		.file 2 "/home/david/toolchains/psas/x-tools/stm32f407/arm-psas-eabi/bin/../lib/gcc/arm-psas-eabi/
 315              		.section	.debug_info,"",%progbits
 316              	.Ldebug_info0:
 317 0000 A4020000 		.4byte	0x2a4
 318 0004 0200     		.2byte	0x2
 319 0006 00000000 		.4byte	.Ldebug_abbrev0
 320 000a 04       		.byte	0x4
 321 000b 01       		.uleb128 0x1
 322 000c 78010000 		.4byte	.LASF29
 323 0010 01       		.byte	0x1
 324 0011 52000000 		.4byte	.LASF30
 325 0015 23000000 		.4byte	.LASF31
 326 0019 B8000000 		.4byte	.Ldebug_ranges0+0xb8
 327 001d 00000000 		.4byte	0
 328 0021 00000000 		.4byte	0
 329 0025 00000000 		.4byte	.Ldebug_line0
 330 0029 02       		.uleb128 0x2
 331 002a 01       		.byte	0x1
 332 002b 06       		.byte	0x6
ARM GAS  /tmp/ccsCkrYV.s 			page 7


 333 002c C2010000 		.4byte	.LASF0
 334 0030 03       		.uleb128 0x3
 335 0031 4B010000 		.4byte	.LASF5
 336 0035 02       		.byte	0x2
 337 0036 2A       		.byte	0x2a
 338 0037 3B000000 		.4byte	0x3b
 339 003b 02       		.uleb128 0x2
 340 003c 01       		.byte	0x1
 341 003d 08       		.byte	0x8
 342 003e B2000000 		.4byte	.LASF1
 343 0042 02       		.uleb128 0x2
 344 0043 02       		.byte	0x2
 345 0044 05       		.byte	0x5
 346 0045 98010000 		.4byte	.LASF2
 347 0049 02       		.uleb128 0x2
 348 004a 02       		.byte	0x2
 349 004b 07       		.byte	0x7
 350 004c EB000000 		.4byte	.LASF3
 351 0050 02       		.uleb128 0x2
 352 0051 04       		.byte	0x4
 353 0052 05       		.byte	0x5
 354 0053 B3010000 		.4byte	.LASF4
 355 0057 03       		.uleb128 0x3
 356 0058 AA010000 		.4byte	.LASF6
 357 005c 02       		.byte	0x2
 358 005d 50       		.byte	0x50
 359 005e 62000000 		.4byte	0x62
 360 0062 02       		.uleb128 0x2
 361 0063 04       		.byte	0x4
 362 0064 07       		.byte	0x7
 363 0065 CC000000 		.4byte	.LASF7
 364 0069 02       		.uleb128 0x2
 365 006a 08       		.byte	0x8
 366 006b 05       		.byte	0x5
 367 006c 6A010000 		.4byte	.LASF8
 368 0070 02       		.uleb128 0x2
 369 0071 08       		.byte	0x8
 370 0072 07       		.byte	0x7
 371 0073 34010000 		.4byte	.LASF9
 372 0077 04       		.uleb128 0x4
 373 0078 04       		.byte	0x4
 374 0079 05       		.byte	0x5
 375 007a 696E7400 		.ascii	"int\000"
 376 007e 02       		.uleb128 0x2
 377 007f 04       		.byte	0x4
 378 0080 07       		.byte	0x7
 379 0081 27010000 		.4byte	.LASF10
 380 0085 03       		.uleb128 0x3
 381 0086 A2010000 		.4byte	.LASF11
 382 008a 01       		.byte	0x1
 383 008b 2D       		.byte	0x2d
 384 008c 90000000 		.4byte	0x90
 385 0090 05       		.uleb128 0x5
 386 0091 04       		.byte	0x4
 387 0092 96000000 		.4byte	0x96
 388 0096 06       		.uleb128 0x6
 389 0097 01       		.byte	0x1
ARM GAS  /tmp/ccsCkrYV.s 			page 8


 390 0098 03       		.uleb128 0x3
 391 0099 92000000 		.4byte	.LASF12
 392 009d 01       		.byte	0x1
 393 009e 2E       		.byte	0x2e
 394 009f A3000000 		.4byte	0xa3
 395 00a3 05       		.uleb128 0x5
 396 00a4 04       		.byte	0x4
 397 00a5 85000000 		.4byte	0x85
 398 00a9 07       		.uleb128 0x7
 399 00aa 01       		.byte	0x1
 400 00ab 5D010000 		.4byte	.LASF13
 401 00af 01       		.byte	0x1
 402 00b0 E3       		.byte	0xe3
 403 00b1 01       		.byte	0x1
 404 00b2 00000000 		.4byte	.LFB0
 405 00b6 02000000 		.4byte	.LFE0
 406 00ba 02       		.byte	0x2
 407 00bb 7D       		.byte	0x7d
 408 00bc 00       		.sleb128 0
 409 00bd 01       		.byte	0x1
 410 00be 07       		.uleb128 0x7
 411 00bf 01       		.byte	0x1
 412 00c0 C0000000 		.4byte	.LASF14
 413 00c4 01       		.byte	0x1
 414 00c5 EF       		.byte	0xef
 415 00c6 01       		.byte	0x1
 416 00c7 00000000 		.4byte	.LFB1
 417 00cb 02000000 		.4byte	.LFE1
 418 00cf 02       		.byte	0x2
 419 00d0 7D       		.byte	0x7d
 420 00d1 00       		.sleb128 0
 421 00d2 01       		.byte	0x1
 422 00d3 07       		.uleb128 0x7
 423 00d4 01       		.byte	0x1
 424 00d5 9B000000 		.4byte	.LASF15
 425 00d9 01       		.byte	0x1
 426 00da FA       		.byte	0xfa
 427 00db 01       		.byte	0x1
 428 00dc 00000000 		.4byte	.LFB2
 429 00e0 02000000 		.4byte	.LFE2
 430 00e4 02       		.byte	0x2
 431 00e5 7D       		.byte	0x7d
 432 00e6 00       		.sleb128 0
 433 00e7 01       		.byte	0x1
 434 00e8 08       		.uleb128 0x8
 435 00e9 01       		.byte	0x1
 436 00ea DE000000 		.4byte	.LASF32
 437 00ee 01       		.byte	0x1
 438 00ef 0501     		.2byte	0x105
 439 00f1 01       		.byte	0x1
 440 00f2 00000000 		.4byte	.LFB3
 441 00f6 18010000 		.4byte	.LFE3
 442 00fa 02       		.byte	0x2
 443 00fb 7D       		.byte	0x7d
 444 00fc 00       		.sleb128 0
 445 00fd 01       		.byte	0x1
 446 00fe EE010000 		.4byte	0x1ee
ARM GAS  /tmp/ccsCkrYV.s 			page 9


 447 0102 09       		.uleb128 0x9
 448 0103 70737000 		.ascii	"psp\000"
 449 0107 01       		.byte	0x1
 450 0108 0601     		.2byte	0x106
 451 010a 57000000 		.4byte	0x57
 452 010e 01       		.byte	0x1
 453 010f 50       		.byte	0x50
 454 0110 0A       		.uleb128 0xa
 455 0111 72656700 		.ascii	"reg\000"
 456 0115 01       		.byte	0x1
 457 0116 0601     		.2byte	0x106
 458 0118 57000000 		.4byte	0x57
 459 011c 02       		.byte	0x2
 460 011d 0B       		.uleb128 0xb
 461 011e 00000000 		.4byte	.Ldebug_ranges0+0
 462 0122 3D010000 		.4byte	0x13d
 463 0126 0C       		.uleb128 0xc
 464 0127 703100   		.ascii	"p1\000"
 465 012a 01       		.byte	0x1
 466 012b 2601     		.2byte	0x126
 467 012d EE010000 		.4byte	0x1ee
 468 0131 0C       		.uleb128 0xc
 469 0132 703200   		.ascii	"p2\000"
 470 0135 01       		.byte	0x1
 471 0136 2601     		.2byte	0x126
 472 0138 EE010000 		.4byte	0x1ee
 473 013c 00       		.byte	0
 474 013d 0B       		.uleb128 0xb
 475 013e 18000000 		.4byte	.Ldebug_ranges0+0x18
 476 0142 5D010000 		.4byte	0x15d
 477 0146 0C       		.uleb128 0xc
 478 0147 703100   		.ascii	"p1\000"
 479 014a 01       		.byte	0x1
 480 014b 2901     		.2byte	0x129
 481 014d EE010000 		.4byte	0x1ee
 482 0151 0C       		.uleb128 0xc
 483 0152 703200   		.ascii	"p2\000"
 484 0155 01       		.byte	0x1
 485 0156 2901     		.2byte	0x129
 486 0158 EE010000 		.4byte	0x1ee
 487 015c 00       		.byte	0
 488 015d 0B       		.uleb128 0xb
 489 015e 38000000 		.4byte	.Ldebug_ranges0+0x38
 490 0162 7D010000 		.4byte	0x17d
 491 0166 0C       		.uleb128 0xc
 492 0167 747000   		.ascii	"tp\000"
 493 016a 01       		.byte	0x1
 494 016b 3401     		.2byte	0x134
 495 016d EE010000 		.4byte	0x1ee
 496 0171 0C       		.uleb128 0xc
 497 0172 647000   		.ascii	"dp\000"
 498 0175 01       		.byte	0x1
 499 0176 3401     		.2byte	0x134
 500 0178 EE010000 		.4byte	0x1ee
 501 017c 00       		.byte	0
 502 017d 0B       		.uleb128 0xb
 503 017e 58000000 		.4byte	.Ldebug_ranges0+0x58
ARM GAS  /tmp/ccsCkrYV.s 			page 10


 504 0182 9D010000 		.4byte	0x19d
 505 0186 0C       		.uleb128 0xc
 506 0187 703100   		.ascii	"p1\000"
 507 018a 01       		.byte	0x1
 508 018b 3F01     		.2byte	0x13f
 509 018d EE010000 		.4byte	0x1ee
 510 0191 0C       		.uleb128 0xc
 511 0192 703200   		.ascii	"p2\000"
 512 0195 01       		.byte	0x1
 513 0196 3F01     		.2byte	0x13f
 514 0198 EE010000 		.4byte	0x1ee
 515 019c 00       		.byte	0
 516 019d 0B       		.uleb128 0xb
 517 019e 78000000 		.4byte	.Ldebug_ranges0+0x78
 518 01a2 B3010000 		.4byte	0x1b3
 519 01a6 0C       		.uleb128 0xc
 520 01a7 66707000 		.ascii	"fpp\000"
 521 01ab 01       		.byte	0x1
 522 01ac 4801     		.2byte	0x148
 523 01ae 98000000 		.4byte	0x98
 524 01b2 00       		.byte	0
 525 01b3 0B       		.uleb128 0xb
 526 01b4 98000000 		.4byte	.Ldebug_ranges0+0x98
 527 01b8 C9010000 		.4byte	0x1c9
 528 01bc 0C       		.uleb128 0xc
 529 01bd 66707000 		.ascii	"fpp\000"
 530 01c1 01       		.byte	0x1
 531 01c2 5601     		.2byte	0x156
 532 01c4 98000000 		.4byte	0x98
 533 01c8 00       		.byte	0
 534 01c9 0D       		.uleb128 0xd
 535 01ca 56000000 		.4byte	.LVL6
 536 01ce A9000000 		.4byte	0xa9
 537 01d2 0D       		.uleb128 0xd
 538 01d3 98000000 		.4byte	.LVL10
 539 01d7 BE000000 		.4byte	0xbe
 540 01db 0D       		.uleb128 0xd
 541 01dc BC000000 		.4byte	.LVL13
 542 01e0 9D020000 		.4byte	0x29d
 543 01e4 0D       		.uleb128 0xd
 544 01e5 E0000000 		.4byte	.LVL16
 545 01e9 D3000000 		.4byte	0xd3
 546 01ed 00       		.byte	0
 547 01ee 05       		.uleb128 0x5
 548 01ef 04       		.byte	0x4
 549 01f0 57000000 		.4byte	0x57
 550 01f4 0E       		.uleb128 0xe
 551 01f5 84010000 		.4byte	.LASF16
 552 01f9 01       		.byte	0x1
 553 01fa 84       		.byte	0x84
 554 01fb 57000000 		.4byte	0x57
 555 01ff 01       		.byte	0x1
 556 0200 01       		.byte	0x1
 557 0201 0E       		.uleb128 0xe
 558 0202 F7010000 		.4byte	.LASF17
 559 0206 01       		.byte	0x1
 560 0207 8C       		.byte	0x8c
ARM GAS  /tmp/ccsCkrYV.s 			page 11


 561 0208 57000000 		.4byte	0x57
 562 020c 01       		.byte	0x1
 563 020d 01       		.byte	0x1
 564 020e 0E       		.uleb128 0xe
 565 020f 7B000000 		.4byte	.LASF18
 566 0213 01       		.byte	0x1
 567 0214 93       		.byte	0x93
 568 0215 57000000 		.4byte	0x57
 569 0219 01       		.byte	0x1
 570 021a 01       		.byte	0x1
 571 021b 0E       		.uleb128 0xe
 572 021c CE010000 		.4byte	.LASF19
 573 0220 01       		.byte	0x1
 574 0221 9A       		.byte	0x9a
 575 0222 57000000 		.4byte	0x57
 576 0226 01       		.byte	0x1
 577 0227 01       		.byte	0x1
 578 0228 0E       		.uleb128 0xe
 579 0229 53010000 		.4byte	.LASF20
 580 022d 01       		.byte	0x1
 581 022e A0       		.byte	0xa0
 582 022f 57000000 		.4byte	0x57
 583 0233 01       		.byte	0x1
 584 0234 01       		.byte	0x1
 585 0235 0E       		.uleb128 0xe
 586 0236 BC010000 		.4byte	.LASF21
 587 023a 01       		.byte	0x1
 588 023b A6       		.byte	0xa6
 589 023c 57000000 		.4byte	0x57
 590 0240 01       		.byte	0x1
 591 0241 01       		.byte	0x1
 592 0242 0E       		.uleb128 0xe
 593 0243 0B000000 		.4byte	.LASF22
 594 0247 01       		.byte	0x1
 595 0248 AC       		.byte	0xac
 596 0249 57000000 		.4byte	0x57
 597 024d 01       		.byte	0x1
 598 024e 01       		.byte	0x1
 599 024f 0E       		.uleb128 0xe
 600 0250 00000000 		.4byte	.LASF23
 601 0254 01       		.byte	0x1
 602 0255 B2       		.byte	0xb2
 603 0256 57000000 		.4byte	0x57
 604 025a 01       		.byte	0x1
 605 025b 01       		.byte	0x1
 606 025c 0E       		.uleb128 0xe
 607 025d A9000000 		.4byte	.LASF24
 608 0261 01       		.byte	0x1
 609 0262 B8       		.byte	0xb8
 610 0263 57000000 		.4byte	0x57
 611 0267 01       		.byte	0x1
 612 0268 01       		.byte	0x1
 613 0269 0E       		.uleb128 0xe
 614 026a E4010000 		.4byte	.LASF25
 615 026e 01       		.byte	0x1
 616 026f BE       		.byte	0xbe
 617 0270 85000000 		.4byte	0x85
ARM GAS  /tmp/ccsCkrYV.s 			page 12


 618 0274 01       		.byte	0x1
 619 0275 01       		.byte	0x1
 620 0276 0E       		.uleb128 0xe
 621 0277 11010000 		.4byte	.LASF26
 622 027b 01       		.byte	0x1
 623 027c C4       		.byte	0xc4
 624 027d 85000000 		.4byte	0x85
 625 0281 01       		.byte	0x1
 626 0282 01       		.byte	0x1
 627 0283 0E       		.uleb128 0xe
 628 0284 FE000000 		.4byte	.LASF27
 629 0288 01       		.byte	0x1
 630 0289 CA       		.byte	0xca
 631 028a 85000000 		.4byte	0x85
 632 028e 01       		.byte	0x1
 633 028f 01       		.byte	0x1
 634 0290 0E       		.uleb128 0xe
 635 0291 12000000 		.4byte	.LASF28
 636 0295 01       		.byte	0x1
 637 0296 D0       		.byte	0xd0
 638 0297 85000000 		.4byte	0x85
 639 029b 01       		.byte	0x1
 640 029c 01       		.byte	0x1
 641 029d 0F       		.uleb128 0xf
 642 029e 01       		.byte	0x1
 643 029f 22010000 		.4byte	.LASF33
 644 02a3 01       		.byte	0x1
 645 02a4 D7       		.byte	0xd7
 646 02a5 01       		.byte	0x1
 647 02a6 01       		.byte	0x1
 648 02a7 00       		.byte	0
 649              		.section	.debug_abbrev,"",%progbits
 650              	.Ldebug_abbrev0:
 651 0000 01       		.uleb128 0x1
 652 0001 11       		.uleb128 0x11
 653 0002 01       		.byte	0x1
 654 0003 25       		.uleb128 0x25
 655 0004 0E       		.uleb128 0xe
 656 0005 13       		.uleb128 0x13
 657 0006 0B       		.uleb128 0xb
 658 0007 03       		.uleb128 0x3
 659 0008 0E       		.uleb128 0xe
 660 0009 1B       		.uleb128 0x1b
 661 000a 0E       		.uleb128 0xe
 662 000b 55       		.uleb128 0x55
 663 000c 06       		.uleb128 0x6
 664 000d 11       		.uleb128 0x11
 665 000e 01       		.uleb128 0x1
 666 000f 52       		.uleb128 0x52
 667 0010 01       		.uleb128 0x1
 668 0011 10       		.uleb128 0x10
 669 0012 06       		.uleb128 0x6
 670 0013 00       		.byte	0
 671 0014 00       		.byte	0
 672 0015 02       		.uleb128 0x2
 673 0016 24       		.uleb128 0x24
 674 0017 00       		.byte	0
ARM GAS  /tmp/ccsCkrYV.s 			page 13


 675 0018 0B       		.uleb128 0xb
 676 0019 0B       		.uleb128 0xb
 677 001a 3E       		.uleb128 0x3e
 678 001b 0B       		.uleb128 0xb
 679 001c 03       		.uleb128 0x3
 680 001d 0E       		.uleb128 0xe
 681 001e 00       		.byte	0
 682 001f 00       		.byte	0
 683 0020 03       		.uleb128 0x3
 684 0021 16       		.uleb128 0x16
 685 0022 00       		.byte	0
 686 0023 03       		.uleb128 0x3
 687 0024 0E       		.uleb128 0xe
 688 0025 3A       		.uleb128 0x3a
 689 0026 0B       		.uleb128 0xb
 690 0027 3B       		.uleb128 0x3b
 691 0028 0B       		.uleb128 0xb
 692 0029 49       		.uleb128 0x49
 693 002a 13       		.uleb128 0x13
 694 002b 00       		.byte	0
 695 002c 00       		.byte	0
 696 002d 04       		.uleb128 0x4
 697 002e 24       		.uleb128 0x24
 698 002f 00       		.byte	0
 699 0030 0B       		.uleb128 0xb
 700 0031 0B       		.uleb128 0xb
 701 0032 3E       		.uleb128 0x3e
 702 0033 0B       		.uleb128 0xb
 703 0034 03       		.uleb128 0x3
 704 0035 08       		.uleb128 0x8
 705 0036 00       		.byte	0
 706 0037 00       		.byte	0
 707 0038 05       		.uleb128 0x5
 708 0039 0F       		.uleb128 0xf
 709 003a 00       		.byte	0
 710 003b 0B       		.uleb128 0xb
 711 003c 0B       		.uleb128 0xb
 712 003d 49       		.uleb128 0x49
 713 003e 13       		.uleb128 0x13
 714 003f 00       		.byte	0
 715 0040 00       		.byte	0
 716 0041 06       		.uleb128 0x6
 717 0042 15       		.uleb128 0x15
 718 0043 00       		.byte	0
 719 0044 27       		.uleb128 0x27
 720 0045 0C       		.uleb128 0xc
 721 0046 00       		.byte	0
 722 0047 00       		.byte	0
 723 0048 07       		.uleb128 0x7
 724 0049 2E       		.uleb128 0x2e
 725 004a 00       		.byte	0
 726 004b 3F       		.uleb128 0x3f
 727 004c 0C       		.uleb128 0xc
 728 004d 03       		.uleb128 0x3
 729 004e 0E       		.uleb128 0xe
 730 004f 3A       		.uleb128 0x3a
 731 0050 0B       		.uleb128 0xb
ARM GAS  /tmp/ccsCkrYV.s 			page 14


 732 0051 3B       		.uleb128 0x3b
 733 0052 0B       		.uleb128 0xb
 734 0053 27       		.uleb128 0x27
 735 0054 0C       		.uleb128 0xc
 736 0055 11       		.uleb128 0x11
 737 0056 01       		.uleb128 0x1
 738 0057 12       		.uleb128 0x12
 739 0058 01       		.uleb128 0x1
 740 0059 40       		.uleb128 0x40
 741 005a 0A       		.uleb128 0xa
 742 005b 9742     		.uleb128 0x2117
 743 005d 0C       		.uleb128 0xc
 744 005e 00       		.byte	0
 745 005f 00       		.byte	0
 746 0060 08       		.uleb128 0x8
 747 0061 2E       		.uleb128 0x2e
 748 0062 01       		.byte	0x1
 749 0063 3F       		.uleb128 0x3f
 750 0064 0C       		.uleb128 0xc
 751 0065 03       		.uleb128 0x3
 752 0066 0E       		.uleb128 0xe
 753 0067 3A       		.uleb128 0x3a
 754 0068 0B       		.uleb128 0xb
 755 0069 3B       		.uleb128 0x3b
 756 006a 05       		.uleb128 0x5
 757 006b 27       		.uleb128 0x27
 758 006c 0C       		.uleb128 0xc
 759 006d 11       		.uleb128 0x11
 760 006e 01       		.uleb128 0x1
 761 006f 12       		.uleb128 0x12
 762 0070 01       		.uleb128 0x1
 763 0071 40       		.uleb128 0x40
 764 0072 0A       		.uleb128 0xa
 765 0073 9642     		.uleb128 0x2116
 766 0075 0C       		.uleb128 0xc
 767 0076 01       		.uleb128 0x1
 768 0077 13       		.uleb128 0x13
 769 0078 00       		.byte	0
 770 0079 00       		.byte	0
 771 007a 09       		.uleb128 0x9
 772 007b 34       		.uleb128 0x34
 773 007c 00       		.byte	0
 774 007d 03       		.uleb128 0x3
 775 007e 08       		.uleb128 0x8
 776 007f 3A       		.uleb128 0x3a
 777 0080 0B       		.uleb128 0xb
 778 0081 3B       		.uleb128 0x3b
 779 0082 05       		.uleb128 0x5
 780 0083 49       		.uleb128 0x49
 781 0084 13       		.uleb128 0x13
 782 0085 02       		.uleb128 0x2
 783 0086 0A       		.uleb128 0xa
 784 0087 00       		.byte	0
 785 0088 00       		.byte	0
 786 0089 0A       		.uleb128 0xa
 787 008a 34       		.uleb128 0x34
 788 008b 00       		.byte	0
ARM GAS  /tmp/ccsCkrYV.s 			page 15


 789 008c 03       		.uleb128 0x3
 790 008d 08       		.uleb128 0x8
 791 008e 3A       		.uleb128 0x3a
 792 008f 0B       		.uleb128 0xb
 793 0090 3B       		.uleb128 0x3b
 794 0091 05       		.uleb128 0x5
 795 0092 49       		.uleb128 0x49
 796 0093 13       		.uleb128 0x13
 797 0094 1C       		.uleb128 0x1c
 798 0095 0B       		.uleb128 0xb
 799 0096 00       		.byte	0
 800 0097 00       		.byte	0
 801 0098 0B       		.uleb128 0xb
 802 0099 0B       		.uleb128 0xb
 803 009a 01       		.byte	0x1
 804 009b 55       		.uleb128 0x55
 805 009c 06       		.uleb128 0x6
 806 009d 01       		.uleb128 0x1
 807 009e 13       		.uleb128 0x13
 808 009f 00       		.byte	0
 809 00a0 00       		.byte	0
 810 00a1 0C       		.uleb128 0xc
 811 00a2 34       		.uleb128 0x34
 812 00a3 00       		.byte	0
 813 00a4 03       		.uleb128 0x3
 814 00a5 08       		.uleb128 0x8
 815 00a6 3A       		.uleb128 0x3a
 816 00a7 0B       		.uleb128 0xb
 817 00a8 3B       		.uleb128 0x3b
 818 00a9 05       		.uleb128 0x5
 819 00aa 49       		.uleb128 0x49
 820 00ab 13       		.uleb128 0x13
 821 00ac 00       		.byte	0
 822 00ad 00       		.byte	0
 823 00ae 0D       		.uleb128 0xd
 824 00af 898201   		.uleb128 0x4109
 825 00b2 00       		.byte	0
 826 00b3 11       		.uleb128 0x11
 827 00b4 01       		.uleb128 0x1
 828 00b5 31       		.uleb128 0x31
 829 00b6 13       		.uleb128 0x13
 830 00b7 00       		.byte	0
 831 00b8 00       		.byte	0
 832 00b9 0E       		.uleb128 0xe
 833 00ba 34       		.uleb128 0x34
 834 00bb 00       		.byte	0
 835 00bc 03       		.uleb128 0x3
 836 00bd 0E       		.uleb128 0xe
 837 00be 3A       		.uleb128 0x3a
 838 00bf 0B       		.uleb128 0xb
 839 00c0 3B       		.uleb128 0x3b
 840 00c1 0B       		.uleb128 0xb
 841 00c2 49       		.uleb128 0x49
 842 00c3 13       		.uleb128 0x13
 843 00c4 3F       		.uleb128 0x3f
 844 00c5 0C       		.uleb128 0xc
 845 00c6 3C       		.uleb128 0x3c
ARM GAS  /tmp/ccsCkrYV.s 			page 16


 846 00c7 0C       		.uleb128 0xc
 847 00c8 00       		.byte	0
 848 00c9 00       		.byte	0
 849 00ca 0F       		.uleb128 0xf
 850 00cb 2E       		.uleb128 0x2e
 851 00cc 00       		.byte	0
 852 00cd 3F       		.uleb128 0x3f
 853 00ce 0C       		.uleb128 0xc
 854 00cf 03       		.uleb128 0x3
 855 00d0 0E       		.uleb128 0xe
 856 00d1 3A       		.uleb128 0x3a
 857 00d2 0B       		.uleb128 0xb
 858 00d3 3B       		.uleb128 0x3b
 859 00d4 0B       		.uleb128 0xb
 860 00d5 27       		.uleb128 0x27
 861 00d6 0C       		.uleb128 0xc
 862 00d7 3C       		.uleb128 0x3c
 863 00d8 0C       		.uleb128 0xc
 864 00d9 00       		.byte	0
 865 00da 00       		.byte	0
 866 00db 00       		.byte	0
 867              		.section	.debug_aranges,"",%progbits
 868 0000 34000000 		.4byte	0x34
 869 0004 0200     		.2byte	0x2
 870 0006 00000000 		.4byte	.Ldebug_info0
 871 000a 04       		.byte	0x4
 872 000b 00       		.byte	0
 873 000c 0000     		.2byte	0
 874 000e 0000     		.2byte	0
 875 0010 00000000 		.4byte	.LFB0
 876 0014 02000000 		.4byte	.LFE0-.LFB0
 877 0018 00000000 		.4byte	.LFB1
 878 001c 02000000 		.4byte	.LFE1-.LFB1
 879 0020 00000000 		.4byte	.LFB2
 880 0024 02000000 		.4byte	.LFE2-.LFB2
 881 0028 00000000 		.4byte	.LFB3
 882 002c 18010000 		.4byte	.LFE3-.LFB3
 883 0030 00000000 		.4byte	0
 884 0034 00000000 		.4byte	0
 885              		.section	.debug_ranges,"",%progbits
 886              	.Ldebug_ranges0:
 887 0000 12000000 		.4byte	.LBB2
 888 0004 1A000000 		.4byte	.LBE2
 889 0008 26000000 		.4byte	.LBB4
 890 000c 32000000 		.4byte	.LBE4
 891 0010 00000000 		.4byte	0
 892 0014 00000000 		.4byte	0
 893 0018 1A000000 		.4byte	.LBB3
 894 001c 26000000 		.4byte	.LBE3
 895 0020 32000000 		.4byte	.LBB5
 896 0024 38000000 		.4byte	.LBE5
 897 0028 46000000 		.4byte	.LBB7
 898 002c 52000000 		.4byte	.LBE7
 899 0030 00000000 		.4byte	0
 900 0034 00000000 		.4byte	0
 901 0038 38000000 		.4byte	.LBB6
 902 003c 46000000 		.4byte	.LBE6
ARM GAS  /tmp/ccsCkrYV.s 			page 17


 903 0040 56000000 		.4byte	.LBB8
 904 0044 5E000000 		.4byte	.LBE8
 905 0048 6C000000 		.4byte	.LBB10
 906 004c 76000000 		.4byte	.LBE10
 907 0050 00000000 		.4byte	0
 908 0054 00000000 		.4byte	0
 909 0058 5E000000 		.4byte	.LBB9
 910 005c 6A000000 		.4byte	.LBE9
 911 0060 76000000 		.4byte	.LBB11
 912 0064 7E000000 		.4byte	.LBE11
 913 0068 8A000000 		.4byte	.LBB13
 914 006c 94000000 		.4byte	.LBE13
 915 0070 00000000 		.4byte	0
 916 0074 00000000 		.4byte	0
 917 0078 7E000000 		.4byte	.LBB12
 918 007c 8A000000 		.4byte	.LBE12
 919 0080 98000000 		.4byte	.LBB14
 920 0084 A0000000 		.4byte	.LBE14
 921 0088 AC000000 		.4byte	.LBB16
 922 008c B8000000 		.4byte	.LBE16
 923 0090 00000000 		.4byte	0
 924 0094 00000000 		.4byte	0
 925 0098 A0000000 		.4byte	.LBB15
 926 009c AA000000 		.4byte	.LBE15
 927 00a0 BC000000 		.4byte	.LBB17
 928 00a4 C4000000 		.4byte	.LBE17
 929 00a8 D0000000 		.4byte	.LBB18
 930 00ac DC000000 		.4byte	.LBE18
 931 00b0 00000000 		.4byte	0
 932 00b4 00000000 		.4byte	0
 933 00b8 00000000 		.4byte	.LFB0
 934 00bc 02000000 		.4byte	.LFE0
 935 00c0 00000000 		.4byte	.LFB1
 936 00c4 02000000 		.4byte	.LFE1
 937 00c8 00000000 		.4byte	.LFB2
 938 00cc 02000000 		.4byte	.LFE2
 939 00d0 00000000 		.4byte	.LFB3
 940 00d4 18010000 		.4byte	.LFE3
 941 00d8 00000000 		.4byte	0
 942 00dc 00000000 		.4byte	0
 943              		.section	.debug_line,"",%progbits
 944              	.Ldebug_line0:
 945 0000 65010000 		.section	.debug_str,"MS",%progbits,1
 945      0200CC00 
 945      00000201 
 945      FB0E0D00 
 945      01010101 
 946              	.LASF23:
 947 0000 5F627373 		.ascii	"_bss_start\000"
 947      5F737461 
 947      727400
 948              	.LASF22:
 949 000b 5F656461 		.ascii	"_edata\000"
 949      746100
 950              	.LASF28:
 951 0012 5F5F6669 		.ascii	"__fini_array_end\000"
 951      6E695F61 
ARM GAS  /tmp/ccsCkrYV.s 			page 18


 951      72726179 
 951      5F656E64 
 951      00
 952              	.LASF31:
 953 0023 2F686F6D 		.ascii	"/home/david/Projects/stm32/src/pressure_sensor\000"
 953      652F6461 
 953      7669642F 
 953      50726F6A 
 953      65637473 
 954              	.LASF30:
 955 0052 2E2E2F2E 		.ascii	"../../ChibiOS/os/ports/GCC/ARMCMx/crt0.c\000"
 955      2E2F4368 
 955      6962694F 
 955      532F6F73 
 955      2F706F72 
 956              	.LASF18:
 957 007b 5F5F7072 		.ascii	"__process_stack_base__\000"
 957      6F636573 
 957      735F7374 
 957      61636B5F 
 957      62617365 
 958              	.LASF12:
 959 0092 66756E63 		.ascii	"funcpp_t\000"
 959      70705F74 
 959      00
 960              	.LASF15:
 961 009b 5F646566 		.ascii	"_default_exit\000"
 961      61756C74 
 961      5F657869 
 961      7400
 962              	.LASF24:
 963 00a9 5F627373 		.ascii	"_bss_end\000"
 963      5F656E64 
 963      00
 964              	.LASF1:
 965 00b2 756E7369 		.ascii	"unsigned char\000"
 965      676E6564 
 965      20636861 
 965      7200
 966              	.LASF14:
 967 00c0 5F5F6C61 		.ascii	"__late_init\000"
 967      74655F69 
 967      6E697400 
 968              	.LASF7:
 969 00cc 6C6F6E67 		.ascii	"long unsigned int\000"
 969      20756E73 
 969      69676E65 
 969      6420696E 
 969      7400
 970              	.LASF32:
 971 00de 52657365 		.ascii	"ResetHandler\000"
 971      7448616E 
 971      646C6572 
 971      00
 972              	.LASF3:
 973 00eb 73686F72 		.ascii	"short unsigned int\000"
 973      7420756E 
ARM GAS  /tmp/ccsCkrYV.s 			page 19


 973      7369676E 
 973      65642069 
 973      6E7400
 974              	.LASF27:
 975 00fe 5F5F6669 		.ascii	"__fini_array_start\000"
 975      6E695F61 
 975      72726179 
 975      5F737461 
 975      727400
 976              	.LASF26:
 977 0111 5F5F696E 		.ascii	"__init_array_end\000"
 977      69745F61 
 977      72726179 
 977      5F656E64 
 977      00
 978              	.LASF33:
 979 0122 6D61696E 		.ascii	"main\000"
 979      00
 980              	.LASF10:
 981 0127 756E7369 		.ascii	"unsigned int\000"
 981      676E6564 
 981      20696E74 
 981      00
 982              	.LASF9:
 983 0134 6C6F6E67 		.ascii	"long long unsigned int\000"
 983      206C6F6E 
 983      6720756E 
 983      7369676E 
 983      65642069 
 984              	.LASF5:
 985 014b 75696E74 		.ascii	"uint8_t\000"
 985      385F7400 
 986              	.LASF20:
 987 0153 5F746578 		.ascii	"_textdata\000"
 987      74646174 
 987      6100
 988              	.LASF13:
 989 015d 5F5F6561 		.ascii	"__early_init\000"
 989      726C795F 
 989      696E6974 
 989      00
 990              	.LASF8:
 991 016a 6C6F6E67 		.ascii	"long long int\000"
 991      206C6F6E 
 991      6720696E 
 991      7400
 992              	.LASF29:
 993 0178 474E5520 		.ascii	"GNU C 4.7.2\000"
 993      4320342E 
 993      372E3200 
 994              	.LASF16:
 995 0184 5F5F6D61 		.ascii	"__main_stack_base__\000"
 995      696E5F73 
 995      7461636B 
 995      5F626173 
 995      655F5F00 
 996              	.LASF2:
ARM GAS  /tmp/ccsCkrYV.s 			page 20


 997 0198 73686F72 		.ascii	"short int\000"
 997      7420696E 
 997      7400
 998              	.LASF11:
 999 01a2 66756E63 		.ascii	"funcp_t\000"
 999      705F7400 
 1000              	.LASF6:
 1001 01aa 75696E74 		.ascii	"uint32_t\000"
 1001      33325F74 
 1001      00
 1002              	.LASF4:
 1003 01b3 6C6F6E67 		.ascii	"long int\000"
 1003      20696E74 
 1003      00
 1004              	.LASF21:
 1005 01bc 5F646174 		.ascii	"_data\000"
 1005      6100
 1006              	.LASF0:
 1007 01c2 7369676E 		.ascii	"signed char\000"
 1007      65642063 
 1007      68617200 
 1008              	.LASF19:
 1009 01ce 5F5F7072 		.ascii	"__process_stack_end__\000"
 1009      6F636573 
 1009      735F7374 
 1009      61636B5F 
 1009      656E645F 
 1010              	.LASF25:
 1011 01e4 5F5F696E 		.ascii	"__init_array_start\000"
 1011      69745F61 
 1011      72726179 
 1011      5F737461 
 1011      727400
 1012              	.LASF17:
 1013 01f7 5F5F6D61 		.ascii	"__main_stack_end__\000"
 1013      696E5F73 
 1013      7461636B 
 1013      5F656E64 
 1013      5F5F00
 1014              		.ident	"GCC: (crosstool-NG 1.17.0 - PSAS ST32F4 GFE) 4.7.2"
ARM GAS  /tmp/ccsCkrYV.s 			page 21


DEFINED SYMBOLS
                            *ABS*:0000000000000000 crt0.c
     /tmp/ccsCkrYV.s:21     .text.__early_init:0000000000000000 $t
     /tmp/ccsCkrYV.s:27     .text.__early_init:0000000000000000 __early_init
     /tmp/ccsCkrYV.s:40     .text.__late_init:0000000000000000 $t
     /tmp/ccsCkrYV.s:46     .text.__late_init:0000000000000000 __late_init
     /tmp/ccsCkrYV.s:58     .text._default_exit:0000000000000000 $t
     /tmp/ccsCkrYV.s:64     .text._default_exit:0000000000000000 _default_exit
     /tmp/ccsCkrYV.s:77     .text.ResetHandler:0000000000000000 $t
     /tmp/ccsCkrYV.s:83     .text.ResetHandler:0000000000000000 ResetHandler
     /tmp/ccsCkrYV.s:295    .text.ResetHandler:00000000000000e0 $d
                     .debug_frame:0000000000000010 $d
     /tmp/ccsCkrYV.s:312    .text.ResetHandler:0000000000000118 $t

UNDEFINED SYMBOLS
main
__process_stack_end__
__main_stack_base__
__main_stack_end__
__process_stack_base__
_data
_edata
_textdata
_bss_start
_bss_end
__init_array_start
__init_array_end
__fini_array_start
__fini_array_end
