ARM GAS  /tmp/ccW0hHij.s 			page 1


   1              		.syntax unified
   2              		.cpu cortex-m4
   3              		.eabi_attribute 27, 3
   4              		.eabi_attribute 28, 1
   5              		.fpu fpv4-sp-d16
   6              		.eabi_attribute 20, 1
   7              		.eabi_attribute 21, 1
   8              		.eabi_attribute 23, 3
   9              		.eabi_attribute 24, 1
  10              		.eabi_attribute 25, 1
  11              		.eabi_attribute 26, 1
  12              		.eabi_attribute 30, 2
  13              		.eabi_attribute 34, 1
  14              		.eabi_attribute 18, 4
  15              		.thumb
  16              		.file	"evtimer.c"
  17              		.text
  18              	.Ltext0:
  19              		.cfi_sections	.debug_frame
  20              		.section	.text.tmrcb,"ax",%progbits
  21              		.align	2
  22              		.p2align 4,,15
  23              		.thumb
  24              		.thumb_func
  25              		.type	tmrcb, %function
  26              	tmrcb:
  27              	.LFB7:
  28              		.file 1 "../../ChibiOS/os/various/evtimer.c"
  29              		.loc 1 32 0
  30              		.cfi_startproc
  31              		@ args = 0, pretend = 0, frame = 0
  32              		@ frame_needed = 0, uses_anonymous_args = 0
  33              	.LVL0:
  34 0000 10B5     		push	{r4, lr}
  35              	.LCFI0:
  36              		.cfi_def_cfa_offset 8
  37              		.cfi_offset 4, -8
  38              		.cfi_offset 14, -4
  39              	.LBB2:
  40              		.loc 1 35 0
  41 0002 2023     		movs	r3, #32
  42              	.LVL1:
  43              	.LBE2:
  44              		.loc 1 32 0
  45 0004 0446     		mov	r4, r0
  46              	.LVL2:
  47              	.LBB3:
  48              		.loc 1 35 0
  49              	@ 35 "../../ChibiOS/os/various/evtimer.c" 1
  50 0006 83F31188 		msr     BASEPRI, r3
  51              	@ 0 "" 2
  52              	.LVL3:
  53              		.thumb
  54              	.LBE3:
  55 000a FFF7FEFF 		bl	dbg_check_lock_from_isr
  56              	.LVL4:
  57              		.loc 1 36 0
ARM GAS  /tmp/ccW0hHij.s 			page 2


  58 000e 04F11400 		add	r0, r4, #20
  59 0012 0021     		movs	r1, #0
  60 0014 FFF7FEFF 		bl	chEvtBroadcastFlagsI
  61              	.LVL5:
  62              		.loc 1 37 0
  63 0018 40F20002 		movw	r2, #:lower16:tmrcb
  64 001c 2346     		mov	r3, r4
  65 001e 2046     		mov	r0, r4
  66 0020 A169     		ldr	r1, [r4, #24]
  67 0022 C0F20002 		movt	r2, #:upper16:tmrcb
  68 0026 FFF7FEFF 		bl	chVTSetI
  69              	.LVL6:
  70              		.loc 1 38 0
  71 002a FFF7FEFF 		bl	dbg_check_unlock_from_isr
  72              	.LVL7:
  73              	.LBB4:
  74 002e 0023     		movs	r3, #0
  75              	.LVL8:
  76              	@ 38 "../../ChibiOS/os/various/evtimer.c" 1
  77 0030 83F31188 		msr     BASEPRI, r3
  78              	@ 0 "" 2
  79              	.LVL9:
  80              		.thumb
  81 0034 10BD     		pop	{r4, pc}
  82              	.LBE4:
  83              		.cfi_endproc
  84              	.LFE7:
  85              		.size	tmrcb, .-tmrcb
  86 0036 00BFAFF3 		.section	.text.evtStart,"ax",%progbits
  86      0080AFF3 
  86      0080
  87              		.align	2
  88              		.p2align 4,,15
  89              		.global	evtStart
  90              		.thumb
  91              		.thumb_func
  92              		.type	evtStart, %function
  93              	evtStart:
  94              	.LFB8:
  95              		.loc 1 47 0
  96              		.cfi_startproc
  97              		@ args = 0, pretend = 0, frame = 0
  98              		@ frame_needed = 0, uses_anonymous_args = 0
  99              	.LVL10:
 100 0000 10B5     		push	{r4, lr}
 101              	.LCFI1:
 102              		.cfi_def_cfa_offset 8
 103              		.cfi_offset 4, -8
 104              		.cfi_offset 14, -4
 105              	.LBB5:
 106              		.loc 1 49 0
 107 0002 2023     		movs	r3, #32
 108              	.LVL11:
 109              	.LBE5:
 110              		.loc 1 47 0
 111 0004 0446     		mov	r4, r0
 112              	.LBB6:
ARM GAS  /tmp/ccW0hHij.s 			page 3


 113              		.loc 1 49 0
 114              	@ 49 "../../ChibiOS/os/various/evtimer.c" 1
 115 0006 83F31188 		msr     BASEPRI, r3
 116              	@ 0 "" 2
 117              	.LVL12:
 118              		.thumb
 119              	.LBE6:
 120 000a FFF7FEFF 		bl	dbg_check_lock
 121              	.LVL13:
 122              		.loc 1 51 0
 123 000e E368     		ldr	r3, [r4, #12]
 124 0010 2BB1     		cbz	r3, .L5
 125              	.L3:
 126              		.loc 1 54 0
 127 0012 FFF7FEFF 		bl	dbg_check_unlock
 128              	.LVL14:
 129              	.LBB7:
 130 0016 0023     		movs	r3, #0
 131              	.LVL15:
 132              	@ 54 "../../ChibiOS/os/various/evtimer.c" 1
 133 0018 83F31188 		msr     BASEPRI, r3
 134              	@ 0 "" 2
 135              	.LVL16:
 136              		.thumb
 137 001c 10BD     		pop	{r4, pc}
 138              	.LVL17:
 139              	.L5:
 140              	.LBE7:
 141              		.loc 1 52 0
 142 001e 2046     		mov	r0, r4
 143 0020 024A     		ldr	r2, .L6
 144 0022 A169     		ldr	r1, [r4, #24]
 145 0024 2346     		mov	r3, r4
 146 0026 FFF7FEFF 		bl	chVTSetI
 147              	.LVL18:
 148 002a F2E7     		b	.L3
 149              	.L7:
 150              		.align	2
 151              	.L6:
 152 002c 00000000 		.word	tmrcb
 153              		.cfi_endproc
 154              	.LFE8:
 155              		.size	evtStart, .-evtStart
 156              		.section	.text.evtStop,"ax",%progbits
 157              		.align	2
 158              		.p2align 4,,15
 159              		.global	evtStop
 160              		.thumb
 161              		.thumb_func
 162              		.type	evtStop, %function
 163              	evtStop:
 164              	.LFB9:
 165              		.loc 1 63 0
 166              		.cfi_startproc
 167              		@ args = 0, pretend = 0, frame = 0
 168              		@ frame_needed = 0, uses_anonymous_args = 0
 169              	.LVL19:
ARM GAS  /tmp/ccW0hHij.s 			page 4


 170 0000 10B5     		push	{r4, lr}
 171              	.LCFI2:
 172              		.cfi_def_cfa_offset 8
 173              		.cfi_offset 4, -8
 174              		.cfi_offset 14, -4
 175              	.LBB8:
 176              		.loc 1 65 0
 177 0002 2023     		movs	r3, #32
 178              	.LVL20:
 179              	.LBE8:
 180              		.loc 1 63 0
 181 0004 0446     		mov	r4, r0
 182              	.LBB9:
 183              		.loc 1 65 0
 184              	@ 65 "../../ChibiOS/os/various/evtimer.c" 1
 185 0006 83F31188 		msr     BASEPRI, r3
 186              	@ 0 "" 2
 187              	.LVL21:
 188              		.thumb
 189              	.LBE9:
 190 000a FFF7FEFF 		bl	dbg_check_lock
 191              	.LVL22:
 192 000e E368     		ldr	r3, [r4, #12]
 193 0010 13B1     		cbz	r3, .L9
 194              		.loc 1 65 0 is_stmt 0 discriminator 1
 195 0012 2046     		mov	r0, r4
 196 0014 FFF7FEFF 		bl	chVTResetI
 197              	.LVL23:
 198              	.L9:
 199              		.loc 1 65 0 discriminator 2
 200 0018 FFF7FEFF 		bl	dbg_check_unlock
 201              	.LVL24:
 202              	.LBB10:
 203 001c 0023     		movs	r3, #0
 204              	.LVL25:
 205              	@ 65 "../../ChibiOS/os/various/evtimer.c" 1
 206 001e 83F31188 		msr     BASEPRI, r3
 207              	@ 0 "" 2
 208              	.LVL26:
 209              		.thumb
 210 0022 10BD     		pop	{r4, pc}
 211              	.LBE10:
 212              		.cfi_endproc
 213              	.LFE9:
 214              		.size	evtStop, .-evtStop
 215 0024 AFF30080 		.text
 215      AFF30080 
 215      AFF30080 
 216              	.Letext0:
 217              		.file 2 "/home/david/toolchains/arm-psas-eabi/bin/../lib/gcc/arm-psas-eabi/4.7.2/../../../../arm-p
 218              		.file 3 "../../ChibiOS/os/ports/GCC/ARMCMx/chtypes.h"
 219              		.file 4 "../../ChibiOS/os/kernel/include/chlists.h"
 220              		.file 5 "../../ChibiOS/os/kernel/include/chthreads.h"
 221              		.file 6 "../../ChibiOS/os/ports/GCC/ARMCMx/chcore_v7m.h"
 222              		.file 7 "../../ChibiOS/os/kernel/include/chvt.h"
 223              		.file 8 "../../ChibiOS/os/kernel/include/chmtx.h"
 224              		.file 9 "../../ChibiOS/os/kernel/include/chevents.h"
ARM GAS  /tmp/ccW0hHij.s 			page 5


 225              		.file 10 "../../ChibiOS/os/various/evtimer.h"
 226              		.file 11 "../../ChibiOS/os/kernel/include/chdebug.h"
 227              		.section	.debug_info,"",%progbits
 228              	.Ldebug_info0:
 229 0000 8D070000 		.4byte	0x78d
 230 0004 0200     		.2byte	0x2
 231 0006 00000000 		.4byte	.Ldebug_abbrev0
 232 000a 04       		.byte	0x4
 233 000b 01       		.uleb128 0x1
 234 000c FD010000 		.4byte	.LASF85
 235 0010 01       		.byte	0x1
 236 0011 28020000 		.4byte	.LASF86
 237 0015 52000000 		.4byte	.LASF87
 238 0019 48000000 		.4byte	.Ldebug_ranges0+0x48
 239 001d 00000000 		.4byte	0
 240 0021 00000000 		.4byte	0
 241 0025 00000000 		.4byte	.Ldebug_line0
 242 0029 02       		.uleb128 0x2
 243 002a 04       		.byte	0x4
 244 002b 05       		.byte	0x5
 245 002c 696E7400 		.ascii	"int\000"
 246 0030 03       		.uleb128 0x3
 247 0031 04       		.byte	0x4
 248 0032 07       		.byte	0x7
 249 0033 2E010000 		.4byte	.LASF0
 250 0037 03       		.uleb128 0x3
 251 0038 01       		.byte	0x1
 252 0039 06       		.byte	0x6
 253 003a 81000000 		.4byte	.LASF1
 254 003e 04       		.uleb128 0x4
 255 003f 5F030000 		.4byte	.LASF5
 256 0043 02       		.byte	0x2
 257 0044 2A       		.byte	0x2a
 258 0045 49000000 		.4byte	0x49
 259 0049 03       		.uleb128 0x3
 260 004a 01       		.byte	0x1
 261 004b 08       		.byte	0x8
 262 004c 62020000 		.4byte	.LASF2
 263 0050 03       		.uleb128 0x3
 264 0051 02       		.byte	0x2
 265 0052 05       		.byte	0x5
 266 0053 8F020000 		.4byte	.LASF3
 267 0057 03       		.uleb128 0x3
 268 0058 02       		.byte	0x2
 269 0059 07       		.byte	0x7
 270 005a 5D010000 		.4byte	.LASF4
 271 005e 04       		.uleb128 0x4
 272 005f 5A020000 		.4byte	.LASF6
 273 0063 02       		.byte	0x2
 274 0064 4F       		.byte	0x4f
 275 0065 69000000 		.4byte	0x69
 276 0069 03       		.uleb128 0x3
 277 006a 04       		.byte	0x4
 278 006b 05       		.byte	0x5
 279 006c C9000000 		.4byte	.LASF7
 280 0070 04       		.uleb128 0x4
 281 0071 DE020000 		.4byte	.LASF8
ARM GAS  /tmp/ccW0hHij.s 			page 6


 282 0075 02       		.byte	0x2
 283 0076 50       		.byte	0x50
 284 0077 7B000000 		.4byte	0x7b
 285 007b 03       		.uleb128 0x3
 286 007c 04       		.byte	0x4
 287 007d 07       		.byte	0x7
 288 007e 43010000 		.4byte	.LASF9
 289 0082 03       		.uleb128 0x3
 290 0083 08       		.byte	0x8
 291 0084 05       		.byte	0x5
 292 0085 DB000000 		.4byte	.LASF10
 293 0089 04       		.uleb128 0x4
 294 008a 19000000 		.4byte	.LASF11
 295 008e 02       		.byte	0x2
 296 008f 78       		.byte	0x78
 297 0090 94000000 		.4byte	0x94
 298 0094 03       		.uleb128 0x3
 299 0095 08       		.byte	0x8
 300 0096 07       		.byte	0x7
 301 0097 22000000 		.4byte	.LASF12
 302 009b 04       		.uleb128 0x4
 303 009c 7E010000 		.4byte	.LASF13
 304 00a0 03       		.byte	0x3
 305 00a1 28       		.byte	0x28
 306 00a2 3E000000 		.4byte	0x3e
 307 00a6 04       		.uleb128 0x4
 308 00a7 D2000000 		.4byte	.LASF14
 309 00ab 03       		.byte	0x3
 310 00ac 29       		.byte	0x29
 311 00ad 3E000000 		.4byte	0x3e
 312 00b1 04       		.uleb128 0x4
 313 00b2 20020000 		.4byte	.LASF15
 314 00b6 03       		.byte	0x3
 315 00b7 2A       		.byte	0x2a
 316 00b8 3E000000 		.4byte	0x3e
 317 00bc 04       		.uleb128 0x4
 318 00bd BF000000 		.4byte	.LASF16
 319 00c1 03       		.byte	0x3
 320 00c2 2B       		.byte	0x2b
 321 00c3 3E000000 		.4byte	0x3e
 322 00c7 04       		.uleb128 0x4
 323 00c8 52020000 		.4byte	.LASF17
 324 00cc 03       		.byte	0x3
 325 00cd 2C       		.byte	0x2c
 326 00ce 70000000 		.4byte	0x70
 327 00d2 04       		.uleb128 0x4
 328 00d3 70010000 		.4byte	.LASF18
 329 00d7 03       		.byte	0x3
 330 00d8 2D       		.byte	0x2d
 331 00d9 5E000000 		.4byte	0x5e
 332 00dd 04       		.uleb128 0x4
 333 00de 92010000 		.4byte	.LASF19
 334 00e2 03       		.byte	0x3
 335 00e3 2F       		.byte	0x2f
 336 00e4 70000000 		.4byte	0x70
 337 00e8 04       		.uleb128 0x4
 338 00e9 4C030000 		.4byte	.LASF20
ARM GAS  /tmp/ccW0hHij.s 			page 7


 339 00ed 03       		.byte	0x3
 340 00ee 30       		.byte	0x30
 341 00ef 70000000 		.4byte	0x70
 342 00f3 04       		.uleb128 0x4
 343 00f4 06030000 		.4byte	.LASF21
 344 00f8 03       		.byte	0x3
 345 00f9 31       		.byte	0x31
 346 00fa 70000000 		.4byte	0x70
 347 00fe 04       		.uleb128 0x4
 348 00ff C1020000 		.4byte	.LASF22
 349 0103 04       		.byte	0x4
 350 0104 23       		.byte	0x23
 351 0105 09010000 		.4byte	0x109
 352 0109 05       		.uleb128 0x5
 353 010a C1020000 		.4byte	.LASF22
 354 010e 4C       		.byte	0x4c
 355 010f 05       		.byte	0x5
 356 0110 57       		.byte	0x57
 357 0111 3C020000 		.4byte	0x23c
 358 0115 06       		.uleb128 0x6
 359 0116 B2020000 		.4byte	.LASF23
 360 011a 05       		.byte	0x5
 361 011b 58       		.byte	0x58
 362 011c 61020000 		.4byte	0x261
 363 0120 02       		.byte	0x2
 364 0121 23       		.byte	0x23
 365 0122 00       		.uleb128 0
 366 0123 06       		.uleb128 0x6
 367 0124 4B020000 		.4byte	.LASF24
 368 0128 05       		.byte	0x5
 369 0129 5A       		.byte	0x5a
 370 012a 61020000 		.4byte	0x261
 371 012e 02       		.byte	0x2
 372 012f 23       		.byte	0x23
 373 0130 04       		.uleb128 0x4
 374 0131 06       		.uleb128 0x6
 375 0132 4B000000 		.4byte	.LASF25
 376 0136 05       		.byte	0x5
 377 0137 5C       		.byte	0x5c
 378 0138 C7000000 		.4byte	0xc7
 379 013c 02       		.byte	0x2
 380 013d 23       		.byte	0x23
 381 013e 08       		.uleb128 0x8
 382 013f 06       		.uleb128 0x6
 383 0140 B1030000 		.4byte	.LASF26
 384 0144 05       		.byte	0x5
 385 0145 5D       		.byte	0x5d
 386 0146 3A030000 		.4byte	0x33a
 387 014a 02       		.byte	0x2
 388 014b 23       		.byte	0x23
 389 014c 0C       		.uleb128 0xc
 390 014d 06       		.uleb128 0x6
 391 014e FE000000 		.4byte	.LASF27
 392 0152 05       		.byte	0x5
 393 0153 5F       		.byte	0x5f
 394 0154 61020000 		.4byte	0x261
 395 0158 02       		.byte	0x2
ARM GAS  /tmp/ccW0hHij.s 			page 8


 396 0159 23       		.byte	0x23
 397 015a 10       		.uleb128 0x10
 398 015b 06       		.uleb128 0x6
 399 015c E8010000 		.4byte	.LASF28
 400 0160 05       		.byte	0x5
 401 0161 60       		.byte	0x60
 402 0162 61020000 		.4byte	0x261
 403 0166 02       		.byte	0x2
 404 0167 23       		.byte	0x23
 405 0168 14       		.uleb128 0x14
 406 0169 06       		.uleb128 0x6
 407 016a 94030000 		.4byte	.LASF29
 408 016e 05       		.byte	0x5
 409 016f 67       		.byte	0x67
 410 0170 E3040000 		.4byte	0x4e3
 411 0174 02       		.byte	0x2
 412 0175 23       		.byte	0x23
 413 0176 18       		.uleb128 0x18
 414 0177 06       		.uleb128 0x6
 415 0178 23010000 		.4byte	.LASF30
 416 017c 05       		.byte	0x5
 417 017d 6D       		.byte	0x6d
 418 017e F5040000 		.4byte	0x4f5
 419 0182 02       		.byte	0x2
 420 0183 23       		.byte	0x23
 421 0184 1C       		.uleb128 0x1c
 422 0185 06       		.uleb128 0x6
 423 0186 99020000 		.4byte	.LASF31
 424 018a 05       		.byte	0x5
 425 018b 72       		.byte	0x72
 426 018c A6000000 		.4byte	0xa6
 427 0190 02       		.byte	0x2
 428 0191 23       		.byte	0x23
 429 0192 20       		.uleb128 0x20
 430 0193 06       		.uleb128 0x6
 431 0194 B9020000 		.4byte	.LASF32
 432 0198 05       		.byte	0x5
 433 0199 76       		.byte	0x76
 434 019a 9B000000 		.4byte	0x9b
 435 019e 02       		.byte	0x2
 436 019f 23       		.byte	0x23
 437 01a0 21       		.uleb128 0x21
 438 01a1 06       		.uleb128 0x6
 439 01a2 58030000 		.4byte	.LASF33
 440 01a6 05       		.byte	0x5
 441 01a7 7B       		.byte	0x7b
 442 01a8 B1000000 		.4byte	0xb1
 443 01ac 02       		.byte	0x2
 444 01ad 23       		.byte	0x23
 445 01ae 22       		.uleb128 0x22
 446 01af 06       		.uleb128 0x6
 447 01b0 A1020000 		.4byte	.LASF34
 448 01b4 05       		.byte	0x5
 449 01b5 81       		.byte	0x81
 450 01b6 BC000000 		.4byte	0xbc
 451 01ba 02       		.byte	0x2
 452 01bb 23       		.byte	0x23
ARM GAS  /tmp/ccW0hHij.s 			page 9


 453 01bc 23       		.uleb128 0x23
 454 01bd 06       		.uleb128 0x6
 455 01be 2C030000 		.4byte	.LASF35
 456 01c2 05       		.byte	0x5
 457 01c3 88       		.byte	0x88
 458 01c4 E5030000 		.4byte	0x3e5
 459 01c8 02       		.byte	0x2
 460 01c9 23       		.byte	0x23
 461 01ca 24       		.uleb128 0x24
 462 01cb 07       		.uleb128 0x7
 463 01cc 705F7500 		.ascii	"p_u\000"
 464 01d0 05       		.byte	0x5
 465 01d1 AD       		.byte	0xad
 466 01d2 AE040000 		.4byte	0x4ae
 467 01d6 02       		.byte	0x2
 468 01d7 23       		.byte	0x23
 469 01d8 28       		.uleb128 0x28
 470 01d9 06       		.uleb128 0x6
 471 01da B7030000 		.4byte	.LASF36
 472 01de 05       		.byte	0x5
 473 01df B2       		.byte	0xb2
 474 01e0 89020000 		.4byte	0x289
 475 01e4 02       		.byte	0x2
 476 01e5 23       		.byte	0x23
 477 01e6 2C       		.uleb128 0x2c
 478 01e7 06       		.uleb128 0x6
 479 01e8 3A030000 		.4byte	.LASF37
 480 01ec 05       		.byte	0x5
 481 01ed B8       		.byte	0xb8
 482 01ee 67020000 		.4byte	0x267
 483 01f2 02       		.byte	0x2
 484 01f3 23       		.byte	0x23
 485 01f4 30       		.uleb128 0x30
 486 01f5 06       		.uleb128 0x6
 487 01f6 0C000000 		.4byte	.LASF38
 488 01fa 05       		.byte	0x5
 489 01fb BC       		.byte	0xbc
 490 01fc D2000000 		.4byte	0xd2
 491 0200 02       		.byte	0x2
 492 0201 23       		.byte	0x23
 493 0202 38       		.uleb128 0x38
 494 0203 06       		.uleb128 0x6
 495 0204 D3020000 		.4byte	.LASF39
 496 0208 05       		.byte	0x5
 497 0209 C2       		.byte	0xc2
 498 020a DD000000 		.4byte	0xdd
 499 020e 02       		.byte	0x2
 500 020f 23       		.byte	0x23
 501 0210 3C       		.uleb128 0x3c
 502 0211 06       		.uleb128 0x6
 503 0212 85020000 		.4byte	.LASF40
 504 0216 05       		.byte	0x5
 505 0217 C9       		.byte	0xc9
 506 0218 FB040000 		.4byte	0x4fb
 507 021c 02       		.byte	0x2
 508 021d 23       		.byte	0x23
 509 021e 40       		.uleb128 0x40
ARM GAS  /tmp/ccW0hHij.s 			page 10


 510 021f 06       		.uleb128 0x6
 511 0220 10030000 		.4byte	.LASF41
 512 0224 05       		.byte	0x5
 513 0225 CD       		.byte	0xcd
 514 0226 C7000000 		.4byte	0xc7
 515 022a 02       		.byte	0x2
 516 022b 23       		.byte	0x23
 517 022c 44       		.uleb128 0x44
 518 022d 06       		.uleb128 0x6
 519 022e AF000000 		.4byte	.LASF42
 520 0232 05       		.byte	0x5
 521 0233 D3       		.byte	0xd3
 522 0234 9F020000 		.4byte	0x29f
 523 0238 02       		.byte	0x2
 524 0239 23       		.byte	0x23
 525 023a 48       		.uleb128 0x48
 526 023b 00       		.byte	0
 527 023c 08       		.uleb128 0x8
 528 023d 08       		.byte	0x8
 529 023e 04       		.byte	0x4
 530 023f 5A       		.byte	0x5a
 531 0240 61020000 		.4byte	0x261
 532 0244 06       		.uleb128 0x6
 533 0245 B2020000 		.4byte	.LASF23
 534 0249 04       		.byte	0x4
 535 024a 5B       		.byte	0x5b
 536 024b 61020000 		.4byte	0x261
 537 024f 02       		.byte	0x2
 538 0250 23       		.byte	0x23
 539 0251 00       		.uleb128 0
 540 0252 06       		.uleb128 0x6
 541 0253 4B020000 		.4byte	.LASF24
 542 0257 04       		.byte	0x4
 543 0258 5D       		.byte	0x5d
 544 0259 61020000 		.4byte	0x261
 545 025d 02       		.byte	0x2
 546 025e 23       		.byte	0x23
 547 025f 04       		.uleb128 0x4
 548 0260 00       		.byte	0
 549 0261 09       		.uleb128 0x9
 550 0262 04       		.byte	0x4
 551 0263 FE000000 		.4byte	0xfe
 552 0267 04       		.uleb128 0x4
 553 0268 F0010000 		.4byte	.LASF43
 554 026c 04       		.byte	0x4
 555 026d 5F       		.byte	0x5f
 556 026e 3C020000 		.4byte	0x23c
 557 0272 08       		.uleb128 0x8
 558 0273 04       		.byte	0x4
 559 0274 04       		.byte	0x4
 560 0275 64       		.byte	0x64
 561 0276 89020000 		.4byte	0x289
 562 027a 06       		.uleb128 0x6
 563 027b B2020000 		.4byte	.LASF23
 564 027f 04       		.byte	0x4
 565 0280 66       		.byte	0x66
 566 0281 61020000 		.4byte	0x261
ARM GAS  /tmp/ccW0hHij.s 			page 11


 567 0285 02       		.byte	0x2
 568 0286 23       		.byte	0x23
 569 0287 00       		.uleb128 0
 570 0288 00       		.byte	0
 571 0289 04       		.uleb128 0x4
 572 028a 86010000 		.4byte	.LASF44
 573 028e 04       		.byte	0x4
 574 028f 69       		.byte	0x69
 575 0290 72020000 		.4byte	0x272
 576 0294 04       		.uleb128 0x4
 577 0295 06010000 		.4byte	.LASF45
 578 0299 06       		.byte	0x6
 579 029a DE       		.byte	0xde
 580 029b 9F020000 		.4byte	0x29f
 581 029f 0A       		.uleb128 0xa
 582 02a0 04       		.byte	0x4
 583 02a1 04       		.uleb128 0x4
 584 02a2 A4010000 		.4byte	.LASF46
 585 02a6 06       		.byte	0x6
 586 02a7 E4       		.byte	0xe4
 587 02a8 89000000 		.4byte	0x89
 588 02ac 0B       		.uleb128 0xb
 589 02ad 33030000 		.4byte	.LASF47
 590 02b1 24       		.byte	0x24
 591 02b2 06       		.byte	0x6
 592 02b3 0501     		.2byte	0x105
 593 02b5 3A030000 		.4byte	0x33a
 594 02b9 0C       		.uleb128 0xc
 595 02ba 723400   		.ascii	"r4\000"
 596 02bd 06       		.byte	0x6
 597 02be 1801     		.2byte	0x118
 598 02c0 94020000 		.4byte	0x294
 599 02c4 02       		.byte	0x2
 600 02c5 23       		.byte	0x23
 601 02c6 00       		.uleb128 0
 602 02c7 0C       		.uleb128 0xc
 603 02c8 723500   		.ascii	"r5\000"
 604 02cb 06       		.byte	0x6
 605 02cc 1901     		.2byte	0x119
 606 02ce 94020000 		.4byte	0x294
 607 02d2 02       		.byte	0x2
 608 02d3 23       		.byte	0x23
 609 02d4 04       		.uleb128 0x4
 610 02d5 0C       		.uleb128 0xc
 611 02d6 723600   		.ascii	"r6\000"
 612 02d9 06       		.byte	0x6
 613 02da 1A01     		.2byte	0x11a
 614 02dc 94020000 		.4byte	0x294
 615 02e0 02       		.byte	0x2
 616 02e1 23       		.byte	0x23
 617 02e2 08       		.uleb128 0x8
 618 02e3 0C       		.uleb128 0xc
 619 02e4 723700   		.ascii	"r7\000"
 620 02e7 06       		.byte	0x6
 621 02e8 1B01     		.2byte	0x11b
 622 02ea 94020000 		.4byte	0x294
 623 02ee 02       		.byte	0x2
ARM GAS  /tmp/ccW0hHij.s 			page 12


 624 02ef 23       		.byte	0x23
 625 02f0 0C       		.uleb128 0xc
 626 02f1 0C       		.uleb128 0xc
 627 02f2 723800   		.ascii	"r8\000"
 628 02f5 06       		.byte	0x6
 629 02f6 1C01     		.2byte	0x11c
 630 02f8 94020000 		.4byte	0x294
 631 02fc 02       		.byte	0x2
 632 02fd 23       		.byte	0x23
 633 02fe 10       		.uleb128 0x10
 634 02ff 0C       		.uleb128 0xc
 635 0300 723900   		.ascii	"r9\000"
 636 0303 06       		.byte	0x6
 637 0304 1D01     		.2byte	0x11d
 638 0306 94020000 		.4byte	0x294
 639 030a 02       		.byte	0x2
 640 030b 23       		.byte	0x23
 641 030c 14       		.uleb128 0x14
 642 030d 0C       		.uleb128 0xc
 643 030e 72313000 		.ascii	"r10\000"
 644 0312 06       		.byte	0x6
 645 0313 1E01     		.2byte	0x11e
 646 0315 94020000 		.4byte	0x294
 647 0319 02       		.byte	0x2
 648 031a 23       		.byte	0x23
 649 031b 18       		.uleb128 0x18
 650 031c 0C       		.uleb128 0xc
 651 031d 72313100 		.ascii	"r11\000"
 652 0321 06       		.byte	0x6
 653 0322 1F01     		.2byte	0x11f
 654 0324 94020000 		.4byte	0x294
 655 0328 02       		.byte	0x2
 656 0329 23       		.byte	0x23
 657 032a 1C       		.uleb128 0x1c
 658 032b 0C       		.uleb128 0xc
 659 032c 6C7200   		.ascii	"lr\000"
 660 032f 06       		.byte	0x6
 661 0330 2001     		.2byte	0x120
 662 0332 94020000 		.4byte	0x294
 663 0336 02       		.byte	0x2
 664 0337 23       		.byte	0x23
 665 0338 20       		.uleb128 0x20
 666 0339 00       		.byte	0
 667 033a 0B       		.uleb128 0xb
 668 033b 55010000 		.4byte	.LASF48
 669 033f 04       		.byte	0x4
 670 0340 06       		.byte	0x6
 671 0341 2A01     		.2byte	0x12a
 672 0343 57030000 		.4byte	0x357
 673 0347 0C       		.uleb128 0xc
 674 0348 72313300 		.ascii	"r13\000"
 675 034c 06       		.byte	0x6
 676 034d 2B01     		.2byte	0x12b
 677 034f 57030000 		.4byte	0x357
 678 0353 02       		.byte	0x2
 679 0354 23       		.byte	0x23
 680 0355 00       		.uleb128 0
ARM GAS  /tmp/ccW0hHij.s 			page 13


 681 0356 00       		.byte	0
 682 0357 09       		.uleb128 0x9
 683 0358 04       		.byte	0x4
 684 0359 AC020000 		.4byte	0x2ac
 685 035d 03       		.uleb128 0x3
 686 035e 04       		.byte	0x4
 687 035f 07       		.byte	0x7
 688 0360 CE010000 		.4byte	.LASF49
 689 0364 04       		.uleb128 0x4
 690 0365 1B030000 		.4byte	.LASF50
 691 0369 07       		.byte	0x7
 692 036a 4E       		.byte	0x4e
 693 036b 6F030000 		.4byte	0x36f
 694 036f 09       		.uleb128 0x9
 695 0370 04       		.byte	0x4
 696 0371 75030000 		.4byte	0x375
 697 0375 0D       		.uleb128 0xd
 698 0376 01       		.byte	0x1
 699 0377 81030000 		.4byte	0x381
 700 037b 0E       		.uleb128 0xe
 701 037c 9F020000 		.4byte	0x29f
 702 0380 00       		.byte	0
 703 0381 04       		.uleb128 0x4
 704 0382 E7020000 		.4byte	.LASF51
 705 0386 07       		.byte	0x7
 706 0387 53       		.byte	0x53
 707 0388 8C030000 		.4byte	0x38c
 708 038c 05       		.uleb128 0x5
 709 038d E7020000 		.4byte	.LASF51
 710 0391 14       		.byte	0x14
 711 0392 07       		.byte	0x7
 712 0393 5A       		.byte	0x5a
 713 0394 DF030000 		.4byte	0x3df
 714 0398 06       		.uleb128 0x6
 715 0399 3B010000 		.4byte	.LASF52
 716 039d 07       		.byte	0x7
 717 039e 5B       		.byte	0x5b
 718 039f DF030000 		.4byte	0x3df
 719 03a3 02       		.byte	0x2
 720 03a4 23       		.byte	0x23
 721 03a5 00       		.uleb128 0
 722 03a6 06       		.uleb128 0x6
 723 03a7 0F010000 		.4byte	.LASF53
 724 03ab 07       		.byte	0x7
 725 03ac 5D       		.byte	0x5d
 726 03ad DF030000 		.4byte	0x3df
 727 03b1 02       		.byte	0x2
 728 03b2 23       		.byte	0x23
 729 03b3 04       		.uleb128 0x4
 730 03b4 06       		.uleb128 0x6
 731 03b5 AF010000 		.4byte	.LASF54
 732 03b9 07       		.byte	0x7
 733 03ba 5F       		.byte	0x5f
 734 03bb F3000000 		.4byte	0xf3
 735 03bf 02       		.byte	0x2
 736 03c0 23       		.byte	0x23
 737 03c1 08       		.uleb128 0x8
ARM GAS  /tmp/ccW0hHij.s 			page 14


 738 03c2 06       		.uleb128 0x6
 739 03c3 D7010000 		.4byte	.LASF55
 740 03c7 07       		.byte	0x7
 741 03c8 60       		.byte	0x60
 742 03c9 64030000 		.4byte	0x364
 743 03cd 02       		.byte	0x2
 744 03ce 23       		.byte	0x23
 745 03cf 0C       		.uleb128 0xc
 746 03d0 06       		.uleb128 0x6
 747 03d1 45030000 		.4byte	.LASF56
 748 03d5 07       		.byte	0x7
 749 03d6 62       		.byte	0x62
 750 03d7 9F020000 		.4byte	0x29f
 751 03db 02       		.byte	0x2
 752 03dc 23       		.byte	0x23
 753 03dd 10       		.uleb128 0x10
 754 03de 00       		.byte	0
 755 03df 09       		.uleb128 0x9
 756 03e0 04       		.byte	0x4
 757 03e1 81030000 		.4byte	0x381
 758 03e5 0F       		.uleb128 0xf
 759 03e6 F3000000 		.4byte	0xf3
 760 03ea 05       		.uleb128 0x5
 761 03eb 9E010000 		.4byte	.LASF57
 762 03ef 10       		.byte	0x10
 763 03f0 08       		.byte	0x8
 764 03f1 25       		.byte	0x25
 765 03f2 21040000 		.4byte	0x421
 766 03f6 06       		.uleb128 0x6
 767 03f7 B7000000 		.4byte	.LASF58
 768 03fb 08       		.byte	0x8
 769 03fc 26       		.byte	0x26
 770 03fd 67020000 		.4byte	0x267
 771 0401 02       		.byte	0x2
 772 0402 23       		.byte	0x23
 773 0403 00       		.uleb128 0
 774 0404 06       		.uleb128 0x6
 775 0405 A9030000 		.4byte	.LASF59
 776 0409 08       		.byte	0x8
 777 040a 28       		.byte	0x28
 778 040b 61020000 		.4byte	0x261
 779 040f 02       		.byte	0x2
 780 0410 23       		.byte	0x23
 781 0411 08       		.uleb128 0x8
 782 0412 06       		.uleb128 0x6
 783 0413 FF020000 		.4byte	.LASF60
 784 0417 08       		.byte	0x8
 785 0418 2A       		.byte	0x2a
 786 0419 21040000 		.4byte	0x421
 787 041d 02       		.byte	0x2
 788 041e 23       		.byte	0x23
 789 041f 0C       		.uleb128 0xc
 790 0420 00       		.byte	0
 791 0421 09       		.uleb128 0x9
 792 0422 04       		.byte	0x4
 793 0423 EA030000 		.4byte	0x3ea
 794 0427 04       		.uleb128 0x4
ARM GAS  /tmp/ccW0hHij.s 			page 15


 795 0428 9E010000 		.4byte	.LASF57
 796 042c 08       		.byte	0x8
 797 042d 2C       		.byte	0x2c
 798 042e EA030000 		.4byte	0x3ea
 799 0432 04       		.uleb128 0x4
 800 0433 7F030000 		.4byte	.LASF61
 801 0437 09       		.byte	0x9
 802 0438 25       		.byte	0x25
 803 0439 3D040000 		.4byte	0x43d
 804 043d 05       		.uleb128 0x5
 805 043e 7F030000 		.4byte	.LASF61
 806 0442 10       		.byte	0x10
 807 0443 09       		.byte	0x9
 808 0444 2A       		.byte	0x2a
 809 0445 82040000 		.4byte	0x482
 810 0449 06       		.uleb128 0x6
 811 044a 76010000 		.4byte	.LASF62
 812 044e 09       		.byte	0x9
 813 044f 2B       		.byte	0x2b
 814 0450 82040000 		.4byte	0x482
 815 0454 02       		.byte	0x2
 816 0455 23       		.byte	0x23
 817 0456 00       		.uleb128 0
 818 0457 06       		.uleb128 0x6
 819 0458 70020000 		.4byte	.LASF63
 820 045c 09       		.byte	0x9
 821 045d 2E       		.byte	0x2e
 822 045e 61020000 		.4byte	0x261
 823 0462 02       		.byte	0x2
 824 0463 23       		.byte	0x23
 825 0464 04       		.uleb128 0x4
 826 0465 06       		.uleb128 0x6
 827 0466 18020000 		.4byte	.LASF64
 828 046a 09       		.byte	0x9
 829 046b 30       		.byte	0x30
 830 046c DD000000 		.4byte	0xdd
 831 0470 02       		.byte	0x2
 832 0471 23       		.byte	0x23
 833 0472 08       		.uleb128 0x8
 834 0473 06       		.uleb128 0x6
 835 0474 7C020000 		.4byte	.LASF65
 836 0478 09       		.byte	0x9
 837 0479 33       		.byte	0x33
 838 047a E8000000 		.4byte	0xe8
 839 047e 02       		.byte	0x2
 840 047f 23       		.byte	0x23
 841 0480 0C       		.uleb128 0xc
 842 0481 00       		.byte	0
 843 0482 09       		.uleb128 0x9
 844 0483 04       		.byte	0x4
 845 0484 32040000 		.4byte	0x432
 846 0488 05       		.uleb128 0x5
 847 0489 17010000 		.4byte	.LASF66
 848 048d 04       		.byte	0x4
 849 048e 09       		.byte	0x9
 850 048f 3A       		.byte	0x3a
 851 0490 A3040000 		.4byte	0x4a3
ARM GAS  /tmp/ccW0hHij.s 			page 16


 852 0494 06       		.uleb128 0x6
 853 0495 9B030000 		.4byte	.LASF67
 854 0499 09       		.byte	0x9
 855 049a 3B       		.byte	0x3b
 856 049b 82040000 		.4byte	0x482
 857 049f 02       		.byte	0x2
 858 04a0 23       		.byte	0x23
 859 04a1 00       		.uleb128 0
 860 04a2 00       		.byte	0
 861 04a3 04       		.uleb128 0x4
 862 04a4 17010000 		.4byte	.LASF66
 863 04a8 09       		.byte	0x9
 864 04a9 3E       		.byte	0x3e
 865 04aa 88040000 		.4byte	0x488
 866 04ae 10       		.uleb128 0x10
 867 04af 04       		.byte	0x4
 868 04b0 05       		.byte	0x5
 869 04b1 8F       		.byte	0x8f
 870 04b2 E3040000 		.4byte	0x4e3
 871 04b6 11       		.uleb128 0x11
 872 04b7 12000000 		.4byte	.LASF68
 873 04bb 05       		.byte	0x5
 874 04bc 96       		.byte	0x96
 875 04bd D2000000 		.4byte	0xd2
 876 04c1 11       		.uleb128 0x11
 877 04c2 39000000 		.4byte	.LASF69
 878 04c6 05       		.byte	0x5
 879 04c7 9D       		.byte	0x9d
 880 04c8 D2000000 		.4byte	0xd2
 881 04cc 11       		.uleb128 0x11
 882 04cd 8D030000 		.4byte	.LASF70
 883 04d1 05       		.byte	0x5
 884 04d2 A4       		.byte	0xa4
 885 04d3 9F020000 		.4byte	0x29f
 886 04d7 11       		.uleb128 0x11
 887 04d8 AB020000 		.4byte	.LASF71
 888 04dc 05       		.byte	0x5
 889 04dd AB       		.byte	0xab
 890 04de DD000000 		.4byte	0xdd
 891 04e2 00       		.byte	0
 892 04e3 09       		.uleb128 0x9
 893 04e4 04       		.byte	0x4
 894 04e5 E9040000 		.4byte	0x4e9
 895 04e9 12       		.uleb128 0x12
 896 04ea EE040000 		.4byte	0x4ee
 897 04ee 03       		.uleb128 0x3
 898 04ef 01       		.byte	0x1
 899 04f0 08       		.byte	0x8
 900 04f1 F4020000 		.4byte	.LASF72
 901 04f5 09       		.uleb128 0x9
 902 04f6 04       		.byte	0x4
 903 04f7 A1020000 		.4byte	0x2a1
 904 04fb 09       		.uleb128 0x9
 905 04fc 04       		.byte	0x4
 906 04fd 27040000 		.4byte	0x427
 907 0501 08       		.uleb128 0x8
 908 0502 1C       		.byte	0x1c
ARM GAS  /tmp/ccW0hHij.s 			page 17


 909 0503 0A       		.byte	0xa
 910 0504 2B       		.byte	0x2b
 911 0505 34050000 		.4byte	0x534
 912 0509 06       		.uleb128 0x6
 913 050a A3030000 		.4byte	.LASF73
 914 050e 0A       		.byte	0xa
 915 050f 2C       		.byte	0x2c
 916 0510 81030000 		.4byte	0x381
 917 0514 02       		.byte	0x2
 918 0515 23       		.byte	0x23
 919 0516 00       		.uleb128 0
 920 0517 06       		.uleb128 0x6
 921 0518 C8010000 		.4byte	.LASF74
 922 051c 0A       		.byte	0xa
 923 051d 2D       		.byte	0x2d
 924 051e A3040000 		.4byte	0x4a3
 925 0522 02       		.byte	0x2
 926 0523 23       		.byte	0x23
 927 0524 14       		.uleb128 0x14
 928 0525 06       		.uleb128 0x6
 929 0526 00000000 		.4byte	.LASF75
 930 052a 0A       		.byte	0xa
 931 052b 2E       		.byte	0x2e
 932 052c F3000000 		.4byte	0xf3
 933 0530 02       		.byte	0x2
 934 0531 23       		.byte	0x23
 935 0532 18       		.uleb128 0x18
 936 0533 00       		.byte	0
 937 0534 04       		.uleb128 0x4
 938 0535 8D000000 		.4byte	.LASF76
 939 0539 0A       		.byte	0xa
 940 053a 2F       		.byte	0x2f
 941 053b 01050000 		.4byte	0x501
 942 053f 13       		.uleb128 0x13
 943 0540 F9020000 		.4byte	.LASF88
 944 0544 01       		.byte	0x1
 945 0545 20       		.byte	0x20
 946 0546 01       		.byte	0x1
 947 0547 00000000 		.4byte	.LFB7
 948 054b 36000000 		.4byte	.LFE7
 949 054f 00000000 		.4byte	.LLST0
 950 0553 01       		.byte	0x1
 951 0554 F9050000 		.4byte	0x5f9
 952 0558 14       		.uleb128 0x14
 953 0559 7000     		.ascii	"p\000"
 954 055b 01       		.byte	0x1
 955 055c 20       		.byte	0x20
 956 055d 9F020000 		.4byte	0x29f
 957 0561 20000000 		.4byte	.LLST1
 958 0565 15       		.uleb128 0x15
 959 0566 65747000 		.ascii	"etp\000"
 960 056a 01       		.byte	0x1
 961 056b 21       		.byte	0x21
 962 056c F9050000 		.4byte	0x5f9
 963 0570 3E000000 		.4byte	.LLST2
 964 0574 16       		.uleb128 0x16
 965 0575 00000000 		.4byte	.Ldebug_ranges0+0
ARM GAS  /tmp/ccW0hHij.s 			page 18


 966 0579 8D050000 		.4byte	0x58d
 967 057d 15       		.uleb128 0x15
 968 057e 746D7000 		.ascii	"tmp\000"
 969 0582 01       		.byte	0x1
 970 0583 23       		.byte	0x23
 971 0584 70000000 		.4byte	0x70
 972 0588 5C000000 		.4byte	.LLST3
 973 058c 00       		.byte	0
 974 058d 17       		.uleb128 0x17
 975 058e 2E000000 		.4byte	.LBB4
 976 0592 36000000 		.4byte	.LBE4
 977 0596 AA050000 		.4byte	0x5aa
 978 059a 15       		.uleb128 0x15
 979 059b 746D7000 		.ascii	"tmp\000"
 980 059f 01       		.byte	0x1
 981 05a0 26       		.byte	0x26
 982 05a1 70000000 		.4byte	0x70
 983 05a5 6F000000 		.4byte	.LLST4
 984 05a9 00       		.byte	0
 985 05aa 18       		.uleb128 0x18
 986 05ab 0E000000 		.4byte	.LVL4
 987 05af 16070000 		.4byte	0x716
 988 05b3 19       		.uleb128 0x19
 989 05b4 18000000 		.4byte	.LVL5
 990 05b8 20070000 		.4byte	0x720
 991 05bc CC050000 		.4byte	0x5cc
 992 05c0 1A       		.uleb128 0x1a
 993 05c1 01       		.byte	0x1
 994 05c2 51       		.byte	0x51
 995 05c3 01       		.byte	0x1
 996 05c4 30       		.byte	0x30
 997 05c5 1A       		.uleb128 0x1a
 998 05c6 01       		.byte	0x1
 999 05c7 50       		.byte	0x50
 1000 05c8 02       		.byte	0x2
 1001 05c9 74       		.byte	0x74
 1002 05ca 14       		.sleb128 20
 1003 05cb 00       		.byte	0
 1004 05cc 19       		.uleb128 0x19
 1005 05cd 2A000000 		.4byte	.LVL6
 1006 05d1 3F070000 		.4byte	0x73f
 1007 05d5 EF050000 		.4byte	0x5ef
 1008 05d9 1A       		.uleb128 0x1a
 1009 05da 01       		.byte	0x1
 1010 05db 53       		.byte	0x53
 1011 05dc 02       		.byte	0x2
 1012 05dd 74       		.byte	0x74
 1013 05de 00       		.sleb128 0
 1014 05df 1A       		.uleb128 0x1a
 1015 05e0 01       		.byte	0x1
 1016 05e1 52       		.byte	0x52
 1017 05e2 05       		.byte	0x5
 1018 05e3 03       		.byte	0x3
 1019 05e4 00000000 		.4byte	tmrcb
 1020 05e8 1A       		.uleb128 0x1a
 1021 05e9 01       		.byte	0x1
 1022 05ea 50       		.byte	0x50
ARM GAS  /tmp/ccW0hHij.s 			page 19


 1023 05eb 02       		.byte	0x2
 1024 05ec 74       		.byte	0x74
 1025 05ed 00       		.sleb128 0
 1026 05ee 00       		.byte	0
 1027 05ef 18       		.uleb128 0x18
 1028 05f0 2E000000 		.4byte	.LVL7
 1029 05f4 62070000 		.4byte	0x762
 1030 05f8 00       		.byte	0
 1031 05f9 09       		.uleb128 0x9
 1032 05fa 04       		.byte	0x4
 1033 05fb 34050000 		.4byte	0x534
 1034 05ff 1B       		.uleb128 0x1b
 1035 0600 01       		.byte	0x1
 1036 0601 42000000 		.4byte	.LASF77
 1037 0605 01       		.byte	0x1
 1038 0606 2F       		.byte	0x2f
 1039 0607 01       		.byte	0x1
 1040 0608 00000000 		.4byte	.LFB8
 1041 060c 30000000 		.4byte	.LFE8
 1042 0610 82000000 		.4byte	.LLST5
 1043 0614 01       		.byte	0x1
 1044 0615 90060000 		.4byte	0x690
 1045 0619 14       		.uleb128 0x14
 1046 061a 65747000 		.ascii	"etp\000"
 1047 061e 01       		.byte	0x1
 1048 061f 2F       		.byte	0x2f
 1049 0620 F9050000 		.4byte	0x5f9
 1050 0624 A2000000 		.4byte	.LLST6
 1051 0628 16       		.uleb128 0x16
 1052 0629 18000000 		.4byte	.Ldebug_ranges0+0x18
 1053 062d 41060000 		.4byte	0x641
 1054 0631 15       		.uleb128 0x15
 1055 0632 746D7000 		.ascii	"tmp\000"
 1056 0636 01       		.byte	0x1
 1057 0637 31       		.byte	0x31
 1058 0638 70000000 		.4byte	0x70
 1059 063c C0000000 		.4byte	.LLST7
 1060 0640 00       		.byte	0
 1061 0641 17       		.uleb128 0x17
 1062 0642 16000000 		.4byte	.LBB7
 1063 0646 1E000000 		.4byte	.LBE7
 1064 064a 5E060000 		.4byte	0x65e
 1065 064e 15       		.uleb128 0x15
 1066 064f 746D7000 		.ascii	"tmp\000"
 1067 0653 01       		.byte	0x1
 1068 0654 36       		.byte	0x36
 1069 0655 70000000 		.4byte	0x70
 1070 0659 D3000000 		.4byte	.LLST8
 1071 065d 00       		.byte	0
 1072 065e 18       		.uleb128 0x18
 1073 065f 0E000000 		.4byte	.LVL13
 1074 0663 6C070000 		.4byte	0x76c
 1075 0667 18       		.uleb128 0x18
 1076 0668 16000000 		.4byte	.LVL14
 1077 066c 76070000 		.4byte	0x776
 1078 0670 1C       		.uleb128 0x1c
 1079 0671 2A000000 		.4byte	.LVL18
ARM GAS  /tmp/ccW0hHij.s 			page 20


 1080 0675 3F070000 		.4byte	0x73f
 1081 0679 1A       		.uleb128 0x1a
 1082 067a 01       		.byte	0x1
 1083 067b 53       		.byte	0x53
 1084 067c 02       		.byte	0x2
 1085 067d 74       		.byte	0x74
 1086 067e 00       		.sleb128 0
 1087 067f 1A       		.uleb128 0x1a
 1088 0680 01       		.byte	0x1
 1089 0681 52       		.byte	0x52
 1090 0682 05       		.byte	0x5
 1091 0683 03       		.byte	0x3
 1092 0684 00000000 		.4byte	tmrcb
 1093 0688 1A       		.uleb128 0x1a
 1094 0689 01       		.byte	0x1
 1095 068a 50       		.byte	0x50
 1096 068b 02       		.byte	0x2
 1097 068c 74       		.byte	0x74
 1098 068d 00       		.sleb128 0
 1099 068e 00       		.byte	0
 1100 068f 00       		.byte	0
 1101 0690 1B       		.uleb128 0x1b
 1102 0691 01       		.byte	0x1
 1103 0692 24030000 		.4byte	.LASF78
 1104 0696 01       		.byte	0x1
 1105 0697 3F       		.byte	0x3f
 1106 0698 01       		.byte	0x1
 1107 0699 00000000 		.4byte	.LFB9
 1108 069d 24000000 		.4byte	.LFE9
 1109 06a1 E6000000 		.4byte	.LLST9
 1110 06a5 01       		.byte	0x1
 1111 06a6 16070000 		.4byte	0x716
 1112 06aa 14       		.uleb128 0x14
 1113 06ab 65747000 		.ascii	"etp\000"
 1114 06af 01       		.byte	0x1
 1115 06b0 3F       		.byte	0x3f
 1116 06b1 F9050000 		.4byte	0x5f9
 1117 06b5 06010000 		.4byte	.LLST10
 1118 06b9 16       		.uleb128 0x16
 1119 06ba 30000000 		.4byte	.Ldebug_ranges0+0x30
 1120 06be D2060000 		.4byte	0x6d2
 1121 06c2 15       		.uleb128 0x15
 1122 06c3 746D7000 		.ascii	"tmp\000"
 1123 06c7 01       		.byte	0x1
 1124 06c8 41       		.byte	0x41
 1125 06c9 70000000 		.4byte	0x70
 1126 06cd 24010000 		.4byte	.LLST11
 1127 06d1 00       		.byte	0
 1128 06d2 17       		.uleb128 0x17
 1129 06d3 1C000000 		.4byte	.LBB10
 1130 06d7 24000000 		.4byte	.LBE10
 1131 06db EF060000 		.4byte	0x6ef
 1132 06df 15       		.uleb128 0x15
 1133 06e0 746D7000 		.ascii	"tmp\000"
 1134 06e4 01       		.byte	0x1
 1135 06e5 41       		.byte	0x41
 1136 06e6 70000000 		.4byte	0x70
ARM GAS  /tmp/ccW0hHij.s 			page 21


 1137 06ea 37010000 		.4byte	.LLST12
 1138 06ee 00       		.byte	0
 1139 06ef 18       		.uleb128 0x18
 1140 06f0 0E000000 		.4byte	.LVL22
 1141 06f4 6C070000 		.4byte	0x76c
 1142 06f8 19       		.uleb128 0x19
 1143 06f9 18000000 		.4byte	.LVL23
 1144 06fd 80070000 		.4byte	0x780
 1145 0701 0C070000 		.4byte	0x70c
 1146 0705 1A       		.uleb128 0x1a
 1147 0706 01       		.byte	0x1
 1148 0707 50       		.byte	0x50
 1149 0708 02       		.byte	0x2
 1150 0709 74       		.byte	0x74
 1151 070a 00       		.sleb128 0
 1152 070b 00       		.byte	0
 1153 070c 18       		.uleb128 0x18
 1154 070d 1C000000 		.4byte	.LVL24
 1155 0711 76070000 		.4byte	0x776
 1156 0715 00       		.byte	0
 1157 0716 1D       		.uleb128 0x1d
 1158 0717 01       		.byte	0x1
 1159 0718 67030000 		.4byte	.LASF81
 1160 071c 0B       		.byte	0xb
 1161 071d E2       		.byte	0xe2
 1162 071e 01       		.byte	0x1
 1163 071f 01       		.byte	0x1
 1164 0720 1E       		.uleb128 0x1e
 1165 0721 01       		.byte	0x1
 1166 0722 E9000000 		.4byte	.LASF79
 1167 0726 09       		.byte	0x9
 1168 0727 B3       		.byte	0xb3
 1169 0728 01       		.byte	0x1
 1170 0729 01       		.byte	0x1
 1171 072a 39070000 		.4byte	0x739
 1172 072e 0E       		.uleb128 0xe
 1173 072f 39070000 		.4byte	0x739
 1174 0733 0E       		.uleb128 0xe
 1175 0734 E8000000 		.4byte	0xe8
 1176 0738 00       		.byte	0
 1177 0739 09       		.uleb128 0x9
 1178 073a 04       		.byte	0x4
 1179 073b A3040000 		.4byte	0x4a3
 1180 073f 1E       		.uleb128 0x1e
 1181 0740 01       		.byte	0x1
 1182 0741 DF010000 		.4byte	.LASF80
 1183 0745 07       		.byte	0x7
 1184 0746 DA       		.byte	0xda
 1185 0747 01       		.byte	0x1
 1186 0748 01       		.byte	0x1
 1187 0749 62070000 		.4byte	0x762
 1188 074d 0E       		.uleb128 0xe
 1189 074e DF030000 		.4byte	0x3df
 1190 0752 0E       		.uleb128 0xe
 1191 0753 F3000000 		.4byte	0xf3
 1192 0757 0E       		.uleb128 0xe
 1193 0758 64030000 		.4byte	0x364
ARM GAS  /tmp/ccW0hHij.s 			page 22


 1194 075c 0E       		.uleb128 0xe
 1195 075d 9F020000 		.4byte	0x29f
 1196 0761 00       		.byte	0
 1197 0762 1D       		.uleb128 0x1d
 1198 0763 01       		.byte	0x1
 1199 0764 95000000 		.4byte	.LASF82
 1200 0768 0B       		.byte	0xb
 1201 0769 E3       		.byte	0xe3
 1202 076a 01       		.byte	0x1
 1203 076b 01       		.byte	0x1
 1204 076c 1D       		.uleb128 0x1d
 1205 076d 01       		.byte	0x1
 1206 076e 09020000 		.4byte	.LASF83
 1207 0772 0B       		.byte	0xb
 1208 0773 E0       		.byte	0xe0
 1209 0774 01       		.byte	0x1
 1210 0775 01       		.byte	0x1
 1211 0776 1D       		.uleb128 0x1d
 1212 0777 01       		.byte	0x1
 1213 0778 B7010000 		.4byte	.LASF84
 1214 077c 0B       		.byte	0xb
 1215 077d E1       		.byte	0xe1
 1216 077e 01       		.byte	0x1
 1217 077f 01       		.byte	0x1
 1218 0780 1F       		.uleb128 0x1f
 1219 0781 01       		.byte	0x1
 1220 0782 C8020000 		.4byte	.LASF89
 1221 0786 07       		.byte	0x7
 1222 0787 DB       		.byte	0xdb
 1223 0788 01       		.byte	0x1
 1224 0789 01       		.byte	0x1
 1225 078a 0E       		.uleb128 0xe
 1226 078b DF030000 		.4byte	0x3df
 1227 078f 00       		.byte	0
 1228 0790 00       		.byte	0
 1229              		.section	.debug_abbrev,"",%progbits
 1230              	.Ldebug_abbrev0:
 1231 0000 01       		.uleb128 0x1
 1232 0001 11       		.uleb128 0x11
 1233 0002 01       		.byte	0x1
 1234 0003 25       		.uleb128 0x25
 1235 0004 0E       		.uleb128 0xe
 1236 0005 13       		.uleb128 0x13
 1237 0006 0B       		.uleb128 0xb
 1238 0007 03       		.uleb128 0x3
 1239 0008 0E       		.uleb128 0xe
 1240 0009 1B       		.uleb128 0x1b
 1241 000a 0E       		.uleb128 0xe
 1242 000b 55       		.uleb128 0x55
 1243 000c 06       		.uleb128 0x6
 1244 000d 11       		.uleb128 0x11
 1245 000e 01       		.uleb128 0x1
 1246 000f 52       		.uleb128 0x52
 1247 0010 01       		.uleb128 0x1
 1248 0011 10       		.uleb128 0x10
 1249 0012 06       		.uleb128 0x6
 1250 0013 00       		.byte	0
ARM GAS  /tmp/ccW0hHij.s 			page 23


 1251 0014 00       		.byte	0
 1252 0015 02       		.uleb128 0x2
 1253 0016 24       		.uleb128 0x24
 1254 0017 00       		.byte	0
 1255 0018 0B       		.uleb128 0xb
 1256 0019 0B       		.uleb128 0xb
 1257 001a 3E       		.uleb128 0x3e
 1258 001b 0B       		.uleb128 0xb
 1259 001c 03       		.uleb128 0x3
 1260 001d 08       		.uleb128 0x8
 1261 001e 00       		.byte	0
 1262 001f 00       		.byte	0
 1263 0020 03       		.uleb128 0x3
 1264 0021 24       		.uleb128 0x24
 1265 0022 00       		.byte	0
 1266 0023 0B       		.uleb128 0xb
 1267 0024 0B       		.uleb128 0xb
 1268 0025 3E       		.uleb128 0x3e
 1269 0026 0B       		.uleb128 0xb
 1270 0027 03       		.uleb128 0x3
 1271 0028 0E       		.uleb128 0xe
 1272 0029 00       		.byte	0
 1273 002a 00       		.byte	0
 1274 002b 04       		.uleb128 0x4
 1275 002c 16       		.uleb128 0x16
 1276 002d 00       		.byte	0
 1277 002e 03       		.uleb128 0x3
 1278 002f 0E       		.uleb128 0xe
 1279 0030 3A       		.uleb128 0x3a
 1280 0031 0B       		.uleb128 0xb
 1281 0032 3B       		.uleb128 0x3b
 1282 0033 0B       		.uleb128 0xb
 1283 0034 49       		.uleb128 0x49
 1284 0035 13       		.uleb128 0x13
 1285 0036 00       		.byte	0
 1286 0037 00       		.byte	0
 1287 0038 05       		.uleb128 0x5
 1288 0039 13       		.uleb128 0x13
 1289 003a 01       		.byte	0x1
 1290 003b 03       		.uleb128 0x3
 1291 003c 0E       		.uleb128 0xe
 1292 003d 0B       		.uleb128 0xb
 1293 003e 0B       		.uleb128 0xb
 1294 003f 3A       		.uleb128 0x3a
 1295 0040 0B       		.uleb128 0xb
 1296 0041 3B       		.uleb128 0x3b
 1297 0042 0B       		.uleb128 0xb
 1298 0043 01       		.uleb128 0x1
 1299 0044 13       		.uleb128 0x13
 1300 0045 00       		.byte	0
 1301 0046 00       		.byte	0
 1302 0047 06       		.uleb128 0x6
 1303 0048 0D       		.uleb128 0xd
 1304 0049 00       		.byte	0
 1305 004a 03       		.uleb128 0x3
 1306 004b 0E       		.uleb128 0xe
 1307 004c 3A       		.uleb128 0x3a
ARM GAS  /tmp/ccW0hHij.s 			page 24


 1308 004d 0B       		.uleb128 0xb
 1309 004e 3B       		.uleb128 0x3b
 1310 004f 0B       		.uleb128 0xb
 1311 0050 49       		.uleb128 0x49
 1312 0051 13       		.uleb128 0x13
 1313 0052 38       		.uleb128 0x38
 1314 0053 0A       		.uleb128 0xa
 1315 0054 00       		.byte	0
 1316 0055 00       		.byte	0
 1317 0056 07       		.uleb128 0x7
 1318 0057 0D       		.uleb128 0xd
 1319 0058 00       		.byte	0
 1320 0059 03       		.uleb128 0x3
 1321 005a 08       		.uleb128 0x8
 1322 005b 3A       		.uleb128 0x3a
 1323 005c 0B       		.uleb128 0xb
 1324 005d 3B       		.uleb128 0x3b
 1325 005e 0B       		.uleb128 0xb
 1326 005f 49       		.uleb128 0x49
 1327 0060 13       		.uleb128 0x13
 1328 0061 38       		.uleb128 0x38
 1329 0062 0A       		.uleb128 0xa
 1330 0063 00       		.byte	0
 1331 0064 00       		.byte	0
 1332 0065 08       		.uleb128 0x8
 1333 0066 13       		.uleb128 0x13
 1334 0067 01       		.byte	0x1
 1335 0068 0B       		.uleb128 0xb
 1336 0069 0B       		.uleb128 0xb
 1337 006a 3A       		.uleb128 0x3a
 1338 006b 0B       		.uleb128 0xb
 1339 006c 3B       		.uleb128 0x3b
 1340 006d 0B       		.uleb128 0xb
 1341 006e 01       		.uleb128 0x1
 1342 006f 13       		.uleb128 0x13
 1343 0070 00       		.byte	0
 1344 0071 00       		.byte	0
 1345 0072 09       		.uleb128 0x9
 1346 0073 0F       		.uleb128 0xf
 1347 0074 00       		.byte	0
 1348 0075 0B       		.uleb128 0xb
 1349 0076 0B       		.uleb128 0xb
 1350 0077 49       		.uleb128 0x49
 1351 0078 13       		.uleb128 0x13
 1352 0079 00       		.byte	0
 1353 007a 00       		.byte	0
 1354 007b 0A       		.uleb128 0xa
 1355 007c 0F       		.uleb128 0xf
 1356 007d 00       		.byte	0
 1357 007e 0B       		.uleb128 0xb
 1358 007f 0B       		.uleb128 0xb
 1359 0080 00       		.byte	0
 1360 0081 00       		.byte	0
 1361 0082 0B       		.uleb128 0xb
 1362 0083 13       		.uleb128 0x13
 1363 0084 01       		.byte	0x1
 1364 0085 03       		.uleb128 0x3
ARM GAS  /tmp/ccW0hHij.s 			page 25


 1365 0086 0E       		.uleb128 0xe
 1366 0087 0B       		.uleb128 0xb
 1367 0088 0B       		.uleb128 0xb
 1368 0089 3A       		.uleb128 0x3a
 1369 008a 0B       		.uleb128 0xb
 1370 008b 3B       		.uleb128 0x3b
 1371 008c 05       		.uleb128 0x5
 1372 008d 01       		.uleb128 0x1
 1373 008e 13       		.uleb128 0x13
 1374 008f 00       		.byte	0
 1375 0090 00       		.byte	0
 1376 0091 0C       		.uleb128 0xc
 1377 0092 0D       		.uleb128 0xd
 1378 0093 00       		.byte	0
 1379 0094 03       		.uleb128 0x3
 1380 0095 08       		.uleb128 0x8
 1381 0096 3A       		.uleb128 0x3a
 1382 0097 0B       		.uleb128 0xb
 1383 0098 3B       		.uleb128 0x3b
 1384 0099 05       		.uleb128 0x5
 1385 009a 49       		.uleb128 0x49
 1386 009b 13       		.uleb128 0x13
 1387 009c 38       		.uleb128 0x38
 1388 009d 0A       		.uleb128 0xa
 1389 009e 00       		.byte	0
 1390 009f 00       		.byte	0
 1391 00a0 0D       		.uleb128 0xd
 1392 00a1 15       		.uleb128 0x15
 1393 00a2 01       		.byte	0x1
 1394 00a3 27       		.uleb128 0x27
 1395 00a4 0C       		.uleb128 0xc
 1396 00a5 01       		.uleb128 0x1
 1397 00a6 13       		.uleb128 0x13
 1398 00a7 00       		.byte	0
 1399 00a8 00       		.byte	0
 1400 00a9 0E       		.uleb128 0xe
 1401 00aa 05       		.uleb128 0x5
 1402 00ab 00       		.byte	0
 1403 00ac 49       		.uleb128 0x49
 1404 00ad 13       		.uleb128 0x13
 1405 00ae 00       		.byte	0
 1406 00af 00       		.byte	0
 1407 00b0 0F       		.uleb128 0xf
 1408 00b1 35       		.uleb128 0x35
 1409 00b2 00       		.byte	0
 1410 00b3 49       		.uleb128 0x49
 1411 00b4 13       		.uleb128 0x13
 1412 00b5 00       		.byte	0
 1413 00b6 00       		.byte	0
 1414 00b7 10       		.uleb128 0x10
 1415 00b8 17       		.uleb128 0x17
 1416 00b9 01       		.byte	0x1
 1417 00ba 0B       		.uleb128 0xb
 1418 00bb 0B       		.uleb128 0xb
 1419 00bc 3A       		.uleb128 0x3a
 1420 00bd 0B       		.uleb128 0xb
 1421 00be 3B       		.uleb128 0x3b
ARM GAS  /tmp/ccW0hHij.s 			page 26


 1422 00bf 0B       		.uleb128 0xb
 1423 00c0 01       		.uleb128 0x1
 1424 00c1 13       		.uleb128 0x13
 1425 00c2 00       		.byte	0
 1426 00c3 00       		.byte	0
 1427 00c4 11       		.uleb128 0x11
 1428 00c5 0D       		.uleb128 0xd
 1429 00c6 00       		.byte	0
 1430 00c7 03       		.uleb128 0x3
 1431 00c8 0E       		.uleb128 0xe
 1432 00c9 3A       		.uleb128 0x3a
 1433 00ca 0B       		.uleb128 0xb
 1434 00cb 3B       		.uleb128 0x3b
 1435 00cc 0B       		.uleb128 0xb
 1436 00cd 49       		.uleb128 0x49
 1437 00ce 13       		.uleb128 0x13
 1438 00cf 00       		.byte	0
 1439 00d0 00       		.byte	0
 1440 00d1 12       		.uleb128 0x12
 1441 00d2 26       		.uleb128 0x26
 1442 00d3 00       		.byte	0
 1443 00d4 49       		.uleb128 0x49
 1444 00d5 13       		.uleb128 0x13
 1445 00d6 00       		.byte	0
 1446 00d7 00       		.byte	0
 1447 00d8 13       		.uleb128 0x13
 1448 00d9 2E       		.uleb128 0x2e
 1449 00da 01       		.byte	0x1
 1450 00db 03       		.uleb128 0x3
 1451 00dc 0E       		.uleb128 0xe
 1452 00dd 3A       		.uleb128 0x3a
 1453 00de 0B       		.uleb128 0xb
 1454 00df 3B       		.uleb128 0x3b
 1455 00e0 0B       		.uleb128 0xb
 1456 00e1 27       		.uleb128 0x27
 1457 00e2 0C       		.uleb128 0xc
 1458 00e3 11       		.uleb128 0x11
 1459 00e4 01       		.uleb128 0x1
 1460 00e5 12       		.uleb128 0x12
 1461 00e6 01       		.uleb128 0x1
 1462 00e7 40       		.uleb128 0x40
 1463 00e8 06       		.uleb128 0x6
 1464 00e9 9742     		.uleb128 0x2117
 1465 00eb 0C       		.uleb128 0xc
 1466 00ec 01       		.uleb128 0x1
 1467 00ed 13       		.uleb128 0x13
 1468 00ee 00       		.byte	0
 1469 00ef 00       		.byte	0
 1470 00f0 14       		.uleb128 0x14
 1471 00f1 05       		.uleb128 0x5
 1472 00f2 00       		.byte	0
 1473 00f3 03       		.uleb128 0x3
 1474 00f4 08       		.uleb128 0x8
 1475 00f5 3A       		.uleb128 0x3a
 1476 00f6 0B       		.uleb128 0xb
 1477 00f7 3B       		.uleb128 0x3b
 1478 00f8 0B       		.uleb128 0xb
ARM GAS  /tmp/ccW0hHij.s 			page 27


 1479 00f9 49       		.uleb128 0x49
 1480 00fa 13       		.uleb128 0x13
 1481 00fb 02       		.uleb128 0x2
 1482 00fc 06       		.uleb128 0x6
 1483 00fd 00       		.byte	0
 1484 00fe 00       		.byte	0
 1485 00ff 15       		.uleb128 0x15
 1486 0100 34       		.uleb128 0x34
 1487 0101 00       		.byte	0
 1488 0102 03       		.uleb128 0x3
 1489 0103 08       		.uleb128 0x8
 1490 0104 3A       		.uleb128 0x3a
 1491 0105 0B       		.uleb128 0xb
 1492 0106 3B       		.uleb128 0x3b
 1493 0107 0B       		.uleb128 0xb
 1494 0108 49       		.uleb128 0x49
 1495 0109 13       		.uleb128 0x13
 1496 010a 02       		.uleb128 0x2
 1497 010b 06       		.uleb128 0x6
 1498 010c 00       		.byte	0
 1499 010d 00       		.byte	0
 1500 010e 16       		.uleb128 0x16
 1501 010f 0B       		.uleb128 0xb
 1502 0110 01       		.byte	0x1
 1503 0111 55       		.uleb128 0x55
 1504 0112 06       		.uleb128 0x6
 1505 0113 01       		.uleb128 0x1
 1506 0114 13       		.uleb128 0x13
 1507 0115 00       		.byte	0
 1508 0116 00       		.byte	0
 1509 0117 17       		.uleb128 0x17
 1510 0118 0B       		.uleb128 0xb
 1511 0119 01       		.byte	0x1
 1512 011a 11       		.uleb128 0x11
 1513 011b 01       		.uleb128 0x1
 1514 011c 12       		.uleb128 0x12
 1515 011d 01       		.uleb128 0x1
 1516 011e 01       		.uleb128 0x1
 1517 011f 13       		.uleb128 0x13
 1518 0120 00       		.byte	0
 1519 0121 00       		.byte	0
 1520 0122 18       		.uleb128 0x18
 1521 0123 898201   		.uleb128 0x4109
 1522 0126 00       		.byte	0
 1523 0127 11       		.uleb128 0x11
 1524 0128 01       		.uleb128 0x1
 1525 0129 31       		.uleb128 0x31
 1526 012a 13       		.uleb128 0x13
 1527 012b 00       		.byte	0
 1528 012c 00       		.byte	0
 1529 012d 19       		.uleb128 0x19
 1530 012e 898201   		.uleb128 0x4109
 1531 0131 01       		.byte	0x1
 1532 0132 11       		.uleb128 0x11
 1533 0133 01       		.uleb128 0x1
 1534 0134 31       		.uleb128 0x31
 1535 0135 13       		.uleb128 0x13
ARM GAS  /tmp/ccW0hHij.s 			page 28


 1536 0136 01       		.uleb128 0x1
 1537 0137 13       		.uleb128 0x13
 1538 0138 00       		.byte	0
 1539 0139 00       		.byte	0
 1540 013a 1A       		.uleb128 0x1a
 1541 013b 8A8201   		.uleb128 0x410a
 1542 013e 00       		.byte	0
 1543 013f 02       		.uleb128 0x2
 1544 0140 0A       		.uleb128 0xa
 1545 0141 9142     		.uleb128 0x2111
 1546 0143 0A       		.uleb128 0xa
 1547 0144 00       		.byte	0
 1548 0145 00       		.byte	0
 1549 0146 1B       		.uleb128 0x1b
 1550 0147 2E       		.uleb128 0x2e
 1551 0148 01       		.byte	0x1
 1552 0149 3F       		.uleb128 0x3f
 1553 014a 0C       		.uleb128 0xc
 1554 014b 03       		.uleb128 0x3
 1555 014c 0E       		.uleb128 0xe
 1556 014d 3A       		.uleb128 0x3a
 1557 014e 0B       		.uleb128 0xb
 1558 014f 3B       		.uleb128 0x3b
 1559 0150 0B       		.uleb128 0xb
 1560 0151 27       		.uleb128 0x27
 1561 0152 0C       		.uleb128 0xc
 1562 0153 11       		.uleb128 0x11
 1563 0154 01       		.uleb128 0x1
 1564 0155 12       		.uleb128 0x12
 1565 0156 01       		.uleb128 0x1
 1566 0157 40       		.uleb128 0x40
 1567 0158 06       		.uleb128 0x6
 1568 0159 9742     		.uleb128 0x2117
 1569 015b 0C       		.uleb128 0xc
 1570 015c 01       		.uleb128 0x1
 1571 015d 13       		.uleb128 0x13
 1572 015e 00       		.byte	0
 1573 015f 00       		.byte	0
 1574 0160 1C       		.uleb128 0x1c
 1575 0161 898201   		.uleb128 0x4109
 1576 0164 01       		.byte	0x1
 1577 0165 11       		.uleb128 0x11
 1578 0166 01       		.uleb128 0x1
 1579 0167 31       		.uleb128 0x31
 1580 0168 13       		.uleb128 0x13
 1581 0169 00       		.byte	0
 1582 016a 00       		.byte	0
 1583 016b 1D       		.uleb128 0x1d
 1584 016c 2E       		.uleb128 0x2e
 1585 016d 00       		.byte	0
 1586 016e 3F       		.uleb128 0x3f
 1587 016f 0C       		.uleb128 0xc
 1588 0170 03       		.uleb128 0x3
 1589 0171 0E       		.uleb128 0xe
 1590 0172 3A       		.uleb128 0x3a
 1591 0173 0B       		.uleb128 0xb
 1592 0174 3B       		.uleb128 0x3b
ARM GAS  /tmp/ccW0hHij.s 			page 29


 1593 0175 0B       		.uleb128 0xb
 1594 0176 27       		.uleb128 0x27
 1595 0177 0C       		.uleb128 0xc
 1596 0178 3C       		.uleb128 0x3c
 1597 0179 0C       		.uleb128 0xc
 1598 017a 00       		.byte	0
 1599 017b 00       		.byte	0
 1600 017c 1E       		.uleb128 0x1e
 1601 017d 2E       		.uleb128 0x2e
 1602 017e 01       		.byte	0x1
 1603 017f 3F       		.uleb128 0x3f
 1604 0180 0C       		.uleb128 0xc
 1605 0181 03       		.uleb128 0x3
 1606 0182 0E       		.uleb128 0xe
 1607 0183 3A       		.uleb128 0x3a
 1608 0184 0B       		.uleb128 0xb
 1609 0185 3B       		.uleb128 0x3b
 1610 0186 0B       		.uleb128 0xb
 1611 0187 27       		.uleb128 0x27
 1612 0188 0C       		.uleb128 0xc
 1613 0189 3C       		.uleb128 0x3c
 1614 018a 0C       		.uleb128 0xc
 1615 018b 01       		.uleb128 0x1
 1616 018c 13       		.uleb128 0x13
 1617 018d 00       		.byte	0
 1618 018e 00       		.byte	0
 1619 018f 1F       		.uleb128 0x1f
 1620 0190 2E       		.uleb128 0x2e
 1621 0191 01       		.byte	0x1
 1622 0192 3F       		.uleb128 0x3f
 1623 0193 0C       		.uleb128 0xc
 1624 0194 03       		.uleb128 0x3
 1625 0195 0E       		.uleb128 0xe
 1626 0196 3A       		.uleb128 0x3a
 1627 0197 0B       		.uleb128 0xb
 1628 0198 3B       		.uleb128 0x3b
 1629 0199 0B       		.uleb128 0xb
 1630 019a 27       		.uleb128 0x27
 1631 019b 0C       		.uleb128 0xc
 1632 019c 3C       		.uleb128 0x3c
 1633 019d 0C       		.uleb128 0xc
 1634 019e 00       		.byte	0
 1635 019f 00       		.byte	0
 1636 01a0 00       		.byte	0
 1637              		.section	.debug_loc,"",%progbits
 1638              	.Ldebug_loc0:
 1639              	.LLST0:
 1640 0000 00000000 		.4byte	.LFB7
 1641 0004 02000000 		.4byte	.LCFI0
 1642 0008 0200     		.2byte	0x2
 1643 000a 7D       		.byte	0x7d
 1644 000b 00       		.sleb128 0
 1645 000c 02000000 		.4byte	.LCFI0
 1646 0010 36000000 		.4byte	.LFE7
 1647 0014 0200     		.2byte	0x2
 1648 0016 7D       		.byte	0x7d
 1649 0017 08       		.sleb128 8
ARM GAS  /tmp/ccW0hHij.s 			page 30


 1650 0018 00000000 		.4byte	0
 1651 001c 00000000 		.4byte	0
 1652              	.LLST1:
 1653 0020 00000000 		.4byte	.LVL0
 1654 0024 0D000000 		.4byte	.LVL4-1
 1655 0028 0100     		.2byte	0x1
 1656 002a 50       		.byte	0x50
 1657 002b 0D000000 		.4byte	.LVL4-1
 1658 002f 36000000 		.4byte	.LFE7
 1659 0033 0100     		.2byte	0x1
 1660 0035 54       		.byte	0x54
 1661 0036 00000000 		.4byte	0
 1662 003a 00000000 		.4byte	0
 1663              	.LLST2:
 1664 003e 06000000 		.4byte	.LVL2
 1665 0042 0D000000 		.4byte	.LVL4-1
 1666 0046 0100     		.2byte	0x1
 1667 0048 50       		.byte	0x50
 1668 0049 0D000000 		.4byte	.LVL4-1
 1669 004d 36000000 		.4byte	.LFE7
 1670 0051 0100     		.2byte	0x1
 1671 0053 54       		.byte	0x54
 1672 0054 00000000 		.4byte	0
 1673 0058 00000000 		.4byte	0
 1674              	.LLST3:
 1675 005c 0A000000 		.4byte	.LVL3
 1676 0060 0D000000 		.4byte	.LVL4-1
 1677 0064 0100     		.2byte	0x1
 1678 0066 53       		.byte	0x53
 1679 0067 00000000 		.4byte	0
 1680 006b 00000000 		.4byte	0
 1681              	.LLST4:
 1682 006f 34000000 		.4byte	.LVL9
 1683 0073 36000000 		.4byte	.LFE7
 1684 0077 0100     		.2byte	0x1
 1685 0079 53       		.byte	0x53
 1686 007a 00000000 		.4byte	0
 1687 007e 00000000 		.4byte	0
 1688              	.LLST5:
 1689 0082 00000000 		.4byte	.LFB8
 1690 0086 02000000 		.4byte	.LCFI1
 1691 008a 0200     		.2byte	0x2
 1692 008c 7D       		.byte	0x7d
 1693 008d 00       		.sleb128 0
 1694 008e 02000000 		.4byte	.LCFI1
 1695 0092 30000000 		.4byte	.LFE8
 1696 0096 0200     		.2byte	0x2
 1697 0098 7D       		.byte	0x7d
 1698 0099 08       		.sleb128 8
 1699 009a 00000000 		.4byte	0
 1700 009e 00000000 		.4byte	0
 1701              	.LLST6:
 1702 00a2 00000000 		.4byte	.LVL10
 1703 00a6 0D000000 		.4byte	.LVL13-1
 1704 00aa 0100     		.2byte	0x1
 1705 00ac 50       		.byte	0x50
 1706 00ad 0D000000 		.4byte	.LVL13-1
ARM GAS  /tmp/ccW0hHij.s 			page 31


 1707 00b1 30000000 		.4byte	.LFE8
 1708 00b5 0100     		.2byte	0x1
 1709 00b7 54       		.byte	0x54
 1710 00b8 00000000 		.4byte	0
 1711 00bc 00000000 		.4byte	0
 1712              	.LLST7:
 1713 00c0 0A000000 		.4byte	.LVL12
 1714 00c4 0D000000 		.4byte	.LVL13-1
 1715 00c8 0100     		.2byte	0x1
 1716 00ca 53       		.byte	0x53
 1717 00cb 00000000 		.4byte	0
 1718 00cf 00000000 		.4byte	0
 1719              	.LLST8:
 1720 00d3 1C000000 		.4byte	.LVL16
 1721 00d7 1E000000 		.4byte	.LVL17
 1722 00db 0100     		.2byte	0x1
 1723 00dd 53       		.byte	0x53
 1724 00de 00000000 		.4byte	0
 1725 00e2 00000000 		.4byte	0
 1726              	.LLST9:
 1727 00e6 00000000 		.4byte	.LFB9
 1728 00ea 02000000 		.4byte	.LCFI2
 1729 00ee 0200     		.2byte	0x2
 1730 00f0 7D       		.byte	0x7d
 1731 00f1 00       		.sleb128 0
 1732 00f2 02000000 		.4byte	.LCFI2
 1733 00f6 24000000 		.4byte	.LFE9
 1734 00fa 0200     		.2byte	0x2
 1735 00fc 7D       		.byte	0x7d
 1736 00fd 08       		.sleb128 8
 1737 00fe 00000000 		.4byte	0
 1738 0102 00000000 		.4byte	0
 1739              	.LLST10:
 1740 0106 00000000 		.4byte	.LVL19
 1741 010a 0D000000 		.4byte	.LVL22-1
 1742 010e 0100     		.2byte	0x1
 1743 0110 50       		.byte	0x50
 1744 0111 0D000000 		.4byte	.LVL22-1
 1745 0115 24000000 		.4byte	.LFE9
 1746 0119 0100     		.2byte	0x1
 1747 011b 54       		.byte	0x54
 1748 011c 00000000 		.4byte	0
 1749 0120 00000000 		.4byte	0
 1750              	.LLST11:
 1751 0124 0A000000 		.4byte	.LVL21
 1752 0128 0D000000 		.4byte	.LVL22-1
 1753 012c 0100     		.2byte	0x1
 1754 012e 53       		.byte	0x53
 1755 012f 00000000 		.4byte	0
 1756 0133 00000000 		.4byte	0
 1757              	.LLST12:
 1758 0137 22000000 		.4byte	.LVL26
 1759 013b 24000000 		.4byte	.LFE9
 1760 013f 0100     		.2byte	0x1
 1761 0141 53       		.byte	0x53
 1762 0142 00000000 		.4byte	0
 1763 0146 00000000 		.4byte	0
ARM GAS  /tmp/ccW0hHij.s 			page 32


 1764              		.section	.debug_aranges,"",%progbits
 1765 0000 2C000000 		.4byte	0x2c
 1766 0004 0200     		.2byte	0x2
 1767 0006 00000000 		.4byte	.Ldebug_info0
 1768 000a 04       		.byte	0x4
 1769 000b 00       		.byte	0
 1770 000c 0000     		.2byte	0
 1771 000e 0000     		.2byte	0
 1772 0010 00000000 		.4byte	.LFB7
 1773 0014 36000000 		.4byte	.LFE7-.LFB7
 1774 0018 00000000 		.4byte	.LFB8
 1775 001c 30000000 		.4byte	.LFE8-.LFB8
 1776 0020 00000000 		.4byte	.LFB9
 1777 0024 24000000 		.4byte	.LFE9-.LFB9
 1778 0028 00000000 		.4byte	0
 1779 002c 00000000 		.4byte	0
 1780              		.section	.debug_ranges,"",%progbits
 1781              	.Ldebug_ranges0:
 1782 0000 02000000 		.4byte	.LBB2
 1783 0004 04000000 		.4byte	.LBE2
 1784 0008 06000000 		.4byte	.LBB3
 1785 000c 0A000000 		.4byte	.LBE3
 1786 0010 00000000 		.4byte	0
 1787 0014 00000000 		.4byte	0
 1788 0018 02000000 		.4byte	.LBB5
 1789 001c 04000000 		.4byte	.LBE5
 1790 0020 06000000 		.4byte	.LBB6
 1791 0024 0A000000 		.4byte	.LBE6
 1792 0028 00000000 		.4byte	0
 1793 002c 00000000 		.4byte	0
 1794 0030 02000000 		.4byte	.LBB8
 1795 0034 04000000 		.4byte	.LBE8
 1796 0038 06000000 		.4byte	.LBB9
 1797 003c 0A000000 		.4byte	.LBE9
 1798 0040 00000000 		.4byte	0
 1799 0044 00000000 		.4byte	0
 1800 0048 00000000 		.4byte	.LFB7
 1801 004c 36000000 		.4byte	.LFE7
 1802 0050 00000000 		.4byte	.LFB8
 1803 0054 30000000 		.4byte	.LFE8
 1804 0058 00000000 		.4byte	.LFB9
 1805 005c 24000000 		.4byte	.LFE9
 1806 0060 00000000 		.4byte	0
 1807 0064 00000000 		.4byte	0
 1808              		.section	.debug_line,"",%progbits
 1809              	.Ldebug_line0:
 1810 0000 B4010000 		.section	.debug_str,"MS",%progbits,1
 1810      02006701 
 1810      00000201 
 1810      FB0E0D00 
 1810      01010101 
 1811              	.LASF75:
 1812 0000 65745F69 		.ascii	"et_interval\000"
 1812      6E746572 
 1812      76616C00 
 1813              	.LASF38:
 1814 000c 705F6D73 		.ascii	"p_msg\000"
ARM GAS  /tmp/ccW0hHij.s 			page 33


 1814      6700
 1815              	.LASF68:
 1816 0012 7264796D 		.ascii	"rdymsg\000"
 1816      736700
 1817              	.LASF11:
 1818 0019 75696E74 		.ascii	"uint64_t\000"
 1818      36345F74 
 1818      00
 1819              	.LASF12:
 1820 0022 6C6F6E67 		.ascii	"long long unsigned int\000"
 1820      206C6F6E 
 1820      6720756E 
 1820      7369676E 
 1820      65642069 
 1821              	.LASF69:
 1822 0039 65786974 		.ascii	"exitcode\000"
 1822      636F6465 
 1822      00
 1823              	.LASF77:
 1824 0042 65767453 		.ascii	"evtStart\000"
 1824      74617274 
 1824      00
 1825              	.LASF25:
 1826 004b 705F7072 		.ascii	"p_prio\000"
 1826      696F00
 1827              	.LASF87:
 1828 0052 2F686F6D 		.ascii	"/home/david/Projects/stm32/src/pressure_sensor\000"
 1828      652F6461 
 1828      7669642F 
 1828      50726F6A 
 1828      65637473 
 1829              	.LASF1:
 1830 0081 7369676E 		.ascii	"signed char\000"
 1830      65642063 
 1830      68617200 
 1831              	.LASF76:
 1832 008d 45765469 		.ascii	"EvTimer\000"
 1832      6D657200 
 1833              	.LASF82:
 1834 0095 6462675F 		.ascii	"dbg_check_unlock_from_isr\000"
 1834      63686563 
 1834      6B5F756E 
 1834      6C6F636B 
 1834      5F66726F 
 1835              	.LASF42:
 1836 00af 705F6D70 		.ascii	"p_mpool\000"
 1836      6F6F6C00 
 1837              	.LASF58:
 1838 00b7 6D5F7175 		.ascii	"m_queue\000"
 1838      65756500 
 1839              	.LASF16:
 1840 00bf 74736C69 		.ascii	"tslices_t\000"
 1840      6365735F 
 1840      7400
 1841              	.LASF7:
 1842 00c9 6C6F6E67 		.ascii	"long int\000"
 1842      20696E74 
ARM GAS  /tmp/ccW0hHij.s 			page 34


 1842      00
 1843              	.LASF14:
 1844 00d2 74737461 		.ascii	"tstate_t\000"
 1844      74655F74 
 1844      00
 1845              	.LASF10:
 1846 00db 6C6F6E67 		.ascii	"long long int\000"
 1846      206C6F6E 
 1846      6720696E 
 1846      7400
 1847              	.LASF79:
 1848 00e9 63684576 		.ascii	"chEvtBroadcastFlagsI\000"
 1848      7442726F 
 1848      61646361 
 1848      7374466C 
 1848      61677349 
 1849              	.LASF27:
 1850 00fe 705F6E65 		.ascii	"p_newer\000"
 1850      77657200 
 1851              	.LASF45:
 1852 0106 72656761 		.ascii	"regarm_t\000"
 1852      726D5F74 
 1852      00
 1853              	.LASF53:
 1854 010f 76745F70 		.ascii	"vt_prev\000"
 1854      72657600 
 1855              	.LASF66:
 1856 0117 4576656E 		.ascii	"EventSource\000"
 1856      74536F75 
 1856      72636500 
 1857              	.LASF30:
 1858 0123 705F7374 		.ascii	"p_stklimit\000"
 1858      6B6C696D 
 1858      697400
 1859              	.LASF0:
 1860 012e 756E7369 		.ascii	"unsigned int\000"
 1860      676E6564 
 1860      20696E74 
 1860      00
 1861              	.LASF52:
 1862 013b 76745F6E 		.ascii	"vt_next\000"
 1862      65787400 
 1863              	.LASF9:
 1864 0143 6C6F6E67 		.ascii	"long unsigned int\000"
 1864      20756E73 
 1864      69676E65 
 1864      6420696E 
 1864      7400
 1865              	.LASF48:
 1866 0155 636F6E74 		.ascii	"context\000"
 1866      65787400 
 1867              	.LASF4:
 1868 015d 73686F72 		.ascii	"short unsigned int\000"
 1868      7420756E 
 1868      7369676E 
 1868      65642069 
 1868      6E7400
ARM GAS  /tmp/ccW0hHij.s 			page 35


 1869              	.LASF18:
 1870 0170 6D73675F 		.ascii	"msg_t\000"
 1870      7400
 1871              	.LASF62:
 1872 0176 656C5F6E 		.ascii	"el_next\000"
 1872      65787400 
 1873              	.LASF13:
 1874 017e 746D6F64 		.ascii	"tmode_t\000"
 1874      655F7400 
 1875              	.LASF44:
 1876 0186 54687265 		.ascii	"ThreadsList\000"
 1876      6164734C 
 1876      69737400 
 1877              	.LASF19:
 1878 0192 6576656E 		.ascii	"eventmask_t\000"
 1878      746D6173 
 1878      6B5F7400 
 1879              	.LASF57:
 1880 019e 4D757465 		.ascii	"Mutex\000"
 1880      7800
 1881              	.LASF46:
 1882 01a4 73746B61 		.ascii	"stkalign_t\000"
 1882      6C69676E 
 1882      5F7400
 1883              	.LASF54:
 1884 01af 76745F74 		.ascii	"vt_time\000"
 1884      696D6500 
 1885              	.LASF84:
 1886 01b7 6462675F 		.ascii	"dbg_check_unlock\000"
 1886      63686563 
 1886      6B5F756E 
 1886      6C6F636B 
 1886      00
 1887              	.LASF74:
 1888 01c8 65745F65 		.ascii	"et_es\000"
 1888      7300
 1889              	.LASF49:
 1890 01ce 73697A65 		.ascii	"sizetype\000"
 1890      74797065 
 1890      00
 1891              	.LASF55:
 1892 01d7 76745F66 		.ascii	"vt_func\000"
 1892      756E6300 
 1893              	.LASF80:
 1894 01df 63685654 		.ascii	"chVTSetI\000"
 1894      53657449 
 1894      00
 1895              	.LASF28:
 1896 01e8 705F6F6C 		.ascii	"p_older\000"
 1896      64657200 
 1897              	.LASF43:
 1898 01f0 54687265 		.ascii	"ThreadsQueue\000"
 1898      61647351 
 1898      75657565 
 1898      00
 1899              	.LASF85:
 1900 01fd 474E5520 		.ascii	"GNU C 4.7.2\000"
ARM GAS  /tmp/ccW0hHij.s 			page 36


 1900      4320342E 
 1900      372E3200 
 1901              	.LASF83:
 1902 0209 6462675F 		.ascii	"dbg_check_lock\000"
 1902      63686563 
 1902      6B5F6C6F 
 1902      636B00
 1903              	.LASF64:
 1904 0218 656C5F6D 		.ascii	"el_mask\000"
 1904      61736B00 
 1905              	.LASF15:
 1906 0220 74726566 		.ascii	"trefs_t\000"
 1906      735F7400 
 1907              	.LASF86:
 1908 0228 2E2E2F2E 		.ascii	"../../ChibiOS/os/various/evtimer.c\000"
 1908      2E2F4368 
 1908      6962694F 
 1908      532F6F73 
 1908      2F766172 
 1909              	.LASF24:
 1910 024b 705F7072 		.ascii	"p_prev\000"
 1910      657600
 1911              	.LASF17:
 1912 0252 74707269 		.ascii	"tprio_t\000"
 1912      6F5F7400 
 1913              	.LASF6:
 1914 025a 696E7433 		.ascii	"int32_t\000"
 1914      325F7400 
 1915              	.LASF2:
 1916 0262 756E7369 		.ascii	"unsigned char\000"
 1916      676E6564 
 1916      20636861 
 1916      7200
 1917              	.LASF63:
 1918 0270 656C5F6C 		.ascii	"el_listener\000"
 1918      69737465 
 1918      6E657200 
 1919              	.LASF65:
 1920 027c 656C5F66 		.ascii	"el_flags\000"
 1920      6C616773 
 1920      00
 1921              	.LASF40:
 1922 0285 705F6D74 		.ascii	"p_mtxlist\000"
 1922      786C6973 
 1922      7400
 1923              	.LASF3:
 1924 028f 73686F72 		.ascii	"short int\000"
 1924      7420696E 
 1924      7400
 1925              	.LASF31:
 1926 0299 705F7374 		.ascii	"p_state\000"
 1926      61746500 
 1927              	.LASF34:
 1928 02a1 705F7072 		.ascii	"p_preempt\000"
 1928      65656D70 
 1928      7400
 1929              	.LASF71:
ARM GAS  /tmp/ccW0hHij.s 			page 37


 1930 02ab 65776D61 		.ascii	"ewmask\000"
 1930      736B00
 1931              	.LASF23:
 1932 02b2 705F6E65 		.ascii	"p_next\000"
 1932      787400
 1933              	.LASF32:
 1934 02b9 705F666C 		.ascii	"p_flags\000"
 1934      61677300 
 1935              	.LASF22:
 1936 02c1 54687265 		.ascii	"Thread\000"
 1936      616400
 1937              	.LASF89:
 1938 02c8 63685654 		.ascii	"chVTResetI\000"
 1938      52657365 
 1938      744900
 1939              	.LASF39:
 1940 02d3 705F6570 		.ascii	"p_epending\000"
 1940      656E6469 
 1940      6E6700
 1941              	.LASF8:
 1942 02de 75696E74 		.ascii	"uint32_t\000"
 1942      33325F74 
 1942      00
 1943              	.LASF51:
 1944 02e7 56697274 		.ascii	"VirtualTimer\000"
 1944      75616C54 
 1944      696D6572 
 1944      00
 1945              	.LASF72:
 1946 02f4 63686172 		.ascii	"char\000"
 1946      00
 1947              	.LASF88:
 1948 02f9 746D7263 		.ascii	"tmrcb\000"
 1948      6200
 1949              	.LASF60:
 1950 02ff 6D5F6E65 		.ascii	"m_next\000"
 1950      787400
 1951              	.LASF21:
 1952 0306 73797374 		.ascii	"systime_t\000"
 1952      696D655F 
 1952      7400
 1953              	.LASF41:
 1954 0310 705F7265 		.ascii	"p_realprio\000"
 1954      616C7072 
 1954      696F00
 1955              	.LASF50:
 1956 031b 76746675 		.ascii	"vtfunc_t\000"
 1956      6E635F74 
 1956      00
 1957              	.LASF78:
 1958 0324 65767453 		.ascii	"evtStop\000"
 1958      746F7000 
 1959              	.LASF35:
 1960 032c 705F7469 		.ascii	"p_time\000"
 1960      6D6500
 1961              	.LASF47:
 1962 0333 696E7463 		.ascii	"intctx\000"
ARM GAS  /tmp/ccW0hHij.s 			page 38


 1962      747800
 1963              	.LASF37:
 1964 033a 705F6D73 		.ascii	"p_msgqueue\000"
 1964      67717565 
 1964      756500
 1965              	.LASF56:
 1966 0345 76745F70 		.ascii	"vt_par\000"
 1966      617200
 1967              	.LASF20:
 1968 034c 666C6167 		.ascii	"flagsmask_t\000"
 1968      736D6173 
 1968      6B5F7400 
 1969              	.LASF33:
 1970 0358 705F7265 		.ascii	"p_refs\000"
 1970      667300
 1971              	.LASF5:
 1972 035f 75696E74 		.ascii	"uint8_t\000"
 1972      385F7400 
 1973              	.LASF81:
 1974 0367 6462675F 		.ascii	"dbg_check_lock_from_isr\000"
 1974      63686563 
 1974      6B5F6C6F 
 1974      636B5F66 
 1974      726F6D5F 
 1975              	.LASF61:
 1976 037f 4576656E 		.ascii	"EventListener\000"
 1976      744C6973 
 1976      74656E65 
 1976      7200
 1977              	.LASF70:
 1978 038d 77746F62 		.ascii	"wtobjp\000"
 1978      6A7000
 1979              	.LASF29:
 1980 0394 705F6E61 		.ascii	"p_name\000"
 1980      6D6500
 1981              	.LASF67:
 1982 039b 65735F6E 		.ascii	"es_next\000"
 1982      65787400 
 1983              	.LASF73:
 1984 03a3 65745F76 		.ascii	"et_vt\000"
 1984      7400
 1985              	.LASF59:
 1986 03a9 6D5F6F77 		.ascii	"m_owner\000"
 1986      6E657200 
 1987              	.LASF26:
 1988 03b1 705F6374 		.ascii	"p_ctx\000"
 1988      7800
 1989              	.LASF36:
 1990 03b7 705F7761 		.ascii	"p_waiting\000"
 1990      6974696E 
 1990      6700
 1991              		.ident	"GCC: (crosstool-NG 1.17.0 - PSAS ST32F4 GFE) 4.7.2"
ARM GAS  /tmp/ccW0hHij.s 			page 39


DEFINED SYMBOLS
                            *ABS*:0000000000000000 evtimer.c
     /tmp/ccW0hHij.s:21     .text.tmrcb:0000000000000000 $t
     /tmp/ccW0hHij.s:26     .text.tmrcb:0000000000000000 tmrcb
     /tmp/ccW0hHij.s:87     .text.evtStart:0000000000000000 $t
     /tmp/ccW0hHij.s:93     .text.evtStart:0000000000000000 evtStart
     /tmp/ccW0hHij.s:152    .text.evtStart:000000000000002c $d
     /tmp/ccW0hHij.s:157    .text.evtStop:0000000000000000 $t
     /tmp/ccW0hHij.s:163    .text.evtStop:0000000000000000 evtStop
                     .debug_frame:0000000000000010 $d

UNDEFINED SYMBOLS
dbg_check_lock_from_isr
chEvtBroadcastFlagsI
chVTSetI
dbg_check_unlock_from_isr
dbg_check_lock
dbg_check_unlock
chVTResetI
