ARM GAS  /tmp/ccEer0Uy.s 			page 1


   1              		.syntax unified
   2              		.cpu cortex-m4
   3              		.eabi_attribute 27, 3
   4              		.eabi_attribute 28, 1
   5              		.fpu fpv4-sp-d16
   6              		.eabi_attribute 20, 1
   7              		.eabi_attribute 21, 1
   8              		.eabi_attribute 23, 3
   9              		.eabi_attribute 24, 1
  10              		.eabi_attribute 25, 1
  11              		.eabi_attribute 26, 1
  12              		.eabi_attribute 30, 2
  13              		.eabi_attribute 34, 1
  14              		.eabi_attribute 18, 4
  15              		.thumb
  16              		.file	"hal.c"
  17              		.text
  18              	.Ltext0:
  19              		.cfi_sections	.debug_frame
  20              		.section	.text.halInit,"ax",%progbits
  21              		.align	2
  22              		.p2align 4,,15
  23              		.global	halInit
  24              		.thumb
  25              		.thumb_func
  26              		.type	halInit, %function
  27              	halInit:
  28              	.LFB118:
  29              		.file 1 "../../ChibiOS/os/hal/src/hal.c"
  30              		.loc 1 61 0
  31              		.cfi_startproc
  32              		@ args = 0, pretend = 0, frame = 0
  33              		@ frame_needed = 0, uses_anonymous_args = 0
  34 0000 08B5     		push	{r3, lr}
  35              	.LCFI0:
  36              		.cfi_def_cfa_offset 8
  37              		.cfi_offset 3, -8
  38              		.cfi_offset 14, -4
  39              		.loc 1 63 0
  40 0002 FFF7FEFF 		bl	hal_lld_init
  41              	.LVL0:
  42              		.loc 1 66 0
  43 0006 FFF7FEFF 		bl	tmInit
  44              	.LVL1:
  45              		.loc 1 69 0
  46 000a 40F20000 		movw	r0, #:lower16:pal_default_config
  47 000e C0F20000 		movt	r0, #:upper16:pal_default_config
  48 0012 FFF7FEFF 		bl	_pal_lld_init
  49              	.LVL2:
  50              		.loc 1 78 0
  51 0016 FFF7FEFF 		bl	extInit
  52              	.LVL3:
  53              		.loc 1 84 0
  54 001a FFF7FEFF 		bl	i2cInit
  55              	.LVL4:
  56              		.loc 1 90 0
  57 001e FFF7FEFF 		bl	macInit
ARM GAS  /tmp/ccEer0Uy.s 			page 2


  58              	.LVL5:
  59              		.loc 1 96 0
  60 0022 FFF7FEFF 		bl	sdInit
  61              	.LVL6:
  62              		.loc 1 102 0
  63 0026 FFF7FEFF 		bl	spiInit
  64              	.LVL7:
  65              		.loc 1 108 0
  66 002a FFF7FEFF 		bl	usbInit
  67              	.LVL8:
  68              		.loc 1 114 0
  69 002e FFF7FEFF 		bl	sduInit
  70              	.LVL9:
  71              		.loc 1 121 0
  72 0032 BDE80840 		pop	{r3, lr}
  73              		.loc 1 120 0
  74 0036 FFF7FEBF 		b	boardInit
  75              	.LVL10:
  76              		.cfi_endproc
  77              	.LFE118:
  78              		.size	halInit, .-halInit
  79 003a 00BFAFF3 		.section	.text.halIsCounterWithin,"ax",%progbits
  79      0080
  80              		.align	2
  81              		.p2align 4,,15
  82              		.global	halIsCounterWithin
  83              		.thumb
  84              		.thumb_func
  85              		.type	halIsCounterWithin, %function
  86              	halIsCounterWithin:
  87              	.LFB119:
  88              		.loc 1 167 0
  89              		.cfi_startproc
  90              		@ args = 0, pretend = 0, frame = 0
  91              		@ frame_needed = 0, uses_anonymous_args = 0
  92              		@ link register save eliminated.
  93              	.LVL11:
  94              		.loc 1 168 0
  95 0000 4FF48053 		mov	r3, #4096
  96 0004 CEF20003 		movt	r3, 57344
  97              		.loc 1 170 0
  98 0008 8142     		cmp	r1, r0
  99              		.loc 1 167 0
 100 000a 0246     		mov	r2, r0
 101              		.loc 1 168 0
 102 000c 5B68     		ldr	r3, [r3, #4]
 103              	.LVL12:
 104              		.loc 1 170 0
 105 000e 09D8     		bhi	.L6
 106              		.loc 1 171 0 discriminator 2
 107 0010 8342     		cmp	r3, r0
 108 0012 34BF     		ite	cc
 109 0014 0022     		movcc	r2, #0
 110 0016 0122     		movcs	r2, #1
 111              		.loc 1 170 0 discriminator 2
 112 0018 8B42     		cmp	r3, r1
 113 001a 2CBF     		ite	cs
ARM GAS  /tmp/ccEer0Uy.s 			page 3


 114 001c 1046     		movcs	r0, r2
 115 001e 42F00100 		orrcc	r0, r2, #1
 116              	.LVL13:
 117              		.loc 1 172 0 discriminator 2
 118 0022 7047     		bx	lr
 119              	.LVL14:
 120              	.L6:
 121              		.loc 1 170 0 discriminator 1
 122 0024 8B42     		cmp	r3, r1
 123 0026 2CBF     		ite	cs
 124 0028 0020     		movcs	r0, #0
 125              	.LVL15:
 126 002a 0120     		movcc	r0, #1
 127 002c 9342     		cmp	r3, r2
 128 002e 38BF     		it	cc
 129 0030 0020     		movcc	r0, #0
 130 0032 7047     		bx	lr
 131              		.cfi_endproc
 132              	.LFE119:
 133              		.size	halIsCounterWithin, .-halIsCounterWithin
 134 0034 AFF30080 		.section	.text.halPolledDelay,"ax",%progbits
 134      AFF30080 
 134      AFF30080 
 135              		.align	2
 136              		.p2align 4,,15
 137              		.global	halPolledDelay
 138              		.thumb
 139              		.thumb_func
 140              		.type	halPolledDelay, %function
 141              	halPolledDelay:
 142              	.LFB120:
 143              		.loc 1 186 0
 144              		.cfi_startproc
 145              		@ args = 0, pretend = 0, frame = 0
 146              		@ frame_needed = 0, uses_anonymous_args = 0
 147              		@ link register save eliminated.
 148              	.LVL16:
 149              		.loc 1 187 0
 150 0000 4FF48053 		mov	r3, #4096
 151 0004 CEF20003 		movt	r3, 57344
 152              		.loc 1 186 0
 153 0008 10B4     		push	{r4}
 154              	.LCFI1:
 155              		.cfi_def_cfa_offset 4
 156              		.cfi_offset 4, -4
 157              		.loc 1 187 0
 158 000a 5A68     		ldr	r2, [r3, #4]
 159              	.LVL17:
 160              	.LBB4:
 161              	.LBB5:
 162              		.loc 1 168 0
 163 000c 1C46     		mov	r4, r3
 164              	.LBE5:
 165              	.LBE4:
 166              		.loc 1 188 0
 167 000e 8018     		adds	r0, r0, r2
 168              	.LVL18:
ARM GAS  /tmp/ccEer0Uy.s 			page 4


 169              	.L10:
 170              	.LBB8:
 171              	.LBB6:
 172              		.loc 1 170 0 discriminator 1
 173 0010 8242     		cmp	r2, r0
 174              		.loc 1 168 0 discriminator 1
 175 0012 6368     		ldr	r3, [r4, #4]
 176              	.LVL19:
 177              		.loc 1 170 0 discriminator 1
 178 0014 0AD2     		bcs	.L8
 179              		.loc 1 170 0 is_stmt 0
 180 0016 9842     		cmp	r0, r3
 181 0018 94BF     		ite	ls
 182 001a 0021     		movls	r1, #0
 183 001c 0121     		movhi	r1, #1
 184 001e 9A42     		cmp	r2, r3
 185 0020 88BF     		it	hi
 186 0022 0021     		movhi	r1, #0
 187              	.LBE6:
 188              	.LBE8:
 189              		.loc 1 189 0 is_stmt 1
 190 0024 0029     		cmp	r1, #0
 191 0026 F3D1     		bne	.L10
 192              	.L12:
 193              		.loc 1 191 0
 194 0028 10BC     		pop	{r4}
 195 002a 7047     		bx	lr
 196              	.L8:
 197              	.LBB9:
 198              	.LBB7:
 199              		.loc 1 171 0
 200 002c 9A42     		cmp	r2, r3
 201 002e 8CBF     		ite	hi
 202 0030 0021     		movhi	r1, #0
 203 0032 0121     		movls	r1, #1
 204              		.loc 1 170 0
 205 0034 9842     		cmp	r0, r3
 206 0036 88BF     		it	hi
 207 0038 41F00101 		orrhi	r1, r1, #1
 208              	.LBE7:
 209              	.LBE9:
 210              		.loc 1 189 0
 211 003c 0029     		cmp	r1, #0
 212 003e E7D1     		bne	.L10
 213 0040 F2E7     		b	.L12
 214              		.cfi_endproc
 215              	.LFE120:
 216              		.size	halPolledDelay, .-halPolledDelay
 217 0042 00BFAFF3 		.text
 217      0080AFF3 
 217      0080AFF3 
 217      0080
 218              	.Letext0:
 219              		.file 2 "/home/david/toolchains/arm-psas-eabi/bin/../lib/gcc/arm-psas-eabi/4.7.2/../../../../arm-p
 220              		.file 3 "../../ChibiOS/os/ports/GCC/ARMCMx/chtypes.h"
 221              		.file 4 "../../ChibiOS/os/ports/common/ARMCMx/nvic.h"
 222              		.file 5 "../../ChibiOS/os/hal/platforms/STM32F4xx/hal_lld.h"
ARM GAS  /tmp/ccEer0Uy.s 			page 5


 223              		.file 6 "../../ChibiOS/os/hal/platforms/STM32/GPIOv2/pal_lld.h"
 224              		.file 7 "../../ChibiOS/os/ports/common/ARMCMx/CMSIS/include/core_cm4.h"
 225              		.file 8 "../../ChibiOS/os/hal/include/tm.h"
 226              		.file 9 "../../ChibiOS/os/hal/include/ext.h"
 227              		.file 10 "../../ChibiOS/os/hal/include/i2c.h"
 228              		.file 11 "../../ChibiOS/os/hal/include/mac.h"
 229              		.file 12 "../../ChibiOS/os/hal/include/serial.h"
 230              		.file 13 "../../ChibiOS/os/hal/include/spi.h"
 231              		.file 14 "../../ChibiOS/os/hal/include/usb.h"
 232              		.file 15 "../../ChibiOS/os/hal/include/serial_usb.h"
 233              		.file 16 "./boards/OLIMEX_STM32_E407/board.h"
 234              		.section	.debug_info,"",%progbits
 235              	.Ldebug_info0:
 236 0000 49040000 		.4byte	0x449
 237 0004 0200     		.2byte	0x2
 238 0006 00000000 		.4byte	.Ldebug_abbrev0
 239 000a 04       		.byte	0x4
 240 000b 01       		.uleb128 0x1
 241 000c 7B010000 		.4byte	.LASF58
 242 0010 01       		.byte	0x1
 243 0011 A3000000 		.4byte	.LASF59
 244 0015 6D000000 		.4byte	.LASF60
 245 0019 40000000 		.4byte	.Ldebug_ranges0+0x40
 246 001d 00000000 		.4byte	0
 247 0021 00000000 		.4byte	0
 248 0025 00000000 		.4byte	.Ldebug_line0
 249 0029 02       		.uleb128 0x2
 250 002a 04       		.byte	0x4
 251 002b 05       		.byte	0x5
 252 002c 696E7400 		.ascii	"int\000"
 253 0030 03       		.uleb128 0x3
 254 0031 04       		.byte	0x4
 255 0032 07       		.byte	0x7
 256 0033 61020000 		.4byte	.LASF0
 257 0037 03       		.uleb128 0x3
 258 0038 01       		.byte	0x1
 259 0039 06       		.byte	0x6
 260 003a 48010000 		.4byte	.LASF1
 261 003e 03       		.uleb128 0x3
 262 003f 01       		.byte	0x1
 263 0040 08       		.byte	0x8
 264 0041 35010000 		.4byte	.LASF2
 265 0045 03       		.uleb128 0x3
 266 0046 02       		.byte	0x2
 267 0047 05       		.byte	0x5
 268 0048 2F000000 		.4byte	.LASF3
 269 004c 03       		.uleb128 0x3
 270 004d 02       		.byte	0x2
 271 004e 07       		.byte	0x7
 272 004f AD010000 		.4byte	.LASF4
 273 0053 04       		.uleb128 0x4
 274 0054 C5010000 		.4byte	.LASF6
 275 0058 02       		.byte	0x2
 276 0059 4F       		.byte	0x4f
 277 005a 5E000000 		.4byte	0x5e
 278 005e 03       		.uleb128 0x3
 279 005f 04       		.byte	0x4
ARM GAS  /tmp/ccEer0Uy.s 			page 6


 280 0060 05       		.byte	0x5
 281 0061 FE000000 		.4byte	.LASF5
 282 0065 04       		.uleb128 0x4
 283 0066 6B010000 		.4byte	.LASF7
 284 006a 02       		.byte	0x2
 285 006b 50       		.byte	0x50
 286 006c 70000000 		.4byte	0x70
 287 0070 03       		.uleb128 0x3
 288 0071 04       		.byte	0x4
 289 0072 07       		.byte	0x7
 290 0073 FB010000 		.4byte	.LASF8
 291 0077 03       		.uleb128 0x3
 292 0078 08       		.byte	0x8
 293 0079 05       		.byte	0x5
 294 007a D1000000 		.4byte	.LASF9
 295 007e 03       		.uleb128 0x3
 296 007f 08       		.byte	0x8
 297 0080 07       		.byte	0x7
 298 0081 54010000 		.4byte	.LASF10
 299 0085 04       		.uleb128 0x4
 300 0086 CD010000 		.4byte	.LASF11
 301 008a 03       		.byte	0x3
 302 008b 27       		.byte	0x27
 303 008c 53000000 		.4byte	0x53
 304 0090 04       		.uleb128 0x4
 305 0091 C2000000 		.4byte	.LASF12
 306 0095 04       		.byte	0x4
 307 0096 33       		.byte	0x33
 308 0097 9B000000 		.4byte	0x9b
 309 009b 05       		.uleb128 0x5
 310 009c 65000000 		.4byte	0x65
 311 00a0 03       		.uleb128 0x3
 312 00a1 04       		.byte	0x4
 313 00a2 07       		.byte	0x7
 314 00a3 39000000 		.4byte	.LASF13
 315 00a7 06       		.uleb128 0x6
 316 00a8 20       		.byte	0x20
 317 00a9 04       		.byte	0x4
 318 00aa FF       		.byte	0xff
 319 00ab 28010000 		.4byte	0x128
 320 00af 07       		.uleb128 0x7
 321 00b0 43010000 		.4byte	.LASF14
 322 00b4 04       		.byte	0x4
 323 00b5 0001     		.2byte	0x100
 324 00b7 90000000 		.4byte	0x90
 325 00bb 02       		.byte	0x2
 326 00bc 23       		.byte	0x23
 327 00bd 00       		.uleb128 0
 328 00be 07       		.uleb128 0x7
 329 00bf E7000000 		.4byte	.LASF15
 330 00c3 04       		.byte	0x4
 331 00c4 0101     		.2byte	0x101
 332 00c6 90000000 		.4byte	0x90
 333 00ca 02       		.byte	0x2
 334 00cb 23       		.byte	0x23
 335 00cc 04       		.uleb128 0x4
 336 00cd 07       		.uleb128 0x7
ARM GAS  /tmp/ccEer0Uy.s 			page 7


 337 00ce F4010000 		.4byte	.LASF16
 338 00d2 04       		.byte	0x4
 339 00d3 0201     		.2byte	0x102
 340 00d5 90000000 		.4byte	0x90
 341 00d9 02       		.byte	0x2
 342 00da 23       		.byte	0x23
 343 00db 08       		.uleb128 0x8
 344 00dc 07       		.uleb128 0x7
 345 00dd 89020000 		.4byte	.LASF17
 346 00e1 04       		.byte	0x4
 347 00e2 0301     		.2byte	0x103
 348 00e4 90000000 		.4byte	0x90
 349 00e8 02       		.byte	0x2
 350 00e9 23       		.byte	0x23
 351 00ea 0C       		.uleb128 0xc
 352 00eb 07       		.uleb128 0x7
 353 00ec 1F020000 		.4byte	.LASF18
 354 00f0 04       		.byte	0x4
 355 00f1 0401     		.2byte	0x104
 356 00f3 90000000 		.4byte	0x90
 357 00f7 02       		.byte	0x2
 358 00f8 23       		.byte	0x23
 359 00f9 10       		.uleb128 0x10
 360 00fa 07       		.uleb128 0x7
 361 00fb 2E020000 		.4byte	.LASF19
 362 00ff 04       		.byte	0x4
 363 0100 0501     		.2byte	0x105
 364 0102 90000000 		.4byte	0x90
 365 0106 02       		.byte	0x2
 366 0107 23       		.byte	0x23
 367 0108 14       		.uleb128 0x14
 368 0109 07       		.uleb128 0x7
 369 010a 55000000 		.4byte	.LASF20
 370 010e 04       		.byte	0x4
 371 010f 0601     		.2byte	0x106
 372 0111 90000000 		.4byte	0x90
 373 0115 02       		.byte	0x2
 374 0116 23       		.byte	0x23
 375 0117 18       		.uleb128 0x18
 376 0118 07       		.uleb128 0x7
 377 0119 42000000 		.4byte	.LASF21
 378 011d 04       		.byte	0x4
 379 011e 0701     		.2byte	0x107
 380 0120 90000000 		.4byte	0x90
 381 0124 02       		.byte	0x2
 382 0125 23       		.byte	0x23
 383 0126 1C       		.uleb128 0x1c
 384 0127 00       		.byte	0
 385 0128 08       		.uleb128 0x8
 386 0129 E5010000 		.4byte	.LASF22
 387 012d 04       		.byte	0x4
 388 012e 0801     		.2byte	0x108
 389 0130 A7000000 		.4byte	0xa7
 390 0134 03       		.uleb128 0x3
 391 0135 01       		.byte	0x1
 392 0136 08       		.byte	0x8
 393 0137 C0010000 		.4byte	.LASF23
ARM GAS  /tmp/ccEer0Uy.s 			page 8


 394 013b 05       		.uleb128 0x5
 395 013c 53000000 		.4byte	0x53
 396 0140 08       		.uleb128 0x8
 397 0141 14020000 		.4byte	.LASF24
 398 0145 05       		.byte	0x5
 399 0146 EF05     		.2byte	0x5ef
 400 0148 65000000 		.4byte	0x65
 401 014c 06       		.uleb128 0x6
 402 014d 1C       		.byte	0x1c
 403 014e 06       		.byte	0x6
 404 014f A7       		.byte	0xa7
 405 0150 B7010000 		.4byte	0x1b7
 406 0154 09       		.uleb128 0x9
 407 0155 3F020000 		.4byte	.LASF25
 408 0159 06       		.byte	0x6
 409 015a A9       		.byte	0xa9
 410 015b 65000000 		.4byte	0x65
 411 015f 02       		.byte	0x2
 412 0160 23       		.byte	0x23
 413 0161 00       		.uleb128 0
 414 0162 09       		.uleb128 0x9
 415 0163 74010000 		.4byte	.LASF26
 416 0167 06       		.byte	0x6
 417 0168 AB       		.byte	0xab
 418 0169 65000000 		.4byte	0x65
 419 016d 02       		.byte	0x2
 420 016e 23       		.byte	0x23
 421 016f 04       		.uleb128 0x4
 422 0170 09       		.uleb128 0x9
 423 0171 F6000000 		.4byte	.LASF27
 424 0175 06       		.byte	0x6
 425 0176 AD       		.byte	0xad
 426 0177 65000000 		.4byte	0x65
 427 017b 02       		.byte	0x2
 428 017c 23       		.byte	0x23
 429 017d 08       		.uleb128 0x8
 430 017e 09       		.uleb128 0x9
 431 017f 28020000 		.4byte	.LASF28
 432 0183 06       		.byte	0x6
 433 0184 AF       		.byte	0xaf
 434 0185 65000000 		.4byte	0x65
 435 0189 02       		.byte	0x2
 436 018a 23       		.byte	0x23
 437 018b 0C       		.uleb128 0xc
 438 018c 0A       		.uleb128 0xa
 439 018d 6F647200 		.ascii	"odr\000"
 440 0191 06       		.byte	0x6
 441 0192 B1       		.byte	0xb1
 442 0193 65000000 		.4byte	0x65
 443 0197 02       		.byte	0x2
 444 0198 23       		.byte	0x23
 445 0199 10       		.uleb128 0x10
 446 019a 09       		.uleb128 0x9
 447 019b 3A020000 		.4byte	.LASF29
 448 019f 06       		.byte	0x6
 449 01a0 B3       		.byte	0xb3
 450 01a1 65000000 		.4byte	0x65
ARM GAS  /tmp/ccEer0Uy.s 			page 9


 451 01a5 02       		.byte	0x2
 452 01a6 23       		.byte	0x23
 453 01a7 14       		.uleb128 0x14
 454 01a8 09       		.uleb128 0x9
 455 01a9 35020000 		.4byte	.LASF30
 456 01ad 06       		.byte	0x6
 457 01ae B5       		.byte	0xb5
 458 01af 65000000 		.4byte	0x65
 459 01b3 02       		.byte	0x2
 460 01b4 23       		.byte	0x23
 461 01b5 18       		.uleb128 0x18
 462 01b6 00       		.byte	0
 463 01b7 04       		.uleb128 0x4
 464 01b8 87010000 		.4byte	.LASF31
 465 01bc 06       		.byte	0x6
 466 01bd B6       		.byte	0xb6
 467 01be 4C010000 		.4byte	0x14c
 468 01c2 06       		.uleb128 0x6
 469 01c3 FC       		.byte	0xfc
 470 01c4 06       		.byte	0x6
 471 01c5 BF       		.byte	0xbf
 472 01c6 4D020000 		.4byte	0x24d
 473 01ca 09       		.uleb128 0x9
 474 01cb CA000000 		.4byte	.LASF32
 475 01cf 06       		.byte	0x6
 476 01d0 C1       		.byte	0xc1
 477 01d1 B7010000 		.4byte	0x1b7
 478 01d5 02       		.byte	0x2
 479 01d6 23       		.byte	0x23
 480 01d7 00       		.uleb128 0
 481 01d8 09       		.uleb128 0x9
 482 01d9 DE010000 		.4byte	.LASF33
 483 01dd 06       		.byte	0x6
 484 01de C3       		.byte	0xc3
 485 01df B7010000 		.4byte	0x1b7
 486 01e3 02       		.byte	0x2
 487 01e4 23       		.byte	0x23
 488 01e5 1C       		.uleb128 0x1c
 489 01e6 09       		.uleb128 0x9
 490 01e7 2E010000 		.4byte	.LASF34
 491 01eb 06       		.byte	0x6
 492 01ec C5       		.byte	0xc5
 493 01ed B7010000 		.4byte	0x1b7
 494 01f1 02       		.byte	0x2
 495 01f2 23       		.byte	0x23
 496 01f3 38       		.uleb128 0x38
 497 01f4 09       		.uleb128 0x9
 498 01f5 07010000 		.4byte	.LASF35
 499 01f9 06       		.byte	0x6
 500 01fa C7       		.byte	0xc7
 501 01fb B7010000 		.4byte	0x1b7
 502 01ff 02       		.byte	0x2
 503 0200 23       		.byte	0x23
 504 0201 54       		.uleb128 0x54
 505 0202 09       		.uleb128 0x9
 506 0203 ED010000 		.4byte	.LASF36
 507 0207 06       		.byte	0x6
ARM GAS  /tmp/ccEer0Uy.s 			page 10


 508 0208 CA       		.byte	0xca
 509 0209 B7010000 		.4byte	0x1b7
 510 020d 02       		.byte	0x2
 511 020e 23       		.byte	0x23
 512 020f 70       		.uleb128 0x70
 513 0210 09       		.uleb128 0x9
 514 0211 47000000 		.4byte	.LASF37
 515 0215 06       		.byte	0x6
 516 0216 CE       		.byte	0xce
 517 0217 B7010000 		.4byte	0x1b7
 518 021b 03       		.byte	0x3
 519 021c 23       		.byte	0x23
 520 021d 8C01     		.uleb128 0x8c
 521 021f 09       		.uleb128 0x9
 522 0220 27010000 		.4byte	.LASF38
 523 0224 06       		.byte	0x6
 524 0225 D2       		.byte	0xd2
 525 0226 B7010000 		.4byte	0x1b7
 526 022a 03       		.byte	0x3
 527 022b 23       		.byte	0x23
 528 022c A801     		.uleb128 0xa8
 529 022e 09       		.uleb128 0x9
 530 022f 0D020000 		.4byte	.LASF39
 531 0233 06       		.byte	0x6
 532 0234 D6       		.byte	0xd6
 533 0235 B7010000 		.4byte	0x1b7
 534 0239 03       		.byte	0x3
 535 023a 23       		.byte	0x23
 536 023b C401     		.uleb128 0xc4
 537 023d 09       		.uleb128 0x9
 538 023e 4E000000 		.4byte	.LASF40
 539 0242 06       		.byte	0x6
 540 0243 DA       		.byte	0xda
 541 0244 B7010000 		.4byte	0x1b7
 542 0248 03       		.byte	0x3
 543 0249 23       		.byte	0x23
 544 024a E001     		.uleb128 0xe0
 545 024c 00       		.byte	0
 546 024d 04       		.uleb128 0x4
 547 024e D4010000 		.4byte	.LASF41
 548 0252 06       		.byte	0x6
 549 0253 DC       		.byte	0xdc
 550 0254 C2010000 		.4byte	0x1c2
 551 0258 0B       		.uleb128 0xb
 552 0259 01       		.byte	0x1
 553 025a 76020000 		.4byte	.LASF61
 554 025e 01       		.byte	0x1
 555 025f A7       		.byte	0xa7
 556 0260 01       		.byte	0x1
 557 0261 85000000 		.4byte	0x85
 558 0265 01       		.byte	0x1
 559 0266 8C020000 		.4byte	0x28c
 560 026a 0C       		.uleb128 0xc
 561 026b A7010000 		.4byte	.LASF42
 562 026f 01       		.byte	0x1
 563 0270 A7       		.byte	0xa7
 564 0271 40010000 		.4byte	0x140
ARM GAS  /tmp/ccEer0Uy.s 			page 11


 565 0275 0D       		.uleb128 0xd
 566 0276 656E6400 		.ascii	"end\000"
 567 027a 01       		.byte	0x1
 568 027b A7       		.byte	0xa7
 569 027c 40010000 		.4byte	0x140
 570 0280 0E       		.uleb128 0xe
 571 0281 6E6F7700 		.ascii	"now\000"
 572 0285 01       		.byte	0x1
 573 0286 A8       		.byte	0xa8
 574 0287 40010000 		.4byte	0x140
 575 028b 00       		.byte	0
 576 028c 0F       		.uleb128 0xf
 577 028d 01       		.byte	0x1
 578 028e DF000000 		.4byte	.LASF43
 579 0292 01       		.byte	0x1
 580 0293 3D       		.byte	0x3d
 581 0294 01       		.byte	0x1
 582 0295 00000000 		.4byte	.LFB118
 583 0299 3A000000 		.4byte	.LFE118
 584 029d 00000000 		.4byte	.LLST0
 585 02a1 01       		.byte	0x1
 586 02a2 0B030000 		.4byte	0x30b
 587 02a6 10       		.uleb128 0x10
 588 02a7 06000000 		.4byte	.LVL0
 589 02ab C8030000 		.4byte	0x3c8
 590 02af 10       		.uleb128 0x10
 591 02b0 0A000000 		.4byte	.LVL1
 592 02b4 D3030000 		.4byte	0x3d3
 593 02b8 10       		.uleb128 0x10
 594 02b9 16000000 		.4byte	.LVL2
 595 02bd DD030000 		.4byte	0x3dd
 596 02c1 10       		.uleb128 0x10
 597 02c2 1A000000 		.4byte	.LVL3
 598 02c6 F8030000 		.4byte	0x3f8
 599 02ca 10       		.uleb128 0x10
 600 02cb 1E000000 		.4byte	.LVL4
 601 02cf 02040000 		.4byte	0x402
 602 02d3 10       		.uleb128 0x10
 603 02d4 22000000 		.4byte	.LVL5
 604 02d8 0C040000 		.4byte	0x40c
 605 02dc 10       		.uleb128 0x10
 606 02dd 26000000 		.4byte	.LVL6
 607 02e1 16040000 		.4byte	0x416
 608 02e5 10       		.uleb128 0x10
 609 02e6 2A000000 		.4byte	.LVL7
 610 02ea 21040000 		.4byte	0x421
 611 02ee 10       		.uleb128 0x10
 612 02ef 2E000000 		.4byte	.LVL8
 613 02f3 2C040000 		.4byte	0x42c
 614 02f7 10       		.uleb128 0x10
 615 02f8 32000000 		.4byte	.LVL9
 616 02fc 37040000 		.4byte	0x437
 617 0300 11       		.uleb128 0x11
 618 0301 3A000000 		.4byte	.LVL10
 619 0305 01       		.byte	0x1
 620 0306 41040000 		.4byte	0x441
 621 030a 00       		.byte	0
ARM GAS  /tmp/ccEer0Uy.s 			page 12


 622 030b 12       		.uleb128 0x12
 623 030c 58020000 		.4byte	0x258
 624 0310 00000000 		.4byte	.LFB119
 625 0314 34000000 		.4byte	.LFE119
 626 0318 02       		.byte	0x2
 627 0319 7D       		.byte	0x7d
 628 031a 00       		.sleb128 0
 629 031b 01       		.byte	0x1
 630 031c 38030000 		.4byte	0x338
 631 0320 13       		.uleb128 0x13
 632 0321 6A020000 		.4byte	0x26a
 633 0325 20000000 		.4byte	.LLST1
 634 0329 14       		.uleb128 0x14
 635 032a 75020000 		.4byte	0x275
 636 032e 01       		.byte	0x1
 637 032f 51       		.byte	0x51
 638 0330 15       		.uleb128 0x15
 639 0331 80020000 		.4byte	0x280
 640 0335 01       		.byte	0x1
 641 0336 53       		.byte	0x53
 642 0337 00       		.byte	0
 643 0338 0F       		.uleb128 0xf
 644 0339 01       		.byte	0x1
 645 033a 0E010000 		.4byte	.LASF44
 646 033e 01       		.byte	0x1
 647 033f BA       		.byte	0xba
 648 0340 01       		.byte	0x1
 649 0341 00000000 		.4byte	.LFB120
 650 0345 42000000 		.4byte	.LFE120
 651 0349 57000000 		.4byte	.LLST2
 652 034d 01       		.byte	0x1
 653 034e A7030000 		.4byte	0x3a7
 654 0352 16       		.uleb128 0x16
 655 0353 00000000 		.4byte	.LASF62
 656 0357 01       		.byte	0x1
 657 0358 BA       		.byte	0xba
 658 0359 40010000 		.4byte	0x140
 659 035d 77000000 		.4byte	.LLST3
 660 0361 17       		.uleb128 0x17
 661 0362 A7010000 		.4byte	.LASF42
 662 0366 01       		.byte	0x1
 663 0367 BB       		.byte	0xbb
 664 0368 40010000 		.4byte	0x140
 665 036c 01       		.byte	0x1
 666 036d 52       		.byte	0x52
 667 036e 17       		.uleb128 0x17
 668 036f 90020000 		.4byte	.LASF45
 669 0373 01       		.byte	0x1
 670 0374 BC       		.byte	0xbc
 671 0375 40010000 		.4byte	0x140
 672 0379 01       		.byte	0x1
 673 037a 50       		.byte	0x50
 674 037b 18       		.uleb128 0x18
 675 037c 58020000 		.4byte	0x258
 676 0380 0C000000 		.4byte	.LBB4
 677 0384 00000000 		.4byte	.Ldebug_ranges0+0
 678 0388 01       		.byte	0x1
ARM GAS  /tmp/ccEer0Uy.s 			page 13


 679 0389 BD       		.byte	0xbd
 680 038a 14       		.uleb128 0x14
 681 038b 75020000 		.4byte	0x275
 682 038f 01       		.byte	0x1
 683 0390 50       		.byte	0x50
 684 0391 14       		.uleb128 0x14
 685 0392 6A020000 		.4byte	0x26a
 686 0396 01       		.byte	0x1
 687 0397 52       		.byte	0x52
 688 0398 19       		.uleb128 0x19
 689 0399 20000000 		.4byte	.Ldebug_ranges0+0x20
 690 039d 15       		.uleb128 0x15
 691 039e 80020000 		.4byte	0x280
 692 03a2 01       		.byte	0x1
 693 03a3 53       		.byte	0x53
 694 03a4 00       		.byte	0
 695 03a5 00       		.byte	0
 696 03a6 00       		.byte	0
 697 03a7 1A       		.uleb128 0x1a
 698 03a8 4D020000 		.4byte	.LASF46
 699 03ac 07       		.byte	0x7
 700 03ad 9806     		.2byte	0x698
 701 03af 3B010000 		.4byte	0x13b
 702 03b3 01       		.byte	0x1
 703 03b4 01       		.byte	0x1
 704 03b5 1A       		.uleb128 0x1a
 705 03b6 1C000000 		.4byte	.LASF47
 706 03ba 06       		.byte	0x6
 707 03bb B801     		.2byte	0x1b8
 708 03bd C3030000 		.4byte	0x3c3
 709 03c1 01       		.byte	0x1
 710 03c2 01       		.byte	0x1
 711 03c3 1B       		.uleb128 0x1b
 712 03c4 4D020000 		.4byte	0x24d
 713 03c8 1C       		.uleb128 0x1c
 714 03c9 01       		.byte	0x1
 715 03ca 9A010000 		.4byte	.LASF48
 716 03ce 05       		.byte	0x5
 717 03cf 1806     		.2byte	0x618
 718 03d1 01       		.byte	0x1
 719 03d2 01       		.byte	0x1
 720 03d3 1D       		.uleb128 0x1d
 721 03d4 01       		.byte	0x1
 722 03d5 5A020000 		.4byte	.LASF49
 723 03d9 08       		.byte	0x8
 724 03da 6C       		.byte	0x6c
 725 03db 01       		.byte	0x1
 726 03dc 01       		.byte	0x1
 727 03dd 1E       		.uleb128 0x1e
 728 03de 01       		.byte	0x1
 729 03df 0E000000 		.4byte	.LASF63
 730 03e3 06       		.byte	0x6
 731 03e4 BD01     		.2byte	0x1bd
 732 03e6 01       		.byte	0x1
 733 03e7 01       		.byte	0x1
 734 03e8 F2030000 		.4byte	0x3f2
 735 03ec 1F       		.uleb128 0x1f
ARM GAS  /tmp/ccEer0Uy.s 			page 14


 736 03ed F2030000 		.4byte	0x3f2
 737 03f1 00       		.byte	0
 738 03f2 20       		.uleb128 0x20
 739 03f3 04       		.byte	0x4
 740 03f4 C3030000 		.4byte	0x3c3
 741 03f8 1D       		.uleb128 0x1d
 742 03f9 01       		.byte	0x1
 743 03fa EE000000 		.4byte	.LASF50
 744 03fe 09       		.byte	0x9
 745 03ff 89       		.byte	0x89
 746 0400 01       		.byte	0x1
 747 0401 01       		.byte	0x1
 748 0402 1D       		.uleb128 0x1d
 749 0403 01       		.byte	0x1
 750 0404 06000000 		.4byte	.LASF51
 751 0408 0A       		.byte	0xa
 752 0409 79       		.byte	0x79
 753 040a 01       		.byte	0x1
 754 040b 01       		.byte	0x1
 755 040c 1D       		.uleb128 0x1d
 756 040d 01       		.byte	0x1
 757 040e 45020000 		.4byte	.LASF52
 758 0412 0B       		.byte	0xb
 759 0413 C0       		.byte	0xc0
 760 0414 01       		.byte	0x1
 761 0415 01       		.byte	0x1
 762 0416 1C       		.uleb128 0x1c
 763 0417 01       		.byte	0x1
 764 0418 9C000000 		.4byte	.LASF53
 765 041c 0C       		.byte	0xc
 766 041d 3001     		.2byte	0x130
 767 041f 01       		.byte	0x1
 768 0420 01       		.byte	0x1
 769 0421 1C       		.uleb128 0x1c
 770 0422 01       		.byte	0x1
 771 0423 65000000 		.4byte	.LASF54
 772 0427 0D       		.byte	0xd
 773 0428 2601     		.2byte	0x126
 774 042a 01       		.byte	0x1
 775 042b 01       		.byte	0x1
 776 042c 1C       		.uleb128 0x1c
 777 042d 01       		.byte	0x1
 778 042e 5D000000 		.4byte	.LASF55
 779 0432 0E       		.byte	0xe
 780 0433 1B02     		.2byte	0x21b
 781 0435 01       		.byte	0x1
 782 0436 01       		.byte	0x1
 783 0437 1D       		.uleb128 0x1d
 784 0438 01       		.byte	0x1
 785 0439 6E020000 		.4byte	.LASF56
 786 043d 0F       		.byte	0xf
 787 043e 9B       		.byte	0x9b
 788 043f 01       		.byte	0x1
 789 0440 01       		.byte	0x1
 790 0441 1C       		.uleb128 0x1c
 791 0442 01       		.byte	0x1
 792 0443 1D010000 		.4byte	.LASF57
ARM GAS  /tmp/ccEer0Uy.s 			page 15


 793 0447 10       		.byte	0x10
 794 0448 1B05     		.2byte	0x51b
 795 044a 01       		.byte	0x1
 796 044b 01       		.byte	0x1
 797 044c 00       		.byte	0
 798              		.section	.debug_abbrev,"",%progbits
 799              	.Ldebug_abbrev0:
 800 0000 01       		.uleb128 0x1
 801 0001 11       		.uleb128 0x11
 802 0002 01       		.byte	0x1
 803 0003 25       		.uleb128 0x25
 804 0004 0E       		.uleb128 0xe
 805 0005 13       		.uleb128 0x13
 806 0006 0B       		.uleb128 0xb
 807 0007 03       		.uleb128 0x3
 808 0008 0E       		.uleb128 0xe
 809 0009 1B       		.uleb128 0x1b
 810 000a 0E       		.uleb128 0xe
 811 000b 55       		.uleb128 0x55
 812 000c 06       		.uleb128 0x6
 813 000d 11       		.uleb128 0x11
 814 000e 01       		.uleb128 0x1
 815 000f 52       		.uleb128 0x52
 816 0010 01       		.uleb128 0x1
 817 0011 10       		.uleb128 0x10
 818 0012 06       		.uleb128 0x6
 819 0013 00       		.byte	0
 820 0014 00       		.byte	0
 821 0015 02       		.uleb128 0x2
 822 0016 24       		.uleb128 0x24
 823 0017 00       		.byte	0
 824 0018 0B       		.uleb128 0xb
 825 0019 0B       		.uleb128 0xb
 826 001a 3E       		.uleb128 0x3e
 827 001b 0B       		.uleb128 0xb
 828 001c 03       		.uleb128 0x3
 829 001d 08       		.uleb128 0x8
 830 001e 00       		.byte	0
 831 001f 00       		.byte	0
 832 0020 03       		.uleb128 0x3
 833 0021 24       		.uleb128 0x24
 834 0022 00       		.byte	0
 835 0023 0B       		.uleb128 0xb
 836 0024 0B       		.uleb128 0xb
 837 0025 3E       		.uleb128 0x3e
 838 0026 0B       		.uleb128 0xb
 839 0027 03       		.uleb128 0x3
 840 0028 0E       		.uleb128 0xe
 841 0029 00       		.byte	0
 842 002a 00       		.byte	0
 843 002b 04       		.uleb128 0x4
 844 002c 16       		.uleb128 0x16
 845 002d 00       		.byte	0
 846 002e 03       		.uleb128 0x3
 847 002f 0E       		.uleb128 0xe
 848 0030 3A       		.uleb128 0x3a
 849 0031 0B       		.uleb128 0xb
ARM GAS  /tmp/ccEer0Uy.s 			page 16


 850 0032 3B       		.uleb128 0x3b
 851 0033 0B       		.uleb128 0xb
 852 0034 49       		.uleb128 0x49
 853 0035 13       		.uleb128 0x13
 854 0036 00       		.byte	0
 855 0037 00       		.byte	0
 856 0038 05       		.uleb128 0x5
 857 0039 35       		.uleb128 0x35
 858 003a 00       		.byte	0
 859 003b 49       		.uleb128 0x49
 860 003c 13       		.uleb128 0x13
 861 003d 00       		.byte	0
 862 003e 00       		.byte	0
 863 003f 06       		.uleb128 0x6
 864 0040 13       		.uleb128 0x13
 865 0041 01       		.byte	0x1
 866 0042 0B       		.uleb128 0xb
 867 0043 0B       		.uleb128 0xb
 868 0044 3A       		.uleb128 0x3a
 869 0045 0B       		.uleb128 0xb
 870 0046 3B       		.uleb128 0x3b
 871 0047 0B       		.uleb128 0xb
 872 0048 01       		.uleb128 0x1
 873 0049 13       		.uleb128 0x13
 874 004a 00       		.byte	0
 875 004b 00       		.byte	0
 876 004c 07       		.uleb128 0x7
 877 004d 0D       		.uleb128 0xd
 878 004e 00       		.byte	0
 879 004f 03       		.uleb128 0x3
 880 0050 0E       		.uleb128 0xe
 881 0051 3A       		.uleb128 0x3a
 882 0052 0B       		.uleb128 0xb
 883 0053 3B       		.uleb128 0x3b
 884 0054 05       		.uleb128 0x5
 885 0055 49       		.uleb128 0x49
 886 0056 13       		.uleb128 0x13
 887 0057 38       		.uleb128 0x38
 888 0058 0A       		.uleb128 0xa
 889 0059 00       		.byte	0
 890 005a 00       		.byte	0
 891 005b 08       		.uleb128 0x8
 892 005c 16       		.uleb128 0x16
 893 005d 00       		.byte	0
 894 005e 03       		.uleb128 0x3
 895 005f 0E       		.uleb128 0xe
 896 0060 3A       		.uleb128 0x3a
 897 0061 0B       		.uleb128 0xb
 898 0062 3B       		.uleb128 0x3b
 899 0063 05       		.uleb128 0x5
 900 0064 49       		.uleb128 0x49
 901 0065 13       		.uleb128 0x13
 902 0066 00       		.byte	0
 903 0067 00       		.byte	0
 904 0068 09       		.uleb128 0x9
 905 0069 0D       		.uleb128 0xd
 906 006a 00       		.byte	0
ARM GAS  /tmp/ccEer0Uy.s 			page 17


 907 006b 03       		.uleb128 0x3
 908 006c 0E       		.uleb128 0xe
 909 006d 3A       		.uleb128 0x3a
 910 006e 0B       		.uleb128 0xb
 911 006f 3B       		.uleb128 0x3b
 912 0070 0B       		.uleb128 0xb
 913 0071 49       		.uleb128 0x49
 914 0072 13       		.uleb128 0x13
 915 0073 38       		.uleb128 0x38
 916 0074 0A       		.uleb128 0xa
 917 0075 00       		.byte	0
 918 0076 00       		.byte	0
 919 0077 0A       		.uleb128 0xa
 920 0078 0D       		.uleb128 0xd
 921 0079 00       		.byte	0
 922 007a 03       		.uleb128 0x3
 923 007b 08       		.uleb128 0x8
 924 007c 3A       		.uleb128 0x3a
 925 007d 0B       		.uleb128 0xb
 926 007e 3B       		.uleb128 0x3b
 927 007f 0B       		.uleb128 0xb
 928 0080 49       		.uleb128 0x49
 929 0081 13       		.uleb128 0x13
 930 0082 38       		.uleb128 0x38
 931 0083 0A       		.uleb128 0xa
 932 0084 00       		.byte	0
 933 0085 00       		.byte	0
 934 0086 0B       		.uleb128 0xb
 935 0087 2E       		.uleb128 0x2e
 936 0088 01       		.byte	0x1
 937 0089 3F       		.uleb128 0x3f
 938 008a 0C       		.uleb128 0xc
 939 008b 03       		.uleb128 0x3
 940 008c 0E       		.uleb128 0xe
 941 008d 3A       		.uleb128 0x3a
 942 008e 0B       		.uleb128 0xb
 943 008f 3B       		.uleb128 0x3b
 944 0090 0B       		.uleb128 0xb
 945 0091 27       		.uleb128 0x27
 946 0092 0C       		.uleb128 0xc
 947 0093 49       		.uleb128 0x49
 948 0094 13       		.uleb128 0x13
 949 0095 20       		.uleb128 0x20
 950 0096 0B       		.uleb128 0xb
 951 0097 01       		.uleb128 0x1
 952 0098 13       		.uleb128 0x13
 953 0099 00       		.byte	0
 954 009a 00       		.byte	0
 955 009b 0C       		.uleb128 0xc
 956 009c 05       		.uleb128 0x5
 957 009d 00       		.byte	0
 958 009e 03       		.uleb128 0x3
 959 009f 0E       		.uleb128 0xe
 960 00a0 3A       		.uleb128 0x3a
 961 00a1 0B       		.uleb128 0xb
 962 00a2 3B       		.uleb128 0x3b
 963 00a3 0B       		.uleb128 0xb
ARM GAS  /tmp/ccEer0Uy.s 			page 18


 964 00a4 49       		.uleb128 0x49
 965 00a5 13       		.uleb128 0x13
 966 00a6 00       		.byte	0
 967 00a7 00       		.byte	0
 968 00a8 0D       		.uleb128 0xd
 969 00a9 05       		.uleb128 0x5
 970 00aa 00       		.byte	0
 971 00ab 03       		.uleb128 0x3
 972 00ac 08       		.uleb128 0x8
 973 00ad 3A       		.uleb128 0x3a
 974 00ae 0B       		.uleb128 0xb
 975 00af 3B       		.uleb128 0x3b
 976 00b0 0B       		.uleb128 0xb
 977 00b1 49       		.uleb128 0x49
 978 00b2 13       		.uleb128 0x13
 979 00b3 00       		.byte	0
 980 00b4 00       		.byte	0
 981 00b5 0E       		.uleb128 0xe
 982 00b6 34       		.uleb128 0x34
 983 00b7 00       		.byte	0
 984 00b8 03       		.uleb128 0x3
 985 00b9 08       		.uleb128 0x8
 986 00ba 3A       		.uleb128 0x3a
 987 00bb 0B       		.uleb128 0xb
 988 00bc 3B       		.uleb128 0x3b
 989 00bd 0B       		.uleb128 0xb
 990 00be 49       		.uleb128 0x49
 991 00bf 13       		.uleb128 0x13
 992 00c0 00       		.byte	0
 993 00c1 00       		.byte	0
 994 00c2 0F       		.uleb128 0xf
 995 00c3 2E       		.uleb128 0x2e
 996 00c4 01       		.byte	0x1
 997 00c5 3F       		.uleb128 0x3f
 998 00c6 0C       		.uleb128 0xc
 999 00c7 03       		.uleb128 0x3
 1000 00c8 0E       		.uleb128 0xe
 1001 00c9 3A       		.uleb128 0x3a
 1002 00ca 0B       		.uleb128 0xb
 1003 00cb 3B       		.uleb128 0x3b
 1004 00cc 0B       		.uleb128 0xb
 1005 00cd 27       		.uleb128 0x27
 1006 00ce 0C       		.uleb128 0xc
 1007 00cf 11       		.uleb128 0x11
 1008 00d0 01       		.uleb128 0x1
 1009 00d1 12       		.uleb128 0x12
 1010 00d2 01       		.uleb128 0x1
 1011 00d3 40       		.uleb128 0x40
 1012 00d4 06       		.uleb128 0x6
 1013 00d5 9742     		.uleb128 0x2117
 1014 00d7 0C       		.uleb128 0xc
 1015 00d8 01       		.uleb128 0x1
 1016 00d9 13       		.uleb128 0x13
 1017 00da 00       		.byte	0
 1018 00db 00       		.byte	0
 1019 00dc 10       		.uleb128 0x10
 1020 00dd 898201   		.uleb128 0x4109
ARM GAS  /tmp/ccEer0Uy.s 			page 19


 1021 00e0 00       		.byte	0
 1022 00e1 11       		.uleb128 0x11
 1023 00e2 01       		.uleb128 0x1
 1024 00e3 31       		.uleb128 0x31
 1025 00e4 13       		.uleb128 0x13
 1026 00e5 00       		.byte	0
 1027 00e6 00       		.byte	0
 1028 00e7 11       		.uleb128 0x11
 1029 00e8 898201   		.uleb128 0x4109
 1030 00eb 00       		.byte	0
 1031 00ec 11       		.uleb128 0x11
 1032 00ed 01       		.uleb128 0x1
 1033 00ee 9542     		.uleb128 0x2115
 1034 00f0 0C       		.uleb128 0xc
 1035 00f1 31       		.uleb128 0x31
 1036 00f2 13       		.uleb128 0x13
 1037 00f3 00       		.byte	0
 1038 00f4 00       		.byte	0
 1039 00f5 12       		.uleb128 0x12
 1040 00f6 2E       		.uleb128 0x2e
 1041 00f7 01       		.byte	0x1
 1042 00f8 31       		.uleb128 0x31
 1043 00f9 13       		.uleb128 0x13
 1044 00fa 11       		.uleb128 0x11
 1045 00fb 01       		.uleb128 0x1
 1046 00fc 12       		.uleb128 0x12
 1047 00fd 01       		.uleb128 0x1
 1048 00fe 40       		.uleb128 0x40
 1049 00ff 0A       		.uleb128 0xa
 1050 0100 9742     		.uleb128 0x2117
 1051 0102 0C       		.uleb128 0xc
 1052 0103 01       		.uleb128 0x1
 1053 0104 13       		.uleb128 0x13
 1054 0105 00       		.byte	0
 1055 0106 00       		.byte	0
 1056 0107 13       		.uleb128 0x13
 1057 0108 05       		.uleb128 0x5
 1058 0109 00       		.byte	0
 1059 010a 31       		.uleb128 0x31
 1060 010b 13       		.uleb128 0x13
 1061 010c 02       		.uleb128 0x2
 1062 010d 06       		.uleb128 0x6
 1063 010e 00       		.byte	0
 1064 010f 00       		.byte	0
 1065 0110 14       		.uleb128 0x14
 1066 0111 05       		.uleb128 0x5
 1067 0112 00       		.byte	0
 1068 0113 31       		.uleb128 0x31
 1069 0114 13       		.uleb128 0x13
 1070 0115 02       		.uleb128 0x2
 1071 0116 0A       		.uleb128 0xa
 1072 0117 00       		.byte	0
 1073 0118 00       		.byte	0
 1074 0119 15       		.uleb128 0x15
 1075 011a 34       		.uleb128 0x34
 1076 011b 00       		.byte	0
 1077 011c 31       		.uleb128 0x31
ARM GAS  /tmp/ccEer0Uy.s 			page 20


 1078 011d 13       		.uleb128 0x13
 1079 011e 02       		.uleb128 0x2
 1080 011f 0A       		.uleb128 0xa
 1081 0120 00       		.byte	0
 1082 0121 00       		.byte	0
 1083 0122 16       		.uleb128 0x16
 1084 0123 05       		.uleb128 0x5
 1085 0124 00       		.byte	0
 1086 0125 03       		.uleb128 0x3
 1087 0126 0E       		.uleb128 0xe
 1088 0127 3A       		.uleb128 0x3a
 1089 0128 0B       		.uleb128 0xb
 1090 0129 3B       		.uleb128 0x3b
 1091 012a 0B       		.uleb128 0xb
 1092 012b 49       		.uleb128 0x49
 1093 012c 13       		.uleb128 0x13
 1094 012d 02       		.uleb128 0x2
 1095 012e 06       		.uleb128 0x6
 1096 012f 00       		.byte	0
 1097 0130 00       		.byte	0
 1098 0131 17       		.uleb128 0x17
 1099 0132 34       		.uleb128 0x34
 1100 0133 00       		.byte	0
 1101 0134 03       		.uleb128 0x3
 1102 0135 0E       		.uleb128 0xe
 1103 0136 3A       		.uleb128 0x3a
 1104 0137 0B       		.uleb128 0xb
 1105 0138 3B       		.uleb128 0x3b
 1106 0139 0B       		.uleb128 0xb
 1107 013a 49       		.uleb128 0x49
 1108 013b 13       		.uleb128 0x13
 1109 013c 02       		.uleb128 0x2
 1110 013d 0A       		.uleb128 0xa
 1111 013e 00       		.byte	0
 1112 013f 00       		.byte	0
 1113 0140 18       		.uleb128 0x18
 1114 0141 1D       		.uleb128 0x1d
 1115 0142 01       		.byte	0x1
 1116 0143 31       		.uleb128 0x31
 1117 0144 13       		.uleb128 0x13
 1118 0145 52       		.uleb128 0x52
 1119 0146 01       		.uleb128 0x1
 1120 0147 55       		.uleb128 0x55
 1121 0148 06       		.uleb128 0x6
 1122 0149 58       		.uleb128 0x58
 1123 014a 0B       		.uleb128 0xb
 1124 014b 59       		.uleb128 0x59
 1125 014c 0B       		.uleb128 0xb
 1126 014d 00       		.byte	0
 1127 014e 00       		.byte	0
 1128 014f 19       		.uleb128 0x19
 1129 0150 0B       		.uleb128 0xb
 1130 0151 01       		.byte	0x1
 1131 0152 55       		.uleb128 0x55
 1132 0153 06       		.uleb128 0x6
 1133 0154 00       		.byte	0
 1134 0155 00       		.byte	0
ARM GAS  /tmp/ccEer0Uy.s 			page 21


 1135 0156 1A       		.uleb128 0x1a
 1136 0157 34       		.uleb128 0x34
 1137 0158 00       		.byte	0
 1138 0159 03       		.uleb128 0x3
 1139 015a 0E       		.uleb128 0xe
 1140 015b 3A       		.uleb128 0x3a
 1141 015c 0B       		.uleb128 0xb
 1142 015d 3B       		.uleb128 0x3b
 1143 015e 05       		.uleb128 0x5
 1144 015f 49       		.uleb128 0x49
 1145 0160 13       		.uleb128 0x13
 1146 0161 3F       		.uleb128 0x3f
 1147 0162 0C       		.uleb128 0xc
 1148 0163 3C       		.uleb128 0x3c
 1149 0164 0C       		.uleb128 0xc
 1150 0165 00       		.byte	0
 1151 0166 00       		.byte	0
 1152 0167 1B       		.uleb128 0x1b
 1153 0168 26       		.uleb128 0x26
 1154 0169 00       		.byte	0
 1155 016a 49       		.uleb128 0x49
 1156 016b 13       		.uleb128 0x13
 1157 016c 00       		.byte	0
 1158 016d 00       		.byte	0
 1159 016e 1C       		.uleb128 0x1c
 1160 016f 2E       		.uleb128 0x2e
 1161 0170 00       		.byte	0
 1162 0171 3F       		.uleb128 0x3f
 1163 0172 0C       		.uleb128 0xc
 1164 0173 03       		.uleb128 0x3
 1165 0174 0E       		.uleb128 0xe
 1166 0175 3A       		.uleb128 0x3a
 1167 0176 0B       		.uleb128 0xb
 1168 0177 3B       		.uleb128 0x3b
 1169 0178 05       		.uleb128 0x5
 1170 0179 27       		.uleb128 0x27
 1171 017a 0C       		.uleb128 0xc
 1172 017b 3C       		.uleb128 0x3c
 1173 017c 0C       		.uleb128 0xc
 1174 017d 00       		.byte	0
 1175 017e 00       		.byte	0
 1176 017f 1D       		.uleb128 0x1d
 1177 0180 2E       		.uleb128 0x2e
 1178 0181 00       		.byte	0
 1179 0182 3F       		.uleb128 0x3f
 1180 0183 0C       		.uleb128 0xc
 1181 0184 03       		.uleb128 0x3
 1182 0185 0E       		.uleb128 0xe
 1183 0186 3A       		.uleb128 0x3a
 1184 0187 0B       		.uleb128 0xb
 1185 0188 3B       		.uleb128 0x3b
 1186 0189 0B       		.uleb128 0xb
 1187 018a 27       		.uleb128 0x27
 1188 018b 0C       		.uleb128 0xc
 1189 018c 3C       		.uleb128 0x3c
 1190 018d 0C       		.uleb128 0xc
 1191 018e 00       		.byte	0
ARM GAS  /tmp/ccEer0Uy.s 			page 22


 1192 018f 00       		.byte	0
 1193 0190 1E       		.uleb128 0x1e
 1194 0191 2E       		.uleb128 0x2e
 1195 0192 01       		.byte	0x1
 1196 0193 3F       		.uleb128 0x3f
 1197 0194 0C       		.uleb128 0xc
 1198 0195 03       		.uleb128 0x3
 1199 0196 0E       		.uleb128 0xe
 1200 0197 3A       		.uleb128 0x3a
 1201 0198 0B       		.uleb128 0xb
 1202 0199 3B       		.uleb128 0x3b
 1203 019a 05       		.uleb128 0x5
 1204 019b 27       		.uleb128 0x27
 1205 019c 0C       		.uleb128 0xc
 1206 019d 3C       		.uleb128 0x3c
 1207 019e 0C       		.uleb128 0xc
 1208 019f 01       		.uleb128 0x1
 1209 01a0 13       		.uleb128 0x13
 1210 01a1 00       		.byte	0
 1211 01a2 00       		.byte	0
 1212 01a3 1F       		.uleb128 0x1f
 1213 01a4 05       		.uleb128 0x5
 1214 01a5 00       		.byte	0
 1215 01a6 49       		.uleb128 0x49
 1216 01a7 13       		.uleb128 0x13
 1217 01a8 00       		.byte	0
 1218 01a9 00       		.byte	0
 1219 01aa 20       		.uleb128 0x20
 1220 01ab 0F       		.uleb128 0xf
 1221 01ac 00       		.byte	0
 1222 01ad 0B       		.uleb128 0xb
 1223 01ae 0B       		.uleb128 0xb
 1224 01af 49       		.uleb128 0x49
 1225 01b0 13       		.uleb128 0x13
 1226 01b1 00       		.byte	0
 1227 01b2 00       		.byte	0
 1228 01b3 00       		.byte	0
 1229              		.section	.debug_loc,"",%progbits
 1230              	.Ldebug_loc0:
 1231              	.LLST0:
 1232 0000 00000000 		.4byte	.LFB118
 1233 0004 02000000 		.4byte	.LCFI0
 1234 0008 0200     		.2byte	0x2
 1235 000a 7D       		.byte	0x7d
 1236 000b 00       		.sleb128 0
 1237 000c 02000000 		.4byte	.LCFI0
 1238 0010 3A000000 		.4byte	.LFE118
 1239 0014 0200     		.2byte	0x2
 1240 0016 7D       		.byte	0x7d
 1241 0017 08       		.sleb128 8
 1242 0018 00000000 		.4byte	0
 1243 001c 00000000 		.4byte	0
 1244              	.LLST1:
 1245 0020 00000000 		.4byte	.LVL11
 1246 0024 22000000 		.4byte	.LVL13
 1247 0028 0100     		.2byte	0x1
 1248 002a 50       		.byte	0x50
ARM GAS  /tmp/ccEer0Uy.s 			page 23


 1249 002b 22000000 		.4byte	.LVL13
 1250 002f 24000000 		.4byte	.LVL14
 1251 0033 0400     		.2byte	0x4
 1252 0035 F3       		.byte	0xf3
 1253 0036 01       		.uleb128 0x1
 1254 0037 50       		.byte	0x50
 1255 0038 9F       		.byte	0x9f
 1256 0039 24000000 		.4byte	.LVL14
 1257 003d 2A000000 		.4byte	.LVL15
 1258 0041 0100     		.2byte	0x1
 1259 0043 50       		.byte	0x50
 1260 0044 2A000000 		.4byte	.LVL15
 1261 0048 34000000 		.4byte	.LFE119
 1262 004c 0100     		.2byte	0x1
 1263 004e 52       		.byte	0x52
 1264 004f 00000000 		.4byte	0
 1265 0053 00000000 		.4byte	0
 1266              	.LLST2:
 1267 0057 00000000 		.4byte	.LFB120
 1268 005b 0A000000 		.4byte	.LCFI1
 1269 005f 0200     		.2byte	0x2
 1270 0061 7D       		.byte	0x7d
 1271 0062 00       		.sleb128 0
 1272 0063 0A000000 		.4byte	.LCFI1
 1273 0067 42000000 		.4byte	.LFE120
 1274 006b 0200     		.2byte	0x2
 1275 006d 7D       		.byte	0x7d
 1276 006e 04       		.sleb128 4
 1277 006f 00000000 		.4byte	0
 1278 0073 00000000 		.4byte	0
 1279              	.LLST3:
 1280 0077 00000000 		.4byte	.LVL16
 1281 007b 10000000 		.4byte	.LVL18
 1282 007f 0100     		.2byte	0x1
 1283 0081 50       		.byte	0x50
 1284 0082 10000000 		.4byte	.LVL18
 1285 0086 42000000 		.4byte	.LFE120
 1286 008a 0400     		.2byte	0x4
 1287 008c F3       		.byte	0xf3
 1288 008d 01       		.uleb128 0x1
 1289 008e 50       		.byte	0x50
 1290 008f 9F       		.byte	0x9f
 1291 0090 00000000 		.4byte	0
 1292 0094 00000000 		.4byte	0
 1293              		.section	.debug_aranges,"",%progbits
 1294 0000 2C000000 		.4byte	0x2c
 1295 0004 0200     		.2byte	0x2
 1296 0006 00000000 		.4byte	.Ldebug_info0
 1297 000a 04       		.byte	0x4
 1298 000b 00       		.byte	0
 1299 000c 0000     		.2byte	0
 1300 000e 0000     		.2byte	0
 1301 0010 00000000 		.4byte	.LFB118
 1302 0014 3A000000 		.4byte	.LFE118-.LFB118
 1303 0018 00000000 		.4byte	.LFB119
 1304 001c 34000000 		.4byte	.LFE119-.LFB119
 1305 0020 00000000 		.4byte	.LFB120
ARM GAS  /tmp/ccEer0Uy.s 			page 24


 1306 0024 42000000 		.4byte	.LFE120-.LFB120
 1307 0028 00000000 		.4byte	0
 1308 002c 00000000 		.4byte	0
 1309              		.section	.debug_ranges,"",%progbits
 1310              	.Ldebug_ranges0:
 1311 0000 0C000000 		.4byte	.LBB4
 1312 0004 0E000000 		.4byte	.LBE4
 1313 0008 10000000 		.4byte	.LBB8
 1314 000c 24000000 		.4byte	.LBE8
 1315 0010 2C000000 		.4byte	.LBB9
 1316 0014 3C000000 		.4byte	.LBE9
 1317 0018 00000000 		.4byte	0
 1318 001c 00000000 		.4byte	0
 1319 0020 0C000000 		.4byte	.LBB5
 1320 0024 0E000000 		.4byte	.LBE5
 1321 0028 10000000 		.4byte	.LBB6
 1322 002c 24000000 		.4byte	.LBE6
 1323 0030 2C000000 		.4byte	.LBB7
 1324 0034 3C000000 		.4byte	.LBE7
 1325 0038 00000000 		.4byte	0
 1326 003c 00000000 		.4byte	0
 1327 0040 00000000 		.4byte	.LFB118
 1328 0044 3A000000 		.4byte	.LFE118
 1329 0048 00000000 		.4byte	.LFB119
 1330 004c 34000000 		.4byte	.LFE119
 1331 0050 00000000 		.4byte	.LFB120
 1332 0054 42000000 		.4byte	.LFE120
 1333 0058 00000000 		.4byte	0
 1334 005c 00000000 		.4byte	0
 1335              		.section	.debug_line,"",%progbits
 1336              	.Ldebug_line0:
 1337 0000 D1020000 		.section	.debug_str,"MS",%progbits,1
 1337      02004D02 
 1337      00000201 
 1337      FB0E0D00 
 1337      01010101 
 1338              	.LASF62:
 1339 0000 7469636B 		.ascii	"ticks\000"
 1339      7300
 1340              	.LASF51:
 1341 0006 69326349 		.ascii	"i2cInit\000"
 1341      6E697400 
 1342              	.LASF63:
 1343 000e 5F70616C 		.ascii	"_pal_lld_init\000"
 1343      5F6C6C64 
 1343      5F696E69 
 1343      7400
 1344              	.LASF47:
 1345 001c 70616C5F 		.ascii	"pal_default_config\000"
 1345      64656661 
 1345      756C745F 
 1345      636F6E66 
 1345      696700
 1346              	.LASF3:
 1347 002f 73686F72 		.ascii	"short int\000"
 1347      7420696E 
 1347      7400
ARM GAS  /tmp/ccEer0Uy.s 			page 25


 1348              	.LASF13:
 1349 0039 73697A65 		.ascii	"sizetype\000"
 1349      74797065 
 1349      00
 1350              	.LASF21:
 1351 0042 50435352 		.ascii	"PCSR\000"
 1351      00
 1352              	.LASF37:
 1353 0047 50464461 		.ascii	"PFData\000"
 1353      746100
 1354              	.LASF40:
 1355 004e 50494461 		.ascii	"PIData\000"
 1355      746100
 1356              	.LASF20:
 1357 0055 464F4C44 		.ascii	"FOLDCNT\000"
 1357      434E5400 
 1358              	.LASF55:
 1359 005d 75736249 		.ascii	"usbInit\000"
 1359      6E697400 
 1360              	.LASF54:
 1361 0065 73706949 		.ascii	"spiInit\000"
 1361      6E697400 
 1362              	.LASF60:
 1363 006d 2F686F6D 		.ascii	"/home/david/Projects/stm32/src/pressure_sensor\000"
 1363      652F6461 
 1363      7669642F 
 1363      50726F6A 
 1363      65637473 
 1364              	.LASF53:
 1365 009c 7364496E 		.ascii	"sdInit\000"
 1365      697400
 1366              	.LASF59:
 1367 00a3 2E2E2F2E 		.ascii	"../../ChibiOS/os/hal/src/hal.c\000"
 1367      2E2F4368 
 1367      6962694F 
 1367      532F6F73 
 1367      2F68616C 
 1368              	.LASF12:
 1369 00c2 494F5245 		.ascii	"IOREG32\000"
 1369      47333200 
 1370              	.LASF32:
 1371 00ca 50414461 		.ascii	"PAData\000"
 1371      746100
 1372              	.LASF9:
 1373 00d1 6C6F6E67 		.ascii	"long long int\000"
 1373      206C6F6E 
 1373      6720696E 
 1373      7400
 1374              	.LASF43:
 1375 00df 68616C49 		.ascii	"halInit\000"
 1375      6E697400 
 1376              	.LASF15:
 1377 00e7 43594343 		.ascii	"CYCCNT\000"
 1377      4E5400
 1378              	.LASF50:
 1379 00ee 65787449 		.ascii	"extInit\000"
 1379      6E697400 
ARM GAS  /tmp/ccEer0Uy.s 			page 26


 1380              	.LASF27:
 1381 00f6 6F737065 		.ascii	"ospeedr\000"
 1381      65647200 
 1382              	.LASF5:
 1383 00fe 6C6F6E67 		.ascii	"long int\000"
 1383      20696E74 
 1383      00
 1384              	.LASF35:
 1385 0107 50444461 		.ascii	"PDData\000"
 1385      746100
 1386              	.LASF44:
 1387 010e 68616C50 		.ascii	"halPolledDelay\000"
 1387      6F6C6C65 
 1387      6444656C 
 1387      617900
 1388              	.LASF57:
 1389 011d 626F6172 		.ascii	"boardInit\000"
 1389      64496E69 
 1389      7400
 1390              	.LASF38:
 1391 0127 50474461 		.ascii	"PGData\000"
 1391      746100
 1392              	.LASF34:
 1393 012e 50434461 		.ascii	"PCData\000"
 1393      746100
 1394              	.LASF2:
 1395 0135 756E7369 		.ascii	"unsigned char\000"
 1395      676E6564 
 1395      20636861 
 1395      7200
 1396              	.LASF14:
 1397 0143 4354524C 		.ascii	"CTRL\000"
 1397      00
 1398              	.LASF1:
 1399 0148 7369676E 		.ascii	"signed char\000"
 1399      65642063 
 1399      68617200 
 1400              	.LASF10:
 1401 0154 6C6F6E67 		.ascii	"long long unsigned int\000"
 1401      206C6F6E 
 1401      6720756E 
 1401      7369676E 
 1401      65642069 
 1402              	.LASF7:
 1403 016b 75696E74 		.ascii	"uint32_t\000"
 1403      33325F74 
 1403      00
 1404              	.LASF26:
 1405 0174 6F747970 		.ascii	"otyper\000"
 1405      657200
 1406              	.LASF58:
 1407 017b 474E5520 		.ascii	"GNU C 4.7.2\000"
 1407      4320342E 
 1407      372E3200 
 1408              	.LASF31:
 1409 0187 73746D33 		.ascii	"stm32_gpio_setup_t\000"
 1409      325F6770 
ARM GAS  /tmp/ccEer0Uy.s 			page 27


 1409      696F5F73 
 1409      65747570 
 1409      5F7400
 1410              	.LASF48:
 1411 019a 68616C5F 		.ascii	"hal_lld_init\000"
 1411      6C6C645F 
 1411      696E6974 
 1411      00
 1412              	.LASF42:
 1413 01a7 73746172 		.ascii	"start\000"
 1413      7400
 1414              	.LASF4:
 1415 01ad 73686F72 		.ascii	"short unsigned int\000"
 1415      7420756E 
 1415      7369676E 
 1415      65642069 
 1415      6E7400
 1416              	.LASF23:
 1417 01c0 63686172 		.ascii	"char\000"
 1417      00
 1418              	.LASF6:
 1419 01c5 696E7433 		.ascii	"int32_t\000"
 1419      325F7400 
 1420              	.LASF11:
 1421 01cd 626F6F6C 		.ascii	"bool_t\000"
 1421      5F7400
 1422              	.LASF41:
 1423 01d4 50414C43 		.ascii	"PALConfig\000"
 1423      6F6E6669 
 1423      6700
 1424              	.LASF33:
 1425 01de 50424461 		.ascii	"PBData\000"
 1425      746100
 1426              	.LASF22:
 1427 01e5 434D785F 		.ascii	"CMx_DWT\000"
 1427      44575400 
 1428              	.LASF36:
 1429 01ed 50454461 		.ascii	"PEData\000"
 1429      746100
 1430              	.LASF16:
 1431 01f4 43504943 		.ascii	"CPICNT\000"
 1431      4E5400
 1432              	.LASF8:
 1433 01fb 6C6F6E67 		.ascii	"long unsigned int\000"
 1433      20756E73 
 1433      69676E65 
 1433      6420696E 
 1433      7400
 1434              	.LASF39:
 1435 020d 50484461 		.ascii	"PHData\000"
 1435      746100
 1436              	.LASF24:
 1437 0214 68616C72 		.ascii	"halrtcnt_t\000"
 1437      74636E74 
 1437      5F7400
 1438              	.LASF18:
 1439 021f 534C4545 		.ascii	"SLEEPCNT\000"
ARM GAS  /tmp/ccEer0Uy.s 			page 28


 1439      50434E54 
 1439      00
 1440              	.LASF28:
 1441 0228 70757064 		.ascii	"pupdr\000"
 1441      7200
 1442              	.LASF19:
 1443 022e 4C535543 		.ascii	"LSUCNT\000"
 1443      4E5400
 1444              	.LASF30:
 1445 0235 61667268 		.ascii	"afrh\000"
 1445      00
 1446              	.LASF29:
 1447 023a 6166726C 		.ascii	"afrl\000"
 1447      00
 1448              	.LASF25:
 1449 023f 6D6F6465 		.ascii	"moder\000"
 1449      7200
 1450              	.LASF52:
 1451 0245 6D616349 		.ascii	"macInit\000"
 1451      6E697400 
 1452              	.LASF46:
 1453 024d 49544D5F 		.ascii	"ITM_RxBuffer\000"
 1453      52784275 
 1453      66666572 
 1453      00
 1454              	.LASF49:
 1455 025a 746D496E 		.ascii	"tmInit\000"
 1455      697400
 1456              	.LASF0:
 1457 0261 756E7369 		.ascii	"unsigned int\000"
 1457      676E6564 
 1457      20696E74 
 1457      00
 1458              	.LASF56:
 1459 026e 73647549 		.ascii	"sduInit\000"
 1459      6E697400 
 1460              	.LASF61:
 1461 0276 68616C49 		.ascii	"halIsCounterWithin\000"
 1461      73436F75 
 1461      6E746572 
 1461      57697468 
 1461      696E00
 1462              	.LASF17:
 1463 0289 45584343 		.ascii	"EXCCNT\000"
 1463      4E5400
 1464              	.LASF45:
 1465 0290 74696D65 		.ascii	"timeout\000"
 1465      6F757400 
 1466              		.ident	"GCC: (crosstool-NG 1.17.0 - PSAS ST32F4 GFE) 4.7.2"
ARM GAS  /tmp/ccEer0Uy.s 			page 29


DEFINED SYMBOLS
                            *ABS*:0000000000000000 hal.c
     /tmp/ccEer0Uy.s:21     .text.halInit:0000000000000000 $t
     /tmp/ccEer0Uy.s:27     .text.halInit:0000000000000000 halInit
     /tmp/ccEer0Uy.s:80     .text.halIsCounterWithin:0000000000000000 $t
     /tmp/ccEer0Uy.s:86     .text.halIsCounterWithin:0000000000000000 halIsCounterWithin
     /tmp/ccEer0Uy.s:135    .text.halPolledDelay:0000000000000000 $t
     /tmp/ccEer0Uy.s:141    .text.halPolledDelay:0000000000000000 halPolledDelay
                     .debug_frame:0000000000000010 $d

UNDEFINED SYMBOLS
hal_lld_init
tmInit
pal_default_config
_pal_lld_init
extInit
i2cInit
macInit
sdInit
spiInit
usbInit
sduInit
boardInit
