ARM GAS  /tmp/cc66wKT6.s 			page 1


   1              		.syntax unified
   2              		.cpu cortex-m4
   3              		.eabi_attribute 27, 3
   4              		.eabi_attribute 28, 1
   5              		.fpu fpv4-sp-d16
   6              		.eabi_attribute 20, 1
   7              		.eabi_attribute 21, 1
   8              		.eabi_attribute 23, 3
   9              		.eabi_attribute 24, 1
  10              		.eabi_attribute 25, 1
  11              		.eabi_attribute 26, 1
  12              		.eabi_attribute 30, 2
  13              		.eabi_attribute 34, 1
  14              		.eabi_attribute 18, 4
  15              		.thumb
  16              		.file	"mmc_spi.c"
  17              		.text
  18              	.Ltext0:
  19              		.cfi_sections	.debug_frame
  20              	.Letext0:
  21              		.file 1 "/home/david/toolchains/arm-psas-eabi/bin/../lib/gcc/arm-psas-eabi/4.7.2/../../../../arm-p
  22              		.file 2 "../../ChibiOS/os/ports/common/ARMCMx/CMSIS/include/core_cm4.h"
  23              		.section	.debug_info,"",%progbits
  24              	.Ldebug_info0:
  25 0000 8C000000 		.4byte	0x8c
  26 0004 0200     		.2byte	0x2
  27 0006 00000000 		.4byte	.Ldebug_abbrev0
  28 000a 04       		.byte	0x4
  29 000b 01       		.uleb128 0x1
  30 000c 2E000000 		.4byte	.LASF11
  31 0010 01       		.byte	0x1
  32 0011 63000000 		.4byte	.LASF12
  33 0015 86000000 		.4byte	.LASF13
  34 0019 00000000 		.4byte	.Ldebug_line0
  35 001d 02       		.uleb128 0x2
  36 001e 01       		.byte	0x1
  37 001f 06       		.byte	0x6
  38 0020 DE000000 		.4byte	.LASF0
  39 0024 02       		.uleb128 0x2
  40 0025 01       		.byte	0x1
  41 0026 08       		.byte	0x8
  42 0027 B5000000 		.4byte	.LASF1
  43 002b 02       		.uleb128 0x2
  44 002c 02       		.byte	0x2
  45 002d 05       		.byte	0x5
  46 002e EA000000 		.4byte	.LASF2
  47 0032 02       		.uleb128 0x2
  48 0033 02       		.byte	0x2
  49 0034 07       		.byte	0x7
  50 0035 0E000000 		.4byte	.LASF3
  51 0039 03       		.uleb128 0x3
  52 003a 04       		.byte	0x4
  53 003b 05       		.byte	0x5
  54 003c 696E7400 		.ascii	"int\000"
  55 0040 02       		.uleb128 0x2
  56 0041 04       		.byte	0x4
  57 0042 07       		.byte	0x7
ARM GAS  /tmp/cc66wKT6.s 			page 2


  58 0043 21000000 		.4byte	.LASF4
  59 0047 02       		.uleb128 0x2
  60 0048 08       		.byte	0x8
  61 0049 05       		.byte	0x5
  62 004a 00000000 		.4byte	.LASF5
  63 004e 02       		.uleb128 0x2
  64 004f 08       		.byte	0x8
  65 0050 07       		.byte	0x7
  66 0051 4C000000 		.4byte	.LASF6
  67 0055 02       		.uleb128 0x2
  68 0056 04       		.byte	0x4
  69 0057 05       		.byte	0x5
  70 0058 C8000000 		.4byte	.LASF7
  71 005c 02       		.uleb128 0x2
  72 005d 04       		.byte	0x4
  73 005e 07       		.byte	0x7
  74 005f FC000000 		.4byte	.LASF8
  75 0063 02       		.uleb128 0x2
  76 0064 04       		.byte	0x4
  77 0065 07       		.byte	0x7
  78 0066 3A000000 		.4byte	.LASF9
  79 006a 02       		.uleb128 0x2
  80 006b 01       		.byte	0x1
  81 006c 08       		.byte	0x8
  82 006d C3000000 		.4byte	.LASF10
  83 0071 04       		.uleb128 0x4
  84 0072 F4000000 		.4byte	.LASF14
  85 0076 01       		.byte	0x1
  86 0077 4F       		.byte	0x4f
  87 0078 55000000 		.4byte	0x55
  88 007c 05       		.uleb128 0x5
  89 007d 71000000 		.4byte	0x71
  90 0081 06       		.uleb128 0x6
  91 0082 D1000000 		.4byte	.LASF15
  92 0086 02       		.byte	0x2
  93 0087 9806     		.2byte	0x698
  94 0089 7C000000 		.4byte	0x7c
  95 008d 01       		.byte	0x1
  96 008e 01       		.byte	0x1
  97 008f 00       		.byte	0
  98              		.section	.debug_abbrev,"",%progbits
  99              	.Ldebug_abbrev0:
 100 0000 01       		.uleb128 0x1
 101 0001 11       		.uleb128 0x11
 102 0002 01       		.byte	0x1
 103 0003 25       		.uleb128 0x25
 104 0004 0E       		.uleb128 0xe
 105 0005 13       		.uleb128 0x13
 106 0006 0B       		.uleb128 0xb
 107 0007 03       		.uleb128 0x3
 108 0008 0E       		.uleb128 0xe
 109 0009 1B       		.uleb128 0x1b
 110 000a 0E       		.uleb128 0xe
 111 000b 10       		.uleb128 0x10
 112 000c 06       		.uleb128 0x6
 113 000d 00       		.byte	0
 114 000e 00       		.byte	0
ARM GAS  /tmp/cc66wKT6.s 			page 3


 115 000f 02       		.uleb128 0x2
 116 0010 24       		.uleb128 0x24
 117 0011 00       		.byte	0
 118 0012 0B       		.uleb128 0xb
 119 0013 0B       		.uleb128 0xb
 120 0014 3E       		.uleb128 0x3e
 121 0015 0B       		.uleb128 0xb
 122 0016 03       		.uleb128 0x3
 123 0017 0E       		.uleb128 0xe
 124 0018 00       		.byte	0
 125 0019 00       		.byte	0
 126 001a 03       		.uleb128 0x3
 127 001b 24       		.uleb128 0x24
 128 001c 00       		.byte	0
 129 001d 0B       		.uleb128 0xb
 130 001e 0B       		.uleb128 0xb
 131 001f 3E       		.uleb128 0x3e
 132 0020 0B       		.uleb128 0xb
 133 0021 03       		.uleb128 0x3
 134 0022 08       		.uleb128 0x8
 135 0023 00       		.byte	0
 136 0024 00       		.byte	0
 137 0025 04       		.uleb128 0x4
 138 0026 16       		.uleb128 0x16
 139 0027 00       		.byte	0
 140 0028 03       		.uleb128 0x3
 141 0029 0E       		.uleb128 0xe
 142 002a 3A       		.uleb128 0x3a
 143 002b 0B       		.uleb128 0xb
 144 002c 3B       		.uleb128 0x3b
 145 002d 0B       		.uleb128 0xb
 146 002e 49       		.uleb128 0x49
 147 002f 13       		.uleb128 0x13
 148 0030 00       		.byte	0
 149 0031 00       		.byte	0
 150 0032 05       		.uleb128 0x5
 151 0033 35       		.uleb128 0x35
 152 0034 00       		.byte	0
 153 0035 49       		.uleb128 0x49
 154 0036 13       		.uleb128 0x13
 155 0037 00       		.byte	0
 156 0038 00       		.byte	0
 157 0039 06       		.uleb128 0x6
 158 003a 34       		.uleb128 0x34
 159 003b 00       		.byte	0
 160 003c 03       		.uleb128 0x3
 161 003d 0E       		.uleb128 0xe
 162 003e 3A       		.uleb128 0x3a
 163 003f 0B       		.uleb128 0xb
 164 0040 3B       		.uleb128 0x3b
 165 0041 05       		.uleb128 0x5
 166 0042 49       		.uleb128 0x49
 167 0043 13       		.uleb128 0x13
 168 0044 3F       		.uleb128 0x3f
 169 0045 0C       		.uleb128 0xc
 170 0046 3C       		.uleb128 0x3c
 171 0047 0C       		.uleb128 0xc
ARM GAS  /tmp/cc66wKT6.s 			page 4


 172 0048 00       		.byte	0
 173 0049 00       		.byte	0
 174 004a 00       		.byte	0
 175              		.section	.debug_aranges,"",%progbits
 176 0000 14000000 		.4byte	0x14
 177 0004 0200     		.2byte	0x2
 178 0006 00000000 		.4byte	.Ldebug_info0
 179 000a 04       		.byte	0x4
 180 000b 00       		.byte	0
 181 000c 0000     		.2byte	0
 182 000e 0000     		.2byte	0
 183 0010 00000000 		.4byte	0
 184 0014 00000000 		.4byte	0
 185              		.section	.debug_line,"",%progbits
 186              	.Ldebug_line0:
 187 0000 D0000000 		.section	.debug_str,"MS",%progbits,1
 187      0200CA00 
 187      00000201 
 187      FB0E0D00 
 187      01010101 
 188              	.LASF5:
 189 0000 6C6F6E67 		.ascii	"long long int\000"
 189      206C6F6E 
 189      6720696E 
 189      7400
 190              	.LASF3:
 191 000e 73686F72 		.ascii	"short unsigned int\000"
 191      7420756E 
 191      7369676E 
 191      65642069 
 191      6E7400
 192              	.LASF4:
 193 0021 756E7369 		.ascii	"unsigned int\000"
 193      676E6564 
 193      20696E74 
 193      00
 194              	.LASF11:
 195 002e 474E5520 		.ascii	"GNU C 4.7.2\000"
 195      4320342E 
 195      372E3200 
 196              	.LASF9:
 197 003a 6C6F6E67 		.ascii	"long unsigned int\000"
 197      20756E73 
 197      69676E65 
 197      6420696E 
 197      7400
 198              	.LASF6:
 199 004c 6C6F6E67 		.ascii	"long long unsigned int\000"
 199      206C6F6E 
 199      6720756E 
 199      7369676E 
 199      65642069 
 200              	.LASF12:
 201 0063 2E2E2F2E 		.ascii	"../../ChibiOS/os/hal/src/mmc_spi.c\000"
 201      2E2F4368 
 201      6962694F 
 201      532F6F73 
ARM GAS  /tmp/cc66wKT6.s 			page 5


 201      2F68616C 
 202              	.LASF13:
 203 0086 2F686F6D 		.ascii	"/home/david/Projects/stm32/src/pressure_sensor\000"
 203      652F6461 
 203      7669642F 
 203      50726F6A 
 203      65637473 
 204              	.LASF1:
 205 00b5 756E7369 		.ascii	"unsigned char\000"
 205      676E6564 
 205      20636861 
 205      7200
 206              	.LASF10:
 207 00c3 63686172 		.ascii	"char\000"
 207      00
 208              	.LASF7:
 209 00c8 6C6F6E67 		.ascii	"long int\000"
 209      20696E74 
 209      00
 210              	.LASF15:
 211 00d1 49544D5F 		.ascii	"ITM_RxBuffer\000"
 211      52784275 
 211      66666572 
 211      00
 212              	.LASF0:
 213 00de 7369676E 		.ascii	"signed char\000"
 213      65642063 
 213      68617200 
 214              	.LASF2:
 215 00ea 73686F72 		.ascii	"short int\000"
 215      7420696E 
 215      7400
 216              	.LASF14:
 217 00f4 696E7433 		.ascii	"int32_t\000"
 217      325F7400 
 218              	.LASF8:
 219 00fc 73697A65 		.ascii	"sizetype\000"
 219      74797065 
 219      00
 220              		.ident	"GCC: (crosstool-NG 1.17.0 - PSAS ST32F4 GFE) 4.7.2"
ARM GAS  /tmp/cc66wKT6.s 			page 6


DEFINED SYMBOLS
                            *ABS*:0000000000000000 mmc_spi.c

NO UNDEFINED SYMBOLS
