ARM GAS  /tmp/ccqtOPZf.s 			page 1


   1              		.syntax unified
   2              		.cpu cortex-m4
   3              		.eabi_attribute 27, 3
   4              		.eabi_attribute 28, 1
   5              		.fpu fpv4-sp-d16
   6              		.eabi_attribute 20, 1
   7              		.eabi_attribute 21, 1
   8              		.eabi_attribute 23, 3
   9              		.eabi_attribute 24, 1
  10              		.eabi_attribute 25, 1
  11              		.eabi_attribute 26, 1
  12              		.eabi_attribute 30, 2
  13              		.eabi_attribute 34, 1
  14              		.eabi_attribute 18, 4
  15              		.thumb
  16              		.file	"pal_lld.c"
  17              		.text
  18              	.Ltext0:
  19              		.cfi_sections	.debug_frame
  20              		.section	.text._pal_lld_init,"ax",%progbits
  21              		.align	2
  22              		.p2align 4,,15
  23              		.global	_pal_lld_init
  24              		.thumb
  25              		.thumb_func
  26              		.type	_pal_lld_init, %function
  27              	_pal_lld_init:
  28              	.LFB119:
  29              		.file 1 "../../ChibiOS/os/hal/platforms/STM32/GPIOv2/pal_lld.c"
  30              		.loc 1 108 0
  31              		.cfi_startproc
  32              		@ args = 0, pretend = 0, frame = 0
  33              		@ frame_needed = 0, uses_anonymous_args = 0
  34              		@ link register save eliminated.
  35              	.LVL0:
  36              		.loc 1 121 0
  37 0000 4FF46053 		mov	r3, #14336
  38 0004 C4F20203 		movt	r3, 16386
  39 0008 1A6B     		ldr	r2, [r3, #48]
  40 000a 6FEA5222 		mvn	r2, r2, lsr #9
  41 000e 6FEA4222 		mvn	r2, r2, lsl #9
  42 0012 1A63     		str	r2, [r3, #48]
  43              		.loc 1 122 0
  44 0014 1A6D     		ldr	r2, [r3, #80]
  45 0016 6FEA5222 		mvn	r2, r2, lsr #9
  46 001a 6FEA4222 		mvn	r2, r2, lsl #9
  47 001e 1A65     		str	r2, [r3, #80]
  48              	.LVL1:
  49              	.LBB20:
  50              	.LBB21:
  51              		.loc 1 83 0
  52 0020 0023     		movs	r3, #0
  53 0022 4168     		ldr	r1, [r0, #4]
  54 0024 C4F20203 		movt	r3, 16386
  55              	.LBE21:
  56              	.LBE20:
  57              	.LBB23:
ARM GAS  /tmp/ccqtOPZf.s 			page 2


  58              	.LBB24:
  59 0028 4FF48062 		mov	r2, #1024
  60              	.LBE24:
  61              	.LBE23:
  62              	.LBB27:
  63              	.LBB22:
  64 002c 5960     		str	r1, [r3, #4]
  65              		.loc 1 84 0
  66 002e 8168     		ldr	r1, [r0, #8]
  67 0030 9960     		str	r1, [r3, #8]
  68              		.loc 1 85 0
  69 0032 C168     		ldr	r1, [r0, #12]
  70 0034 D960     		str	r1, [r3, #12]
  71              		.loc 1 86 0
  72 0036 0169     		ldr	r1, [r0, #16]
  73 0038 5961     		str	r1, [r3, #20]
  74              		.loc 1 87 0
  75 003a 4169     		ldr	r1, [r0, #20]
  76 003c 1962     		str	r1, [r3, #32]
  77              		.loc 1 88 0
  78 003e 8169     		ldr	r1, [r0, #24]
  79 0040 5962     		str	r1, [r3, #36]
  80              		.loc 1 89 0
  81 0042 0168     		ldr	r1, [r0, #0]
  82 0044 1960     		str	r1, [r3, #0]
  83              	.LVL2:
  84              	.LBE22:
  85              	.LBE27:
  86              	.LBB28:
  87              	.LBB25:
  88              		.loc 1 83 0
  89 0046 016A     		ldr	r1, [r0, #32]
  90 0048 C4F20202 		movt	r2, 16386
  91              	.LBE25:
  92              	.LBE28:
  93              	.LBB29:
  94              	.LBB30:
  95 004c 4FF40063 		mov	r3, #2048
  96              	.LBE30:
  97              	.LBE29:
  98              	.LBB33:
  99              	.LBB26:
 100 0050 5160     		str	r1, [r2, #4]
 101              		.loc 1 84 0
 102 0052 416A     		ldr	r1, [r0, #36]
 103 0054 9160     		str	r1, [r2, #8]
 104              		.loc 1 85 0
 105 0056 816A     		ldr	r1, [r0, #40]
 106 0058 D160     		str	r1, [r2, #12]
 107              		.loc 1 86 0
 108 005a C16A     		ldr	r1, [r0, #44]
 109 005c 5161     		str	r1, [r2, #20]
 110              		.loc 1 87 0
 111 005e 016B     		ldr	r1, [r0, #48]
 112 0060 1162     		str	r1, [r2, #32]
 113              		.loc 1 88 0
 114 0062 416B     		ldr	r1, [r0, #52]
ARM GAS  /tmp/ccqtOPZf.s 			page 3


 115 0064 5162     		str	r1, [r2, #36]
 116              		.loc 1 89 0
 117 0066 C169     		ldr	r1, [r0, #28]
 118 0068 1160     		str	r1, [r2, #0]
 119              	.LVL3:
 120              	.LBE26:
 121              	.LBE33:
 122              	.LBB34:
 123              	.LBB31:
 124              		.loc 1 83 0
 125 006a C4F20203 		movt	r3, 16386
 126 006e C26B     		ldr	r2, [r0, #60]
 127 0070 5A60     		str	r2, [r3, #4]
 128              		.loc 1 84 0
 129 0072 026C     		ldr	r2, [r0, #64]
 130 0074 9A60     		str	r2, [r3, #8]
 131              		.loc 1 85 0
 132 0076 426C     		ldr	r2, [r0, #68]
 133 0078 DA60     		str	r2, [r3, #12]
 134              		.loc 1 86 0
 135 007a 826C     		ldr	r2, [r0, #72]
 136 007c 5A61     		str	r2, [r3, #20]
 137              		.loc 1 87 0
 138 007e C26C     		ldr	r2, [r0, #76]
 139 0080 1A62     		str	r2, [r3, #32]
 140              		.loc 1 88 0
 141 0082 026D     		ldr	r2, [r0, #80]
 142 0084 5A62     		str	r2, [r3, #36]
 143              		.loc 1 89 0
 144 0086 816B     		ldr	r1, [r0, #56]
 145              	.LBE31:
 146              	.LBE34:
 147              	.LBB35:
 148              	.LBB36:
 149              		.loc 1 83 0
 150 0088 4FF44062 		mov	r2, #3072
 151              	.LBE36:
 152              	.LBE35:
 153              	.LBB39:
 154              	.LBB32:
 155              		.loc 1 89 0
 156 008c 1960     		str	r1, [r3, #0]
 157              	.LVL4:
 158              	.LBE32:
 159              	.LBE39:
 160              	.LBB40:
 161              	.LBB37:
 162              		.loc 1 83 0
 163 008e 816D     		ldr	r1, [r0, #88]
 164 0090 C4F20202 		movt	r2, 16386
 165              	.LBE37:
 166              	.LBE40:
 167              	.LBB41:
 168              	.LBB42:
 169 0094 4FF48053 		mov	r3, #4096
 170              	.LBE42:
 171              	.LBE41:
ARM GAS  /tmp/ccqtOPZf.s 			page 4


 172              	.LBB45:
 173              	.LBB38:
 174 0098 5160     		str	r1, [r2, #4]
 175              		.loc 1 84 0
 176 009a C16D     		ldr	r1, [r0, #92]
 177 009c 9160     		str	r1, [r2, #8]
 178              		.loc 1 85 0
 179 009e 016E     		ldr	r1, [r0, #96]
 180 00a0 D160     		str	r1, [r2, #12]
 181              		.loc 1 86 0
 182 00a2 416E     		ldr	r1, [r0, #100]
 183 00a4 5161     		str	r1, [r2, #20]
 184              		.loc 1 87 0
 185 00a6 816E     		ldr	r1, [r0, #104]
 186 00a8 1162     		str	r1, [r2, #32]
 187              		.loc 1 88 0
 188 00aa C16E     		ldr	r1, [r0, #108]
 189 00ac 5162     		str	r1, [r2, #36]
 190              		.loc 1 89 0
 191 00ae 416D     		ldr	r1, [r0, #84]
 192 00b0 1160     		str	r1, [r2, #0]
 193              	.LVL5:
 194              	.LBE38:
 195              	.LBE45:
 196              	.LBB46:
 197              	.LBB43:
 198              		.loc 1 83 0
 199 00b2 C4F20203 		movt	r3, 16386
 200 00b6 426F     		ldr	r2, [r0, #116]
 201 00b8 5A60     		str	r2, [r3, #4]
 202              		.loc 1 84 0
 203 00ba 826F     		ldr	r2, [r0, #120]
 204 00bc 9A60     		str	r2, [r3, #8]
 205              		.loc 1 85 0
 206 00be C26F     		ldr	r2, [r0, #124]
 207 00c0 DA60     		str	r2, [r3, #12]
 208              		.loc 1 86 0
 209 00c2 D0F88020 		ldr	r2, [r0, #128]
 210 00c6 5A61     		str	r2, [r3, #20]
 211              		.loc 1 87 0
 212 00c8 D0F88420 		ldr	r2, [r0, #132]
 213 00cc 1A62     		str	r2, [r3, #32]
 214              		.loc 1 88 0
 215 00ce D0F88820 		ldr	r2, [r0, #136]
 216 00d2 5A62     		str	r2, [r3, #36]
 217              		.loc 1 89 0
 218 00d4 016F     		ldr	r1, [r0, #112]
 219              	.LBE43:
 220              	.LBE46:
 221              	.LBB47:
 222              	.LBB48:
 223              		.loc 1 83 0
 224 00d6 4FF4A052 		mov	r2, #5120
 225              	.LBE48:
 226              	.LBE47:
 227              	.LBB51:
 228              	.LBB44:
ARM GAS  /tmp/ccqtOPZf.s 			page 5


 229              		.loc 1 89 0
 230 00da 1960     		str	r1, [r3, #0]
 231              	.LVL6:
 232              	.LBE44:
 233              	.LBE51:
 234              	.LBB52:
 235              	.LBB49:
 236              		.loc 1 83 0
 237 00dc D0F89010 		ldr	r1, [r0, #144]
 238 00e0 C4F20202 		movt	r2, 16386
 239              	.LBE49:
 240              	.LBE52:
 241              	.LBB53:
 242              	.LBB54:
 243 00e4 4FF4C053 		mov	r3, #6144
 244              	.LBE54:
 245              	.LBE53:
 246              	.LBB58:
 247              	.LBB50:
 248 00e8 5160     		str	r1, [r2, #4]
 249              		.loc 1 84 0
 250 00ea D0F89410 		ldr	r1, [r0, #148]
 251 00ee 9160     		str	r1, [r2, #8]
 252              		.loc 1 85 0
 253 00f0 D0F89810 		ldr	r1, [r0, #152]
 254 00f4 D160     		str	r1, [r2, #12]
 255              		.loc 1 86 0
 256 00f6 D0F89C10 		ldr	r1, [r0, #156]
 257 00fa 5161     		str	r1, [r2, #20]
 258              		.loc 1 87 0
 259 00fc D0F8A010 		ldr	r1, [r0, #160]
 260 0100 1162     		str	r1, [r2, #32]
 261              		.loc 1 88 0
 262 0102 D0F8A410 		ldr	r1, [r0, #164]
 263 0106 5162     		str	r1, [r2, #36]
 264              		.loc 1 89 0
 265 0108 D0F88C10 		ldr	r1, [r0, #140]
 266 010c 1160     		str	r1, [r2, #0]
 267              	.LVL7:
 268              	.LBE50:
 269              	.LBE58:
 270              	.LBB59:
 271              	.LBB55:
 272              		.loc 1 83 0
 273 010e D0F8AC10 		ldr	r1, [r0, #172]
 274 0112 C4F20203 		movt	r3, 16386
 275              	.LBE55:
 276              	.LBE59:
 277              	.LBB60:
 278              	.LBB61:
 279 0116 4FF4E052 		mov	r2, #7168
 280              	.LBE61:
 281              	.LBE60:
 282              	.LBB65:
 283              	.LBB56:
 284 011a 5960     		str	r1, [r3, #4]
 285              		.loc 1 84 0
ARM GAS  /tmp/ccqtOPZf.s 			page 6


 286 011c D0F8B010 		ldr	r1, [r0, #176]
 287 0120 9960     		str	r1, [r3, #8]
 288              		.loc 1 85 0
 289 0122 D0F8B410 		ldr	r1, [r0, #180]
 290 0126 D960     		str	r1, [r3, #12]
 291              		.loc 1 86 0
 292 0128 D0F8B810 		ldr	r1, [r0, #184]
 293 012c 5961     		str	r1, [r3, #20]
 294              		.loc 1 87 0
 295 012e D0F8BC10 		ldr	r1, [r0, #188]
 296 0132 1962     		str	r1, [r3, #32]
 297              		.loc 1 88 0
 298 0134 D0F8C010 		ldr	r1, [r0, #192]
 299 0138 5962     		str	r1, [r3, #36]
 300              		.loc 1 89 0
 301 013a D0F8A810 		ldr	r1, [r0, #168]
 302              	.LBE56:
 303              	.LBE65:
 304              	.LBB66:
 305              	.LBB62:
 306              		.loc 1 83 0
 307 013e C4F20202 		movt	r2, 16386
 308              	.LBE62:
 309              	.LBE66:
 310              	.LBB67:
 311              	.LBB57:
 312              		.loc 1 89 0
 313 0142 1960     		str	r1, [r3, #0]
 314              	.LVL8:
 315              	.LBE57:
 316              	.LBE67:
 317              	.LBB68:
 318              	.LBB63:
 319              		.loc 1 83 0
 320 0144 D0F8C830 		ldr	r3, [r0, #200]
 321 0148 5360     		str	r3, [r2, #4]
 322              		.loc 1 84 0
 323 014a D0F8CC30 		ldr	r3, [r0, #204]
 324 014e 9360     		str	r3, [r2, #8]
 325              		.loc 1 85 0
 326 0150 D0F8D030 		ldr	r3, [r0, #208]
 327 0154 D360     		str	r3, [r2, #12]
 328              		.loc 1 86 0
 329 0156 D0F8D430 		ldr	r3, [r0, #212]
 330 015a 5361     		str	r3, [r2, #20]
 331              		.loc 1 87 0
 332 015c D0F8D830 		ldr	r3, [r0, #216]
 333 0160 1362     		str	r3, [r2, #32]
 334              		.loc 1 88 0
 335 0162 D0F8DC30 		ldr	r3, [r0, #220]
 336 0166 5362     		str	r3, [r2, #36]
 337              		.loc 1 89 0
 338 0168 D0F8C410 		ldr	r1, [r0, #196]
 339              	.LBE63:
 340              	.LBE68:
 341              	.LBB69:
 342              	.LBB70:
ARM GAS  /tmp/ccqtOPZf.s 			page 7


 343              		.loc 1 83 0
 344 016c 4FF40053 		mov	r3, #8192
 345              	.LBE70:
 346              	.LBE69:
 347              	.LBB72:
 348              	.LBB64:
 349              		.loc 1 89 0
 350 0170 1160     		str	r1, [r2, #0]
 351              	.LVL9:
 352              	.LBE64:
 353              	.LBE72:
 354              	.LBB73:
 355              	.LBB71:
 356              		.loc 1 83 0
 357 0172 D0F8E420 		ldr	r2, [r0, #228]
 358 0176 C4F20203 		movt	r3, 16386
 359 017a 5A60     		str	r2, [r3, #4]
 360              		.loc 1 84 0
 361 017c D0F8E820 		ldr	r2, [r0, #232]
 362 0180 9A60     		str	r2, [r3, #8]
 363              		.loc 1 85 0
 364 0182 D0F8EC20 		ldr	r2, [r0, #236]
 365 0186 DA60     		str	r2, [r3, #12]
 366              		.loc 1 86 0
 367 0188 D0F8F020 		ldr	r2, [r0, #240]
 368 018c 5A61     		str	r2, [r3, #20]
 369              		.loc 1 87 0
 370 018e D0F8F420 		ldr	r2, [r0, #244]
 371 0192 1A62     		str	r2, [r3, #32]
 372              		.loc 1 88 0
 373 0194 D0F8F820 		ldr	r2, [r0, #248]
 374 0198 5A62     		str	r2, [r3, #36]
 375              		.loc 1 89 0
 376 019a D0F8E020 		ldr	r2, [r0, #224]
 377 019e 1A60     		str	r2, [r3, #0]
 378 01a0 7047     		bx	lr
 379              	.LBE71:
 380              	.LBE73:
 381              		.cfi_endproc
 382              	.LFE119:
 383              		.size	_pal_lld_init, .-_pal_lld_init
 384 01a2 00BFAFF3 		.section	.text._pal_lld_setgroupmode,"ax",%progbits
 384      0080AFF3 
 384      0080AFF3 
 384      0080
 385              		.align	2
 386              		.p2align 4,,15
 387              		.global	_pal_lld_setgroupmode
 388              		.thumb
 389              		.thumb_func
 390              		.type	_pal_lld_setgroupmode, %function
 391              	_pal_lld_setgroupmode:
 392              	.LFB120:
 393              		.loc 1 165 0
 394              		.cfi_startproc
 395              		@ args = 0, pretend = 0, frame = 0
 396              		@ frame_needed = 0, uses_anonymous_args = 0
ARM GAS  /tmp/ccqtOPZf.s 			page 8


 397              		@ link register save eliminated.
 398              	.LVL10:
 399 0000 2DE9F00F 		push	{r4, r5, r6, r7, r8, r9, sl, fp}
 400              	.LCFI0:
 401              		.cfi_def_cfa_offset 32
 402              		.cfi_offset 4, -32
 403              		.cfi_offset 5, -28
 404              		.cfi_offset 6, -24
 405              		.cfi_offset 7, -20
 406              		.cfi_offset 8, -16
 407              		.cfi_offset 9, -12
 408              		.cfi_offset 10, -8
 409              		.cfi_offset 11, -4
 410              		.loc 1 172 0
 411 0004 0023     		movs	r3, #0
 412              		.loc 1 167 0
 413 0006 02F00307 		and	r7, r2, #3
 414              	.LVL11:
 415              		.loc 1 168 0
 416 000a C2F38006 		ubfx	r6, r2, #2, #1
 417              	.LVL12:
 418              		.loc 1 169 0
 419 000e C2F3C105 		ubfx	r5, r2, #3, #2
 420              	.LVL13:
 421              		.loc 1 170 0
 422 0012 C2F34114 		ubfx	r4, r2, #5, #2
 423              	.LVL14:
 424              	.LBB74:
 425              		.loc 1 178 0
 426 0016 4FF00F09 		mov	r9, #15
 427              	.LBE74:
 428              		.loc 1 171 0
 429 001a C2F3C312 		ubfx	r2, r2, #7, #4
 430              	.LVL15:
 431              	.LBB75:
 432              		.loc 1 183 0
 433 001e 4FF0010A 		mov	sl, #1
 434 0022 04E0     		b	.L7
 435              	.LVL16:
 436              	.L12:
 437              	.LBE75:
 438              		.loc 1 193 0
 439 0024 7600     		lsls	r6, r6, #1
 440              	.LVL17:
 441              		.loc 1 194 0
 442 0026 AD00     		lsls	r5, r5, #2
 443              	.LVL18:
 444              		.loc 1 195 0
 445 0028 A400     		lsls	r4, r4, #2
 446              	.LVL19:
 447              		.loc 1 196 0
 448 002a BF00     		lsls	r7, r7, #2
 449              	.LVL20:
 450              		.loc 1 197 0
 451 002c 0133     		adds	r3, r3, #1
 452              	.LVL21:
 453              	.L7:
ARM GAS  /tmp/ccqtOPZf.s 			page 9


 454              	.LBB76:
 455              		.loc 1 177 0
 456 002e 03F0070C 		and	ip, r3, #7
 457 0032 4FEA8C0C 		lsl	ip, ip, #2
 458              	.LBE76:
 459              		.loc 1 174 0
 460 0036 11F0010F 		tst	r1, #1
 461              	.LBB77:
 462              		.loc 1 177 0
 463 003a 02FA0CF8 		lsl	r8, r2, ip
 464              	.LVL22:
 465              		.loc 1 178 0
 466 003e 09FA0CFC 		lsl	ip, r9, ip
 467              	.LVL23:
 468              	.LBE77:
 469              		.loc 1 174 0
 470 0042 3CD0     		beq	.L3
 471              	.LVL24:
 472              	.LBB78:
 473              		.loc 1 179 0
 474 0044 072B     		cmp	r3, #7
 475              		.loc 1 180 0
 476 0046 95BF     		itete	ls
 477 0048 D0F820B0 		ldrls	fp, [r0, #32]
 478              		.loc 1 182 0
 479 004c D0F824B0 		ldrhi	fp, [r0, #36]
 480              		.loc 1 180 0
 481 0050 2BEA0C0C 		bicls	ip, fp, ip
 482              	.LVL25:
 483              		.loc 1 182 0
 484 0054 2BEA0C0C 		bichi	ip, fp, ip
 485              		.loc 1 180 0
 486 0058 95BF     		itete	ls
 487 005a 4CEA0808 		orrls	r8, ip, r8
 488              	.LVL26:
 489              		.loc 1 182 0
 490 005e 4CEA0808 		orrhi	r8, ip, r8
 491              		.loc 1 180 0
 492 0062 C0F82080 		strls	r8, [r0, #32]
 493              		.loc 1 182 0
 494 0066 C0F82480 		strhi	r8, [r0, #36]
 495              		.loc 1 184 0
 496 006a D0F804C0 		ldr	ip, [r0, #4]
 497              		.loc 1 183 0
 498 006e 0AFA03F8 		lsl	r8, sl, r3
 499              		.loc 1 184 0
 500 0072 2CEA080C 		bic	ip, ip, r8
 501 0076 4CEA060C 		orr	ip, ip, r6
 502 007a C0F804C0 		str	ip, [r0, #4]
 503              	.LVL27:
 504              		.loc 1 185 0
 505 007e 4FF0030B 		mov	fp, #3
 506              		.loc 1 163 0
 507 0082 4FEA430C 		lsl	ip, r3, #1
 508              		.loc 1 186 0
 509 0086 D0F80880 		ldr	r8, [r0, #8]
 510              		.loc 1 185 0
ARM GAS  /tmp/ccqtOPZf.s 			page 10


 511 008a 0BFA0CFC 		lsl	ip, fp, ip
 512              	.LVL28:
 513              		.loc 1 186 0
 514 008e 6FEA0C0C 		mvn	ip, ip
 515              	.LVL29:
 516 0092 0CEA0808 		and	r8, ip, r8
 517 0096 48EA0508 		orr	r8, r8, r5
 518 009a C0F80880 		str	r8, [r0, #8]
 519              		.loc 1 187 0
 520 009e D0F80C80 		ldr	r8, [r0, #12]
 521 00a2 0CEA0808 		and	r8, ip, r8
 522 00a6 48EA0408 		orr	r8, r8, r4
 523 00aa C0F80C80 		str	r8, [r0, #12]
 524              		.loc 1 188 0
 525 00ae D0F80080 		ldr	r8, [r0, #0]
 526 00b2 0CEA080C 		and	ip, ip, r8
 527              	.LVL30:
 528 00b6 4CEA070C 		orr	ip, ip, r7
 529 00ba C0F800C0 		str	ip, [r0, #0]
 530              	.LVL31:
 531              	.L3:
 532              	.LBE78:
 533              		.loc 1 191 0
 534 00be 4908     		lsrs	r1, r1, #1
 535              	.LVL32:
 536 00c0 B0D1     		bne	.L12
 537              		.loc 1 199 0
 538 00c2 BDE8F00F 		pop	{r4, r5, r6, r7, r8, r9, sl, fp}
 539 00c6 7047     		bx	lr
 540              		.cfi_endproc
 541              	.LFE120:
 542              		.size	_pal_lld_setgroupmode, .-_pal_lld_setgroupmode
 543 00c8 AFF30080 		.text
 543      AFF30080 
 544              	.Letext0:
 545              		.file 2 "/home/david/toolchains/arm-psas-eabi/bin/../lib/gcc/arm-psas-eabi/4.7.2/../../../../arm-p
 546              		.file 3 "../../ChibiOS/os/hal/platforms/STM32F4xx/stm32f4xx.h"
 547              		.file 4 "../../ChibiOS/os/hal/platforms/STM32/GPIOv2/pal_lld.h"
 548              		.file 5 "../../ChibiOS/os/ports/common/ARMCMx/CMSIS/include/core_cm4.h"
 549              		.section	.debug_info,"",%progbits
 550              	.Ldebug_info0:
 551 0000 40070000 		.4byte	0x740
 552 0004 0200     		.2byte	0x2
 553 0006 00000000 		.4byte	.Ldebug_abbrev0
 554 000a 04       		.byte	0x4
 555 000b 01       		.uleb128 0x1
 556 000c DC010000 		.4byte	.LASF81
 557 0010 01       		.byte	0x1
 558 0011 1C030000 		.4byte	.LASF82
 559 0015 A6000000 		.4byte	.LASF83
 560 0019 50010000 		.4byte	.Ldebug_ranges0+0x150
 561 001d 00000000 		.4byte	0
 562 0021 00000000 		.4byte	0
 563 0025 00000000 		.4byte	.Ldebug_line0
 564 0029 02       		.uleb128 0x2
 565 002a 04       		.byte	0x4
 566 002b 05       		.byte	0x5
ARM GAS  /tmp/ccqtOPZf.s 			page 11


 567 002c 696E7400 		.ascii	"int\000"
 568 0030 03       		.uleb128 0x3
 569 0031 04       		.byte	0x4
 570 0032 07       		.byte	0x7
 571 0033 05030000 		.4byte	.LASF0
 572 0037 03       		.uleb128 0x3
 573 0038 01       		.byte	0x1
 574 0039 06       		.byte	0x6
 575 003a 97010000 		.4byte	.LASF1
 576 003e 03       		.uleb128 0x3
 577 003f 01       		.byte	0x1
 578 0040 08       		.byte	0x8
 579 0041 81010000 		.4byte	.LASF2
 580 0045 03       		.uleb128 0x3
 581 0046 02       		.byte	0x2
 582 0047 05       		.byte	0x5
 583 0048 60000000 		.4byte	.LASF3
 584 004c 04       		.uleb128 0x4
 585 004d D3010000 		.4byte	.LASF5
 586 0051 02       		.byte	0x2
 587 0052 36       		.byte	0x36
 588 0053 57000000 		.4byte	0x57
 589 0057 03       		.uleb128 0x3
 590 0058 02       		.byte	0x2
 591 0059 07       		.byte	0x7
 592 005a 0C020000 		.4byte	.LASF4
 593 005e 04       		.uleb128 0x4
 594 005f 2E020000 		.4byte	.LASF6
 595 0063 02       		.byte	0x2
 596 0064 4F       		.byte	0x4f
 597 0065 69000000 		.4byte	0x69
 598 0069 03       		.uleb128 0x3
 599 006a 04       		.byte	0x4
 600 006b 05       		.byte	0x5
 601 006c 37010000 		.4byte	.LASF7
 602 0070 04       		.uleb128 0x4
 603 0071 BA010000 		.4byte	.LASF8
 604 0075 02       		.byte	0x2
 605 0076 50       		.byte	0x50
 606 0077 7B000000 		.4byte	0x7b
 607 007b 03       		.uleb128 0x3
 608 007c 04       		.byte	0x4
 609 007d 07       		.byte	0x7
 610 007e E8010000 		.4byte	.LASF9
 611 0082 03       		.uleb128 0x3
 612 0083 08       		.byte	0x8
 613 0084 05       		.byte	0x5
 614 0085 1B010000 		.4byte	.LASF10
 615 0089 03       		.uleb128 0x3
 616 008a 08       		.byte	0x8
 617 008b 07       		.byte	0x7
 618 008c A3010000 		.4byte	.LASF11
 619 0090 05       		.uleb128 0x5
 620 0091 70000000 		.4byte	0x70
 621 0095 03       		.uleb128 0x3
 622 0096 04       		.byte	0x4
 623 0097 07       		.byte	0x7
ARM GAS  /tmp/ccqtOPZf.s 			page 12


 624 0098 73000000 		.4byte	.LASF12
 625 009c 03       		.uleb128 0x3
 626 009d 01       		.byte	0x1
 627 009e 08       		.byte	0x8
 628 009f 29020000 		.4byte	.LASF13
 629 00a3 06       		.uleb128 0x6
 630 00a4 70000000 		.4byte	0x70
 631 00a8 B3000000 		.4byte	0xb3
 632 00ac 07       		.uleb128 0x7
 633 00ad 95000000 		.4byte	0x95
 634 00b1 01       		.byte	0x1
 635 00b2 00       		.byte	0
 636 00b3 05       		.uleb128 0x5
 637 00b4 5E000000 		.4byte	0x5e
 638 00b8 08       		.uleb128 0x8
 639 00b9 88       		.byte	0x88
 640 00ba 03       		.byte	0x3
 641 00bb DB02     		.2byte	0x2db
 642 00bd 85020000 		.4byte	0x285
 643 00c1 09       		.uleb128 0x9
 644 00c2 435200   		.ascii	"CR\000"
 645 00c5 03       		.byte	0x3
 646 00c6 DD02     		.2byte	0x2dd
 647 00c8 90000000 		.4byte	0x90
 648 00cc 02       		.byte	0x2
 649 00cd 23       		.byte	0x23
 650 00ce 00       		.uleb128 0
 651 00cf 0A       		.uleb128 0xa
 652 00d0 FF010000 		.4byte	.LASF14
 653 00d4 03       		.byte	0x3
 654 00d5 DE02     		.2byte	0x2de
 655 00d7 90000000 		.4byte	0x90
 656 00db 02       		.byte	0x2
 657 00dc 23       		.byte	0x23
 658 00dd 04       		.uleb128 0x4
 659 00de 0A       		.uleb128 0xa
 660 00df 12030000 		.4byte	.LASF15
 661 00e3 03       		.byte	0x3
 662 00e4 DF02     		.2byte	0x2df
 663 00e6 90000000 		.4byte	0x90
 664 00ea 02       		.byte	0x2
 665 00eb 23       		.byte	0x23
 666 00ec 08       		.uleb128 0x8
 667 00ed 09       		.uleb128 0x9
 668 00ee 43495200 		.ascii	"CIR\000"
 669 00f2 03       		.byte	0x3
 670 00f3 E002     		.2byte	0x2e0
 671 00f5 90000000 		.4byte	0x90
 672 00f9 02       		.byte	0x2
 673 00fa 23       		.byte	0x23
 674 00fb 0C       		.uleb128 0xc
 675 00fc 0A       		.uleb128 0xa
 676 00fd CB020000 		.4byte	.LASF16
 677 0101 03       		.byte	0x3
 678 0102 E102     		.2byte	0x2e1
 679 0104 90000000 		.4byte	0x90
 680 0108 02       		.byte	0x2
ARM GAS  /tmp/ccqtOPZf.s 			page 13


 681 0109 23       		.byte	0x23
 682 010a 10       		.uleb128 0x10
 683 010b 0A       		.uleb128 0xa
 684 010c CA010000 		.4byte	.LASF17
 685 0110 03       		.byte	0x3
 686 0111 E202     		.2byte	0x2e2
 687 0113 90000000 		.4byte	0x90
 688 0117 02       		.byte	0x2
 689 0118 23       		.byte	0x23
 690 0119 14       		.uleb128 0x14
 691 011a 0A       		.uleb128 0xa
 692 011b E1020000 		.4byte	.LASF18
 693 011f 03       		.byte	0x3
 694 0120 E302     		.2byte	0x2e3
 695 0122 90000000 		.4byte	0x90
 696 0126 02       		.byte	0x2
 697 0127 23       		.byte	0x23
 698 0128 18       		.uleb128 0x18
 699 0129 0A       		.uleb128 0xa
 700 012a 5B020000 		.4byte	.LASF19
 701 012e 03       		.byte	0x3
 702 012f E402     		.2byte	0x2e4
 703 0131 70000000 		.4byte	0x70
 704 0135 02       		.byte	0x2
 705 0136 23       		.byte	0x23
 706 0137 1C       		.uleb128 0x1c
 707 0138 0A       		.uleb128 0xa
 708 0139 27000000 		.4byte	.LASF20
 709 013d 03       		.byte	0x3
 710 013e E502     		.2byte	0x2e5
 711 0140 90000000 		.4byte	0x90
 712 0144 02       		.byte	0x2
 713 0145 23       		.byte	0x23
 714 0146 20       		.uleb128 0x20
 715 0147 0A       		.uleb128 0xa
 716 0148 59010000 		.4byte	.LASF21
 717 014c 03       		.byte	0x3
 718 014d E602     		.2byte	0x2e6
 719 014f 90000000 		.4byte	0x90
 720 0153 02       		.byte	0x2
 721 0154 23       		.byte	0x23
 722 0155 24       		.uleb128 0x24
 723 0156 0A       		.uleb128 0xa
 724 0157 65020000 		.4byte	.LASF22
 725 015b 03       		.byte	0x3
 726 015c E702     		.2byte	0x2e7
 727 015e A3000000 		.4byte	0xa3
 728 0162 02       		.byte	0x2
 729 0163 23       		.byte	0x23
 730 0164 28       		.uleb128 0x28
 731 0165 0A       		.uleb128 0xa
 732 0166 A8020000 		.4byte	.LASF23
 733 016a 03       		.byte	0x3
 734 016b E802     		.2byte	0x2e8
 735 016d 90000000 		.4byte	0x90
 736 0171 02       		.byte	0x2
 737 0172 23       		.byte	0x23
ARM GAS  /tmp/ccqtOPZf.s 			page 14


 738 0173 30       		.uleb128 0x30
 739 0174 0A       		.uleb128 0xa
 740 0175 30000000 		.4byte	.LASF24
 741 0179 03       		.byte	0x3
 742 017a E902     		.2byte	0x2e9
 743 017c 90000000 		.4byte	0x90
 744 0180 02       		.byte	0x2
 745 0181 23       		.byte	0x23
 746 0182 34       		.uleb128 0x34
 747 0183 0A       		.uleb128 0xa
 748 0184 0B010000 		.4byte	.LASF25
 749 0188 03       		.byte	0x3
 750 0189 EA02     		.2byte	0x2ea
 751 018b 90000000 		.4byte	0x90
 752 018f 02       		.byte	0x2
 753 0190 23       		.byte	0x23
 754 0191 38       		.uleb128 0x38
 755 0192 0A       		.uleb128 0xa
 756 0193 6F020000 		.4byte	.LASF26
 757 0197 03       		.byte	0x3
 758 0198 EB02     		.2byte	0x2eb
 759 019a 70000000 		.4byte	0x70
 760 019e 02       		.byte	0x2
 761 019f 23       		.byte	0x23
 762 01a0 3C       		.uleb128 0x3c
 763 01a1 0A       		.uleb128 0xa
 764 01a2 EF000000 		.4byte	.LASF27
 765 01a6 03       		.byte	0x3
 766 01a7 EC02     		.2byte	0x2ec
 767 01a9 90000000 		.4byte	0x90
 768 01ad 02       		.byte	0x2
 769 01ae 23       		.byte	0x23
 770 01af 40       		.uleb128 0x40
 771 01b0 0A       		.uleb128 0xa
 772 01b1 8F010000 		.4byte	.LASF28
 773 01b5 03       		.byte	0x3
 774 01b6 ED02     		.2byte	0x2ed
 775 01b8 90000000 		.4byte	0x90
 776 01bc 02       		.byte	0x2
 777 01bd 23       		.byte	0x23
 778 01be 44       		.uleb128 0x44
 779 01bf 0A       		.uleb128 0xa
 780 01c0 79020000 		.4byte	.LASF29
 781 01c4 03       		.byte	0x3
 782 01c5 EE02     		.2byte	0x2ee
 783 01c7 A3000000 		.4byte	0xa3
 784 01cb 02       		.byte	0x2
 785 01cc 23       		.byte	0x23
 786 01cd 48       		.uleb128 0x48
 787 01ce 0A       		.uleb128 0xa
 788 01cf 00000000 		.4byte	.LASF30
 789 01d3 03       		.byte	0x3
 790 01d4 EF02     		.2byte	0x2ef
 791 01d6 90000000 		.4byte	0x90
 792 01da 02       		.byte	0x2
 793 01db 23       		.byte	0x23
 794 01dc 50       		.uleb128 0x50
ARM GAS  /tmp/ccqtOPZf.s 			page 15


 795 01dd 0A       		.uleb128 0xa
 796 01de 45020000 		.4byte	.LASF31
 797 01e2 03       		.byte	0x3
 798 01e3 F002     		.2byte	0x2f0
 799 01e5 90000000 		.4byte	0x90
 800 01e9 02       		.byte	0x2
 801 01ea 23       		.byte	0x23
 802 01eb 54       		.uleb128 0x54
 803 01ec 0A       		.uleb128 0xa
 804 01ed E5000000 		.4byte	.LASF32
 805 01f1 03       		.byte	0x3
 806 01f2 F102     		.2byte	0x2f1
 807 01f4 90000000 		.4byte	0x90
 808 01f8 02       		.byte	0x2
 809 01f9 23       		.byte	0x23
 810 01fa 58       		.uleb128 0x58
 811 01fb 0A       		.uleb128 0xa
 812 01fc 83020000 		.4byte	.LASF33
 813 0200 03       		.byte	0x3
 814 0201 F202     		.2byte	0x2f2
 815 0203 70000000 		.4byte	0x70
 816 0207 02       		.byte	0x2
 817 0208 23       		.byte	0x23
 818 0209 5C       		.uleb128 0x5c
 819 020a 0A       		.uleb128 0xa
 820 020b 1F020000 		.4byte	.LASF34
 821 020f 03       		.byte	0x3
 822 0210 F302     		.2byte	0x2f3
 823 0212 90000000 		.4byte	0x90
 824 0216 02       		.byte	0x2
 825 0217 23       		.byte	0x23
 826 0218 60       		.uleb128 0x60
 827 0219 0A       		.uleb128 0xa
 828 021a 52030000 		.4byte	.LASF35
 829 021e 03       		.byte	0x3
 830 021f F402     		.2byte	0x2f4
 831 0221 90000000 		.4byte	0x90
 832 0225 02       		.byte	0x2
 833 0226 23       		.byte	0x23
 834 0227 64       		.uleb128 0x64
 835 0228 0A       		.uleb128 0xa
 836 0229 8D020000 		.4byte	.LASF36
 837 022d 03       		.byte	0x3
 838 022e F502     		.2byte	0x2f5
 839 0230 A3000000 		.4byte	0xa3
 840 0234 02       		.byte	0x2
 841 0235 23       		.byte	0x23
 842 0236 68       		.uleb128 0x68
 843 0237 0A       		.uleb128 0xa
 844 0238 7C000000 		.4byte	.LASF37
 845 023c 03       		.byte	0x3
 846 023d F602     		.2byte	0x2f6
 847 023f 90000000 		.4byte	0x90
 848 0243 02       		.byte	0x2
 849 0244 23       		.byte	0x23
 850 0245 70       		.uleb128 0x70
 851 0246 09       		.uleb128 0x9
ARM GAS  /tmp/ccqtOPZf.s 			page 16


 852 0247 43535200 		.ascii	"CSR\000"
 853 024b 03       		.byte	0x3
 854 024c F702     		.2byte	0x2f7
 855 024e 90000000 		.4byte	0x90
 856 0252 02       		.byte	0x2
 857 0253 23       		.byte	0x23
 858 0254 74       		.uleb128 0x74
 859 0255 0A       		.uleb128 0xa
 860 0256 97020000 		.4byte	.LASF38
 861 025a 03       		.byte	0x3
 862 025b F802     		.2byte	0x2f8
 863 025d A3000000 		.4byte	0xa3
 864 0261 02       		.byte	0x2
 865 0262 23       		.byte	0x23
 866 0263 78       		.uleb128 0x78
 867 0264 0A       		.uleb128 0xa
 868 0265 99000000 		.4byte	.LASF39
 869 0269 03       		.byte	0x3
 870 026a F902     		.2byte	0x2f9
 871 026c 90000000 		.4byte	0x90
 872 0270 03       		.byte	0x3
 873 0271 23       		.byte	0x23
 874 0272 8001     		.uleb128 0x80
 875 0274 0A       		.uleb128 0xa
 876 0275 88000000 		.4byte	.LASF40
 877 0279 03       		.byte	0x3
 878 027a FA02     		.2byte	0x2fa
 879 027c 90000000 		.4byte	0x90
 880 0280 03       		.byte	0x3
 881 0281 23       		.byte	0x23
 882 0282 8401     		.uleb128 0x84
 883 0284 00       		.byte	0
 884 0285 0B       		.uleb128 0xb
 885 0286 47010000 		.4byte	.LASF41
 886 028a 03       		.byte	0x3
 887 028b FB02     		.2byte	0x2fb
 888 028d B8000000 		.4byte	0xb8
 889 0291 0C       		.uleb128 0xc
 890 0292 04       		.byte	0x4
 891 0293 04       		.byte	0x4
 892 0294 9A       		.byte	0x9a
 893 0295 B6020000 		.4byte	0x2b6
 894 0299 0D       		.uleb128 0xd
 895 029a 73657400 		.ascii	"set\000"
 896 029e 04       		.byte	0x4
 897 029f 9B       		.byte	0x9b
 898 02a0 4C000000 		.4byte	0x4c
 899 02a4 02       		.byte	0x2
 900 02a5 23       		.byte	0x23
 901 02a6 00       		.uleb128 0
 902 02a7 0E       		.uleb128 0xe
 903 02a8 62010000 		.4byte	.LASF42
 904 02ac 04       		.byte	0x4
 905 02ad 9C       		.byte	0x9c
 906 02ae 4C000000 		.4byte	0x4c
 907 02b2 02       		.byte	0x2
 908 02b3 23       		.byte	0x23
ARM GAS  /tmp/ccqtOPZf.s 			page 17


 909 02b4 02       		.uleb128 0x2
 910 02b5 00       		.byte	0
 911 02b6 0F       		.uleb128 0xf
 912 02b7 04       		.byte	0x4
 913 02b8 04       		.byte	0x4
 914 02b9 98       		.byte	0x98
 915 02ba D1020000 		.4byte	0x2d1
 916 02be 10       		.uleb128 0x10
 917 02bf 5700     		.ascii	"W\000"
 918 02c1 04       		.byte	0x4
 919 02c2 99       		.byte	0x99
 920 02c3 70000000 		.4byte	0x70
 921 02c7 10       		.uleb128 0x10
 922 02c8 4800     		.ascii	"H\000"
 923 02ca 04       		.byte	0x4
 924 02cb 9D       		.byte	0x9d
 925 02cc 91020000 		.4byte	0x291
 926 02d0 00       		.byte	0
 927 02d1 0C       		.uleb128 0xc
 928 02d2 28       		.byte	0x28
 929 02d3 04       		.byte	0x4
 930 02d4 90       		.byte	0x90
 931 02d5 66030000 		.4byte	0x366
 932 02d9 0E       		.uleb128 0xe
 933 02da 53010000 		.4byte	.LASF43
 934 02de 04       		.byte	0x4
 935 02df 92       		.byte	0x92
 936 02e0 90000000 		.4byte	0x90
 937 02e4 02       		.byte	0x2
 938 02e5 23       		.byte	0x23
 939 02e6 00       		.uleb128 0
 940 02e7 0E       		.uleb128 0xe
 941 02e8 04010000 		.4byte	.LASF44
 942 02ec 04       		.byte	0x4
 943 02ed 93       		.byte	0x93
 944 02ee 90000000 		.4byte	0x90
 945 02f2 02       		.byte	0x2
 946 02f3 23       		.byte	0x23
 947 02f4 04       		.uleb128 0x4
 948 02f5 0E       		.uleb128 0xe
 949 02f6 13010000 		.4byte	.LASF45
 950 02fa 04       		.byte	0x4
 951 02fb 94       		.byte	0x94
 952 02fc 90000000 		.4byte	0x90
 953 0300 02       		.byte	0x2
 954 0301 23       		.byte	0x23
 955 0302 08       		.uleb128 0x8
 956 0303 0E       		.uleb128 0xe
 957 0304 29010000 		.4byte	.LASF46
 958 0308 04       		.byte	0x4
 959 0309 95       		.byte	0x95
 960 030a 90000000 		.4byte	0x90
 961 030e 02       		.byte	0x2
 962 030f 23       		.byte	0x23
 963 0310 0C       		.uleb128 0xc
 964 0311 0D       		.uleb128 0xd
 965 0312 49445200 		.ascii	"IDR\000"
ARM GAS  /tmp/ccqtOPZf.s 			page 18


 966 0316 04       		.byte	0x4
 967 0317 96       		.byte	0x96
 968 0318 90000000 		.4byte	0x90
 969 031c 02       		.byte	0x2
 970 031d 23       		.byte	0x23
 971 031e 10       		.uleb128 0x10
 972 031f 0D       		.uleb128 0xd
 973 0320 4F445200 		.ascii	"ODR\000"
 974 0324 04       		.byte	0x4
 975 0325 97       		.byte	0x97
 976 0326 90000000 		.4byte	0x90
 977 032a 02       		.byte	0x2
 978 032b 23       		.byte	0x23
 979 032c 14       		.uleb128 0x14
 980 032d 0E       		.uleb128 0xe
 981 032e 5C030000 		.4byte	.LASF47
 982 0332 04       		.byte	0x4
 983 0333 9E       		.byte	0x9e
 984 0334 66030000 		.4byte	0x366
 985 0338 02       		.byte	0x2
 986 0339 23       		.byte	0x23
 987 033a 18       		.uleb128 0x18
 988 033b 0E       		.uleb128 0xe
 989 033c 17030000 		.4byte	.LASF48
 990 0340 04       		.byte	0x4
 991 0341 9F       		.byte	0x9f
 992 0342 90000000 		.4byte	0x90
 993 0346 02       		.byte	0x2
 994 0347 23       		.byte	0x23
 995 0348 1C       		.uleb128 0x1c
 996 0349 0E       		.uleb128 0xe
 997 034a 07020000 		.4byte	.LASF49
 998 034e 04       		.byte	0x4
 999 034f A0       		.byte	0xa0
 1000 0350 90000000 		.4byte	0x90
 1001 0354 02       		.byte	0x2
 1002 0355 23       		.byte	0x23
 1003 0356 20       		.uleb128 0x20
 1004 0357 0E       		.uleb128 0xe
 1005 0358 FA010000 		.4byte	.LASF50
 1006 035c 04       		.byte	0x4
 1007 035d A1       		.byte	0xa1
 1008 035e 90000000 		.4byte	0x90
 1009 0362 02       		.byte	0x2
 1010 0363 23       		.byte	0x23
 1011 0364 24       		.uleb128 0x24
 1012 0365 00       		.byte	0
 1013 0366 05       		.uleb128 0x5
 1014 0367 B6020000 		.4byte	0x2b6
 1015 036b 04       		.uleb128 0x4
 1016 036c D4020000 		.4byte	.LASF51
 1017 0370 04       		.byte	0x4
 1018 0371 A2       		.byte	0xa2
 1019 0372 D1020000 		.4byte	0x2d1
 1020 0376 0C       		.uleb128 0xc
 1021 0377 1C       		.byte	0x1c
 1022 0378 04       		.byte	0x4
ARM GAS  /tmp/ccqtOPZf.s 			page 19


 1023 0379 A7       		.byte	0xa7
 1024 037a E1030000 		.4byte	0x3e1
 1025 037e 0E       		.uleb128 0xe
 1026 037f C5020000 		.4byte	.LASF52
 1027 0383 04       		.byte	0x4
 1028 0384 A9       		.byte	0xa9
 1029 0385 70000000 		.4byte	0x70
 1030 0389 02       		.byte	0x2
 1031 038a 23       		.byte	0x23
 1032 038b 00       		.uleb128 0
 1033 038c 0E       		.uleb128 0xe
 1034 038d C3010000 		.4byte	.LASF53
 1035 0391 04       		.byte	0x4
 1036 0392 AB       		.byte	0xab
 1037 0393 70000000 		.4byte	0x70
 1038 0397 02       		.byte	0x2
 1039 0398 23       		.byte	0x23
 1040 0399 04       		.uleb128 0x4
 1041 039a 0E       		.uleb128 0xe
 1042 039b 2F010000 		.4byte	.LASF54
 1043 039f 04       		.byte	0x4
 1044 03a0 AD       		.byte	0xad
 1045 03a1 70000000 		.4byte	0x70
 1046 03a5 02       		.byte	0x2
 1047 03a6 23       		.byte	0x23
 1048 03a7 08       		.uleb128 0x8
 1049 03a8 0E       		.uleb128 0xe
 1050 03a9 B5020000 		.4byte	.LASF55
 1051 03ad 04       		.byte	0x4
 1052 03ae AF       		.byte	0xaf
 1053 03af 70000000 		.4byte	0x70
 1054 03b3 02       		.byte	0x2
 1055 03b4 23       		.byte	0x23
 1056 03b5 0C       		.uleb128 0xc
 1057 03b6 0D       		.uleb128 0xd
 1058 03b7 6F647200 		.ascii	"odr\000"
 1059 03bb 04       		.byte	0x4
 1060 03bc B1       		.byte	0xb1
 1061 03bd 70000000 		.4byte	0x70
 1062 03c1 02       		.byte	0x2
 1063 03c2 23       		.byte	0x23
 1064 03c3 10       		.uleb128 0x10
 1065 03c4 0E       		.uleb128 0xe
 1066 03c5 C0020000 		.4byte	.LASF56
 1067 03c9 04       		.byte	0x4
 1068 03ca B3       		.byte	0xb3
 1069 03cb 70000000 		.4byte	0x70
 1070 03cf 02       		.byte	0x2
 1071 03d0 23       		.byte	0x23
 1072 03d1 14       		.uleb128 0x14
 1073 03d2 0E       		.uleb128 0xe
 1074 03d3 BB020000 		.4byte	.LASF57
 1075 03d7 04       		.byte	0x4
 1076 03d8 B5       		.byte	0xb5
 1077 03d9 70000000 		.4byte	0x70
 1078 03dd 02       		.byte	0x2
 1079 03de 23       		.byte	0x23
ARM GAS  /tmp/ccqtOPZf.s 			page 20


 1080 03df 18       		.uleb128 0x18
 1081 03e0 00       		.byte	0
 1082 03e1 04       		.uleb128 0x4
 1083 03e2 38000000 		.4byte	.LASF58
 1084 03e6 04       		.byte	0x4
 1085 03e7 B6       		.byte	0xb6
 1086 03e8 76030000 		.4byte	0x376
 1087 03ec 0C       		.uleb128 0xc
 1088 03ed FC       		.byte	0xfc
 1089 03ee 04       		.byte	0x4
 1090 03ef BF       		.byte	0xbf
 1091 03f0 77040000 		.4byte	0x477
 1092 03f4 0E       		.uleb128 0xe
 1093 03f5 6F010000 		.4byte	.LASF59
 1094 03f9 04       		.byte	0x4
 1095 03fa C1       		.byte	0xc1
 1096 03fb E1030000 		.4byte	0x3e1
 1097 03ff 02       		.byte	0x2
 1098 0400 23       		.byte	0x23
 1099 0401 00       		.uleb128 0
 1100 0402 0E       		.uleb128 0xe
 1101 0403 9F000000 		.4byte	.LASF60
 1102 0407 04       		.byte	0x4
 1103 0408 C3       		.byte	0xc3
 1104 0409 E1030000 		.4byte	0x3e1
 1105 040d 02       		.byte	0x2
 1106 040e 23       		.byte	0x23
 1107 040f 1C       		.uleb128 0x1c
 1108 0410 0E       		.uleb128 0xe
 1109 0411 0A000000 		.4byte	.LASF61
 1110 0415 04       		.byte	0x4
 1111 0416 C5       		.byte	0xc5
 1112 0417 E1030000 		.4byte	0x3e1
 1113 041b 02       		.byte	0x2
 1114 041c 23       		.byte	0x23
 1115 041d 38       		.uleb128 0x38
 1116 041e 0E       		.uleb128 0xe
 1117 041f 40010000 		.4byte	.LASF62
 1118 0423 04       		.byte	0x4
 1119 0424 C7       		.byte	0xc7
 1120 0425 E1030000 		.4byte	0x3e1
 1121 0429 02       		.byte	0x2
 1122 042a 23       		.byte	0x23
 1123 042b 54       		.uleb128 0x54
 1124 042c 0E       		.uleb128 0xe
 1125 042d 54020000 		.4byte	.LASF63
 1126 0431 04       		.byte	0x4
 1127 0432 CA       		.byte	0xca
 1128 0433 E1030000 		.4byte	0x3e1
 1129 0437 02       		.byte	0x2
 1130 0438 23       		.byte	0x23
 1131 0439 70       		.uleb128 0x70
 1132 043a 0E       		.uleb128 0xe
 1133 043b 4B000000 		.4byte	.LASF64
 1134 043f 04       		.byte	0x4
 1135 0440 CE       		.byte	0xce
 1136 0441 E1030000 		.4byte	0x3e1
ARM GAS  /tmp/ccqtOPZf.s 			page 21


 1137 0445 03       		.byte	0x3
 1138 0446 23       		.byte	0x23
 1139 0447 8C01     		.uleb128 0x8c
 1140 0449 0E       		.uleb128 0xe
 1141 044a 68010000 		.4byte	.LASF65
 1142 044e 04       		.byte	0x4
 1143 044f D2       		.byte	0xd2
 1144 0450 E1030000 		.4byte	0x3e1
 1145 0454 03       		.byte	0x3
 1146 0455 23       		.byte	0x23
 1147 0456 A801     		.uleb128 0xa8
 1148 0458 0E       		.uleb128 0xe
 1149 0459 A1020000 		.4byte	.LASF66
 1150 045d 04       		.byte	0x4
 1151 045e D6       		.byte	0xd6
 1152 045f E1030000 		.4byte	0x3e1
 1153 0463 03       		.byte	0x3
 1154 0464 23       		.byte	0x23
 1155 0465 C401     		.uleb128 0xc4
 1156 0467 0E       		.uleb128 0xe
 1157 0468 81000000 		.4byte	.LASF67
 1158 046c 04       		.byte	0x4
 1159 046d DA       		.byte	0xda
 1160 046e E1030000 		.4byte	0x3e1
 1161 0472 03       		.byte	0x3
 1162 0473 23       		.byte	0x23
 1163 0474 E001     		.uleb128 0xe0
 1164 0476 00       		.byte	0
 1165 0477 04       		.uleb128 0x4
 1166 0478 36020000 		.4byte	.LASF68
 1167 047c 04       		.byte	0x4
 1168 047d DC       		.byte	0xdc
 1169 047e EC030000 		.4byte	0x3ec
 1170 0482 04       		.uleb128 0x4
 1171 0483 F7000000 		.4byte	.LASF69
 1172 0487 04       		.byte	0x4
 1173 0488 EC       		.byte	0xec
 1174 0489 70000000 		.4byte	0x70
 1175 048d 04       		.uleb128 0x4
 1176 048e DC000000 		.4byte	.LASF70
 1177 0492 04       		.byte	0x4
 1178 0493 F1       		.byte	0xf1
 1179 0494 70000000 		.4byte	0x70
 1180 0498 04       		.uleb128 0x4
 1181 0499 76010000 		.4byte	.LASF71
 1182 049d 04       		.byte	0x4
 1183 049e F9       		.byte	0xf9
 1184 049f A3040000 		.4byte	0x4a3
 1185 04a3 11       		.uleb128 0x11
 1186 04a4 04       		.byte	0x4
 1187 04a5 6B030000 		.4byte	0x36b
 1188 04a9 12       		.uleb128 0x12
 1189 04aa 6A000000 		.4byte	.LASF84
 1190 04ae 01       		.byte	0x1
 1191 04af 51       		.byte	0x51
 1192 04b0 01       		.byte	0x1
 1193 04b1 01       		.byte	0x1
ARM GAS  /tmp/ccqtOPZf.s 			page 22


 1194 04b2 CD040000 		.4byte	0x4cd
 1195 04b6 13       		.uleb128 0x13
 1196 04b7 93000000 		.4byte	.LASF72
 1197 04bb 01       		.byte	0x1
 1198 04bc 51       		.byte	0x51
 1199 04bd A3040000 		.4byte	0x4a3
 1200 04c1 13       		.uleb128 0x13
 1201 04c2 D5000000 		.4byte	.LASF73
 1202 04c6 01       		.byte	0x1
 1203 04c7 51       		.byte	0x51
 1204 04c8 CD040000 		.4byte	0x4cd
 1205 04cc 00       		.byte	0
 1206 04cd 11       		.uleb128 0x11
 1207 04ce 04       		.byte	0x4
 1208 04cf D3040000 		.4byte	0x4d3
 1209 04d3 14       		.uleb128 0x14
 1210 04d4 E1030000 		.4byte	0x3e1
 1211 04d8 15       		.uleb128 0x15
 1212 04d9 01       		.byte	0x1
 1213 04da 52000000 		.4byte	.LASF74
 1214 04de 01       		.byte	0x1
 1215 04df 6C       		.byte	0x6c
 1216 04e0 01       		.byte	0x1
 1217 04e1 00000000 		.4byte	.LFB119
 1218 04e5 A2010000 		.4byte	.LFE119
 1219 04e9 02       		.byte	0x2
 1220 04ea 7D       		.byte	0x7d
 1221 04eb 00       		.sleb128 0
 1222 04ec 01       		.byte	0x1
 1223 04ed 55060000 		.4byte	0x655
 1224 04f1 16       		.uleb128 0x16
 1225 04f2 D5000000 		.4byte	.LASF73
 1226 04f6 01       		.byte	0x1
 1227 04f7 6C       		.byte	0x6c
 1228 04f8 55060000 		.4byte	0x655
 1229 04fc 01       		.byte	0x1
 1230 04fd 50       		.byte	0x50
 1231 04fe 17       		.uleb128 0x17
 1232 04ff A9040000 		.4byte	0x4a9
 1233 0503 20000000 		.4byte	.LBB20
 1234 0507 00000000 		.4byte	.Ldebug_ranges0+0
 1235 050b 01       		.byte	0x1
 1236 050c 80       		.byte	0x80
 1237 050d 22050000 		.4byte	0x522
 1238 0511 18       		.uleb128 0x18
 1239 0512 C1040000 		.4byte	0x4c1
 1240 0516 01       		.byte	0x1
 1241 0517 50       		.byte	0x50
 1242 0518 19       		.uleb128 0x19
 1243 0519 B6040000 		.4byte	0x4b6
 1244 051d 00000240 		.4byte	0x40020000
 1245 0521 00       		.byte	0
 1246 0522 17       		.uleb128 0x17
 1247 0523 A9040000 		.4byte	0x4a9
 1248 0527 28000000 		.4byte	.LBB23
 1249 052b 18000000 		.4byte	.Ldebug_ranges0+0x18
 1250 052f 01       		.byte	0x1
ARM GAS  /tmp/ccqtOPZf.s 			page 23


 1251 0530 81       		.byte	0x81
 1252 0531 48050000 		.4byte	0x548
 1253 0535 18       		.uleb128 0x18
 1254 0536 C1040000 		.4byte	0x4c1
 1255 053a 03       		.byte	0x3
 1256 053b 70       		.byte	0x70
 1257 053c 1C       		.sleb128 28
 1258 053d 9F       		.byte	0x9f
 1259 053e 19       		.uleb128 0x19
 1260 053f B6040000 		.4byte	0x4b6
 1261 0543 00040240 		.4byte	0x40020400
 1262 0547 00       		.byte	0
 1263 0548 17       		.uleb128 0x17
 1264 0549 A9040000 		.4byte	0x4a9
 1265 054d 4C000000 		.4byte	.LBB29
 1266 0551 38000000 		.4byte	.Ldebug_ranges0+0x38
 1267 0555 01       		.byte	0x1
 1268 0556 82       		.byte	0x82
 1269 0557 6E050000 		.4byte	0x56e
 1270 055b 18       		.uleb128 0x18
 1271 055c C1040000 		.4byte	0x4c1
 1272 0560 03       		.byte	0x3
 1273 0561 70       		.byte	0x70
 1274 0562 38       		.sleb128 56
 1275 0563 9F       		.byte	0x9f
 1276 0564 19       		.uleb128 0x19
 1277 0565 B6040000 		.4byte	0x4b6
 1278 0569 00080240 		.4byte	0x40020800
 1279 056d 00       		.byte	0
 1280 056e 17       		.uleb128 0x17
 1281 056f A9040000 		.4byte	0x4a9
 1282 0573 88000000 		.4byte	.LBB35
 1283 0577 58000000 		.4byte	.Ldebug_ranges0+0x58
 1284 057b 01       		.byte	0x1
 1285 057c 83       		.byte	0x83
 1286 057d 95050000 		.4byte	0x595
 1287 0581 18       		.uleb128 0x18
 1288 0582 C1040000 		.4byte	0x4c1
 1289 0586 04       		.byte	0x4
 1290 0587 70       		.byte	0x70
 1291 0588 D400     		.sleb128 84
 1292 058a 9F       		.byte	0x9f
 1293 058b 19       		.uleb128 0x19
 1294 058c B6040000 		.4byte	0x4b6
 1295 0590 000C0240 		.4byte	0x40020c00
 1296 0594 00       		.byte	0
 1297 0595 17       		.uleb128 0x17
 1298 0596 A9040000 		.4byte	0x4a9
 1299 059a 94000000 		.4byte	.LBB41
 1300 059e 78000000 		.4byte	.Ldebug_ranges0+0x78
 1301 05a2 01       		.byte	0x1
 1302 05a3 85       		.byte	0x85
 1303 05a4 BC050000 		.4byte	0x5bc
 1304 05a8 18       		.uleb128 0x18
 1305 05a9 C1040000 		.4byte	0x4c1
 1306 05ad 04       		.byte	0x4
 1307 05ae 70       		.byte	0x70
ARM GAS  /tmp/ccqtOPZf.s 			page 24


 1308 05af F000     		.sleb128 112
 1309 05b1 9F       		.byte	0x9f
 1310 05b2 19       		.uleb128 0x19
 1311 05b3 B6040000 		.4byte	0x4b6
 1312 05b7 00100240 		.4byte	0x40021000
 1313 05bb 00       		.byte	0
 1314 05bc 17       		.uleb128 0x17
 1315 05bd A9040000 		.4byte	0x4a9
 1316 05c1 D6000000 		.4byte	.LBB47
 1317 05c5 98000000 		.4byte	.Ldebug_ranges0+0x98
 1318 05c9 01       		.byte	0x1
 1319 05ca 88       		.byte	0x88
 1320 05cb E3050000 		.4byte	0x5e3
 1321 05cf 18       		.uleb128 0x18
 1322 05d0 C1040000 		.4byte	0x4c1
 1323 05d4 04       		.byte	0x4
 1324 05d5 70       		.byte	0x70
 1325 05d6 8C01     		.sleb128 140
 1326 05d8 9F       		.byte	0x9f
 1327 05d9 19       		.uleb128 0x19
 1328 05da B6040000 		.4byte	0x4b6
 1329 05de 00140240 		.4byte	0x40021400
 1330 05e2 00       		.byte	0
 1331 05e3 17       		.uleb128 0x17
 1332 05e4 A9040000 		.4byte	0x4a9
 1333 05e8 E4000000 		.4byte	.LBB53
 1334 05ec B8000000 		.4byte	.Ldebug_ranges0+0xb8
 1335 05f0 01       		.byte	0x1
 1336 05f1 8B       		.byte	0x8b
 1337 05f2 0A060000 		.4byte	0x60a
 1338 05f6 18       		.uleb128 0x18
 1339 05f7 C1040000 		.4byte	0x4c1
 1340 05fb 04       		.byte	0x4
 1341 05fc 70       		.byte	0x70
 1342 05fd A801     		.sleb128 168
 1343 05ff 9F       		.byte	0x9f
 1344 0600 19       		.uleb128 0x19
 1345 0601 B6040000 		.4byte	0x4b6
 1346 0605 00180240 		.4byte	0x40021800
 1347 0609 00       		.byte	0
 1348 060a 17       		.uleb128 0x17
 1349 060b A9040000 		.4byte	0x4a9
 1350 060f 16010000 		.4byte	.LBB60
 1351 0613 E0000000 		.4byte	.Ldebug_ranges0+0xe0
 1352 0617 01       		.byte	0x1
 1353 0618 8E       		.byte	0x8e
 1354 0619 31060000 		.4byte	0x631
 1355 061d 18       		.uleb128 0x18
 1356 061e C1040000 		.4byte	0x4c1
 1357 0622 04       		.byte	0x4
 1358 0623 70       		.byte	0x70
 1359 0624 C401     		.sleb128 196
 1360 0626 9F       		.byte	0x9f
 1361 0627 19       		.uleb128 0x19
 1362 0628 B6040000 		.4byte	0x4b6
 1363 062c 001C0240 		.4byte	0x40021c00
 1364 0630 00       		.byte	0
ARM GAS  /tmp/ccqtOPZf.s 			page 25


 1365 0631 1A       		.uleb128 0x1a
 1366 0632 A9040000 		.4byte	0x4a9
 1367 0636 6C010000 		.4byte	.LBB69
 1368 063a 08010000 		.4byte	.Ldebug_ranges0+0x108
 1369 063e 01       		.byte	0x1
 1370 063f 91       		.byte	0x91
 1371 0640 18       		.uleb128 0x18
 1372 0641 C1040000 		.4byte	0x4c1
 1373 0645 04       		.byte	0x4
 1374 0646 70       		.byte	0x70
 1375 0647 E001     		.sleb128 224
 1376 0649 9F       		.byte	0x9f
 1377 064a 19       		.uleb128 0x19
 1378 064b B6040000 		.4byte	0x4b6
 1379 064f 00200240 		.4byte	0x40022000
 1380 0653 00       		.byte	0
 1381 0654 00       		.byte	0
 1382 0655 11       		.uleb128 0x11
 1383 0656 04       		.byte	0x4
 1384 0657 5B060000 		.4byte	0x65b
 1385 065b 14       		.uleb128 0x14
 1386 065c 77040000 		.4byte	0x477
 1387 0660 1B       		.uleb128 0x1b
 1388 0661 01       		.byte	0x1
 1389 0662 11000000 		.4byte	.LASF75
 1390 0666 01       		.byte	0x1
 1391 0667 A3       		.byte	0xa3
 1392 0668 01       		.byte	0x1
 1393 0669 00000000 		.4byte	.LFB120
 1394 066d C8000000 		.4byte	.LFE120
 1395 0671 00000000 		.4byte	.LLST0
 1396 0675 01       		.byte	0x1
 1397 0676 35070000 		.4byte	0x735
 1398 067a 16       		.uleb128 0x16
 1399 067b 4F020000 		.4byte	.LASF76
 1400 067f 01       		.byte	0x1
 1401 0680 A3       		.byte	0xa3
 1402 0681 98040000 		.4byte	0x498
 1403 0685 01       		.byte	0x1
 1404 0686 50       		.byte	0x50
 1405 0687 1C       		.uleb128 0x1c
 1406 0688 B0020000 		.4byte	.LASF77
 1407 068c 01       		.byte	0x1
 1408 068d A4       		.byte	0xa4
 1409 068e 82040000 		.4byte	0x482
 1410 0692 20000000 		.4byte	.LLST1
 1411 0696 1C       		.uleb128 0x1c
 1412 0697 40020000 		.4byte	.LASF78
 1413 069b 01       		.byte	0x1
 1414 069c A5       		.byte	0xa5
 1415 069d 8D040000 		.4byte	0x48d
 1416 06a1 4D000000 		.4byte	.LLST2
 1417 06a5 1D       		.uleb128 0x1d
 1418 06a6 C5020000 		.4byte	.LASF52
 1419 06aa 01       		.byte	0x1
 1420 06ab A7       		.byte	0xa7
 1421 06ac 70000000 		.4byte	0x70
ARM GAS  /tmp/ccqtOPZf.s 			page 26


 1422 06b0 01       		.byte	0x1
 1423 06b1 57       		.byte	0x57
 1424 06b2 1D       		.uleb128 0x1d
 1425 06b3 C3010000 		.4byte	.LASF53
 1426 06b7 01       		.byte	0x1
 1427 06b8 A8       		.byte	0xa8
 1428 06b9 70000000 		.4byte	0x70
 1429 06bd 01       		.byte	0x1
 1430 06be 56       		.byte	0x56
 1431 06bf 1D       		.uleb128 0x1d
 1432 06c0 2F010000 		.4byte	.LASF54
 1433 06c4 01       		.byte	0x1
 1434 06c5 A9       		.byte	0xa9
 1435 06c6 70000000 		.4byte	0x70
 1436 06ca 01       		.byte	0x1
 1437 06cb 55       		.byte	0x55
 1438 06cc 1D       		.uleb128 0x1d
 1439 06cd B5020000 		.4byte	.LASF55
 1440 06d1 01       		.byte	0x1
 1441 06d2 AA       		.byte	0xaa
 1442 06d3 70000000 		.4byte	0x70
 1443 06d7 01       		.byte	0x1
 1444 06d8 54       		.byte	0x54
 1445 06d9 1D       		.uleb128 0x1d
 1446 06da EA020000 		.4byte	.LASF79
 1447 06de 01       		.byte	0x1
 1448 06df AB       		.byte	0xab
 1449 06e0 70000000 		.4byte	0x70
 1450 06e4 01       		.byte	0x1
 1451 06e5 52       		.byte	0x52
 1452 06e6 1E       		.uleb128 0x1e
 1453 06e7 62697400 		.ascii	"bit\000"
 1454 06eb 01       		.byte	0x1
 1455 06ec AC       		.byte	0xac
 1456 06ed 70000000 		.4byte	0x70
 1457 06f1 6E000000 		.4byte	.LLST3
 1458 06f5 1F       		.uleb128 0x1f
 1459 06f6 20010000 		.4byte	.Ldebug_ranges0+0x120
 1460 06fa 20       		.uleb128 0x20
 1461 06fb FC020000 		.4byte	.LASF80
 1462 06ff 01       		.byte	0x1
 1463 0700 AF       		.byte	0xaf
 1464 0701 70000000 		.4byte	0x70
 1465 0705 8D000000 		.4byte	.LLST4
 1466 0709 1E       		.uleb128 0x1e
 1467 070a 6D3100   		.ascii	"m1\000"
 1468 070d 01       		.byte	0x1
 1469 070e AF       		.byte	0xaf
 1470 070f 70000000 		.4byte	0x70
 1471 0713 C8000000 		.4byte	.LLST5
 1472 0717 1E       		.uleb128 0x1e
 1473 0718 6D3200   		.ascii	"m2\000"
 1474 071b 01       		.byte	0x1
 1475 071c AF       		.byte	0xaf
 1476 071d 70000000 		.4byte	0x70
 1477 0721 DF000000 		.4byte	.LLST6
 1478 0725 1E       		.uleb128 0x1e
ARM GAS  /tmp/ccqtOPZf.s 			page 27


 1479 0726 6D3400   		.ascii	"m4\000"
 1480 0729 01       		.byte	0x1
 1481 072a AF       		.byte	0xaf
 1482 072b 70000000 		.4byte	0x70
 1483 072f 22010000 		.4byte	.LLST7
 1484 0733 00       		.byte	0
 1485 0734 00       		.byte	0
 1486 0735 21       		.uleb128 0x21
 1487 0736 EF020000 		.4byte	.LASF85
 1488 073a 05       		.byte	0x5
 1489 073b 9806     		.2byte	0x698
 1490 073d B3000000 		.4byte	0xb3
 1491 0741 01       		.byte	0x1
 1492 0742 01       		.byte	0x1
 1493 0743 00       		.byte	0
 1494              		.section	.debug_abbrev,"",%progbits
 1495              	.Ldebug_abbrev0:
 1496 0000 01       		.uleb128 0x1
 1497 0001 11       		.uleb128 0x11
 1498 0002 01       		.byte	0x1
 1499 0003 25       		.uleb128 0x25
 1500 0004 0E       		.uleb128 0xe
 1501 0005 13       		.uleb128 0x13
 1502 0006 0B       		.uleb128 0xb
 1503 0007 03       		.uleb128 0x3
 1504 0008 0E       		.uleb128 0xe
 1505 0009 1B       		.uleb128 0x1b
 1506 000a 0E       		.uleb128 0xe
 1507 000b 55       		.uleb128 0x55
 1508 000c 06       		.uleb128 0x6
 1509 000d 11       		.uleb128 0x11
 1510 000e 01       		.uleb128 0x1
 1511 000f 52       		.uleb128 0x52
 1512 0010 01       		.uleb128 0x1
 1513 0011 10       		.uleb128 0x10
 1514 0012 06       		.uleb128 0x6
 1515 0013 00       		.byte	0
 1516 0014 00       		.byte	0
 1517 0015 02       		.uleb128 0x2
 1518 0016 24       		.uleb128 0x24
 1519 0017 00       		.byte	0
 1520 0018 0B       		.uleb128 0xb
 1521 0019 0B       		.uleb128 0xb
 1522 001a 3E       		.uleb128 0x3e
 1523 001b 0B       		.uleb128 0xb
 1524 001c 03       		.uleb128 0x3
 1525 001d 08       		.uleb128 0x8
 1526 001e 00       		.byte	0
 1527 001f 00       		.byte	0
 1528 0020 03       		.uleb128 0x3
 1529 0021 24       		.uleb128 0x24
 1530 0022 00       		.byte	0
 1531 0023 0B       		.uleb128 0xb
 1532 0024 0B       		.uleb128 0xb
 1533 0025 3E       		.uleb128 0x3e
 1534 0026 0B       		.uleb128 0xb
 1535 0027 03       		.uleb128 0x3
ARM GAS  /tmp/ccqtOPZf.s 			page 28


 1536 0028 0E       		.uleb128 0xe
 1537 0029 00       		.byte	0
 1538 002a 00       		.byte	0
 1539 002b 04       		.uleb128 0x4
 1540 002c 16       		.uleb128 0x16
 1541 002d 00       		.byte	0
 1542 002e 03       		.uleb128 0x3
 1543 002f 0E       		.uleb128 0xe
 1544 0030 3A       		.uleb128 0x3a
 1545 0031 0B       		.uleb128 0xb
 1546 0032 3B       		.uleb128 0x3b
 1547 0033 0B       		.uleb128 0xb
 1548 0034 49       		.uleb128 0x49
 1549 0035 13       		.uleb128 0x13
 1550 0036 00       		.byte	0
 1551 0037 00       		.byte	0
 1552 0038 05       		.uleb128 0x5
 1553 0039 35       		.uleb128 0x35
 1554 003a 00       		.byte	0
 1555 003b 49       		.uleb128 0x49
 1556 003c 13       		.uleb128 0x13
 1557 003d 00       		.byte	0
 1558 003e 00       		.byte	0
 1559 003f 06       		.uleb128 0x6
 1560 0040 01       		.uleb128 0x1
 1561 0041 01       		.byte	0x1
 1562 0042 49       		.uleb128 0x49
 1563 0043 13       		.uleb128 0x13
 1564 0044 01       		.uleb128 0x1
 1565 0045 13       		.uleb128 0x13
 1566 0046 00       		.byte	0
 1567 0047 00       		.byte	0
 1568 0048 07       		.uleb128 0x7
 1569 0049 21       		.uleb128 0x21
 1570 004a 00       		.byte	0
 1571 004b 49       		.uleb128 0x49
 1572 004c 13       		.uleb128 0x13
 1573 004d 2F       		.uleb128 0x2f
 1574 004e 0B       		.uleb128 0xb
 1575 004f 00       		.byte	0
 1576 0050 00       		.byte	0
 1577 0051 08       		.uleb128 0x8
 1578 0052 13       		.uleb128 0x13
 1579 0053 01       		.byte	0x1
 1580 0054 0B       		.uleb128 0xb
 1581 0055 0B       		.uleb128 0xb
 1582 0056 3A       		.uleb128 0x3a
 1583 0057 0B       		.uleb128 0xb
 1584 0058 3B       		.uleb128 0x3b
 1585 0059 05       		.uleb128 0x5
 1586 005a 01       		.uleb128 0x1
 1587 005b 13       		.uleb128 0x13
 1588 005c 00       		.byte	0
 1589 005d 00       		.byte	0
 1590 005e 09       		.uleb128 0x9
 1591 005f 0D       		.uleb128 0xd
 1592 0060 00       		.byte	0
ARM GAS  /tmp/ccqtOPZf.s 			page 29


 1593 0061 03       		.uleb128 0x3
 1594 0062 08       		.uleb128 0x8
 1595 0063 3A       		.uleb128 0x3a
 1596 0064 0B       		.uleb128 0xb
 1597 0065 3B       		.uleb128 0x3b
 1598 0066 05       		.uleb128 0x5
 1599 0067 49       		.uleb128 0x49
 1600 0068 13       		.uleb128 0x13
 1601 0069 38       		.uleb128 0x38
 1602 006a 0A       		.uleb128 0xa
 1603 006b 00       		.byte	0
 1604 006c 00       		.byte	0
 1605 006d 0A       		.uleb128 0xa
 1606 006e 0D       		.uleb128 0xd
 1607 006f 00       		.byte	0
 1608 0070 03       		.uleb128 0x3
 1609 0071 0E       		.uleb128 0xe
 1610 0072 3A       		.uleb128 0x3a
 1611 0073 0B       		.uleb128 0xb
 1612 0074 3B       		.uleb128 0x3b
 1613 0075 05       		.uleb128 0x5
 1614 0076 49       		.uleb128 0x49
 1615 0077 13       		.uleb128 0x13
 1616 0078 38       		.uleb128 0x38
 1617 0079 0A       		.uleb128 0xa
 1618 007a 00       		.byte	0
 1619 007b 00       		.byte	0
 1620 007c 0B       		.uleb128 0xb
 1621 007d 16       		.uleb128 0x16
 1622 007e 00       		.byte	0
 1623 007f 03       		.uleb128 0x3
 1624 0080 0E       		.uleb128 0xe
 1625 0081 3A       		.uleb128 0x3a
 1626 0082 0B       		.uleb128 0xb
 1627 0083 3B       		.uleb128 0x3b
 1628 0084 05       		.uleb128 0x5
 1629 0085 49       		.uleb128 0x49
 1630 0086 13       		.uleb128 0x13
 1631 0087 00       		.byte	0
 1632 0088 00       		.byte	0
 1633 0089 0C       		.uleb128 0xc
 1634 008a 13       		.uleb128 0x13
 1635 008b 01       		.byte	0x1
 1636 008c 0B       		.uleb128 0xb
 1637 008d 0B       		.uleb128 0xb
 1638 008e 3A       		.uleb128 0x3a
 1639 008f 0B       		.uleb128 0xb
 1640 0090 3B       		.uleb128 0x3b
 1641 0091 0B       		.uleb128 0xb
 1642 0092 01       		.uleb128 0x1
 1643 0093 13       		.uleb128 0x13
 1644 0094 00       		.byte	0
 1645 0095 00       		.byte	0
 1646 0096 0D       		.uleb128 0xd
 1647 0097 0D       		.uleb128 0xd
 1648 0098 00       		.byte	0
 1649 0099 03       		.uleb128 0x3
ARM GAS  /tmp/ccqtOPZf.s 			page 30


 1650 009a 08       		.uleb128 0x8
 1651 009b 3A       		.uleb128 0x3a
 1652 009c 0B       		.uleb128 0xb
 1653 009d 3B       		.uleb128 0x3b
 1654 009e 0B       		.uleb128 0xb
 1655 009f 49       		.uleb128 0x49
 1656 00a0 13       		.uleb128 0x13
 1657 00a1 38       		.uleb128 0x38
 1658 00a2 0A       		.uleb128 0xa
 1659 00a3 00       		.byte	0
 1660 00a4 00       		.byte	0
 1661 00a5 0E       		.uleb128 0xe
 1662 00a6 0D       		.uleb128 0xd
 1663 00a7 00       		.byte	0
 1664 00a8 03       		.uleb128 0x3
 1665 00a9 0E       		.uleb128 0xe
 1666 00aa 3A       		.uleb128 0x3a
 1667 00ab 0B       		.uleb128 0xb
 1668 00ac 3B       		.uleb128 0x3b
 1669 00ad 0B       		.uleb128 0xb
 1670 00ae 49       		.uleb128 0x49
 1671 00af 13       		.uleb128 0x13
 1672 00b0 38       		.uleb128 0x38
 1673 00b1 0A       		.uleb128 0xa
 1674 00b2 00       		.byte	0
 1675 00b3 00       		.byte	0
 1676 00b4 0F       		.uleb128 0xf
 1677 00b5 17       		.uleb128 0x17
 1678 00b6 01       		.byte	0x1
 1679 00b7 0B       		.uleb128 0xb
 1680 00b8 0B       		.uleb128 0xb
 1681 00b9 3A       		.uleb128 0x3a
 1682 00ba 0B       		.uleb128 0xb
 1683 00bb 3B       		.uleb128 0x3b
 1684 00bc 0B       		.uleb128 0xb
 1685 00bd 01       		.uleb128 0x1
 1686 00be 13       		.uleb128 0x13
 1687 00bf 00       		.byte	0
 1688 00c0 00       		.byte	0
 1689 00c1 10       		.uleb128 0x10
 1690 00c2 0D       		.uleb128 0xd
 1691 00c3 00       		.byte	0
 1692 00c4 03       		.uleb128 0x3
 1693 00c5 08       		.uleb128 0x8
 1694 00c6 3A       		.uleb128 0x3a
 1695 00c7 0B       		.uleb128 0xb
 1696 00c8 3B       		.uleb128 0x3b
 1697 00c9 0B       		.uleb128 0xb
 1698 00ca 49       		.uleb128 0x49
 1699 00cb 13       		.uleb128 0x13
 1700 00cc 00       		.byte	0
 1701 00cd 00       		.byte	0
 1702 00ce 11       		.uleb128 0x11
 1703 00cf 0F       		.uleb128 0xf
 1704 00d0 00       		.byte	0
 1705 00d1 0B       		.uleb128 0xb
 1706 00d2 0B       		.uleb128 0xb
ARM GAS  /tmp/ccqtOPZf.s 			page 31


 1707 00d3 49       		.uleb128 0x49
 1708 00d4 13       		.uleb128 0x13
 1709 00d5 00       		.byte	0
 1710 00d6 00       		.byte	0
 1711 00d7 12       		.uleb128 0x12
 1712 00d8 2E       		.uleb128 0x2e
 1713 00d9 01       		.byte	0x1
 1714 00da 03       		.uleb128 0x3
 1715 00db 0E       		.uleb128 0xe
 1716 00dc 3A       		.uleb128 0x3a
 1717 00dd 0B       		.uleb128 0xb
 1718 00de 3B       		.uleb128 0x3b
 1719 00df 0B       		.uleb128 0xb
 1720 00e0 27       		.uleb128 0x27
 1721 00e1 0C       		.uleb128 0xc
 1722 00e2 20       		.uleb128 0x20
 1723 00e3 0B       		.uleb128 0xb
 1724 00e4 01       		.uleb128 0x1
 1725 00e5 13       		.uleb128 0x13
 1726 00e6 00       		.byte	0
 1727 00e7 00       		.byte	0
 1728 00e8 13       		.uleb128 0x13
 1729 00e9 05       		.uleb128 0x5
 1730 00ea 00       		.byte	0
 1731 00eb 03       		.uleb128 0x3
 1732 00ec 0E       		.uleb128 0xe
 1733 00ed 3A       		.uleb128 0x3a
 1734 00ee 0B       		.uleb128 0xb
 1735 00ef 3B       		.uleb128 0x3b
 1736 00f0 0B       		.uleb128 0xb
 1737 00f1 49       		.uleb128 0x49
 1738 00f2 13       		.uleb128 0x13
 1739 00f3 00       		.byte	0
 1740 00f4 00       		.byte	0
 1741 00f5 14       		.uleb128 0x14
 1742 00f6 26       		.uleb128 0x26
 1743 00f7 00       		.byte	0
 1744 00f8 49       		.uleb128 0x49
 1745 00f9 13       		.uleb128 0x13
 1746 00fa 00       		.byte	0
 1747 00fb 00       		.byte	0
 1748 00fc 15       		.uleb128 0x15
 1749 00fd 2E       		.uleb128 0x2e
 1750 00fe 01       		.byte	0x1
 1751 00ff 3F       		.uleb128 0x3f
 1752 0100 0C       		.uleb128 0xc
 1753 0101 03       		.uleb128 0x3
 1754 0102 0E       		.uleb128 0xe
 1755 0103 3A       		.uleb128 0x3a
 1756 0104 0B       		.uleb128 0xb
 1757 0105 3B       		.uleb128 0x3b
 1758 0106 0B       		.uleb128 0xb
 1759 0107 27       		.uleb128 0x27
 1760 0108 0C       		.uleb128 0xc
 1761 0109 11       		.uleb128 0x11
 1762 010a 01       		.uleb128 0x1
 1763 010b 12       		.uleb128 0x12
ARM GAS  /tmp/ccqtOPZf.s 			page 32


 1764 010c 01       		.uleb128 0x1
 1765 010d 40       		.uleb128 0x40
 1766 010e 0A       		.uleb128 0xa
 1767 010f 9742     		.uleb128 0x2117
 1768 0111 0C       		.uleb128 0xc
 1769 0112 01       		.uleb128 0x1
 1770 0113 13       		.uleb128 0x13
 1771 0114 00       		.byte	0
 1772 0115 00       		.byte	0
 1773 0116 16       		.uleb128 0x16
 1774 0117 05       		.uleb128 0x5
 1775 0118 00       		.byte	0
 1776 0119 03       		.uleb128 0x3
 1777 011a 0E       		.uleb128 0xe
 1778 011b 3A       		.uleb128 0x3a
 1779 011c 0B       		.uleb128 0xb
 1780 011d 3B       		.uleb128 0x3b
 1781 011e 0B       		.uleb128 0xb
 1782 011f 49       		.uleb128 0x49
 1783 0120 13       		.uleb128 0x13
 1784 0121 02       		.uleb128 0x2
 1785 0122 0A       		.uleb128 0xa
 1786 0123 00       		.byte	0
 1787 0124 00       		.byte	0
 1788 0125 17       		.uleb128 0x17
 1789 0126 1D       		.uleb128 0x1d
 1790 0127 01       		.byte	0x1
 1791 0128 31       		.uleb128 0x31
 1792 0129 13       		.uleb128 0x13
 1793 012a 52       		.uleb128 0x52
 1794 012b 01       		.uleb128 0x1
 1795 012c 55       		.uleb128 0x55
 1796 012d 06       		.uleb128 0x6
 1797 012e 58       		.uleb128 0x58
 1798 012f 0B       		.uleb128 0xb
 1799 0130 59       		.uleb128 0x59
 1800 0131 0B       		.uleb128 0xb
 1801 0132 01       		.uleb128 0x1
 1802 0133 13       		.uleb128 0x13
 1803 0134 00       		.byte	0
 1804 0135 00       		.byte	0
 1805 0136 18       		.uleb128 0x18
 1806 0137 05       		.uleb128 0x5
 1807 0138 00       		.byte	0
 1808 0139 31       		.uleb128 0x31
 1809 013a 13       		.uleb128 0x13
 1810 013b 02       		.uleb128 0x2
 1811 013c 0A       		.uleb128 0xa
 1812 013d 00       		.byte	0
 1813 013e 00       		.byte	0
 1814 013f 19       		.uleb128 0x19
 1815 0140 05       		.uleb128 0x5
 1816 0141 00       		.byte	0
 1817 0142 31       		.uleb128 0x31
 1818 0143 13       		.uleb128 0x13
 1819 0144 1C       		.uleb128 0x1c
 1820 0145 06       		.uleb128 0x6
ARM GAS  /tmp/ccqtOPZf.s 			page 33


 1821 0146 00       		.byte	0
 1822 0147 00       		.byte	0
 1823 0148 1A       		.uleb128 0x1a
 1824 0149 1D       		.uleb128 0x1d
 1825 014a 01       		.byte	0x1
 1826 014b 31       		.uleb128 0x31
 1827 014c 13       		.uleb128 0x13
 1828 014d 52       		.uleb128 0x52
 1829 014e 01       		.uleb128 0x1
 1830 014f 55       		.uleb128 0x55
 1831 0150 06       		.uleb128 0x6
 1832 0151 58       		.uleb128 0x58
 1833 0152 0B       		.uleb128 0xb
 1834 0153 59       		.uleb128 0x59
 1835 0154 0B       		.uleb128 0xb
 1836 0155 00       		.byte	0
 1837 0156 00       		.byte	0
 1838 0157 1B       		.uleb128 0x1b
 1839 0158 2E       		.uleb128 0x2e
 1840 0159 01       		.byte	0x1
 1841 015a 3F       		.uleb128 0x3f
 1842 015b 0C       		.uleb128 0xc
 1843 015c 03       		.uleb128 0x3
 1844 015d 0E       		.uleb128 0xe
 1845 015e 3A       		.uleb128 0x3a
 1846 015f 0B       		.uleb128 0xb
 1847 0160 3B       		.uleb128 0x3b
 1848 0161 0B       		.uleb128 0xb
 1849 0162 27       		.uleb128 0x27
 1850 0163 0C       		.uleb128 0xc
 1851 0164 11       		.uleb128 0x11
 1852 0165 01       		.uleb128 0x1
 1853 0166 12       		.uleb128 0x12
 1854 0167 01       		.uleb128 0x1
 1855 0168 40       		.uleb128 0x40
 1856 0169 06       		.uleb128 0x6
 1857 016a 9742     		.uleb128 0x2117
 1858 016c 0C       		.uleb128 0xc
 1859 016d 01       		.uleb128 0x1
 1860 016e 13       		.uleb128 0x13
 1861 016f 00       		.byte	0
 1862 0170 00       		.byte	0
 1863 0171 1C       		.uleb128 0x1c
 1864 0172 05       		.uleb128 0x5
 1865 0173 00       		.byte	0
 1866 0174 03       		.uleb128 0x3
 1867 0175 0E       		.uleb128 0xe
 1868 0176 3A       		.uleb128 0x3a
 1869 0177 0B       		.uleb128 0xb
 1870 0178 3B       		.uleb128 0x3b
 1871 0179 0B       		.uleb128 0xb
 1872 017a 49       		.uleb128 0x49
 1873 017b 13       		.uleb128 0x13
 1874 017c 02       		.uleb128 0x2
 1875 017d 06       		.uleb128 0x6
 1876 017e 00       		.byte	0
 1877 017f 00       		.byte	0
ARM GAS  /tmp/ccqtOPZf.s 			page 34


 1878 0180 1D       		.uleb128 0x1d
 1879 0181 34       		.uleb128 0x34
 1880 0182 00       		.byte	0
 1881 0183 03       		.uleb128 0x3
 1882 0184 0E       		.uleb128 0xe
 1883 0185 3A       		.uleb128 0x3a
 1884 0186 0B       		.uleb128 0xb
 1885 0187 3B       		.uleb128 0x3b
 1886 0188 0B       		.uleb128 0xb
 1887 0189 49       		.uleb128 0x49
 1888 018a 13       		.uleb128 0x13
 1889 018b 02       		.uleb128 0x2
 1890 018c 0A       		.uleb128 0xa
 1891 018d 00       		.byte	0
 1892 018e 00       		.byte	0
 1893 018f 1E       		.uleb128 0x1e
 1894 0190 34       		.uleb128 0x34
 1895 0191 00       		.byte	0
 1896 0192 03       		.uleb128 0x3
 1897 0193 08       		.uleb128 0x8
 1898 0194 3A       		.uleb128 0x3a
 1899 0195 0B       		.uleb128 0xb
 1900 0196 3B       		.uleb128 0x3b
 1901 0197 0B       		.uleb128 0xb
 1902 0198 49       		.uleb128 0x49
 1903 0199 13       		.uleb128 0x13
 1904 019a 02       		.uleb128 0x2
 1905 019b 06       		.uleb128 0x6
 1906 019c 00       		.byte	0
 1907 019d 00       		.byte	0
 1908 019e 1F       		.uleb128 0x1f
 1909 019f 0B       		.uleb128 0xb
 1910 01a0 01       		.byte	0x1
 1911 01a1 55       		.uleb128 0x55
 1912 01a2 06       		.uleb128 0x6
 1913 01a3 00       		.byte	0
 1914 01a4 00       		.byte	0
 1915 01a5 20       		.uleb128 0x20
 1916 01a6 34       		.uleb128 0x34
 1917 01a7 00       		.byte	0
 1918 01a8 03       		.uleb128 0x3
 1919 01a9 0E       		.uleb128 0xe
 1920 01aa 3A       		.uleb128 0x3a
 1921 01ab 0B       		.uleb128 0xb
 1922 01ac 3B       		.uleb128 0x3b
 1923 01ad 0B       		.uleb128 0xb
 1924 01ae 49       		.uleb128 0x49
 1925 01af 13       		.uleb128 0x13
 1926 01b0 02       		.uleb128 0x2
 1927 01b1 06       		.uleb128 0x6
 1928 01b2 00       		.byte	0
 1929 01b3 00       		.byte	0
 1930 01b4 21       		.uleb128 0x21
 1931 01b5 34       		.uleb128 0x34
 1932 01b6 00       		.byte	0
 1933 01b7 03       		.uleb128 0x3
 1934 01b8 0E       		.uleb128 0xe
ARM GAS  /tmp/ccqtOPZf.s 			page 35


 1935 01b9 3A       		.uleb128 0x3a
 1936 01ba 0B       		.uleb128 0xb
 1937 01bb 3B       		.uleb128 0x3b
 1938 01bc 05       		.uleb128 0x5
 1939 01bd 49       		.uleb128 0x49
 1940 01be 13       		.uleb128 0x13
 1941 01bf 3F       		.uleb128 0x3f
 1942 01c0 0C       		.uleb128 0xc
 1943 01c1 3C       		.uleb128 0x3c
 1944 01c2 0C       		.uleb128 0xc
 1945 01c3 00       		.byte	0
 1946 01c4 00       		.byte	0
 1947 01c5 00       		.byte	0
 1948              		.section	.debug_loc,"",%progbits
 1949              	.Ldebug_loc0:
 1950              	.LLST0:
 1951 0000 00000000 		.4byte	.LFB120
 1952 0004 04000000 		.4byte	.LCFI0
 1953 0008 0200     		.2byte	0x2
 1954 000a 7D       		.byte	0x7d
 1955 000b 00       		.sleb128 0
 1956 000c 04000000 		.4byte	.LCFI0
 1957 0010 C8000000 		.4byte	.LFE120
 1958 0014 0200     		.2byte	0x2
 1959 0016 7D       		.byte	0x7d
 1960 0017 20       		.sleb128 32
 1961 0018 00000000 		.4byte	0
 1962 001c 00000000 		.4byte	0
 1963              	.LLST1:
 1964 0020 00000000 		.4byte	.LVL10
 1965 0024 BE000000 		.4byte	.LVL31
 1966 0028 0100     		.2byte	0x1
 1967 002a 51       		.byte	0x51
 1968 002b BE000000 		.4byte	.LVL31
 1969 002f C0000000 		.4byte	.LVL32
 1970 0033 0500     		.2byte	0x5
 1971 0035 71       		.byte	0x71
 1972 0036 00       		.sleb128 0
 1973 0037 31       		.byte	0x31
 1974 0038 25       		.byte	0x25
 1975 0039 9F       		.byte	0x9f
 1976 003a C0000000 		.4byte	.LVL32
 1977 003e C8000000 		.4byte	.LFE120
 1978 0042 0100     		.2byte	0x1
 1979 0044 51       		.byte	0x51
 1980 0045 00000000 		.4byte	0
 1981 0049 00000000 		.4byte	0
 1982              	.LLST2:
 1983 004d 00000000 		.4byte	.LVL10
 1984 0051 1E000000 		.4byte	.LVL15
 1985 0055 0100     		.2byte	0x1
 1986 0057 52       		.byte	0x52
 1987 0058 1E000000 		.4byte	.LVL15
 1988 005c C8000000 		.4byte	.LFE120
 1989 0060 0400     		.2byte	0x4
 1990 0062 F3       		.byte	0xf3
 1991 0063 01       		.uleb128 0x1
ARM GAS  /tmp/ccqtOPZf.s 			page 36


 1992 0064 52       		.byte	0x52
 1993 0065 9F       		.byte	0x9f
 1994 0066 00000000 		.4byte	0
 1995 006a 00000000 		.4byte	0
 1996              	.LLST3:
 1997 006e 1E000000 		.4byte	.LVL15
 1998 0072 24000000 		.4byte	.LVL16
 1999 0076 0200     		.2byte	0x2
 2000 0078 30       		.byte	0x30
 2001 0079 9F       		.byte	0x9f
 2002 007a 24000000 		.4byte	.LVL16
 2003 007e C8000000 		.4byte	.LFE120
 2004 0082 0100     		.2byte	0x1
 2005 0084 53       		.byte	0x53
 2006 0085 00000000 		.4byte	0
 2007 0089 00000000 		.4byte	0
 2008              	.LLST4:
 2009 008d 24000000 		.4byte	.LVL16
 2010 0091 2E000000 		.4byte	.LVL21
 2011 0095 0A00     		.2byte	0xa
 2012 0097 72       		.byte	0x72
 2013 0098 00       		.sleb128 0
 2014 0099 73       		.byte	0x73
 2015 009a 00       		.sleb128 0
 2016 009b 37       		.byte	0x37
 2017 009c 1A       		.byte	0x1a
 2018 009d 32       		.byte	0x32
 2019 009e 24       		.byte	0x24
 2020 009f 24       		.byte	0x24
 2021 00a0 9F       		.byte	0x9f
 2022 00a1 3E000000 		.4byte	.LVL22
 2023 00a5 5E000000 		.4byte	.LVL26
 2024 00a9 0100     		.2byte	0x1
 2025 00ab 58       		.byte	0x58
 2026 00ac 5E000000 		.4byte	.LVL26
 2027 00b0 C8000000 		.4byte	.LFE120
 2028 00b4 0A00     		.2byte	0xa
 2029 00b6 72       		.byte	0x72
 2030 00b7 00       		.sleb128 0
 2031 00b8 73       		.byte	0x73
 2032 00b9 00       		.sleb128 0
 2033 00ba 37       		.byte	0x37
 2034 00bb 1A       		.byte	0x1a
 2035 00bc 32       		.byte	0x32
 2036 00bd 24       		.byte	0x24
 2037 00be 24       		.byte	0x24
 2038 00bf 9F       		.byte	0x9f
 2039 00c0 00000000 		.4byte	0
 2040 00c4 00000000 		.4byte	0
 2041              	.LLST5:
 2042 00c8 44000000 		.4byte	.LVL24
 2043 00cc BE000000 		.4byte	.LVL31
 2044 00d0 0500     		.2byte	0x5
 2045 00d2 31       		.byte	0x31
 2046 00d3 73       		.byte	0x73
 2047 00d4 00       		.sleb128 0
 2048 00d5 24       		.byte	0x24
ARM GAS  /tmp/ccqtOPZf.s 			page 37


 2049 00d6 9F       		.byte	0x9f
 2050 00d7 00000000 		.4byte	0
 2051 00db 00000000 		.4byte	0
 2052              	.LLST6:
 2053 00df 7E000000 		.4byte	.LVL27
 2054 00e3 8E000000 		.4byte	.LVL28
 2055 00e7 0700     		.2byte	0x7
 2056 00e9 33       		.byte	0x33
 2057 00ea 73       		.byte	0x73
 2058 00eb 00       		.sleb128 0
 2059 00ec 31       		.byte	0x31
 2060 00ed 24       		.byte	0x24
 2061 00ee 24       		.byte	0x24
 2062 00ef 9F       		.byte	0x9f
 2063 00f0 8E000000 		.4byte	.LVL28
 2064 00f4 92000000 		.4byte	.LVL29
 2065 00f8 0100     		.2byte	0x1
 2066 00fa 5C       		.byte	0x5c
 2067 00fb 92000000 		.4byte	.LVL29
 2068 00ff B6000000 		.4byte	.LVL30
 2069 0103 0400     		.2byte	0x4
 2070 0105 7C       		.byte	0x7c
 2071 0106 00       		.sleb128 0
 2072 0107 20       		.byte	0x20
 2073 0108 9F       		.byte	0x9f
 2074 0109 B6000000 		.4byte	.LVL30
 2075 010d BE000000 		.4byte	.LVL31
 2076 0111 0700     		.2byte	0x7
 2077 0113 33       		.byte	0x33
 2078 0114 73       		.byte	0x73
 2079 0115 00       		.sleb128 0
 2080 0116 31       		.byte	0x31
 2081 0117 24       		.byte	0x24
 2082 0118 24       		.byte	0x24
 2083 0119 9F       		.byte	0x9f
 2084 011a 00000000 		.4byte	0
 2085 011e 00000000 		.4byte	0
 2086              	.LLST7:
 2087 0122 24000000 		.4byte	.LVL16
 2088 0126 2E000000 		.4byte	.LVL21
 2089 012a 0A00     		.2byte	0xa
 2090 012c 79       		.byte	0x79
 2091 012d 00       		.sleb128 0
 2092 012e 73       		.byte	0x73
 2093 012f 00       		.sleb128 0
 2094 0130 37       		.byte	0x37
 2095 0131 1A       		.byte	0x1a
 2096 0132 32       		.byte	0x32
 2097 0133 24       		.byte	0x24
 2098 0134 24       		.byte	0x24
 2099 0135 9F       		.byte	0x9f
 2100 0136 42000000 		.4byte	.LVL23
 2101 013a 54000000 		.4byte	.LVL25
 2102 013e 0100     		.2byte	0x1
 2103 0140 5C       		.byte	0x5c
 2104 0141 54000000 		.4byte	.LVL25
 2105 0145 C8000000 		.4byte	.LFE120
ARM GAS  /tmp/ccqtOPZf.s 			page 38


 2106 0149 0A00     		.2byte	0xa
 2107 014b 79       		.byte	0x79
 2108 014c 00       		.sleb128 0
 2109 014d 73       		.byte	0x73
 2110 014e 00       		.sleb128 0
 2111 014f 37       		.byte	0x37
 2112 0150 1A       		.byte	0x1a
 2113 0151 32       		.byte	0x32
 2114 0152 24       		.byte	0x24
 2115 0153 24       		.byte	0x24
 2116 0154 9F       		.byte	0x9f
 2117 0155 00000000 		.4byte	0
 2118 0159 00000000 		.4byte	0
 2119              		.section	.debug_aranges,"",%progbits
 2120 0000 24000000 		.4byte	0x24
 2121 0004 0200     		.2byte	0x2
 2122 0006 00000000 		.4byte	.Ldebug_info0
 2123 000a 04       		.byte	0x4
 2124 000b 00       		.byte	0
 2125 000c 0000     		.2byte	0
 2126 000e 0000     		.2byte	0
 2127 0010 00000000 		.4byte	.LFB119
 2128 0014 A2010000 		.4byte	.LFE119-.LFB119
 2129 0018 00000000 		.4byte	.LFB120
 2130 001c C8000000 		.4byte	.LFE120-.LFB120
 2131 0020 00000000 		.4byte	0
 2132 0024 00000000 		.4byte	0
 2133              		.section	.debug_ranges,"",%progbits
 2134              	.Ldebug_ranges0:
 2135 0000 20000000 		.4byte	.LBB20
 2136 0004 28000000 		.4byte	.LBE20
 2137 0008 2C000000 		.4byte	.LBB27
 2138 000c 46000000 		.4byte	.LBE27
 2139 0010 00000000 		.4byte	0
 2140 0014 00000000 		.4byte	0
 2141 0018 28000000 		.4byte	.LBB23
 2142 001c 2C000000 		.4byte	.LBE23
 2143 0020 46000000 		.4byte	.LBB28
 2144 0024 4C000000 		.4byte	.LBE28
 2145 0028 50000000 		.4byte	.LBB33
 2146 002c 6A000000 		.4byte	.LBE33
 2147 0030 00000000 		.4byte	0
 2148 0034 00000000 		.4byte	0
 2149 0038 4C000000 		.4byte	.LBB29
 2150 003c 50000000 		.4byte	.LBE29
 2151 0040 6A000000 		.4byte	.LBB34
 2152 0044 88000000 		.4byte	.LBE34
 2153 0048 8C000000 		.4byte	.LBB39
 2154 004c 8E000000 		.4byte	.LBE39
 2155 0050 00000000 		.4byte	0
 2156 0054 00000000 		.4byte	0
 2157 0058 88000000 		.4byte	.LBB35
 2158 005c 8C000000 		.4byte	.LBE35
 2159 0060 8E000000 		.4byte	.LBB40
 2160 0064 94000000 		.4byte	.LBE40
 2161 0068 98000000 		.4byte	.LBB45
 2162 006c B2000000 		.4byte	.LBE45
ARM GAS  /tmp/ccqtOPZf.s 			page 39


 2163 0070 00000000 		.4byte	0
 2164 0074 00000000 		.4byte	0
 2165 0078 94000000 		.4byte	.LBB41
 2166 007c 98000000 		.4byte	.LBE41
 2167 0080 B2000000 		.4byte	.LBB46
 2168 0084 D6000000 		.4byte	.LBE46
 2169 0088 DA000000 		.4byte	.LBB51
 2170 008c DC000000 		.4byte	.LBE51
 2171 0090 00000000 		.4byte	0
 2172 0094 00000000 		.4byte	0
 2173 0098 D6000000 		.4byte	.LBB47
 2174 009c DA000000 		.4byte	.LBE47
 2175 00a0 DC000000 		.4byte	.LBB52
 2176 00a4 E4000000 		.4byte	.LBE52
 2177 00a8 E8000000 		.4byte	.LBB58
 2178 00ac 0E010000 		.4byte	.LBE58
 2179 00b0 00000000 		.4byte	0
 2180 00b4 00000000 		.4byte	0
 2181 00b8 E4000000 		.4byte	.LBB53
 2182 00bc E8000000 		.4byte	.LBE53
 2183 00c0 0E010000 		.4byte	.LBB59
 2184 00c4 16010000 		.4byte	.LBE59
 2185 00c8 1A010000 		.4byte	.LBB65
 2186 00cc 3E010000 		.4byte	.LBE65
 2187 00d0 42010000 		.4byte	.LBB67
 2188 00d4 44010000 		.4byte	.LBE67
 2189 00d8 00000000 		.4byte	0
 2190 00dc 00000000 		.4byte	0
 2191 00e0 16010000 		.4byte	.LBB60
 2192 00e4 1A010000 		.4byte	.LBE60
 2193 00e8 3E010000 		.4byte	.LBB66
 2194 00ec 42010000 		.4byte	.LBE66
 2195 00f0 44010000 		.4byte	.LBB68
 2196 00f4 6C010000 		.4byte	.LBE68
 2197 00f8 70010000 		.4byte	.LBB72
 2198 00fc 72010000 		.4byte	.LBE72
 2199 0100 00000000 		.4byte	0
 2200 0104 00000000 		.4byte	0
 2201 0108 6C010000 		.4byte	.LBB69
 2202 010c 70010000 		.4byte	.LBE69
 2203 0110 72010000 		.4byte	.LBB73
 2204 0114 A2010000 		.4byte	.LBE73
 2205 0118 00000000 		.4byte	0
 2206 011c 00000000 		.4byte	0
 2207 0120 16000000 		.4byte	.LBB74
 2208 0124 1A000000 		.4byte	.LBE74
 2209 0128 1E000000 		.4byte	.LBB75
 2210 012c 24000000 		.4byte	.LBE75
 2211 0130 2E000000 		.4byte	.LBB76
 2212 0134 36000000 		.4byte	.LBE76
 2213 0138 3A000000 		.4byte	.LBB77
 2214 013c 42000000 		.4byte	.LBE77
 2215 0140 44000000 		.4byte	.LBB78
 2216 0144 BE000000 		.4byte	.LBE78
 2217 0148 00000000 		.4byte	0
 2218 014c 00000000 		.4byte	0
 2219 0150 00000000 		.4byte	.LFB119
ARM GAS  /tmp/ccqtOPZf.s 			page 40


 2220 0154 A2010000 		.4byte	.LFE119
 2221 0158 00000000 		.4byte	.LFB120
 2222 015c C8000000 		.4byte	.LFE120
 2223 0160 00000000 		.4byte	0
 2224 0164 00000000 		.4byte	0
 2225              		.section	.debug_line,"",%progbits
 2226              	.Ldebug_line0:
 2227 0000 06020000 		.section	.debug_str,"MS",%progbits,1
 2227      02004801 
 2227      00000201 
 2227      FB0E0D00 
 2227      01010101 
 2228              	.LASF30:
 2229 0000 41484231 		.ascii	"AHB1LPENR\000"
 2229      4C50454E 
 2229      5200
 2230              	.LASF61:
 2231 000a 50434461 		.ascii	"PCData\000"
 2231      746100
 2232              	.LASF75:
 2233 0011 5F70616C 		.ascii	"_pal_lld_setgroupmode\000"
 2233      5F6C6C64 
 2233      5F736574 
 2233      67726F75 
 2233      706D6F64 
 2234              	.LASF20:
 2235 0027 41504231 		.ascii	"APB1RSTR\000"
 2235      52535452 
 2235      00
 2236              	.LASF24:
 2237 0030 41484232 		.ascii	"AHB2ENR\000"
 2237      454E5200 
 2238              	.LASF58:
 2239 0038 73746D33 		.ascii	"stm32_gpio_setup_t\000"
 2239      325F6770 
 2239      696F5F73 
 2239      65747570 
 2239      5F7400
 2240              	.LASF64:
 2241 004b 50464461 		.ascii	"PFData\000"
 2241      746100
 2242              	.LASF74:
 2243 0052 5F70616C 		.ascii	"_pal_lld_init\000"
 2243      5F6C6C64 
 2243      5F696E69 
 2243      7400
 2244              	.LASF3:
 2245 0060 73686F72 		.ascii	"short int\000"
 2245      7420696E 
 2245      7400
 2246              	.LASF84:
 2247 006a 696E6974 		.ascii	"initgpio\000"
 2247      6770696F 
 2247      00
 2248              	.LASF12:
 2249 0073 73697A65 		.ascii	"sizetype\000"
 2249      74797065 
ARM GAS  /tmp/ccqtOPZf.s 			page 41


 2249      00
 2250              	.LASF37:
 2251 007c 42444352 		.ascii	"BDCR\000"
 2251      00
 2252              	.LASF67:
 2253 0081 50494461 		.ascii	"PIData\000"
 2253      746100
 2254              	.LASF40:
 2255 0088 504C4C49 		.ascii	"PLLI2SCFGR\000"
 2255      32534346 
 2255      475200
 2256              	.LASF72:
 2257 0093 6770696F 		.ascii	"gpiop\000"
 2257      7000
 2258              	.LASF39:
 2259 0099 53534347 		.ascii	"SSCGR\000"
 2259      5200
 2260              	.LASF60:
 2261 009f 50424461 		.ascii	"PBData\000"
 2261      746100
 2262              	.LASF83:
 2263 00a6 2F686F6D 		.ascii	"/home/david/Projects/stm32/src/pressure_sensor\000"
 2263      652F6461 
 2263      7669642F 
 2263      50726F6A 
 2263      65637473 
 2264              	.LASF73:
 2265 00d5 636F6E66 		.ascii	"config\000"
 2265      696700
 2266              	.LASF70:
 2267 00dc 696F6D6F 		.ascii	"iomode_t\000"
 2267      64655F74 
 2267      00
 2268              	.LASF32:
 2269 00e5 41484233 		.ascii	"AHB3LPENR\000"
 2269      4C50454E 
 2269      5200
 2270              	.LASF27:
 2271 00ef 41504231 		.ascii	"APB1ENR\000"
 2271      454E5200 
 2272              	.LASF69:
 2273 00f7 696F706F 		.ascii	"ioportmask_t\000"
 2273      72746D61 
 2273      736B5F74 
 2273      00
 2274              	.LASF44:
 2275 0104 4F545950 		.ascii	"OTYPER\000"
 2275      455200
 2276              	.LASF25:
 2277 010b 41484233 		.ascii	"AHB3ENR\000"
 2277      454E5200 
 2278              	.LASF45:
 2279 0113 4F535045 		.ascii	"OSPEEDR\000"
 2279      45445200 
 2280              	.LASF10:
 2281 011b 6C6F6E67 		.ascii	"long long int\000"
 2281      206C6F6E 
ARM GAS  /tmp/ccqtOPZf.s 			page 42


 2281      6720696E 
 2281      7400
 2282              	.LASF46:
 2283 0129 50555044 		.ascii	"PUPDR\000"
 2283      5200
 2284              	.LASF54:
 2285 012f 6F737065 		.ascii	"ospeedr\000"
 2285      65647200 
 2286              	.LASF7:
 2287 0137 6C6F6E67 		.ascii	"long int\000"
 2287      20696E74 
 2287      00
 2288              	.LASF62:
 2289 0140 50444461 		.ascii	"PDData\000"
 2289      746100
 2290              	.LASF41:
 2291 0147 5243435F 		.ascii	"RCC_TypeDef\000"
 2291      54797065 
 2291      44656600 
 2292              	.LASF43:
 2293 0153 4D4F4445 		.ascii	"MODER\000"
 2293      5200
 2294              	.LASF21:
 2295 0159 41504232 		.ascii	"APB2RSTR\000"
 2295      52535452 
 2295      00
 2296              	.LASF42:
 2297 0162 636C6561 		.ascii	"clear\000"
 2297      7200
 2298              	.LASF65:
 2299 0168 50474461 		.ascii	"PGData\000"
 2299      746100
 2300              	.LASF59:
 2301 016f 50414461 		.ascii	"PAData\000"
 2301      746100
 2302              	.LASF71:
 2303 0176 696F706F 		.ascii	"ioportid_t\000"
 2303      72746964 
 2303      5F7400
 2304              	.LASF2:
 2305 0181 756E7369 		.ascii	"unsigned char\000"
 2305      676E6564 
 2305      20636861 
 2305      7200
 2306              	.LASF28:
 2307 018f 41504232 		.ascii	"APB2ENR\000"
 2307      454E5200 
 2308              	.LASF1:
 2309 0197 7369676E 		.ascii	"signed char\000"
 2309      65642063 
 2309      68617200 
 2310              	.LASF11:
 2311 01a3 6C6F6E67 		.ascii	"long long unsigned int\000"
 2311      206C6F6E 
 2311      6720756E 
 2311      7369676E 
 2311      65642069 
ARM GAS  /tmp/ccqtOPZf.s 			page 43


 2312              	.LASF8:
 2313 01ba 75696E74 		.ascii	"uint32_t\000"
 2313      33325F74 
 2313      00
 2314              	.LASF53:
 2315 01c3 6F747970 		.ascii	"otyper\000"
 2315      657200
 2316              	.LASF17:
 2317 01ca 41484232 		.ascii	"AHB2RSTR\000"
 2317      52535452 
 2317      00
 2318              	.LASF5:
 2319 01d3 75696E74 		.ascii	"uint16_t\000"
 2319      31365F74 
 2319      00
 2320              	.LASF81:
 2321 01dc 474E5520 		.ascii	"GNU C 4.7.2\000"
 2321      4320342E 
 2321      372E3200 
 2322              	.LASF9:
 2323 01e8 6C6F6E67 		.ascii	"long unsigned int\000"
 2323      20756E73 
 2323      69676E65 
 2323      6420696E 
 2323      7400
 2324              	.LASF50:
 2325 01fa 41465248 		.ascii	"AFRH\000"
 2325      00
 2326              	.LASF14:
 2327 01ff 504C4C43 		.ascii	"PLLCFGR\000"
 2327      46475200 
 2328              	.LASF49:
 2329 0207 4146524C 		.ascii	"AFRL\000"
 2329      00
 2330              	.LASF4:
 2331 020c 73686F72 		.ascii	"short unsigned int\000"
 2331      7420756E 
 2331      7369676E 
 2331      65642069 
 2331      6E7400
 2332              	.LASF34:
 2333 021f 41504231 		.ascii	"APB1LPENR\000"
 2333      4C50454E 
 2333      5200
 2334              	.LASF13:
 2335 0229 63686172 		.ascii	"char\000"
 2335      00
 2336              	.LASF6:
 2337 022e 696E7433 		.ascii	"int32_t\000"
 2337      325F7400 
 2338              	.LASF68:
 2339 0236 50414C43 		.ascii	"PALConfig\000"
 2339      6F6E6669 
 2339      6700
 2340              	.LASF78:
 2341 0240 6D6F6465 		.ascii	"mode\000"
 2341      00
ARM GAS  /tmp/ccqtOPZf.s 			page 44


 2342              	.LASF31:
 2343 0245 41484232 		.ascii	"AHB2LPENR\000"
 2343      4C50454E 
 2343      5200
 2344              	.LASF76:
 2345 024f 706F7274 		.ascii	"port\000"
 2345      00
 2346              	.LASF63:
 2347 0254 50454461 		.ascii	"PEData\000"
 2347      746100
 2348              	.LASF19:
 2349 025b 52455345 		.ascii	"RESERVED0\000"
 2349      52564544 
 2349      3000
 2350              	.LASF22:
 2351 0265 52455345 		.ascii	"RESERVED1\000"
 2351      52564544 
 2351      3100
 2352              	.LASF26:
 2353 026f 52455345 		.ascii	"RESERVED2\000"
 2353      52564544 
 2353      3200
 2354              	.LASF29:
 2355 0279 52455345 		.ascii	"RESERVED3\000"
 2355      52564544 
 2355      3300
 2356              	.LASF33:
 2357 0283 52455345 		.ascii	"RESERVED4\000"
 2357      52564544 
 2357      3400
 2358              	.LASF36:
 2359 028d 52455345 		.ascii	"RESERVED5\000"
 2359      52564544 
 2359      3500
 2360              	.LASF38:
 2361 0297 52455345 		.ascii	"RESERVED6\000"
 2361      52564544 
 2361      3600
 2362              	.LASF66:
 2363 02a1 50484461 		.ascii	"PHData\000"
 2363      746100
 2364              	.LASF23:
 2365 02a8 41484231 		.ascii	"AHB1ENR\000"
 2365      454E5200 
 2366              	.LASF77:
 2367 02b0 6D61736B 		.ascii	"mask\000"
 2367      00
 2368              	.LASF55:
 2369 02b5 70757064 		.ascii	"pupdr\000"
 2369      7200
 2370              	.LASF57:
 2371 02bb 61667268 		.ascii	"afrh\000"
 2371      00
 2372              	.LASF56:
 2373 02c0 6166726C 		.ascii	"afrl\000"
 2373      00
 2374              	.LASF52:
ARM GAS  /tmp/ccqtOPZf.s 			page 45


 2375 02c5 6D6F6465 		.ascii	"moder\000"
 2375      7200
 2376              	.LASF16:
 2377 02cb 41484231 		.ascii	"AHB1RSTR\000"
 2377      52535452 
 2377      00
 2378              	.LASF51:
 2379 02d4 4750494F 		.ascii	"GPIO_TypeDef\000"
 2379      5F547970 
 2379      65446566 
 2379      00
 2380              	.LASF18:
 2381 02e1 41484233 		.ascii	"AHB3RSTR\000"
 2381      52535452 
 2381      00
 2382              	.LASF79:
 2383 02ea 616C7472 		.ascii	"altr\000"
 2383      00
 2384              	.LASF85:
 2385 02ef 49544D5F 		.ascii	"ITM_RxBuffer\000"
 2385      52784275 
 2385      66666572 
 2385      00
 2386              	.LASF80:
 2387 02fc 616C7472 		.ascii	"altrmask\000"
 2387      6D61736B 
 2387      00
 2388              	.LASF0:
 2389 0305 756E7369 		.ascii	"unsigned int\000"
 2389      676E6564 
 2389      20696E74 
 2389      00
 2390              	.LASF15:
 2391 0312 43464752 		.ascii	"CFGR\000"
 2391      00
 2392              	.LASF48:
 2393 0317 4C434B52 		.ascii	"LCKR\000"
 2393      00
 2394              	.LASF82:
 2395 031c 2E2E2F2E 		.ascii	"../../ChibiOS/os/hal/platforms/STM32/GPIOv2/pal_lld"
 2395      2E2F4368 
 2395      6962694F 
 2395      532F6F73 
 2395      2F68616C 
 2396 034f 2E6300   		.ascii	".c\000"
 2397              	.LASF35:
 2398 0352 41504232 		.ascii	"APB2LPENR\000"
 2398      4C50454E 
 2398      5200
 2399              	.LASF47:
 2400 035c 42535252 		.ascii	"BSRR\000"
 2400      00
 2401              		.ident	"GCC: (crosstool-NG 1.17.0 - PSAS ST32F4 GFE) 4.7.2"
ARM GAS  /tmp/ccqtOPZf.s 			page 46


DEFINED SYMBOLS
                            *ABS*:0000000000000000 pal_lld.c
     /tmp/ccqtOPZf.s:21     .text._pal_lld_init:0000000000000000 $t
     /tmp/ccqtOPZf.s:27     .text._pal_lld_init:0000000000000000 _pal_lld_init
     /tmp/ccqtOPZf.s:385    .text._pal_lld_setgroupmode:0000000000000000 $t
     /tmp/ccqtOPZf.s:391    .text._pal_lld_setgroupmode:0000000000000000 _pal_lld_setgroupmode
                     .debug_frame:0000000000000010 $d

NO UNDEFINED SYMBOLS
