ARM GAS  /tmp/ccE1bsL0.s 			page 1


   1              		.syntax unified
   2              		.cpu cortex-m4
   3              		.eabi_attribute 27, 3
   4              		.eabi_attribute 28, 1
   5              		.fpu fpv4-sp-d16
   6              		.eabi_attribute 20, 1
   7              		.eabi_attribute 21, 1
   8              		.eabi_attribute 23, 3
   9              		.eabi_attribute 24, 1
  10              		.eabi_attribute 25, 1
  11              		.eabi_attribute 26, 1
  12              		.eabi_attribute 30, 2
  13              		.eabi_attribute 34, 1
  14              		.eabi_attribute 18, 4
  15              		.thumb
  16              		.file	"tm.c"
  17              		.text
  18              	.Ltext0:
  19              		.cfi_sections	.debug_frame
  20              		.section	.text.tm_start,"ax",%progbits
  21              		.align	2
  22              		.p2align 4,,15
  23              		.thumb
  24              		.thumb_func
  25              		.type	tm_start, %function
  26              	tm_start:
  27              	.LFB118:
  28              		.file 1 "../../ChibiOS/os/hal/src/tm.c"
  29              		.loc 1 62 0
  30              		.cfi_startproc
  31              		@ args = 0, pretend = 0, frame = 0
  32              		@ frame_needed = 0, uses_anonymous_args = 0
  33              		@ link register save eliminated.
  34              	.LVL0:
  35              		.loc 1 64 0
  36 0000 4FF48053 		mov	r3, #4096
  37 0004 CEF20003 		movt	r3, 57344
  38 0008 5B68     		ldr	r3, [r3, #4]
  39 000a 8360     		str	r3, [r0, #8]
  40 000c 7047     		bx	lr
  41              		.cfi_endproc
  42              	.LFE118:
  43              		.size	tm_start, .-tm_start
  44 000e 00BF     		.section	.text.tm_stop,"ax",%progbits
  45              		.align	2
  46              		.p2align 4,,15
  47              		.thumb
  48              		.thumb_func
  49              		.type	tm_stop, %function
  50              	tm_stop:
  51              	.LFB119:
  52              		.loc 1 74 0
  53              		.cfi_startproc
  54              		@ args = 0, pretend = 0, frame = 0
  55              		@ frame_needed = 0, uses_anonymous_args = 0
  56              		@ link register save eliminated.
  57              	.LVL1:
ARM GAS  /tmp/ccE1bsL0.s 			page 2


  58              		.loc 1 76 0
  59 0000 4FF48053 		mov	r3, #4096
  60 0004 CEF20003 		movt	r3, 57344
  61              		.loc 1 77 0
  62 0008 094A     		ldr	r2, .L6
  63              		.loc 1 76 0
  64 000a 5B68     		ldr	r3, [r3, #4]
  65              	.LVL2:
  66              		.loc 1 77 0
  67 000c 8168     		ldr	r1, [r0, #8]
  68              		.loc 1 74 0
  69 000e 10B4     		push	{r4}
  70              	.LCFI0:
  71              		.cfi_def_cfa_offset 4
  72              		.cfi_offset 4, -4
  73              		.loc 1 77 0
  74 0010 1468     		ldr	r4, [r2, #0]
  75              		.loc 1 78 0
  76 0012 C268     		ldr	r2, [r0, #12]
  77              		.loc 1 77 0
  78 0014 5B1A     		subs	r3, r3, r1
  79              	.LVL3:
  80 0016 1B1B     		subs	r3, r3, r4
  81              		.loc 1 78 0
  82 0018 9342     		cmp	r3, r2
  83              		.loc 1 77 0
  84 001a 8360     		str	r3, [r0, #8]
  85              		.loc 1 79 0
  86 001c 88BF     		it	hi
  87 001e C360     		strhi	r3, [r0, #12]
  88              		.loc 1 78 0
  89 0020 03D8     		bhi	.L2
  90              		.loc 1 80 0
  91 0022 0269     		ldr	r2, [r0, #16]
  92 0024 9342     		cmp	r3, r2
  93              		.loc 1 81 0
  94 0026 38BF     		it	cc
  95 0028 0361     		strcc	r3, [r0, #16]
  96              	.L2:
  97              		.loc 1 82 0
  98 002a 10BC     		pop	{r4}
  99 002c 7047     		bx	lr
 100              	.L7:
 101 002e 00BF     		.align	2
 102              	.L6:
 103 0030 00000000 		.word	.LANCHOR0
 104              		.cfi_endproc
 105              	.LFE119:
 106              		.size	tm_stop, .-tm_stop
 107 0034 AFF30080 		.section	.text.tmInit,"ax",%progbits
 107      AFF30080 
 107      AFF30080 
 108              		.align	2
 109              		.p2align 4,,15
 110              		.global	tmInit
 111              		.thumb
 112              		.thumb_func
ARM GAS  /tmp/ccE1bsL0.s 			page 3


 113              		.type	tmInit, %function
 114              	tmInit:
 115              	.LFB120:
 116              		.loc 1 97 0
 117              		.cfi_startproc
 118              		@ args = 0, pretend = 0, frame = 24
 119              		@ frame_needed = 0, uses_anonymous_args = 0
 120 0000 10B5     		push	{r4, lr}
 121              	.LCFI1:
 122              		.cfi_def_cfa_offset 8
 123              		.cfi_offset 4, -8
 124              		.cfi_offset 14, -4
 125              		.loc 1 103 0
 126 0002 40F20004 		movw	r4, #:lower16:.LANCHOR0
 127              		.loc 1 97 0
 128 0006 86B0     		sub	sp, sp, #24
 129              	.LCFI2:
 130              		.cfi_def_cfa_offset 32
 131              		.loc 1 103 0
 132 0008 C0F20004 		movt	r4, #:upper16:.LANCHOR0
 133 000c 0022     		movs	r2, #0
 134 000e 2260     		str	r2, [r4, #0]
 135              	.LVL4:
 136              	.LBB8:
 137              	.LBB9:
 138              		.loc 1 122 0
 139 0010 0492     		str	r2, [sp, #16]
 140              	.LBE9:
 141              	.LBE8:
 142              	.LBB14:
 143              	.LBB15:
 144              		.loc 1 64 0
 145 0012 4FF48053 		mov	r3, #4096
 146              	.LBE15:
 147              	.LBE14:
 148              	.LBB19:
 149              	.LBB10:
 150              		.loc 1 123 0
 151 0016 4FF0FF32 		mov	r2, #-1
 152 001a 0592     		str	r2, [sp, #20]
 153              	.LVL5:
 154              	.LBE10:
 155              	.LBE19:
 156              	.LBB20:
 157              	.LBB16:
 158              		.loc 1 64 0
 159 001c CEF20003 		movt	r3, 57344
 160              	.LBE16:
 161              	.LBE20:
 162              	.LBB21:
 163              	.LBB11:
 164              		.loc 1 119 0
 165 0020 40F20002 		movw	r2, #:lower16:tm_start
 166 0024 C0F20002 		movt	r2, #:upper16:tm_start
 167              	.LBE11:
 168              	.LBE21:
 169              	.LBB22:
ARM GAS  /tmp/ccE1bsL0.s 			page 4


 170              	.LBB17:
 171              		.loc 1 64 0
 172 0028 5B68     		ldr	r3, [r3, #4]
 173              	.LBE17:
 174              	.LBE22:
 175              	.LBB23:
 176              	.LBB12:
 177              		.loc 1 119 0
 178 002a 0192     		str	r2, [sp, #4]
 179              		.loc 1 120 0
 180 002c 40F20002 		movw	r2, #:lower16:tm_stop
 181 0030 C0F20002 		movt	r2, #:upper16:tm_stop
 182              	.LBE12:
 183              	.LBE23:
 184              		.loc 1 106 0
 185 0034 01A8     		add	r0, sp, #4
 186              	.LVL6:
 187              	.LBB24:
 188              	.LBB18:
 189              		.loc 1 64 0
 190 0036 0393     		str	r3, [sp, #12]
 191              	.LBE18:
 192              	.LBE24:
 193              	.LBB25:
 194              	.LBB13:
 195              		.loc 1 120 0
 196 0038 0292     		str	r2, [sp, #8]
 197              	.LBE13:
 198              	.LBE25:
 199              		.loc 1 106 0
 200 003a FFF7FEFF 		bl	tm_stop
 201              	.LVL7:
 202              		.loc 1 107 0
 203 003e 039B     		ldr	r3, [sp, #12]
 204 0040 2360     		str	r3, [r4, #0]
 205              		.loc 1 108 0
 206 0042 06B0     		add	sp, sp, #24
 207 0044 10BD     		pop	{r4, pc}
 208              		.cfi_endproc
 209              	.LFE120:
 210              		.size	tmInit, .-tmInit
 211 0046 00BFAFF3 		.section	.text.tmObjectInit,"ax",%progbits
 211      0080AFF3 
 211      0080
 212              		.align	2
 213              		.p2align 4,,15
 214              		.global	tmObjectInit
 215              		.thumb
 216              		.thumb_func
 217              		.type	tmObjectInit, %function
 218              	tmObjectInit:
 219              	.LFB121:
 220              		.loc 1 117 0
 221              		.cfi_startproc
 222              		@ args = 0, pretend = 0, frame = 0
 223              		@ frame_needed = 0, uses_anonymous_args = 0
 224              		@ link register save eliminated.
ARM GAS  /tmp/ccE1bsL0.s 			page 5


 225              	.LVL8:
 226              		.loc 1 119 0
 227 0000 40F20002 		movw	r2, #:lower16:tm_start
 228 0004 C0F20002 		movt	r2, #:upper16:tm_start
 229              		.loc 1 121 0
 230 0008 0023     		movs	r3, #0
 231              		.loc 1 119 0
 232 000a 0260     		str	r2, [r0, #0]
 233              		.loc 1 120 0
 234 000c 40F20002 		movw	r2, #:lower16:tm_stop
 235 0010 C0F20002 		movt	r2, #:upper16:tm_stop
 236              		.loc 1 121 0
 237 0014 8360     		str	r3, [r0, #8]
 238              		.loc 1 122 0
 239 0016 C360     		str	r3, [r0, #12]
 240              		.loc 1 123 0
 241 0018 4FF0FF33 		mov	r3, #-1
 242              		.loc 1 120 0
 243 001c 4260     		str	r2, [r0, #4]
 244              		.loc 1 123 0
 245 001e 0361     		str	r3, [r0, #16]
 246 0020 7047     		bx	lr
 247              		.cfi_endproc
 248              	.LFE121:
 249              		.size	tmObjectInit, .-tmObjectInit
 250 0022 00BFAFF3 		.section	.bss.measurement_offset,"aw",%nobits
 250      0080AFF3 
 250      0080AFF3 
 250      0080
 251              		.align	2
 252              		.set	.LANCHOR0,. + 0
 253              		.type	measurement_offset, %object
 254              		.size	measurement_offset, 4
 255              	measurement_offset:
 256 0000 00000000 		.space	4
 257              		.text
 258              	.Letext0:
 259              		.file 2 "/home/david/toolchains/psas/x-tools/stm32f407/arm-psas-eabi/bin/../lib/gcc/arm-psas-eabi/
 260              		.file 3 "../../ChibiOS/os/ports/common/ARMCMx/nvic.h"
 261              		.file 4 "../../ChibiOS/os/hal/platforms/STM32F4xx/hal_lld.h"
 262              		.file 5 "../../ChibiOS/os/hal/include/tm.h"
 263              		.file 6 "../../ChibiOS/os/ports/common/ARMCMx/CMSIS/include/core_cm4.h"
 264              		.section	.debug_info,"",%progbits
 265              	.Ldebug_info0:
 266 0000 E8020000 		.4byte	0x2e8
 267 0004 0200     		.2byte	0x2
 268 0006 00000000 		.4byte	.Ldebug_abbrev0
 269 000a 04       		.byte	0x4
 270 000b 01       		.uleb128 0x1
 271 000c 55010000 		.4byte	.LASF31
 272 0010 01       		.byte	0x1
 273 0011 00000000 		.4byte	.LASF32
 274 0015 1E000000 		.4byte	.LASF33
 275 0019 58000000 		.4byte	.Ldebug_ranges0+0x58
 276 001d 00000000 		.4byte	0
 277 0021 00000000 		.4byte	0
 278 0025 00000000 		.4byte	.Ldebug_line0
ARM GAS  /tmp/ccE1bsL0.s 			page 6


 279 0029 02       		.uleb128 0x2
 280 002a 04       		.byte	0x4
 281 002b 05       		.byte	0x5
 282 002c 696E7400 		.ascii	"int\000"
 283 0030 03       		.uleb128 0x3
 284 0031 04       		.byte	0x4
 285 0032 07       		.byte	0x7
 286 0033 FC000000 		.4byte	.LASF0
 287 0037 03       		.uleb128 0x3
 288 0038 01       		.byte	0x1
 289 0039 06       		.byte	0x6
 290 003a 9D010000 		.4byte	.LASF1
 291 003e 03       		.uleb128 0x3
 292 003f 01       		.byte	0x1
 293 0040 08       		.byte	0x8
 294 0041 85000000 		.4byte	.LASF2
 295 0045 03       		.uleb128 0x3
 296 0046 02       		.byte	0x2
 297 0047 05       		.byte	0x5
 298 0048 74010000 		.4byte	.LASF3
 299 004c 03       		.uleb128 0x3
 300 004d 02       		.byte	0x2
 301 004e 07       		.byte	0x7
 302 004f C0000000 		.4byte	.LASF4
 303 0053 04       		.uleb128 0x4
 304 0054 2E010000 		.4byte	.LASF6
 305 0058 02       		.byte	0x2
 306 0059 4F       		.byte	0x4f
 307 005a 5E000000 		.4byte	0x5e
 308 005e 03       		.uleb128 0x3
 309 005f 04       		.byte	0x4
 310 0060 05       		.byte	0x5
 311 0061 94010000 		.4byte	.LASF5
 312 0065 04       		.uleb128 0x4
 313 0066 8B010000 		.4byte	.LASF7
 314 006a 02       		.byte	0x2
 315 006b 50       		.byte	0x50
 316 006c 70000000 		.4byte	0x70
 317 0070 03       		.uleb128 0x3
 318 0071 04       		.byte	0x4
 319 0072 07       		.byte	0x7
 320 0073 A1000000 		.4byte	.LASF8
 321 0077 03       		.uleb128 0x3
 322 0078 08       		.byte	0x8
 323 0079 05       		.byte	0x5
 324 007a 3F010000 		.4byte	.LASF9
 325 007e 03       		.uleb128 0x3
 326 007f 08       		.byte	0x8
 327 0080 07       		.byte	0x7
 328 0081 6E000000 		.4byte	.LASF10
 329 0085 04       		.uleb128 0x4
 330 0086 4D010000 		.4byte	.LASF11
 331 008a 03       		.byte	0x3
 332 008b 33       		.byte	0x33
 333 008c 90000000 		.4byte	0x90
 334 0090 05       		.uleb128 0x5
 335 0091 65000000 		.4byte	0x65
ARM GAS  /tmp/ccE1bsL0.s 			page 7


 336 0095 03       		.uleb128 0x3
 337 0096 04       		.byte	0x4
 338 0097 07       		.byte	0x7
 339 0098 36010000 		.4byte	.LASF12
 340 009c 06       		.uleb128 0x6
 341 009d 20       		.byte	0x20
 342 009e 03       		.byte	0x3
 343 009f FF       		.byte	0xff
 344 00a0 1D010000 		.4byte	0x11d
 345 00a4 07       		.uleb128 0x7
 346 00a5 22010000 		.4byte	.LASF13
 347 00a9 03       		.byte	0x3
 348 00aa 0001     		.2byte	0x100
 349 00ac 85000000 		.4byte	0x85
 350 00b0 02       		.byte	0x2
 351 00b1 23       		.byte	0x23
 352 00b2 00       		.uleb128 0
 353 00b3 07       		.uleb128 0x7
 354 00b4 93000000 		.4byte	.LASF14
 355 00b8 03       		.byte	0x3
 356 00b9 0101     		.2byte	0x101
 357 00bb 85000000 		.4byte	0x85
 358 00bf 02       		.byte	0x2
 359 00c0 23       		.byte	0x23
 360 00c1 04       		.uleb128 0x4
 361 00c2 07       		.uleb128 0x7
 362 00c3 D3000000 		.4byte	.LASF15
 363 00c7 03       		.byte	0x3
 364 00c8 0201     		.2byte	0x102
 365 00ca 85000000 		.4byte	0x85
 366 00ce 02       		.byte	0x2
 367 00cf 23       		.byte	0x23
 368 00d0 08       		.uleb128 0x8
 369 00d1 07       		.uleb128 0x7
 370 00d2 27010000 		.4byte	.LASF16
 371 00d6 03       		.byte	0x3
 372 00d7 0301     		.2byte	0x103
 373 00d9 85000000 		.4byte	0x85
 374 00dd 02       		.byte	0x2
 375 00de 23       		.byte	0x23
 376 00df 0C       		.uleb128 0xc
 377 00e0 07       		.uleb128 0x7
 378 00e1 60000000 		.4byte	.LASF17
 379 00e5 03       		.byte	0x3
 380 00e6 0401     		.2byte	0x104
 381 00e8 85000000 		.4byte	0x85
 382 00ec 02       		.byte	0x2
 383 00ed 23       		.byte	0x23
 384 00ee 10       		.uleb128 0x10
 385 00ef 07       		.uleb128 0x7
 386 00f0 F5000000 		.4byte	.LASF18
 387 00f4 03       		.byte	0x3
 388 00f5 0501     		.2byte	0x105
 389 00f7 85000000 		.4byte	0x85
 390 00fb 02       		.byte	0x2
 391 00fc 23       		.byte	0x23
 392 00fd 14       		.uleb128 0x14
ARM GAS  /tmp/ccE1bsL0.s 			page 8


 393 00fe 07       		.uleb128 0x7
 394 00ff E7000000 		.4byte	.LASF19
 395 0103 03       		.byte	0x3
 396 0104 0601     		.2byte	0x106
 397 0106 85000000 		.4byte	0x85
 398 010a 02       		.byte	0x2
 399 010b 23       		.byte	0x23
 400 010c 18       		.uleb128 0x18
 401 010d 07       		.uleb128 0x7
 402 010e 4D000000 		.4byte	.LASF20
 403 0112 03       		.byte	0x3
 404 0113 0701     		.2byte	0x107
 405 0115 85000000 		.4byte	0x85
 406 0119 02       		.byte	0x2
 407 011a 23       		.byte	0x23
 408 011b 1C       		.uleb128 0x1c
 409 011c 00       		.byte	0
 410 011d 08       		.uleb128 0x8
 411 011e 7E010000 		.4byte	.LASF21
 412 0122 03       		.byte	0x3
 413 0123 0801     		.2byte	0x108
 414 0125 9C000000 		.4byte	0x9c
 415 0129 03       		.uleb128 0x3
 416 012a 01       		.byte	0x1
 417 012b 08       		.byte	0x8
 418 012c 14010000 		.4byte	.LASF22
 419 0130 05       		.uleb128 0x5
 420 0131 53000000 		.4byte	0x53
 421 0135 08       		.uleb128 0x8
 422 0136 09010000 		.4byte	.LASF23
 423 013a 04       		.byte	0x4
 424 013b EF05     		.2byte	0x5ef
 425 013d 65000000 		.4byte	0x65
 426 0141 04       		.uleb128 0x4
 427 0142 A9010000 		.4byte	.LASF24
 428 0146 05       		.byte	0x5
 429 0147 3E       		.byte	0x3e
 430 0148 4C010000 		.4byte	0x14c
 431 014c 09       		.uleb128 0x9
 432 014d A9010000 		.4byte	.LASF24
 433 0151 14       		.byte	0x14
 434 0152 05       		.byte	0x5
 435 0153 43       		.byte	0x43
 436 0154 9F010000 		.4byte	0x19f
 437 0158 0A       		.uleb128 0xa
 438 0159 5A000000 		.4byte	.LASF25
 439 015d 05       		.byte	0x5
 440 015e 44       		.byte	0x44
 441 015f B1010000 		.4byte	0x1b1
 442 0163 02       		.byte	0x2
 443 0164 23       		.byte	0x23
 444 0165 00       		.uleb128 0
 445 0166 0A       		.uleb128 0xa
 446 0167 69000000 		.4byte	.LASF26
 447 016b 05       		.byte	0x5
 448 016c 45       		.byte	0x45
 449 016d B1010000 		.4byte	0x1b1
ARM GAS  /tmp/ccE1bsL0.s 			page 9


 450 0171 02       		.byte	0x2
 451 0172 23       		.byte	0x23
 452 0173 04       		.uleb128 0x4
 453 0174 0A       		.uleb128 0xa
 454 0175 B9010000 		.4byte	.LASF27
 455 0179 05       		.byte	0x5
 456 017a 46       		.byte	0x46
 457 017b 35010000 		.4byte	0x135
 458 017f 02       		.byte	0x2
 459 0180 23       		.byte	0x23
 460 0181 08       		.uleb128 0x8
 461 0182 0A       		.uleb128 0xa
 462 0183 EF000000 		.4byte	.LASF28
 463 0187 05       		.byte	0x5
 464 0188 47       		.byte	0x47
 465 0189 35010000 		.4byte	0x135
 466 018d 02       		.byte	0x2
 467 018e 23       		.byte	0x23
 468 018f 0C       		.uleb128 0xc
 469 0190 0A       		.uleb128 0xa
 470 0191 86010000 		.4byte	.LASF29
 471 0195 05       		.byte	0x5
 472 0196 48       		.byte	0x48
 473 0197 35010000 		.4byte	0x135
 474 019b 02       		.byte	0x2
 475 019c 23       		.byte	0x23
 476 019d 10       		.uleb128 0x10
 477 019e 00       		.byte	0
 478 019f 0B       		.uleb128 0xb
 479 01a0 01       		.byte	0x1
 480 01a1 AB010000 		.4byte	0x1ab
 481 01a5 0C       		.uleb128 0xc
 482 01a6 AB010000 		.4byte	0x1ab
 483 01aa 00       		.byte	0
 484 01ab 0D       		.uleb128 0xd
 485 01ac 04       		.byte	0x4
 486 01ad 41010000 		.4byte	0x141
 487 01b1 0D       		.uleb128 0xd
 488 01b2 04       		.byte	0x4
 489 01b3 9F010000 		.4byte	0x19f
 490 01b7 0E       		.uleb128 0xe
 491 01b8 01       		.byte	0x1
 492 01b9 B3000000 		.4byte	.LASF34
 493 01bd 01       		.byte	0x1
 494 01be 75       		.byte	0x75
 495 01bf 01       		.byte	0x1
 496 01c0 01       		.byte	0x1
 497 01c1 D1010000 		.4byte	0x1d1
 498 01c5 0F       		.uleb128 0xf
 499 01c6 746D7000 		.ascii	"tmp\000"
 500 01ca 01       		.byte	0x1
 501 01cb 75       		.byte	0x75
 502 01cc AB010000 		.4byte	0x1ab
 503 01d0 00       		.byte	0
 504 01d1 10       		.uleb128 0x10
 505 01d2 19010000 		.4byte	.LASF35
 506 01d6 01       		.byte	0x1
ARM GAS  /tmp/ccE1bsL0.s 			page 10


 507 01d7 3E       		.byte	0x3e
 508 01d8 01       		.byte	0x1
 509 01d9 01       		.byte	0x1
 510 01da EA010000 		.4byte	0x1ea
 511 01de 0F       		.uleb128 0xf
 512 01df 746D7000 		.ascii	"tmp\000"
 513 01e3 01       		.byte	0x1
 514 01e4 3E       		.byte	0x3e
 515 01e5 AB010000 		.4byte	0x1ab
 516 01e9 00       		.byte	0
 517 01ea 11       		.uleb128 0x11
 518 01eb D1010000 		.4byte	0x1d1
 519 01ef 00000000 		.4byte	.LFB118
 520 01f3 0E000000 		.4byte	.LFE118
 521 01f7 02       		.byte	0x2
 522 01f8 7D       		.byte	0x7d
 523 01f9 00       		.sleb128 0
 524 01fa 01       		.byte	0x1
 525 01fb 07020000 		.4byte	0x207
 526 01ff 12       		.uleb128 0x12
 527 0200 DE010000 		.4byte	0x1de
 528 0204 01       		.byte	0x1
 529 0205 50       		.byte	0x50
 530 0206 00       		.byte	0
 531 0207 13       		.uleb128 0x13
 532 0208 52000000 		.4byte	.LASF36
 533 020c 01       		.byte	0x1
 534 020d 4A       		.byte	0x4a
 535 020e 01       		.byte	0x1
 536 020f 00000000 		.4byte	.LFB119
 537 0213 34000000 		.4byte	.LFE119
 538 0217 00000000 		.4byte	.LLST0
 539 021b 01       		.byte	0x1
 540 021c 3D020000 		.4byte	0x23d
 541 0220 14       		.uleb128 0x14
 542 0221 746D7000 		.ascii	"tmp\000"
 543 0225 01       		.byte	0x1
 544 0226 4A       		.byte	0x4a
 545 0227 AB010000 		.4byte	0x1ab
 546 022b 01       		.byte	0x1
 547 022c 50       		.byte	0x50
 548 022d 15       		.uleb128 0x15
 549 022e 6E6F7700 		.ascii	"now\000"
 550 0232 01       		.byte	0x1
 551 0233 4C       		.byte	0x4c
 552 0234 35010000 		.4byte	0x135
 553 0238 20000000 		.4byte	.LLST1
 554 023c 00       		.byte	0
 555 023d 16       		.uleb128 0x16
 556 023e 01       		.byte	0x1
 557 023f 9A000000 		.4byte	.LASF37
 558 0243 01       		.byte	0x1
 559 0244 61       		.byte	0x61
 560 0245 01       		.byte	0x1
 561 0246 00000000 		.4byte	.LFB120
 562 024a 46000000 		.4byte	.LFE120
 563 024e 33000000 		.4byte	.LLST2
ARM GAS  /tmp/ccE1bsL0.s 			page 11


 564 0252 01       		.byte	0x1
 565 0253 AF020000 		.4byte	0x2af
 566 0257 17       		.uleb128 0x17
 567 0258 746D00   		.ascii	"tm\000"
 568 025b 01       		.byte	0x1
 569 025c 62       		.byte	0x62
 570 025d 41010000 		.4byte	0x141
 571 0261 02       		.byte	0x2
 572 0262 91       		.byte	0x91
 573 0263 64       		.sleb128 -28
 574 0264 18       		.uleb128 0x18
 575 0265 B7010000 		.4byte	0x1b7
 576 0269 10000000 		.4byte	.LBB8
 577 026d 00000000 		.4byte	.Ldebug_ranges0+0
 578 0271 01       		.byte	0x1
 579 0272 68       		.byte	0x68
 580 0273 81020000 		.4byte	0x281
 581 0277 19       		.uleb128 0x19
 582 0278 C5010000 		.4byte	0x1c5
 583 027c 5F000000 		.4byte	.LLST3
 584 0280 00       		.byte	0
 585 0281 18       		.uleb128 0x18
 586 0282 D1010000 		.4byte	0x1d1
 587 0286 12000000 		.4byte	.LBB14
 588 028a 30000000 		.4byte	.Ldebug_ranges0+0x30
 589 028e 01       		.byte	0x1
 590 028f 69       		.byte	0x69
 591 0290 9E020000 		.4byte	0x29e
 592 0294 19       		.uleb128 0x19
 593 0295 DE010000 		.4byte	0x1de
 594 0299 8C000000 		.4byte	.LLST4
 595 029d 00       		.byte	0
 596 029e 1A       		.uleb128 0x1a
 597 029f 3E000000 		.4byte	.LVL7
 598 02a3 07020000 		.4byte	0x207
 599 02a7 1B       		.uleb128 0x1b
 600 02a8 01       		.byte	0x1
 601 02a9 50       		.byte	0x50
 602 02aa 02       		.byte	0x2
 603 02ab 91       		.byte	0x91
 604 02ac 64       		.sleb128 -28
 605 02ad 00       		.byte	0
 606 02ae 00       		.byte	0
 607 02af 11       		.uleb128 0x11
 608 02b0 B7010000 		.4byte	0x1b7
 609 02b4 00000000 		.4byte	.LFB121
 610 02b8 22000000 		.4byte	.LFE121
 611 02bc 02       		.byte	0x2
 612 02bd 7D       		.byte	0x7d
 613 02be 00       		.sleb128 0
 614 02bf 01       		.byte	0x1
 615 02c0 CC020000 		.4byte	0x2cc
 616 02c4 12       		.uleb128 0x12
 617 02c5 C5010000 		.4byte	0x1c5
 618 02c9 01       		.byte	0x1
 619 02ca 50       		.byte	0x50
 620 02cb 00       		.byte	0
ARM GAS  /tmp/ccE1bsL0.s 			page 12


 621 02cc 1C       		.uleb128 0x1c
 622 02cd 61010000 		.4byte	.LASF30
 623 02d1 01       		.byte	0x1
 624 02d2 31       		.byte	0x31
 625 02d3 35010000 		.4byte	0x135
 626 02d7 05       		.byte	0x5
 627 02d8 03       		.byte	0x3
 628 02d9 00000000 		.4byte	measurement_offset
 629 02dd 1D       		.uleb128 0x1d
 630 02de DA000000 		.4byte	.LASF38
 631 02e2 06       		.byte	0x6
 632 02e3 9806     		.2byte	0x698
 633 02e5 30010000 		.4byte	0x130
 634 02e9 01       		.byte	0x1
 635 02ea 01       		.byte	0x1
 636 02eb 00       		.byte	0
 637              		.section	.debug_abbrev,"",%progbits
 638              	.Ldebug_abbrev0:
 639 0000 01       		.uleb128 0x1
 640 0001 11       		.uleb128 0x11
 641 0002 01       		.byte	0x1
 642 0003 25       		.uleb128 0x25
 643 0004 0E       		.uleb128 0xe
 644 0005 13       		.uleb128 0x13
 645 0006 0B       		.uleb128 0xb
 646 0007 03       		.uleb128 0x3
 647 0008 0E       		.uleb128 0xe
 648 0009 1B       		.uleb128 0x1b
 649 000a 0E       		.uleb128 0xe
 650 000b 55       		.uleb128 0x55
 651 000c 06       		.uleb128 0x6
 652 000d 11       		.uleb128 0x11
 653 000e 01       		.uleb128 0x1
 654 000f 52       		.uleb128 0x52
 655 0010 01       		.uleb128 0x1
 656 0011 10       		.uleb128 0x10
 657 0012 06       		.uleb128 0x6
 658 0013 00       		.byte	0
 659 0014 00       		.byte	0
 660 0015 02       		.uleb128 0x2
 661 0016 24       		.uleb128 0x24
 662 0017 00       		.byte	0
 663 0018 0B       		.uleb128 0xb
 664 0019 0B       		.uleb128 0xb
 665 001a 3E       		.uleb128 0x3e
 666 001b 0B       		.uleb128 0xb
 667 001c 03       		.uleb128 0x3
 668 001d 08       		.uleb128 0x8
 669 001e 00       		.byte	0
 670 001f 00       		.byte	0
 671 0020 03       		.uleb128 0x3
 672 0021 24       		.uleb128 0x24
 673 0022 00       		.byte	0
 674 0023 0B       		.uleb128 0xb
 675 0024 0B       		.uleb128 0xb
 676 0025 3E       		.uleb128 0x3e
 677 0026 0B       		.uleb128 0xb
ARM GAS  /tmp/ccE1bsL0.s 			page 13


 678 0027 03       		.uleb128 0x3
 679 0028 0E       		.uleb128 0xe
 680 0029 00       		.byte	0
 681 002a 00       		.byte	0
 682 002b 04       		.uleb128 0x4
 683 002c 16       		.uleb128 0x16
 684 002d 00       		.byte	0
 685 002e 03       		.uleb128 0x3
 686 002f 0E       		.uleb128 0xe
 687 0030 3A       		.uleb128 0x3a
 688 0031 0B       		.uleb128 0xb
 689 0032 3B       		.uleb128 0x3b
 690 0033 0B       		.uleb128 0xb
 691 0034 49       		.uleb128 0x49
 692 0035 13       		.uleb128 0x13
 693 0036 00       		.byte	0
 694 0037 00       		.byte	0
 695 0038 05       		.uleb128 0x5
 696 0039 35       		.uleb128 0x35
 697 003a 00       		.byte	0
 698 003b 49       		.uleb128 0x49
 699 003c 13       		.uleb128 0x13
 700 003d 00       		.byte	0
 701 003e 00       		.byte	0
 702 003f 06       		.uleb128 0x6
 703 0040 13       		.uleb128 0x13
 704 0041 01       		.byte	0x1
 705 0042 0B       		.uleb128 0xb
 706 0043 0B       		.uleb128 0xb
 707 0044 3A       		.uleb128 0x3a
 708 0045 0B       		.uleb128 0xb
 709 0046 3B       		.uleb128 0x3b
 710 0047 0B       		.uleb128 0xb
 711 0048 01       		.uleb128 0x1
 712 0049 13       		.uleb128 0x13
 713 004a 00       		.byte	0
 714 004b 00       		.byte	0
 715 004c 07       		.uleb128 0x7
 716 004d 0D       		.uleb128 0xd
 717 004e 00       		.byte	0
 718 004f 03       		.uleb128 0x3
 719 0050 0E       		.uleb128 0xe
 720 0051 3A       		.uleb128 0x3a
 721 0052 0B       		.uleb128 0xb
 722 0053 3B       		.uleb128 0x3b
 723 0054 05       		.uleb128 0x5
 724 0055 49       		.uleb128 0x49
 725 0056 13       		.uleb128 0x13
 726 0057 38       		.uleb128 0x38
 727 0058 0A       		.uleb128 0xa
 728 0059 00       		.byte	0
 729 005a 00       		.byte	0
 730 005b 08       		.uleb128 0x8
 731 005c 16       		.uleb128 0x16
 732 005d 00       		.byte	0
 733 005e 03       		.uleb128 0x3
 734 005f 0E       		.uleb128 0xe
ARM GAS  /tmp/ccE1bsL0.s 			page 14


 735 0060 3A       		.uleb128 0x3a
 736 0061 0B       		.uleb128 0xb
 737 0062 3B       		.uleb128 0x3b
 738 0063 05       		.uleb128 0x5
 739 0064 49       		.uleb128 0x49
 740 0065 13       		.uleb128 0x13
 741 0066 00       		.byte	0
 742 0067 00       		.byte	0
 743 0068 09       		.uleb128 0x9
 744 0069 13       		.uleb128 0x13
 745 006a 01       		.byte	0x1
 746 006b 03       		.uleb128 0x3
 747 006c 0E       		.uleb128 0xe
 748 006d 0B       		.uleb128 0xb
 749 006e 0B       		.uleb128 0xb
 750 006f 3A       		.uleb128 0x3a
 751 0070 0B       		.uleb128 0xb
 752 0071 3B       		.uleb128 0x3b
 753 0072 0B       		.uleb128 0xb
 754 0073 01       		.uleb128 0x1
 755 0074 13       		.uleb128 0x13
 756 0075 00       		.byte	0
 757 0076 00       		.byte	0
 758 0077 0A       		.uleb128 0xa
 759 0078 0D       		.uleb128 0xd
 760 0079 00       		.byte	0
 761 007a 03       		.uleb128 0x3
 762 007b 0E       		.uleb128 0xe
 763 007c 3A       		.uleb128 0x3a
 764 007d 0B       		.uleb128 0xb
 765 007e 3B       		.uleb128 0x3b
 766 007f 0B       		.uleb128 0xb
 767 0080 49       		.uleb128 0x49
 768 0081 13       		.uleb128 0x13
 769 0082 38       		.uleb128 0x38
 770 0083 0A       		.uleb128 0xa
 771 0084 00       		.byte	0
 772 0085 00       		.byte	0
 773 0086 0B       		.uleb128 0xb
 774 0087 15       		.uleb128 0x15
 775 0088 01       		.byte	0x1
 776 0089 27       		.uleb128 0x27
 777 008a 0C       		.uleb128 0xc
 778 008b 01       		.uleb128 0x1
 779 008c 13       		.uleb128 0x13
 780 008d 00       		.byte	0
 781 008e 00       		.byte	0
 782 008f 0C       		.uleb128 0xc
 783 0090 05       		.uleb128 0x5
 784 0091 00       		.byte	0
 785 0092 49       		.uleb128 0x49
 786 0093 13       		.uleb128 0x13
 787 0094 00       		.byte	0
 788 0095 00       		.byte	0
 789 0096 0D       		.uleb128 0xd
 790 0097 0F       		.uleb128 0xf
 791 0098 00       		.byte	0
ARM GAS  /tmp/ccE1bsL0.s 			page 15


 792 0099 0B       		.uleb128 0xb
 793 009a 0B       		.uleb128 0xb
 794 009b 49       		.uleb128 0x49
 795 009c 13       		.uleb128 0x13
 796 009d 00       		.byte	0
 797 009e 00       		.byte	0
 798 009f 0E       		.uleb128 0xe
 799 00a0 2E       		.uleb128 0x2e
 800 00a1 01       		.byte	0x1
 801 00a2 3F       		.uleb128 0x3f
 802 00a3 0C       		.uleb128 0xc
 803 00a4 03       		.uleb128 0x3
 804 00a5 0E       		.uleb128 0xe
 805 00a6 3A       		.uleb128 0x3a
 806 00a7 0B       		.uleb128 0xb
 807 00a8 3B       		.uleb128 0x3b
 808 00a9 0B       		.uleb128 0xb
 809 00aa 27       		.uleb128 0x27
 810 00ab 0C       		.uleb128 0xc
 811 00ac 20       		.uleb128 0x20
 812 00ad 0B       		.uleb128 0xb
 813 00ae 01       		.uleb128 0x1
 814 00af 13       		.uleb128 0x13
 815 00b0 00       		.byte	0
 816 00b1 00       		.byte	0
 817 00b2 0F       		.uleb128 0xf
 818 00b3 05       		.uleb128 0x5
 819 00b4 00       		.byte	0
 820 00b5 03       		.uleb128 0x3
 821 00b6 08       		.uleb128 0x8
 822 00b7 3A       		.uleb128 0x3a
 823 00b8 0B       		.uleb128 0xb
 824 00b9 3B       		.uleb128 0x3b
 825 00ba 0B       		.uleb128 0xb
 826 00bb 49       		.uleb128 0x49
 827 00bc 13       		.uleb128 0x13
 828 00bd 00       		.byte	0
 829 00be 00       		.byte	0
 830 00bf 10       		.uleb128 0x10
 831 00c0 2E       		.uleb128 0x2e
 832 00c1 01       		.byte	0x1
 833 00c2 03       		.uleb128 0x3
 834 00c3 0E       		.uleb128 0xe
 835 00c4 3A       		.uleb128 0x3a
 836 00c5 0B       		.uleb128 0xb
 837 00c6 3B       		.uleb128 0x3b
 838 00c7 0B       		.uleb128 0xb
 839 00c8 27       		.uleb128 0x27
 840 00c9 0C       		.uleb128 0xc
 841 00ca 20       		.uleb128 0x20
 842 00cb 0B       		.uleb128 0xb
 843 00cc 01       		.uleb128 0x1
 844 00cd 13       		.uleb128 0x13
 845 00ce 00       		.byte	0
 846 00cf 00       		.byte	0
 847 00d0 11       		.uleb128 0x11
 848 00d1 2E       		.uleb128 0x2e
ARM GAS  /tmp/ccE1bsL0.s 			page 16


 849 00d2 01       		.byte	0x1
 850 00d3 31       		.uleb128 0x31
 851 00d4 13       		.uleb128 0x13
 852 00d5 11       		.uleb128 0x11
 853 00d6 01       		.uleb128 0x1
 854 00d7 12       		.uleb128 0x12
 855 00d8 01       		.uleb128 0x1
 856 00d9 40       		.uleb128 0x40
 857 00da 0A       		.uleb128 0xa
 858 00db 9742     		.uleb128 0x2117
 859 00dd 0C       		.uleb128 0xc
 860 00de 01       		.uleb128 0x1
 861 00df 13       		.uleb128 0x13
 862 00e0 00       		.byte	0
 863 00e1 00       		.byte	0
 864 00e2 12       		.uleb128 0x12
 865 00e3 05       		.uleb128 0x5
 866 00e4 00       		.byte	0
 867 00e5 31       		.uleb128 0x31
 868 00e6 13       		.uleb128 0x13
 869 00e7 02       		.uleb128 0x2
 870 00e8 0A       		.uleb128 0xa
 871 00e9 00       		.byte	0
 872 00ea 00       		.byte	0
 873 00eb 13       		.uleb128 0x13
 874 00ec 2E       		.uleb128 0x2e
 875 00ed 01       		.byte	0x1
 876 00ee 03       		.uleb128 0x3
 877 00ef 0E       		.uleb128 0xe
 878 00f0 3A       		.uleb128 0x3a
 879 00f1 0B       		.uleb128 0xb
 880 00f2 3B       		.uleb128 0x3b
 881 00f3 0B       		.uleb128 0xb
 882 00f4 27       		.uleb128 0x27
 883 00f5 0C       		.uleb128 0xc
 884 00f6 11       		.uleb128 0x11
 885 00f7 01       		.uleb128 0x1
 886 00f8 12       		.uleb128 0x12
 887 00f9 01       		.uleb128 0x1
 888 00fa 40       		.uleb128 0x40
 889 00fb 06       		.uleb128 0x6
 890 00fc 9742     		.uleb128 0x2117
 891 00fe 0C       		.uleb128 0xc
 892 00ff 01       		.uleb128 0x1
 893 0100 13       		.uleb128 0x13
 894 0101 00       		.byte	0
 895 0102 00       		.byte	0
 896 0103 14       		.uleb128 0x14
 897 0104 05       		.uleb128 0x5
 898 0105 00       		.byte	0
 899 0106 03       		.uleb128 0x3
 900 0107 08       		.uleb128 0x8
 901 0108 3A       		.uleb128 0x3a
 902 0109 0B       		.uleb128 0xb
 903 010a 3B       		.uleb128 0x3b
 904 010b 0B       		.uleb128 0xb
 905 010c 49       		.uleb128 0x49
ARM GAS  /tmp/ccE1bsL0.s 			page 17


 906 010d 13       		.uleb128 0x13
 907 010e 02       		.uleb128 0x2
 908 010f 0A       		.uleb128 0xa
 909 0110 00       		.byte	0
 910 0111 00       		.byte	0
 911 0112 15       		.uleb128 0x15
 912 0113 34       		.uleb128 0x34
 913 0114 00       		.byte	0
 914 0115 03       		.uleb128 0x3
 915 0116 08       		.uleb128 0x8
 916 0117 3A       		.uleb128 0x3a
 917 0118 0B       		.uleb128 0xb
 918 0119 3B       		.uleb128 0x3b
 919 011a 0B       		.uleb128 0xb
 920 011b 49       		.uleb128 0x49
 921 011c 13       		.uleb128 0x13
 922 011d 02       		.uleb128 0x2
 923 011e 06       		.uleb128 0x6
 924 011f 00       		.byte	0
 925 0120 00       		.byte	0
 926 0121 16       		.uleb128 0x16
 927 0122 2E       		.uleb128 0x2e
 928 0123 01       		.byte	0x1
 929 0124 3F       		.uleb128 0x3f
 930 0125 0C       		.uleb128 0xc
 931 0126 03       		.uleb128 0x3
 932 0127 0E       		.uleb128 0xe
 933 0128 3A       		.uleb128 0x3a
 934 0129 0B       		.uleb128 0xb
 935 012a 3B       		.uleb128 0x3b
 936 012b 0B       		.uleb128 0xb
 937 012c 27       		.uleb128 0x27
 938 012d 0C       		.uleb128 0xc
 939 012e 11       		.uleb128 0x11
 940 012f 01       		.uleb128 0x1
 941 0130 12       		.uleb128 0x12
 942 0131 01       		.uleb128 0x1
 943 0132 40       		.uleb128 0x40
 944 0133 06       		.uleb128 0x6
 945 0134 9742     		.uleb128 0x2117
 946 0136 0C       		.uleb128 0xc
 947 0137 01       		.uleb128 0x1
 948 0138 13       		.uleb128 0x13
 949 0139 00       		.byte	0
 950 013a 00       		.byte	0
 951 013b 17       		.uleb128 0x17
 952 013c 34       		.uleb128 0x34
 953 013d 00       		.byte	0
 954 013e 03       		.uleb128 0x3
 955 013f 08       		.uleb128 0x8
 956 0140 3A       		.uleb128 0x3a
 957 0141 0B       		.uleb128 0xb
 958 0142 3B       		.uleb128 0x3b
 959 0143 0B       		.uleb128 0xb
 960 0144 49       		.uleb128 0x49
 961 0145 13       		.uleb128 0x13
 962 0146 02       		.uleb128 0x2
ARM GAS  /tmp/ccE1bsL0.s 			page 18


 963 0147 0A       		.uleb128 0xa
 964 0148 00       		.byte	0
 965 0149 00       		.byte	0
 966 014a 18       		.uleb128 0x18
 967 014b 1D       		.uleb128 0x1d
 968 014c 01       		.byte	0x1
 969 014d 31       		.uleb128 0x31
 970 014e 13       		.uleb128 0x13
 971 014f 52       		.uleb128 0x52
 972 0150 01       		.uleb128 0x1
 973 0151 55       		.uleb128 0x55
 974 0152 06       		.uleb128 0x6
 975 0153 58       		.uleb128 0x58
 976 0154 0B       		.uleb128 0xb
 977 0155 59       		.uleb128 0x59
 978 0156 0B       		.uleb128 0xb
 979 0157 01       		.uleb128 0x1
 980 0158 13       		.uleb128 0x13
 981 0159 00       		.byte	0
 982 015a 00       		.byte	0
 983 015b 19       		.uleb128 0x19
 984 015c 05       		.uleb128 0x5
 985 015d 00       		.byte	0
 986 015e 31       		.uleb128 0x31
 987 015f 13       		.uleb128 0x13
 988 0160 02       		.uleb128 0x2
 989 0161 06       		.uleb128 0x6
 990 0162 00       		.byte	0
 991 0163 00       		.byte	0
 992 0164 1A       		.uleb128 0x1a
 993 0165 898201   		.uleb128 0x4109
 994 0168 01       		.byte	0x1
 995 0169 11       		.uleb128 0x11
 996 016a 01       		.uleb128 0x1
 997 016b 31       		.uleb128 0x31
 998 016c 13       		.uleb128 0x13
 999 016d 00       		.byte	0
 1000 016e 00       		.byte	0
 1001 016f 1B       		.uleb128 0x1b
 1002 0170 8A8201   		.uleb128 0x410a
 1003 0173 00       		.byte	0
 1004 0174 02       		.uleb128 0x2
 1005 0175 0A       		.uleb128 0xa
 1006 0176 9142     		.uleb128 0x2111
 1007 0178 0A       		.uleb128 0xa
 1008 0179 00       		.byte	0
 1009 017a 00       		.byte	0
 1010 017b 1C       		.uleb128 0x1c
 1011 017c 34       		.uleb128 0x34
 1012 017d 00       		.byte	0
 1013 017e 03       		.uleb128 0x3
 1014 017f 0E       		.uleb128 0xe
 1015 0180 3A       		.uleb128 0x3a
 1016 0181 0B       		.uleb128 0xb
 1017 0182 3B       		.uleb128 0x3b
 1018 0183 0B       		.uleb128 0xb
 1019 0184 49       		.uleb128 0x49
ARM GAS  /tmp/ccE1bsL0.s 			page 19


 1020 0185 13       		.uleb128 0x13
 1021 0186 02       		.uleb128 0x2
 1022 0187 0A       		.uleb128 0xa
 1023 0188 00       		.byte	0
 1024 0189 00       		.byte	0
 1025 018a 1D       		.uleb128 0x1d
 1026 018b 34       		.uleb128 0x34
 1027 018c 00       		.byte	0
 1028 018d 03       		.uleb128 0x3
 1029 018e 0E       		.uleb128 0xe
 1030 018f 3A       		.uleb128 0x3a
 1031 0190 0B       		.uleb128 0xb
 1032 0191 3B       		.uleb128 0x3b
 1033 0192 05       		.uleb128 0x5
 1034 0193 49       		.uleb128 0x49
 1035 0194 13       		.uleb128 0x13
 1036 0195 3F       		.uleb128 0x3f
 1037 0196 0C       		.uleb128 0xc
 1038 0197 3C       		.uleb128 0x3c
 1039 0198 0C       		.uleb128 0xc
 1040 0199 00       		.byte	0
 1041 019a 00       		.byte	0
 1042 019b 00       		.byte	0
 1043              		.section	.debug_loc,"",%progbits
 1044              	.Ldebug_loc0:
 1045              	.LLST0:
 1046 0000 00000000 		.4byte	.LFB119
 1047 0004 10000000 		.4byte	.LCFI0
 1048 0008 0200     		.2byte	0x2
 1049 000a 7D       		.byte	0x7d
 1050 000b 00       		.sleb128 0
 1051 000c 10000000 		.4byte	.LCFI0
 1052 0010 34000000 		.4byte	.LFE119
 1053 0014 0200     		.2byte	0x2
 1054 0016 7D       		.byte	0x7d
 1055 0017 04       		.sleb128 4
 1056 0018 00000000 		.4byte	0
 1057 001c 00000000 		.4byte	0
 1058              	.LLST1:
 1059 0020 0C000000 		.4byte	.LVL2
 1060 0024 16000000 		.4byte	.LVL3
 1061 0028 0100     		.2byte	0x1
 1062 002a 53       		.byte	0x53
 1063 002b 00000000 		.4byte	0
 1064 002f 00000000 		.4byte	0
 1065              	.LLST2:
 1066 0033 00000000 		.4byte	.LFB120
 1067 0037 02000000 		.4byte	.LCFI1
 1068 003b 0200     		.2byte	0x2
 1069 003d 7D       		.byte	0x7d
 1070 003e 00       		.sleb128 0
 1071 003f 02000000 		.4byte	.LCFI1
 1072 0043 08000000 		.4byte	.LCFI2
 1073 0047 0200     		.2byte	0x2
 1074 0049 7D       		.byte	0x7d
 1075 004a 08       		.sleb128 8
 1076 004b 08000000 		.4byte	.LCFI2
ARM GAS  /tmp/ccE1bsL0.s 			page 20


 1077 004f 46000000 		.4byte	.LFE120
 1078 0053 0200     		.2byte	0x2
 1079 0055 7D       		.byte	0x7d
 1080 0056 20       		.sleb128 32
 1081 0057 00000000 		.4byte	0
 1082 005b 00000000 		.4byte	0
 1083              	.LLST3:
 1084 005f 10000000 		.4byte	.LVL4
 1085 0063 36000000 		.4byte	.LVL6
 1086 0067 0300     		.2byte	0x3
 1087 0069 91       		.byte	0x91
 1088 006a 64       		.sleb128 -28
 1089 006b 9F       		.byte	0x9f
 1090 006c 36000000 		.4byte	.LVL6
 1091 0070 3D000000 		.4byte	.LVL7-1
 1092 0074 0100     		.2byte	0x1
 1093 0076 50       		.byte	0x50
 1094 0077 3D000000 		.4byte	.LVL7-1
 1095 007b 46000000 		.4byte	.LFE120
 1096 007f 0300     		.2byte	0x3
 1097 0081 91       		.byte	0x91
 1098 0082 64       		.sleb128 -28
 1099 0083 9F       		.byte	0x9f
 1100 0084 00000000 		.4byte	0
 1101 0088 00000000 		.4byte	0
 1102              	.LLST4:
 1103 008c 1C000000 		.4byte	.LVL5
 1104 0090 36000000 		.4byte	.LVL6
 1105 0094 0300     		.2byte	0x3
 1106 0096 91       		.byte	0x91
 1107 0097 64       		.sleb128 -28
 1108 0098 9F       		.byte	0x9f
 1109 0099 36000000 		.4byte	.LVL6
 1110 009d 3D000000 		.4byte	.LVL7-1
 1111 00a1 0100     		.2byte	0x1
 1112 00a3 50       		.byte	0x50
 1113 00a4 3D000000 		.4byte	.LVL7-1
 1114 00a8 46000000 		.4byte	.LFE120
 1115 00ac 0300     		.2byte	0x3
 1116 00ae 91       		.byte	0x91
 1117 00af 64       		.sleb128 -28
 1118 00b0 9F       		.byte	0x9f
 1119 00b1 00000000 		.4byte	0
 1120 00b5 00000000 		.4byte	0
 1121              		.section	.debug_aranges,"",%progbits
 1122 0000 34000000 		.4byte	0x34
 1123 0004 0200     		.2byte	0x2
 1124 0006 00000000 		.4byte	.Ldebug_info0
 1125 000a 04       		.byte	0x4
 1126 000b 00       		.byte	0
 1127 000c 0000     		.2byte	0
 1128 000e 0000     		.2byte	0
 1129 0010 00000000 		.4byte	.LFB118
 1130 0014 0E000000 		.4byte	.LFE118-.LFB118
 1131 0018 00000000 		.4byte	.LFB119
 1132 001c 34000000 		.4byte	.LFE119-.LFB119
 1133 0020 00000000 		.4byte	.LFB120
ARM GAS  /tmp/ccE1bsL0.s 			page 21


 1134 0024 46000000 		.4byte	.LFE120-.LFB120
 1135 0028 00000000 		.4byte	.LFB121
 1136 002c 22000000 		.4byte	.LFE121-.LFB121
 1137 0030 00000000 		.4byte	0
 1138 0034 00000000 		.4byte	0
 1139              		.section	.debug_ranges,"",%progbits
 1140              	.Ldebug_ranges0:
 1141 0000 10000000 		.4byte	.LBB8
 1142 0004 12000000 		.4byte	.LBE8
 1143 0008 16000000 		.4byte	.LBB19
 1144 000c 1C000000 		.4byte	.LBE19
 1145 0010 20000000 		.4byte	.LBB21
 1146 0014 28000000 		.4byte	.LBE21
 1147 0018 2A000000 		.4byte	.LBB23
 1148 001c 34000000 		.4byte	.LBE23
 1149 0020 38000000 		.4byte	.LBB25
 1150 0024 3A000000 		.4byte	.LBE25
 1151 0028 00000000 		.4byte	0
 1152 002c 00000000 		.4byte	0
 1153 0030 12000000 		.4byte	.LBB14
 1154 0034 16000000 		.4byte	.LBE14
 1155 0038 1C000000 		.4byte	.LBB20
 1156 003c 20000000 		.4byte	.LBE20
 1157 0040 28000000 		.4byte	.LBB22
 1158 0044 2A000000 		.4byte	.LBE22
 1159 0048 36000000 		.4byte	.LBB24
 1160 004c 38000000 		.4byte	.LBE24
 1161 0050 00000000 		.4byte	0
 1162 0054 00000000 		.4byte	0
 1163 0058 00000000 		.4byte	.LFB118
 1164 005c 0E000000 		.4byte	.LFE118
 1165 0060 00000000 		.4byte	.LFB119
 1166 0064 34000000 		.4byte	.LFE119
 1167 0068 00000000 		.4byte	.LFB120
 1168 006c 46000000 		.4byte	.LFE120
 1169 0070 00000000 		.4byte	.LFB121
 1170 0074 22000000 		.4byte	.LFE121
 1171 0078 00000000 		.4byte	0
 1172 007c 00000000 		.4byte	0
 1173              		.section	.debug_line,"",%progbits
 1174              	.Ldebug_line0:
 1175 0000 13020000 		.section	.debug_str,"MS",%progbits,1
 1175      02008C01 
 1175      00000201 
 1175      FB0E0D00 
 1175      01010101 
 1176              	.LASF32:
 1177 0000 2E2E2F2E 		.ascii	"../../ChibiOS/os/hal/src/tm.c\000"
 1177      2E2F4368 
 1177      6962694F 
 1177      532F6F73 
 1177      2F68616C 
 1178              	.LASF33:
 1179 001e 2F686F6D 		.ascii	"/home/david/Projects/stm32/src/pressure_sensor\000"
 1179      652F6461 
 1179      7669642F 
 1179      50726F6A 
ARM GAS  /tmp/ccE1bsL0.s 			page 22


 1179      65637473 
 1180              	.LASF20:
 1181 004d 50435352 		.ascii	"PCSR\000"
 1181      00
 1182              	.LASF36:
 1183 0052 746D5F73 		.ascii	"tm_stop\000"
 1183      746F7000 
 1184              	.LASF25:
 1185 005a 73746172 		.ascii	"start\000"
 1185      7400
 1186              	.LASF17:
 1187 0060 534C4545 		.ascii	"SLEEPCNT\000"
 1187      50434E54 
 1187      00
 1188              	.LASF26:
 1189 0069 73746F70 		.ascii	"stop\000"
 1189      00
 1190              	.LASF10:
 1191 006e 6C6F6E67 		.ascii	"long long unsigned int\000"
 1191      206C6F6E 
 1191      6720756E 
 1191      7369676E 
 1191      65642069 
 1192              	.LASF2:
 1193 0085 756E7369 		.ascii	"unsigned char\000"
 1193      676E6564 
 1193      20636861 
 1193      7200
 1194              	.LASF14:
 1195 0093 43594343 		.ascii	"CYCCNT\000"
 1195      4E5400
 1196              	.LASF37:
 1197 009a 746D496E 		.ascii	"tmInit\000"
 1197      697400
 1198              	.LASF8:
 1199 00a1 6C6F6E67 		.ascii	"long unsigned int\000"
 1199      20756E73 
 1199      69676E65 
 1199      6420696E 
 1199      7400
 1200              	.LASF34:
 1201 00b3 746D4F62 		.ascii	"tmObjectInit\000"
 1201      6A656374 
 1201      496E6974 
 1201      00
 1202              	.LASF4:
 1203 00c0 73686F72 		.ascii	"short unsigned int\000"
 1203      7420756E 
 1203      7369676E 
 1203      65642069 
 1203      6E7400
 1204              	.LASF15:
 1205 00d3 43504943 		.ascii	"CPICNT\000"
 1205      4E5400
 1206              	.LASF38:
 1207 00da 49544D5F 		.ascii	"ITM_RxBuffer\000"
 1207      52784275 
ARM GAS  /tmp/ccE1bsL0.s 			page 23


 1207      66666572 
 1207      00
 1208              	.LASF19:
 1209 00e7 464F4C44 		.ascii	"FOLDCNT\000"
 1209      434E5400 
 1210              	.LASF28:
 1211 00ef 776F7273 		.ascii	"worst\000"
 1211      7400
 1212              	.LASF18:
 1213 00f5 4C535543 		.ascii	"LSUCNT\000"
 1213      4E5400
 1214              	.LASF0:
 1215 00fc 756E7369 		.ascii	"unsigned int\000"
 1215      676E6564 
 1215      20696E74 
 1215      00
 1216              	.LASF23:
 1217 0109 68616C72 		.ascii	"halrtcnt_t\000"
 1217      74636E74 
 1217      5F7400
 1218              	.LASF22:
 1219 0114 63686172 		.ascii	"char\000"
 1219      00
 1220              	.LASF35:
 1221 0119 746D5F73 		.ascii	"tm_start\000"
 1221      74617274 
 1221      00
 1222              	.LASF13:
 1223 0122 4354524C 		.ascii	"CTRL\000"
 1223      00
 1224              	.LASF16:
 1225 0127 45584343 		.ascii	"EXCCNT\000"
 1225      4E5400
 1226              	.LASF6:
 1227 012e 696E7433 		.ascii	"int32_t\000"
 1227      325F7400 
 1228              	.LASF12:
 1229 0136 73697A65 		.ascii	"sizetype\000"
 1229      74797065 
 1229      00
 1230              	.LASF9:
 1231 013f 6C6F6E67 		.ascii	"long long int\000"
 1231      206C6F6E 
 1231      6720696E 
 1231      7400
 1232              	.LASF11:
 1233 014d 494F5245 		.ascii	"IOREG32\000"
 1233      47333200 
 1234              	.LASF31:
 1235 0155 474E5520 		.ascii	"GNU C 4.7.2\000"
 1235      4320342E 
 1235      372E3200 
 1236              	.LASF30:
 1237 0161 6D656173 		.ascii	"measurement_offset\000"
 1237      7572656D 
 1237      656E745F 
 1237      6F666673 
ARM GAS  /tmp/ccE1bsL0.s 			page 24


 1237      657400
 1238              	.LASF3:
 1239 0174 73686F72 		.ascii	"short int\000"
 1239      7420696E 
 1239      7400
 1240              	.LASF21:
 1241 017e 434D785F 		.ascii	"CMx_DWT\000"
 1241      44575400 
 1242              	.LASF29:
 1243 0186 62657374 		.ascii	"best\000"
 1243      00
 1244              	.LASF7:
 1245 018b 75696E74 		.ascii	"uint32_t\000"
 1245      33325F74 
 1245      00
 1246              	.LASF5:
 1247 0194 6C6F6E67 		.ascii	"long int\000"
 1247      20696E74 
 1247      00
 1248              	.LASF1:
 1249 019d 7369676E 		.ascii	"signed char\000"
 1249      65642063 
 1249      68617200 
 1250              	.LASF24:
 1251 01a9 54696D65 		.ascii	"TimeMeasurement\000"
 1251      4D656173 
 1251      7572656D 
 1251      656E7400 
 1252              	.LASF27:
 1253 01b9 6C617374 		.ascii	"last\000"
 1253      00
 1254              		.ident	"GCC: (crosstool-NG 1.17.0 - PSAS ST32F4 GFE) 4.7.2"
ARM GAS  /tmp/ccE1bsL0.s 			page 25


DEFINED SYMBOLS
                            *ABS*:0000000000000000 tm.c
     /tmp/ccE1bsL0.s:21     .text.tm_start:0000000000000000 $t
     /tmp/ccE1bsL0.s:26     .text.tm_start:0000000000000000 tm_start
     /tmp/ccE1bsL0.s:45     .text.tm_stop:0000000000000000 $t
     /tmp/ccE1bsL0.s:50     .text.tm_stop:0000000000000000 tm_stop
     /tmp/ccE1bsL0.s:103    .text.tm_stop:0000000000000030 $d
     /tmp/ccE1bsL0.s:108    .text.tmInit:0000000000000000 $t
     /tmp/ccE1bsL0.s:114    .text.tmInit:0000000000000000 tmInit
     /tmp/ccE1bsL0.s:252    .bss.measurement_offset:0000000000000000 .LANCHOR0
     /tmp/ccE1bsL0.s:212    .text.tmObjectInit:0000000000000000 $t
     /tmp/ccE1bsL0.s:218    .text.tmObjectInit:0000000000000000 tmObjectInit
     /tmp/ccE1bsL0.s:251    .bss.measurement_offset:0000000000000000 $d
     /tmp/ccE1bsL0.s:255    .bss.measurement_offset:0000000000000000 measurement_offset
                     .debug_frame:0000000000000010 $d
     /tmp/ccE1bsL0.s:107    .text.tm_stop:0000000000000034 $t

NO UNDEFINED SYMBOLS
