ARM GAS  /tmp/cc0BguNl.s 			page 1


   1              		.syntax unified
   2              		.cpu cortex-m4
   3              		.eabi_attribute 27, 3
   4              		.eabi_attribute 28, 1
   5              		.fpu fpv4-sp-d16
   6              		.eabi_attribute 20, 1
   7              		.eabi_attribute 21, 1
   8              		.eabi_attribute 23, 3
   9              		.eabi_attribute 24, 1
  10              		.eabi_attribute 25, 1
  11              		.eabi_attribute 26, 1
  12              		.eabi_attribute 30, 2
  13              		.eabi_attribute 34, 1
  14              		.eabi_attribute 18, 4
  15              		.thumb
  16              		.file	"vectors.c"
  17              		.text
  18              	.Ltext0:
  19              		.cfi_sections	.debug_frame
  20              		.section	.text._unhandled_exception,"ax",%progbits
  21              		.align	2
  22              		.p2align 4,,15
  23              		.global	_unhandled_exception
  24              		.thumb
  25              		.thumb_func
  26              		.type	_unhandled_exception, %function
  27              	_unhandled_exception:
  28              	.LFB7:
  29              		.file 1 "../../ChibiOS/os/ports/GCC/ARMCMx/STM32F4xx/vectors.c"
  30              		.loc 1 208 0
  31              		.cfi_startproc
  32              		@ Naked Function: prologue and epilogue provided by programmer.
  33              		@ Volatile: function does not return.
  34              		@ args = 0, pretend = 0, frame = 0
  35              		@ frame_needed = 0, uses_anonymous_args = 0
  36              	.L2:
  37 0000 FEE7     		b	.L2
  38              		.cfi_endproc
  39              	.LFE7:
  40              		.size	_unhandled_exception, .-_unhandled_exception
  41              		.weak	HardFaultVector
  42              		.thumb_set HardFaultVector,_unhandled_exception
  43              		.weak	MemManageVector
  44              		.thumb_set MemManageVector,_unhandled_exception
  45              		.weak	BusFaultVector
  46              		.thumb_set BusFaultVector,_unhandled_exception
  47              		.weak	UsageFaultVector
  48              		.thumb_set UsageFaultVector,_unhandled_exception
  49              		.weak	Vector1C
  50              		.thumb_set Vector1C,_unhandled_exception
  51              		.weak	Vector20
  52              		.thumb_set Vector20,_unhandled_exception
  53              		.weak	Vector24
  54              		.thumb_set Vector24,_unhandled_exception
  55              		.weak	Vector28
  56              		.thumb_set Vector28,_unhandled_exception
  57              		.weak	SVCallVector
ARM GAS  /tmp/cc0BguNl.s 			page 2


  58              		.thumb_set SVCallVector,_unhandled_exception
  59              		.weak	DebugMonitorVector
  60              		.thumb_set DebugMonitorVector,_unhandled_exception
  61              		.weak	Vector34
  62              		.thumb_set Vector34,_unhandled_exception
  63              		.weak	PendSVVector
  64              		.thumb_set PendSVVector,_unhandled_exception
  65              		.weak	SysTickVector
  66              		.thumb_set SysTickVector,_unhandled_exception
  67              		.weak	Vector40
  68              		.thumb_set Vector40,_unhandled_exception
  69              		.weak	Vector44
  70              		.thumb_set Vector44,_unhandled_exception
  71              		.weak	Vector48
  72              		.thumb_set Vector48,_unhandled_exception
  73              		.weak	Vector4C
  74              		.thumb_set Vector4C,_unhandled_exception
  75              		.weak	Vector50
  76              		.thumb_set Vector50,_unhandled_exception
  77              		.weak	Vector54
  78              		.thumb_set Vector54,_unhandled_exception
  79              		.weak	Vector58
  80              		.thumb_set Vector58,_unhandled_exception
  81              		.weak	Vector5C
  82              		.thumb_set Vector5C,_unhandled_exception
  83              		.weak	Vector60
  84              		.thumb_set Vector60,_unhandled_exception
  85              		.weak	Vector64
  86              		.thumb_set Vector64,_unhandled_exception
  87              		.weak	Vector68
  88              		.thumb_set Vector68,_unhandled_exception
  89              		.weak	Vector6C
  90              		.thumb_set Vector6C,_unhandled_exception
  91              		.weak	Vector70
  92              		.thumb_set Vector70,_unhandled_exception
  93              		.weak	Vector74
  94              		.thumb_set Vector74,_unhandled_exception
  95              		.weak	Vector78
  96              		.thumb_set Vector78,_unhandled_exception
  97              		.weak	Vector7C
  98              		.thumb_set Vector7C,_unhandled_exception
  99              		.weak	Vector80
 100              		.thumb_set Vector80,_unhandled_exception
 101              		.weak	Vector84
 102              		.thumb_set Vector84,_unhandled_exception
 103              		.weak	Vector88
 104              		.thumb_set Vector88,_unhandled_exception
 105              		.weak	Vector8C
 106              		.thumb_set Vector8C,_unhandled_exception
 107              		.weak	Vector90
 108              		.thumb_set Vector90,_unhandled_exception
 109              		.weak	Vector94
 110              		.thumb_set Vector94,_unhandled_exception
 111              		.weak	Vector98
 112              		.thumb_set Vector98,_unhandled_exception
 113              		.weak	Vector9C
 114              		.thumb_set Vector9C,_unhandled_exception
ARM GAS  /tmp/cc0BguNl.s 			page 3


 115              		.weak	VectorA0
 116              		.thumb_set VectorA0,_unhandled_exception
 117              		.weak	VectorA4
 118              		.thumb_set VectorA4,_unhandled_exception
 119              		.weak	VectorA8
 120              		.thumb_set VectorA8,_unhandled_exception
 121              		.weak	VectorAC
 122              		.thumb_set VectorAC,_unhandled_exception
 123              		.weak	VectorB0
 124              		.thumb_set VectorB0,_unhandled_exception
 125              		.weak	VectorB4
 126              		.thumb_set VectorB4,_unhandled_exception
 127              		.weak	VectorB8
 128              		.thumb_set VectorB8,_unhandled_exception
 129              		.weak	VectorBC
 130              		.thumb_set VectorBC,_unhandled_exception
 131              		.weak	VectorC0
 132              		.thumb_set VectorC0,_unhandled_exception
 133              		.weak	VectorC4
 134              		.thumb_set VectorC4,_unhandled_exception
 135              		.weak	VectorC8
 136              		.thumb_set VectorC8,_unhandled_exception
 137              		.weak	VectorCC
 138              		.thumb_set VectorCC,_unhandled_exception
 139              		.weak	VectorD0
 140              		.thumb_set VectorD0,_unhandled_exception
 141              		.weak	VectorD4
 142              		.thumb_set VectorD4,_unhandled_exception
 143              		.weak	VectorD8
 144              		.thumb_set VectorD8,_unhandled_exception
 145              		.weak	VectorDC
 146              		.thumb_set VectorDC,_unhandled_exception
 147              		.weak	VectorE0
 148              		.thumb_set VectorE0,_unhandled_exception
 149              		.weak	VectorE4
 150              		.thumb_set VectorE4,_unhandled_exception
 151              		.weak	VectorE8
 152              		.thumb_set VectorE8,_unhandled_exception
 153              		.weak	VectorEC
 154              		.thumb_set VectorEC,_unhandled_exception
 155              		.weak	VectorF0
 156              		.thumb_set VectorF0,_unhandled_exception
 157              		.weak	VectorF4
 158              		.thumb_set VectorF4,_unhandled_exception
 159              		.weak	VectorF8
 160              		.thumb_set VectorF8,_unhandled_exception
 161              		.weak	VectorFC
 162              		.thumb_set VectorFC,_unhandled_exception
 163              		.weak	Vector100
 164              		.thumb_set Vector100,_unhandled_exception
 165              		.weak	Vector104
 166              		.thumb_set Vector104,_unhandled_exception
 167              		.weak	Vector108
 168              		.thumb_set Vector108,_unhandled_exception
 169              		.weak	Vector10C
 170              		.thumb_set Vector10C,_unhandled_exception
 171              		.weak	Vector110
ARM GAS  /tmp/cc0BguNl.s 			page 4


 172              		.thumb_set Vector110,_unhandled_exception
 173              		.weak	Vector114
 174              		.thumb_set Vector114,_unhandled_exception
 175              		.weak	Vector118
 176              		.thumb_set Vector118,_unhandled_exception
 177              		.weak	Vector11C
 178              		.thumb_set Vector11C,_unhandled_exception
 179              		.weak	Vector120
 180              		.thumb_set Vector120,_unhandled_exception
 181              		.weak	Vector124
 182              		.thumb_set Vector124,_unhandled_exception
 183              		.weak	Vector128
 184              		.thumb_set Vector128,_unhandled_exception
 185              		.weak	Vector12C
 186              		.thumb_set Vector12C,_unhandled_exception
 187              		.weak	Vector130
 188              		.thumb_set Vector130,_unhandled_exception
 189              		.weak	Vector134
 190              		.thumb_set Vector134,_unhandled_exception
 191              		.weak	Vector138
 192              		.thumb_set Vector138,_unhandled_exception
 193              		.weak	Vector13C
 194              		.thumb_set Vector13C,_unhandled_exception
 195              		.weak	Vector140
 196              		.thumb_set Vector140,_unhandled_exception
 197              		.weak	Vector144
 198              		.thumb_set Vector144,_unhandled_exception
 199              		.weak	Vector148
 200              		.thumb_set Vector148,_unhandled_exception
 201              		.weak	Vector14C
 202              		.thumb_set Vector14C,_unhandled_exception
 203              		.weak	Vector150
 204              		.thumb_set Vector150,_unhandled_exception
 205              		.weak	Vector154
 206              		.thumb_set Vector154,_unhandled_exception
 207              		.weak	Vector158
 208              		.thumb_set Vector158,_unhandled_exception
 209              		.weak	Vector15C
 210              		.thumb_set Vector15C,_unhandled_exception
 211              		.weak	Vector160
 212              		.thumb_set Vector160,_unhandled_exception
 213              		.weak	Vector164
 214              		.thumb_set Vector164,_unhandled_exception
 215              		.weak	Vector168
 216              		.thumb_set Vector168,_unhandled_exception
 217              		.weak	Vector16C
 218              		.thumb_set Vector16C,_unhandled_exception
 219              		.weak	Vector170
 220              		.thumb_set Vector170,_unhandled_exception
 221              		.weak	Vector174
 222              		.thumb_set Vector174,_unhandled_exception
 223              		.weak	Vector178
 224              		.thumb_set Vector178,_unhandled_exception
 225              		.weak	Vector17C
 226              		.thumb_set Vector17C,_unhandled_exception
 227              		.weak	Vector180
 228              		.thumb_set Vector180,_unhandled_exception
ARM GAS  /tmp/cc0BguNl.s 			page 5


 229              		.weak	Vector184
 230              		.thumb_set Vector184,_unhandled_exception
 231              		.weak	NMIVector
 232              		.thumb_set NMIVector,_unhandled_exception
 233              		.global	_vectors
 234 0002 00BFAFF3 		.section	vectors,"aw",%progbits
 234      0080AFF3 
 234      0080AFF3 
 234      0080
 235              		.align	2
 236              		.type	_vectors, %object
 237              		.size	_vectors, 392
 238              	_vectors:
 239 0000 00000000 		.word	__main_stack_end__
 240 0004 00000000 		.word	ResetHandler
 241 0008 00000000 		.word	NMIVector
 242 000c 00000000 		.word	HardFaultVector
 243 0010 00000000 		.word	MemManageVector
 244 0014 00000000 		.word	BusFaultVector
 245 0018 00000000 		.word	UsageFaultVector
 246 001c 00000000 		.word	Vector1C
 247 0020 00000000 		.word	Vector20
 248 0024 00000000 		.word	Vector24
 249 0028 00000000 		.word	Vector28
 250 002c 00000000 		.word	SVCallVector
 251 0030 00000000 		.word	DebugMonitorVector
 252 0034 00000000 		.word	Vector34
 253 0038 00000000 		.word	PendSVVector
 254 003c 00000000 		.word	SysTickVector
 255 0040 00000000 		.word	Vector40
 256 0044 00000000 		.word	Vector44
 257 0048 00000000 		.word	Vector48
 258 004c 00000000 		.word	Vector4C
 259 0050 00000000 		.word	Vector50
 260 0054 00000000 		.word	Vector54
 261 0058 00000000 		.word	Vector58
 262 005c 00000000 		.word	Vector5C
 263 0060 00000000 		.word	Vector60
 264 0064 00000000 		.word	Vector64
 265 0068 00000000 		.word	Vector68
 266 006c 00000000 		.word	Vector6C
 267 0070 00000000 		.word	Vector70
 268 0074 00000000 		.word	Vector74
 269 0078 00000000 		.word	Vector78
 270 007c 00000000 		.word	Vector7C
 271 0080 00000000 		.word	Vector80
 272 0084 00000000 		.word	Vector84
 273 0088 00000000 		.word	Vector88
 274 008c 00000000 		.word	Vector8C
 275 0090 00000000 		.word	Vector90
 276 0094 00000000 		.word	Vector94
 277 0098 00000000 		.word	Vector98
 278 009c 00000000 		.word	Vector9C
 279 00a0 00000000 		.word	VectorA0
 280 00a4 00000000 		.word	VectorA4
 281 00a8 00000000 		.word	VectorA8
 282 00ac 00000000 		.word	VectorAC
ARM GAS  /tmp/cc0BguNl.s 			page 6


 283 00b0 00000000 		.word	VectorB0
 284 00b4 00000000 		.word	VectorB4
 285 00b8 00000000 		.word	VectorB8
 286 00bc 00000000 		.word	VectorBC
 287 00c0 00000000 		.word	VectorC0
 288 00c4 00000000 		.word	VectorC4
 289 00c8 00000000 		.word	VectorC8
 290 00cc 00000000 		.word	VectorCC
 291 00d0 00000000 		.word	VectorD0
 292 00d4 00000000 		.word	VectorD4
 293 00d8 00000000 		.word	VectorD8
 294 00dc 00000000 		.word	VectorDC
 295 00e0 00000000 		.word	VectorE0
 296 00e4 00000000 		.word	VectorE4
 297 00e8 00000000 		.word	VectorE8
 298 00ec 00000000 		.word	VectorEC
 299 00f0 00000000 		.word	VectorF0
 300 00f4 00000000 		.word	VectorF4
 301 00f8 00000000 		.word	VectorF8
 302 00fc 00000000 		.word	VectorFC
 303 0100 00000000 		.word	Vector100
 304 0104 00000000 		.word	Vector104
 305 0108 00000000 		.word	Vector108
 306 010c 00000000 		.word	Vector10C
 307 0110 00000000 		.word	Vector110
 308 0114 00000000 		.word	Vector114
 309 0118 00000000 		.word	Vector118
 310 011c 00000000 		.word	Vector11C
 311 0120 00000000 		.word	Vector120
 312 0124 00000000 		.word	Vector124
 313 0128 00000000 		.word	Vector128
 314 012c 00000000 		.word	Vector12C
 315 0130 00000000 		.word	Vector130
 316 0134 00000000 		.word	Vector134
 317 0138 00000000 		.word	Vector138
 318 013c 00000000 		.word	Vector13C
 319 0140 00000000 		.word	Vector140
 320 0144 00000000 		.word	Vector144
 321 0148 00000000 		.word	Vector148
 322 014c 00000000 		.word	Vector14C
 323 0150 00000000 		.word	Vector150
 324 0154 00000000 		.word	Vector154
 325 0158 00000000 		.word	Vector158
 326 015c 00000000 		.word	Vector15C
 327 0160 00000000 		.word	Vector160
 328 0164 00000000 		.word	Vector164
 329 0168 00000000 		.word	Vector168
 330 016c 00000000 		.word	Vector16C
 331 0170 00000000 		.word	Vector170
 332 0174 00000000 		.word	Vector174
 333 0178 00000000 		.word	Vector178
 334 017c 00000000 		.word	Vector17C
 335 0180 00000000 		.word	Vector180
 336 0184 00000000 		.word	Vector184
 337              		.text
 338              	.Letext0:
 339              		.file 2 "/home/david/toolchains/arm-psas-eabi/bin/../lib/gcc/arm-psas-eabi/4.7.2/../../../../arm-p
ARM GAS  /tmp/cc0BguNl.s 			page 7


 340              		.section	.debug_info,"",%progbits
 341              	.Ldebug_info0:
 342 0000 E5010000 		.4byte	0x1e5
 343 0004 0200     		.2byte	0x2
 344 0006 00000000 		.4byte	.Ldebug_abbrev0
 345 000a 04       		.byte	0x4
 346 000b 01       		.uleb128 0x1
 347 000c A1010000 		.4byte	.LASF33
 348 0010 01       		.byte	0x1
 349 0011 4E000000 		.4byte	.LASF34
 350 0015 16000000 		.4byte	.LASF35
 351 0019 00000000 		.4byte	.Ldebug_ranges0+0
 352 001d 00000000 		.4byte	0
 353 0021 00000000 		.4byte	0
 354 0025 00000000 		.4byte	.Ldebug_line0
 355 0029 02       		.uleb128 0x2
 356 002a 04       		.byte	0x4
 357 002b 05       		.byte	0x5
 358 002c 696E7400 		.ascii	"int\000"
 359 0030 03       		.uleb128 0x3
 360 0031 04       		.byte	0x4
 361 0032 07       		.byte	0x7
 362 0033 F1000000 		.4byte	.LASF0
 363 0037 03       		.uleb128 0x3
 364 0038 01       		.byte	0x1
 365 0039 06       		.byte	0x6
 366 003a F3010000 		.4byte	.LASF1
 367 003e 03       		.uleb128 0x3
 368 003f 01       		.byte	0x1
 369 0040 08       		.byte	0x8
 370 0041 A6000000 		.4byte	.LASF2
 371 0045 03       		.uleb128 0x3
 372 0046 02       		.byte	0x2
 373 0047 05       		.byte	0x5
 374 0048 CA010000 		.4byte	.LASF3
 375 004c 03       		.uleb128 0x3
 376 004d 02       		.byte	0x2
 377 004e 07       		.byte	0x7
 378 004f C6000000 		.4byte	.LASF4
 379 0053 03       		.uleb128 0x3
 380 0054 04       		.byte	0x4
 381 0055 05       		.byte	0x5
 382 0056 EA010000 		.4byte	.LASF5
 383 005a 04       		.uleb128 0x4
 384 005b E1010000 		.4byte	.LASF11
 385 005f 02       		.byte	0x2
 386 0060 50       		.byte	0x50
 387 0061 65000000 		.4byte	0x65
 388 0065 03       		.uleb128 0x3
 389 0066 04       		.byte	0x4
 390 0067 07       		.byte	0x7
 391 0068 B4000000 		.4byte	.LASF6
 392 006c 03       		.uleb128 0x3
 393 006d 08       		.byte	0x8
 394 006e 05       		.byte	0x5
 395 006f 7D010000 		.4byte	.LASF7
 396 0073 03       		.uleb128 0x3
ARM GAS  /tmp/cc0BguNl.s 			page 8


 397 0074 08       		.byte	0x8
 398 0075 07       		.byte	0x7
 399 0076 09010000 		.4byte	.LASF8
 400 007a 03       		.uleb128 0x3
 401 007b 04       		.byte	0x4
 402 007c 07       		.byte	0x7
 403 007d 55010000 		.4byte	.LASF9
 404 0081 03       		.uleb128 0x3
 405 0082 01       		.byte	0x1
 406 0083 08       		.byte	0x8
 407 0084 8B010000 		.4byte	.LASF10
 408 0088 04       		.uleb128 0x4
 409 0089 09000000 		.4byte	.LASF12
 410 008d 01       		.byte	0x1
 411 008e 24       		.byte	0x24
 412 008f 93000000 		.4byte	0x93
 413 0093 05       		.uleb128 0x5
 414 0094 04       		.byte	0x4
 415 0095 99000000 		.4byte	0x99
 416 0099 06       		.uleb128 0x6
 417 009a 01       		.byte	0x1
 418 009b 07       		.uleb128 0x7
 419 009c 8801     		.2byte	0x188
 420 009e 01       		.byte	0x1
 421 009f 29       		.byte	0x29
 422 00a0 93010000 		.4byte	0x193
 423 00a4 08       		.uleb128 0x8
 424 00a5 8D000000 		.4byte	.LASF13
 425 00a9 01       		.byte	0x1
 426 00aa 2A       		.byte	0x2a
 427 00ab 93010000 		.4byte	0x193
 428 00af 02       		.byte	0x2
 429 00b0 23       		.byte	0x23
 430 00b1 00       		.uleb128 0
 431 00b2 08       		.uleb128 0x8
 432 00b3 D4010000 		.4byte	.LASF14
 433 00b7 01       		.byte	0x1
 434 00b8 2B       		.byte	0x2b
 435 00b9 88000000 		.4byte	0x88
 436 00bd 02       		.byte	0x2
 437 00be 23       		.byte	0x23
 438 00bf 04       		.uleb128 0x4
 439 00c0 08       		.uleb128 0x8
 440 00c1 FE000000 		.4byte	.LASF15
 441 00c5 01       		.byte	0x1
 442 00c6 2C       		.byte	0x2c
 443 00c7 88000000 		.4byte	0x88
 444 00cb 02       		.byte	0x2
 445 00cc 23       		.byte	0x23
 446 00cd 08       		.uleb128 0x8
 447 00ce 08       		.uleb128 0x8
 448 00cf 6C010000 		.4byte	.LASF16
 449 00d3 01       		.byte	0x1
 450 00d4 2D       		.byte	0x2d
 451 00d5 88000000 		.4byte	0x88
 452 00d9 02       		.byte	0x2
 453 00da 23       		.byte	0x23
ARM GAS  /tmp/cc0BguNl.s 			page 9


 454 00db 0C       		.uleb128 0xc
 455 00dc 08       		.uleb128 0x8
 456 00dd 90010000 		.4byte	.LASF17
 457 00e1 01       		.byte	0x1
 458 00e2 2E       		.byte	0x2e
 459 00e3 88000000 		.4byte	0x88
 460 00e7 02       		.byte	0x2
 461 00e8 23       		.byte	0x23
 462 00e9 10       		.uleb128 0x10
 463 00ea 08       		.uleb128 0x8
 464 00eb 20010000 		.4byte	.LASF18
 465 00ef 01       		.byte	0x1
 466 00f0 2F       		.byte	0x2f
 467 00f1 88000000 		.4byte	0x88
 468 00f5 02       		.byte	0x2
 469 00f6 23       		.byte	0x23
 470 00f7 14       		.uleb128 0x14
 471 00f8 08       		.uleb128 0x8
 472 00f9 39010000 		.4byte	.LASF19
 473 00fd 01       		.byte	0x1
 474 00fe 30       		.byte	0x30
 475 00ff 88000000 		.4byte	0x88
 476 0103 02       		.byte	0x2
 477 0104 23       		.byte	0x23
 478 0105 18       		.uleb128 0x18
 479 0106 08       		.uleb128 0x8
 480 0107 D9000000 		.4byte	.LASF20
 481 010b 01       		.byte	0x1
 482 010c 31       		.byte	0x31
 483 010d 88000000 		.4byte	0x88
 484 0111 02       		.byte	0x2
 485 0112 23       		.byte	0x23
 486 0113 1C       		.uleb128 0x1c
 487 0114 08       		.uleb128 0x8
 488 0115 13020000 		.4byte	.LASF21
 489 0119 01       		.byte	0x1
 490 011a 32       		.byte	0x32
 491 011b 88000000 		.4byte	0x88
 492 011f 02       		.byte	0x2
 493 0120 23       		.byte	0x23
 494 0121 20       		.uleb128 0x20
 495 0122 08       		.uleb128 0x8
 496 0123 00000000 		.4byte	.LASF22
 497 0127 01       		.byte	0x1
 498 0128 33       		.byte	0x33
 499 0129 88000000 		.4byte	0x88
 500 012d 02       		.byte	0x2
 501 012e 23       		.byte	0x23
 502 012f 24       		.uleb128 0x24
 503 0130 08       		.uleb128 0x8
 504 0131 30010000 		.4byte	.LASF23
 505 0135 01       		.byte	0x1
 506 0136 34       		.byte	0x34
 507 0137 88000000 		.4byte	0x88
 508 013b 02       		.byte	0x2
 509 013c 23       		.byte	0x23
 510 013d 28       		.uleb128 0x28
ARM GAS  /tmp/cc0BguNl.s 			page 10


 511 013e 08       		.uleb128 0x8
 512 013f 98000000 		.4byte	.LASF24
 513 0143 01       		.byte	0x1
 514 0144 35       		.byte	0x35
 515 0145 88000000 		.4byte	0x88
 516 0149 02       		.byte	0x2
 517 014a 23       		.byte	0x23
 518 014b 2C       		.uleb128 0x2c
 519 014c 08       		.uleb128 0x8
 520 014d FF010000 		.4byte	.LASF25
 521 0151 01       		.byte	0x1
 522 0152 36       		.byte	0x36
 523 0153 88000000 		.4byte	0x88
 524 0157 02       		.byte	0x2
 525 0158 23       		.byte	0x23
 526 0159 30       		.uleb128 0x30
 527 015a 08       		.uleb128 0x8
 528 015b 45000000 		.4byte	.LASF26
 529 015f 01       		.byte	0x1
 530 0160 37       		.byte	0x37
 531 0161 88000000 		.4byte	0x88
 532 0165 02       		.byte	0x2
 533 0166 23       		.byte	0x23
 534 0167 34       		.uleb128 0x34
 535 0168 08       		.uleb128 0x8
 536 0169 5E010000 		.4byte	.LASF27
 537 016d 01       		.byte	0x1
 538 016e 38       		.byte	0x38
 539 016f 88000000 		.4byte	0x88
 540 0173 02       		.byte	0x2
 541 0174 23       		.byte	0x23
 542 0175 38       		.uleb128 0x38
 543 0176 08       		.uleb128 0x8
 544 0177 E2000000 		.4byte	.LASF28
 545 017b 01       		.byte	0x1
 546 017c 39       		.byte	0x39
 547 017d 88000000 		.4byte	0x88
 548 0181 02       		.byte	0x2
 549 0182 23       		.byte	0x23
 550 0183 3C       		.uleb128 0x3c
 551 0184 08       		.uleb128 0x8
 552 0185 C2010000 		.4byte	.LASF29
 553 0189 01       		.byte	0x1
 554 018a 3A       		.byte	0x3a
 555 018b 99010000 		.4byte	0x199
 556 018f 02       		.byte	0x2
 557 0190 23       		.byte	0x23
 558 0191 40       		.uleb128 0x40
 559 0192 00       		.byte	0
 560 0193 05       		.uleb128 0x5
 561 0194 04       		.byte	0x4
 562 0195 5A000000 		.4byte	0x5a
 563 0199 09       		.uleb128 0x9
 564 019a 88000000 		.4byte	0x88
 565 019e A9010000 		.4byte	0x1a9
 566 01a2 0A       		.uleb128 0xa
 567 01a3 7A000000 		.4byte	0x7a
ARM GAS  /tmp/cc0BguNl.s 			page 11


 568 01a7 51       		.byte	0x51
 569 01a8 00       		.byte	0
 570 01a9 04       		.uleb128 0x4
 571 01aa 4B010000 		.4byte	.LASF30
 572 01ae 01       		.byte	0x1
 573 01af 3B       		.byte	0x3b
 574 01b0 9B000000 		.4byte	0x9b
 575 01b4 0B       		.uleb128 0xb
 576 01b5 01       		.byte	0x1
 577 01b6 AD010000 		.4byte	.LASF36
 578 01ba 01       		.byte	0x1
 579 01bb D0       		.byte	0xd0
 580 01bc 01       		.byte	0x1
 581 01bd 00000000 		.4byte	.LFB7
 582 01c1 02000000 		.4byte	.LFE7
 583 01c5 02       		.byte	0x2
 584 01c6 7D       		.byte	0x7d
 585 01c7 00       		.sleb128 0
 586 01c8 01       		.byte	0x1
 587 01c9 0C       		.uleb128 0xc
 588 01ca 1C020000 		.4byte	.LASF31
 589 01ce 01       		.byte	0x1
 590 01cf 3E       		.byte	0x3e
 591 01d0 5A000000 		.4byte	0x5a
 592 01d4 01       		.byte	0x1
 593 01d5 01       		.byte	0x1
 594 01d6 0D       		.uleb128 0xd
 595 01d7 84000000 		.4byte	.LASF32
 596 01db 01       		.byte	0x1
 597 01dc A8       		.byte	0xa8
 598 01dd A9010000 		.4byte	0x1a9
 599 01e1 01       		.byte	0x1
 600 01e2 05       		.byte	0x5
 601 01e3 03       		.byte	0x3
 602 01e4 00000000 		.4byte	_vectors
 603 01e8 00       		.byte	0
 604              		.section	.debug_abbrev,"",%progbits
 605              	.Ldebug_abbrev0:
 606 0000 01       		.uleb128 0x1
 607 0001 11       		.uleb128 0x11
 608 0002 01       		.byte	0x1
 609 0003 25       		.uleb128 0x25
 610 0004 0E       		.uleb128 0xe
 611 0005 13       		.uleb128 0x13
 612 0006 0B       		.uleb128 0xb
 613 0007 03       		.uleb128 0x3
 614 0008 0E       		.uleb128 0xe
 615 0009 1B       		.uleb128 0x1b
 616 000a 0E       		.uleb128 0xe
 617 000b 55       		.uleb128 0x55
 618 000c 06       		.uleb128 0x6
 619 000d 11       		.uleb128 0x11
 620 000e 01       		.uleb128 0x1
 621 000f 52       		.uleb128 0x52
 622 0010 01       		.uleb128 0x1
 623 0011 10       		.uleb128 0x10
 624 0012 06       		.uleb128 0x6
ARM GAS  /tmp/cc0BguNl.s 			page 12


 625 0013 00       		.byte	0
 626 0014 00       		.byte	0
 627 0015 02       		.uleb128 0x2
 628 0016 24       		.uleb128 0x24
 629 0017 00       		.byte	0
 630 0018 0B       		.uleb128 0xb
 631 0019 0B       		.uleb128 0xb
 632 001a 3E       		.uleb128 0x3e
 633 001b 0B       		.uleb128 0xb
 634 001c 03       		.uleb128 0x3
 635 001d 08       		.uleb128 0x8
 636 001e 00       		.byte	0
 637 001f 00       		.byte	0
 638 0020 03       		.uleb128 0x3
 639 0021 24       		.uleb128 0x24
 640 0022 00       		.byte	0
 641 0023 0B       		.uleb128 0xb
 642 0024 0B       		.uleb128 0xb
 643 0025 3E       		.uleb128 0x3e
 644 0026 0B       		.uleb128 0xb
 645 0027 03       		.uleb128 0x3
 646 0028 0E       		.uleb128 0xe
 647 0029 00       		.byte	0
 648 002a 00       		.byte	0
 649 002b 04       		.uleb128 0x4
 650 002c 16       		.uleb128 0x16
 651 002d 00       		.byte	0
 652 002e 03       		.uleb128 0x3
 653 002f 0E       		.uleb128 0xe
 654 0030 3A       		.uleb128 0x3a
 655 0031 0B       		.uleb128 0xb
 656 0032 3B       		.uleb128 0x3b
 657 0033 0B       		.uleb128 0xb
 658 0034 49       		.uleb128 0x49
 659 0035 13       		.uleb128 0x13
 660 0036 00       		.byte	0
 661 0037 00       		.byte	0
 662 0038 05       		.uleb128 0x5
 663 0039 0F       		.uleb128 0xf
 664 003a 00       		.byte	0
 665 003b 0B       		.uleb128 0xb
 666 003c 0B       		.uleb128 0xb
 667 003d 49       		.uleb128 0x49
 668 003e 13       		.uleb128 0x13
 669 003f 00       		.byte	0
 670 0040 00       		.byte	0
 671 0041 06       		.uleb128 0x6
 672 0042 15       		.uleb128 0x15
 673 0043 00       		.byte	0
 674 0044 27       		.uleb128 0x27
 675 0045 0C       		.uleb128 0xc
 676 0046 00       		.byte	0
 677 0047 00       		.byte	0
 678 0048 07       		.uleb128 0x7
 679 0049 13       		.uleb128 0x13
 680 004a 01       		.byte	0x1
 681 004b 0B       		.uleb128 0xb
ARM GAS  /tmp/cc0BguNl.s 			page 13


 682 004c 05       		.uleb128 0x5
 683 004d 3A       		.uleb128 0x3a
 684 004e 0B       		.uleb128 0xb
 685 004f 3B       		.uleb128 0x3b
 686 0050 0B       		.uleb128 0xb
 687 0051 01       		.uleb128 0x1
 688 0052 13       		.uleb128 0x13
 689 0053 00       		.byte	0
 690 0054 00       		.byte	0
 691 0055 08       		.uleb128 0x8
 692 0056 0D       		.uleb128 0xd
 693 0057 00       		.byte	0
 694 0058 03       		.uleb128 0x3
 695 0059 0E       		.uleb128 0xe
 696 005a 3A       		.uleb128 0x3a
 697 005b 0B       		.uleb128 0xb
 698 005c 3B       		.uleb128 0x3b
 699 005d 0B       		.uleb128 0xb
 700 005e 49       		.uleb128 0x49
 701 005f 13       		.uleb128 0x13
 702 0060 38       		.uleb128 0x38
 703 0061 0A       		.uleb128 0xa
 704 0062 00       		.byte	0
 705 0063 00       		.byte	0
 706 0064 09       		.uleb128 0x9
 707 0065 01       		.uleb128 0x1
 708 0066 01       		.byte	0x1
 709 0067 49       		.uleb128 0x49
 710 0068 13       		.uleb128 0x13
 711 0069 01       		.uleb128 0x1
 712 006a 13       		.uleb128 0x13
 713 006b 00       		.byte	0
 714 006c 00       		.byte	0
 715 006d 0A       		.uleb128 0xa
 716 006e 21       		.uleb128 0x21
 717 006f 00       		.byte	0
 718 0070 49       		.uleb128 0x49
 719 0071 13       		.uleb128 0x13
 720 0072 2F       		.uleb128 0x2f
 721 0073 0B       		.uleb128 0xb
 722 0074 00       		.byte	0
 723 0075 00       		.byte	0
 724 0076 0B       		.uleb128 0xb
 725 0077 2E       		.uleb128 0x2e
 726 0078 00       		.byte	0
 727 0079 3F       		.uleb128 0x3f
 728 007a 0C       		.uleb128 0xc
 729 007b 03       		.uleb128 0x3
 730 007c 0E       		.uleb128 0xe
 731 007d 3A       		.uleb128 0x3a
 732 007e 0B       		.uleb128 0xb
 733 007f 3B       		.uleb128 0x3b
 734 0080 0B       		.uleb128 0xb
 735 0081 27       		.uleb128 0x27
 736 0082 0C       		.uleb128 0xc
 737 0083 11       		.uleb128 0x11
 738 0084 01       		.uleb128 0x1
ARM GAS  /tmp/cc0BguNl.s 			page 14


 739 0085 12       		.uleb128 0x12
 740 0086 01       		.uleb128 0x1
 741 0087 40       		.uleb128 0x40
 742 0088 0A       		.uleb128 0xa
 743 0089 9742     		.uleb128 0x2117
 744 008b 0C       		.uleb128 0xc
 745 008c 00       		.byte	0
 746 008d 00       		.byte	0
 747 008e 0C       		.uleb128 0xc
 748 008f 34       		.uleb128 0x34
 749 0090 00       		.byte	0
 750 0091 03       		.uleb128 0x3
 751 0092 0E       		.uleb128 0xe
 752 0093 3A       		.uleb128 0x3a
 753 0094 0B       		.uleb128 0xb
 754 0095 3B       		.uleb128 0x3b
 755 0096 0B       		.uleb128 0xb
 756 0097 49       		.uleb128 0x49
 757 0098 13       		.uleb128 0x13
 758 0099 3F       		.uleb128 0x3f
 759 009a 0C       		.uleb128 0xc
 760 009b 3C       		.uleb128 0x3c
 761 009c 0C       		.uleb128 0xc
 762 009d 00       		.byte	0
 763 009e 00       		.byte	0
 764 009f 0D       		.uleb128 0xd
 765 00a0 34       		.uleb128 0x34
 766 00a1 00       		.byte	0
 767 00a2 03       		.uleb128 0x3
 768 00a3 0E       		.uleb128 0xe
 769 00a4 3A       		.uleb128 0x3a
 770 00a5 0B       		.uleb128 0xb
 771 00a6 3B       		.uleb128 0x3b
 772 00a7 0B       		.uleb128 0xb
 773 00a8 49       		.uleb128 0x49
 774 00a9 13       		.uleb128 0x13
 775 00aa 3F       		.uleb128 0x3f
 776 00ab 0C       		.uleb128 0xc
 777 00ac 02       		.uleb128 0x2
 778 00ad 0A       		.uleb128 0xa
 779 00ae 00       		.byte	0
 780 00af 00       		.byte	0
 781 00b0 00       		.byte	0
 782              		.section	.debug_aranges,"",%progbits
 783 0000 1C000000 		.4byte	0x1c
 784 0004 0200     		.2byte	0x2
 785 0006 00000000 		.4byte	.Ldebug_info0
 786 000a 04       		.byte	0x4
 787 000b 00       		.byte	0
 788 000c 0000     		.2byte	0
 789 000e 0000     		.2byte	0
 790 0010 00000000 		.4byte	.LFB7
 791 0014 02000000 		.4byte	.LFE7-.LFB7
 792 0018 00000000 		.4byte	0
 793 001c 00000000 		.4byte	0
 794              		.section	.debug_ranges,"",%progbits
 795              	.Ldebug_ranges0:
ARM GAS  /tmp/cc0BguNl.s 			page 15


 796 0000 00000000 		.4byte	.LFB7
 797 0004 02000000 		.4byte	.LFE7
 798 0008 00000000 		.4byte	0
 799 000c 00000000 		.4byte	0
 800              		.section	.debug_line,"",%progbits
 801              	.Ldebug_line0:
 802 0000 D8000000 		.section	.debug_str,"MS",%progbits,1
 802      0200C200 
 802      00000201 
 802      FB0E0D00 
 802      01010101 
 803              	.LASF22:
 804 0000 76656374 		.ascii	"vector24\000"
 804      6F723234 
 804      00
 805              	.LASF12:
 806 0009 6972715F 		.ascii	"irq_vector_t\000"
 806      76656374 
 806      6F725F74 
 806      00
 807              	.LASF35:
 808 0016 2F686F6D 		.ascii	"/home/david/Projects/stm32/src/pressure_sensor\000"
 808      652F6461 
 808      7669642F 
 808      50726F6A 
 808      65637473 
 809              	.LASF26:
 810 0045 76656374 		.ascii	"vector34\000"
 810      6F723334 
 810      00
 811              	.LASF34:
 812 004e 2E2E2F2E 		.ascii	"../../ChibiOS/os/ports/GCC/ARMCMx/STM32F4xx/vectors"
 812      2E2F4368 
 812      6962694F 
 812      532F6F73 
 812      2F706F72 
 813 0081 2E6300   		.ascii	".c\000"
 814              	.LASF32:
 815 0084 5F766563 		.ascii	"_vectors\000"
 815      746F7273 
 815      00
 816              	.LASF13:
 817 008d 696E6974 		.ascii	"init_stack\000"
 817      5F737461 
 817      636B00
 818              	.LASF24:
 819 0098 73766361 		.ascii	"svcall_vector\000"
 819      6C6C5F76 
 819      6563746F 
 819      7200
 820              	.LASF2:
 821 00a6 756E7369 		.ascii	"unsigned char\000"
 821      676E6564 
 821      20636861 
 821      7200
 822              	.LASF6:
 823 00b4 6C6F6E67 		.ascii	"long unsigned int\000"
ARM GAS  /tmp/cc0BguNl.s 			page 16


 823      20756E73 
 823      69676E65 
 823      6420696E 
 823      7400
 824              	.LASF4:
 825 00c6 73686F72 		.ascii	"short unsigned int\000"
 825      7420756E 
 825      7369676E 
 825      65642069 
 825      6E7400
 826              	.LASF20:
 827 00d9 76656374 		.ascii	"vector1c\000"
 827      6F723163 
 827      00
 828              	.LASF28:
 829 00e2 73797374 		.ascii	"systick_vector\000"
 829      69636B5F 
 829      76656374 
 829      6F7200
 830              	.LASF0:
 831 00f1 756E7369 		.ascii	"unsigned int\000"
 831      676E6564 
 831      20696E74 
 831      00
 832              	.LASF15:
 833 00fe 6E6D695F 		.ascii	"nmi_vector\000"
 833      76656374 
 833      6F7200
 834              	.LASF8:
 835 0109 6C6F6E67 		.ascii	"long long unsigned int\000"
 835      206C6F6E 
 835      6720756E 
 835      7369676E 
 835      65642069 
 836              	.LASF18:
 837 0120 62757366 		.ascii	"busfault_vector\000"
 837      61756C74 
 837      5F766563 
 837      746F7200 
 838              	.LASF23:
 839 0130 76656374 		.ascii	"vector28\000"
 839      6F723238 
 839      00
 840              	.LASF19:
 841 0139 75736167 		.ascii	"usagefault_vector\000"
 841      65666175 
 841      6C745F76 
 841      6563746F 
 841      7200
 842              	.LASF30:
 843 014b 76656374 		.ascii	"vectors_t\000"
 843      6F72735F 
 843      7400
 844              	.LASF9:
 845 0155 73697A65 		.ascii	"sizetype\000"
 845      74797065 
 845      00
ARM GAS  /tmp/cc0BguNl.s 			page 17


 846              	.LASF27:
 847 015e 70656E64 		.ascii	"pendsv_vector\000"
 847      73765F76 
 847      6563746F 
 847      7200
 848              	.LASF16:
 849 016c 68617264 		.ascii	"hardfault_vector\000"
 849      6661756C 
 849      745F7665 
 849      63746F72 
 849      00
 850              	.LASF7:
 851 017d 6C6F6E67 		.ascii	"long long int\000"
 851      206C6F6E 
 851      6720696E 
 851      7400
 852              	.LASF10:
 853 018b 63686172 		.ascii	"char\000"
 853      00
 854              	.LASF17:
 855 0190 6D656D6D 		.ascii	"memmanage_vector\000"
 855      616E6167 
 855      655F7665 
 855      63746F72 
 855      00
 856              	.LASF33:
 857 01a1 474E5520 		.ascii	"GNU C 4.7.2\000"
 857      4320342E 
 857      372E3200 
 858              	.LASF36:
 859 01ad 5F756E68 		.ascii	"_unhandled_exception\000"
 859      616E646C 
 859      65645F65 
 859      78636570 
 859      74696F6E 
 860              	.LASF29:
 861 01c2 76656374 		.ascii	"vectors\000"
 861      6F727300 
 862              	.LASF3:
 863 01ca 73686F72 		.ascii	"short int\000"
 863      7420696E 
 863      7400
 864              	.LASF14:
 865 01d4 72657365 		.ascii	"reset_vector\000"
 865      745F7665 
 865      63746F72 
 865      00
 866              	.LASF11:
 867 01e1 75696E74 		.ascii	"uint32_t\000"
 867      33325F74 
 867      00
 868              	.LASF5:
 869 01ea 6C6F6E67 		.ascii	"long int\000"
 869      20696E74 
 869      00
 870              	.LASF1:
 871 01f3 7369676E 		.ascii	"signed char\000"
ARM GAS  /tmp/cc0BguNl.s 			page 18


 871      65642063 
 871      68617200 
 872              	.LASF25:
 873 01ff 64656275 		.ascii	"debugmonitor_vector\000"
 873      676D6F6E 
 873      69746F72 
 873      5F766563 
 873      746F7200 
 874              	.LASF21:
 875 0213 76656374 		.ascii	"vector20\000"
 875      6F723230 
 875      00
 876              	.LASF31:
 877 021c 5F5F6D61 		.ascii	"__main_stack_end__\000"
 877      696E5F73 
 877      7461636B 
 877      5F656E64 
 877      5F5F00
 878              		.ident	"GCC: (crosstool-NG 1.17.0 - PSAS ST32F4 GFE) 4.7.2"
ARM GAS  /tmp/cc0BguNl.s 			page 19


DEFINED SYMBOLS
                            *ABS*:0000000000000000 vectors.c
     /tmp/cc0BguNl.s:21     .text._unhandled_exception:0000000000000000 $t
     /tmp/cc0BguNl.s:27     .text._unhandled_exception:0000000000000000 _unhandled_exception
     /tmp/cc0BguNl.s:27     .text._unhandled_exception:0000000000000000 HardFaultVector
     /tmp/cc0BguNl.s:27     .text._unhandled_exception:0000000000000000 MemManageVector
     /tmp/cc0BguNl.s:27     .text._unhandled_exception:0000000000000000 BusFaultVector
     /tmp/cc0BguNl.s:27     .text._unhandled_exception:0000000000000000 UsageFaultVector
     /tmp/cc0BguNl.s:27     .text._unhandled_exception:0000000000000000 Vector1C
     /tmp/cc0BguNl.s:27     .text._unhandled_exception:0000000000000000 Vector20
     /tmp/cc0BguNl.s:27     .text._unhandled_exception:0000000000000000 Vector24
     /tmp/cc0BguNl.s:27     .text._unhandled_exception:0000000000000000 Vector28
     /tmp/cc0BguNl.s:27     .text._unhandled_exception:0000000000000000 SVCallVector
     /tmp/cc0BguNl.s:27     .text._unhandled_exception:0000000000000000 DebugMonitorVector
     /tmp/cc0BguNl.s:27     .text._unhandled_exception:0000000000000000 Vector34
     /tmp/cc0BguNl.s:27     .text._unhandled_exception:0000000000000000 PendSVVector
     /tmp/cc0BguNl.s:27     .text._unhandled_exception:0000000000000000 SysTickVector
     /tmp/cc0BguNl.s:27     .text._unhandled_exception:0000000000000000 Vector40
     /tmp/cc0BguNl.s:27     .text._unhandled_exception:0000000000000000 Vector44
     /tmp/cc0BguNl.s:27     .text._unhandled_exception:0000000000000000 Vector48
     /tmp/cc0BguNl.s:27     .text._unhandled_exception:0000000000000000 Vector4C
     /tmp/cc0BguNl.s:27     .text._unhandled_exception:0000000000000000 Vector50
     /tmp/cc0BguNl.s:27     .text._unhandled_exception:0000000000000000 Vector54
     /tmp/cc0BguNl.s:27     .text._unhandled_exception:0000000000000000 Vector58
     /tmp/cc0BguNl.s:27     .text._unhandled_exception:0000000000000000 Vector5C
     /tmp/cc0BguNl.s:27     .text._unhandled_exception:0000000000000000 Vector60
     /tmp/cc0BguNl.s:27     .text._unhandled_exception:0000000000000000 Vector64
     /tmp/cc0BguNl.s:27     .text._unhandled_exception:0000000000000000 Vector68
     /tmp/cc0BguNl.s:27     .text._unhandled_exception:0000000000000000 Vector6C
     /tmp/cc0BguNl.s:27     .text._unhandled_exception:0000000000000000 Vector70
     /tmp/cc0BguNl.s:27     .text._unhandled_exception:0000000000000000 Vector74
     /tmp/cc0BguNl.s:27     .text._unhandled_exception:0000000000000000 Vector78
     /tmp/cc0BguNl.s:27     .text._unhandled_exception:0000000000000000 Vector7C
     /tmp/cc0BguNl.s:27     .text._unhandled_exception:0000000000000000 Vector80
     /tmp/cc0BguNl.s:27     .text._unhandled_exception:0000000000000000 Vector84
     /tmp/cc0BguNl.s:27     .text._unhandled_exception:0000000000000000 Vector88
     /tmp/cc0BguNl.s:27     .text._unhandled_exception:0000000000000000 Vector8C
     /tmp/cc0BguNl.s:27     .text._unhandled_exception:0000000000000000 Vector90
     /tmp/cc0BguNl.s:27     .text._unhandled_exception:0000000000000000 Vector94
     /tmp/cc0BguNl.s:27     .text._unhandled_exception:0000000000000000 Vector98
     /tmp/cc0BguNl.s:27     .text._unhandled_exception:0000000000000000 Vector9C
     /tmp/cc0BguNl.s:27     .text._unhandled_exception:0000000000000000 VectorA0
     /tmp/cc0BguNl.s:27     .text._unhandled_exception:0000000000000000 VectorA4
     /tmp/cc0BguNl.s:27     .text._unhandled_exception:0000000000000000 VectorA8
     /tmp/cc0BguNl.s:27     .text._unhandled_exception:0000000000000000 VectorAC
     /tmp/cc0BguNl.s:27     .text._unhandled_exception:0000000000000000 VectorB0
     /tmp/cc0BguNl.s:27     .text._unhandled_exception:0000000000000000 VectorB4
     /tmp/cc0BguNl.s:27     .text._unhandled_exception:0000000000000000 VectorB8
     /tmp/cc0BguNl.s:27     .text._unhandled_exception:0000000000000000 VectorBC
     /tmp/cc0BguNl.s:27     .text._unhandled_exception:0000000000000000 VectorC0
     /tmp/cc0BguNl.s:27     .text._unhandled_exception:0000000000000000 VectorC4
     /tmp/cc0BguNl.s:27     .text._unhandled_exception:0000000000000000 VectorC8
     /tmp/cc0BguNl.s:27     .text._unhandled_exception:0000000000000000 VectorCC
     /tmp/cc0BguNl.s:27     .text._unhandled_exception:0000000000000000 VectorD0
     /tmp/cc0BguNl.s:27     .text._unhandled_exception:0000000000000000 VectorD4
     /tmp/cc0BguNl.s:27     .text._unhandled_exception:0000000000000000 VectorD8
     /tmp/cc0BguNl.s:27     .text._unhandled_exception:0000000000000000 VectorDC
ARM GAS  /tmp/cc0BguNl.s 			page 20


     /tmp/cc0BguNl.s:27     .text._unhandled_exception:0000000000000000 VectorE0
     /tmp/cc0BguNl.s:27     .text._unhandled_exception:0000000000000000 VectorE4
     /tmp/cc0BguNl.s:27     .text._unhandled_exception:0000000000000000 VectorE8
     /tmp/cc0BguNl.s:27     .text._unhandled_exception:0000000000000000 VectorEC
     /tmp/cc0BguNl.s:27     .text._unhandled_exception:0000000000000000 VectorF0
     /tmp/cc0BguNl.s:27     .text._unhandled_exception:0000000000000000 VectorF4
     /tmp/cc0BguNl.s:27     .text._unhandled_exception:0000000000000000 VectorF8
     /tmp/cc0BguNl.s:27     .text._unhandled_exception:0000000000000000 VectorFC
     /tmp/cc0BguNl.s:27     .text._unhandled_exception:0000000000000000 Vector100
     /tmp/cc0BguNl.s:27     .text._unhandled_exception:0000000000000000 Vector104
     /tmp/cc0BguNl.s:27     .text._unhandled_exception:0000000000000000 Vector108
     /tmp/cc0BguNl.s:27     .text._unhandled_exception:0000000000000000 Vector10C
     /tmp/cc0BguNl.s:27     .text._unhandled_exception:0000000000000000 Vector110
     /tmp/cc0BguNl.s:27     .text._unhandled_exception:0000000000000000 Vector114
     /tmp/cc0BguNl.s:27     .text._unhandled_exception:0000000000000000 Vector118
     /tmp/cc0BguNl.s:27     .text._unhandled_exception:0000000000000000 Vector11C
     /tmp/cc0BguNl.s:27     .text._unhandled_exception:0000000000000000 Vector120
     /tmp/cc0BguNl.s:27     .text._unhandled_exception:0000000000000000 Vector124
     /tmp/cc0BguNl.s:27     .text._unhandled_exception:0000000000000000 Vector128
     /tmp/cc0BguNl.s:27     .text._unhandled_exception:0000000000000000 Vector12C
     /tmp/cc0BguNl.s:27     .text._unhandled_exception:0000000000000000 Vector130
     /tmp/cc0BguNl.s:27     .text._unhandled_exception:0000000000000000 Vector134
     /tmp/cc0BguNl.s:27     .text._unhandled_exception:0000000000000000 Vector138
     /tmp/cc0BguNl.s:27     .text._unhandled_exception:0000000000000000 Vector13C
     /tmp/cc0BguNl.s:27     .text._unhandled_exception:0000000000000000 Vector140
     /tmp/cc0BguNl.s:27     .text._unhandled_exception:0000000000000000 Vector144
     /tmp/cc0BguNl.s:27     .text._unhandled_exception:0000000000000000 Vector148
     /tmp/cc0BguNl.s:27     .text._unhandled_exception:0000000000000000 Vector14C
     /tmp/cc0BguNl.s:27     .text._unhandled_exception:0000000000000000 Vector150
     /tmp/cc0BguNl.s:27     .text._unhandled_exception:0000000000000000 Vector154
     /tmp/cc0BguNl.s:27     .text._unhandled_exception:0000000000000000 Vector158
     /tmp/cc0BguNl.s:27     .text._unhandled_exception:0000000000000000 Vector15C
     /tmp/cc0BguNl.s:27     .text._unhandled_exception:0000000000000000 Vector160
     /tmp/cc0BguNl.s:27     .text._unhandled_exception:0000000000000000 Vector164
     /tmp/cc0BguNl.s:27     .text._unhandled_exception:0000000000000000 Vector168
     /tmp/cc0BguNl.s:27     .text._unhandled_exception:0000000000000000 Vector16C
     /tmp/cc0BguNl.s:27     .text._unhandled_exception:0000000000000000 Vector170
     /tmp/cc0BguNl.s:27     .text._unhandled_exception:0000000000000000 Vector174
     /tmp/cc0BguNl.s:27     .text._unhandled_exception:0000000000000000 Vector178
     /tmp/cc0BguNl.s:27     .text._unhandled_exception:0000000000000000 Vector17C
     /tmp/cc0BguNl.s:27     .text._unhandled_exception:0000000000000000 Vector180
     /tmp/cc0BguNl.s:27     .text._unhandled_exception:0000000000000000 Vector184
     /tmp/cc0BguNl.s:27     .text._unhandled_exception:0000000000000000 NMIVector
     /tmp/cc0BguNl.s:238    vectors:0000000000000000 _vectors
     /tmp/cc0BguNl.s:235    vectors:0000000000000000 $d
                     .debug_frame:0000000000000010 $d

UNDEFINED SYMBOLS
__main_stack_end__
ResetHandler
